[13:08:01] Starting Log file for session: 20201029-1381

From tinyG: [13:08:02] {"r":{"fv":0.98,"fb":86.03,"hp":3,"hv":0,"id":"0213-0215-0515","msg":"SYSTEM READY"},"f":[1,0,1]}

From tinyG: [13:08:02] tinyg [mm] ok> 

From tinyG: [13:08:02] {"er":{"fb":86.03,"st":9,"msg":"File not open - write_persistent"}}

From tinyG: [13:08:02] [ej]  enable json mode            0 [0=text,1=JSON]

From tinyG: [13:08:02] tinyg [mm] ok> 

Out > [13:08:05] $di1fn=2

Out > [13:08:05] g90 g0 a-25

Out > [13:08:05] g90 g0 a-20

From tinyG: [13:08:05] {"er":{"fb":86.03,"st":9,"msg":"File not open - write_persistent"}}

From tinyG: [13:08:05] [di1fn] input function          2 [0=none,1=limit,2=interlock,3=shutdown]

From tinyG: [13:08:05] tinyg [mm] ok> 

From tinyG: [13:08:05] tinyg [mm] ok> 

From tinyG: [13:08:05] tinyg [mm] ok> 

From tinyG: [13:08:05] line:0,posx:0.000,posy:0.000,posz:0.000,posa:-20.033,feed:250.00,vel:379.94,unit:1,coor:1,dist:0,admo:1,frmo:1,momo:0,stat:5

Out > [13:08:05] g90 g0 a-25

From tinyG: [13:08:05] tinyg [mm] ok> 

From tinyG: [13:08:06] posa:-24.491,vel:2099.76,stat:5

From tinyG: [13:08:06] posa:-25.000,vel:0.00,stat:3

Out > [13:08:06] g91 g1 a30 f250

Out > [13:08:06] !%
~

From tinyG: [13:08:06] tinyg [mm] ok> 

