[19:24:35] Starting Log file for session: 2020724-192435

From tinyG: [19:24:38] {r:{fv:0.98,fb:86.03,hp:3,hv:0,id:"0213-0215-0515",msg:"SYSTEM READY"},f:[1,0,1]}

From tinyG: [19:24:38] tinyg [mm] ok> 

From tinyG: [19:24:38] [ej]  enable json mode            0 [0=text,1=JSON]

From tinyG: [19:24:38] tinyg [mm] ok> 

Out > [19:24:42] G90 G0 Z-12

Out > [19:24:42] G28.2 A0

From tinyG: [19:24:42] tinyg [mm] ok> 

From tinyG: [19:24:42] tinyg [mm] ok> 

From tinyG: [19:24:42] line:0,posx:0.000,posy:0.000,posz:-12.000,posa:-2.740,feed:5000.00,vel:5000.00,unit:1,coor:0,dist:1,admo:1,frmo:1,momo:1,stat:9

Out > [19:24:42] G91 G0 A30

From tinyG: [19:24:42] posa:-9.585,feed:5000.00,vel:2843.43,dist:1,momo:1,stat:9

From tinyG: [19:24:42] posa:4.669,vel:0.00

From tinyG: [19:24:43] posa:-12.079,vel:4943.52

From tinyG: [19:24:43] posa:-14.559,feed:500.00,vel:500.00

From tinyG: [19:24:43] posa:-12.472

From tinyG: [19:24:43] posa:-10.386

From tinyG: [19:24:44] posa:-8.299

From tinyG: [19:24:44] posa:-6.212

From tinyG: [19:24:44] posa:-4.125

From tinyG: [19:24:44] posa:-2.051

From tinyG: [19:24:45] posa:-0.020,vel:78.56

From tinyG: [19:24:45] tinyg [mm] ok> 

From tinyG: [19:24:45] posa:21.232,feed:250.00,vel:10861.89,momo:0,stat:5

From tinyG: [19:24:45] posa:30.000,vel:0.00,stat:3

Out > [19:24:45] $di1fn=2

Out > [19:24:45] G91 G0 A1

Out > [19:24:45] G91 G1 A-30 F250

From tinyG: [19:24:45] [di1fn] input function          2 [0=none,1=limit,2=interlock,3=shutdown]

From tinyG: [19:24:45] tinyg [mm] ok> 

From tinyG: [19:24:45] tinyg [mm] ok> 

From tinyG: [19:24:45] tinyg [mm] ok> 

From tinyG: [19:24:45] posa:30.415,vel:250.00,momo:1,stat:5

From tinyG: [19:24:46] posa:29.371

From tinyG: [19:24:46] posa:28.334

From tinyG: [19:24:46] posa:27.284

From tinyG: [19:24:46] posa:26.240

From tinyG: [19:24:47] posa:25.196

From tinyG: [19:24:47] posa:24.152

From tinyG: [19:24:47] posa:23.108

From tinyG: [19:24:47] posa:22.064

From tinyG: [19:24:48] posa:21.021

From tinyG: [19:24:48] posa:19.977

From tinyG: [19:24:48] posa:19.136,vel:0.00,stat:6

From tinyG: [19:24:48] tinyg [mm] ok> 

From tinyG: [19:24:48] stat:3

From tinyG: [19:24:48] [di1fn] input function          0 [0=none,1=limit,2=interlock,3=shutdown]

From tinyG: [19:24:48] tinyg [mm] ok> 

Out > [19:24:48] $posa

From tinyG: [19:24:48] A position:         19.136 deg

From tinyG: [19:24:48] tinyg [mm] ok> 

Out > [19:24:48] G91 G0 A0

Out > [19:24:48] G90 G0 A9.568
From tinyG: [19:24:48] tinyg [mm] ok> 

From tinyG: [19:24:49] line:0,posx:0.000,posy:0.000,posz:-12.000,posa:19.136,feed:250.00,vel:0.00,unit:1,coor:0,dist:1,admo:1,frmo:1,momo:0,stat:3

From tinyG: [19:25:02] momo:0,stat:3

From tinyG: [19:26:43] stat:3

