[13:13:21] Starting Log file for session: 20201030-131321

From tinyG: [13:13:22] {"r":{"fv":0.98,"fb":86.03,"hp":3,"hv":0,"id":"0213-0215-0515","msg":"SYSTEM READY"},"f":[1,0,1]}

From tinyG: [13:13:22] tinyg [mm] ok> 

From tinyG: [13:13:22] [ej]  enable json mode            0 [0=text,1=JSON]

From tinyG: [13:13:22] tinyg [mm] ok> 

From tinyG: [13:13:22] {"r":{"fv":0.98,"fb":86.03,"hp":3,"hv":0,"id":"0213-0215-0515","msg":"SYSTEM READY"},"f":[1,0,1]}

From tinyG: [13:13:22] tinyg [mm] ok> 

From tinyG: [13:13:22] [ej]  enable json mode            0 [0=text,1=JSON]

From tinyG: [13:13:22] tinyg [mm] ok> 

Out > [13:13:26] g28.2a0

Out > [13:13:26] $di1fn=0

Out > [13:13:29] g90 g0 a30

From tinyG: [13:13:29] tinyg [mm] ok> 

From tinyG: [13:13:29] posa:-5.646,feed:2000.00,vel:2000.00,coor:0,dist:1,momo:1,stat:9

From tinyG: [13:13:29] posa:-10.000,vel:0.03

From tinyG: [13:13:29] posa:-4.325,vel:2000.00

From tinyG: [13:13:29] posa:1.249,vel:0.03

From tinyG: [13:13:29] vel:0.00

From tinyG: [13:13:29] posa:-4.397,vel:2000.00

From tinyG: [13:13:29] posa:-8.751,vel:0.03

From tinyG: [13:13:29] posa:-7.804,feed:300.00,vel:300.00

From tinyG: [13:13:29] posa:-6.799

From tinyG: [13:13:29] posa:-5.794

From tinyG: [13:13:29] posa:-4.797

From tinyG: [13:13:29] posa:-3.792

From tinyG: [13:13:29] posa:-2.795

From tinyG: [13:13:29] posa:-1.790

From tinyG: [13:13:29] posa:-0.793

From tinyG: [13:13:29] [di1fn] input function          0 [0=none,1=limit,2=interlock,3=shutdown]

From tinyG: [13:13:29] tinyg [mm] ok> 

From tinyG: [13:13:29] tinyg [mm] ok> 

Out > [13:13:29] g90 g0 a-20 z-9

From tinyG: [13:13:29] tinyg [mm] ok> 

From tinyG: [13:13:29] posa:0.000,vel:0.00,stat:5

From tinyG: [13:13:29] posa:21.384,feed:250.00,vel:9671.33,coor:1,dist:0,momo:0

Out > [13:13:29] g90 g0 a30

From tinyG: [13:13:29] tinyg [mm] ok> 

From tinyG: [13:13:29] posz:-0.593,posa:26.704,vel:4221.90

From tinyG: [13:13:29] posz:-3.245,posa:11.974,vel:4515.87

From tinyG: [13:13:30] posz:-5.922,posa:-2.902

From tinyG: [13:13:30] posz:-8.567,posa:-17.594,vel:4048.41

From tinyG: [13:13:30] posz:-9.000,posa:-14.207,vel:8705.25

From tinyG: [13:13:30] posa:18.977,vel:9995.55

From tinyG: [13:13:30] posa:30.000,vel:0.00,stat:3

Out > [13:13:30] g90 g0 z0

Out > [13:13:30] g90 g0 a-30

From tinyG: [13:13:30] tinyg [mm] ok> 

From tinyG: [13:13:31] tinyg [mm] ok> 

From tinyG: [13:13:31] posz:-7.182,vel:800.00,stat:5

From tinyG: [13:13:31] posz:-4.506

From tinyG: [13:13:31] posz:-1.829

From tinyG: [13:13:31] posz:0.000,posa:29.909,vel:418.28

From tinyG: [13:13:32] posa:4.921,vel:10000.00

From tinyG: [13:13:32] posa:-27.370,vel:6148.01

From tinyG: [13:13:32] posa:-30.000,vel:0.00,stat:3

Out > [13:13:32] g90 g0 a20 z-9

Out > [13:13:32] g90 g0 a-30

From tinyG: [13:13:32] tinyg [mm] ok> 

From tinyG: [13:13:32] tinyg [mm] ok> 

From tinyG: [13:13:32] posz:-1.819,posa:-19.896,vel:4515.87,stat:5

From tinyG: [13:13:32] posz:-4.496,posa:-5.020

From tinyG: [13:13:33] posz:-7.154,posa:9.745

From tinyG: [13:13:33] posz:-9.000,posa:19.658,vel:1190.04

From tinyG: [13:13:33] posa:-6.261,vel:10000.00

From tinyG: [13:13:33] posa:-29.994,vel:107.13

From tinyG: [13:13:33] posa:-30.000,vel:0.00,stat:3

Out > [13:13:33] g90 g0 z0

Out > [13:13:33] $di1fn=2

Out > [13:13:33] g90 g0 a-15

From tinyG: [13:13:33] tinyg [mm] ok> 

From tinyG: [13:13:33] {"er":{"fb":86.03,"st":9,"msg":"File not open - write_persistent"}}

From tinyG: [13:13:33] [di1fn] input function          2 [0=none,1=limit,2=interlock,3=shutdown]

From tinyG: [13:13:33] tinyg [mm] ok> 

From tinyG: [13:13:33] tinyg [mm] ok> 

From tinyG: [13:13:34] posz:-7.182,vel:800.00,stat:5

From tinyG: [13:13:34] posz:-4.506

From tinyG: [13:13:34] posz:-1.809

From tinyG: [13:13:34] posz:0.000,posa:-29.892,vel:503.18

From tinyG: [13:13:35] posa:-15.041,vel:349.30

From tinyG: [13:13:35] posa:-15.000,vel:0.00,stat:3

Out > [13:13:35] g90 g0 a-10

Out > [13:13:35] g90 g0 a-15

From tinyG: [13:13:35] tinyg [mm] ok> 

From tinyG: [13:13:35] tinyg [mm] ok> 

From tinyG: [13:13:35] posa:-11.115,vel:2609.07,stat:5

From tinyG: [13:13:35] posa:-15.000,vel:0.00,stat:3

Out > [13:13:35] g91 g1 a30 f250

Out > [13:13:35] g90 g0 z-5

From tinyG: [13:13:35] tinyg [mm] ok> 

From tinyG: [13:13:35] tinyg [mm] ok> 

From tinyG: [13:13:35] posa:-14.209,vel:250.00,dist:1,momo:1,stat:5

From tinyG: [13:13:36] posa:-13.365

From tinyG: [13:13:36] posa:-12.528

From tinyG: [13:13:36] posa:-11.697

From tinyG: [13:13:36] posa:-10.859

From tinyG: [13:13:36] posa:-10.028

From tinyG: [13:13:37] posa:-9.191

From tinyG: [13:13:37] posa:-8.347

From tinyG: [13:13:37] posa:-7.509

From tinyG: [13:13:37] posa:-6.678

From tinyG: [13:13:37] posa:-5.841

From tinyG: [13:13:38] posa:-4.997

From tinyG: [13:13:38] posa:-4.160

From tinyG: [13:13:38] posa:-3.329

From tinyG: [13:13:38] posa:-2.492

From tinyG: [13:13:39] posa:-1.660

From tinyG: [13:13:39] posa:-0.823

From tinyG: [13:13:39] posa:-0.032,vel:1.78,stat:6

From tinyG: [13:13:39] vel:0.00

From tinyG: [13:13:39] tinyg [mm] ok> 

From tinyG: [13:13:39] dist:0,momo:0,stat:3

From tinyG: [13:13:39] [di1fn] input function          0 [0=none,1=limit,2=interlock,3=shutdown]

From tinyG: [13:13:39] tinyg [mm] ok> 

From tinyG: [13:13:39] A position:         -0.032 deg

From tinyG: [13:13:39] tinyg [mm] ok> 

Out > [13:13:39] g90 g0 z1

Out > [13:13:39] g90 g0 z0

From tinyG: [13:13:39] tinyg [mm] ok> 

From tinyG: [13:13:39] tinyg [mm] ok> 

From tinyG: [13:13:39] posz:0.990,vel:101.13,stat:5

From tinyG: [13:13:39] posz:0.000,vel:6.26

From tinyG: [13:13:40] vel:0.00,stat:3

Out > [13:13:40] EOF

Out > [13:13:40] !%~

From tinyG: [13:13:40] tinyg [mm] ok> 

Out > [13:13:48] g28.2a0

From tinyG: [13:13:48] tinyg [mm] ok> 

From tinyG: [13:13:49] posa:-5.678,feed:2000.00,vel:2000.00,coor:0,dist:1,momo:1,stat:9

Out > [13:13:49] $di1fn=0

Out > [13:13:51] g90 g0 a30

From tinyG: [13:13:51] posa:-10.032,vel:0.03

From tinyG: [13:13:51] posa:-4.357,vel:2000.00

From tinyG: [13:13:51] posa:1.217,vel:0.03

From tinyG: [13:13:51] vel:0.00

From tinyG: [13:13:51] posa:-4.429,vel:2000.00

From tinyG: [13:13:51] posa:-8.783,vel:0.03

From tinyG: [13:13:51] posa:-7.836,feed:300.00,vel:300.00

From tinyG: [13:13:51] posa:-6.831

From tinyG: [13:13:51] posa:-5.826

From tinyG: [13:13:51] posa:-4.829

From tinyG: [13:13:51] posa:-3.824

From tinyG: [13:13:51] posa:-2.827

From tinyG: [13:13:51] posa:-1.822

From tinyG: [13:13:51] posa:-0.825

From tinyG: [13:13:51] [di1fn] input function          0 [0=none,1=limit,2=interlock,3=shutdown]

From tinyG: [13:13:51] tinyg [mm] ok> 

From tinyG: [13:13:51] tinyg [mm] ok> 

From tinyG: [13:13:51] posa:0.000,vel:0.00,stat:5

From tinyG: [13:13:52] posa:21.432,feed:250.00,vel:9783.57,coor:1,dist:0,momo:0

Out > [13:13:52] g90 g0 a-20 z-9

From tinyG: [13:13:52] tinyg [mm] ok> 

From tinyG: [13:13:52] posz:-0.242,posa:28.657,vel:3073.27

From tinyG: [13:13:52] posz:-2.854,posa:14.142,vel:4515.87

From tinyG: [13:13:52] posz:-5.507,posa:-0.596

From tinyG: [13:13:53] posz:-8.200,posa:-15.557,vel:4514.81

From tinyG: [13:13:53] posz:-9.000,posa:-20.000,vel:0.00,stat:3

Out > [13:13:53] g90 g0 a30

Out > [13:13:53] g90 g0 z0

From tinyG: [13:13:53] tinyg [mm] ok> 

From tinyG: [13:13:53] tinyg [mm] ok> 

From tinyG: [13:13:53] posa:1.461,vel:10000.00,stat:5

From tinyG: [13:13:53] posa:29.613,vel:1627.20

From tinyG: [13:13:53] posz:-7.410,posa:30.000,vel:800.00

From tinyG: [13:13:54] posz:-4.734

From tinyG: [13:13:54] posz:-2.058

From tinyG: [13:13:54] posz:-0.002,vel:24.12

From tinyG: [13:13:54] posz:0.000,vel:0.00,stat:3

Out > [13:13:54] g90 g0 a-30

Out > [13:13:54] g90 g0 a20 z-9

From tinyG: [13:13:54] tinyg [mm] ok> 

From tinyG: [13:13:54] tinyg [mm] ok> 

From tinyG: [13:13:54] posa:8.501,vel:10000.00,stat:5

From tinyG: [13:13:55] posa:-24.307,vel:8415.06

From tinyG: [13:13:55] posz:-0.847,posa:-25.294,vel:4509.22

From tinyG: [13:13:55] posz:-3.504,posa:-10.531,vel:4515.87

From tinyG: [13:13:55] posz:-6.182,posa:4.345

From tinyG: [13:13:55] posz:-8.772,posa:18.733,vel:3073.27

From tinyG: [13:13:56] posz:-9.000,posa:20.000,vel:0.00,stat:3

Out > [13:13:56] g90 g0 a-30

Out > [13:13:56] g90 g0 z0

From tinyG: [13:13:56] tinyg [mm] ok> 

From tinyG: [13:13:56] tinyg [mm] ok> 

From tinyG: [13:13:56] posa:-1.461,vel:10000.00,stat:5

From tinyG: [13:13:56] posa:-29.613,vel:1627.20

From tinyG: [13:13:56] posz:-7.410,posa:-30.000,vel:800.00

From tinyG: [13:13:57] posz:-4.734

From tinyG: [13:13:57] posz:-2.058

From tinyG: [13:13:57] posz:-0.002,vel:24.12

From tinyG: [13:13:57] posz:0.000,vel:0.00,stat:3

Out > [13:13:57] $di1fn=2

Out > [13:13:57] g90 g0 a-15

Out > [13:13:57] g90 g0 a-10

From tinyG: [13:13:57] [di1fn] input function          2 [0=none,1=limit,2=interlock,3=shutdown]

From tinyG: [13:13:57] tinyg [mm] ok> 

From tinyG: [13:13:57] tinyg [mm] ok> 

From tinyG: [13:13:57] tinyg [mm] ok> 

From tinyG: [13:13:57] posa:-13.775,vel:5721.53,stat:5

From tinyG: [13:13:58] posa:-10.000,vel:0.00,stat:3

Out > [13:13:58] g90 g0 a-15

Out > [13:13:58] g91 g1 a30 f250

From tinyG: [13:13:58] tinyg [mm] ok> 

From tinyG: [13:13:58] tinyg [mm] ok> 

From tinyG: [13:13:58] posa:-14.863,vel:250.00,dist:1,momo:1,stat:5

From tinyG: [13:13:58] posa:-14.025

From tinyG: [13:13:58] posa:-13.188

From tinyG: [13:13:59] posa:-12.350

From tinyG: [13:13:59] posa:-11.519

From tinyG: [13:13:59] posa:-10.675

From tinyG: [13:13:59] posa:-9.838

From tinyG: [13:13:59] posa:-9.007

From tinyG: [13:14:00] posa:-8.169

From tinyG: [13:14:00] posa:-7.326

From tinyG: [13:14:00] posa:-6.488

From tinyG: [13:14:00] posa:-5.657

From tinyG: [13:14:00] posa:-4.820

From tinyG: [13:14:01] posa:-3.976

From tinyG: [13:14:01] posa:-3.139

From tinyG: [13:14:01] posa:-2.307

From tinyG: [13:14:01] posa:-1.470

From tinyG: [13:14:01] posa:-0.639

From tinyG: [13:14:02] posa:-0.054,vel:0.00,stat:6

From tinyG: [13:14:02] tinyg [mm] ok> 

From tinyG: [13:14:02] stat:3

From tinyG: [13:14:02] [di1fn] input function          0 [0=none,1=limit,2=interlock,3=shutdown]

From tinyG: [13:14:02] tinyg [mm] ok> 

From tinyG: [13:14:02] A position:         -0.054 deg

From tinyG: [13:14:02] tinyg [mm] ok> 

Out > [13:14:02] g90 g0 z-5

Out > [13:14:02] g90 g0 z1

From tinyG: [13:14:02] tinyg [mm] ok> 

From tinyG: [13:14:02] tinyg [mm] ok> 

From tinyG: [13:14:02] posz:-1.818,vel:800.00,dist:0,momo:0,stat:5

From tinyG: [13:14:02] posz:-4.483,vel:725.24

From tinyG: [13:14:02] posz:-4.234,vel:795.19

From tinyG: [13:14:03] posz:-1.578,vel:800.00

From tinyG: [13:14:03] posz:0.910,vel:322.08

From tinyG: [13:14:03] posz:1.000,vel:0.00,stat:3

Out > [13:14:03] g90 g0 z0

Out > [13:14:03] EOF

Out > [13:14:03] !%~

From tinyG: [13:14:03] tinyg [mm] ok> 

