[18:02:09] Starting Log file for session: 20201029-1829

From tinyG: [18:02:11] {"r":{"fv":0.98,"fb":86.03,"hp":3,"hv":0,"id":"0213-0215-0515","msg":"SYSTEM READY"},"f":[1,0,1]}

From tinyG: [18:02:11] tinyg [mm] ok> 

From tinyG: [18:02:11] [ej]  enable json mode            0 [0=text,1=JSON]

From tinyG: [18:02:11] tinyg [mm] ok> 

Out > [18:02:15] g28.2a0

Out > [18:02:15] $di1fn=0

Out > [18:02:18] g90 g0 a30

From tinyG: [18:02:18] tinyg [mm] ok> 

From tinyG: [18:02:18] posa:-5.665,feed:2000.00,vel:2000.00,coor:0,dist:1,momo:1,stat:9

From tinyG: [18:02:18] posa:-10.019,vel:0.03

From tinyG: [18:02:18] posa:-4.345,vel:2000.00

From tinyG: [18:02:18] posa:1.230,vel:0.03

From tinyG: [18:02:18] vel:0.00

From tinyG: [18:02:18] posa:-4.416,vel:2000.00

From tinyG: [18:02:18] posa:-8.770,vel:0.03

From tinyG: [18:02:18] posa:-7.823,feed:300.00,vel:300.00

From tinyG: [18:02:18] posa:-6.818

From tinyG: [18:02:18] posa:-5.814

From tinyG: [18:02:18] posa:-4.816

From tinyG: [18:02:18] posa:-3.812

From tinyG: [18:02:18] posa:-2.814

From tinyG: [18:02:18] posa:-1.810

From tinyG: [18:02:18] posa:-0.812

From tinyG: [18:02:18] [di1fn] input function          0 [0=none,1=limit,2=interlock,3=shutdown]

From tinyG: [18:02:18] tinyg [mm] ok> 

From tinyG: [18:02:18] tinyg [mm] ok> 

Out > [18:02:18] g90 g0 a-20 z-9

From tinyG: [18:02:18] posa:0.000,vel:0.00,stat:5

From tinyG: [18:02:18] nyg [mm] ok> 

From tinyG: [18:02:19] posa:21.384,feed:250.00,vel:9671.33,coor:1,dist:0,momo:0

Out > [18:02:19] g90 g0 a30

From tinyG: [18:02:19] tinyg [mm] ok> 

From tinyG: [18:02:19] posz:-0.593,posa:26.704,vel:4221.90

From tinyG: [18:02:19] posz:-3.245,posa:11.974,vel:4515.87

From tinyG: [18:02:19] posz:-5.922,posa:-2.902

From tinyG: [18:02:19] posz:-8.567,posa:-17.594,vel:4048.41

From tinyG: [18:02:20] posz:-9.000,posa:-14.207,vel:8705.25

From tinyG: [18:02:20] posa:19.224,vel:9990.70

From tinyG: [18:02:20] posa:30.000,vel:0.00,stat:3

Out > [18:02:20] g90 g0 z0

Out > [18:02:20] g90 g0 a-30

From tinyG: [18:02:20] tinyg [mm] ok> 

From tinyG: [18:02:20] tinyg [mm] ok> 

From tinyG: [18:02:20] posz:-7.182,vel:800.00,stat:5

From tinyG: [18:02:20] posz:-4.506

From tinyG: [18:02:21] posz:-1.809

From tinyG: [18:02:21] posz:0.000,posa:29.897,vel:465.80

From tinyG: [18:02:21] posa:4.423,vel:10000.00

From tinyG: [18:02:21] posa:-27.660,vel:5769.70

From tinyG: [18:02:21] posa:-30.000,vel:0.00,stat:3

Out > [18:02:21] g90 g0 a20 z-9

Out > [18:02:21] g90 g0 a-30

From tinyG: [18:02:21] tinyg [mm] ok> 

From tinyG: [18:02:21] tinyg [mm] ok> 

From tinyG: [18:02:22] posz:-1.819,posa:-19.896,vel:4515.87,stat:5

From tinyG: [18:02:22] posz:-4.496,posa:-5.020

From tinyG: [18:02:22] posz:-7.154,posa:9.745

From tinyG: [18:02:22] posz:-9.000,posa:19.658,vel:1190.04

From tinyG: [18:02:23] posa:-6.261,vel:10000.00

From tinyG: [18:02:23] posa:-29.994,vel:107.13

From tinyG: [18:02:23] posa:-30.000,vel:0.00,stat:3

Out > [18:02:23] g90 g0 z0

Out > [18:02:23] $di1fn=2

Out > [18:02:23] g90 g0 a-15

From tinyG: [18:02:23] tinyg [mm] ok> 

From tinyG: [18:02:23] {"er":{"fb":86.03,"st":9,"msg":"File not open - write_persistent"}}

From tinyG: [18:02:23] [di1fn] input function          2 [0=none,1=limit,2=interlock,3=shutdown]

From tinyG: [18:02:23] tinyg [mm] ok> 

From tinyG: [18:02:23] tinyg [mm] ok> 

From tinyG: [18:02:23] posz:-7.182,vel:800.00,stat:5

From tinyG: [18:02:23] posz:-4.506

From tinyG: [18:02:24] posz:-1.809

From tinyG: [18:02:24] posz:0.000,posa:-29.892,vel:503.18

From tinyG: [18:02:24] posa:-15.032,vel:349.30

From tinyG: [18:02:24] posa:-15.000,vel:0.00,stat:3

Out > [18:02:24] g90 g0 a-10

Out > [18:02:24] g90 g0 a-15

From tinyG: [18:02:24] tinyg [mm] ok> 

From tinyG: [18:02:24] tinyg [mm] ok> 

From tinyG: [18:02:25] posa:-11.115,vel:2609.07,stat:5

From tinyG: [18:02:25] posa:-15.000,vel:0.00,stat:3

Out > [18:02:25] g91 g1 a30 f250

Out > [18:02:25] g90 g0 z-5

From tinyG: [18:02:25] tinyg [mm] ok> 

From tinyG: [18:02:25] tinyg [mm] ok> 

From tinyG: [18:02:25] posa:-14.209,vel:250.00,dist:1,momo:1,stat:5

From tinyG: [18:02:25] posa:-13.365

From tinyG: [18:02:25] posa:-12.528

From tinyG: [18:02:26] posa:-11.697

From tinyG: [18:02:26] posa:-10.859

From tinyG: [18:02:26] posa:-10.028

From tinyG: [18:02:26] posa:-9.191

From tinyG: [18:02:26] posa:-8.359

From tinyG: [18:02:27] posa:-7.522

From tinyG: [18:02:27] posa:-6.691

From tinyG: [18:02:27] posa:-5.854

From tinyG: [18:02:27] posa:-5.010

From tinyG: [18:02:27] posa:-4.173

From tinyG: [18:02:28] posa:-3.341

From tinyG: [18:02:28] posa:-2.504

From tinyG: [18:02:28] posa:-1.673

From tinyG: [18:02:28] posa:-0.836

From tinyG: [18:02:28] posa:-0.016,vel:82.07,stat:6

From tinyG: [18:02:28] [di1fn] input function          0 [0=none,1=limit,2=interlock,3=shutdown]

From tinyG: [18:02:28] tinyg [mm] ok> 

Out > [18:02:28] g90 g0 z0

Out > [18:02:28] $posa

From tinyG: [18:02:28] tinyg [mm] ok> 

From tinyG: [18:02:29] A position:         -0.013 deg

From tinyG: [18:02:29] tinyg [mm] ok> 

From tinyG: [18:02:29] posa:-0.013,vel:0.00,dist:0,momo:0,stat:3

Out > [18:02:36] g28.2a0

Out > [18:02:36] $di1fn=0

From tinyG: [18:02:36] tinyg [mm] ok> 

Out > [18:02:39] g90 g0 a30

From tinyG: [18:02:39] posa:-5.659,feed:2000.00,vel:2000.00,coor:0,dist:1,momo:1,stat:9

From tinyG: [18:02:39] posa:-10.013,vel:0.03

From tinyG: [18:02:39] posa:-4.339,vel:2000.00

From tinyG: [18:02:39] posa:1.236,vel:0.03

From tinyG: [18:02:39] vel:0.00

From tinyG: [18:02:39] posa:-4.410,vel:2000.00

From tinyG: [18:02:39] posa:-8.764,vel:0.03

From tinyG: [18:02:39] posa:-7.817,feed:300.00,vel:300.00

From tinyG: [18:02:39] posa:-6.812

From tinyG: [18:02:39] posa:-5.807

From tinyG: [18:02:39] posa:-4.810

From tinyG: [18:02:39] posa:-3.805

From tinyG: [18:02:39] posa:-2.808

From tinyG: [18:02:39] posa:-1.803

From tinyG: [18:02:39] posa:-0.806

From tinyG: [18:02:39] [di1fn] input function          0 [0=none,1=limit,2=interlock,3=shutdown]

From tinyG: [18:02:39] tinyg [mm] ok> 

From tinyG: [18:02:39] tinyg [mm] ok> 

Out > [18:02:39] g90 g0 a-20 z-9

From tinyG: [18:02:39] tinyg [mm] ok> 

From tinyG: [18:02:39] posa:0.000,vel:0.00,stat:5

From tinyG: [18:02:39] posa:21.384,feed:250.00,vel:9671.33,coor:1,dist:0,momo:0

Out > [18:02:39] g90 g0 a30

From tinyG: [18:02:39] tinyg [mm] ok> 

From tinyG: [18:02:39] posz:-0.593,posa:26.704,vel:4221.90

From tinyG: [18:02:40] posz:-3.245,posa:11.974,vel:4515.87

From tinyG: [18:02:40] posz:-5.922,posa:-2.902

From tinyG: [18:02:40] posz:-8.567,posa:-17.594,vel:4048.41

From tinyG: [18:02:40] posz:-9.000,posa:-14.207,vel:8705.25

From tinyG: [18:02:40] posa:18.977,vel:9995.55

From tinyG: [18:02:41] posa:30.000,vel:0.00,stat:3

Out > [18:02:41] g90 g0 z0

Out > [18:02:41] g90 g0 a-30

From tinyG: [18:02:41] tinyg [mm] ok> 

From tinyG: [18:02:41] tinyg [mm] ok> 

From tinyG: [18:02:41] posz:-7.182,vel:800.00,stat:5

From tinyG: [18:02:41] posz:-4.506

From tinyG: [18:02:41] posz:-1.809

From tinyG: [18:02:41] posz:0.000,posa:29.897,vel:465.80

From tinyG: [18:02:42] posa:4.423,vel:10000.00

From tinyG: [18:02:42] posa:-27.660,vel:5769.70

From tinyG: [18:02:42] posa:-30.000,vel:0.00,stat:3

Out > [18:02:42] g90 g0 a20 z-9

Out > [18:02:42] g90 g0 a-30

From tinyG: [18:02:42] tinyg [mm] ok> 

From tinyG: [18:02:42] tinyg [mm] ok> 

From tinyG: [18:02:42] posz:-1.819,posa:-19.896,vel:4515.87,stat:5

From tinyG: [18:02:43] posz:-4.496,posa:-5.020

From tinyG: [18:02:43] posz:-7.154,posa:9.745

From tinyG: [18:02:43] posz:-9.000,posa:19.658,vel:1190.04

From tinyG: [18:02:43] posa:-6.261,vel:10000.00

From tinyG: [18:02:43] posa:-29.994,vel:107.13

From tinyG: [18:02:44] posa:-30.000,vel:0.00,stat:3

Out > [18:02:44] g90 g0 z0

Out > [18:02:44] $di1fn=2

Out > [18:02:44] g90 g0 a-15

From tinyG: [18:02:44] tinyg [mm] ok> 

From tinyG: [18:02:44] {"er":{"fb":86.03,"st":9,"msg":"File not open - write_persistent"}}

From tinyG: [18:02:44] [di1fn] input function          2 [0=none,1=limit,2=interlock,3=shutdown]

From tinyG: [18:02:44] tinyg [mm] ok> 

From tinyG: [18:02:44] tinyg [mm] ok> 

From tinyG: [18:02:44] posz:-7.182,vel:800.00,stat:5

From tinyG: [18:02:44] posz:-4.506

From tinyG: [18:02:44] posz:-1.809

From tinyG: [18:02:44] posz:0.000,posa:-29.892,vel:503.18

From tinyG: [18:02:45] posa:-15.032,vel:349.30

From tinyG: [18:02:45] posa:-15.000,vel:0.00,stat:3

Out > [18:02:45] g90 g0 a-10

Out > [18:02:45] g90 g0 a-15

From tinyG: [18:02:45] tinyg [mm] ok> 

From tinyG: [18:02:45] tinyg [mm] ok> 

From tinyG: [18:02:45] posa:-11.115,vel:2609.07,stat:5

From tinyG: [18:02:45] posa:-15.000,vel:0.00,stat:3

Out > [18:02:45] g91 g1 a30 f250

Out > [18:02:45] g90 g0 z-5

From tinyG: [18:02:45] tinyg [mm] ok> 

From tinyG: [18:02:45] tinyg [mm] ok> 

From tinyG: [18:02:46] posa:-14.209,vel:250.00,dist:1,momo:1,stat:5

From tinyG: [18:02:46] posa:-13.365

From tinyG: [18:02:46] posa:-12.528

From tinyG: [18:02:46] posa:-11.697

From tinyG: [18:02:46] posa:-10.859

From tinyG: [18:02:47] posa:-10.028

From tinyG: [18:02:47] posa:-9.191

From tinyG: [18:02:47] posa:-8.347

From tinyG: [18:02:47] posa:-7.509

From tinyG: [18:02:47] posa:-6.678

From tinyG: [18:02:48] posa:-5.841

From tinyG: [18:02:48] posa:-5.010

From tinyG: [18:02:48] posa:-4.173

From tinyG: [18:02:48] posa:-3.329

From tinyG: [18:02:48] posa:-2.492

From tinyG: [18:02:49] posa:-1.660

From tinyG: [18:02:49] posa:-0.823

From tinyG: [18:02:49] posa:-0.014,vel:34.79,stat:6

From tinyG: [18:02:49] tinyg [mm] ok> 

From tinyG: [18:02:49] [di1fn] input function          0 [0=none,1=limit,2=interlock,3=shutdown]

From tinyG: [18:02:49] tinyg [mm] ok> 

Out > [18:02:49] g90 g0 z0

Out > [18:02:49] $posa

From tinyG: [18:02:49] tinyg [mm] ok> 

From tinyG: [18:02:49] A position:         -0.013 deg

From tinyG: [18:02:49] tinyg [mm] ok> 

From tinyG: [18:02:49] vel:0.00,dist:0,momo:0,stat:3

Out > [18:03:03] g28.2a0

Out > [18:03:03] $di1fn=0

Out > [18:03:06] g90 g0 a30

From tinyG: [18:03:06] tinyg [mm] ok> 

From tinyG: [18:03:06] posa:-5.659,feed:2000.00,vel:2000.00,coor:0,dist:1,momo:1,stat:9

From tinyG: [18:03:06] posa:-10.013,vel:0.03

From tinyG: [18:03:06] posa:-4.339,vel:2000.00

From tinyG: [18:03:06] posa:1.236,vel:0.03

From tinyG: [18:03:06] vel:0.00

From tinyG: [18:03:06] posa:-4.410,vel:2000.00

From tinyG: [18:03:06] posa:-8.764,vel:0.03

From tinyG: [18:03:06] posa:-7.817,feed:300.00,vel:300.00

From tinyG: [18:03:06] posa:-6.812

From tinyG: [18:03:06] posa:-5.807

From tinyG: [18:03:06] posa:-4.810

From tinyG: [18:03:06] posa:-3.805

From tinyG: [18:03:06] posa:-2.808

From tinyG: [18:03:06] posa:-1.803

From tinyG: [18:03:06] posa:-0.806

From tinyG: [18:03:06] [di1fn] input function          0 [0=none,1=limit,2=interlock,3=shutdown]

From tinyG: [18:03:06] tinyg [mm] ok> 

From tinyG: [18:03:06] tinyg [mm] ok> 

Out > [18:03:06] g90 g0 a-20 z-9

From tinyG: [18:03:06] tinyg [mm] ok> 

From tinyG: [18:03:06] posa:0.000,vel:0.00,stat:5

From tinyG: [18:03:07] posa:21.384,feed:250.00,vel:9671.33,coor:1,dist:0,momo:0

Out > [18:03:07] g90 g0 a30

From tinyG: [18:03:07] tinyg [mm] ok> 

From tinyG: [18:03:07] posz:-0.593,posa:26.704,vel:4221.90

From tinyG: [18:03:07] posz:-3.245,posa:11.974,vel:4515.87

From tinyG: [18:03:07] posz:-5.922,posa:-2.902

From tinyG: [18:03:07] posz:-8.567,posa:-17.594,vel:4048.41

From tinyG: [18:03:08] posz:-9.000,posa:-14.207,vel:8705.25

From tinyG: [18:03:08] posa:18.977,vel:9995.55

From tinyG: [18:03:08] posa:30.000,vel:0.00,stat:3

Out > [18:03:08] g90 g0 z0

Out > [18:03:08] g90 g0 a-30

From tinyG: [18:03:08] tinyg [mm] ok> 

From tinyG: [18:03:08] tinyg [mm] ok> 

From tinyG: [18:03:08] posz:-7.182,vel:800.00,stat:5

From tinyG: [18:03:08] posz:-4.506

From tinyG: [18:03:09] posz:-1.829

From tinyG: [18:03:09] posz:0.000,posa:29.909,vel:418.28

From tinyG: [18:03:09] posa:4.921,vel:10000.00

From tinyG: [18:03:09] posa:-27.370,vel:6148.01

From tinyG: [18:03:09] posa:-30.000,vel:0.00,stat:3

Out > [18:03:09] g90 g0 a20 z-9

Out > [18:03:09] g90 g0 a-30

From tinyG: [18:03:09] tinyg [mm] ok> 

From tinyG: [18:03:09] tinyg [mm] ok> 

From tinyG: [18:03:10] posz:-1.819,posa:-19.896,vel:4515.87,stat:5

From tinyG: [18:03:10] posz:-4.496,posa:-5.020

From tinyG: [18:03:10] posz:-7.154,posa:9.745

From tinyG: [18:03:10] posz:-9.000,posa:19.716,vel:1119.81

From tinyG: [18:03:11] posa:-6.012,vel:10000.00

From tinyG: [18:03:11] posa:-29.991,vel:138.40

From tinyG: [18:03:11] posa:-30.000,vel:0.00,stat:3

Out > [18:03:11] g90 g0 z0

Out > [18:03:11] $di1fn=2

Out > [18:03:11] g90 g0 a-15

From tinyG: [18:03:11] tinyg [mm] ok> 

From tinyG: [18:03:11] {"er":{"fb":86.03,"st":9,"msg":"File not open - write_persistent"}}

From tinyG: [18:03:11] [di1fn] input function          2 [0=none,1=limit,2=interlock,3=shutdown]

From tinyG: [18:03:11] tinyg [mm] ok> 

From tinyG: [18:03:11] tinyg [mm] ok> 

From tinyG: [18:03:11] posz:-7.182,vel:800.00,stat:5

From tinyG: [18:03:11] posz:-4.506

From tinyG: [18:03:12] posz:-1.809

From tinyG: [18:03:12] posz:0.000,posa:-29.892,vel:503.18

From tinyG: [18:03:12] posa:-15.032,vel:349.30

From tinyG: [18:03:12] posa:-15.000,vel:0.00,stat:3

Out > [18:03:12] g90 g0 a-10

Out > [18:03:12] g90 g0 a-15

From tinyG: [18:03:12] tinyg [mm] ok> 

From tinyG: [18:03:12] tinyg [mm] ok> 

From tinyG: [18:03:13] posa:-11.115,vel:2609.07,stat:5

From tinyG: [18:03:13] posa:-15.000,vel:0.00,stat:3

Out > [18:03:13] g91 g1 a30 f250

Out > [18:03:13] g90 g0 z-5

From tinyG: [18:03:13] tinyg [mm] ok> 

From tinyG: [18:03:13] tinyg [mm] ok> 

From tinyG: [18:03:13] posa:-14.209,vel:250.00,dist:1,momo:1,stat:5

From tinyG: [18:03:13] posa:-13.365

From tinyG: [18:03:13] posa:-12.528

From tinyG: [18:03:14] posa:-11.697

From tinyG: [18:03:14] posa:-10.859

From tinyG: [18:03:14] posa:-10.015

From tinyG: [18:03:14] posa:-9.178

From tinyG: [18:03:14] posa:-8.347

From tinyG: [18:03:15] posa:-7.509

From tinyG: [18:03:15] posa:-6.666

From tinyG: [18:03:15] posa:-5.829

From tinyG: [18:03:15] posa:-4.997

From tinyG: [18:03:15] posa:-4.160

From tinyG: [18:03:16] posa:-3.316

From tinyG: [18:03:16] posa:-2.479

From tinyG: [18:03:16] posa:-1.648

From tinyG: [18:03:16] posa:-0.811

From tinyG: [18:03:16] posa:-0.019,vel:1.78,stat:6

From tinyG: [18:03:17] vel:0.00

From tinyG: [18:03:17] tinyg [mm] ok> 

From tinyG: [18:03:17] dist:0,momo:0,stat:3

From tinyG: [18:03:17] [di1fn] input function          0 [0=none,1=limit,2=interlock,3=shutdown]

From tinyG: [18:03:17] tinyg [mm] ok> 

Out > [18:03:17] g90 g0 z0

Out > [18:03:17] $posa

From tinyG: [18:03:17] tinyg [mm] ok> 

From tinyG: [18:03:17] A position:         -0.019 deg

From tinyG: [18:03:17] tinyg [mm] ok> 

From tinyG: [18:03:17] line:0,posx:0.000,posy:0.000,posz:0.000,posa:-0.019,feed:250.00,vel:0.00,unit:1,coor:1,dist:0,admo:1,frmo:1,momo:0,stat:3

