[17:03:27] Starting Log file for session: 20201029-17327

From tinyG: [17:03:30] {"r":{"fv":0.98,"fb":86.03,"hp":3,"hv":0,"id":"0213-0215-0515","msg":"SYSTEM READY"},"f":[1,0,1]}

From tinyG: [17:03:30] tinyg [mm] ok> 

From tinyG: [17:03:30] [ej]  enable json mode            0 [0=text,1=JSON]

From tinyG: [17:03:30] tinyg [mm] ok> 

Out > [17:03:38] g28.2a0

From tinyG: [17:03:38] tinyg [mm] ok> 

Out > [17:03:38] $di1fn=0

Out > [17:03:41] g90 g0 a30

From tinyG: [17:03:41] posa:-5.681,feed:2000.00,vel:2000.00,coor:0,dist:1,momo:1,stat:9

From tinyG: [17:03:41] posa:-10.035,vel:0.03

From tinyG: [17:03:41] posa:-4.361,vel:2000.00

From tinyG: [17:03:41] posa:1.214,vel:0.03

From tinyG: [17:03:41] vel:0.00

From tinyG: [17:03:41] posa:-4.432,vel:2000.00

From tinyG: [17:03:41] posa:-8.786,vel:0.03

From tinyG: [17:03:41] posa:-7.839,feed:300.00,vel:300.00

From tinyG: [17:03:41] posa:-6.834

From tinyG: [17:03:41] posa:-5.829

From tinyG: [17:03:41] posa:-4.832

From tinyG: [17:03:41] posa:-3.827

From tinyG: [17:03:41] posa:-2.830

From tinyG: [17:03:41] posa:-1.825

From tinyG: [17:03:41] posa:-0.828

From tinyG: [17:03:41] [di1fn] input function          0 [0=none,1=limit,2=interlock,3=shutdown]

From tinyG: [17:03:41] tinyg [mm] ok> 

From tinyG: [17:03:41] tinyg [mm] ok> 

From tinyG: [17:03:41] posa:0.000,vel:0.00,stat:5

Out > [17:03:41] g90 g0 a-20 z-9

From tinyG: [17:03:41] tinyg [mm] ok> 

From tinyG: [17:03:41] posa:21.384,feed:250.00,vel:9671.33,coor:1,dist:0,momo:0

Out > [17:03:41] g90 g0 a30

From tinyG: [17:03:41] tinyg [mm] ok> 

From tinyG: [17:03:42] posz:-0.593,posa:26.704,vel:4221.90

From tinyG: [17:03:42] posz:-3.245,posa:11.974,vel:4515.87

From tinyG: [17:03:42] posz:-5.922,posa:-2.902

From tinyG: [17:03:42] posz:-8.567,posa:-17.594,vel:4048.41

From tinyG: [17:03:42] posz:-9.000,posa:-14.207,vel:8705.25

From tinyG: [17:03:43] posa:18.977,vel:9995.55

From tinyG: [17:03:43] posa:30.000,vel:0.00,stat:3

Out > [17:03:43] g90 g0 z0

Out > [17:03:43] g90 g0 a-30

From tinyG: [17:03:43] tinyg [mm] ok> 

From tinyG: [17:03:43] tinyg [mm] ok> 

From tinyG: [17:03:43] posz:-7.182,vel:800.00,stat:5

From tinyG: [17:03:43] posz:-4.506

From tinyG: [17:03:43] posz:-1.809

From tinyG: [17:03:44] posz:0.000,posa:29.897,vel:465.80

From tinyG: [17:03:44] posa:4.672,vel:10000.00

From tinyG: [17:03:44] posa:-27.370,vel:6148.01

From tinyG: [17:03:44] posa:-30.000,vel:0.00,stat:3

Out > [17:03:44] g90 g0 a20 z-9

Out > [17:03:44] g90 g0 a-30

From tinyG: [17:03:44] tinyg [mm] ok> 

From tinyG: [17:03:44] tinyg [mm] ok> 

From tinyG: [17:03:44] posz:-1.819,posa:-19.896,vel:4515.87,stat:5

From tinyG: [17:03:45] posz:-4.496,posa:-5.020

From tinyG: [17:03:45] posz:-7.154,posa:9.745

From tinyG: [17:03:45] posz:-9.000,posa:19.658,vel:1190.04

From tinyG: [17:03:45] posa:-6.261,vel:10000.00

From tinyG: [17:03:45] posa:-29.994,vel:107.13

From tinyG: [17:03:46] posa:-30.000,vel:0.00,stat:3

Out > [17:03:46] g90 g0 z0

Out > [17:03:46] $di1fn=2

Out > [17:03:46] g90 g0 a-15

From tinyG: [17:03:46] tinyg [mm] ok> 

From tinyG: [17:03:46] {"er":{"fb":86.03,"st":9,"msg":"File not open - write_persistent"}}

From tinyG: [17:03:46] [di1fn] input function          2 [0=none,1=limit,2=interlock,3=shutdown]

From tinyG: [17:03:46] tinyg [mm] ok> 

From tinyG: [17:03:46] tinyg [mm] ok> 

From tinyG: [17:03:46] posz:-7.182,vel:800.00,stat:5

From tinyG: [17:03:46] posz:-4.506

From tinyG: [17:03:46] posz:-1.849

From tinyG: [17:03:47] posz:0.000,posa:-29.905,vel:449.88

From tinyG: [17:03:47] posa:-15.041,vel:412.67

From tinyG: [17:03:47] posa:-15.000,vel:0.00,stat:3

Out > [17:03:47] g90 g0 a-10

Out > [17:03:47] g90 g0 a-15

From tinyG: [17:03:47] tinyg [mm] ok> 

From tinyG: [17:03:47] tinyg [mm] ok> 

From tinyG: [17:03:47] posa:-11.115,vel:2609.07,stat:5

From tinyG: [17:03:47] posa:-15.000,vel:0.00,stat:3

Out > [17:03:47] g91 g1 a30 f250

Out > [17:03:47] g90 g0 z-5

From tinyG: [17:03:47] tinyg [mm] ok> 

From tinyG: [17:03:47] tinyg [mm] ok> 

From tinyG: [17:03:48] posa:-14.209,vel:250.00,dist:1,momo:1,stat:5

From tinyG: [17:03:48] posa:-13.365

From tinyG: [17:03:48] posa:-12.528

From tinyG: [17:03:48] posa:-11.697

From tinyG: [17:03:49] posa:-10.859

From tinyG: [17:03:49] posa:-10.028

From tinyG: [17:03:49] posa:-9.191

From tinyG: [17:03:49] posa:-8.347

From tinyG: [17:03:49] posa:-7.509

From tinyG: [17:03:50] posa:-6.678

From tinyG: [17:03:50] posa:-5.841

From tinyG: [17:03:50] posa:-4.997

From tinyG: [17:03:50] posa:-4.160

From tinyG: [17:03:50] posa:-3.329

From tinyG: [17:03:51] posa:-2.492

From tinyG: [17:03:51] posa:-1.660

From tinyG: [17:03:51] posa:-0.823

From tinyG: [17:03:51] posa:-0.020,vel:18.33,stat:6

From tinyG: [17:03:51] tinyg [mm] ok> 

From tinyG: [17:03:51] [di1fn] input function          0 [0=none,1=limit,2=interlock,3=shutdown]

From tinyG: [17:03:51] tinyg [mm] ok> 

Out > [17:03:51] g90 g0 z0

Out > [17:03:51] $posa

From tinyG: [17:03:51] tinyg [mm] ok> 

From tinyG: [17:03:51] A position:         -0.019 deg

From tinyG: [17:03:51] tinyg [mm] ok> 

Out > [17:03:51] g28.2a0

From tinyG: [17:03:51] tinyg [mm] ok> 

From tinyG: [17:03:51] vel:0.00,stat:9

From tinyG: [17:03:52] posa:-5.665,feed:2000.00,vel:2000.00,coor:0

Out > [17:03:52] $di1fn=0

Out > [17:03:54] g90 g0 a30

From tinyG: [17:03:54] posa:-10.019,vel:0.03

From tinyG: [17:03:54] posa:-4.345,vel:2000.00

From tinyG: [17:03:54] posa:1.230,vel:0.03

From tinyG: [17:03:54] vel:0.00

From tinyG: [17:03:54] posa:-4.416,vel:2000.00

From tinyG: [17:03:54] posa:-8.770,vel:0.03

From tinyG: [17:03:54] posa:-7.823,feed:300.00,vel:300.00

From tinyG: [17:03:54] posa:-6.818

From tinyG: [17:03:54] posa:-5.814

From tinyG: [17:03:54] posa:-4.816

From tinyG: [17:03:54] posa:-3.812

From tinyG: [17:03:54] posa:-2.814

From tinyG: [17:03:54] posa:-1.810

From tinyG: [17:03:54] posa:-0.812

From tinyG: [17:03:54] [di1fn] input function          0 [0=none,1=limit,2=interlock,3=shutdown]

From tinyG: [17:03:54] tinyg [mm] ok> 

From tinyG: [17:03:54] tinyg [mm] ok> 

From tinyG: [17:03:54] posa:0.000,vel:0.00,stat:5

From tinyG: [17:03:55] posa:21.432,feed:250.00,vel:9783.57,coor:1,dist:0,momo:0

Out > [17:03:55] g90 g0 a-20 z-9

From tinyG: [17:03:55] tinyg [mm] ok> 

From tinyG: [17:03:55] posz:-0.242,posa:28.657,vel:3073.27

From tinyG: [17:03:55] posz:-2.854,posa:14.142,vel:4515.87

From tinyG: [17:03:55] posz:-5.507,posa:-0.596

From tinyG: [17:03:55] posz:-8.200,posa:-15.557,vel:4514.81

From tinyG: [17:03:56] posz:-9.000,posa:-20.000,vel:0.00,stat:3

Out > [17:03:56] g90 g0 a30

Out > [17:03:56] g90 g0 z0

From tinyG: [17:03:56] tinyg [mm] ok> 

From tinyG: [17:03:56] tinyg [mm] ok> 

From tinyG: [17:03:56] posa:1.461,vel:10000.00,stat:5

From tinyG: [17:03:56] posa:29.573,vel:1757.91

From tinyG: [17:03:56] posz:-7.450,posa:30.000,vel:800.00

From tinyG: [17:03:57] posz:-4.774

From tinyG: [17:03:57] posz:-2.098

From tinyG: [17:03:57] posz:-0.003,vel:29.30

From tinyG: [17:03:57] posz:0.000,vel:0.00,stat:3

Out > [17:03:57] g90 g0 a-30

Out > [17:03:57] g90 g0 a20 z-9

From tinyG: [17:03:57] tinyg [mm] ok> 

From tinyG: [17:03:57] tinyg [mm] ok> 

From tinyG: [17:03:57] posa:8.501,vel:10000.00,stat:5

From tinyG: [17:03:58] posa:-24.307,vel:8278.45

From tinyG: [17:03:58] posz:-0.847,posa:-25.294,vel:4509.22

From tinyG: [17:03:58] posz:-3.504,posa:-10.531,vel:4515.87

From tinyG: [17:03:58] posz:-6.182,posa:4.345

From tinyG: [17:03:58] posz:-8.772,posa:18.733,vel:3073.27

From tinyG: [17:03:59] posz:-9.000,posa:20.000,vel:0.00,stat:3

Out > [17:03:59] g90 g0 a-30

Out > [17:03:59] g90 g0 z0

From tinyG: [17:03:59] tinyg [mm] ok> 

From tinyG: [17:03:59] tinyg [mm] ok> 

From tinyG: [17:03:59] posa:-1.461,vel:10000.00,stat:5

From tinyG: [17:03:59] posa:-29.573,vel:1757.91

From tinyG: [17:03:59] posz:-7.450,posa:-30.000,vel:800.00

From tinyG: [17:04:00] posz:-4.774

From tinyG: [17:04:00] posz:-2.098

From tinyG: [17:04:00] posz:-0.003,vel:35.09

From tinyG: [17:04:00] posz:0.000,vel:0.00,stat:3

Out > [17:04:00] $di1fn=2

Out > [17:04:00] g90 g0 a-15

Out > [17:04:00] g90 g0 a-10

From tinyG: [17:04:00] [di1fn] input function          2 [0=none,1=limit,2=interlock,3=shutdown]

From tinyG: [17:04:00] tinyg [mm] ok> 

From tinyG: [17:04:00] tinyg [mm] ok> 

From tinyG: [17:04:00] tinyg [mm] ok> 

From tinyG: [17:04:00] posa:-13.775,vel:5721.53,stat:5

From tinyG: [17:04:01] posa:-10.000,vel:0.00,stat:3

Out > [17:04:01] g90 g0 a-15

Out > [17:04:01] g91 g1 a30 f250

From tinyG: [17:04:01] tinyg [mm] ok> 

From tinyG: [17:04:01] tinyg [mm] ok> 

From tinyG: [17:04:01] posa:-14.863,vel:250.00,dist:1,momo:1,stat:5

From tinyG: [17:04:01] posa:-14.025

From tinyG: [17:04:01] posa:-13.188

From tinyG: [17:04:02] posa:-12.356

From tinyG: [17:04:02] posa:-11.519

From tinyG: [17:04:02] posa:-10.675

From tinyG: [17:04:02] posa:-9.838

From tinyG: [17:04:02] posa:-9.007

From tinyG: [17:04:03] posa:-8.169

From tinyG: [17:04:03] posa:-7.326

From tinyG: [17:04:03] posa:-6.488

From tinyG: [17:04:03] posa:-5.657

From tinyG: [17:04:03] posa:-4.820

From tinyG: [17:04:04] posa:-3.989

From tinyG: [17:04:04] posa:-3.151

From tinyG: [17:04:04] posa:-2.307

From tinyG: [17:04:04] posa:-1.470

From tinyG: [17:04:04] posa:-0.639

From tinyG: [17:04:05] posa:-0.035,vel:0.00,stat:6

From tinyG: [17:04:05] tinyg [mm] ok> 

From tinyG: [17:04:05] stat:3

From tinyG: [17:04:05] [di1fn] input function          0 [0=none,1=limit,2=interlock,3=shutdown]

From tinyG: [17:04:05] tinyg [mm] ok> 

Out > [17:04:05] g90 g0 z-5

Out > [17:04:05] g90 g0 z0

From tinyG: [17:04:05] tinyg [mm] ok> 

From tinyG: [17:04:05] tinyg [mm] ok> 

From tinyG: [17:04:05] posz:-1.818,vel:800.00,dist:0,momo:0,stat:5

From tinyG: [17:04:05] posz:-4.483,vel:734.21

From tinyG: [17:04:05] posz:-4.234,vel:795.19

From tinyG: [17:04:05] posz:-1.579,vel:800.00

From tinyG: [17:04:06] posz:0.000,vel:0.00,stat:3

Out > [17:04:06] 

Out > [17:04:06] $posa

From tinyG: [17:04:06] A position:         -0.035 deg

From tinyG: [17:04:06] tinyg [mm] ok> 

Out > [17:04:13] g28.2a0

From tinyG: [17:04:13] tinyg [mm] ok> 

From tinyG: [17:04:13] posa:-5.681,feed:2000.00,vel:2000.00,coor:0,dist:1,momo:1,stat:9

Out > [17:04:13] $di1fn=0

Out > [17:04:16] g90 g0 a30

From tinyG: [17:04:16] posa:-10.035,vel:0.03

From tinyG: [17:04:16] posa:-4.361,vel:2000.00

From tinyG: [17:04:16] posa:1.214,vel:0.03

From tinyG: [17:04:16] vel:0.00

From tinyG: [17:04:16] posa:-4.432,vel:2000.00

From tinyG: [17:04:16] posa:-8.786,vel:0.03

From tinyG: [17:04:16] posa:-7.839,feed:300.00,vel:300.00

From tinyG: [17:04:16] posa:-6.834

From tinyG: [17:04:16] posa:-5.829

From tinyG: [17:04:16] posa:-4.832

From tinyG: [17:04:16] posa:-3.827

From tinyG: [17:04:16] posa:-2.830

From tinyG: [17:04:16] posa:-1.825

From tinyG: [17:04:16] posa:-0.828

From tinyG: [17:04:16] [di1fn] input function          0 [0=none,1=limit,2=interlock,3=shutdown]

From tinyG: [17:04:16] tinyg [mm] ok> 

From tinyG: [17:04:16] tinyg [mm] ok> 

From tinyG: [17:04:16] posa:0.000,vel:0.00,stat:5

From tinyG: [17:04:16] posa:21.432,feed:250.00,vel:9783.57,coor:1,dist:0,momo:0

Out > [17:04:16] g90 g0 a-20 z-9

From tinyG: [17:04:16] tinyg [mm] ok> 

From tinyG: [17:04:16] posz:-0.242,posa:28.657,vel:3073.27

From tinyG: [17:04:16] posz:-2.834,posa:14.142,vel:4515.87

From tinyG: [17:04:17] posz:-5.507,posa:-0.596

From tinyG: [17:04:17] posz:-8.200,posa:-15.557,vel:4514.81

From tinyG: [17:04:17] posz:-9.000,posa:-20.000,vel:0.00,stat:3

Out > [17:04:17] g90 g0 a30

Out > [17:04:17] g90 g0 z0

From tinyG: [17:04:17] tinyg [mm] ok> 

From tinyG: [17:04:17] tinyg [mm] ok> 

From tinyG: [17:04:17] posa:1.461,vel:10000.00,stat:5

From tinyG: [17:04:18] posa:29.613,vel:1627.20

From tinyG: [17:04:18] posz:-7.410,posa:30.000,vel:800.00

From tinyG: [17:04:18] posz:-4.734

From tinyG: [17:04:18] posz:-2.058

From tinyG: [17:04:18] posz:-0.002,vel:24.12

From tinyG: [17:04:19] posz:0.000,vel:0.00,stat:3

Out > [17:04:19] g90 g0 a-30

Out > [17:04:19] g90 g0 a20 z-9

From tinyG: [17:04:19] tinyg [mm] ok> 

From tinyG: [17:04:19] tinyg [mm] ok> 

From tinyG: [17:04:19] posa:8.501,vel:10000.00,stat:5

From tinyG: [17:04:19] posa:-24.307,vel:8278.45

From tinyG: [17:04:19] posz:-0.847,posa:-25.294,vel:4509.22

From tinyG: [17:04:19] posz:-3.504,posa:-10.531,vel:4515.87

From tinyG: [17:04:20] posz:-6.182,posa:4.345

From tinyG: [17:04:20] posz:-8.772,posa:18.733,vel:3073.27

From tinyG: [17:04:20] posz:-9.000,posa:20.000,vel:0.00,stat:3

Out > [17:04:20] g90 g0 a-30

Out > [17:04:20] g90 g0 z0

From tinyG: [17:04:20] tinyg [mm] ok> 

From tinyG: [17:04:20] tinyg [mm] ok> 

From tinyG: [17:04:20] posa:-1.461,vel:10000.00,stat:5

From tinyG: [17:04:21] posa:-29.613,vel:1627.20

From tinyG: [17:04:21] posz:-7.410,posa:-30.000,vel:800.00

From tinyG: [17:04:21] posz:-4.734

From tinyG: [17:04:21] posz:-2.058

From tinyG: [17:04:21] posz:-0.002,vel:24.12

From tinyG: [17:04:22] posz:0.000,vel:0.00,stat:3

Out > [17:04:22] $di1fn=2

Out > [17:04:22] g90 g0 a-15

Out > [17:04:22] g90 g0 a-10

From tinyG: [17:04:22] [di1fn] input function          2 [0=none,1=limit,2=interlock,3=shutdown]

From tinyG: [17:04:22] tinyg [mm] ok> 

From tinyG: [17:04:22] tinyg [mm] ok> 

From tinyG: [17:04:22] tinyg [mm] ok> 

From tinyG: [17:04:22] posa:-13.775,vel:5721.53,stat:5

From tinyG: [17:04:22] posa:-10.000,vel:0.00,stat:3

Out > [17:04:22] g90 g0 a-15

Out > [17:04:22] g91 g1 a30 f250

From tinyG: [17:04:22] tinyg [mm] ok> 

From tinyG: [17:04:22] tinyg [mm] ok> 

From tinyG: [17:04:22] posa:-14.863,vel:250.00,dist:1,momo:1,stat:5

From tinyG: [17:04:23] posa:-14.025

From tinyG: [17:04:23] posa:-13.188

From tinyG: [17:04:23] posa:-12.356

From tinyG: [17:04:23] posa:-11.519

From tinyG: [17:04:23] posa:-10.675

From tinyG: [17:04:24] posa:-9.838

From tinyG: [17:04:24] posa:-9.007

From tinyG: [17:04:24] posa:-8.169

From tinyG: [17:04:24] posa:-7.326

From tinyG: [17:04:24] posa:-6.488

From tinyG: [17:04:25] posa:-5.657

From tinyG: [17:04:25] posa:-4.820

From tinyG: [17:04:25] posa:-3.976

From tinyG: [17:04:25] posa:-3.139

From tinyG: [17:04:25] posa:-2.307

From tinyG: [17:04:26] posa:-1.470

From tinyG: [17:04:26] posa:-0.626

From tinyG: [17:04:26] posa:-0.042,vel:0.00,stat:6

From tinyG: [17:04:26] tinyg [mm] ok> 

From tinyG: [17:04:26] stat:3

From tinyG: [17:04:26] [di1fn] input function          0 [0=none,1=limit,2=interlock,3=shutdown]

From tinyG: [17:04:26] tinyg [mm] ok> 

Out > [17:04:26] g90 g0 z-5

Out > [17:04:26] g90 g0 z0

From tinyG: [17:04:26] tinyg [mm] ok> 

From tinyG: [17:04:26] tinyg [mm] ok> 

From tinyG: [17:04:26] posz:-1.818,vel:800.00,dist:0,momo:0,stat:5

From tinyG: [17:04:27] posz:-4.483,vel:734.21

From tinyG: [17:04:27] posz:-4.234,vel:795.19

From tinyG: [17:04:27] posz:-1.579,vel:800.00

From tinyG: [17:04:27] posz:0.000,vel:0.00,stat:3

Out > [17:04:27] $posa

Out > [17:04:27] g28.2a0

Out > [17:04:27] $di1fn=0

Out > [17:04:30] g90 g0 a30

From tinyG: [17:04:30] A position:         -0.042 deg

From tinyG: [17:04:30] tinyg [mm] ok> 

From tinyG: [17:04:30] tinyg [mm] ok> 

From tinyG: [17:04:30] posa:-5.687,feed:2000.00,vel:2000.00,coor:0,dist:1,momo:1,stat:9

From tinyG: [17:04:30] posa:-10.042,vel:0.03

From tinyG: [17:04:30] posa:-4.367,vel:2000.00

From tinyG: [17:04:30] posa:1.208,vel:0.03

From tinyG: [17:04:30] vel:0.00

From tinyG: [17:04:30] posa:-4.438,vel:2000.00

From tinyG: [17:04:30] posa:-8.792,vel:0.03

From tinyG: [17:04:30] posa:-7.845,feed:300.00,vel:300.00

From tinyG: [17:04:30] posa:-6.840

From tinyG: [17:04:30] posa:-5.836

From tinyG: [17:04:30] posa:-4.838

From tinyG: [17:04:30] posa:-3.834

From tinyG: [17:04:30] posa:-2.836

From tinyG: [17:04:30] posa:-1.832

From tinyG: [17:04:30] posa:-0.834

From tinyG: [17:04:30] [di1fn] input function          0 [0=none,1=limit,2=interlock,3=shutdown]

From tinyG: [17:04:30] tinyg [mm] ok> 

From tinyG: [17:04:30] tinyg [mm] ok> 

Out > [17:04:30] g90 g0 a-20 z-9

From tinyG: [17:04:30] tinyg [mm] ok> 

From tinyG: [17:04:30] posa:0.000,vel:0.00,stat:5

From tinyG: [17:04:31] posa:21.384,feed:250.00,vel:9671.33,coor:1,dist:0,momo:0

Out > [17:04:31] g90 g0 a30

From tinyG: [17:04:31] tinyg [mm] ok> 

From tinyG: [17:04:31] posz:-0.593,posa:26.704,vel:4221.90

From tinyG: [17:04:31] posz:-3.245,posa:11.974,vel:4515.87

From tinyG: [17:04:31] posz:-5.922,posa:-2.902

From tinyG: [17:04:31] posz:-8.567,posa:-17.594,vel:4048.41

From tinyG: [17:04:32] posz:-9.000,posa:-14.207,vel:8705.25

From tinyG: [17:04:32] posa:18.977,vel:9995.55

From tinyG: [17:04:32] posa:30.000,vel:0.00,stat:3

Out > [17:04:32] g90 g0 z0

Out > [17:04:32] g90 g0 a-30

From tinyG: [17:04:32] tinyg [mm] ok> 

From tinyG: [17:04:32] tinyg [mm] ok> 

From tinyG: [17:04:32] posz:-7.182,vel:800.00,stat:5

From tinyG: [17:04:32] posz:-4.506

From tinyG: [17:04:33] posz:-1.829

From tinyG: [17:04:33] posz:0.000,posa:29.909,vel:418.28

From tinyG: [17:04:33] posa:4.921,vel:10000.00

From tinyG: [17:04:33] posa:-27.370,vel:6148.01

From tinyG: [17:04:33] posa:-30.000,vel:0.00,stat:3

Out > [17:04:34] g90 g0 a20 z-9

Out > [17:04:34] g90 g0 a-30

From tinyG: [17:04:34] tinyg [mm] ok> 

From tinyG: [17:04:34] tinyg [mm] ok> 

From tinyG: [17:04:34] posz:-1.819,posa:-19.896,vel:4515.87,stat:5

From tinyG: [17:04:34] posz:-4.496,posa:-5.020

From tinyG: [17:04:34] posz:-7.154,posa:9.745

From tinyG: [17:04:34] posz:-9.000,posa:19.658,vel:1190.04

From tinyG: [17:04:35] posa:-6.261,vel:10000.00

From tinyG: [17:04:35] posa:-29.994,vel:107.13

From tinyG: [17:04:35] posa:-30.000,vel:0.00,stat:3

Out > [17:04:35] g90 g0 z0

Out > [17:04:35] $di1fn=2

Out > [17:04:35] g90 g0 a-15

From tinyG: [17:04:35] tinyg [mm] ok> 

From tinyG: [17:04:35] {"er":{"fb":86.03,"st":9,"msg":"File not open - write_persistent"}}

From tinyG: [17:04:35] [di1fn] input function          2 [0=none,1=limit,2=interlock,3=shutdown]

From tinyG: [17:04:35] tinyg [mm] ok> 

From tinyG: [17:04:35] tinyg [mm] ok> 

From tinyG: [17:04:35] posz:-7.182,vel:800.00,stat:5

From tinyG: [17:04:35] posz:-4.506

From tinyG: [17:04:36] posz:-1.809

From tinyG: [17:04:36] posz:0.000,posa:-29.892,vel:503.18

From tinyG: [17:04:36] posa:-15.032,vel:349.30

From tinyG: [17:04:36] posa:-15.000,vel:0.00,stat:3

Out > [17:04:36] g90 g0 a-10

Out > [17:04:36] g90 g0 a-15

From tinyG: [17:04:36] tinyg [mm] ok> 

From tinyG: [17:04:36] tinyg [mm] ok> 

From tinyG: [17:04:37] posa:-11.115,vel:2609.07,stat:5

From tinyG: [17:04:37] posa:-15.000,vel:0.00,stat:3

Out > [17:04:37] g91 g1 a30 f250

Out > [17:04:37] g90 g0 z-5

From tinyG: [17:04:37] tinyg [mm] ok> 

From tinyG: [17:04:37] tinyg [mm] ok> 

From tinyG: [17:04:37] posa:-14.209,vel:250.00,dist:1,momo:1,stat:5

From tinyG: [17:04:37] posa:-13.365

From tinyG: [17:04:37] posa:-12.528

From tinyG: [17:04:38] posa:-11.697

From tinyG: [17:04:38] posa:-10.859

From tinyG: [17:04:38] posa:-10.015

From tinyG: [17:04:38] posa:-9.178

From tinyG: [17:04:38] posa:-8.347

From tinyG: [17:04:39] posa:-7.509

From tinyG: [17:04:39] posa:-6.678

From tinyG: [17:04:39] posa:-5.841

From tinyG: [17:04:39] posa:-5.010

From tinyG: [17:04:39] posa:-4.173

From tinyG: [17:04:40] posa:-3.341

From tinyG: [17:04:40] posa:-2.504

From tinyG: [17:04:40] posa:-1.673

From tinyG: [17:04:40] posa:-0.836

From tinyG: [17:04:40] posa:-0.008,vel:139.61,stat:6

From tinyG: [17:04:41] [di1fn] input function          0 [0=none,1=limit,2=interlock,3=shutdown]

From tinyG: [17:04:41] tinyg [mm] ok> 

Out > [17:04:41] g90 g0 z0

Out > [17:04:41] 

From tinyG: [17:04:41] tinyg [mm] ok> 

From tinyG: [17:04:41] posa:-0.001,vel:0.00,dist:0,momo:0,stat:3

Out > [17:04:41] $posa

From tinyG: [17:04:41] A position:         -0.001 deg

From tinyG: [17:04:41] tinyg [mm] ok> 

