[17:36:23] Starting Log file for session: 2020723-173623

From tinyG: [17:36:24] {r:{fv:0.98,fb:86.03,hp:3,hv:0,id:"0213-0215-0515",msg:"SYSTEM READY"},f:[1,0,1]}

Out > [17:36:29] G28.2 Z0 X0

Out > [17:36:29] G90

From tinyG: [17:36:29] {sr:{posz:-14.955,vel:1000.00,momo:1,stat:9}}

From tinyG: [17:36:29] {sr:{posz:-19.129}}

From tinyG: [17:36:30] {sr:{posz:-23.304}}

From tinyG: [17:36:30] {sr:{posz:-27.454}}

From tinyG: [17:36:30] {sr:{posz:-31.653}}

From tinyG: [17:36:30] {sr:{posz:-35.828}}

From tinyG: [17:36:31] {sr:{posz:-40.002}}

From tinyG: [17:36:31] {sr:{posz:-44.177}}

From tinyG: [17:36:31] {sr:{posz:-48.327}}

From tinyG: [17:36:32] {sr:{posz:-50.652,vel:731.41}}

From tinyG: [17:36:32] {sr:{posz:-46.511,vel:1000.00}}

From tinyG: [17:36:32] {sr:{posz:-45.988,feed:100.00,vel:100.00}}

From tinyG: [17:36:32] {sr:{posz:-46.406}}

From tinyG: [17:36:32] {sr:{posz:-46.823}}

From tinyG: [17:36:33] {sr:{posz:-47.240}}

From tinyG: [17:36:33] {sr:{posz:-47.655}}

From tinyG: [17:36:33] {sr:{posz:-48.075}}

From tinyG: [17:36:34] {sr:{posz:-48.492}}

From tinyG: [17:36:34] {sr:{posz:-48.909}}

From tinyG: [17:36:34] {sr:{posz:-49.326}}

From tinyG: [17:36:34] {sr:{posz:-49.741}}

From tinyG: [17:36:35] {sr:{posz:-50.161}}

From tinyG: [17:36:35] {sr:{posz:-48.923,feed:1000.00,vel:1000.00}}

From tinyG: [17:36:35] {sr:{posz:-44.748}}

From tinyG: [17:36:35] {sr:{posz:-40.574}}

From tinyG: [17:36:36] {sr:{posz:-36.399}}

From tinyG: [17:36:36] {sr:{posz:-32.225}}

From tinyG: [17:36:36] {sr:{posz:-28.075}}

From tinyG: [17:36:36] {sr:{posz:-23.875}}

From tinyG: [17:36:37] {sr:{posz:-19.701}}

From tinyG: [17:36:37] {sr:{posz:-15.526}}

From tinyG: [17:36:37] {sr:{posz:-11.352}}

From tinyG: [17:36:37] {sr:{posz:-7.202}}

From tinyG: [17:36:38] {sr:{posz:-3.002}}

From tinyG: [17:36:38] {sr:{posz:0.000,vel:0.04}}

From tinyG: [17:36:38] {sr:{posx:2.408,vel:42.04}}

From tinyG: [17:36:38] {sr:{posx:-1.512,vel:1000.00}}

From tinyG: [17:36:39] {sr:{posx:-2.418,feed:100.00,vel:100.00}}

From tinyG: [17:36:39] {sr:{posx:-2.001}}

From tinyG: [17:36:39] {sr:{posx:-1.583}}

From tinyG: [17:36:39] {sr:{posx:-1.166}}

From tinyG: [17:36:40] {sr:{posx:-0.751}}

From tinyG: [17:36:40] {sr:{posx:-0.331}}

From tinyG: [17:36:40] {sr:{posx:0.086}}

From tinyG: [17:36:40] {sr:{posx:0.503}}

From tinyG: [17:36:41] {sr:{posx:0.921}}

From tinyG: [17:36:41] {sr:{posx:1.336}}

From tinyG: [17:36:41] {sr:{posx:1.755}}

From tinyG: [17:36:41] {sr:{posx:1.645,feed:1000.00,vel:998.95}}

From tinyG: [17:36:41] {r:{gc:"G90"},f:[1,0,4]}

From tinyG: [17:36:42] {sr:{posx:0.000,vel:0.00,dist:0,momo:4,stat:3}}

Out > [17:36:42] G0 Z-12

Out > [17:36:42] G28.2 A0

From tinyG: [17:36:42] {r:{gc:"G0Z-12"},f:[1,0,8]}

From tinyG: [17:36:42] {r:{gc:"G28.2A0"},f:[1,0,9]}

From tinyG: [17:36:42] {sr:{posz:-8.748,vel:3734.58,momo:0,stat:9}}

From tinyG: [17:36:42] {sr:{posz:-12.000,posa:31.675,feed:2000.00,vel:2000.00,dist:1,momo:1}}

From tinyG: [17:36:42] {sr:{posa:40.024}}

From tinyG: [17:36:43] {sr:{posa:48.424}}

From tinyG: [17:36:43] {sr:{posa:56.774}}

From tinyG: [17:36:43] {sr:{posa:65.124}}

From tinyG: [17:36:43] {sr:{posa:73.475}}

From tinyG: [17:36:44] {sr:{posa:81.825}}

From tinyG: [17:36:44] {sr:{posa:90.176}}

From tinyG: [17:36:44] {sr:{posa:98.526}}

From tinyG: [17:36:44] {sr:{posa:106.877}}

From tinyG: [17:36:45] {sr:{posa:115.227}}

From tinyG: [17:36:45] {sr:{posa:123.578}}

From tinyG: [17:36:45] {sr:{posa:131.878}}

From tinyG: [17:36:45] {sr:{posa:140.279}}

From tinyG: [17:36:46] {sr:{posa:148.629}}

From tinyG: [17:36:46] {sr:{posa:156.980}}

From tinyG: [17:36:46] {sr:{posa:165.330}}

From tinyG: [17:36:46] {sr:{posa:173.681}}

From tinyG: [17:36:47] {sr:{posa:181.981}}

From tinyG: [17:36:47] {sr:{posa:190.382}}

From tinyG: [17:36:47] {sr:{posa:198.732}}

From tinyG: [17:36:47] {sr:{posa:207.083}}

From tinyG: [17:36:48] {sr:{posa:215.433}}

From tinyG: [17:36:48] {sr:{posa:223.784}}

From tinyG: [17:36:48] {sr:{posa:232.134}}

From tinyG: [17:36:48] {sr:{posa:240.485}}

From tinyG: [17:36:49] {sr:{posa:248.835}}

From tinyG: [17:36:49] {sr:{posa:257.185}}

From tinyG: [17:36:49] {sr:{posa:265.533}}

From tinyG: [17:36:49] {sr:{posa:273.831}}

From tinyG: [17:36:50] {sr:{posa:282.229}}

From tinyG: [17:36:50] {sr:{posa:290.577}}

From tinyG: [17:36:50] {sr:{posa:298.925}}

From tinyG: [17:36:50] {sr:{posa:307.273}}

From tinyG: [17:36:51] {sr:{posa:315.621}}

From tinyG: [17:36:51] {sr:{posa:323.969}}

From tinyG: [17:36:51] {sr:{posa:332.317}}

From tinyG: [17:36:51] {sr:{posa:340.665}}

From tinyG: [17:36:52] {sr:{posa:349.013}}

From tinyG: [17:36:52] {sr:{posa:357.361}}

From tinyG: [17:36:52] {sr:{posa:360.455,vel:1887.70}}

From tinyG: [17:36:52] {sr:{posa:352.132,vel:2000.00}}

From tinyG: [17:36:53] {sr:{posa:343.804}}

From tinyG: [17:36:53] {sr:{posa:341.719,feed:500.00,vel:500.00}}

From tinyG: [17:36:53] {sr:{posa:343.803}}

From tinyG: [17:36:53] {sr:{posa:345.888}}

From tinyG: [17:36:54] {sr:{posa:347.959}}

From tinyG: [17:36:54] {sr:{posa:350.056}}

From tinyG: [17:36:54] {sr:{posa:352.141}}

From tinyG: [17:36:54] {sr:{posa:354.225}}

From tinyG: [17:36:55] {sr:{posa:356.310}}

From tinyG: [17:36:55] {sr:{posa:358.394}}

From tinyG: [17:36:55] {sr:{posa:0.000,feed:1000.00,vel:0.00,momo:4,stat:3}}

Out > [17:36:55] G91 G0 A30

Out > [17:36:55] {$di1fn:2}

From tinyG: [17:36:55] {r:{gc:"G91G0A30"},f:[1,0,11]}

From tinyG: [17:36:55] {r:{$di1fn:null},f:[1,100,11]}

From tinyG: [17:36:55] {sr:{posa:23.781,vel:9659.52,momo:0,stat:5}}

From tinyG: [17:36:56] {sr:{posa:30.000,vel:0.00,stat:3}}

Out > [17:36:56] $di1ac=2

Out > [17:36:56] G91 G1 A-30 F500

From tinyG: [17:36:56] [di1ac] input action            2 [0=none,1=stop,2=halt,3=stop_steps,4=panic,5=reset]

From tinyG: [17:36:56] tinyg [mm] ok> 

From tinyG: [17:36:56] tinyg [mm] ok> 

From tinyG: [17:36:56] posa:28.041,feed:500.00,vel:500.00,momo:1,stat:5

From tinyG: [17:36:56] posa:25.942

From tinyG: [17:36:56] posa:23.855

From tinyG: [17:36:57] posa:21.768

From tinyG: [17:36:57] posa:19.681

From tinyG: [17:36:57] posa:18.297,vel:0.00,stat:6

