[12:58:59] Starting Log file for session: 20201030-125859

From tinyG: [12:59:01] {"r":{"fv":0.98,"fb":86.03,"hp":3,"hv":0,"id":"0213-0215-0515","msg":"SYSTEM READY"},"f":[1,0,1]}

From tinyG: [12:59:01] tinyg [mm] ok> 

From tinyG: [12:59:01] {"er":{"fb":86.03,"st":9,"msg":"File not open - write_persistent"}}

From tinyG: [12:59:01] [ej]  enable json mode            0 [0=text,1=JSON]

From tinyG: [12:59:01] tinyg [mm] ok> 

Out > [12:59:05] g28.2a0

Out > [12:59:05] $di1fn=0

Out > [12:59:08] g90 g0 a30

From tinyG: [12:59:08] tinyg [mm] ok> 

From tinyG: [12:59:08] coor:0,dist:1,stat:9

From tinyG: [12:59:08] posa:-5.681,feed:2000.00,vel:2000.00,momo:1

From tinyG: [12:59:08] posa:-10.035,vel:0.03

From tinyG: [12:59:08] posa:-4.361,vel:2000.00

From tinyG: [12:59:08] posa:1.264,vel:0.81

From tinyG: [12:59:08] vel:0.00

From tinyG: [12:59:08] posa:-4.382,vel:2000.00

From tinyG: [12:59:08] posa:-8.736,vel:0.03

From tinyG: [12:59:08] posa:-7.789,feed:300.00,vel:300.00

From tinyG: [12:59:08] posa:-6.784

From tinyG: [12:59:08] posa:-5.779

From tinyG: [12:59:08] posa:-4.782

From tinyG: [12:59:08] posa:-3.777

From tinyG: [12:59:08] posa:-2.780

From tinyG: [12:59:08] posa:-1.775

From tinyG: [12:59:08] posa:-0.778

From tinyG: [12:59:08] [di1fn] input function          0 [0=none,1=limit,2=interlock,3=shutdown]

From tinyG: [12:59:08] tinyg [mm] ok> 

From tinyG: [12:59:08] tinyg [mm] ok> 

Out > [12:59:08] g90 g0 a-20 z-9

From tinyG: [12:59:08] tinyg [mm] ok> 

From tinyG: [12:59:08] posa:0.000,vel:0.00,stat:5

From tinyG: [12:59:09] posa:21.383,feed:250.00,vel:9671.40,coor:1,dist:0,momo:0

Out > [12:59:09] g90 g0 a30

From tinyG: [12:59:09] tinyg [mm] ok> 

From tinyG: [12:59:09] posz:0.383,posa:26.917,vel:3850.75

From tinyG: [12:59:09] posz:-2.287,posa:13.563,vel:4079.22

From tinyG: [12:59:09] posz:-4.964,posa:0.179

From tinyG: [12:59:09] posz:-7.621,posa:-13.105

From tinyG: [12:59:10] posz:-9.000,posa:-19.860,vel:854.10

From tinyG: [12:59:10] posa:6.998,vel:10000.00

From tinyG: [12:59:10] posa:29.999,vel:41.02

From tinyG: [12:59:10] posa:30.000,vel:0.00,stat:3

Out > [12:59:10] g90 g0 z0

Out > [12:59:10] g90 g0 a-30

From tinyG: [12:59:10] tinyg [mm] ok> 

From tinyG: [12:59:10] tinyg [mm] ok> 

From tinyG: [12:59:11] posz:-7.162,vel:800.00,stat:5

From tinyG: [12:59:11] posz:-4.506

From tinyG: [12:59:11] posz:-1.829

From tinyG: [12:59:11] posz:0.000,posa:29.909,vel:418.28

From tinyG: [12:59:11] posa:4.672,vel:10000.00

From tinyG: [12:59:12] posa:-27.370,vel:6148.01

From tinyG: [12:59:12] posa:-30.000,vel:0.00,stat:3

Out > [12:59:12] g90 g0 a20 z-9

Out > [12:59:12] g90 g0 a-30

From tinyG: [12:59:12] tinyg [mm] ok> 

From tinyG: [12:59:12] tinyg [mm] ok> 

From tinyG: [12:59:12] posz:-1.819,posa:-19.896,vel:4515.87,stat:5

From tinyG: [12:59:12] posz:-4.496,posa:-5.020

From tinyG: [12:59:12] posz:-7.154,posa:9.745

From tinyG: [12:59:13] posz:-9.000,posa:19.658,vel:1190.04

From tinyG: [12:59:13] posa:-6.261,vel:10000.00

From tinyG: [12:59:13] posa:-29.994,vel:107.13

From tinyG: [12:59:13] posa:-30.000,vel:0.00,stat:3

Out > [12:59:13] g90 g0 z0

Out > [12:59:13] $di1fn=2

Out > [12:59:13] g90 g0 a-15

From tinyG: [12:59:13] tinyg [mm] ok> 

From tinyG: [12:59:13] {"er":{"fb":86.03,"st":9,"msg":"File not open - write_persistent"}}

From tinyG: [12:59:13] [di1fn] input function          2 [0=none,1=limit,2=interlock,3=shutdown]

From tinyG: [12:59:13] tinyg [mm] ok> 

From tinyG: [12:59:13] tinyg [mm] ok> 

From tinyG: [12:59:13] posz:-7.182,vel:800.00,stat:5

From tinyG: [12:59:14] posz:-4.506

From tinyG: [12:59:14] posz:-1.809

From tinyG: [12:59:14] posz:0.000,posa:-29.892,vel:503.18

From tinyG: [12:59:14] posa:-15.032,vel:349.30

From tinyG: [12:59:14] posa:-15.000,vel:0.00,stat:3

Out > [12:59:14] g90 g0 a-10

Out > [12:59:14] g90 g0 a-15

From tinyG: [12:59:14] tinyg [mm] ok> 

From tinyG: [12:59:15] tinyg [mm] ok> 

From tinyG: [12:59:15] posa:-11.115,vel:2609.07,stat:5

From tinyG: [12:59:15] posa:-15.000,vel:0.00,stat:3

Out > [12:59:15] g91 g1 a30 f250

Out > [12:59:15] g90 g0 z-5

From tinyG: [12:59:15] tinyg [mm] ok> 

From tinyG: [12:59:15] tinyg [mm] ok> 

From tinyG: [12:59:15] posa:-14.209,vel:250.00,dist:1,momo:1,stat:5

From tinyG: [12:59:15] posa:-13.365

From tinyG: [12:59:16] posa:-12.528

From tinyG: [12:59:16] posa:-11.697

From tinyG: [12:59:16] posa:-10.859

From tinyG: [12:59:16] posa:-10.015

From tinyG: [12:59:16] posa:-9.178

From tinyG: [12:59:17] posa:-8.347

From tinyG: [12:59:17] posa:-7.509

From tinyG: [12:59:17] posa:-6.678

From tinyG: [12:59:17] posa:-5.841

From tinyG: [12:59:17] posa:-4.997

From tinyG: [12:59:18] posa:-4.160

From tinyG: [12:59:18] posa:-3.329

From tinyG: [12:59:18] posa:-2.492

From tinyG: [12:59:18] posa:-1.660

From tinyG: [12:59:18] posa:-0.823

From tinyG: [12:59:19] posa:-0.057,vel:0.00,stat:6

From tinyG: [12:59:19] tinyg [mm] ok> 

From tinyG: [12:59:19] dist:0,momo:0,stat:3

From tinyG: [12:59:19] [di1fn] input function          0 [0=none,1=limit,2=interlock,3=shutdown]

From tinyG: [12:59:19] tinyg [mm] ok> 

From tinyG: [12:59:19] A position:         -0.057 deg

From tinyG: [12:59:19] tinyg [mm] ok> 

Out > [12:59:19] g90 g0 z1

Out > [12:59:19] g90 g0 z0

From tinyG: [12:59:19] tinyg [mm] ok> 

From tinyG: [12:59:19] tinyg [mm] ok> 

From tinyG: [12:59:19] posz:0.990,vel:100.54,stat:5

From tinyG: [12:59:19] posz:0.000,vel:6.26

From tinyG: [12:59:19] vel:0.00,stat:3

Out > [12:59:19] EOF

Out > [12:59:19] !%~

Out > [12:59:19] g28.2a0

From tinyG: [12:59:19] tinyg [mm] ok> 

From tinyG: [12:59:19] tinyg [mm] ok> 

From tinyG: [12:59:20] posa:-5.703,feed:2000.00,vel:2000.00,coor:0,dist:1,momo:1,stat:9

Out > [12:59:20] $di1fn=0

Out > [12:59:23] g90 g0 a30

From tinyG: [12:59:23] posa:-10.057,vel:0.03

From tinyG: [12:59:23] posa:-4.382,vel:2000.00

From tinyG: [12:59:23] posa:1.192,vel:0.03

From tinyG: [12:59:23] vel:0.00

From tinyG: [12:59:23] posa:-4.454,vel:2000.00

From tinyG: [12:59:23] posa:-8.808,vel:0.03

From tinyG: [12:59:23] posa:-7.861,feed:300.00,vel:300.00

From tinyG: [12:59:23] posa:-6.856

From tinyG: [12:59:23] posa:-5.851

From tinyG: [12:59:23] posa:-4.854

From tinyG: [12:59:23] posa:-3.849

From tinyG: [12:59:23] posa:-2.852

From tinyG: [12:59:23] posa:-1.847

From tinyG: [12:59:23] posa:-0.850

From tinyG: [12:59:23] [di1fn] input function          0 [0=none,1=limit,2=interlock,3=shutdown]

From tinyG: [12:59:23] tinyg [mm] ok> 

From tinyG: [12:59:23] tinyg [mm] ok> 

From tinyG: [12:59:23] posa:0.000,vel:0.00,stat:5

From tinyG: [12:59:23] posa:21.432,feed:250.00,vel:9783.57,coor:1,dist:0,momo:0

Out > [12:59:23] g90 g0 a-20 z-9

From tinyG: [12:59:23] tinyg [mm] ok> 

From tinyG: [12:59:23] posz:-0.242,posa:28.657,vel:3073.27

From tinyG: [12:59:23] posz:-2.834,posa:14.142,vel:4515.87

From tinyG: [12:59:23] posz:-5.507,posa:-0.596

From tinyG: [12:59:24] posz:-8.200,posa:-15.557,vel:4514.81

From tinyG: [12:59:24] posz:-9.000,posa:-20.000,vel:0.00,stat:3

Out > [12:59:24] g90 g0 a30

Out > [12:59:24] g90 g0 z0

From tinyG: [12:59:24] tinyg [mm] ok> 

From tinyG: [12:59:24] tinyg [mm] ok> 

From tinyG: [12:59:24] posa:1.461,vel:10000.00,stat:5

From tinyG: [12:59:24] posa:29.613,vel:1627.20

From tinyG: [12:59:25] posz:-7.410,posa:30.000,vel:800.00

From tinyG: [12:59:25] posz:-4.734

From tinyG: [12:59:25] posz:-2.058

From tinyG: [12:59:25] posz:-0.002,vel:24.12

From tinyG: [12:59:25] posz:0.000,vel:0.00,stat:3

Out > [12:59:25] g90 g0 a-30

Out > [12:59:25] g90 g0 a20 z-9

From tinyG: [12:59:25] tinyg [mm] ok> 

From tinyG: [12:59:25] tinyg [mm] ok> 

From tinyG: [12:59:26] posa:8.501,vel:10000.00,stat:5

From tinyG: [12:59:26] posa:-24.307,vel:8415.06

From tinyG: [12:59:26] posz:-0.847,posa:-25.294,vel:4509.22

From tinyG: [12:59:26] posz:-3.504,posa:-10.531,vel:4515.87

From tinyG: [12:59:26] posz:-6.182,posa:4.345

From tinyG: [12:59:27] posz:-8.772,posa:18.733,vel:3073.27

From tinyG: [12:59:27] posz:-9.000,posa:20.000,vel:0.00,stat:3

Out > [12:59:27] g90 g0 a-30

Out > [12:59:27] g90 g0 z0

From tinyG: [12:59:27] tinyg [mm] ok> 

From tinyG: [12:59:27] tinyg [mm] ok> 

From tinyG: [12:59:27] posa:-1.461,vel:10000.00,stat:5

From tinyG: [12:59:27] posa:-29.613,vel:1627.20

From tinyG: [12:59:28] posz:-7.410,posa:-30.000,vel:800.00

From tinyG: [12:59:28] posz:-4.734

From tinyG: [12:59:28] posz:-2.058

From tinyG: [12:59:28] posz:-0.002,vel:24.12

From tinyG: [12:59:28] posz:0.000,vel:0.00,stat:3

Out > [12:59:28] $di1fn=2

Out > [12:59:28] g90 g0 a-15

Out > [12:59:28] g90 g0 a-10

From tinyG: [12:59:28] [di1fn] input function          2 [0=none,1=limit,2=interlock,3=shutdown]

From tinyG: [12:59:28] tinyg [mm] ok> 

From tinyG: [12:59:28] tinyg [mm] ok> 

From tinyG: [12:59:28] tinyg [mm] ok> 

From tinyG: [12:59:29] posa:-13.775,vel:5721.53,stat:5

From tinyG: [12:59:29] posa:-10.000,vel:0.00,stat:3

Out > [12:59:29] g90 g0 a-15

Out > [12:59:29] g91 g1 a30 f250

From tinyG: [12:59:29] tinyg [mm] ok> 

From tinyG: [12:59:29] tinyg [mm] ok> 

From tinyG: [12:59:29] posa:-14.863,vel:250.00,dist:1,momo:1,stat:5

From tinyG: [12:59:29] posa:-14.025

From tinyG: [12:59:29] posa:-13.188

From tinyG: [12:59:30] posa:-12.350

From tinyG: [12:59:30] posa:-11.519

From tinyG: [12:59:30] posa:-10.675

From tinyG: [12:59:30] posa:-9.838

From tinyG: [12:59:30] posa:-9.007

From tinyG: [12:59:31] posa:-8.169

From tinyG: [12:59:31] posa:-7.326

From tinyG: [12:59:31] posa:-6.488

From tinyG: [12:59:31] posa:-5.657

From tinyG: [12:59:31] posa:-4.820

From tinyG: [12:59:32] posa:-3.976

From tinyG: [12:59:32] posa:-3.139

From tinyG: [12:59:32] posa:-2.307

From tinyG: [12:59:32] posa:-1.470

From tinyG: [12:59:32] posa:-0.639

From tinyG: [12:59:33] posa:-0.035,vel:0.00,stat:6

From tinyG: [12:59:33] tinyg [mm] ok> 

From tinyG: [12:59:33] stat:3

From tinyG: [12:59:33] [di1fn] input function          0 [0=none,1=limit,2=interlock,3=shutdown]

From tinyG: [12:59:33] tinyg [mm] ok> 

From tinyG: [12:59:33] A position:         -0.035 deg

From tinyG: [12:59:33] tinyg [mm] ok> 

Out > [12:59:33] g90 g0 z-5

Out > [12:59:33] g90 g0 z1

From tinyG: [12:59:33] tinyg [mm] ok> 

From tinyG: [12:59:33] tinyg [mm] ok> 

From tinyG: [12:59:33] posz:-1.818,vel:800.00,dist:0,momo:0,stat:5

From tinyG: [12:59:33] posz:-4.483,vel:725.24

From tinyG: [12:59:33] posz:-4.234,vel:795.19

From tinyG: [12:59:34] posz:-1.578,vel:800.00

From tinyG: [12:59:34] posz:0.910,vel:322.08

From tinyG: [12:59:34] posz:1.000,vel:0.00,stat:3

Out > [12:59:34] g90 g0 z0

Out > [12:59:34] EOF

Out > [12:59:34] !%~

From tinyG: [12:59:34] tinyg [mm] ok> 

