[18:25:58] Starting Log file for session: 20201029-182558

From tinyG: [18:26:00] {"r":{"fv":0.98,"fb":86.03,"hp":3,"hv":0,"id":"0213-0215-0515","msg":"SYSTEM READY"},"f":[1,0,1]}

From tinyG: [18:26:00] tinyg [mm] ok> 

From tinyG: [18:26:00] [ej]  enable json mode            0 [0=text,1=JSON]

From tinyG: [18:26:00] tinyg [mm] ok> 

Out > [18:26:04] g28.2a0

Out > [18:26:04] $di1fn=0

Out > [18:26:07] g90 g0 a30

From tinyG: [18:26:07] tinyg [mm] ok> 

From tinyG: [18:26:07] posa:-5.665,feed:2000.00,vel:2000.00,coor:0,dist:1,momo:1,stat:9

From tinyG: [18:26:07] posa:-10.019,vel:0.03

From tinyG: [18:26:07] posa:-4.345,vel:2000.00

From tinyG: [18:26:07] posa:1.280,vel:0.81

From tinyG: [18:26:07] vel:0.00

From tinyG: [18:26:07] posa:-4.366,vel:2000.00

From tinyG: [18:26:07] posa:-8.720,vel:0.03

From tinyG: [18:26:07] posa:-7.773,feed:300.00,vel:300.00

From tinyG: [18:26:07] posa:-6.768

From tinyG: [18:26:07] posa:-5.764

From tinyG: [18:26:07] posa:-4.766

From tinyG: [18:26:07] posa:-3.762

From tinyG: [18:26:07] posa:-2.764

From tinyG: [18:26:07] posa:-1.760

From tinyG: [18:26:07] posa:-0.762

From tinyG: [18:26:07] [di1fn] input function          0 [0=none,1=limit,2=interlock,3=shutdown]

From tinyG: [18:26:07] tinyg [mm] ok> 

From tinyG: [18:26:07] tinyg [mm] ok> 

Out > [18:26:07] g90 g0 a-20 z-9

From tinyG: [18:26:07] tinyg [mm] ok> 

From tinyG: [18:26:07] posa:0.000,vel:0.00,stat:5

From tinyG: [18:26:08] posa:21.384,feed:250.00,vel:9671.33,coor:1,dist:0,momo:0

Out > [18:26:08] g90 g0 a30

From tinyG: [18:26:08] tinyg [mm] ok> 

From tinyG: [18:26:08] posz:-0.593,posa:26.704,vel:4221.90

From tinyG: [18:26:08] posz:-3.245,posa:11.974,vel:4515.87

From tinyG: [18:26:08] posz:-5.922,posa:-2.902

From tinyG: [18:26:09] posz:-8.567,posa:-17.594,vel:4048.41

From tinyG: [18:26:09] posz:-9.000,posa:-14.207,vel:8705.25

From tinyG: [18:26:09] posa:18.977,vel:9995.55

From tinyG: [18:26:09] posa:30.000,vel:0.00,stat:3

Out > [18:26:09] g90 g0 z0

Out > [18:26:09] g90 g0 a-30

From tinyG: [18:26:09] tinyg [mm] ok> 

From tinyG: [18:26:09] tinyg [mm] ok> 

From tinyG: [18:26:09] posz:-7.182,vel:800.00,stat:5

From tinyG: [18:26:10] posz:-4.506

From tinyG: [18:26:10] posz:-1.829

From tinyG: [18:26:10] posz:0.000,posa:29.909,vel:418.28

From tinyG: [18:26:10] posa:4.672,vel:10000.00

From tinyG: [18:26:10] posa:-27.370,vel:6148.01

From tinyG: [18:26:11] posa:-30.000,vel:0.00,stat:3

Out > [18:26:11] g90 g0 a20 z-9

Out > [18:26:11] g90 g0 a-30

From tinyG: [18:26:11] tinyg [mm] ok> 

From tinyG: [18:26:11] tinyg [mm] ok> 

From tinyG: [18:26:11] posz:-1.819,posa:-19.896,vel:4515.87,stat:5

From tinyG: [18:26:11] posz:-4.496,posa:-5.020

From tinyG: [18:26:11] posz:-7.154,posa:9.745

From tinyG: [18:26:11] posz:-9.000,posa:19.716,vel:1119.81

From tinyG: [18:26:12] posa:-6.012,vel:10000.00

From tinyG: [18:26:12] posa:-29.991,vel:138.40

From tinyG: [18:26:12] posa:-30.000,vel:0.00,stat:3

Out > [18:26:12] g90 g0 z0

Out > [18:26:12] $di1fn=2

Out > [18:26:12] g90 g0 a-15

From tinyG: [18:26:12] tinyg [mm] ok> 

From tinyG: [18:26:12] {"er":{"fb":86.03,"st":9,"msg":"File not open - write_persistent"}}

From tinyG: [18:26:12] [di1fn] input function          2 [0=none,1=limit,2=interlock,3=shutdown]

From tinyG: [18:26:12] tinyg [mm] ok> 

From tinyG: [18:26:12] tinyg [mm] ok> 

From tinyG: [18:26:12] posz:-7.182,vel:800.00,stat:5

From tinyG: [18:26:13] posz:-4.506

From tinyG: [18:26:13] posz:-1.809

From tinyG: [18:26:13] posz:0.000,posa:-29.892,vel:503.18

From tinyG: [18:26:13] posa:-15.032,vel:349.30

From tinyG: [18:26:13] posa:-15.000,vel:0.00,stat:3

Out > [18:26:13] g90 g0 a-10

Out > [18:26:13] g90 g0 a-15

From tinyG: [18:26:13] tinyg [mm] ok> 

From tinyG: [18:26:13] tinyg [mm] ok> 

From tinyG: [18:26:14] posa:-11.115,vel:2609.07,stat:5

From tinyG: [18:26:14] posa:-15.000,vel:0.00,stat:3

Out > [18:26:14] g91 g1 a30 f250

Out > [18:26:14] g90 g0 z-5

From tinyG: [18:26:14] tinyg [mm] ok> 

From tinyG: [18:26:14] tinyg [mm] ok> 

From tinyG: [18:26:14] posa:-14.209,vel:250.00,dist:1,momo:1,stat:5

From tinyG: [18:26:14] posa:-13.365

From tinyG: [18:26:15] posa:-12.528

From tinyG: [18:26:15] posa:-11.697

From tinyG: [18:26:15] posa:-10.859

From tinyG: [18:26:15] posa:-10.028

From tinyG: [18:26:15] posa:-9.191

From tinyG: [18:26:16] posa:-8.347

From tinyG: [18:26:16] posa:-7.509

From tinyG: [18:26:16] posa:-6.678

From tinyG: [18:26:16] posa:-5.841

From tinyG: [18:26:16] posa:-5.010

From tinyG: [18:26:17] posa:-4.173

From tinyG: [18:26:17] posa:-3.329

From tinyG: [18:26:17] posa:-2.492

From tinyG: [18:26:17] posa:-1.660

From tinyG: [18:26:17] posa:-0.823

From tinyG: [18:26:18] posa:-0.020,vel:18.33,stat:6

From tinyG: [18:26:18] tinyg [mm] ok> 

From tinyG: [18:26:18] [di1fn] input function          0 [0=none,1=limit,2=interlock,3=shutdown]

From tinyG: [18:26:18] tinyg [mm] ok> 

Out > [18:26:18] g90 g0 z1

Out > [18:26:18] g90 g0 z0

From tinyG: [18:26:18] tinyg [mm] ok> 

From tinyG: [18:26:18] tinyg [mm] ok> 

From tinyG: [18:26:18] posz:0.012,vel:79.10,dist:0,momo:0,stat:5

From tinyG: [18:26:18] posz:0.952,vel:148.43

From tinyG: [18:26:18] posz:0.000,vel:0.00,stat:3

Out > [18:26:18] $posa

From tinyG: [18:26:18] A position:         -0.019 deg

From tinyG: [18:26:18] tinyg [mm] ok> 

