[14:12:29] Starting Log file for session: 20201029-141229

From tinyG: [14:12:30] {"r":{"fv":0.98,"fb":86.03,"hp":3,"hv":0,"id":"0213-0215-0515","msg":"SYSTEM READY"},"f":[1,0,1]}

From tinyG: [14:12:30] tinyg [mm] ok> 

From tinyG: [14:12:30] [ej]  enable json mode            0 [0=text,1=JSON]

From tinyG: [14:12:30] tinyg [mm] ok> 

Out > [14:12:41] $di1fn=2

Out > [14:12:41] g90 g0 a-25

Out > [14:12:41] g90 g0 a-20

From tinyG: [14:12:41] [di1fn] input function          2 [0=none,1=limit,2=interlock,3=shutdown]

From tinyG: [14:12:41] tinyg [mm] ok> 

From tinyG: [14:12:41] tinyg [mm] ok> 

From tinyG: [14:12:41] tinyg [mm] ok> 

From tinyG: [14:12:41] posa:-20.849,vel:7193.61,dist:0,momo:0,stat:5

From tinyG: [14:12:41] posa:-20.296,vel:1456.54

From tinyG: [14:12:41] posa:-20.000,vel:0.00,stat:3

Out > [14:12:41] g90 g0 a-25

Out > [14:12:41] g91 g1 a30 f250

From tinyG: [14:12:41] tinyg [mm] ok> 

From tinyG: [14:12:41] tinyg [mm] ok> 

From tinyG: [14:12:42] posa:-24.863,vel:250.00,dist:1,momo:1,stat:5

From tinyG: [14:12:42] posa:-24.031

From tinyG: [14:12:42] posa:-23.200

From tinyG: [14:12:42] posa:-22.357

From tinyG: [14:12:42] posa:-21.520

From tinyG: [14:12:43] posa:-20.689

From tinyG: [14:12:43] posa:-19.851

From tinyG: [14:12:43] posa:-19.008

From tinyG: [14:12:43] posa:-18.170

From tinyG: [14:12:43] posa:-17.333

From tinyG: [14:12:44] posa:-16.502

From tinyG: [14:12:44] posa:-15.658

From tinyG: [14:12:44] posa:-14.821

From tinyG: [14:12:44] posa:-13.990

From tinyG: [14:12:44] posa:-13.152

From tinyG: [14:12:45] posa:-12.321

From tinyG: [14:12:45] posa:-11.484

From tinyG: [14:12:45] posa:-10.640

From tinyG: [14:12:45] posa:-9.803

From tinyG: [14:12:45] posa:-8.972

From tinyG: [14:12:46] posa:-8.134

From tinyG: [14:12:46] posa:-7.290

From tinyG: [14:12:46] posa:-6.453

From tinyG: [14:12:46] posa:-5.622

From tinyG: [14:12:46] posa:-4.784

From tinyG: [14:12:47] posa:-3.941

From tinyG: [14:12:47] posa:-3.103

From tinyG: [14:12:47] posa:-2.272

From tinyG: [14:12:47] posa:-1.435

From tinyG: [14:12:47] posa:-0.604

From tinyG: [14:12:48] posa:0.012,vel:0.00,stat:6

From tinyG: [14:12:48] stat:3

From tinyG: [14:12:48] tinyg [mm] ok> 

From tinyG: [14:12:48] [di1fn] input function          0 [0=none,1=limit,2=interlock,3=shutdown]

From tinyG: [14:12:48] tinyg [mm] ok> 

Out > [14:12:48] $posa

From tinyG: [14:12:48] A position:          0.012 deg

From tinyG: [14:12:48] tinyg [mm] ok> 

Out > [14:12:48] $di1fn=2

Out > [14:12:48] g90 g0 a-25

Out > [14:12:48] g90 g0 a-20

From tinyG: [14:12:48] [di1fn] input function          2 [0=none,1=limit,2=interlock,3=shutdown]

From tinyG: [14:12:48] tinyg [mm] ok> 

From tinyG: [14:12:48] tinyg [mm] ok> 

From tinyG: [14:12:48] tinyg [mm] ok> 

From tinyG: [14:12:48] posa:-20.671,vel:7360.10,dist:0,momo:0,stat:5

From tinyG: [14:12:48] posa:-20.296,vel:1456.54

From tinyG: [14:12:49] posa:-20.000,vel:0.00,stat:3

Out > [14:12:49] g90 g0 a-25

Out > [14:12:49] g91 g1 a30 f250

From tinyG: [14:12:49] tinyg [mm] ok> 

From tinyG: [14:12:49] tinyg [mm] ok> 

From tinyG: [14:12:49] posa:-24.863,vel:250.00,dist:1,momo:1,stat:5

From tinyG: [14:12:49] posa:-24.025

From tinyG: [14:12:49] posa:-23.188

From tinyG: [14:12:49] posa:-22.357

From tinyG: [14:12:50] posa:-21.520

From tinyG: [14:12:50] posa:-20.676

From tinyG: [14:12:50] posa:-19.839

From tinyG: [14:12:50] posa:-19.008

From tinyG: [14:12:50] posa:-18.170

From tinyG: [14:12:51] posa:-17.327

From tinyG: [14:12:51] posa:-16.490

From tinyG: [14:12:51] posa:-15.658

From tinyG: [14:12:51] posa:-14.821

From tinyG: [14:12:51] posa:-13.990

From tinyG: [14:12:52] posa:-13.152

From tinyG: [14:12:52] posa:-12.321

From tinyG: [14:12:52] posa:-11.484

From tinyG: [14:12:52] posa:-10.640

From tinyG: [14:12:52] posa:-9.803

From tinyG: [14:12:53] posa:-8.972

From tinyG: [14:12:53] posa:-8.134

From tinyG: [14:12:53] posa:-7.290

From tinyG: [14:12:53] posa:-6.453

From tinyG: [14:12:53] posa:-5.622

From tinyG: [14:12:54] posa:-4.784

From tinyG: [14:12:54] posa:-3.953

From tinyG: [14:12:54] posa:-3.116

From tinyG: [14:12:54] posa:-2.285

From tinyG: [14:12:54] posa:-1.447

From tinyG: [14:12:55] posa:-0.616

From tinyG: [14:12:55] posa:-0.000,vel:0.00,stat:6

From tinyG: [14:12:55] stat:3

From tinyG: [14:12:55] tinyg [mm] ok> 

From tinyG: [14:12:55] [di1fn] input function          0 [0=none,1=limit,2=interlock,3=shutdown]

From tinyG: [14:12:55] tinyg [mm] ok> 

Out > [14:12:55] 

Out > [14:12:55] $posa

Out > [14:12:55] $di1fn=2

Out > [14:12:55] g90 g0 a-25

From tinyG: [14:12:55] A position:         -0.000 deg

From tinyG: [14:12:55] tinyg [mm] ok> 

From tinyG: [14:12:55] [di1fn] input function          2 [0=none,1=limit,2=interlock,3=shutdown]

From tinyG: [14:12:55] tinyg [mm] ok> 

From tinyG: [14:12:55] tinyg [mm] ok> 

From tinyG: [14:12:55] posa:-21.026,vel:7559.61,dist:0,momo:0,stat:5

From tinyG: [14:12:55] posa:-25.000,vel:0.00,stat:3

Out > [14:12:55] g90 g0 a-20

Out > [14:12:55] g90 g0 a-25

From tinyG: [14:12:55] tinyg [mm] ok> 

From tinyG: [14:12:55] tinyg [mm] ok> 

From tinyG: [14:12:56] posa:-21.115,vel:2609.07,stat:5

From tinyG: [14:12:56] posa:-25.000,vel:0.00,stat:3

Out > [14:12:56] g91 g1 a30 f250

Out > [14:12:56] 

From tinyG: [14:12:56] tinyg [mm] ok> 

From tinyG: [14:12:56] posa:-24.209,vel:250.00,dist:1,momo:1,stat:5

From tinyG: [14:12:56] posa:-23.371

From tinyG: [14:12:57] posa:-22.540

From tinyG: [14:12:57] posa:-21.702

From tinyG: [14:12:57] posa:-20.871

From tinyG: [14:12:57] posa:-20.033

From tinyG: [14:12:57] posa:-19.202

From tinyG: [14:12:58] posa:-18.365

From tinyG: [14:12:58] posa:-17.533

From tinyG: [14:12:58] posa:-16.696

From tinyG: [14:12:58] posa:-15.864

From tinyG: [14:12:58] posa:-15.027

From tinyG: [14:12:59] posa:-14.196

From tinyG: [14:12:59] posa:-13.352

From tinyG: [14:12:59] posa:-12.515

From tinyG: [14:12:59] posa:-11.684

From tinyG: [14:12:59] posa:-10.846

From tinyG: [14:13:00] posa:-10.003

From tinyG: [14:13:00] posa:-9.165

From tinyG: [14:13:00] posa:-8.334

From tinyG: [14:13:00] posa:-7.496

From tinyG: [14:13:00] posa:-6.653

From tinyG: [14:13:01] posa:-5.815

From tinyG: [14:13:01] posa:-4.984

From tinyG: [14:13:01] posa:-4.147

From tinyG: [14:13:01] posa:-3.303

From tinyG: [14:13:01] posa:-2.465

From tinyG: [14:13:02] posa:-1.634

From tinyG: [14:13:02] posa:-0.797

From tinyG: [14:13:02] posa:-0.005,vel:1.78,stat:6

From tinyG: [14:13:02] vel:0.00

From tinyG: [14:13:02] stat:3

From tinyG: [14:13:11] tinyg [mm] ok> 

Out > [14:13:12] ~

