[13:20:25] Starting Log file for session: 2020811-132025

From tinyG: [13:20:27] {"r":{"fv":0.98,"fb":86.03,"hp":3,"hv":0,"id":"0213-0215-0515","msg":"SYSTEM READY"},"f":[1,0,1]}

From tinyG: [13:20:27] [ej]  enable json mode            0 [0=text,1=JSON]

From tinyG: [13:20:27] tinyg [mm] ok> 

Out > [13:21:55] g91 g1 z-5 f500

Out > [13:21:55] g90 g1 g0 

From tinyG: [13:21:55] tinyg [mm] ok> 

From tinyG: [13:21:55] tinyg [mm] ok> 

From tinyG: [13:21:56] posz:-1.489,feed:500.00,vel:500.00,dist:1,stat:5

From tinyG: [13:21:56] posz:-3.149

From tinyG: [13:21:56] posz:-4.835,vel:499.47

From tinyG: [13:21:56] posz:-5.000,vel:0.00,dist:0,momo:0,stat:3

Out > [13:21:56] g90 g0 a20

Out > [13:21:56] g90 g0 a0

From tinyG: [13:21:56] tinyg [mm] ok> 

From tinyG: [13:21:56] tinyg [mm] ok> 

From tinyG: [13:21:57] posa:17.841,vel:4542.30,stat:5

From tinyG: [13:21:57] posa:8.300,vel:8529.51

From tinyG: [13:21:57] posa:0.000,vel:0.00,stat:3

Out > [13:21:57] g91 g1 z-5 f500

Out > [13:21:57] g90 g1 g0 

From tinyG: [13:21:57] tinyg [mm] ok> 

From tinyG: [13:21:57] tinyg [mm] ok> 

From tinyG: [13:21:57] posz:-6.489,vel:500.00,dist:1,momo:1,stat:5

From tinyG: [13:21:58] posz:-8.149

From tinyG: [13:21:58] posz:-9.835,vel:499.47

From tinyG: [13:21:58] posz:-10.000,vel:0.00,dist:0,momo:0,stat:3

Out > [13:21:58] g90 g0 a20

Out > [13:21:58] g90 g0 a0

From tinyG: [13:21:58] tinyg [mm] ok> 

From tinyG: [13:21:58] tinyg [mm] ok> 

From tinyG: [13:21:58] posa:17.841,vel:4542.30,stat:5

From tinyG: [13:21:58] posa:8.300,vel:8529.51

From tinyG: [13:21:59] posa:0.000,vel:0.00,stat:3

Out > [13:21:59] g91 g1 z-5 f500

Out > [13:21:59] g90 g1 g0 

From tinyG: [13:21:59] {"er":{"fb":86.03,"st":225,"msg":"Soft limit - Z min - soft_limits"}}

From tinyG: [13:21:59] tinyg [mm] err[225]: Soft limit - Z min: g91 g1 z-5 f500 

From tinyG: [13:21:59] tinyg [mm] err[204]: Command rejected by ALARM [$clear to reset]: g90 g1 g0  

From tinyG: [13:22:43] tinyg [mm] ok> 

Out > [13:22:46] ~

Out > [13:22:48] $clear

From tinyG: [13:22:48] tinyg [mm] ok> 

Out > [13:22:51] g28.3z0

From tinyG: [13:22:51] tinyg [mm] ok> 

From tinyG: [13:23:05] tinyg [mm] ok> 

From tinyG: [13:23:07] tinyg [mm] ok> 

Out > [13:23:09] !

Out > [13:23:09] ~

From tinyG: [13:23:21] {"r":{"fv":0.98,"fb":86.03,"hp":3,"hv":0,"id":"0213-0215-0515","msg":"SYSTEM READY"},"f":[1,0,1]}

From tinyG: [13:23:21] [ej]  enable json mode            0 [0=text,1=JSON]

From tinyG: [13:23:21] tinyg [mm] ok> 

From tinyG: [13:23:46] {"r":{"tinygmo":null},"f":[1,100,26]}

From tinyG: [13:23:46] {"r":{"baud":null},"f":[1,100,11]}

From tinyG: [13:23:46] {r:{js:0},f:[1,0,9]}

From tinyG: [13:23:46] {r:{gpa:0},f:[1,0,10]}

From tinyG: [13:23:46] {r:{gun:1},f:[1,0,10]}

From tinyG: [13:23:46] {r:{ja:0.00},f:[1,0,9]}

From tinyG: [13:23:46] {r:{si:250},f:[1,0,11]}

From tinyG: [13:23:46] {r:{jv:5},f:[1,0,9]}

From tinyG: [13:23:46] {r:{mt:0},f:[1,0,11]}

From tinyG: [13:23:46] {r:{st:null},f:[1,100,9]}

From tinyG: [13:23:46] {r:{qv:0},f:[1,0,9]}

From tinyG: [13:23:46] {r:{tv:1},f:[1,0,9]}

From tinyG: [13:23:46] {r:{sv:1},f:[1,0,9]}

From tinyG: [13:23:46] {r:{motorma:null},f:[1,100,20]}

From tinyG: [13:23:46] {r:{1ma:5},f:[1,0,10]}

From tinyG: [13:23:46] {r:{2ma:0},f:[1,0,10]}

From tinyG: [13:23:46] {r:{3ma:2},f:[1,0,10]}

From tinyG: [13:23:46] {r:{4ma:3},f:[1,0,10]}

From tinyG: [13:23:46] {r:{polarit:null},f:[1,100,18]}

From tinyG: [13:23:46] {r:{1po:1},f:[1,0,10]}

From tinyG: [13:23:46] {r:{2po:0},f:[1,0,10]}

From tinyG: [13:23:46] {r:{3po:1},f:[1,0,10]}

From tinyG: [13:23:46] {r:{4po:0},f:[1,0,10]}

From tinyG: [13:23:46] {r:{trvalue:null},f:[1,100,16]}

From tinyG: [13:23:46] {r:{1tr:60.0000},f:[1,0,11]}

From tinyG: [13:23:46] {r:{2tr:6.3500},f:[1,0,13]}

From tinyG: [13:23:46] {r:{3tr:5.0000},f:[1,0,10]}

From tinyG: [13:23:46] {r:{4tr:60.0000},f:[1,0,11]}

From tinyG: [13:23:46] {r:{powerse:null},f:[1,100,21]}

From tinyG: [13:23:46] {r:{1pl:1.000},f:[1,0,10]}

From tinyG: [13:23:46] {r:{2pl:1.000},f:[1,0,10]}

From tinyG: [13:23:46] {r:{3pl:0.000},f:[1,0,10]}

From tinyG: [13:23:46] {r:{4pl:0.000},f:[1,0,10]}

From tinyG: [13:23:46] {r:{1pm:2},f:[1,0,10]}

From tinyG: [13:23:46] {r:{2pm:2},f:[1,0,10]}

From tinyG: [13:23:46] {r:{3pm:2},f:[1,0,10]}

From tinyG: [13:23:46] {r:{4pm:2},f:[1,0,10]}

From tinyG: [13:23:46] {r:{motorse:null},f:[1,100,21]}

From tinyG: [13:23:46] {r:{1mi:16},f:[1,0,11]}

From tinyG: [13:23:46] {r:{2mi:32},f:[1,0,11]}

From tinyG: [13:23:46] {r:{3mi:10,msg:"*** WARNING *** Setting non-standard microstep value"},f:[1,0,11]}

From tinyG: [13:23:46] {r:{4mi:10,msg:"*** WARNING *** Setting non-standard microstep value"},f:[1,0,11]}

From tinyG: [13:23:46] {r:{1sa:1.800},f:[1,0,12]}

From tinyG: [13:23:46] {r:{2sa:1.800},f:[1,0,12]}

From tinyG: [13:23:46] {r:{3sa:1.800},f:[1,0,12]}

From tinyG: [13:23:46] {r:{4sa:1.800},f:[1,0,12]}

From tinyG: [13:23:46] {r:{axesset:null},f:[1,100,20]}

From tinyG: [13:23:46] {r:{xam:1},f:[1,0,10]}

From tinyG: [13:23:46] {r:{xvm:1500},f:[1,0,13]}

From tinyG: [13:23:46] {r:{xjm:5000},f:[1,0,13]}

From tinyG: [13:23:46] {r:{xfr:5000},f:[1,0,13]}

From tinyG: [13:23:46] {r:{xtn:-500.000},f:[1,0,13]}

From tinyG: [13:23:46] {r:{xtm:0.000},f:[1,0,10]}

From tinyG: [13:23:46] {r:{yam:0},f:[1,0,10]}

From tinyG: [13:23:46] {r:{yvm:0},f:[1,0,10]}

From tinyG: [13:23:46] {r:{yjm:0},f:[1,0,10]}

From tinyG: [13:23:46] {r:{yfr:0},f:[1,0,10]}

From tinyG: [13:23:46] {r:{zam:1},f:[1,0,10]}

From tinyG: [13:23:46] {r:{zvm:3750},f:[1,0,13]}

From tinyG: [13:23:46] {r:{zjm:5000},f:[1,0,13]}

From tinyG: [13:23:46] {r:{zfr:3750},f:[1,0,13]}

From tinyG: [13:23:46] {r:{ztn:-100.000},f:[1,0,13]}

From tinyG: [13:23:46] {r:{ztm:2.000},f:[1,0,10]}

From tinyG: [13:23:46] {r:{aam:1},f:[1,0,10]}

From tinyG: [13:23:46] {r:{avm:20000},f:[1,0,14]}

From tinyG: [13:23:46] {r:{ajm:10000},f:[1,0,14]}

From tinyG: [13:23:46] {r:{afr:15000},f:[1,0,14]}

From tinyG: [13:23:46] {r:{atn:-3600.000},f:[1,0,14]}

From tinyG: [13:23:46] {r:{atm:3600.000},f:[1,0,13]}

From tinyG: [13:23:46] {r:{cam:1},f:[1,0,10]}

From tinyG: [13:23:46] {r:{cvm:10000},f:[1,0,14]}

From tinyG: [13:23:46] {r:{cjm:5000},f:[1,0,13]}

From tinyG: [13:23:46] {r:{cfr:10000},f:[1,0,14]}

From tinyG: [13:23:46] {r:{ctn:-3600.000},f:[1,0,14]}

From tinyG: [13:23:46] {r:{ctm:3600.000},f:[1,0,13]}

From tinyG: [13:23:46] {r:{limitsw:null},f:[1,100,21]}

From tinyG: [13:23:46] {r:{sl:1},f:[1,0,9]}

From tinyG: [13:23:46] {r:{xsn:null},f:[1,100,10]}

From tinyG: [13:23:46] {r:{ahi:1},f:[1,0,10]}

From tinyG: [13:23:46] {r:{di1mo:1},f:[1,0,12]}

From tinyG: [13:23:46] {r:{di1ac:0},f:[1,0,12]}

From tinyG: [13:23:46] {r:{di1fn:0},f:[1,0,12]}

From tinyG: [13:23:46] {r:{xsx:null},f:[1,100,10]}

From tinyG: [13:23:46] {r:{xhi:2},f:[1,0,10]}

From tinyG: [13:23:46] {r:{di2mo:0},f:[1,0,12]}

From tinyG: [13:23:46] {r:{di2ac:0},f:[1,0,12]}

From tinyG: [13:23:46] {r:{di2fn:0},f:[1,0,12]}

From tinyG: [13:23:46] {r:{ysn:null},f:[1,100,10]}

From tinyG: [13:23:46] {r:{yhi:0},f:[1,0,10]}

From tinyG: [13:23:46] {r:{di3mo:-1},f:[1,0,13]}

From tinyG: [13:23:46] {r:{di3ac:0},f:[1,0,12]}

From tinyG: [13:23:46] {r:{di3fn:0},f:[1,0,12]}

From tinyG: [13:23:46] {r:{ysx:null},f:[1,100,10]}

From tinyG: [13:23:46] {r:{di4mo:-1},f:[1,0,13]}

From tinyG: [13:23:46] {r:{di4ac:0},f:[1,0,12]}

From tinyG: [13:23:46] {r:{di4fn:0},f:[1,0,12]}

From tinyG: [13:23:46] {r:{zsn:null},f:[1,100,10]}

From tinyG: [13:23:46] {r:{zhi:5},f:[1,0,10]}

From tinyG: [13:23:46] {r:{di5mo:0},f:[1,0,12]}

From tinyG: [13:23:46] {r:{di5ac:0},f:[1,0,12]}

From tinyG: [13:23:46] {r:{di5fn:0},f:[1,0,12]}

From tinyG: [13:23:46] {r:{zsx:null},f:[1,100,10]}

From tinyG: [13:23:46] {r:{di6mo:-1},f:[1,0,13]}

From tinyG: [13:23:46] {r:{di6ac:0},f:[1,0,12]}

From tinyG: [13:23:46] {r:{di6fn:0},f:[1,0,12]}

From tinyG: [13:23:46] {r:{asn:null},f:[1,100,10]}

From tinyG: [13:23:46] {r:{di7mo:-1},f:[1,0,13]}

From tinyG: [13:23:46] {r:{di7ac:0},f:[1,0,12]}

From tinyG: [13:23:46] {r:{di7fn:0},f:[1,0,12]}

From tinyG: [13:23:46] {r:{asx:null},f:[1,100,10]}

From tinyG: [13:23:46] {r:{di8mo:-1},f:[1,0,13]}

From tinyG: [13:23:46] {r:{di8ac:0},f:[1,0,12]}

From tinyG: [13:23:46] {r:{di8fn:0},f:[1,0,12]}

From tinyG: [13:23:46] {r:{di9mo:-1},f:[1,0,13]}

From tinyG: [13:23:46] {r:{di9ac:0},f:[1,0,12]}

From tinyG: [13:23:46] {r:{di9fn:0},f:[1,0,12]}

From tinyG: [13:23:46] {r:{homingc:null},f:[1,100,20]}

From tinyG: [13:23:46] {r:{st:null},f:[1,100,9]}

From tinyG: [13:23:46] {r:{xhd:1},f:[1,0,10]}

From tinyG: [13:23:46] {r:{xsv:1000},f:[1,0,13]}

From tinyG: [13:23:46] {r:{xlv:100.00},f:[1,0,12]}

From tinyG: [13:23:46] {r:{xlb:5.000},f:[1,0,10]}

From tinyG: [13:23:46] {r:{xzb:2.000},f:[1,0,10]}

From tinyG: [13:23:46] {r:{xjh:10000},f:[1,0,14]}

From tinyG: [13:23:46] {r:{zhd:0},f:[1,0,10]}

From tinyG: [13:23:46] {r:{zsv:1000},f:[1,0,13]}

From tinyG: [13:23:46] {r:{zlv:100.00},f:[1,0,12]}

From tinyG: [13:23:46] {r:{zlb:5.000},f:[1,0,10]}

From tinyG: [13:23:46] {r:{zzb:52.100},f:[1,0,13]}

From tinyG: [13:23:46] {r:{zjh:10000},f:[1,0,14]}

From tinyG: [13:23:46] {r:{ahd:1},f:[1,0,10]}

From tinyG: [13:23:46] {r:{asv:5000},f:[1,0,13]}

From tinyG: [13:23:46] {r:{alv:500.00},f:[1,0,12]}

From tinyG: [13:23:46] {r:{alb:20.000},f:[1,0,11]}

From tinyG: [13:23:46] {r:{azb:0.000},f:[1,0,10]}

From tinyG: [13:23:46] {r:{ajh:10000},f:[1,0,14]}

From tinyG: [13:23:46] [ej]  enable json mode            0 [0=text,1=JSON]

From tinyG: [13:23:46] tinyg [mm] ok> 

From tinyG: [13:23:46] line:0,posx:0.000,posy:0.000,posz:0.000,posa:0.000,feed:0.00,vel:0.00,unit:1,coor:1,dist:0,admo:1,frmo:1,momo:4,stat:1

Out > [13:23:49] $2ma=2

From tinyG: [13:23:49] [2ma] m2 map to axis              2 [0=X,1=Y,2=Z...]

From tinyG: [13:23:49] tinyg [mm] ok> 

Out > [13:23:57] $2tr=1

From tinyG: [13:23:57] [2tr] m2 travel per revolution    1.0000 mm

From tinyG: [13:23:57] tinyg [mm] ok> 

Out > [13:24:04] g91 g0 z-1

From tinyG: [13:24:04] tinyg [mm] ok> 

From tinyG: [13:24:05] posz:-1.000,dist:1,momo:0,stat:3

Out > [13:24:09] g90 g0 z0

From tinyG: [13:24:09] tinyg [mm] ok> 

From tinyG: [13:24:09] posz:0.000,dist:0,stat:3

Out > [13:24:16] g28.3z0

Out > [13:24:16] g91 g1 z-5 f500

From tinyG: [13:24:16] tinyg [mm] ok> 

From tinyG: [13:24:16] tinyg [mm] ok> 

From tinyG: [13:24:17] posz:-1.901,feed:500.00,vel:500.00,dist:1,momo:1,stat:5

From tinyG: [13:24:17] posz:-3.998

From tinyG: [13:24:17] posz:-5.000,vel:0.00,stat:3

Out > [13:24:17] g90 g1 z0 

Out > [13:24:17] g90 g0 a20

From tinyG: [13:24:17] tinyg [mm] ok> 

From tinyG: [13:24:17] tinyg [mm] ok> 

From tinyG: [13:24:17] posz:-3.099,vel:500.00,dist:0,stat:5

From tinyG: [13:24:18] posz:-1.014

From tinyG: [13:24:18] posz:0.000,posa:5.490,vel:8056.09,momo:0

From tinyG: [13:24:18] posa:20.000,vel:0.00,stat:3

Out > [13:24:18] g90 g0 a0

Out > [13:24:18] g91 g1 z-5 f500

From tinyG: [13:24:18] tinyg [mm] ok> 

From tinyG: [13:24:18] tinyg [mm] ok> 

From tinyG: [13:24:19] posa:0.023,vel:277.85,stat:5

From tinyG: [13:24:19] posz:-1.738,posa:0.000,vel:500.00,dist:1,momo:1

From tinyG: [13:24:19] posz:-3.824

From tinyG: [13:24:19] posz:-5.000,vel:0.00,stat:3

Out > [13:24:19] g90 g1 z0 

Out > [13:24:19] g90 g0 a20

From tinyG: [13:24:19] tinyg [mm] ok> 

From tinyG: [13:24:19] tinyg [mm] ok> 

From tinyG: [13:24:20] posz:-3.099,vel:500.00,dist:0,stat:5

From tinyG: [13:24:20] posz:-1.014

From tinyG: [13:24:20] posz:0.000,posa:5.490,vel:8056.09,momo:0

From tinyG: [13:24:20] posa:20.000,vel:0.00,stat:3

Out > [13:24:20] g90 g0 a0

Out > [13:24:20] g91 g1 z-5 f500

From tinyG: [13:24:20] tinyg [mm] ok> 

From tinyG: [13:24:20] tinyg [mm] ok> 

From tinyG: [13:24:21] posa:0.023,vel:277.85,stat:5

From tinyG: [13:24:21] posz:-1.738,posa:0.000,vel:500.00,dist:1,momo:1

From tinyG: [13:24:21] posz:-3.824

From tinyG: [13:24:21] posz:-5.000,vel:0.00,stat:3

Out > [13:24:21] g90 g1 z0 

Out > [13:24:21] g90 g0 a20

From tinyG: [13:24:21] tinyg [mm] ok> 

From tinyG: [13:24:22] tinyg [mm] ok> 

From tinyG: [13:24:22] posz:-3.099,vel:500.00,dist:0,stat:5

From tinyG: [13:24:22] posz:-1.014

From tinyG: [13:24:22] posz:0.000,posa:5.490,vel:8056.09,momo:0

From tinyG: [13:24:23] posa:20.000,vel:0.00,stat:3

Out > [13:24:23] g90 g0 a0

Out > [13:24:23] g91 g1 z-5 f500

From tinyG: [13:24:23] tinyg [mm] ok> 

From tinyG: [13:24:23] tinyg [mm] ok> 

From tinyG: [13:24:23] posa:0.023,vel:277.85,stat:5

From tinyG: [13:24:23] posz:-1.738,posa:0.000,vel:500.00,dist:1,momo:1

From tinyG: [13:24:23] posz:-3.824

From tinyG: [13:24:24] posz:-5.000,vel:0.00,stat:3

Out > [13:24:24] g90 g1 z0 

Out > [13:24:24] g90 g0 a20

From tinyG: [13:24:24] tinyg [mm] ok> 

From tinyG: [13:24:24] tinyg [mm] ok> 

From tinyG: [13:24:24] posz:-3.099,vel:500.00,dist:0,stat:5

From tinyG: [13:24:24] posz:-1.014

From tinyG: [13:24:24] posz:0.000,posa:5.490,vel:8056.09,momo:0

From tinyG: [13:24:25] posa:20.000,vel:0.00,stat:3

Out > [13:24:25] g90 g0 a0

Out > [13:24:25] g91 g1 z-5 f500

From tinyG: [13:24:25] tinyg [mm] ok> 

From tinyG: [13:24:25] tinyg [mm] ok> 

From tinyG: [13:24:25] posa:0.023,vel:277.85,stat:5

From tinyG: [13:24:25] posz:-1.738,posa:0.000,vel:500.00,dist:1,momo:1

From tinyG: [13:24:26] posz:-3.824

From tinyG: [13:24:26] posz:-5.000,vel:0.00,stat:3

Out > [13:24:26] g90 g1 z0 

Out > [13:24:26] g90 g0 a20

From tinyG: [13:24:26] tinyg [mm] ok> 

From tinyG: [13:24:26] tinyg [mm] ok> 

From tinyG: [13:24:26] posz:-3.099,vel:500.00,dist:0,stat:5

From tinyG: [13:24:26] posz:-1.014

From tinyG: [13:24:27] posz:0.000,posa:5.490,vel:8056.09,momo:0

From tinyG: [13:24:27] posa:20.000,vel:0.00,stat:3

Out > [13:24:27] g90 g0 a0

From tinyG: [13:24:27] tinyg [mm] ok> 

From tinyG: [13:24:27] posa:0.023,vel:277.85,stat:5

From tinyG: [13:24:27] posa:0.000,vel:0.00,stat:3

Out > [13:24:30] g28.3z0

Out > [13:24:30] g91 g1 z-5 f500

From tinyG: [13:24:30] tinyg [mm] ok> 

From tinyG: [13:24:30] tinyg [mm] ok> 

From tinyG: [13:24:31] posz:-1.901,vel:500.00,dist:1,momo:1,stat:5

From tinyG: [13:24:31] posz:-3.998

From tinyG: [13:24:31] posz:-5.000,vel:0.00,stat:3

Out > [13:24:31] g90 g1 z0 

Out > [13:24:31] g90 g0 a20

From tinyG: [13:24:31] tinyg [mm] ok> 

From tinyG: [13:24:31] tinyg [mm] ok> 

From tinyG: [13:24:32] posz:-3.099,vel:500.00,dist:0,stat:5

From tinyG: [13:24:32] posz:-1.014

From tinyG: [13:24:32] posz:0.000,posa:5.490,vel:8056.09,momo:0

From tinyG: [13:24:32] posa:20.000,vel:0.00,stat:3

Out > [13:24:32] g90 g0 a0

Out > [13:24:32] g91 g1 z-5 f500

From tinyG: [13:24:32] tinyg [mm] ok> 

From tinyG: [13:24:32] tinyg [mm] ok> 

From tinyG: [13:24:33] posa:0.023,vel:277.85,stat:5

From tinyG: [13:24:33] posz:-1.738,posa:0.000,vel:500.00,dist:1,momo:1

From tinyG: [13:24:33] posz:-3.824

From tinyG: [13:24:33] posz:-5.000,vel:0.00,stat:3

Out > [13:24:33] g90 g1 z0 

Out > [13:24:33] g90 g0 a20

From tinyG: [13:24:33] tinyg [mm] ok> 

From tinyG: [13:24:33] tinyg [mm] ok> 

From tinyG: [13:24:34] posz:-3.099,vel:500.00,dist:0,stat:5

From tinyG: [13:24:34] posz:-1.014

From tinyG: [13:24:34] posz:0.000,posa:5.490,vel:8056.09,momo:0

From tinyG: [13:24:34] posa:20.000,vel:0.00,stat:3

Out > [13:24:34] g90 g0 a0

Out > [13:24:34] g91 g1 z-5 f500

From tinyG: [13:24:34] tinyg [mm] ok> 

From tinyG: [13:24:34] tinyg [mm] ok> 

From tinyG: [13:24:35] posa:0.023,vel:277.85,stat:5

From tinyG: [13:24:35] posz:-1.738,posa:0.000,vel:500.00,dist:1,momo:1

From tinyG: [13:24:35] posz:-3.824

From tinyG: [13:24:36] posz:-5.000,vel:0.00,stat:3

Out > [13:24:36] g90 g1 z0 

Out > [13:24:36] g90 g0 a20

From tinyG: [13:24:36] tinyg [mm] ok> 

From tinyG: [13:24:36] tinyg [mm] ok> 

From tinyG: [13:24:36] posz:-3.099,vel:500.00,dist:0,stat:5

From tinyG: [13:24:36] posz:-1.027

From tinyG: [13:24:36] posz:0.000,posa:5.490,vel:8056.09,momo:0

From tinyG: [13:24:37] posa:20.000,vel:0.00,stat:3

Out > [13:24:37] g90 g0 a0

Out > [13:24:37] g91 g1 z-5 f500

From tinyG: [13:24:37] tinyg [mm] ok> 

From tinyG: [13:24:37] tinyg [mm] ok> 

From tinyG: [13:24:37] posa:0.023,vel:277.85,stat:5

From tinyG: [13:24:37] posz:-1.738,posa:0.000,vel:500.00,dist:1,momo:1

From tinyG: [13:24:37] posz:-3.824

From tinyG: [13:24:38] posz:-5.000,vel:0.00,stat:3

Out > [13:24:38] g90 g1 z0 

Out > [13:24:38] g90 g0 a20

From tinyG: [13:24:38] tinyg [mm] ok> 

From tinyG: [13:24:38] tinyg [mm] ok> 

From tinyG: [13:24:38] posz:-3.099,vel:500.00,dist:0,stat:5

From tinyG: [13:24:38] posz:-1.014

From tinyG: [13:24:39] posz:0.000,posa:5.490,vel:8056.09,momo:0

From tinyG: [13:24:39] posa:20.000,vel:0.00,stat:3

Out > [13:24:39] g90 g0 a0

Out > [13:24:39] g91 g1 z-5 f500

From tinyG: [13:24:39] tinyg [mm] ok> 

From tinyG: [13:24:39] tinyg [mm] ok> 

From tinyG: [13:24:39] posa:0.023,vel:277.85,stat:5

From tinyG: [13:24:39] posz:-1.738,posa:0.000,vel:500.00,dist:1,momo:1

From tinyG: [13:24:40] posz:-3.824

From tinyG: [13:24:40] posz:-5.000,vel:0.00,stat:3

Out > [13:24:40] g90 g1 z0 

Out > [13:24:40] g90 g0 a20

From tinyG: [13:24:40] tinyg [mm] ok> 

From tinyG: [13:24:40] tinyg [mm] ok> 

From tinyG: [13:24:40] posz:-3.099,vel:500.00,dist:0,stat:5

From tinyG: [13:24:40] posz:-1.014

From tinyG: [13:24:41] posz:0.000,posa:5.490,vel:8056.09,momo:0

From tinyG: [13:24:41] posa:20.000,vel:0.00,stat:3

Out > [13:24:41] g90 g0 a0

Out > [13:24:41] g28.3z0

From tinyG: [13:24:41] tinyg [mm] ok> 

From tinyG: [13:24:41] tinyg [mm] ok> 

From tinyG: [13:24:41] posa:0.023,vel:277.85,stat:5

From tinyG: [13:24:42] posa:0.000,vel:0.00,stat:3

Out > [13:24:42] g91 g1 z-5 f500

Out > [13:24:42] g90 g1 z0 

From tinyG: [13:24:42] tinyg [mm] ok> 

From tinyG: [13:24:42] tinyg [mm] ok> 

From tinyG: [13:24:42] posz:-1.901,vel:500.00,dist:1,momo:1,stat:5

From tinyG: [13:24:42] posz:-3.986

From tinyG: [13:24:42] posz:-4.311,dist:0

From tinyG: [13:24:43] posz:-2.225

From tinyG: [13:24:43] posz:-0.141,vel:493.97

From tinyG: [13:24:43] posz:0.000,vel:0.00,stat:3

Out > [13:24:43] g90 g0 a20

Out > [13:24:43] g90 g0 a0

From tinyG: [13:24:43] tinyg [mm] ok> 

From tinyG: [13:24:43] tinyg [mm] ok> 

From tinyG: [13:24:43] posa:19.977,vel:277.85,momo:0,stat:5

From tinyG: [13:24:44] posa:0.339,vel:1738.73

From tinyG: [13:24:44] posa:0.000,vel:0.00,stat:3

Out > [13:24:44] g91 g1 z-5 f500

Out > [13:24:44] g90 g1 z0 

From tinyG: [13:24:44] tinyg [mm] ok> 

From tinyG: [13:24:44] tinyg [mm] ok> 

From tinyG: [13:24:44] posz:-1.901,vel:500.00,dist:1,momo:1,stat:5

From tinyG: [13:24:45] posz:-3.986

From tinyG: [13:24:45] posz:-4.311,dist:0

From tinyG: [13:24:45] posz:-2.225

From tinyG: [13:24:45] posz:-0.141,vel:493.97

From tinyG: [13:24:46] posz:0.000,vel:0.00,stat:3

Out > [13:24:46] g90 g0 a20

Out > [13:24:46] g90 g0 a0

From tinyG: [13:24:46] tinyg [mm] ok> 

From tinyG: [13:24:46] tinyg [mm] ok> 

From tinyG: [13:24:46] posa:19.977,vel:277.85,momo:0,stat:5

From tinyG: [13:24:46] posa:0.263,vel:1468.86

From tinyG: [13:24:46] posa:0.000,vel:0.00,stat:3

Out > [13:24:46] g91 g1 z-5 f500

Out > [13:24:46] g90 g1 z0 

From tinyG: [13:24:46] tinyg [mm] ok> 

From tinyG: [13:24:46] tinyg [mm] ok> 

From tinyG: [13:24:47] posz:-1.901,vel:500.00,dist:1,momo:1,stat:5

From tinyG: [13:24:47] posz:-3.998

From tinyG: [13:24:47] posz:-4.298,dist:0

From tinyG: [13:24:47] posz:-2.213

From tinyG: [13:24:48] posz:-0.141,vel:487.84

From tinyG: [13:24:48] posz:0.000,vel:0.00,stat:3

Out > [13:24:48] g90 g0 a20

Out > [13:24:48] g90 g0 a0

From tinyG: [13:24:48] tinyg [mm] ok> 

From tinyG: [13:24:48] tinyg [mm] ok> 

From tinyG: [13:24:48] posa:19.977,vel:277.85,momo:0,stat:5

From tinyG: [13:24:49] posa:0.339,vel:1738.73

From tinyG: [13:24:49] posa:0.000,vel:0.00,stat:3

Out > [13:24:49] g91 g1 z-5 f500

Out > [13:24:49] g90 g1 z0 

From tinyG: [13:24:49] tinyg [mm] ok> 

From tinyG: [13:24:49] tinyg [mm] ok> 

From tinyG: [13:24:49] posz:-1.901,vel:500.00,dist:1,momo:1,stat:5

From tinyG: [13:24:49] posz:-3.986

From tinyG: [13:24:50] posz:-4.311,dist:0

From tinyG: [13:24:50] posz:-2.225

From tinyG: [13:24:50] posz:-0.141,vel:493.97

From tinyG: [13:24:50] posz:0.000,vel:0.00,stat:3

Out > [13:24:50] g90 g0 a20

Out > [13:24:50] g90 g0 a0

From tinyG: [13:24:50] tinyg [mm] ok> 

From tinyG: [13:24:50] tinyg [mm] ok> 

From tinyG: [13:24:51] posa:19.977,vel:277.85,momo:0,stat:5

From tinyG: [13:24:51] posa:0.339,vel:1738.73

From tinyG: [13:24:51] posa:0.000,vel:0.00,stat:3

Out > [13:24:51] g91 g1 z-5 f500

Out > [13:24:51] g90 g1 z0 

From tinyG: [13:24:51] tinyg [mm] ok> 

From tinyG: [13:24:51] tinyg [mm] ok> 

From tinyG: [13:24:52] posz:-1.901,vel:500.00,dist:1,momo:1,stat:5

From tinyG: [13:24:52] posz:-3.986

From tinyG: [13:24:52] posz:-4.311,dist:0

From tinyG: [13:24:52] posz:-2.225

From tinyG: [13:24:53] posz:-0.141,vel:493.97

From tinyG: [13:24:53] posz:0.000,vel:0.00,stat:3

Out > [13:24:53] g90 g0 a20

Out > [13:24:53] g90 g0 a0

From tinyG: [13:24:53] tinyg [mm] ok> 

From tinyG: [13:24:53] tinyg [mm] ok> 

From tinyG: [13:24:53] posa:19.977,vel:277.85,momo:0,stat:5

From tinyG: [13:24:53] posa:0.339,vel:1738.73

From tinyG: [13:24:54] posa:0.000,vel:0.00,stat:3

Out > [13:24:54] g28.3z0

Out > [13:24:54] g91 g1 z-5 f500

From tinyG: [13:24:54] tinyg [mm] ok> 

From tinyG: [13:24:54] tinyg [mm] ok> 

From tinyG: [13:24:54] posz:-1.901,vel:500.00,dist:1,momo:1,stat:5

From tinyG: [13:24:54] posz:-3.998

From tinyG: [13:24:54] posz:-5.000,vel:0.00,stat:3

Out > [13:24:54] g90 g1 z0 

Out > [13:24:54] g90 g0 a20

From tinyG: [13:24:54] tinyg [mm] ok> 

From tinyG: [13:24:54] tinyg [mm] ok> 

From tinyG: [13:24:55] posz:-3.099,vel:500.00,dist:0,stat:5

From tinyG: [13:24:55] posz:-1.014

From tinyG: [13:24:55] posz:0.000,posa:5.490,vel:8056.09,momo:0

From tinyG: [13:24:56] posa:20.000,vel:0.00,stat:3

Out > [13:24:56] g90 g0 a0

Out > [13:24:56] g91 g1 z-5 f500

From tinyG: [13:24:56] tinyg [mm] ok> 

From tinyG: [13:24:56] tinyg [mm] ok> 

From tinyG: [13:24:56] posa:0.023,vel:277.85,stat:5

From tinyG: [13:24:56] posz:-1.738,posa:0.000,vel:500.00,dist:1,momo:1

From tinyG: [13:24:56] posz:-3.824

From tinyG: [13:24:57] posz:-5.000,vel:0.00,stat:3

Out > [13:24:57] g90 g1 z0 

Out > [13:24:57] g90 g0 a20

From tinyG: [13:24:57] tinyg [mm] ok> 

From tinyG: [13:24:57] tinyg [mm] ok> 

From tinyG: [13:24:57] posz:-3.099,vel:500.00,dist:0,stat:5

From tinyG: [13:24:57] posz:-1.014

From tinyG: [13:24:57] posz:0.000,posa:5.490,vel:8056.09,momo:0

From tinyG: [13:24:58] posa:20.000,vel:0.00,stat:3

Out > [13:24:58] g90 g0 a0

Out > [13:24:58] g91 g1 z-5 f500

From tinyG: [13:24:58] tinyg [mm] ok> 

From tinyG: [13:24:58] tinyg [mm] ok> 

From tinyG: [13:24:58] posa:0.023,vel:277.85,stat:5

From tinyG: [13:24:58] posz:-1.738,posa:0.000,vel:500.00,dist:1,momo:1

From tinyG: [13:24:59] posz:-3.824

From tinyG: [13:24:59] posz:-5.000,vel:0.00,stat:3

Out > [13:24:59] g90 g1 z0 

Out > [13:24:59] g90 g0 a20

From tinyG: [13:24:59] tinyg [mm] ok> 

From tinyG: [13:24:59] tinyg [mm] ok> 

From tinyG: [13:24:59] posz:-3.099,vel:500.00,dist:0,stat:5

From tinyG: [13:24:59] posz:-1.014

From tinyG: [13:25:00] posz:0.000,posa:5.490,vel:8056.09,momo:0

From tinyG: [13:25:00] posa:20.000,vel:0.00,stat:3

Out > [13:25:00] g90 g0 a0

Out > [13:25:00] g91 g1 z-5 f500

From tinyG: [13:25:00] tinyg [mm] ok> 

From tinyG: [13:25:00] tinyg [mm] ok> 

From tinyG: [13:25:00] posa:0.023,vel:277.85,stat:5

From tinyG: [13:25:00] posz:-1.738,posa:0.000,vel:500.00,dist:1,momo:1

From tinyG: [13:25:01] posz:-3.824

From tinyG: [13:25:01] posz:-5.000,vel:0.00,stat:3

Out > [13:25:01] g90 g1 z0 

Out > [13:25:01] g90 g0 a20

From tinyG: [13:25:01] tinyg [mm] ok> 

From tinyG: [13:25:01] tinyg [mm] ok> 

From tinyG: [13:25:01] posz:-3.099,vel:500.00,dist:0,stat:5

From tinyG: [13:25:02] posz:-1.014

From tinyG: [13:25:02] posz:0.000,posa:5.490,vel:8056.09,momo:0

From tinyG: [13:25:02] posa:20.000,vel:0.00,stat:3

Out > [13:25:02] g90 g0 a0

Out > [13:25:02] g91 g1 z-5 f500

From tinyG: [13:25:02] tinyg [mm] ok> 

From tinyG: [13:25:02] tinyg [mm] ok> 

From tinyG: [13:25:02] posa:0.023,vel:277.85,stat:5

From tinyG: [13:25:03] posz:-1.738,posa:0.000,vel:500.00,dist:1,momo:1

From tinyG: [13:25:03] posz:-3.824

From tinyG: [13:25:03] posz:-5.000,vel:0.00,stat:3

Out > [13:25:03] g90 g1 z0 

Out > [13:25:03] g90 g0 a20

From tinyG: [13:25:03] tinyg [mm] ok> 

From tinyG: [13:25:03] tinyg [mm] ok> 

From tinyG: [13:25:03] posz:-3.099,vel:500.00,dist:0,stat:5

From tinyG: [13:25:04] posz:-1.027

From tinyG: [13:25:04] posz:0.000,posa:5.490,vel:8056.09,momo:0

From tinyG: [13:25:04] posa:20.000,vel:0.00,stat:3

Out > [13:25:04] g90 g0 a0

Out > [13:25:04] g28.3z0

From tinyG: [13:25:04] tinyg [mm] ok> 

From tinyG: [13:25:04] tinyg [mm] ok> 

From tinyG: [13:25:05] posa:0.023,vel:277.85,stat:5

From tinyG: [13:25:05] posa:0.000,vel:0.00,stat:3

Out > [13:25:05] g91 g1 z-5 f500

Out > [13:25:05] g90 g1 z0 

From tinyG: [13:25:05] tinyg [mm] ok> 

From tinyG: [13:25:05] tinyg [mm] ok> 

From tinyG: [13:25:05] posz:-1.901,vel:500.00,dist:1,momo:1,stat:5

From tinyG: [13:25:05] posz:-3.986

From tinyG: [13:25:06] posz:-4.311,dist:0

From tinyG: [13:25:06] posz:-2.225

From tinyG: [13:25:06] posz:-0.141,vel:493.97

From tinyG: [13:25:06] posz:0.000,vel:0.00,stat:3

Out > [13:25:06] g90 g0 a20

Out > [13:25:06] g90 g0 a0

From tinyG: [13:25:06] tinyg [mm] ok> 

From tinyG: [13:25:06] tinyg [mm] ok> 

From tinyG: [13:25:07] posa:19.977,vel:277.85,momo:0,stat:5

From tinyG: [13:25:07] posa:0.339,vel:1738.73

From tinyG: [13:25:07] posa:0.000,vel:0.00,stat:3

Out > [13:25:07] g91 g1 z-5 f500

Out > [13:25:07] g90 g1 z0 

From tinyG: [13:25:07] tinyg [mm] ok> 

From tinyG: [13:25:07] tinyg [mm] ok> 

From tinyG: [13:25:08] posz:-1.901,vel:500.00,dist:1,momo:1,stat:5

From tinyG: [13:25:08] posz:-3.986

From tinyG: [13:25:08] posz:-4.311,dist:0

From tinyG: [13:25:08] posz:-2.225

From tinyG: [13:25:09] posz:-0.141,vel:493.97

From tinyG: [13:25:09] posz:0.000,vel:0.00,stat:3

Out > [13:25:09] g90 g0 a20

Out > [13:25:09] g90 g0 a0

From tinyG: [13:25:09] tinyg [mm] ok> 

From tinyG: [13:25:09] tinyg [mm] ok> 

From tinyG: [13:25:09] posa:19.977,vel:277.85,momo:0,stat:5

From tinyG: [13:25:09] posa:0.339,vel:1738.73

From tinyG: [13:25:10] posa:0.000,vel:0.00,stat:3

Out > [13:25:10] g91 g1 z-5 f500

Out > [13:25:10] g90 g1 z0 

From tinyG: [13:25:10] tinyg [mm] ok> 

From tinyG: [13:25:10] tinyg [mm] ok> 

From tinyG: [13:25:10] posz:-1.901,vel:500.00,dist:1,momo:1,stat:5

From tinyG: [13:25:10] posz:-3.986

From tinyG: [13:25:10] posz:-4.311,dist:0

From tinyG: [13:25:11] posz:-2.225

From tinyG: [13:25:11] posz:-0.141,vel:493.97

From tinyG: [13:25:11] posz:0.000,vel:0.00,stat:3

Out > [13:25:11] g90 g0 a20

Out > [13:25:11] g90 g0 a0

From tinyG: [13:25:11] tinyg [mm] ok> 

From tinyG: [13:25:11] tinyg [mm] ok> 

From tinyG: [13:25:12] posa:19.977,vel:277.85,momo:0,stat:5

From tinyG: [13:25:12] posa:0.339,vel:1738.73

From tinyG: [13:25:12] posa:0.000,vel:0.00,stat:3

Out > [13:25:12] g91 g1 z-5 f500

Out > [13:25:12] g90 g1 z0 

From tinyG: [13:25:12] tinyg [mm] ok> 

From tinyG: [13:25:12] tinyg [mm] ok> 

From tinyG: [13:25:12] posz:-1.901,vel:500.00,dist:1,momo:1,stat:5

From tinyG: [13:25:13] posz:-3.986

From tinyG: [13:25:13] posz:-4.311,dist:0

From tinyG: [13:25:13] posz:-2.225

From tinyG: [13:25:13] posz:-0.141,vel:493.97

From tinyG: [13:25:14] posz:0.000,vel:0.00,stat:3

Out > [13:25:14] g90 g0 a20

Out > [13:25:14] g90 g0 a0

From tinyG: [13:25:14] tinyg [mm] ok> 

From tinyG: [13:25:14] tinyg [mm] ok> 

From tinyG: [13:25:14] posa:19.977,vel:277.85,momo:0,stat:5

From tinyG: [13:25:14] posa:0.339,vel:1738.73

From tinyG: [13:25:14] posa:0.000,vel:0.00,stat:3

Out > [13:25:14] g91 g1 z-5 f500

Out > [13:25:14] g90 g1 z0 

From tinyG: [13:25:14] tinyg [mm] ok> 

From tinyG: [13:25:14] tinyg [mm] ok> 

From tinyG: [13:25:15] posz:-1.901,vel:500.00,dist:1,momo:1,stat:5

From tinyG: [13:25:15] posz:-3.986

From tinyG: [13:25:15] posz:-4.311,dist:0

From tinyG: [13:25:16] posz:-2.225

From tinyG: [13:25:16] posz:-0.141,vel:493.97

From tinyG: [13:25:16] posz:0.000,vel:0.00,stat:3

Out > [13:25:16] g90 g0 a20

Out > [13:25:16] g90 g0 a0

From tinyG: [13:25:16] tinyg [mm] ok> 

From tinyG: [13:25:16] tinyg [mm] ok> 

From tinyG: [13:25:16] posa:19.977,vel:277.85,momo:0,stat:5

From tinyG: [13:25:17] posa:0.339,vel:1738.73

From tinyG: [13:25:17] posa:0.000,vel:0.00,stat:3

Out > [13:25:17] g28.3z0

Out > [13:25:17] g91 g1 z-5 f500

From tinyG: [13:25:17] tinyg [mm] ok> 

From tinyG: [13:25:17] tinyg [mm] ok> 

From tinyG: [13:25:17] posz:-1.901,vel:500.00,dist:1,momo:1,stat:5

From tinyG: [13:25:17] posz:-3.998

From tinyG: [13:25:18] posz:-5.000,vel:0.00,stat:3

Out > [13:25:18] g90 g1 z0 

Out > [13:25:18] g90 g0 a20

From tinyG: [13:25:18] tinyg [mm] ok> 

From tinyG: [13:25:18] tinyg [mm] ok> 

From tinyG: [13:25:18] posz:-3.099,vel:500.00,dist:0,stat:5

From tinyG: [13:25:18] posz:-1.014

From tinyG: [13:25:19] posz:0.000,posa:5.490,vel:8056.09,momo:0

From tinyG: [13:25:19] posa:20.000,vel:0.00,stat:3

Out > [13:25:19] g90 g0 a0

Out > [13:25:19] g91 g1 z-5 f500

From tinyG: [13:25:19] tinyg [mm] ok> 

From tinyG: [13:25:19] tinyg [mm] ok> 

From tinyG: [13:25:19] posa:0.023,vel:277.85,stat:5

From tinyG: [13:25:19] posz:-1.738,posa:0.000,vel:500.00,dist:1,momo:1

From tinyG: [13:25:20] posz:-3.824

From tinyG: [13:25:20] posz:-5.000,vel:0.00,stat:3

Out > [13:25:20] g90 g1 z0 

Out > [13:25:20] g90 g0 a20

From tinyG: [13:25:20] tinyg [mm] ok> 

From tinyG: [13:25:20] tinyg [mm] ok> 

From tinyG: [13:25:20] posz:-3.099,vel:500.00,dist:0,stat:5

From tinyG: [13:25:20] posz:-1.014

From tinyG: [13:25:21] posz:0.000,posa:5.490,vel:8056.09,momo:0

From tinyG: [13:25:21] posa:20.000,vel:0.00,stat:3

Out > [13:25:21] g90 g0 a0

Out > [13:25:21] g91 g1 z-5 f500

From tinyG: [13:25:21] tinyg [mm] ok> 

From tinyG: [13:25:21] tinyg [mm] ok> 

From tinyG: [13:25:21] posa:0.023,vel:277.85,stat:5

From tinyG: [13:25:22] posz:-1.738,posa:0.000,vel:500.00,dist:1,momo:1

From tinyG: [13:25:22] posz:-3.824

From tinyG: [13:25:22] posz:-5.000,vel:0.00,stat:3

Out > [13:25:22] g90 g1 z0 

Out > [13:25:22] g90 g0 a20

From tinyG: [13:25:22] tinyg [mm] ok> 

From tinyG: [13:25:22] tinyg [mm] ok> 

From tinyG: [13:25:22] posz:-3.099,vel:500.00,dist:0,stat:5

From tinyG: [13:25:23] posz:-1.014

From tinyG: [13:25:23] posz:0.000,posa:5.490,vel:8056.09,momo:0

From tinyG: [13:25:23] posa:20.000,vel:0.00,stat:3

Out > [13:25:23] g90 g0 a0

Out > [13:25:23] g91 g1 z-5 f500

From tinyG: [13:25:23] tinyg [mm] ok> 

From tinyG: [13:25:23] tinyg [mm] ok> 

From tinyG: [13:25:23] posa:0.023,vel:277.85,stat:5

From tinyG: [13:25:24] posz:-1.738,posa:0.000,vel:500.00,dist:1,momo:1

From tinyG: [13:25:24] posz:-3.824

From tinyG: [13:25:24] posz:-5.000,vel:0.00,stat:3

Out > [13:25:24] g90 g1 z0 

Out > [13:25:24] g90 g0 a20

From tinyG: [13:25:24] tinyg [mm] ok> 

From tinyG: [13:25:24] tinyg [mm] ok> 

From tinyG: [13:25:25] posz:-3.099,vel:500.00,dist:0,stat:5

From tinyG: [13:25:25] posz:-1.014

From tinyG: [13:25:25] posz:0.000,posa:5.490,vel:8056.09,momo:0

From tinyG: [13:25:25] posa:20.000,vel:0.00,stat:3

Out > [13:25:25] g90 g0 a0

Out > [13:25:25] g91 g1 z-5 f500

From tinyG: [13:25:25] tinyg [mm] ok> 

From tinyG: [13:25:25] tinyg [mm] ok> 

From tinyG: [13:25:26] posa:0.023,vel:277.85,stat:5

From tinyG: [13:25:26] posz:-1.738,posa:0.000,vel:500.00,dist:1,momo:1

From tinyG: [13:25:26] posz:-3.824

From tinyG: [13:25:26] posz:-5.000,vel:0.00,stat:3

Out > [13:25:26] g90 g1 z0 

Out > [13:25:26] g90 g0 a20

From tinyG: [13:25:26] tinyg [mm] ok> 

From tinyG: [13:25:26] tinyg [mm] ok> 

From tinyG: [13:25:27] posz:-3.099,vel:500.00,dist:0,stat:5

From tinyG: [13:25:27] posz:-1.014

From tinyG: [13:25:27] posz:0.000,posa:5.490,vel:8056.09,momo:0

From tinyG: [13:25:27] posa:20.000,vel:0.00,stat:3

Out > [13:25:27] g90 g0 a0

Out > [13:25:27] g28.3z0

From tinyG: [13:25:27] tinyg [mm] ok> 

From tinyG: [13:25:27] tinyg [mm] ok> 

From tinyG: [13:25:28] posa:0.023,vel:277.85,stat:5

From tinyG: [13:25:28] posa:0.000,vel:0.00,stat:3

Out > [13:25:28] g91 g1 z-5 f500

Out > [13:25:28] g90 g1 z0 

From tinyG: [13:25:28] tinyg [mm] ok> 

From tinyG: [13:25:28] tinyg [mm] ok> 

From tinyG: [13:25:28] posz:-1.901,vel:500.00,dist:1,momo:1,stat:5

From tinyG: [13:25:29] posz:-3.986

From tinyG: [13:25:29] posz:-4.311,dist:0

From tinyG: [13:25:29] posz:-2.225

From tinyG: [13:25:29] posz:-0.141,vel:493.97

From tinyG: [13:25:30] posz:0.000,vel:0.00,stat:3

Out > [13:25:30] g90 g0 a20

Out > [13:25:30] g90 g0 a0

From tinyG: [13:25:30] tinyg [mm] ok> 

From tinyG: [13:25:30] tinyg [mm] ok> 

From tinyG: [13:25:30] posa:19.977,vel:277.85,momo:0,stat:5

From tinyG: [13:25:30] posa:0.263,vel:1468.86

From tinyG: [13:25:30] posa:0.000,vel:0.00,stat:3

Out > [13:25:30] g91 g1 z-5 f500

Out > [13:25:30] g90 g1 z0 

From tinyG: [13:25:30] tinyg [mm] ok> 

From tinyG: [13:25:30] tinyg [mm] ok> 

From tinyG: [13:25:31] posz:-1.901,vel:500.00,dist:1,momo:1,stat:5

From tinyG: [13:25:31] posz:-3.998

From tinyG: [13:25:31] posz:-4.298,dist:0

From tinyG: [13:25:32] posz:-2.213

From tinyG: [13:25:32] posz:-0.141,vel:493.97

From tinyG: [13:25:32] posz:0.000,vel:0.00,stat:3

Out > [13:25:32] g90 g0 a20

Out > [13:25:32] g90 g0 a0

From tinyG: [13:25:32] tinyg [mm] ok> 

From tinyG: [13:25:32] tinyg [mm] ok> 

From tinyG: [13:25:32] posa:19.977,vel:277.85,momo:0,stat:5

From tinyG: [13:25:33] posa:0.339,vel:1738.73

From tinyG: [13:25:33] posa:0.000,vel:0.00,stat:3

Out > [13:25:33] g91 g1 z-5 f500

Out > [13:25:33] g90 g1 z0 

From tinyG: [13:25:33] tinyg [mm] ok> 

From tinyG: [13:25:33] tinyg [mm] ok> 

From tinyG: [13:25:33] posz:-1.901,vel:500.00,dist:1,momo:1,stat:5

From tinyG: [13:25:33] posz:-3.986

From tinyG: [13:25:34] posz:-4.311,dist:0

From tinyG: [13:25:34] posz:-2.225

From tinyG: [13:25:34] posz:-0.141,vel:493.97

From tinyG: [13:25:34] posz:0.000,vel:0.00,stat:3

Out > [13:25:34] g90 g0 a20

Out > [13:25:34] g90 g0 a0

From tinyG: [13:25:34] tinyg [mm] ok> 

From tinyG: [13:25:34] tinyg [mm] ok> 

From tinyG: [13:25:35] posa:19.977,vel:277.85,momo:0,stat:5

From tinyG: [13:25:35] posa:0.339,vel:1738.73

From tinyG: [13:25:35] posa:0.000,vel:0.00,stat:3

Out > [13:25:35] g91 g1 z-5 f500

Out > [13:25:35] g90 g1 z0 

From tinyG: [13:25:35] tinyg [mm] ok> 

From tinyG: [13:25:35] tinyg [mm] ok> 

From tinyG: [13:25:36] posz:-1.901,vel:500.00,dist:1,momo:1,stat:5

From tinyG: [13:25:36] posz:-3.986

From tinyG: [13:25:36] posz:-4.311,dist:0

From tinyG: [13:25:36] posz:-2.225

From tinyG: [13:25:37] posz:-0.141,vel:493.97

From tinyG: [13:25:37] posz:0.000,vel:0.00,stat:3

Out > [13:25:37] g90 g0 a20

Out > [13:25:37] g90 g0 a0

From tinyG: [13:25:37] tinyg [mm] ok> 

From tinyG: [13:25:37] tinyg [mm] ok> 

From tinyG: [13:25:37] posa:19.977,vel:277.85,momo:0,stat:5

From tinyG: [13:25:37] posa:0.263,vel:1468.86

From tinyG: [13:25:38] posa:0.000,vel:0.00,stat:3

Out > [13:25:38] g91 g1 z-5 f500

Out > [13:25:38] g90 g1 z0 

From tinyG: [13:25:38] tinyg [mm] ok> 

From tinyG: [13:25:38] tinyg [mm] ok> 

From tinyG: [13:25:38] posz:-1.901,vel:500.00,dist:1,momo:1,stat:5

From tinyG: [13:25:38] posz:-3.986

From tinyG: [13:25:39] posz:-4.311,dist:0

From tinyG: [13:25:39] posz:-2.225

From tinyG: [13:25:39] posz:-0.141,vel:493.97

From tinyG: [13:25:39] posz:0.000,vel:0.00,stat:3

Out > [13:25:39] g90 g0 a20

Out > [13:25:39] g90 g0 a0

From tinyG: [13:25:39] tinyg [mm] ok> 

From tinyG: [13:25:39] tinyg [mm] ok> 

From tinyG: [13:25:40] posa:19.977,vel:277.85,momo:0,stat:5

From tinyG: [13:25:40] posa:0.339,vel:1738.73

From tinyG: [13:25:40] posa:0.000,vel:0.00,stat:3

Out > [13:25:40] g28.3z0

Out > [13:25:40] g91 g1 z-5 f500

From tinyG: [13:25:40] tinyg [mm] ok> 

From tinyG: [13:25:40] tinyg [mm] ok> 

From tinyG: [13:25:40] posz:-1.901,vel:500.00,dist:1,momo:1,stat:5

From tinyG: [13:25:41] posz:-3.998

From tinyG: [13:25:41] posz:-5.000,vel:0.00,stat:3

Out > [13:25:41] g90 g1 z0 

Out > [13:25:41] g90 g0 a20

From tinyG: [13:25:41] tinyg [mm] ok> 

From tinyG: [13:25:41] tinyg [mm] ok> 

From tinyG: [13:25:41] posz:-3.099,vel:500.00,dist:0,stat:5

From tinyG: [13:25:42] posz:-1.014

From tinyG: [13:25:42] posz:0.000,posa:5.490,vel:8056.09,momo:0

From tinyG: [13:25:42] posa:20.000,vel:0.00,stat:3

Out > [13:25:42] g90 g0 a0

Out > [13:25:42] g91 g1 z-5 f500

From tinyG: [13:25:42] tinyg [mm] ok> 

From tinyG: [13:25:42] tinyg [mm] ok> 

From tinyG: [13:25:42] posa:0.023,vel:277.85,stat:5

From tinyG: [13:25:43] posz:-1.738,posa:0.000,vel:500.00,dist:1,momo:1

From tinyG: [13:25:43] posz:-3.824

From tinyG: [13:25:43] posz:-5.000,vel:0.00,stat:3

Out > [13:25:43] g90 g1 z0 

Out > [13:25:43] g90 g0 a20

From tinyG: [13:25:43] tinyg [mm] ok> 

From tinyG: [13:25:43] tinyg [mm] ok> 

From tinyG: [13:25:43] posz:-3.099,vel:500.00,dist:0,stat:5

From tinyG: [13:25:44] posz:-1.014

From tinyG: [13:25:44] posz:0.000,posa:5.490,vel:8056.09,momo:0

From tinyG: [13:25:44] posa:20.000,vel:0.00,stat:3

Out > [13:25:44] g90 g0 a0

Out > [13:25:44] g91 g1 z-5 f500

From tinyG: [13:25:44] tinyg [mm] ok> 

From tinyG: [13:25:44] tinyg [mm] ok> 

From tinyG: [13:25:45] posa:0.023,vel:277.85,stat:5

From tinyG: [13:25:45] posz:-1.738,posa:0.000,vel:500.00,dist:1,momo:1

From tinyG: [13:25:45] posz:-3.824

From tinyG: [13:25:45] posz:-5.000,vel:0.00,stat:3

Out > [13:25:45] g90 g1 z0 

Out > [13:25:45] g90 g0 a20

From tinyG: [13:25:45] tinyg [mm] ok> 

From tinyG: [13:25:45] tinyg [mm] ok> 

From tinyG: [13:25:46] posz:-3.099,vel:500.00,dist:0,stat:5

From tinyG: [13:25:46] posz:-1.014

From tinyG: [13:25:46] posz:0.000,posa:5.490,vel:8056.09,momo:0

From tinyG: [13:25:46] posa:20.000,vel:0.00,stat:3

Out > [13:25:46] g90 g0 a0

Out > [13:25:46] g91 g1 z-5 f500

From tinyG: [13:25:46] tinyg [mm] ok> 

From tinyG: [13:25:46] tinyg [mm] ok> 

From tinyG: [13:25:47] posa:0.023,vel:277.85,stat:5

From tinyG: [13:25:47] posz:-1.738,posa:0.000,vel:500.00,dist:1,momo:1

From tinyG: [13:25:47] posz:-3.824

From tinyG: [13:25:47] posz:-5.000,vel:0.00,stat:3

Out > [13:25:47] g90 g1 z0 

Out > [13:25:47] g90 g0 a20

From tinyG: [13:25:47] tinyg [mm] ok> 

From tinyG: [13:25:47] tinyg [mm] ok> 

From tinyG: [13:25:48] posz:-3.099,vel:500.00,dist:0,stat:5

From tinyG: [13:25:48] posz:-1.014

From tinyG: [13:25:48] posz:0.000,posa:5.490,vel:8056.09,momo:0

From tinyG: [13:25:49] posa:20.000,vel:0.00,stat:3

Out > [13:25:49] g90 g0 a0

Out > [13:25:49] g91 g1 z-5 f500

From tinyG: [13:25:49] tinyg [mm] ok> 

From tinyG: [13:25:49] tinyg [mm] ok> 

From tinyG: [13:25:49] posa:0.023,vel:277.85,stat:5

From tinyG: [13:25:49] posz:-1.738,posa:0.000,vel:500.00,dist:1,momo:1

From tinyG: [13:25:49] posz:-3.824

From tinyG: [13:25:50] posz:-5.000,vel:0.00,stat:3

Out > [13:25:50] g90 g1 z0 

Out > [13:25:50] g90 g0 a20

From tinyG: [13:25:50] tinyg [mm] ok> 

From tinyG: [13:25:50] tinyg [mm] ok> 

From tinyG: [13:25:50] posz:-3.099,vel:500.00,dist:0,stat:5

From tinyG: [13:25:50] posz:-1.014

From tinyG: [13:25:50] posz:0.000,posa:5.490,vel:8056.09,momo:0

From tinyG: [13:25:51] posa:20.000,vel:0.00,stat:3

Out > [13:25:51] g90 g0 a0

Out > [13:25:51] g28.3z0

From tinyG: [13:25:51] tinyg [mm] ok> 

From tinyG: [13:25:51] nyg [mm] ok> 

From tinyG: [13:25:51] posa:0.023,vel:277.85,stat:5

From tinyG: [13:25:51] posa:0.000,vel:0.00,stat:3

Out > [13:25:51] g91 g1 z-5 f500

Out > [13:25:51] g90 g1 z0 

From tinyG: [13:25:51] tinyg [mm] ok> 

From tinyG: [13:25:51] tinyg [mm] ok> 

From tinyG: [13:25:52] posz:-1.901,vel:500.00,dist:1,momo:1,stat:5

From tinyG: [13:25:52] posz:-3.986

From tinyG: [13:25:52] posz:-4.311,dist:0

From tinyG: [13:25:52] posz:-2.225

From tinyG: [13:25:53] posz:-0.141,vel:493.97

From tinyG: [13:25:53] posz:0.000,vel:0.00,stat:3

Out > [13:25:53] g90 g0 a20

Out > [13:25:53] g90 g0 a0

From tinyG: [13:25:53] tinyg [mm] ok> 

From tinyG: [13:25:53] tinyg [mm] ok> 

From tinyG: [13:25:53] posa:19.977,vel:277.85,momo:0,stat:5

From tinyG: [13:25:53] posa:0.339,vel:1738.73

From tinyG: [13:25:54] posa:0.000,vel:0.00,stat:3

Out > [13:25:54] g91 g1 z-5 f500

Out > [13:25:54] g90 g1 z0 

From tinyG: [13:25:54] tinyg [mm] ok> 

From tinyG: [13:25:54] tinyg [mm] ok> 

From tinyG: [13:25:54] posz:-1.901,vel:500.00,dist:1,momo:1,stat:5

From tinyG: [13:25:54] posz:-3.986

From tinyG: [13:25:55] posz:-4.311,dist:0

From tinyG: [13:25:55] posz:-2.225

From tinyG: [13:25:55] posz:-0.141,vel:493.97

From tinyG: [13:25:55] posz:0.000,vel:0.00,stat:3

Out > [13:25:55] g90 g0 a20

Out > [13:25:55] g90 g0 a0

From tinyG: [13:25:55] tinyg [mm] ok> 

From tinyG: [13:25:55] tinyg [mm] ok> 

From tinyG: [13:25:56] posa:19.977,vel:277.85,momo:0,stat:5

From tinyG: [13:25:56] posa:0.339,vel:1738.73

From tinyG: [13:25:56] posa:0.000,vel:0.00,stat:3

Out > [13:25:56] g91 g1 z-5 f500

Out > [13:25:56] g90 g1 z0 

From tinyG: [13:25:56] tinyg [mm] ok> 

From tinyG: [13:25:56] tinyg [mm] ok> 

From tinyG: [13:25:56] posz:-1.901,vel:500.00,dist:1,momo:1,stat:5

From tinyG: [13:25:57] posz:-3.986

From tinyG: [13:25:57] posz:-4.311,dist:0

From tinyG: [13:25:57] posz:-2.225

From tinyG: [13:25:57] posz:-0.141,vel:493.97

From tinyG: [13:25:58] posz:0.000,vel:0.00,stat:3

Out > [13:25:58] g90 g0 a20

Out > [13:25:58] g90 g0 a0

From tinyG: [13:25:58] tinyg [mm] ok> 

From tinyG: [13:25:58] tinyg [mm] ok> 

From tinyG: [13:25:58] posa:19.977,vel:277.85,momo:0,stat:5

From tinyG: [13:25:58] posa:0.263,vel:1468.86

From tinyG: [13:25:59] posa:0.000,vel:0.00,stat:3

Out > [13:25:59] g91 g1 z-5 f500

Out > [13:25:59] g90 g1 z0 

From tinyG: [13:25:59] tinyg [mm] ok> 

From tinyG: [13:25:59] tinyg [mm] ok> 

From tinyG: [13:25:59] posz:-1.901,vel:500.00,dist:1,momo:1,stat:5

From tinyG: [13:25:59] posz:-3.986

From tinyG: [13:25:59] posz:-4.311,dist:0

From tinyG: [13:26:00] posz:-2.225

From tinyG: [13:26:00] posz:-0.141,vel:493.97

From tinyG: [13:26:00] posz:0.000,vel:0.00,stat:3

Out > [13:26:00] g90 g0 a20

Out > [13:26:00] g90 g0 a0

From tinyG: [13:26:00] tinyg [mm] ok> 

From tinyG: [13:26:00] tinyg [mm] ok> 

From tinyG: [13:26:00] posa:19.977,vel:277.85,momo:0,stat:5

From tinyG: [13:26:01] posa:0.263,vel:1468.86

From tinyG: [13:26:01] posa:0.000,vel:0.00,stat:3

Out > [13:26:01] g91 g1 z-5 f500

Out > [13:26:01] g90 g1 z0 

From tinyG: [13:26:01] tinyg [mm] ok> 

From tinyG: [13:26:01] tinyg [mm] ok> 

From tinyG: [13:26:01] posz:-1.901,vel:500.00,dist:1,momo:1,stat:5

From tinyG: [13:26:02] posz:-3.986

From tinyG: [13:26:02] posz:-4.311,dist:0

From tinyG: [13:26:02] posz:-2.225

From tinyG: [13:26:02] posz:-0.141,vel:493.97

From tinyG: [13:26:03] posz:0.000,vel:0.00,stat:3

Out > [13:26:03] g90 g0 a20

Out > [13:26:03] g90 g0 a0

From tinyG: [13:26:03] tinyg [mm] ok> 

From tinyG: [13:26:03] tinyg [mm] ok> 

From tinyG: [13:26:03] posa:19.977,vel:277.85,momo:0,stat:5

From tinyG: [13:26:03] posa:0.263,vel:1468.86

From tinyG: [13:26:03] posa:0.000,vel:0.00,stat:3

Out > [13:26:03] g28.3z0

Out > [13:26:03] g91 g1 z-5 f500

From tinyG: [13:26:03] tinyg [mm] ok> 

From tinyG: [13:26:03] tinyg [mm] ok> 

From tinyG: [13:26:04] posz:-1.901,vel:500.00,dist:1,momo:1,stat:5

From tinyG: [13:26:04] posz:-3.998

From tinyG: [13:26:04] posz:-5.000,vel:0.00,stat:3

Out > [13:26:04] g90 g1 z0 

Out > [13:26:04] g90 g0 a20

From tinyG: [13:26:04] tinyg [mm] ok> 

From tinyG: [13:26:04] tinyg [mm] ok> 

From tinyG: [13:26:05] posz:-3.099,vel:500.00,dist:0,stat:5

From tinyG: [13:26:05] posz:-1.027

From tinyG: [13:26:05] posz:0.000,posa:2.256,vel:469.47,momo:0,stat:6

From tinyG: [13:26:05] posa:2.301,vel:0.00,stat:3

Out > [13:26:10] g28.3z0

Out > [13:26:10] g91 g1 z-5 f600

From tinyG: [13:26:10] tinyg [mm] ok> 

From tinyG: [13:26:10] tinyg [mm] ok> 

From tinyG: [13:26:10] posz:-2.253,feed:600.00,vel:600.00,dist:1,momo:1,stat:5

From tinyG: [13:26:11] posz:-4.750,vel:599.98

From tinyG: [13:26:11] posz:-5.000,vel:0.00,stat:3

Out > [13:26:11] g90 g1 z0 

Out > [13:26:11] g90 g0 a20

From tinyG: [13:26:11] tinyg [mm] ok> 

From tinyG: [13:26:11] tinyg [mm] ok> 

From tinyG: [13:26:11] posz:-2.747,vel:600.00,dist:0,stat:5

From tinyG: [13:26:11] posz:-0.235,vel:599.98

From tinyG: [13:26:12] posz:0.000,posa:18.947,vel:3552.42,momo:0

From tinyG: [13:26:12] posa:20.000,vel:0.00,stat:3

Out > [13:26:12] g90 g0 a0

Out > [13:26:12] g28.3z0

From tinyG: [13:26:12] tinyg [mm] ok> 

From tinyG: [13:26:12] tinyg [mm] ok> 

From tinyG: [13:26:12] posa:0.023,vel:277.85,stat:5

From tinyG: [13:26:12] posa:0.000,vel:0.00,stat:3

Out > [13:26:12] g91 g1 z-5 f600

Out > [13:26:12] g90 g1 z0 

From tinyG: [13:26:12] tinyg [mm] ok> 

From tinyG: [13:26:12] tinyg [mm] ok> 

From tinyG: [13:26:13] posz:-2.253,vel:600.00,dist:1,momo:1,stat:5

From tinyG: [13:26:13] posz:-4.750

From tinyG: [13:26:13] posz:-3.240,dist:0

From tinyG: [13:26:14] posz:-0.743

From tinyG: [13:26:14] posz:0.000,vel:0.00,stat:3

Out > [13:26:14] g90 g0 a20

Out > [13:26:14] g90 g0 a0

From tinyG: [13:26:14] tinyg [mm] ok> 

From tinyG: [13:26:14] tinyg [mm] ok> 

From tinyG: [13:26:14] posa:19.977,vel:277.85,momo:0,stat:5

From tinyG: [13:26:14] posa:0.263,vel:1468.86

From tinyG: [13:26:15] posa:0.000,vel:0.00,stat:3

Out > [13:26:15] g28.3z0

Out > [13:26:15] g91 g1 z-5 f600

From tinyG: [13:26:15] tinyg [mm] ok> 

From tinyG: [13:26:15] tinyg [mm] ok> 

From tinyG: [13:26:15] posz:-2.253,vel:600.00,dist:1,momo:1,stat:5

From tinyG: [13:26:15] posz:-4.750,vel:599.98

From tinyG: [13:26:15] posz:-5.000,vel:0.00,stat:3

Out > [13:26:15] g90 g1 z0 

Out > [13:26:15] g90 g0 a20

From tinyG: [13:26:15] tinyg [mm] ok> 

From tinyG: [13:26:15] tinyg [mm] ok> 

From tinyG: [13:26:16] posz:-2.747,vel:600.00,dist:0,stat:5

From tinyG: [13:26:16] posz:-0.235,vel:599.98

From tinyG: [13:26:16] posz:0.000,posa:18.268,vel:4788.46,momo:0

From tinyG: [13:26:17] posa:20.000,vel:0.00,stat:3

Out > [13:26:17] g90 g0 a0

Out > [13:26:17] g28.3z0

From tinyG: [13:26:17] tinyg [mm] ok> 

From tinyG: [13:26:17] tinyg [mm] ok> 

From tinyG: [13:26:17] posa:0.023,vel:277.85,stat:5

From tinyG: [13:26:17] posa:0.000,vel:0.00,stat:3

Out > [13:26:17] g91 g1 z-5 f600

Out > [13:26:17] g90 g1 z0 

From tinyG: [13:26:17] tinyg [mm] ok> 

From tinyG: [13:26:17] tinyg [mm] ok> 

From tinyG: [13:26:17] posz:-2.253,vel:600.00,dist:1,momo:1,stat:5

From tinyG: [13:26:18] posz:-4.750

From tinyG: [13:26:18] posz:-3.240,dist:0

From tinyG: [13:26:18] posz:-0.743

From tinyG: [13:26:18] posz:0.000,vel:0.00,stat:3

Out > [13:26:18] g90 g0 a20

Out > [13:26:18] g90 g0 a0

From tinyG: [13:26:18] tinyg [mm] ok> 

From tinyG: [13:26:18] tinyg [mm] ok> 

From tinyG: [13:26:19] posa:19.977,vel:277.85,momo:0,stat:5

From tinyG: [13:26:19] posa:0.339,vel:1738.73

From tinyG: [13:26:19] posa:0.000,vel:0.00,stat:3

Out > [13:26:19] g28.3z0

Out > [13:26:19] g91 g1 z-5 f600

From tinyG: [13:26:19] tinyg [mm] ok> 

From tinyG: [13:26:19] tinyg [mm] ok> 

From tinyG: [13:26:20] posz:-2.253,vel:600.00,dist:1,momo:1,stat:5

From tinyG: [13:26:20] posz:-4.750,vel:599.98

From tinyG: [13:26:20] posz:-5.000,vel:0.00,stat:3

Out > [13:26:20] g90 g1 z0 

Out > [13:26:20] g90 g0 a20

From tinyG: [13:26:20] tinyg [mm] ok> 

From tinyG: [13:26:20] tinyg [mm] ok> 

From tinyG: [13:26:20] posz:-2.747,vel:600.00,dist:0,stat:5

From tinyG: [13:26:21] posz:-0.235,vel:599.98

From tinyG: [13:26:21] posz:0.000,posa:18.268,vel:4788.46,momo:0

From tinyG: [13:26:21] posa:20.000,vel:0.00,stat:3

Out > [13:26:21] g90 g0 a0

Out > [13:26:21] g28.3z0

From tinyG: [13:26:21] tinyg [mm] ok> 

From tinyG: [13:26:21] tinyg [mm] ok> 

From tinyG: [13:26:22] posa:0.023,vel:277.85,stat:5

From tinyG: [13:26:22] posa:0.000,vel:0.00,stat:3

Out > [13:26:22] g91 g1 z-5 f600

Out > [13:26:22] g90 g1 z0 

From tinyG: [13:26:22] tinyg [mm] ok> 

From tinyG: [13:26:22] tinyg [mm] ok> 

From tinyG: [13:26:22] posz:-2.253,vel:600.00,dist:1,momo:1,stat:5

From tinyG: [13:26:22] posz:-4.750

From tinyG: [13:26:23] posz:-3.240,dist:0

From tinyG: [13:26:23] posz:-0.743

From tinyG: [13:26:23] posz:0.000,vel:0.00,stat:3

Out > [13:26:23] g90 g0 a20

Out > [13:26:23] g90 g0 a0

From tinyG: [13:26:23] tinyg [mm] ok> 

From tinyG: [13:26:23] tinyg [mm] ok> 

From tinyG: [13:26:23] posa:19.977,vel:277.85,momo:0,stat:5

From tinyG: [13:26:24] posa:0.339,vel:1738.73

From tinyG: [13:26:24] posa:0.000,vel:0.00,stat:3

Out > [13:26:24] g28.3z0

Out > [13:26:24] g91 g1 z-5 f600

From tinyG: [13:26:24] tinyg [mm] ok> 

From tinyG: [13:26:24] tinyg [mm] ok> 

From tinyG: [13:26:24] posz:-2.253,vel:600.00,dist:1,momo:1,stat:5

From tinyG: [13:26:25] posz:-4.765,vel:599.98

From tinyG: [13:26:25] posz:-5.000,vel:0.00,stat:3

Out > [13:26:25] g90 g1 z0 

Out > [13:26:25] g90 g0 a20

From tinyG: [13:26:25] tinyg [mm] ok> 

From tinyG: [13:26:25] tinyg [mm] ok> 

From tinyG: [13:26:25] posz:-2.747,vel:600.00,dist:0,stat:5

From tinyG: [13:26:25] posz:-0.235,vel:599.98

From tinyG: [13:26:26] posz:0.000,posa:18.268,vel:4788.46,momo:0

From tinyG: [13:26:26] posa:20.000,vel:0.00,stat:3

Out > [13:26:26] g90 g0 a0

Out > [13:26:26] g28.3z0

From tinyG: [13:26:26] tinyg [mm] ok> 

From tinyG: [13:26:26] tinyg [mm] ok> 

From tinyG: [13:26:26] posa:0.023,vel:277.85,stat:5

From tinyG: [13:26:26] posa:0.000,vel:0.00,stat:3

Out > [13:26:26] g91 g1 z-5 f600

Out > [13:26:26] g90 g1 z0 

From tinyG: [13:26:26] tinyg [mm] ok> 

From tinyG: [13:26:26] tinyg [mm] ok> 

From tinyG: [13:26:27] posz:-2.253,vel:600.00,dist:1,momo:1,stat:5

From tinyG: [13:26:27] posz:-4.750

From tinyG: [13:26:27] posz:-3.240,dist:0

From tinyG: [13:26:28] posz:-0.743

From tinyG: [13:26:28] posz:0.000,vel:0.00,stat:3

Out > [13:26:28] g90 g0 a20

Out > [13:26:28] g90 g0 a0

From tinyG: [13:26:28] tinyg [mm] ok> 

From tinyG: [13:26:28] tinyg [mm] ok> 

From tinyG: [13:26:28] posa:19.977,vel:277.85,momo:0,stat:5

From tinyG: [13:26:28] posa:0.263,vel:1468.86

From tinyG: [13:26:29] posa:0.000,vel:0.00,stat:3

Out > [13:26:29] g28.3z0

Out > [13:26:29] g91 g1 z-5 f600

From tinyG: [13:26:29] tinyg [mm] ok> 

From tinyG: [13:26:29] tinyg [mm] ok> 

From tinyG: [13:26:29] posz:-2.253,vel:600.00,dist:1,momo:1,stat:5

From tinyG: [13:26:29] posz:-4.750,vel:599.98

From tinyG: [13:26:29] posz:-5.000,vel:0.00,stat:3

Out > [13:26:29] g90 g1 z0 

Out > [13:26:29] g90 g0 a20

From tinyG: [13:26:29] tinyg [mm] ok> 

From tinyG: [13:26:29] tinyg [mm] ok> 

From tinyG: [13:26:30] posz:-2.747,vel:600.00,dist:0,stat:5

From tinyG: [13:26:30] posz:-0.235,vel:599.98

From tinyG: [13:26:30] posz:0.000,posa:18.268,vel:4788.46,momo:0

From tinyG: [13:26:31] posa:20.000,vel:0.00,stat:3

Out > [13:26:31] g90 g0 a0

Out > [13:26:31] g28.3z0

From tinyG: [13:26:31] tinyg [mm] ok> 

From tinyG: [13:26:31] tinyg [mm] ok> 

From tinyG: [13:26:31] posa:0.023,vel:277.85,stat:5

From tinyG: [13:26:31] posa:0.000,vel:0.00,stat:3

Out > [13:26:31] g91 g1 z-5 f600

Out > [13:26:31] g90 g1 z0 

From tinyG: [13:26:31] tinyg [mm] ok> 

From tinyG: [13:26:31] tinyg [mm] ok> 

From tinyG: [13:26:31] posz:-2.253,vel:600.00,dist:1,momo:1,stat:5

From tinyG: [13:26:32] posz:-4.750

From tinyG: [13:26:32] posz:-3.240,dist:0

From tinyG: [13:26:32] posz:-0.743

From tinyG: [13:26:32] posz:0.000,vel:0.00,stat:3

Out > [13:26:32] g90 g0 a20

Out > [13:26:32] g90 g0 a0

From tinyG: [13:26:32] tinyg [mm] ok> 

From tinyG: [13:26:32] tinyg [mm] ok> 

From tinyG: [13:26:33] posa:19.977,vel:277.85,momo:0,stat:5

From tinyG: [13:26:33] posa:0.339,vel:1738.73

From tinyG: [13:26:33] posa:0.000,vel:0.00,stat:3

Out > [13:27:38] g28.3z0

Out > [13:27:38] g91 g1 z-5 f650

From tinyG: [13:27:38] tinyg [mm] ok> 

From tinyG: [13:27:38] tinyg [mm] ok> 

From tinyG: [13:27:39] posz:-2.435,feed:650.00,vel:650.00,dist:1,momo:1,stat:5

From tinyG: [13:27:39] posz:-4.997,vel:62.48

From tinyG: [13:27:39] posz:-5.000,vel:0.00,stat:3

Out > [13:27:39] g90 g1 z0 

Out > [13:27:39] g90 g0 a20

From tinyG: [13:27:39] tinyg [mm] ok> 

From tinyG: [13:27:39] tinyg [mm] ok> 

From tinyG: [13:27:39] posz:-2.565,vel:650.00,dist:0,stat:5

From tinyG: [13:27:40] posz:-0.003,vel:62.48

From tinyG: [13:27:40] posz:0.000,posa:19.853,vel:994.56,momo:0

From tinyG: [13:27:40] posa:20.000,vel:0.00,stat:3

Out > [13:27:40] g90 g0 a0

Out > [13:27:40] g28.3z0

From tinyG: [13:27:40] tinyg [mm] ok> 

From tinyG: [13:27:40] tinyg [mm] ok> 

From tinyG: [13:27:40] posa:0.023,vel:277.85,stat:5

From tinyG: [13:27:41] posa:0.000,vel:0.00,stat:3

Out > [13:27:41] g91 g1 z-5 f650

Out > [13:27:41] g90 g1 z0 

From tinyG: [13:27:41] tinyg [mm] ok> 

From tinyG: [13:27:41] tinyg [mm] ok> 

From tinyG: [13:27:41] posz:-2.435,vel:650.00,dist:1,momo:1,stat:5

From tinyG: [13:27:41] posz:-4.997,vel:62.48

From tinyG: [13:27:42] posz:-2.711,vel:650.00,dist:0

From tinyG: [13:27:42] posz:-0.048,vel:359.75

From tinyG: [13:27:42] posz:0.000,vel:0.00,stat:3

Out > [13:27:42] g90 g0 a20

Out > [13:27:42] g90 g0 a0

From tinyG: [13:27:42] tinyg [mm] ok> 

From tinyG: [13:27:42] tinyg [mm] ok> 

From tinyG: [13:27:42] posa:19.977,vel:277.85,momo:0,stat:5

From tinyG: [13:27:43] posa:0.339,vel:1738.73

From tinyG: [13:27:43] posa:0.000,vel:0.00,stat:3

Out > [13:27:43] g28.3z0

Out > [13:27:43] g91 g1 z-5 f650

From tinyG: [13:27:43] tinyg [mm] ok> 

From tinyG: [13:27:43] tinyg [mm] ok> 

From tinyG: [13:27:43] posz:-2.435,vel:650.00,dist:1,momo:1,stat:5

From tinyG: [13:27:43] posz:-4.997,vel:62.48

From tinyG: [13:27:44] posz:-5.000,vel:0.00,stat:3

Out > [13:27:44] g90 g1 z0 

Out > [13:27:44] g90 g0 a20

From tinyG: [13:27:44] tinyg [mm] ok> 

From tinyG: [13:27:44] tinyg [mm] ok> 

From tinyG: [13:27:44] posz:-2.565,vel:650.00,dist:0,stat:5

From tinyG: [13:27:44] posz:-0.002,vel:45.16

From tinyG: [13:27:45] posz:0.000,posa:19.875,vel:890.51,momo:0

From tinyG: [13:27:45] posa:20.000,vel:0.00,stat:3

Out > [13:27:45] g90 g0 a0

Out > [13:27:45] g28.3z0

From tinyG: [13:27:45] tinyg [mm] ok> 

From tinyG: [13:27:45] tinyg [mm] ok> 

From tinyG: [13:27:45] posa:0.023,vel:277.85,stat:5

From tinyG: [13:27:45] posa:0.000,vel:0.00,stat:3

Out > [13:27:45] g91 g1 z-5 f650

Out > [13:27:45] g90 g1 z0 

From tinyG: [13:27:45] tinyg [mm] ok> 

From tinyG: [13:27:45] tinyg [mm] ok> 

From tinyG: [13:27:46] posz:-2.435,vel:650.00,dist:1,momo:1,stat:5

From tinyG: [13:27:46] posz:-4.997,vel:62.48

From tinyG: [13:27:46] posz:-2.711,vel:650.00,dist:0

From tinyG: [13:27:46] posz:-0.048,vel:359.75

From tinyG: [13:27:47] posz:0.000,vel:0.00,stat:3

Out > [13:27:47] g90 g0 a20

Out > [13:27:47] g90 g0 a0

From tinyG: [13:27:47] tinyg [mm] ok> 

From tinyG: [13:27:47] tinyg [mm] ok> 

From tinyG: [13:27:47] posa:19.977,vel:277.85,momo:0,stat:5

From tinyG: [13:27:47] posa:0.339,vel:1738.73

From tinyG: [13:27:48] posa:0.000,vel:0.00,stat:3

Out > [13:27:48] g28.3z0

Out > [13:27:48] g91 g1 z-5 f650

From tinyG: [13:27:48] tinyg [mm] ok> 

From tinyG: [13:27:48] tinyg [mm] ok> 

From tinyG: [13:27:48] posz:-2.435,vel:650.00,dist:1,momo:1,stat:5

From tinyG: [13:27:48] posz:-4.997,vel:62.48

From tinyG: [13:27:48] posz:-5.000,vel:0.00,stat:3

Out > [13:27:48] g90 g1 z0 

Out > [13:27:48] g90 g0 a20

From tinyG: [13:27:48] tinyg [mm] ok> 

From tinyG: [13:27:48] tinyg [mm] ok> 

From tinyG: [13:27:49] posz:-2.565,vel:650.00,dist:0,stat:5

From tinyG: [13:27:49] posz:-0.002,vel:45.16

From tinyG: [13:27:49] posz:0.000,posa:19.875,vel:890.51,momo:0

From tinyG: [13:27:49] posa:20.000,vel:0.00,stat:3

Out > [13:27:49] g90 g0 a0

Out > [13:27:49] g28.3z0

From tinyG: [13:27:49] tinyg [mm] ok> 

From tinyG: [13:27:49] tinyg [mm] ok> 

From tinyG: [13:27:50] posa:0.023,vel:277.85,stat:5

From tinyG: [13:27:50] posa:0.000,vel:0.00,stat:3

Out > [13:27:50] g91 g1 z-5 f650

Out > [13:27:50] g90 g1 z0 

From tinyG: [13:27:50] tinyg [mm] ok> 

From tinyG: [13:27:50] tinyg [mm] ok> 

From tinyG: [13:27:50] posz:-2.435,vel:650.00,dist:1,momo:1,stat:5

From tinyG: [13:27:51] posz:-4.997,vel:62.48

From tinyG: [13:27:51] posz:-2.711,vel:650.00,dist:0

From tinyG: [13:27:51] posz:-0.048,vel:359.75

From tinyG: [13:27:51] posz:0.000,vel:0.00,stat:3

Out > [13:27:51] g90 g0 a20

Out > [13:27:51] g90 g0 a0

From tinyG: [13:27:51] tinyg [mm] ok> 

From tinyG: [13:27:51] tinyg [mm] ok> 

From tinyG: [13:27:52] posa:19.977,vel:277.85,momo:0,stat:5

From tinyG: [13:27:52] posa:0.263,vel:1468.86

From tinyG: [13:27:52] posa:0.000,vel:0.00,stat:3

Out > [13:27:52] g28.3z0

Out > [13:27:52] g91 g1 z-5 f650

From tinyG: [13:27:52] tinyg [mm] ok> 

From tinyG: [13:27:52] tinyg [mm] ok> 

From tinyG: [13:27:53] posz:-2.435,vel:650.00,dist:1,momo:1,stat:5

From tinyG: [13:27:53] posz:-4.997,vel:62.48

From tinyG: [13:27:53] posz:-5.000,vel:0.00,stat:3

Out > [13:27:53] g90 g1 z0 

Out > [13:27:53] g90 g0 a20

From tinyG: [13:27:53] tinyg [mm] ok> 

From tinyG: [13:27:53] tinyg [mm] ok> 

From tinyG: [13:27:53] posz:-2.565,vel:650.00,dist:0,stat:5

From tinyG: [13:27:54] posz:-0.002,vel:45.16

From tinyG: [13:27:54] posz:0.000,posa:19.875,vel:890.51,momo:0

From tinyG: [13:27:54] posa:20.000,vel:0.00,stat:3

Out > [13:27:54] g90 g0 a0

Out > [13:27:54] g28.3z0

From tinyG: [13:27:54] tinyg [mm] ok> 

From tinyG: [13:27:54] tinyg [mm] ok> 

From tinyG: [13:27:54] posa:0.023,vel:277.85,stat:5

From tinyG: [13:27:55] posa:0.000,vel:0.00,stat:3

Out > [13:27:55] g91 g1 z-5 f650

Out > [13:27:55] g90 g1 z0 

From tinyG: [13:27:55] tinyg [mm] ok> 

From tinyG: [13:27:55] tinyg [mm] ok> 

From tinyG: [13:27:55] posz:-2.435,vel:650.00,dist:1,momo:1,stat:5

From tinyG: [13:27:55] posz:-4.997,vel:62.48

From tinyG: [13:27:56] posz:-2.711,vel:650.00,dist:0

From tinyG: [13:27:56] posz:-0.048,vel:359.75

From tinyG: [13:27:56] posz:0.000,vel:0.00,stat:3

Out > [13:27:56] g90 g0 a20

Out > [13:27:56] g90 g0 a0

From tinyG: [13:27:56] tinyg [mm] ok> 

From tinyG: [13:27:56] tinyg [mm] ok> 

From tinyG: [13:27:56] posa:19.977,vel:277.85,momo:0,stat:5

From tinyG: [13:27:57] posa:0.263,vel:1468.86

From tinyG: [13:27:57] posa:0.000,vel:0.00,stat:3

Out > [13:27:57] g28.3z0

Out > [13:27:57] g91 g1 z-5 f650

From tinyG: [13:27:57] tinyg [mm] ok> 

From tinyG: [13:27:57] tinyg [mm] ok> 

From tinyG: [13:27:57] posz:-2.435,vel:650.00,dist:1,momo:1,stat:5

From tinyG: [13:27:57] posz:-4.997,vel:62.48

From tinyG: [13:27:58] posz:-5.000,vel:0.00,stat:3

Out > [13:27:58] g90 g1 z0 

Out > [13:27:58] g90 g0 a20

From tinyG: [13:27:58] tinyg [mm] ok> 

From tinyG: [13:27:58] tinyg [mm] ok> 

From tinyG: [13:27:58] posz:-2.565,vel:650.00,dist:0,stat:5

From tinyG: [13:27:58] posz:-0.002,vel:45.16

From tinyG: [13:27:59] posz:0.000,posa:19.875,vel:890.51,momo:0

From tinyG: [13:27:59] posa:20.000,vel:0.00,stat:3

Out > [13:27:59] g90 g0 a0

Out > [13:27:59] g28.3z0

From tinyG: [13:27:59] tinyg [mm] ok> 

From tinyG: [13:27:59] tinyg [mm] ok> 

From tinyG: [13:27:59] posa:0.023,vel:277.85,stat:5

From tinyG: [13:27:59] posa:0.000,vel:0.00,stat:3

Out > [13:27:59] g91 g1 z-5 f650

Out > [13:27:59] g90 g1 z0 

From tinyG: [13:27:59] tinyg [mm] ok> 

From tinyG: [13:27:59] tinyg [mm] ok> 

From tinyG: [13:28:00] posz:-2.435,vel:650.00,dist:1,momo:1,stat:5

From tinyG: [13:28:00] posz:-4.997,vel:62.48

From tinyG: [13:28:00] posz:-2.711,vel:650.00,dist:0

From tinyG: [13:28:00] posz:-0.048,vel:359.75

From tinyG: [13:28:01] posz:0.000,vel:0.00,stat:3

Out > [13:28:01] g90 g0 a20

Out > [13:28:01] g90 g0 a0

From tinyG: [13:28:01] tinyg [mm] ok> 

From tinyG: [13:28:01] tinyg [mm] ok> 

From tinyG: [13:28:01] posa:19.977,vel:277.85,momo:0,stat:5

From tinyG: [13:28:01] posa:0.263,vel:1468.86

From tinyG: [13:28:02] posa:0.000,vel:0.00,stat:3

Out > [13:28:14] g28.3z0

Out > [13:28:14] g91 g1 z-5 f600

From tinyG: [13:28:14] tinyg [mm] ok> 

From tinyG: [13:28:14] tinyg [mm] ok> 

From tinyG: [13:28:14] posz:-2.253,feed:600.00,vel:600.00,dist:1,momo:1,stat:5

From tinyG: [13:28:14] posz:-4.765,vel:599.98

From tinyG: [13:28:14] posz:-5.000,vel:0.00,stat:3

Out > [13:28:15] g90 g1 z0 

Out > [13:28:15] g90 g0 a20

From tinyG: [13:28:15] tinyg [mm] ok> 

From tinyG: [13:28:15] tinyg [mm] ok> 

From tinyG: [13:28:15] posz:-2.747,vel:600.00,dist:0,stat:5

From tinyG: [13:28:15] posz:-0.235,vel:599.98

From tinyG: [13:28:15] posz:0.000,posa:18.268,vel:4788.46,momo:0

From tinyG: [13:28:16] posa:20.000,vel:0.00,stat:3

Out > [13:28:16] g90 g0 a0

Out > [13:28:16] g28.3z0

From tinyG: [13:28:16] tinyg [mm] ok> 

From tinyG: [13:28:16] tinyg [mm] ok> 

From tinyG: [13:28:16] posa:0.023,vel:277.85,stat:5

From tinyG: [13:28:16] posa:0.000,vel:0.00,stat:3

Out > [13:28:16] g91 g1 z-5 f600

Out > [13:28:16] g90 g1 z0 

From tinyG: [13:28:16] tinyg [mm] ok> 

From tinyG: [13:28:16] tinyg [mm] ok> 

From tinyG: [13:28:16] posz:-2.253,vel:600.00,dist:1,momo:1,stat:5

From tinyG: [13:28:17] posz:-4.750

From tinyG: [13:28:17] sz:-3.240,dist:0

From tinyG: [13:28:17] posz:-0.743

From tinyG: [13:28:17] posz:0.000,vel:0.00,stat:3

Out > [13:28:17] g90 g0 a20

Out > [13:28:17] g90 g0 a0

From tinyG: [13:28:17] tinyg [mm] ok> 

From tinyG: [13:28:18] tinyg [mm] ok> 

From tinyG: [13:28:18] posa:19.977,vel:277.85,momo:0,stat:5

From tinyG: [13:28:18] posa:0.263,vel:1468.86

From tinyG: [13:28:18] posa:0.000,vel:0.00,stat:3

Out > [13:28:18] g28.3z0

Out > [13:28:18] g91 g1 z-5 f600

From tinyG: [13:28:18] tinyg [mm] ok> 

From tinyG: [13:28:18] tinyg [mm] ok> 

From tinyG: [13:28:19] posz:-2.253,vel:600.00,dist:1,momo:1,stat:5

From tinyG: [13:28:19] posz:-4.750,vel:599.98

From tinyG: [13:28:19] posz:-5.000,vel:0.00,stat:3

Out > [13:28:19] g90 g1 z0 

Out > [13:28:19] g90 g0 a20

From tinyG: [13:28:19] tinyg [mm] ok> 

From tinyG: [13:28:19] tinyg [mm] ok> 

From tinyG: [13:28:19] posz:-2.747,vel:600.00,dist:0,stat:5

From tinyG: [13:28:20] posz:-0.235,vel:599.98

From tinyG: [13:28:20] posz:0.000,posa:18.268,vel:4788.46,momo:0

From tinyG: [13:28:20] posa:20.000,vel:0.00,stat:3

Out > [13:28:20] g90 g0 a0

Out > [13:28:20] g28.3z0

From tinyG: [13:28:20] tinyg [mm] ok> 

From tinyG: [13:28:20] tinyg [mm] ok> 

From tinyG: [13:28:21] posa:0.023,vel:277.85,stat:5

From tinyG: [13:28:21] posa:0.000,vel:0.00,stat:3

Out > [13:28:21] g91 g1 z-5 f600

Out > [13:28:21] g90 g1 z0 

From tinyG: [13:28:21] tinyg [mm] ok> 

From tinyG: [13:28:21] tinyg [mm] ok> 

From tinyG: [13:28:21] posz:-2.253,vel:600.00,dist:1,momo:1,stat:5

From tinyG: [13:28:21] posz:-4.750

From tinyG: [13:28:22] posz:-3.240,dist:0

From tinyG: [13:28:22] posz:-0.743

From tinyG: [13:28:22] posz:0.000,vel:0.00,stat:3

Out > [13:28:22] g90 g0 a20

Out > [13:28:22] g90 g0 a0

From tinyG: [13:28:22] tinyg [mm] ok> 

From tinyG: [13:28:22] tinyg [mm] ok> 

From tinyG: [13:28:22] posa:19.977,vel:277.85,momo:0,stat:5

From tinyG: [13:28:23] posa:0.263,vel:1468.86

From tinyG: [13:28:23] posa:0.000,vel:0.00,stat:3

Out > [13:28:23] g28.3z0

Out > [13:28:23] g91 g1 z-5 f600

From tinyG: [13:28:23] tinyg [mm] ok> 

From tinyG: [13:28:23] tinyg [mm] ok> 

From tinyG: [13:28:23] posz:-2.253,vel:600.00,dist:1,momo:1,stat:5

From tinyG: [13:28:24] posz:-4.765,vel:599.98

From tinyG: [13:28:24] posz:-5.000,vel:0.00,stat:3

Out > [13:28:24] g90 g1 z0 

Out > [13:28:24] g90 g0 a20

From tinyG: [13:28:24] tinyg [mm] ok> 

From tinyG: [13:28:24] tinyg [mm] ok> 

From tinyG: [13:28:24] posz:-2.747,vel:600.00,dist:0,stat:5

From tinyG: [13:28:24] posz:-0.235,vel:599.98

From tinyG: [13:28:25] posz:0.000,posa:18.268,vel:4788.46,momo:0

From tinyG: [13:28:25] posa:20.000,vel:0.00,stat:3

Out > [13:28:25] g90 g0 a0

Out > [13:28:25] g28.3z0

From tinyG: [13:28:25] tinyg [mm] ok> 

From tinyG: [13:28:25] tinyg [mm] ok> 

From tinyG: [13:28:25] posa:0.023,vel:277.85,stat:5

From tinyG: [13:28:25] posa:0.000,vel:0.00,stat:3

Out > [13:28:25] g91 g1 z-5 f600

Out > [13:28:25] g90 g1 z0 

From tinyG: [13:28:25] tinyg [mm] ok> 

From tinyG: [13:28:26] tinyg [mm] ok> 

From tinyG: [13:28:26] posz:-2.253,vel:600.00,dist:1,momo:1,stat:5

From tinyG: [13:28:26] posz:-4.750

From tinyG: [13:28:26] posz:-3.240,dist:0

From tinyG: [13:28:27] posz:-0.743

From tinyG: [13:28:27] posz:0.000,vel:0.00,stat:3

Out > [13:28:27] g90 g0 a20

Out > [13:28:27] g90 g0 a0

From tinyG: [13:28:27] tinyg [mm] ok> 

From tinyG: [13:28:27] tinyg [mm] ok> 

From tinyG: [13:28:27] posa:19.977,vel:277.85,momo:0,stat:5

From tinyG: [13:28:27] posa:0.263,vel:1468.86

From tinyG: [13:28:28] posa:0.000,vel:0.00,stat:3

Out > [13:28:28] g28.3z0

Out > [13:28:28] g91 g1 z-5 f600

From tinyG: [13:28:28] tinyg [mm] ok> 

From tinyG: [13:28:28] tinyg [mm] ok> 

From tinyG: [13:28:28] posz:-2.253,vel:600.00,dist:1,momo:1,stat:5

From tinyG: [13:28:28] posz:-4.765,vel:599.98

From tinyG: [13:28:28] posz:-5.000,vel:0.00,stat:3

Out > [13:28:28] g90 g1 z0 

Out > [13:28:28] g90 g0 a20

From tinyG: [13:28:28] tinyg [mm] ok> 

From tinyG: [13:28:29] tinyg [mm] ok> 

From tinyG: [13:28:29] posz:-2.747,vel:600.00,dist:0,stat:5

From tinyG: [13:28:29] posz:-0.235,vel:599.98

From tinyG: [13:28:29] posz:0.000,posa:18.268,vel:4788.46,momo:0

From tinyG: [13:28:30] posa:20.000,vel:0.00,stat:3

Out > [13:28:30] g90 g0 a0

Out > [13:28:30] g28.3z0

From tinyG: [13:28:30] tinyg [mm] ok> 

From tinyG: [13:28:30] tinyg [mm] ok> 

From tinyG: [13:28:30] posa:0.023,vel:277.85,stat:5

From tinyG: [13:28:30] posa:0.000,vel:0.00,stat:3

Out > [13:28:30] g91 g1 z-5 f600

Out > [13:28:30] g90 g1 z0 

From tinyG: [13:28:30] tinyg [mm] ok> 

From tinyG: [13:28:30] tinyg [mm] ok> 

From tinyG: [13:28:30] posz:-2.253,vel:600.00,dist:1,momo:1,stat:5

From tinyG: [13:28:31] posz:-4.750

From tinyG: [13:28:31] posz:-3.240,dist:0

From tinyG: [13:28:31] posz:-0.743

From tinyG: [13:28:31] posz:0.000,vel:0.00,stat:3

Out > [13:28:31] g90 g0 a20

Out > [13:28:31] g90 g0 a0

From tinyG: [13:28:31] tinyg [mm] ok> 

From tinyG: [13:28:32] tinyg [mm] ok> 

From tinyG: [13:28:32] posa:19.977,vel:277.85,momo:0,stat:5

From tinyG: [13:28:32] posa:0.263,vel:1468.86

From tinyG: [13:28:32] posa:0.000,vel:0.00,stat:3

Out > [13:28:32] g28.3z0

Out > [13:28:32] g91 g1 z-5 f600

From tinyG: [13:28:32] tinyg [mm] ok> 

From tinyG: [13:28:32] tinyg [mm] ok> 

From tinyG: [13:28:33] posz:-2.253,vel:600.00,dist:1,momo:1,stat:5

From tinyG: [13:28:33] posz:-4.765,vel:599.98

From tinyG: [13:28:33] posz:-5.000,vel:0.00,stat:3

Out > [13:28:33] g90 g1 z0 

Out > [13:28:33] g90 g0 a20

From tinyG: [13:28:33] tinyg [mm] ok> 

From tinyG: [13:28:33] tinyg [mm] ok> 

From tinyG: [13:28:33] posz:-2.747,vel:600.00,dist:0,stat:5

From tinyG: [13:28:34] posz:-0.235,vel:599.98

From tinyG: [13:28:34] posz:0.000,posa:18.268,vel:4788.46,momo:0

From tinyG: [13:28:34] posa:20.000,vel:0.00,stat:3

Out > [13:28:34] g90 g0 a0

Out > [13:28:34] g28.3z0

From tinyG: [13:28:34] tinyg [mm] ok> 

From tinyG: [13:28:34] tinyg [mm] ok> 

From tinyG: [13:28:35] posa:0.023,vel:277.85,stat:5

From tinyG: [13:28:35] posa:0.000,vel:0.00,stat:3

Out > [13:28:35] g91 g1 z-5 f600

Out > [13:28:35] g90 g1 z0 

From tinyG: [13:28:35] tinyg [mm] ok> 

From tinyG: [13:28:35] tinyg [mm] ok> 

From tinyG: [13:28:35] posz:-2.253,vel:600.00,dist:1,momo:1,stat:5

From tinyG: [13:28:35] posz:-4.750

From tinyG: [13:28:36] posz:-3.240,dist:0

From tinyG: [13:28:36] posz:-0.743

From tinyG: [13:28:36] posz:0.000,vel:0.00,stat:3

Out > [13:28:36] g90 g0 a20

Out > [13:28:36] g90 g0 a0

From tinyG: [13:28:36] tinyg [mm] ok> 

From tinyG: [13:28:36] tinyg [mm] ok> 

From tinyG: [13:28:36] posa:19.977,vel:277.85,momo:0,stat:5

From tinyG: [13:28:37] posa:0.263,vel:1468.86

From tinyG: [13:28:37] posa:0.000,vel:0.00,stat:3

Out > [13:29:19] g91 g0 z-5

From tinyG: [13:29:19] tinyg [mm] ok> 

From tinyG: [13:29:19] posz:-5.000,dist:1,stat:3

Out > [13:29:23] g91 g0 z-5

From tinyG: [13:29:23] tinyg [mm] ok> 

From tinyG: [13:29:23] posz:-10.000,stat:3

Out > [13:29:24] g91 g0 z-5

From tinyG: [13:29:24] tinyg [mm] ok> 

From tinyG: [13:29:24] posz:-15.000,stat:3

Out > [13:29:25] g91 g0 z-5

From tinyG: [13:29:25] tinyg [mm] ok> 

From tinyG: [13:29:25] posz:-20.000,stat:3

Out > [13:29:33] $2vm

From tinyG: [13:29:33] tinyg [mm] err[100]: Unrecognized command or config name: $2vm 

Out > [13:29:36] $zvm

From tinyG: [13:29:36] [zvm] z velocity maximum       3750 mm/min

From tinyG: [13:29:36] tinyg [mm] ok> 

Out > [13:29:45] $zvm=650

From tinyG: [13:29:45] [zvm] z velocity maximum        650 mm/min

From tinyG: [13:29:45] tinyg [mm] ok> 

Out > [13:29:52] g91 g0 z-5

From tinyG: [13:29:52] tinyg [mm] ok> 

From tinyG: [13:29:52] posz:-22.435,vel:650.00,stat:5

From tinyG: [13:29:53] posz:-24.997,vel:62.48

From tinyG: [13:29:53] posz:-25.000,vel:0.00,stat:3

Out > [13:29:53] g91 g0 z-5

From tinyG: [13:29:53] tinyg [mm] ok> 

From tinyG: [13:29:54] posz:-27.435,vel:650.00,stat:5

From tinyG: [13:29:54] posz:-29.997,vel:62.48

From tinyG: [13:29:54] posz:-30.000,vel:0.00,stat:3

Out > [13:30:00] g91 g0 z-1

From tinyG: [13:30:00] tinyg [mm] ok> 

From tinyG: [13:30:00] posz:-31.000,stat:3

Out > [13:30:00] g91 g0 z-1

From tinyG: [13:30:00] tinyg [mm] ok> 

From tinyG: [13:30:00] posz:-32.000,stat:3

Out > [13:30:01] g91 g0 z-1

From tinyG: [13:30:01] tinyg [mm] ok> 

From tinyG: [13:30:01] posz:-33.000,stat:3

Out > [13:30:10] g91 g0 z-1

From tinyG: [13:30:10] tinyg [mm] ok> 

From tinyG: [13:30:10] posz:-34.000,stat:3

