[18:34:50] Starting Log file for session: 2020724-183450

From tinyG: [18:34:51] {"r":{"fv":0.98,"fb":86.03,"hp":3,"hv":0,"id":"0213-0215-0515","msg":"SYSTEM READY"},"f":[1,0,1]}

From tinyG: [18:34:51] [ej]  enable json mode            0 [0=text,1=JSON]

From tinyG: [18:34:51] tinyg [mm] ok> 

From tinyG: [18:34:57] {"r":{"tinygmo":null},"f":[1,100,26]}

From tinyG: [18:34:57] {"r":{"baud":null},"f":[1,100,11]}

From tinyG: [18:34:57] {r:{js:0},f:[1,0,9]}

From tinyG: [18:34:57] {r:{gpa:0},f:[1,0,10]}

From tinyG: [18:34:57] {r:{gun:1},f:[1,0,10]}

From tinyG: [18:34:57] {r:{ja:0.00},f:[1,0,9]}

From tinyG: [18:34:57] {r:{si:250},f:[1,0,11]}

From tinyG: [18:34:57] {r:{jv:5},f:[1,0,9]}

From tinyG: [18:34:57] {r:{mt:0},f:[1,0,11]}

From tinyG: [18:34:57] {r:{st:null},f:[1,100,9]}

From tinyG: [18:34:57] {r:{qv:0},f:[1,0,9]}

From tinyG: [18:34:57] {r:{tv:1},f:[1,0,9]}

From tinyG: [18:34:57] {r:{sv:1},f:[1,0,9]}

From tinyG: [18:34:57] {r:{motorma:null},f:[1,100,20]}

From tinyG: [18:34:57] {r:{1ma:5},f:[1,0,10]}

From tinyG: [18:34:57] {r:{2ma:0},f:[1,0,10]}

From tinyG: [18:34:57] {r:{3ma:2},f:[1,0,10]}

From tinyG: [18:34:57] {r:{4ma:3},f:[1,0,10]}

From tinyG: [18:34:57] {r:{polarit:null},f:[1,100,18]}

From tinyG: [18:34:57] {r:{1po:1},f:[1,0,10]}

From tinyG: [18:34:57] {r:{2po:0},f:[1,0,10]}

From tinyG: [18:34:57] {r:{3po:1},f:[1,0,10]}

From tinyG: [18:34:57] {r:{4po:0},f:[1,0,10]}

From tinyG: [18:34:57] {r:{trvalue:null},f:[1,100,16]}

From tinyG: [18:34:57] {r:{1tr:60.0000},f:[1,0,11]}

From tinyG: [18:34:57] {r:{2tr:6.3500},f:[1,0,13]}

From tinyG: [18:34:57] {r:{3tr:5.0000},f:[1,0,10]}

From tinyG: [18:34:57] {r:{4tr:60.0000},f:[1,0,11]}

From tinyG: [18:34:57] {r:{powerse:null},f:[1,100,21]}

From tinyG: [18:34:57] {r:{1pl:1.000},f:[1,0,10]}

From tinyG: [18:34:57] {r:{2pl:1.000},f:[1,0,10]}

From tinyG: [18:34:57] {r:{3pl:0.000},f:[1,0,10]}

From tinyG: [18:34:57] {r:{4pl:0.000},f:[1,0,10]}

From tinyG: [18:34:57] {r:{1pm:2},f:[1,0,10]}

From tinyG: [18:34:57] {r:{2pm:2},f:[1,0,10]}

From tinyG: [18:34:57] {r:{3pm:2},f:[1,0,10]}

From tinyG: [18:34:57] {r:{4pm:2},f:[1,0,10]}

From tinyG: [18:34:57] {r:{motorse:null},f:[1,100,21]}

From tinyG: [18:34:57] {r:{1mi:16},f:[1,0,11]}

From tinyG: [18:34:57] {r:{2mi:32},f:[1,0,11]}

From tinyG: [18:34:57] {r:{3mi:10,msg:"*** WARNING *** Setting non-standard microstep value"},f:[1,0,11]}

From tinyG: [18:34:57] {r:{4mi:10,msg:"*** WARNING *** Setting non-standard microstep value"},f:[1,0,11]}

From tinyG: [18:34:57] {r:{1sa:1.800},f:[1,0,12]}

From tinyG: [18:34:57] {r:{2sa:1.800},f:[1,0,12]}

From tinyG: [18:34:57] {r:{3sa:1.800},f:[1,0,12]}

From tinyG: [18:34:57] {r:{4sa:1.800},f:[1,0,12]}

From tinyG: [18:34:57] {r:{axesset:null},f:[1,100,20]}

From tinyG: [18:34:57] {r:{xam:1},f:[1,0,10]}

From tinyG: [18:34:57] {r:{xvm:1500},f:[1,0,13]}

From tinyG: [18:34:57] {r:{xjm:5000},f:[1,0,13]}

From tinyG: [18:34:57] {r:{xfr:5000},f:[1,0,13]}

From tinyG: [18:34:57] {r:{xtn:-500.000},f:[1,0,13]}

From tinyG: [18:34:57] {r:{xtm:0.000},f:[1,0,10]}

From tinyG: [18:34:57] {r:{yam:0},f:[1,0,10]}

From tinyG: [18:34:57] {r:{yvm:0},f:[1,0,10]}

From tinyG: [18:34:57] {r:{yjm:0},f:[1,0,10]}

From tinyG: [18:34:57] {r:{yfr:0},f:[1,0,10]}

From tinyG: [18:34:57] {r:{zam:1},f:[1,0,10]}

From tinyG: [18:34:57] {r:{zvm:3750},f:[1,0,13]}

From tinyG: [18:34:57] {r:{zjm:5000},f:[1,0,13]}

From tinyG: [18:34:57] {r:{zfr:3750},f:[1,0,13]}

From tinyG: [18:34:57] {r:{ztn:-100.000},f:[1,0,13]}

From tinyG: [18:34:57] {r:{ztm:2.000},f:[1,0,10]}

From tinyG: [18:34:57] {r:{aam:1},f:[1,0,10]}

From tinyG: [18:34:57] {r:{avm:20000},f:[1,0,14]}

From tinyG: [18:34:57] {r:{ajm:10000},f:[1,0,14]}

From tinyG: [18:34:57] {r:{afr:15000},f:[1,0,14]}

From tinyG: [18:34:57] {r:{atn:-3600.000},f:[1,0,14]}

From tinyG: [18:34:57] {r:{atm:3600.000},f:[1,0,13]}

From tinyG: [18:34:57] {r:{cam:1},f:[1,0,10]}

From tinyG: [18:34:57] {r:{cvm:10000},f:[1,0,14]}

From tinyG: [18:34:57] {r:{cjm:5000},f:[1,0,13]}

From tinyG: [18:34:57] {r:{cfr:10000},f:[1,0,14]}

From tinyG: [18:34:57] {r:{ctn:-3600.000},f:[1,0,14]}

From tinyG: [18:34:57] {r:{ctm:3600.000},f:[1,0,13]}

From tinyG: [18:34:57] {r:{limitsw:null},f:[1,100,21]}

From tinyG: [18:34:57] {r:{sl:1},f:[1,0,9]}

From tinyG: [18:34:57] {r:{xsn:null},f:[1,100,10]}

From tinyG: [18:34:57] {r:{ahi:1},f:[1,0,10]}

From tinyG: [18:34:57] {r:{di1mo:1},f:[1,0,12]}

From tinyG: [18:34:57] {r:{di1ac:0},f:[1,0,12]}

From tinyG: [18:34:57] {r:{di1fn:0},f:[1,0,12]}

From tinyG: [18:34:57] {r:{xsx:null},f:[1,100,10]}

From tinyG: [18:34:57] {r:{xhi:2},f:[1,0,10]}

From tinyG: [18:34:57] {r:{di2mo:0},f:[1,0,12]}

From tinyG: [18:34:57] {r:{di2ac:0},f:[1,0,12]}

From tinyG: [18:34:57] {r:{di2fn:0},f:[1,0,12]}

From tinyG: [18:34:57] {r:{ysn:null},f:[1,100,10]}

From tinyG: [18:34:57] {r:{yhi:0},f:[1,0,10]}

From tinyG: [18:34:57] {r:{di3mo:-1},f:[1,0,13]}

From tinyG: [18:34:57] {r:{di3ac:0},f:[1,0,12]}

From tinyG: [18:34:57] {r:{di3fn:0},f:[1,0,12]}

From tinyG: [18:34:57] {r:{ysx:null},f:[1,100,10]}

From tinyG: [18:34:57] {r:{di4mo:-1},f:[1,0,13]}

From tinyG: [18:34:57] {r:{di4ac:0},f:[1,0,12]}

From tinyG: [18:34:57] {r:{di4fn:0},f:[1,0,12]}

From tinyG: [18:34:57] {r:{zsn:null},f:[1,100,10]}

From tinyG: [18:34:57] {r:{zhi:5},f:[1,0,10]}

From tinyG: [18:34:57] {r:{di5mo:0},f:[1,0,12]}

From tinyG: [18:34:57] {r:{di5ac:0},f:[1,0,12]}

From tinyG: [18:34:57] {r:{di5fn:0},f:[1,0,12]}

From tinyG: [18:34:57] {r:{zsx:null},f:[1,100,10]}

From tinyG: [18:34:57] {r:{di6mo:-1},f:[1,0,13]}

From tinyG: [18:34:57] {r:{di6ac:0},f:[1,0,12]}

From tinyG: [18:34:57] {r:{di6fn:0},f:[1,0,12]}

From tinyG: [18:34:57] {r:{asn:null},f:[1,100,10]}

From tinyG: [18:34:57] {r:{di7mo:-1},f:[1,0,13]}

From tinyG: [18:34:57] {r:{di7ac:0},f:[1,0,12]}

From tinyG: [18:34:57] {r:{di7fn:0},f:[1,0,12]}

From tinyG: [18:34:57] {r:{asx:null},f:[1,100,10]}

From tinyG: [18:34:57] {r:{di8mo:-1},f:[1,0,13]}

From tinyG: [18:34:57] {r:{di8ac:0},f:[1,0,12]}

From tinyG: [18:34:57] {r:{di8fn:0},f:[1,0,12]}

From tinyG: [18:34:57] {r:{di9mo:-1},f:[1,0,13]}

From tinyG: [18:34:57] {r:{di9ac:0},f:[1,0,12]}

From tinyG: [18:34:57] {r:{di9fn:0},f:[1,0,12]}

From tinyG: [18:34:57] {r:{homingc:null},f:[1,100,20]}

From tinyG: [18:34:57] {r:{st:null},f:[1,100,9]}

From tinyG: [18:34:57] {r:{xhd:1},f:[1,0,10]}

From tinyG: [18:34:57] {r:{xsv:1000},f:[1,0,13]}

From tinyG: [18:34:57] {r:{xlv:100.00},f:[1,0,12]}

From tinyG: [18:34:57] {r:{xlb:5.000},f:[1,0,10]}

From tinyG: [18:34:57] {r:{xzb:2.000},f:[1,0,10]}

From tinyG: [18:34:57] {r:{xjh:10000},f:[1,0,14]}

From tinyG: [18:34:57] {r:{zhd:0},f:[1,0,10]}

From tinyG: [18:34:57] {r:{zsv:1000},f:[1,0,13]}

From tinyG: [18:34:57] {r:{zlv:100.00},f:[1,0,12]}

From tinyG: [18:34:57] {r:{zlb:5.000},f:[1,0,10]}

From tinyG: [18:34:57] {r:{zzb:50.305},f:[1,0,15]}

From tinyG: [18:34:57] {r:{zjh:10000},f:[1,0,14]}

From tinyG: [18:34:57] {r:{ahd:1},f:[1,0,10]}

From tinyG: [18:34:57] {r:{asv:5000},f:[1,0,13]}

From tinyG: [18:34:57] {r:{alv:500.00},f:[1,0,12]}

From tinyG: [18:34:57] {r:{alb:20.000},f:[1,0,11]}

From tinyG: [18:34:57] {r:{azb:0.000},f:[1,0,10]}

From tinyG: [18:34:57] {r:{ajh:10000},f:[1,0,14]}

From tinyG: [18:34:57] [ej]  enable json mode            0 [0=text,1=JSON]

From tinyG: [18:34:57] tinyg [mm] ok> 

From tinyG: [18:34:57] line:0,posx:0.000,posy:0.000,posz:0.000,posa:0.000,feed:0.00,vel:0.00,unit:1,coor:1,dist:0,admo:1,frmo:1,momo:4,stat:1

From tinyG: [18:35:04] {r:{tinygmo:null},f:[1,100,26]}

From tinyG: [18:35:04] {r:{baud:null},f:[1,100,11]}

From tinyG: [18:35:04] {r:{js:0},f:[1,0,9]}

From tinyG: [18:35:04] {r:{gpa:0},f:[1,0,10]}

From tinyG: [18:35:04] {r:{gun:1},f:[1,0,10]}

From tinyG: [18:35:04] {r:{ja:0.00},f:[1,0,9]}

From tinyG: [18:35:04] {r:{si:250},f:[1,0,11]}

From tinyG: [18:35:04] {r:{jv:5},f:[1,0,9]}

From tinyG: [18:35:04] {r:{mt:0},f:[1,0,11]}

From tinyG: [18:35:04] {r:{st:null},f:[1,100,9]}

From tinyG: [18:35:04] {r:{qv:0},f:[1,0,9]}

From tinyG: [18:35:04] {r:{tv:1},f:[1,0,9]}

From tinyG: [18:35:04] {r:{sv:1},f:[1,0,9]}

From tinyG: [18:35:04] {r:{motorma:null},f:[1,100,20]}

From tinyG: [18:35:04] {r:{1ma:5},f:[1,0,10]}

From tinyG: [18:35:04] {r:{2ma:0},f:[1,0,10]}

From tinyG: [18:35:04] {r:{3ma:2},f:[1,0,10]}

From tinyG: [18:35:04] {r:{4ma:3},f:[1,0,10]}

From tinyG: [18:35:04] {r:{polarit:null},f:[1,100,18]}

From tinyG: [18:35:04] {r:{1po:1},f:[1,0,10]}

From tinyG: [18:35:04] {r:{2po:0},f:[1,0,10]}

From tinyG: [18:35:04] {r:{3po:1},f:[1,0,10]}

From tinyG: [18:35:04] {r:{4po:0},f:[1,0,10]}

From tinyG: [18:35:04] {r:{trvalue:null},f:[1,100,16]}

From tinyG: [18:35:04] {r:{1tr:60.0000},f:[1,0,11]}

From tinyG: [18:35:04] {r:{2tr:6.3500},f:[1,0,13]}

From tinyG: [18:35:04] {r:{3tr:5.0000},f:[1,0,10]}

From tinyG: [18:35:04] {r:{4tr:60.0000},f:[1,0,11]}

From tinyG: [18:35:04] {r:{powerse:null},f:[1,100,21]}

From tinyG: [18:35:04] {r:{1pl:1.000},f:[1,0,10]}

From tinyG: [18:35:04] {r:{2pl:1.000},f:[1,0,10]}

From tinyG: [18:35:04] {r:{3pl:0.000},f:[1,0,10]}

From tinyG: [18:35:04] {r:{4pl:0.000},f:[1,0,10]}

From tinyG: [18:35:04] {r:{1pm:2},f:[1,0,10]}

From tinyG: [18:35:04] {r:{2pm:2},f:[1,0,10]}

From tinyG: [18:35:04] {r:{3pm:2},f:[1,0,10]}

From tinyG: [18:35:04] {r:{4pm:2},f:[1,0,10]}

From tinyG: [18:35:04] {r:{motorse:null},f:[1,100,21]}

From tinyG: [18:35:04] {r:{1mi:16},f:[1,0,11]}

From tinyG: [18:35:04] {r:{2mi:32},f:[1,0,11]}

From tinyG: [18:35:04] {r:{3mi:10,msg:"*** WARNING *** Setting non-standard microstep value"},f:[1,0,11]}

From tinyG: [18:35:04] {r:{4mi:10,msg:"*** WARNING *** Setting non-standard microstep value"},f:[1,0,11]}

From tinyG: [18:35:04] {r:{1sa:1.800},f:[1,0,12]}

From tinyG: [18:35:04] {r:{2sa:1.800},f:[1,0,12]}

From tinyG: [18:35:04] {r:{3sa:1.800},f:[1,0,12]}

From tinyG: [18:35:04] {r:{4sa:1.800},f:[1,0,12]}

From tinyG: [18:35:04] {r:{axesset:null},f:[1,100,20]}

From tinyG: [18:35:04] {r:{xam:1},f:[1,0,10]}

From tinyG: [18:35:04] {r:{xvm:1500},f:[1,0,13]}

From tinyG: [18:35:04] {r:{xjm:5000},f:[1,0,13]}

From tinyG: [18:35:04] {r:{xfr:5000},f:[1,0,13]}

From tinyG: [18:35:04] {r:{xtn:-500.000},f:[1,0,13]}

From tinyG: [18:35:04] {r:{xtm:0.000},f:[1,0,10]}

From tinyG: [18:35:04] {r:{yam:0},f:[1,0,10]}

From tinyG: [18:35:04] {r:{yvm:0},f:[1,0,10]}

From tinyG: [18:35:04] {r:{yjm:0},f:[1,0,10]}

From tinyG: [18:35:04] {r:{yfr:0},f:[1,0,10]}

From tinyG: [18:35:04] {r:{zam:1},f:[1,0,10]}

From tinyG: [18:35:04] {r:{zvm:3750},f:[1,0,13]}

From tinyG: [18:35:04] {r:{zjm:5000},f:[1,0,13]}

From tinyG: [18:35:04] {r:{zfr:3750},f:[1,0,13]}

From tinyG: [18:35:04] {r:{ztn:-100.000},f:[1,0,13]}

From tinyG: [18:35:04] {r:{ztm:2.000},f:[1,0,10]}

From tinyG: [18:35:04] {r:{aam:1},f:[1,0,10]}

From tinyG: [18:35:04] {r:{avm:20000},f:[1,0,14]}

From tinyG: [18:35:04] {r:{ajm:10000},f:[1,0,14]}

From tinyG: [18:35:04] {r:{afr:15000},f:[1,0,14]}

From tinyG: [18:35:04] {r:{atn:-3600.000},f:[1,0,14]}

From tinyG: [18:35:04] {r:{atm:3600.000},f:[1,0,13]}

From tinyG: [18:35:04] {r:{cam:1},f:[1,0,10]}

From tinyG: [18:35:04] {r:{cvm:10000},f:[1,0,14]}

From tinyG: [18:35:04] {r:{cjm:5000},f:[1,0,13]}

From tinyG: [18:35:04] {r:{cfr:10000},f:[1,0,14]}

From tinyG: [18:35:04] {r:{ctn:-3600.000},f:[1,0,14]}

From tinyG: [18:35:04] {r:{ctm:3600.000},f:[1,0,13]}

From tinyG: [18:35:04] {r:{limitsw:null},f:[1,100,21]}

From tinyG: [18:35:04] {r:{sl:1},f:[1,0,9]}

From tinyG: [18:35:04] {r:{xsn:null},f:[1,100,10]}

From tinyG: [18:35:04] {r:{ahi:1},f:[1,0,10]}

From tinyG: [18:35:04] {r:{di1mo:1},f:[1,0,12]}

From tinyG: [18:35:04] {r:{di1ac:0},f:[1,0,12]}

From tinyG: [18:35:04] {r:{di1fn:0},f:[1,0,12]}

From tinyG: [18:35:04] {r:{xsx:null},f:[1,100,10]}

From tinyG: [18:35:04] {r:{xhi:2},f:[1,0,10]}

From tinyG: [18:35:04] {r:{di2mo:0},f:[1,0,12]}

From tinyG: [18:35:04] {r:{di2ac:0},f:[1,0,12]}

From tinyG: [18:35:04] {r:{di2fn:0},f:[1,0,12]}

From tinyG: [18:35:04] {r:{ysn:null},f:[1,100,10]}

From tinyG: [18:35:04] {r:{yhi:0},f:[1,0,10]}

From tinyG: [18:35:04] {r:{di3mo:-1},f:[1,0,13]}

From tinyG: [18:35:04] {r:{di3ac:0},f:[1,0,12]}

From tinyG: [18:35:04] {r:{di3fn:0},f:[1,0,12]}

From tinyG: [18:35:04] {r:{ysx:null},f:[1,100,10]}

From tinyG: [18:35:04] {r:{di4mo:-1},f:[1,0,13]}

From tinyG: [18:35:04] {r:{di4ac:0},f:[1,0,12]}

From tinyG: [18:35:04] {r:{di4fn:0},f:[1,0,12]}

From tinyG: [18:35:04] {r:{zsn:null},f:[1,100,10]}

From tinyG: [18:35:04] {r:{zhi:5},f:[1,0,10]}

From tinyG: [18:35:04] {r:{di5mo:0},f:[1,0,12]}

From tinyG: [18:35:04] {r:{di5ac:0},f:[1,0,12]}

From tinyG: [18:35:04] {r:{di5fn:0},f:[1,0,12]}

From tinyG: [18:35:04] {r:{zsx:null},f:[1,100,10]}

From tinyG: [18:35:04] {r:{di6mo:-1},f:[1,0,13]}

From tinyG: [18:35:04] {r:{di6ac:0},f:[1,0,12]}

From tinyG: [18:35:04] {r:{di6fn:0},f:[1,0,12]}

From tinyG: [18:35:04] {r:{asn:null},f:[1,100,10]}

From tinyG: [18:35:04] {r:{di7mo:-1},f:[1,0,13]}

From tinyG: [18:35:04] {r:{di7ac:0},f:[1,0,12]}

From tinyG: [18:35:04] {r:{di7fn:0},f:[1,0,12]}

From tinyG: [18:35:04] {r:{asx:null},f:[1,100,10]}

From tinyG: [18:35:04] {r:{di8mo:-1},f:[1,0,13]}

From tinyG: [18:35:04] {r:{di8ac:0},f:[1,0,12]}

From tinyG: [18:35:04] {r:{di8fn:0},f:[1,0,12]}

From tinyG: [18:35:04] {r:{di9mo:-1},f:[1,0,13]}

From tinyG: [18:35:04] {r:{di9ac:0},f:[1,0,12]}

From tinyG: [18:35:04] {r:{di9fn:0},f:[1,0,12]}

From tinyG: [18:35:04] {r:{homingc:null},f:[1,100,20]}

From tinyG: [18:35:04] {r:{st:null},f:[1,100,9]}

From tinyG: [18:35:04] {r:{xhd:1},f:[1,0,10]}

From tinyG: [18:35:04] {r:{xsv:1000},f:[1,0,13]}

From tinyG: [18:35:04] {r:{xlv:100.00},f:[1,0,12]}

From tinyG: [18:35:04] {r:{xlb:5.000},f:[1,0,10]}

From tinyG: [18:35:04] {r:{xzb:2.000},f:[1,0,10]}

From tinyG: [18:35:04] {r:{xjh:10000},f:[1,0,14]}

From tinyG: [18:35:04] {r:{zhd:0},f:[1,0,10]}

From tinyG: [18:35:04] {r:{zsv:1000},f:[1,0,13]}

From tinyG: [18:35:04] {r:{zlv:100.00},f:[1,0,12]}

From tinyG: [18:35:04] {r:{zlb:5.000},f:[1,0,10]}

From tinyG: [18:35:04] {r:{zzb:50.305},f:[1,0,15]}

From tinyG: [18:35:04] {r:{zjh:10000},f:[1,0,14]}

From tinyG: [18:35:04] {r:{ahd:1},f:[1,0,10]}

From tinyG: [18:35:04] {r:{asv:5000},f:[1,0,13]}

From tinyG: [18:35:04] {r:{alv:500.00},f:[1,0,12]}

From tinyG: [18:35:04] {r:{alb:20.000},f:[1,0,11]}

From tinyG: [18:35:04] {r:{azb:0.000},f:[1,0,10]}

From tinyG: [18:35:04] {r:{ajh:10000},f:[1,0,14]}

From tinyG: [18:35:04] [ej]  enable json mode            0 [0=text,1=JSON]

From tinyG: [18:35:04] tinyg [mm] ok> 

Out > [18:35:05] G28.2 X0

From tinyG: [18:35:05] tinyg [mm] ok> 

From tinyG: [18:35:06] posx:2.381,feed:1000.00,vel:95.19,coor:0,dist:1,momo:1,stat:9

From tinyG: [18:35:06] posx:-1.587,vel:1000.00

From tinyG: [18:35:06] posx:-2.438,feed:100.00,vel:100.00

From tinyG: [18:35:06] posx:-2.021

From tinyG: [18:35:07] posx:-1.603

From tinyG: [18:35:07] posx:-1.186

From tinyG: [18:35:07] posx:-0.771

From tinyG: [18:35:07] posx:-0.351

From tinyG: [18:35:08] posx:0.066

From tinyG: [18:35:08] posx:0.483

From tinyG: [18:35:08] posx:0.901

From tinyG: [18:35:08] posx:1.316

From tinyG: [18:35:09] posx:1.735

From tinyG: [18:35:09] posx:1.625,feed:1000.00,vel:998.95

From tinyG: [18:35:09] posx:0.000,feed:0.00,vel:0.00,coor:1,dist:0,momo:4,stat:3

Out > [18:35:16] g90 g0 x-10

From tinyG: [18:35:16] tinyg [mm] ok> 

From tinyG: [18:35:17] posx:-5.317,vel:1500.00,momo:0,stat:5

From tinyG: [18:35:17] posx:-10.000,vel:0.00,stat:3

