[16:50:24] Starting Log file for session: 202076-165024

From tinyG: [16:50:27] {r:{fv:0.98,fb:86.03,hp:3,hv:0,id:"0213-0215-0515",msg:"SYSTEM READY"},f:[1,0,1]}

From tinyG: [16:50:27] tinyg [mm] ok> 

From tinyG: [16:50:47] {r:{tinygmo:null},f:[1,100,26]}

From tinyG: [16:50:47] {r:{baud:null},f:[1,100,11]}

From tinyG: [16:50:47] {r:{js:0},f:[1,0,9]}

From tinyG: [16:50:47] {r:{gpa:0},f:[1,0,10]}

From tinyG: [16:50:47] {r:{gun:1},f:[1,0,10]}

From tinyG: [16:50:47] {r:{ja:0.00},f:[1,0,9]}

From tinyG: [16:50:47] {r:{si:250},f:[1,0,11]}

From tinyG: [16:50:47] {r:{jv:5},f:[1,0,9]}

From tinyG: [16:50:47] {r:{mt:0},f:[1,0,11]}

From tinyG: [16:50:47] {r:{st:null},f:[1,100,9]}

From tinyG: [16:50:47] {r:{motorma:null},f:[1,100,20]}

From tinyG: [16:50:47] {r:{1ma:4},f:[1,0,10]}

From tinyG: [16:50:47] {r:{2ma:0},f:[1,0,10]}

From tinyG: [16:50:47] {r:{3ma:2},f:[1,0,10]}

From tinyG: [16:50:47] {r:{4ma:3},f:[1,0,10]}

From tinyG: [16:50:47] {r:{polarit:null},f:[1,100,18]}

From tinyG: [16:50:47] {r:{1po:0},f:[1,0,10]}

From tinyG: [16:50:47] {r:{2po:0},f:[1,0,10]}

From tinyG: [16:50:47] {r:{3po:0},f:[1,0,10]}

From tinyG: [16:50:47] {r:{4po:0},f:[1,0,10]}

From tinyG: [16:50:47] {r:{trvalue:null},f:[1,100,16]}

From tinyG: [16:50:47] {r:{1tr:60.0000},f:[1,0,11]}

From tinyG: [16:50:47] {r:{2tr:4.5000},f:[1,0,12]}

From tinyG: [16:50:47] {r:{3tr:8.0000},f:[1,0,10]}

From tinyG: [16:50:47] {r:{4tr:60.0000},f:[1,0,11]}

From tinyG: [16:50:47] {r:{powerse:null},f:[1,100,21]}

From tinyG: [16:50:47] {r:{1pl:1.000},f:[1,0,10]}

From tinyG: [16:50:47] {r:{2pl:1.000},f:[1,0,10]}

From tinyG: [16:50:47] {r:{3pl:1.000},f:[1,0,10]}

From tinyG: [16:50:47] {r:{4pl:1.000},f:[1,0,10]}

From tinyG: [16:50:47] {r:{1pm:2},f:[1,0,10]}

From tinyG: [16:50:47] {r:{2pm:2},f:[1,0,10]}

From tinyG: [16:50:47] {r:{3pm:2},f:[1,0,10]}

From tinyG: [16:50:47] {r:{4pm:2},f:[1,0,10]}

From tinyG: [16:50:47] {r:{motorse:null},f:[1,100,21]}

From tinyG: [16:50:47] {r:{1mi:8},f:[1,0,10]}

From tinyG: [16:50:47] {r:{2mi:8},f:[1,0,10]}

From tinyG: [16:50:47] {r:{3mi:10,msg:"*** WARNING *** Setting non-standard microstep value"},f:[1,0,11]}

From tinyG: [16:50:47] {r:{4mi:10,msg:"*** WARNING *** Setting non-standard microstep value"},f:[1,0,11]}

From tinyG: [16:50:47] {r:{1sa:1.800},f:[1,0,12]}

From tinyG: [16:50:47] {r:{2sa:1.800},f:[1,0,12]}

From tinyG: [16:50:47] {r:{3sa:1.800},f:[1,0,12]}

From tinyG: [16:50:47] {r:{4sa:1.800},f:[1,0,12]}

From tinyG: [16:50:47] {r:{axesset:null},f:[1,100,20]}

From tinyG: [16:50:47] {r:{xam:1},f:[1,0,10]}

From tinyG: [16:50:47] {r:{xvm:1000},f:[1,0,13]}

From tinyG: [16:50:47] {r:{xjm:5000},f:[1,0,13]}

From tinyG: [16:50:47] {r:{xfr:1000},f:[1,0,13]}

From tinyG: [16:50:47] {r:{yam:0},f:[1,0,10]}

From tinyG: [16:50:47] {r:{yvm:0},f:[1,0,10]}

From tinyG: [16:50:47] {r:{yjm:0},f:[1,0,10]}

From tinyG: [16:50:47] {r:{yfr:0},f:[1,0,10]}

From tinyG: [16:50:47] {r:{zam:1},f:[1,0,10]}

From tinyG: [16:50:47] {r:{zvm:1000},f:[1,0,13]}

From tinyG: [16:50:47] {r:{zjm:5000},f:[1,0,13]}

From tinyG: [16:50:47] {r:{zfr:1000},f:[1,0,13]}

From tinyG: [16:50:47] {r:{aam:1},f:[1,0,10]}

From tinyG: [16:50:47] {r:{avm:10000},f:[1,0,14]}

From tinyG: [16:50:47] {r:{ajm:5000},f:[1,0,13]}

From tinyG: [16:50:47] {r:{afr:10000},f:[1,0,14]}

From tinyG: [16:50:47] {r:{bam:1},f:[1,0,10]}

From tinyG: [16:50:47] {r:{bvm:10000},f:[1,0,14]}

From tinyG: [16:50:47] {r:{bjm:5000},f:[1,0,13]}

From tinyG: [16:50:47] {r:{bfr:10000},f:[1,0,14]}

From tinyG: [16:50:47] {r:{homings:null},f:[1,100,31]}

From tinyG: [16:50:47] {r:{sl:1},f:[1,0,9]}

From tinyG: [16:50:47] {r:{di1mo:-1},f:[1,0,13]}

From tinyG: [16:50:47] {r:{di1ac:0},f:[1,0,12]}

From tinyG: [16:50:47] {r:{di1fn:0},f:[1,0,12]}

From tinyG: [16:50:47] {r:{di2mo:-1},f:[1,0,13]}

From tinyG: [16:50:47] {r:{di2ac:0},f:[1,0,12]}

From tinyG: [16:50:47] {r:{di2fn:0},f:[1,0,12]}

From tinyG: [16:50:47] {r:{di3mo:-1},f:[1,0,13]}

From tinyG: [16:50:47] {r:{di3ac:0},f:[1,0,12]}

From tinyG: [16:50:47] {r:{di3fn:0},f:[1,0,12]}

From tinyG: [16:50:47] {r:{di4mo:-1},f:[1,0,13]}

From tinyG: [16:50:47] {r:{di4ac:0},f:[1,0,12]}

From tinyG: [16:50:47] {r:{di4fn:0},f:[1,0,12]}

From tinyG: [16:50:47] {r:{di5mo:-1},f:[1,0,13]}

From tinyG: [16:50:47] {r:{di5ac:0},f:[1,0,12]}

From tinyG: [16:50:47] {r:{di5fn:0},f:[1,0,12]}

From tinyG: [16:50:47] {r:{di6mo:-1},f:[1,0,13]}

From tinyG: [16:50:47] {r:{di6ac:0},f:[1,0,12]}

From tinyG: [16:50:47] {r:{di6fn:0},f:[1,0,12]}

From tinyG: [16:50:47] {r:{di7mo:-1},f:[1,0,13]}

From tinyG: [16:50:47] {r:{di7ac:0},f:[1,0,12]}

From tinyG: [16:50:47] {r:{di7fn:0},f:[1,0,12]}

From tinyG: [16:50:47] {r:{di8mo:-1},f:[1,0,13]}

From tinyG: [16:50:47] {r:{di8ac:0},f:[1,0,12]}

From tinyG: [16:50:47] {r:{di8fn:0},f:[1,0,12]}

From tinyG: [16:50:47] {r:{di9mo:-1},f:[1,0,13]}

From tinyG: [16:50:47] {r:{di9ac:0},f:[1,0,12]}

From tinyG: [16:50:47] {r:{di9fn:0},f:[1,0,12]}

From tinyG: [16:50:47] {r:{asv:2000},f:[1,0,13]}

From tinyG: [16:50:47] {r:{alv:500.00},f:[1,0,12]}

From tinyG: [16:50:47] {r:{alb:20.000},f:[1,0,11]}

From tinyG: [16:50:47] {r:{azb:180.000},f:[1,0,12]}

From tinyG: [16:50:47] {r:{atn:-180.000},f:[1,0,13]}

From tinyG: [16:50:47] {r:{atm:180.000},f:[1,0,12]}

From tinyG: [16:50:47] {r:{ztn:-10.000},f:[1,0,12]}

From tinyG: [16:50:47] {r:{ztm:0.000},f:[1,0,10]}

From tinyG: [16:50:47] {sr:{stat:3}}

Sent to TinyG: [16:50:59] (RETRACT)

Sent to TinyG: [16:50:59] ;G91 G0 X100

From tinyG: [16:50:59] {r:{gc:""},f:[1,0,10]}

From tinyG: [16:50:59] {r:{gc:""},f:[1,0,13]}

From tinyG: [16:50:59] {sr:{stat:3}}

Sent to TinyG: [16:50:59] G91 G0 X-5

Sent to TinyG: [16:50:59] G90 G0 A10

From tinyG: [16:50:59] {r:{gc:"G91G0X-5"},f:[1,0,11]}

From tinyG: [16:50:59] {r:{gc:"G90G0A10"},f:[1,0,11]}

From tinyG: [16:50:59] {sr:{posx:-83.732,vel:1000.00,dist:1,stat:5}}

From tinyG: [16:50:59] {sr:{posx:-85.909,posa:-8.256,vel:3684.75,dist:0}}

From tinyG: [16:51:00] {sr:{posa:10.000,vel:0.72}}

From tinyG: [16:51:00] {sr:{vel:0.00,stat:3}}

Sent to TinyG: [16:51:00] G90 G0 A-10

Sent to TinyG: [16:51:00] G91 G0 B90 X-10

From tinyG: [16:51:00] {r:{gc:"G90G0A-10"},f:[1,0,12]}

From tinyG: [16:51:00] {r:{gc:"G91G0B90X-10"},f:[1,0,16]}

From tinyG: [16:51:00] {sr:{posa:-3.805,vel:6675.23,stat:5}}

From tinyG: [16:51:00] {sr:{posx:-86.312,posa:-10.000,vel:5822.94,dist:1}}

From tinyG: [16:51:01] {sr:{posx:-90.336,vel:9055.38}}

From tinyG: [16:51:01] {sr:{posx:-94.497,vel:9039.10}}

From tinyG: [16:51:01] {sr:{posx:-95.909,vel:0.00,stat:3}}

Sent to TinyG: [16:51:01] G90 G0 Z-5 A20

Sent to TinyG: [16:51:01] G90 G0 A-10

From tinyG: [16:51:01] {r:{gc:"G90G0Z-5A20"},f:[1,0,15]}

From tinyG: [16:51:01] {r:{gc:"G90G0A-10"},f:[1,0,12]}

From tinyG: [16:51:01] {sr:{posz:-2.064,posa:2.383,vel:6082.76,dist:0,stat:5}}

From tinyG: [16:51:02] {sr:{posz:-5.000,posa:20.000,vel:2.07}}

From tinyG: [16:51:02] {sr:{posa:-2.339,vel:8268.68}}

From tinyG: [16:51:02] {sr:{posa:-10.000,vel:0.00,stat:3}}

Sent to TinyG: [16:51:02] G90 G0 A10

Sent to TinyG: [16:51:02] null
From tinyG: [16:51:02] {r:{gc:"G90G0A10"},f:[1,0,11]}

From tinyG: [16:51:02] {r:{gc:"NULL"},f:[1,102,5]}

From tinyG: [16:51:02] {sr:{posa:3.639,vel:6716.97,stat:5}}

From tinyG: [16:51:03] {sr:{posa:10.000,vel:0.00,stat:3}}

Sent to TinyG: [16:51:08] (RETRACT)

Sent to TinyG: [16:51:08] ;G91 G0 X100

From tinyG: [16:51:08] {r:{gc:""},f:[1,0,10]}

From tinyG: [16:51:08] {r:{gc:""},f:[1,0,13]}

From tinyG: [16:51:08] {sr:{stat:3}}

Sent to TinyG: [16:51:08] G91 G0 X-5

Sent to TinyG: [16:51:08] G90 G0 A10

From tinyG: [16:51:08] {r:{gc:"G91G0X-5"},f:[1,0,11]}

From tinyG: [16:51:08] {r:{gc:"G90G0A10"},f:[1,201,11]}

From tinyG: [16:51:08] {sr:{posx:-98.732,vel:1000.00,dist:1,stat:5}}

From tinyG: [16:51:08] {sr:{posx:-100.909,vel:0.00,dist:0,stat:3}}

Sent to TinyG: [16:51:08] G90 G0 A-10

Sent to TinyG: [16:51:08] G91 G0 B90 X-10

From tinyG: [16:51:08] {r:{gc:"G90G0A-10"},f:[1,0,12]}

From tinyG: [16:51:08] {r:{gc:"G91G0B90X-10"},f:[1,0,16]}

From tinyG: [16:51:09] {sr:{posa:-3.639,vel:6716.97,stat:5}}

From tinyG: [16:51:09] {sr:{posx:-101.280,posa:-10.000,vel:5696.98,dist:1}}

From tinyG: [16:51:09] {sr:{posx:-105.311,vel:9055.38}}

From tinyG: [16:51:09] {sr:{posx:-109.472,vel:9044.66}}

From tinyG: [16:51:10] {sr:{posx:-110.909,vel:0.00,stat:3}}

Sent to TinyG: [16:51:10] G90 G0 Z-5 A20

Sent to TinyG: [16:51:10] G90 G0 A-10

From tinyG: [16:51:10] {r:{gc:"G90G0Z-5A20"},f:[1,0,15]}

From tinyG: [16:51:10] {r:{gc:"G90G0A-10"},f:[1,0,12]}

From tinyG: [16:51:10] {sr:{posa:6.145,vel:9199.35,dist:0,stat:5}}

From tinyG: [16:51:10] {sr:{posa:19.523,vel:1614.27}}

From tinyG: [16:51:10] {sr:{posa:-8.759,vel:3179.53}}

From tinyG: [16:51:11] {sr:{posa:-10.000,vel:0.00,stat:3}}

Sent to TinyG: [16:51:11] G90 G0 A10

Sent to TinyG: [16:51:11] null
From tinyG: [16:51:11] {r:{gc:"G90G0A10"},f:[1,0,11]}

From tinyG: [16:51:11] {r:{gc:"NULL"},f:[1,102,5]}

From tinyG: [16:51:11] {sr:{posa:3.639,vel:6716.97,stat:5}}

From tinyG: [16:51:11] {sr:{posa:10.000,vel:0.00,stat:3}}

Sent to TinyG: [16:51:44] (RETRACT)

Sent to TinyG: [16:51:44] ;G91 G0 X100

From tinyG: [16:51:44] {r:{gc:""},f:[1,0,10]}

From tinyG: [16:51:44] {r:{gc:""},f:[1,0,13]}

From tinyG: [16:51:44] {sr:{stat:3}}

Sent to TinyG: [16:51:44] G91 G0 X-5

Sent to TinyG: [16:51:44] G90 G0 A10

From tinyG: [16:51:44] {r:{gc:"G91G0X-5"},f:[1,0,11]}

From tinyG: [16:51:44] {r:{gc:"G90G0A10"},f:[1,201,11]}

From tinyG: [16:51:44] {sr:{posx:-113.756,vel:1000.00,dist:1,stat:5}}

From tinyG: [16:51:44] {sr:{posx:-115.909,vel:0.00,dist:0,stat:3}}

Sent to TinyG: [16:51:44] G90 G0 A-10

Sent to TinyG: [16:51:44] G91 G0 B90 X-10

From tinyG: [16:51:44] {r:{gc:"G90G0A-10"},f:[1,0,12]}

From tinyG: [16:51:44] {r:{gc:"G91G0B90X-10"},f:[1,0,16]}

From tinyG: [16:51:45] {sr:{posa:-3.639,vel:6716.97,stat:5}}

From tinyG: [16:51:45] {sr:{posx:-116.280,posa:-10.000,vel:5696.98,dist:1}}

From tinyG: [16:51:45] {sr:{posx:-120.311,vel:9055.38}}

From tinyG: [16:51:45] {sr:{posx:-124.472,vel:9044.66}}

From tinyG: [16:51:46] {sr:{posx:-125.909,vel:0.00,stat:3}}

Sent to TinyG: [16:51:46] G90 G0 Z-5 A20

Sent to TinyG: [16:51:46] G90 G0 Z0

From tinyG: [16:51:46] {r:{gc:"G90G0Z-5A20"},f:[1,0,15]}

From tinyG: [16:51:46] {r:{gc:"G90G0Z0"},f:[1,0,10]}

From tinyG: [16:51:46] {sr:{posa:6.145,vel:9199.35,dist:0,stat:5}}

From tinyG: [16:51:46] {sr:{posz:-4.513,posa:20.000,vel:998.20}}

From tinyG: [16:51:46] {sr:{posz:-0.364,vel:972.82}}

From tinyG: [16:51:47] {sr:{posz:0.000,vel:0.00,stat:3}}

Sent to TinyG: [16:51:47] G90 G0 A-10

Sent to TinyG: [16:51:47] G90 G0 A10

From tinyG: [16:51:47] {r:{gc:"G90G0A-10"},f:[1,0,12]}

From tinyG: [16:51:47] {r:{gc:"G90G0A10"},f:[1,0,11]}

From tinyG: [16:51:47] {sr:{posa:3.855,vel:9199.35,stat:5}}

From tinyG: [16:51:47] {sr:{posa:-9.481,vel:1709.41}}

From tinyG: [16:51:47] {sr:{posa:9.962,vel:306.16}}

From tinyG: [16:51:48] {sr:{posa:10.000,vel:0.00,stat:3}}

Sent to TinyG: [16:51:48] null
From tinyG: [16:51:48] {r:{gc:"NULL"},f:[1,102,5]}

From tinyG: [16:51:48] {sr:{stat:3}}

Sent to TinyG: [16:52:46] G28.3 X0Y0Z0A0B0

Sent to TinyG: [16:52:46] 

From tinyG: [16:52:46] {r:{gc:"G28.3X0Y0Z0A0B0"},f:[1,0,17]}

From tinyG: [16:52:46] {sr:{posx:0.000,posa:0.000,stat:3}}

Sent to TinyG: [16:52:47] G91 G0 X-5

Sent to TinyG: [16:52:47] G90 G0 A10

From tinyG: [16:52:47] {er:{fb:86.03,st:221,msg:"Soft limit - X min - soft_limits"}}

From tinyG: [16:52:47] {r:{gc:"G91G0X-5"},f:[1,221,11]}

From tinyG: [16:52:47] {r:{gc:"g90g0a10"},f:[1,204,11]}

From tinyG: [16:52:47] {sr:{dist:1,momo:4,stat:2}}

From tinyG: [16:53:06] {r:{gc:";"},f:[1,204,2]}

From tinyG: [16:53:07] {r:{gc:";"},f:[1,204,2]}

From tinyG: [16:53:08] {r:{gc:";"},f:[1,204,2]}

From tinyG: [16:53:09] {r:{gc:";"},f:[1,204,2]}

From tinyG: [16:53:09] {r:{gc:";"},f:[1,204,2]}

From tinyG: [16:53:12] {r:{gc:";"},f:[1,204,2]}

From tinyG: [16:53:12] {r:{gc:";"},f:[1,204,2]}

From tinyG: [16:53:13] {r:{gc:";"},f:[1,204,2]}

From tinyG: [16:53:14] {r:{gc:";"},f:[1,204,2]}

From tinyG: [16:53:15] {r:{gc:";"},f:[1,204,2]}

