[17:50:17] Starting Log file for session: 2020724-175017

From tinyG: [17:50:18] {r:{fv:0.98,fb:86.03,hp:3,hv:0,id:"0213-0215-0515",msg:"SYSTEM READY"},f:[1,0,1]}

From tinyG: [17:50:18] tinyg [mm] ok> 

From tinyG: [17:50:18] [ej]  enable json mode            0 [0=text,1=JSON]

From tinyG: [17:50:18] tinyg [mm] ok> 

Out > [17:50:20] G28.2 X0

From tinyG: [17:50:20] tinyg [mm] ok> 

From tinyG: [17:50:21] posx:2.408,feed:1000.00,vel:42.04,momo:1,stat:9

From tinyG: [17:50:21] posx:-1.512,vel:1000.00

From tinyG: [17:50:21] posx:-2.418,feed:100.00,vel:100.00

From tinyG: [17:50:21] posx:-2.001

From tinyG: [17:50:22] posx:-1.583

From tinyG: [17:50:22] posx:-1.166

From tinyG: [17:50:22] posx:-0.751

From tinyG: [17:50:22] posx:-0.331

From tinyG: [17:50:23] posx:0.086

From tinyG: [17:50:23] posx:0.503

From tinyG: [17:50:23] posx:0.921

From tinyG: [17:50:23] posx:1.336

From tinyG: [17:50:24] posx:1.755

From tinyG: [17:50:24] posx:1.645,feed:1000.00,vel:998.95

From tinyG: [17:50:24] posx:0.000,feed:250.00,vel:0.00,momo:4,stat:3

Out > [17:50:28] G28.2 Z0

From tinyG: [17:50:28] tinyg [mm] ok> 

From tinyG: [17:50:29] posz:-15.805,feed:1000.00,vel:1000.00,momo:1,stat:9

From tinyG: [17:50:29] posz:-20.004

From tinyG: [17:50:29] posz:-24.179

From tinyG: [17:50:29] posz:-28.353

From tinyG: [17:50:30] posz:-32.528

From tinyG: [17:50:30] posz:-36.703

From tinyG: [17:50:30] posz:-40.852

From tinyG: [17:50:30] posz:-45.052

From tinyG: [17:50:31] posz:-49.227

From tinyG: [17:50:31] posz:-49.753

From tinyG: [17:50:31] posz:-45.766,vel:171.72

From tinyG: [17:50:31] posz:-46.053,feed:100.00,vel:100.00

From tinyG: [17:50:32] posz:-46.473

From tinyG: [17:50:32] posz:-46.890

From tinyG: [17:50:32] posz:-47.308

From tinyG: [17:50:32] posz:-47.725

From tinyG: [17:50:33] posz:-48.142

From tinyG: [17:50:33] posz:-48.559

From tinyG: [17:50:33] posz:-48.974

From tinyG: [17:50:33] posz:-49.394

From tinyG: [17:50:34] posz:-49.811

From tinyG: [17:50:34] posz:-50.228

From tinyG: [17:50:34] posz:-48.331,feed:1000.00,vel:1000.00

From tinyG: [17:50:34] posz:-44.156

From tinyG: [17:50:35] posz:-39.981

From tinyG: [17:50:35] posz:-35.807

From tinyG: [17:50:35] posz:-31.632

From tinyG: [17:50:35] posz:-27.458

From tinyG: [17:50:36] posz:-23.283

From tinyG: [17:50:36] posz:-19.108

From tinyG: [17:50:36] posz:-14.934

From tinyG: [17:50:36] posz:-10.759

From tinyG: [17:50:37] posz:-6.584

From tinyG: [17:50:37] posz:-2.410

From tinyG: [17:50:37] posz:0.000,feed:250.00,vel:0.00,momo:4,stat:3

Out > [17:50:42] G90 G0 Z-12

Out > [17:50:42] G28.2 A0

From tinyG: [17:50:42] tinyg [mm] ok> 

From tinyG: [17:50:42] tinyg [mm] ok> 

From tinyG: [17:50:43] posz:-11.293,vel:2083.77,dist:0,momo:0,stat:9

From tinyG: [17:50:43] posz:-12.000,posa:19.646,feed:5000.00,vel:2.35,dist:1,momo:1

From tinyG: [17:50:43] posa:2.653,vel:4890.64

From tinyG: [17:50:43] posa:0.000,feed:1000.00,vel:0.00,momo:4,stat:3

Out > [17:50:43] G91 G0 A30

Out > [17:50:43] $di1fn=2

Out > [17:50:43] G91 G0 A1

From tinyG: [17:50:43] tinyg [mm] ok> 

From tinyG: [17:50:43] {er:{fb:86.03,st:9,msg:"File not open - write_persistent"}}

From tinyG: [17:50:43] [di1fn] input function          2 [0=none,1=limit,2=interlock,3=shutdown]

From tinyG: [17:50:43] tinyg [mm] ok> 

From tinyG: [17:50:43] tinyg [mm] ok> 

Out > [17:50:43] G91 G1 A-30 F250

From tinyG: [17:50:43] tinyg [mm] ok> 

From tinyG: [17:50:44] posa:28.059,vel:3814.62,momo:0,stat:5

From tinyG: [17:50:44] posa:30.396,feed:250.00,vel:250.00,momo:1

From tinyG: [17:50:44] posa:29.352

From tinyG: [17:50:44] posa:28.302

From tinyG: [17:50:45] posa:27.259

From tinyG: [17:50:45] posa:26.215

From tinyG: [17:50:45] posa:25.171

From tinyG: [17:50:45] posa:24.127

From tinyG: [17:50:46] posa:23.083

From tinyG: [17:50:46] posa:22.039

From tinyG: [17:50:46] posa:20.996

From tinyG: [17:50:46] posa:19.952

From tinyG: [17:50:47] posa:19.007

From tinyG: [17:50:47] posa:17.957

From tinyG: [17:50:47] posa:16.914

From tinyG: [17:50:47] posa:15.870

From tinyG: [17:50:48] posa:14.827

From tinyG: [17:50:48] posa:13.783

From tinyG: [17:50:48] posa:12.746

From tinyG: [17:50:48] posa:11.696

From tinyG: [17:50:49] posa:10.653

From tinyG: [17:50:49] posa:9.609

From tinyG: [17:50:49] posa:8.566

From tinyG: [17:50:49] posa:7.522

From tinyG: [17:50:50] posa:6.479

From tinyG: [17:50:50] posa:5.435

From tinyG: [17:50:50] posa:4.391

From tinyG: [17:50:50] posa:3.348

From tinyG: [17:50:51] posa:2.304

From tinyG: [17:50:51] posa:1.261

From tinyG: [17:50:51] posa:1.000,vel:0.00,stat:3

