[18:09:06] Starting Log file for session: 20201029-1896

From tinyG: [18:09:07] {"r":{"fv":0.98,"fb":86.03,"hp":3,"hv":0,"id":"0213-0215-0515","msg":"SYSTEM READY"},"f":[1,0,1]}

From tinyG: [18:09:07] tinyg [mm] ok> 

From tinyG: [18:09:07] [ej]  enable json mode            0 [0=text,1=JSON]

From tinyG: [18:09:07] tinyg [mm] ok> 

Out > [18:09:15] g28.2a0

Out > [18:09:15] $di1fn=0

Out > [18:09:18] g90 g0 a30

From tinyG: [18:09:18] tinyg [mm] ok> 

From tinyG: [18:09:18] posa:-5.659,feed:2000.00,vel:2000.00,coor:0,dist:1,momo:1,stat:9

From tinyG: [18:09:18] posa:-10.013,vel:0.03

From tinyG: [18:09:18] posa:-4.339,vel:2000.00

From tinyG: [18:09:18] posa:1.286,vel:0.81

From tinyG: [18:09:18] vel:0.00

From tinyG: [18:09:18] posa:-4.360,vel:2000.00

From tinyG: [18:09:18] posa:-8.714,vel:0.03

From tinyG: [18:09:18] posa:-7.767,feed:300.00,vel:300.00

From tinyG: [18:09:18] posa:-6.762

From tinyG: [18:09:18] posa:-5.757

From tinyG: [18:09:18] posa:-4.760

From tinyG: [18:09:18] posa:-3.755

From tinyG: [18:09:18] posa:-2.758

From tinyG: [18:09:18] posa:-1.753

From tinyG: [18:09:18] posa:-0.756

From tinyG: [18:09:18] [di1fn] input function          0 [0=none,1=limit,2=interlock,3=shutdown]

From tinyG: [18:09:18] tinyg [mm] ok> 

From tinyG: [18:09:18] tinyg [mm] ok> 

Out > [18:09:18] g90 g0 a-20 z-9

From tinyG: [18:09:18] tinyg [mm] ok> 

From tinyG: [18:09:18] posa:0.000,vel:0.00,stat:5

From tinyG: [18:09:18] posa:21.384,feed:250.00,vel:9671.33,coor:1,dist:0,momo:0

Out > [18:09:18] g90 g0 a30

From tinyG: [18:09:18] tinyg [mm] ok> 

From tinyG: [18:09:18] posz:-0.593,posa:26.704,vel:4221.90

From tinyG: [18:09:19] posz:-3.245,posa:11.974,vel:4515.87

From tinyG: [18:09:19] posz:-5.922,posa:-2.902

From tinyG: [18:09:19] posz:-8.567,posa:-17.594,vel:4048.41

From tinyG: [18:09:19] posz:-9.000,posa:-14.207,vel:8705.25

From tinyG: [18:09:19] posa:18.977,vel:9995.55

From tinyG: [18:09:20] posa:30.000,vel:0.00,stat:3

Out > [18:09:20] g90 g0 z0

Out > [18:09:20] g90 g0 a-30

From tinyG: [18:09:20] tinyg [mm] ok> 

From tinyG: [18:09:20] tinyg [mm] ok> 

From tinyG: [18:09:20] posz:-7.162,vel:800.00,stat:5

From tinyG: [18:09:20] posz:-4.506

From tinyG: [18:09:20] posz:-1.809

From tinyG: [18:09:20] posz:0.000,posa:29.897,vel:465.80

From tinyG: [18:09:21] posa:4.672,vel:10000.00

From tinyG: [18:09:21] posa:-27.370,vel:6148.01

From tinyG: [18:09:21] posa:-30.000,vel:0.00,stat:3

Out > [18:09:21] g90 g0 a20 z-9

Out > [18:09:21] g90 g0 a-30

From tinyG: [18:09:21] tinyg [mm] ok> 

From tinyG: [18:09:21] tinyg [mm] ok> 

From tinyG: [18:09:21] posz:-1.819,posa:-19.896,vel:4515.87,stat:5

From tinyG: [18:09:21] posz:-4.496,posa:-5.020

From tinyG: [18:09:22] posz:-7.154,posa:9.745

From tinyG: [18:09:22] posz:-9.000,posa:19.658,vel:1190.04

From tinyG: [18:09:22] posa:-6.261,vel:10000.00

From tinyG: [18:09:22] posa:-29.994,vel:107.13

From tinyG: [18:09:22] posa:-30.000,vel:0.00,stat:3

Out > [18:09:22] g90 g0 z0

Out > [18:09:22] $di1fn=2

Out > [18:09:22] g90 g0 a-15

From tinyG: [18:09:22] tinyg [mm] ok> 

From tinyG: [18:09:22] {"er":{"fb":86.03,"st":9,"msg":"File not open - write_persistent"}}

From tinyG: [18:09:22] [di1fn] input function          2 [0=none,1=limit,2=interlock,3=shutdown]

From tinyG: [18:09:22] tinyg [mm] ok> 

From tinyG: [18:09:22] tinyg [mm] ok> 

From tinyG: [18:09:23] posz:-7.182,vel:800.00,stat:5

From tinyG: [18:09:23] posz:-4.506

From tinyG: [18:09:23] posz:-1.809

From tinyG: [18:09:23] posz:0.000,posa:-29.892,vel:503.18

From tinyG: [18:09:24] posa:-15.041,vel:349.30

From tinyG: [18:09:24] posa:-15.000,vel:0.00,stat:3

Out > [18:09:24] g90 g0 a-10

Out > [18:09:24] g90 g0 a-15

From tinyG: [18:09:24] tinyg [mm] ok> 

From tinyG: [18:09:24] tinyg [mm] ok> 

From tinyG: [18:09:24] posa:-11.115,vel:2609.07,stat:5

From tinyG: [18:09:24] posa:-15.000,vel:0.00,stat:3

Out > [18:09:24] g91 g1 a30 f250

Out > [18:09:24] g90 g0 z-5

From tinyG: [18:09:24] tinyg [mm] ok> 

From tinyG: [18:09:24] tinyg [mm] ok> 

From tinyG: [18:09:25] posa:-14.209,vel:250.00,dist:1,momo:1,stat:5

From tinyG: [18:09:25] posa:-13.365

From tinyG: [18:09:25] posa:-12.528

From tinyG: [18:09:25] posa:-11.697

From tinyG: [18:09:25] posa:-10.859

From tinyG: [18:09:26] posa:-10.015

From tinyG: [18:09:26] posa:-9.178

From tinyG: [18:09:26] posa:-8.347

From tinyG: [18:09:26] posa:-7.509

From tinyG: [18:09:26] posa:-6.678

From tinyG: [18:09:27] posa:-5.841

From tinyG: [18:09:27] posa:-4.997

From tinyG: [18:09:27] posa:-4.160

From tinyG: [18:09:27] posa:-3.329

From tinyG: [18:09:27] posa:-2.492

From tinyG: [18:09:28] posa:-1.660

From tinyG: [18:09:28] posa:-0.823

From tinyG: [18:09:28] posa:-0.020,vel:18.33,stat:6

From tinyG: [18:09:28] tinyg [mm] ok> 

From tinyG: [18:09:28] [di1fn] input function          0 [0=none,1=limit,2=interlock,3=shutdown]

From tinyG: [18:09:28] tinyg [mm] ok> 

Out > [18:09:28] g90 g0 z0

Out > [18:09:28] $posa

From tinyG: [18:09:28] tinyg [mm] ok> 

From tinyG: [18:09:28] A position:         -0.019 deg

From tinyG: [18:09:28] tinyg [mm] ok> 

From tinyG: [18:09:28] vel:0.00,dist:0,momo:0,stat:3

