[13:22:41] Starting Log file for session: 20201029-132241

From tinyG: [13:22:42] {"r":{"fv":0.98,"fb":86.03,"hp":3,"hv":0,"id":"0213-0215-0515","msg":"SYSTEM READY"},"f":[1,0,1]}

From tinyG: [13:22:42] tinyg [mm] ok> 

From tinyG: [13:22:42] [ej]  enable json mode            0 [0=text,1=JSON]

From tinyG: [13:22:42] tinyg [mm] ok> 

Out > [13:22:48] $di1fn=2

Out > [13:22:48] g90 g0 a-25

Out > [13:22:48] g90 g0 a-20

From tinyG: [13:22:48] [di1fn] input function          2 [0=none,1=limit,2=interlock,3=shutdown]

From tinyG: [13:22:48] tinyg [mm] ok> 

From tinyG: [13:22:48] tinyg [mm] ok> 

From tinyG: [13:22:48] tinyg [mm] ok> 

From tinyG: [13:22:48] posa:-20.671,vel:7360.10,dist:0,momo:0,stat:5

From tinyG: [13:22:48] posa:-20.296,vel:1456.54

From tinyG: [13:22:48] posa:-20.000,vel:0.00,stat:3

Out > [13:22:48] g90 g0 a-25

Out > [13:22:48] g91 g1 a30 f250

From tinyG: [13:22:48] tinyg [mm] ok> 

From tinyG: [13:22:48] tinyg [mm] ok> 

From tinyG: [13:22:49] posa:-24.863,vel:250.00,dist:1,momo:1,stat:5

From tinyG: [13:22:49] posa:-24.025

From tinyG: [13:22:49] posa:-23.188

From tinyG: [13:22:49] posa:-22.357

From tinyG: [13:22:49] posa:-21.520

From tinyG: [13:22:50] posa:-20.676

From tinyG: [13:22:50] posa:-19.839

From tinyG: [13:22:50] posa:-19.008

From tinyG: [13:22:50] posa:-18.170

From tinyG: [13:22:50] posa:-17.327

From tinyG: [13:22:51] posa:-16.490

From tinyG: [13:22:51] posa:-15.658

From tinyG: [13:22:51] posa:-14.821

From tinyG: [13:22:51] posa:-13.977

From tinyG: [13:22:51] posa:-13.140

From tinyG: [13:22:52] posa:-12.309

From tinyG: [13:22:52] posa:-11.471

From tinyG: [13:22:52] posa:-10.628

From tinyG: [13:22:52] posa:-9.790

From tinyG: [13:22:52] posa:-8.959

From tinyG: [13:22:53] posa:-8.122

From tinyG: [13:22:53] posa:-7.278

From tinyG: [13:22:53] posa:-6.441

From tinyG: [13:22:53] posa:-5.609

From tinyG: [13:22:53] posa:-4.772

From tinyG: [13:22:54] posa:-3.941

From tinyG: [13:22:54] posa:-3.103

From tinyG: [13:22:54] posa:-2.272

From tinyG: [13:22:54] posa:-1.435

From tinyG: [13:22:54] posa:-0.604

From tinyG: [13:22:55] posa:0.025,vel:0.00,stat:6

From tinyG: [13:22:55] stat:3

From tinyG: [13:22:55] tinyg [mm] ok> 

From tinyG: [13:22:55] [di1fn] input function          0 [0=none,1=limit,2=interlock,3=shutdown]

From tinyG: [13:22:55] tinyg [mm] ok> 

Out > [13:22:55] $posa

Out > [13:22:55] $di1fn=2

Out > [13:22:55] g90 g0 a-25

Out > [13:22:55] g90 g0 a-20

From tinyG: [13:22:55] A position:          0.025 deg

From tinyG: [13:22:55] tinyg [mm] ok> 

From tinyG: [13:22:55] [di1fn] input function          2 [0=none,1=limit,2=interlock,3=shutdown]

From tinyG: [13:22:55] tinyg [mm] ok> 

From tinyG: [13:22:55] tinyg [mm] ok> 

From tinyG: [13:22:55] tinyg [mm] ok> 

From tinyG: [13:22:55] posa:-20.671,vel:7360.10,dist:0,momo:0,stat:5

From tinyG: [13:22:55] posa:-20.296,vel:1456.54

From tinyG: [13:22:56] posa:-20.000,vel:0.00,stat:3

Out > [13:22:56] g90 g0 a-25

Out > [13:22:56] g91 g1 a30 f250

From tinyG: [13:22:56] tinyg [mm] ok> 

From tinyG: [13:22:56] tinyg [mm] ok> 

From tinyG: [13:22:56] posa:-24.863,vel:250.00,dist:1,momo:1,stat:5

From tinyG: [13:22:56] posa:-24.025

From tinyG: [13:22:56] posa:-23.188

From tinyG: [13:22:56] posa:-22.357

From tinyG: [13:22:57] posa:-21.520

From tinyG: [13:22:57] posa:-20.676

From tinyG: [13:22:57] posa:-19.839

From tinyG: [13:22:57] posa:-19.008

From tinyG: [13:22:57] posa:-18.170

From tinyG: [13:22:58] posa:-17.327

From tinyG: [13:22:58] posa:-16.490

From tinyG: [13:22:58] posa:-15.658

From tinyG: [13:22:58] posa:-14.821

From tinyG: [13:22:58] posa:-13.977

From tinyG: [13:22:59] posa:-13.140

From tinyG: [13:22:59] posa:-12.309

From tinyG: [13:22:59] posa:-11.471

From tinyG: [13:22:59] posa:-10.640

From tinyG: [13:22:59] posa:-9.803

From tinyG: [13:23:00] posa:-8.972

From tinyG: [13:23:00] posa:-8.134

From tinyG: [13:23:00] posa:-7.303

From tinyG: [13:23:00] posa:-6.466

From tinyG: [13:23:00] posa:-5.622

From tinyG: [13:23:01] posa:-4.784

From tinyG: [13:23:01] posa:-3.953

From tinyG: [13:23:01] posa:-3.116

From tinyG: [13:23:01] posa:-2.285

From tinyG: [13:23:01] posa:-1.447

From tinyG: [13:23:02] posa:-0.616

From tinyG: [13:23:02] posa:0.012,vel:0.00,stat:6

Out > [13:23:02] 

From tinyG: [13:23:02] stat:3

