[13:25:06] Starting Log file for session: 2020724-13256

From tinyG: [13:25:14] {"r":{"fv":0.98,"fb":86.03,"hp":3,"hv":0,"id":"0213-0215-0515","msg":"SYSTEM READY"},"f":[1,0,1]}

From tinyG: [13:25:16] {"r":{"tinygmo":null},"f":[1,100,26]}

From tinyG: [13:25:16] {"r":{"baud":null},"f":[1,100,11]}

From tinyG: [13:25:16] {r:{js:0},f:[1,0,9]}

From tinyG: [13:25:16] {r:{gpa:0},f:[1,0,10]}

From tinyG: [13:25:16] {r:{gun:1},f:[1,0,10]}

From tinyG: [13:25:16] {r:{ja:0.00},f:[1,0,9]}

From tinyG: [13:25:16] {r:{si:250},f:[1,0,11]}

From tinyG: [13:25:16] {r:{jv:5},f:[1,0,9]}

From tinyG: [13:25:16] {r:{mt:0},f:[1,0,11]}

From tinyG: [13:25:16] {r:{st:null},f:[1,100,9]}

From tinyG: [13:25:16] {r:{motorma:null},f:[1,100,20]}

From tinyG: [13:25:16] {r:{1ma:5},f:[1,0,10]}

From tinyG: [13:25:16] {r:{2ma:0},f:[1,0,10]}

From tinyG: [13:25:16] {r:{3ma:2},f:[1,0,10]}

From tinyG: [13:25:16] {r:{4ma:3},f:[1,0,10]}

From tinyG: [13:25:16] {r:{polarit:null},f:[1,100,18]}

From tinyG: [13:25:16] {r:{1po:1},f:[1,0,10]}

From tinyG: [13:25:16] {r:{2po:0},f:[1,0,10]}

From tinyG: [13:25:16] {r:{3po:1},f:[1,0,10]}

From tinyG: [13:25:16] {r:{4po:0},f:[1,0,10]}

From tinyG: [13:25:16] {r:{trvalue:null},f:[1,100,16]}

From tinyG: [13:25:16] {r:{1tr:60.0000},f:[1,0,11]}

From tinyG: [13:25:16] {r:{2tr:6.3500},f:[1,0,13]}

From tinyG: [13:25:16] {r:{3tr:5.0000},f:[1,0,10]}

From tinyG: [13:25:16] {r:{4tr:60.0000},f:[1,0,11]}

From tinyG: [13:25:16] {r:{powerse:null},f:[1,100,21]}

From tinyG: [13:25:16] {r:{1pl:1.000},f:[1,0,10]}

From tinyG: [13:25:16] {r:{2pl:1.000},f:[1,0,10]}

From tinyG: [13:25:16] {r:{3pl:0.000},f:[1,0,10]}

From tinyG: [13:25:16] {r:{4pl:0.000},f:[1,0,10]}

From tinyG: [13:25:16] {r:{1pm:2},f:[1,0,10]}

From tinyG: [13:25:16] {r:{2pm:2},f:[1,0,10]}

From tinyG: [13:25:16] {r:{3pm:2},f:[1,0,10]}

From tinyG: [13:25:16] {r:{4pm:2},f:[1,0,10]}

From tinyG: [13:25:16] {r:{motorse:null},f:[1,100,21]}

From tinyG: [13:25:16] {r:{1mi:16},f:[1,0,11]}

From tinyG: [13:25:16] {r:{2mi:32},f:[1,0,11]}

From tinyG: [13:25:16] {r:{3mi:10,msg:"*** WARNING *** Setting non-standard microstep value"},f:[1,0,11]}

From tinyG: [13:25:16] {r:{4mi:10,msg:"*** WARNING *** Setting non-standard microstep value"},f:[1,0,11]}

From tinyG: [13:25:16] {r:{1sa:1.800},f:[1,0,12]}

From tinyG: [13:25:16] {r:{2sa:1.800},f:[1,0,12]}

From tinyG: [13:25:16] {r:{3sa:1.800},f:[1,0,12]}

From tinyG: [13:25:16] {r:{4sa:1.800},f:[1,0,12]}

From tinyG: [13:25:16] {r:{axesset:null},f:[1,100,20]}

From tinyG: [13:25:16] {r:{xam:1},f:[1,0,10]}

From tinyG: [13:25:16] {r:{xvm:1500},f:[1,0,13]}

From tinyG: [13:25:16] {r:{xjm:5000},f:[1,0,13]}

From tinyG: [13:25:16] {r:{xfr:5000},f:[1,0,13]}

From tinyG: [13:25:16] {r:{xtn:-500.000},f:[1,0,13]}

From tinyG: [13:25:16] {r:{xtm:0.000},f:[1,0,10]}

From tinyG: [13:25:16] {r:{yam:0},f:[1,0,10]}

From tinyG: [13:25:16] {r:{yvm:0},f:[1,0,10]}

From tinyG: [13:25:16] {r:{yjm:0},f:[1,0,10]}

From tinyG: [13:25:16] {r:{yfr:0},f:[1,0,10]}

From tinyG: [13:25:16] {r:{zam:1},f:[1,0,10]}

From tinyG: [13:25:16] {r:{zvm:3750},f:[1,0,13]}

From tinyG: [13:25:16] {r:{zjm:5000},f:[1,0,13]}

From tinyG: [13:25:16] {r:{zfr:3750},f:[1,0,13]}

From tinyG: [13:25:16] {r:{ztn:-100.000},f:[1,0,13]}

From tinyG: [13:25:16] {r:{ztm:2.000},f:[1,0,10]}

From tinyG: [13:25:16] {r:{aam:1},f:[1,0,10]}

From tinyG: [13:25:16] {r:{avm:20000},f:[1,0,14]}

From tinyG: [13:25:16] {r:{ajm:10000},f:[1,0,14]}

From tinyG: [13:25:16] {r:{afr:15000},f:[1,0,14]}

From tinyG: [13:25:16] {r:{atn:-3600.000},f:[1,0,14]}

From tinyG: [13:25:16] {r:{atm:3600.000},f:[1,0,13]}

From tinyG: [13:25:16] {r:{cam:1},f:[1,0,10]}

From tinyG: [13:25:16] {r:{cvm:10000},f:[1,0,14]}

From tinyG: [13:25:16] {r:{cjm:5000},f:[1,0,13]}

From tinyG: [13:25:16] {r:{cfr:10000},f:[1,0,14]}

From tinyG: [13:25:16] {r:{ctn:-3600.000},f:[1,0,14]}

From tinyG: [13:25:16] {r:{ctm:3600.000},f:[1,0,13]}

From tinyG: [13:25:16] {r:{limitsw:null},f:[1,100,21]}

From tinyG: [13:25:16] {r:{sl:1},f:[1,0,9]}

From tinyG: [13:25:16] {r:{xsn:null},f:[1,100,10]}

From tinyG: [13:25:16] {r:{ahi:1},f:[1,0,10]}

From tinyG: [13:25:16] {r:{di1mo:1},f:[1,0,12]}

From tinyG: [13:25:16] {r:{di1ac:0},f:[1,0,12]}

From tinyG: [13:25:16] {r:{di1fn:0},f:[1,0,12]}

From tinyG: [13:25:16] {r:{xsx:null},f:[1,100,10]}

From tinyG: [13:25:16] {r:{xhi:2},f:[1,0,10]}

From tinyG: [13:25:16] {r:{di2mo:0},f:[1,0,12]}

From tinyG: [13:25:16] {r:{di2ac:0},f:[1,0,12]}

From tinyG: [13:25:16] {r:{di2fn:0},f:[1,0,12]}

From tinyG: [13:25:16] {r:{ysn:null},f:[1,100,10]}

From tinyG: [13:25:16] {r:{yhi:0},f:[1,0,10]}

From tinyG: [13:25:16] {r:{di3mo:-1},f:[1,0,13]}

From tinyG: [13:25:16] {r:{di3ac:0},f:[1,0,12]}

From tinyG: [13:25:16] {r:{di3fn:0},f:[1,0,12]}

From tinyG: [13:25:16] {r:{ysx:null},f:[1,100,10]}

From tinyG: [13:25:16] {r:{di4mo:-1},f:[1,0,13]}

From tinyG: [13:25:16] {r:{di4ac:0},f:[1,0,12]}

From tinyG: [13:25:16] {r:{di4fn:0},f:[1,0,12]}

From tinyG: [13:25:16] {r:{zsn:null},f:[1,100,10]}

From tinyG: [13:25:16] {r:{zhi:5},f:[1,0,10]}

From tinyG: [13:25:16] {r:{di5mo:0},f:[1,0,12]}

From tinyG: [13:25:16] {r:{di5ac:0},f:[1,0,12]}

From tinyG: [13:25:16] {r:{di5fn:0},f:[1,0,12]}

From tinyG: [13:25:16] {r:{zsx:null},f:[1,100,10]}

From tinyG: [13:25:16] {r:{di6mo:-1},f:[1,0,13]}

From tinyG: [13:25:16] {r:{di6ac:0},f:[1,0,12]}

From tinyG: [13:25:16] {r:{di6fn:0},f:[1,0,12]}

From tinyG: [13:25:16] {r:{asn:null},f:[1,100,10]}

From tinyG: [13:25:16] {r:{di7mo:-1},f:[1,0,13]}

From tinyG: [13:25:16] {r:{di7ac:0},f:[1,0,12]}

From tinyG: [13:25:16] {r:{di7fn:0},f:[1,0,12]}

From tinyG: [13:25:16] {r:{asx:null},f:[1,100,10]}

From tinyG: [13:25:16] {r:{di8mo:-1},f:[1,0,13]}

From tinyG: [13:25:16] {r:{di8ac:0},f:[1,0,12]}

From tinyG: [13:25:16] {r:{di8fn:0},f:[1,0,12]}

From tinyG: [13:25:16] {r:{di9mo:-1},f:[1,0,13]}

From tinyG: [13:25:16] {r:{di9ac:0},f:[1,0,12]}

From tinyG: [13:25:16] {r:{di9fn:0},f:[1,0,12]}

From tinyG: [13:25:16] {r:{homingc:null},f:[1,100,20]}

From tinyG: [13:25:16] {r:{st:null},f:[1,100,9]}

From tinyG: [13:25:16] {r:{xhd:1},f:[1,0,10]}

From tinyG: [13:25:16] {r:{xsv:1000},f:[1,0,13]}

From tinyG: [13:25:16] {r:{xlv:100.00},f:[1,0,12]}

From tinyG: [13:25:16] {r:{xlb:5.000},f:[1,0,10]}

From tinyG: [13:25:16] {r:{xzb:2.000},f:[1,0,10]}

From tinyG: [13:25:16] {r:{xjh:10000},f:[1,0,14]}

From tinyG: [13:25:16] {r:{zhd:0},f:[1,0,10]}

From tinyG: [13:25:16] {r:{zsv:1000},f:[1,0,13]}

From tinyG: [13:25:16] {r:{zlv:100.00},f:[1,0,12]}

From tinyG: [13:25:16] {r:{zlb:5.000},f:[1,0,10]}

From tinyG: [13:25:16] {r:{zzb:50.305},f:[1,0,15]}

From tinyG: [13:25:16] {r:{zjh:10000},f:[1,0,14]}

From tinyG: [13:25:16] {r:{ahd:1},f:[1,0,10]}

From tinyG: [13:25:16] {r:{asv:2000},f:[1,0,13]}

From tinyG: [13:25:16] {r:{alv:500.00},f:[1,0,12]}

From tinyG: [13:25:16] {r:{alb:20.000},f:[1,0,11]}

From tinyG: [13:25:16] {r:{azb:0.000},f:[1,0,10]}

From tinyG: [13:25:16] {r:{ajh:10000},f:[1,0,14]}

From tinyG: [13:25:16] {sr:{line:0,posx:0.000,posy:0.000,posz:0.000,posa:0.000,feed:0.00,vel:0.00,unit:1,coor:1,dist:0,admo:1,frmo:1,momo:4,stat:1}}

Out > [13:25:20] G28.2 Z0 X0

Out > [13:25:20] G90 G0 Z-12

From tinyG: [13:25:20] {r:{gc:"G28.2Z0X0"},f:[1,0,12]}

Out > [13:25:32] G28.2 A0

From tinyG: [13:25:32] {sr:{posz:-2.955,feed:1000.00,vel:1000.00,coor:0,dist:1,momo:1,stat:9}}

From tinyG: [13:25:32] {sr:{posz:-7.129}}

From tinyG: [13:25:32] {sr:{posz:-11.304}}

From tinyG: [13:25:32] {sr:{posz:-15.454}}

From tinyG: [13:25:32] {sr:{posz:-19.653}}

From tinyG: [13:25:32] {sr:{posz:-23.828}}

From tinyG: [13:25:32] {sr:{posz:-28.002}}

From tinyG: [13:25:32] {sr:{posz:-32.177}}

From tinyG: [13:25:32] {sr:{posz:-36.327}}

From tinyG: [13:25:32] {sr:{posz:-38.627,vel:731.41}}

From tinyG: [13:25:32] {sr:{posz:-34.461,vel:1000.00}}

From tinyG: [13:25:32] {sr:{posz:-33.966,feed:100.00,vel:100.00}}

From tinyG: [13:25:32] {sr:{posz:-34.383}}

From tinyG: [13:25:32] {sr:{posz:-34.800}}

From tinyG: [13:25:32] {sr:{posz:-35.218}}

From tinyG: [13:25:32] {sr:{posz:-35.635}}

From tinyG: [13:25:32] {sr:{posz:-36.052}}

From tinyG: [13:25:32] {sr:{posz:-36.469}}

From tinyG: [13:25:32] {sr:{posz:-36.887}}

From tinyG: [13:25:32] {sr:{posz:-37.304}}

From tinyG: [13:25:32] {sr:{posz:-37.721}}

From tinyG: [13:25:32] {sr:{posz:-38.138}}

From tinyG: [13:25:32] {sr:{posz:-37.178,feed:1000.00,vel:1000.00}}

From tinyG: [13:25:32] {sr:{posz:-33.003}}

From tinyG: [13:25:32] {sr:{posz:-28.829}}

From tinyG: [13:25:32] {sr:{posz:-24.654}}

From tinyG: [13:25:32] {sr:{posz:-20.480}}

From tinyG: [13:25:32] {sr:{posz:-16.330}}

From tinyG: [13:25:32] {sr:{posz:-12.130}}

From tinyG: [13:25:32] {sr:{posz:-7.956}}

From tinyG: [13:25:32] {sr:{posz:-3.781}}

From tinyG: [13:25:32] {sr:{posz:0.393}}

From tinyG: [13:25:32] {sr:{posz:4.543}}

From tinyG: [13:25:32] {sr:{posz:8.743}}

From tinyG: [13:25:32] {sr:{posz:0.000,vel:0.04}}

From tinyG: [13:25:32] {sr:{posx:2.381,vel:95.19}}

From tinyG: [13:25:32] {sr:{posx:-1.587,vel:1000.00}}

From tinyG: [13:25:32] {sr:{posx:-2.438,feed:100.00,vel:100.00}}

From tinyG: [13:25:32] {sr:{posx:-2.021}}

From tinyG: [13:25:32] {sr:{posx:-1.603}}

From tinyG: [13:25:32] {sr:{posx:-1.186}}

From tinyG: [13:25:32] {sr:{posx:-0.771}}

From tinyG: [13:25:32] {sr:{posx:-0.351}}

From tinyG: [13:25:32] {sr:{posx:0.066}}

From tinyG: [13:25:32] {sr:{posx:0.483}}

From tinyG: [13:25:32] {sr:{posx:0.901}}

From tinyG: [13:25:32] {sr:{posx:1.316}}

From tinyG: [13:25:32] {sr:{posx:1.735}}

From tinyG: [13:25:32] {sr:{posx:1.625,feed:1000.00,vel:998.95}}

From tinyG: [13:25:32] {r:{gc:"G90G0Z-12"},f:[1,0,12]}

From tinyG: [13:25:32] {r:{gc:"G28.2A0"},f:[1,0,9]}

Out > [13:25:32] G91 G0 A30

Out > [13:25:37] $di1fn=2

From tinyG: [13:25:37] {sr:{posx:0.000,posz:-1.176,feed:0.00,vel:2643.49,coor:1,dist:0,momo:0}}

From tinyG: [13:25:37] {sr:{posz:-12.000,vel:0.00}}

From tinyG: [13:25:37] {sr:{posa:-7.307,feed:2000.00,vel:2000.00,coor:0,dist:1,momo:1}}

From tinyG: [13:25:37] {sr:{posa:-15.635}}

From tinyG: [13:25:37] {sr:{posa:-19.792,vel:1087.08}}

From tinyG: [13:25:37] {sr:{posa:-11.576,vel:2000.00}}

From tinyG: [13:25:37] {sr:{posa:-3.176}}

From tinyG: [13:25:37] {sr:{posa:0.208,vel:1754.48}}

From tinyG: [13:25:37] {sr:{posa:-8.054,vel:2000.00}}

From tinyG: [13:25:37] {sr:{posa:-16.431}}

From tinyG: [13:25:37] {sr:{posa:-18.717,feed:500.00,vel:500.00}}

From tinyG: [13:25:37] {sr:{posa:-16.617}}

From tinyG: [13:25:37] {sr:{posa:-14.530}}

From tinyG: [13:25:37] {sr:{posa:-12.444}}

From tinyG: [13:25:37] {sr:{posa:-10.357}}

From tinyG: [13:25:37] {sr:{posa:-8.270}}

From tinyG: [13:25:37] {sr:{posa:-6.183}}

From tinyG: [13:25:37] {sr:{posa:-4.096}}

From tinyG: [13:25:37] {sr:{posa:-2.009}}

From tinyG: [13:25:37] {r:{gc:"G91G0A30"},f:[1,0,11]}

From tinyG: [13:25:37] {er:{fb:86.03,st:9,msg:"File not open - write_persistent"}}

From tinyG: [13:25:37] [di1fn] input function          2 [0=none,1=limit,2=interlock,3=shutdown]

From tinyG: [13:25:37] tinyg [mm] ok> 

Out > [13:25:37] G91 G0 A0

Out > [13:25:37] $di1ac=2

From tinyG: [13:25:37] tinyg [mm] err[201]: Move < min length: G91 G0 A0 

From tinyG: [13:25:37] {er:{fb:86.03,st:9,msg:"File not open - write_persistent"}}

From tinyG: [13:25:37] [di1ac] input action            2 [0=none,1=stop,2=halt,3=stop_steps,4=panic,5=reset]

From tinyG: [13:25:37] tinyg [mm] ok> 

From tinyG: [13:25:37] posa:0.000,vel:0.00,stat:5

Out > [13:25:37] G91 G1 A-30 F500

From tinyG: [13:25:37] tinyg [mm] ok> 

From tinyG: [13:25:38] posa:29.019,feed:1000.00,vel:3470.70,momo:0

From tinyG: [13:25:38] posa:28.529,feed:500.00,vel:500.00,momo:1

From tinyG: [13:25:38] posa:26.442

From tinyG: [13:25:38] posa:24.355

From tinyG: [13:25:39] posa:22.268

From tinyG: [13:25:39] posa:20.193

From tinyG: [13:25:39] posa:18.094

From tinyG: [13:25:39] posa:16.007

From tinyG: [13:25:40] posa:13.920

From tinyG: [13:25:40] posa:12.101

From tinyG: [13:25:40] posa:10.015

From tinyG: [13:25:40] posa:7.929

From tinyG: [13:25:41] posa:5.843

From tinyG: [13:25:41] posa:3.757

From tinyG: [13:25:41] posa:1.671

From tinyG: [13:25:41] posa:0.000,vel:0.00,stat:3

From tinyG: [13:25:56] stat:3

From tinyG: [13:25:58] stat:3

From tinyG: [13:26:00] stat:3

From tinyG: [13:28:04] stat:3

