[17:11:47] Starting Log file for session: 2020724-171147

From tinyG: [17:11:48] {r:{fv:0.98,fb:86.03,hp:3,hv:0,id:"0213-0215-0515",msg:"SYSTEM READY"},f:[1,0,1]}

From tinyG: [17:11:48] tinyg [mm] ok> 

From tinyG: [17:11:48] [ej]  enable json mode            0 [0=text,1=JSON]

From tinyG: [17:11:48] tinyg [mm] ok> 

From tinyG: [17:11:51] stat:3

Out > [17:11:51] G90 G0 Z-12

Out > [17:11:51] G28.2 A0

From tinyG: [17:11:51] tinyg [mm] ok> 

From tinyG: [17:11:51] tinyg [mm] ok> 

From tinyG: [17:11:51] line:0,posx:0.000,posy:0.000,posz:-12.000,posa:31.277,feed:5000.00,vel:5000.00,unit:1,coor:0,dist:1,admo:1,frmo:1,momo:1,stat:9

Out > [17:11:51] G91 G0 A30

From tinyG: [17:11:51] posa:52.151,feed:5000.00,vel:5000.00,momo:1,stat:9

From tinyG: [17:11:52] posa:72.901

From tinyG: [17:11:52] posa:93.901

From tinyG: [17:11:52] posa:114.776

From tinyG: [17:11:52] posa:135.651

From tinyG: [17:11:53] posa:156.526

From tinyG: [17:11:53] posa:177.401

From tinyG: [17:11:53] posa:198.276

From tinyG: [17:11:53] posa:219.151

From tinyG: [17:11:54] posa:240.026

From tinyG: [17:11:54] posa:260.901

From tinyG: [17:11:54] posa:281.776

From tinyG: [17:11:54] posa:302.526

From tinyG: [17:11:55] posa:323.526

From tinyG: [17:11:55] posa:344.401

From tinyG: [17:11:55] posa:364.332,vel:2020.86

From tinyG: [17:11:55] posa:356.319,vel:5000.00

From tinyG: [17:11:56] posa:344.781,feed:500.00,vel:110.61

From tinyG: [17:11:56] posa:346.818,vel:500.00

From tinyG: [17:11:56] posa:348.902

From tinyG: [17:11:56] posa:350.986

From tinyG: [17:11:57] posa:353.071

From tinyG: [17:11:57] posa:355.155

From tinyG: [17:11:57] posa:357.240

From tinyG: [17:11:57] posa:359.324

From tinyG: [17:11:57] tinyg [mm] ok> 

From tinyG: [17:11:58] posa:4.240,feed:250.00,vel:7933.48,momo:0,stat:5

From tinyG: [17:11:58] posa:30.000,vel:0.00,stat:3

Out > [17:11:58] $di1fn=2

Out > [17:11:58] G91 G0 A1

Out > [17:11:58] G91 G1 A-30 F250

From tinyG: [17:11:58] [di1fn] input function          2 [0=none,1=limit,2=interlock,3=shutdown]

From tinyG: [17:11:58] tinyg [mm] ok> 

From tinyG: [17:11:58] tinyg [mm] ok> 

From tinyG: [17:11:58] tinyg [mm] ok> 

From tinyG: [17:11:58] posa:30.415,vel:250.00,momo:1,stat:5

From tinyG: [17:11:58] posa:29.371

From tinyG: [17:11:59] posa:28.327

From tinyG: [17:11:59] posa:27.284

From tinyG: [17:11:59] posa:26.240

From tinyG: [17:11:59] posa:25.196

From tinyG: [17:12:00] posa:24.152

From tinyG: [17:12:00] posa:23.108

From tinyG: [17:12:00] posa:22.064

From tinyG: [17:12:00] posa:21.021

From tinyG: [17:12:01] posa:19.977

From tinyG: [17:12:01] posa:18.992,vel:0.00,stat:6

Out > [17:12:01] $posa

From tinyG: [17:12:01] tinyg [mm] ok> 

From tinyG: [17:12:01] stat:3

From tinyG: [17:12:01] A position:         18.992 deg

From tinyG: [17:12:01] tinyg [mm] ok> 

Out > [17:12:01] $di1fn=0

Out > [17:12:01] G91 G0 A0

Out > [17:12:01] G90 G0 A9.496
From tinyG: [17:12:01] [di1fn] input function          0 [0=none,1=limit,2=interlock,3=shutdown]

From tinyG: [17:12:01] tinyg [mm] ok> 

From tinyG: [17:12:01] tinyg [mm] ok> 

From tinyG: [17:12:01] line:0,posx:0.000,posy:0.000,posz:-12.000,posa:18.992,feed:250.00,vel:0.00,unit:1,coor:0,dist:1,admo:1,frmo:1,momo:0,stat:3

