[17:29:54] Starting Log file for session: 20201029-172954

From tinyG: [17:29:55] {"r":{"fv":0.98,"fb":86.03,"hp":3,"hv":0,"id":"0213-0215-0515","msg":"SYSTEM READY"},"f":[1,0,1]}

From tinyG: [17:29:55] tinyg [mm] ok> 

From tinyG: [17:29:55] [ej]  enable json mode            0 [0=text,1=JSON]

From tinyG: [17:29:55] tinyg [mm] ok> 

Out > [17:30:02] g28.2a0

Out > [17:30:02] $di1fn=0

Out > [17:30:05] g90 g0 a30

From tinyG: [17:30:05] tinyg [mm] ok> 

From tinyG: [17:30:05] posa:-5.672,feed:2000.00,vel:2000.00,coor:0,dist:1,momo:1,stat:9

From tinyG: [17:30:05] posa:-10.026,vel:0.03

From tinyG: [17:30:05] posa:-4.351,vel:2000.00

From tinyG: [17:30:05] posa:1.273,vel:0.81

From tinyG: [17:30:05] vel:0.00

From tinyG: [17:30:05] posa:-4.373,vel:2000.00

From tinyG: [17:30:05] posa:-8.727,vel:0.03

From tinyG: [17:30:05] posa:-7.779,feed:300.00,vel:300.00

From tinyG: [17:30:05] posa:-6.775

From tinyG: [17:30:05] posa:-5.770

From tinyG: [17:30:05] posa:-4.773

From tinyG: [17:30:05] posa:-3.768

From tinyG: [17:30:05] posa:-2.771

From tinyG: [17:30:05] posa:-1.766

From tinyG: [17:30:05] posa:-0.769

From tinyG: [17:30:05] [di1fn] input function          0 [0=none,1=limit,2=interlock,3=shutdown]

From tinyG: [17:30:05] tinyg [mm] ok> 

From tinyG: [17:30:05] tinyg [mm] ok> 

From tinyG: [17:30:05] posa:0.000,vel:0.00,stat:5

Out > [17:30:05] g90 g0 a-20 z-9

From tinyG: [17:30:05] tinyg [mm] ok> 

From tinyG: [17:30:05] posa:21.384,feed:250.00,vel:9671.33,coor:1,dist:0,momo:0

Out > [17:30:05] g90 g0 a30

From tinyG: [17:30:05] tinyg [mm] ok> 

From tinyG: [17:30:05] posz:-0.593,posa:26.704,vel:4221.90

From tinyG: [17:30:05] posz:-3.245,posa:11.974,vel:4515.87

From tinyG: [17:30:06] posz:-5.922,posa:-2.902

From tinyG: [17:30:06] posz:-8.567,posa:-17.594,vel:4048.41

From tinyG: [17:30:06] posz:-9.000,posa:-14.207,vel:8705.25

From tinyG: [17:30:06] posa:18.977,vel:9995.55

From tinyG: [17:30:06] posa:30.000,vel:0.00,stat:3

Out > [17:30:06] g90 g0 z0

Out > [17:30:06] g90 g0 a-30

From tinyG: [17:30:06] tinyg [mm] ok> 

From tinyG: [17:30:06] tinyg [mm] ok> 

From tinyG: [17:30:07] posz:-7.182,vel:800.00,stat:5

From tinyG: [17:30:07] posz:-4.506

From tinyG: [17:30:07] posz:-1.809

From tinyG: [17:30:07] posz:0.000,posa:29.897,vel:465.80

From tinyG: [17:30:08] posa:4.672,vel:10000.00

From tinyG: [17:30:08] posa:-27.370,vel:6148.01

From tinyG: [17:30:08] posa:-30.000,vel:0.00,stat:3

Out > [17:30:08] g90 g0 a20 z-9

Out > [17:30:08] g90 g0 a-30

From tinyG: [17:30:08] tinyg [mm] ok> 

From tinyG: [17:30:08] tinyg [mm] ok> 

From tinyG: [17:30:08] posz:-1.819,posa:-19.896,vel:4515.87,stat:5

From tinyG: [17:30:08] posz:-4.496,posa:-5.020

From tinyG: [17:30:09] posz:-7.154,posa:9.745

From tinyG: [17:30:09] posz:-9.000,posa:19.716,vel:1119.81

From tinyG: [17:30:09] posa:-6.012,vel:10000.00

From tinyG: [17:30:09] posa:-29.991,vel:138.40

From tinyG: [17:30:09] posa:-30.000,vel:0.00,stat:3

Out > [17:30:09] g90 g0 z0

Out > [17:30:09] $di1fn=2

Out > [17:30:09] g90 g0 a-15

From tinyG: [17:30:09] tinyg [mm] ok> 

From tinyG: [17:30:09] {"er":{"fb":86.03,"st":9,"msg":"File not open - write_persistent"}}

From tinyG: [17:30:09] [di1fn] input function          2 [0=none,1=limit,2=interlock,3=shutdown]

From tinyG: [17:30:09] tinyg [mm] ok> 

From tinyG: [17:30:10] tinyg [mm] ok> 

From tinyG: [17:30:10] posz:-7.182,vel:800.00,stat:5

From tinyG: [17:30:10] posz:-4.506

From tinyG: [17:30:10] posz:-1.849

From tinyG: [17:30:10] posz:0.000,posa:-29.905,vel:449.88

From tinyG: [17:30:10] posa:-15.041,vel:412.67

From tinyG: [17:30:11] posa:-15.000,vel:0.00,stat:3

Out > [17:30:11] g90 g0 a-10

Out > [17:30:11] g90 g0 a-15

From tinyG: [17:30:11] tinyg [mm] ok> 

From tinyG: [17:30:11] tinyg [mm] ok> 

From tinyG: [17:30:11] posa:-11.115,vel:2609.07,stat:5

From tinyG: [17:30:11] posa:-15.000,vel:0.00,stat:3

Out > [17:30:11] g91 g1 a30 f250

Out > [17:30:11] g90 g0 z-5

From tinyG: [17:30:11] tinyg [mm] ok> 

From tinyG: [17:30:11] tinyg [mm] ok> 

From tinyG: [17:30:11] posa:-14.209,vel:250.00,dist:1,momo:1,stat:5

From tinyG: [17:30:12] posa:-13.365

From tinyG: [17:30:12] posa:-12.528

From tinyG: [17:30:12] posa:-11.697

From tinyG: [17:30:12] posa:-10.859

From tinyG: [17:30:12] posa:-10.015

From tinyG: [17:30:13] posa:-9.178

From tinyG: [17:30:13] posa:-8.347

From tinyG: [17:30:13] posa:-7.509

From tinyG: [17:30:13] posa:-6.678

From tinyG: [17:30:13] posa:-5.841

From tinyG: [17:30:14] posa:-4.997

From tinyG: [17:30:14] posa:-4.160

From tinyG: [17:30:14] posa:-3.329

From tinyG: [17:30:14] posa:-2.492

From tinyG: [17:30:14] posa:-1.660

From tinyG: [17:30:15] posa:-0.823

From tinyG: [17:30:15] posa:-0.026,vel:7.44,stat:6

From tinyG: [17:30:15] tinyg [mm] ok> 

From tinyG: [17:30:15] [di1fn] input function          0 [0=none,1=limit,2=interlock,3=shutdown]

From tinyG: [17:30:15] tinyg [mm] ok> 

Out > [17:30:15] g90 g0 z0

Out > [17:30:15] $posa

From tinyG: [17:30:15] tinyg [mm] ok> 

Out > [17:30:15] g28.2a0

From tinyG: [17:30:15] A position:         -0.026 deg

From tinyG: [17:30:15] tinyg [mm] ok> 

From tinyG: [17:30:15] tinyg [mm] ok> 

From tinyG: [17:30:15] vel:0.00,stat:9

From tinyG: [17:30:15] posa:-5.672,feed:2000.00,vel:2000.00,coor:0

Out > [17:30:15] $di1fn=0

Out > [17:30:18] g90 g0 a30

From tinyG: [17:30:18] posa:-10.026,vel:0.03

From tinyG: [17:30:18] posa:-4.351,vel:2000.00

From tinyG: [17:30:18] posa:1.223,vel:0.03

From tinyG: [17:30:18] vel:0.00

From tinyG: [17:30:18] posa:-4.423,vel:2000.00

From tinyG: [17:30:18] posa:-8.777,vel:0.03

From tinyG: [17:30:18] posa:-7.829,feed:300.00,vel:300.00

From tinyG: [17:30:18] posa:-6.825

From tinyG: [17:30:18] posa:-5.820

From tinyG: [17:30:18] posa:-4.823

From tinyG: [17:30:18] posa:-3.818

From tinyG: [17:30:18] posa:-2.821

From tinyG: [17:30:18] posa:-1.816

From tinyG: [17:30:18] posa:-0.819

From tinyG: [17:30:18] [di1fn] input function          0 [0=none,1=limit,2=interlock,3=shutdown]

From tinyG: [17:30:18] tinyg [mm] ok> 

From tinyG: [17:30:18] tinyg [mm] ok> 

From tinyG: [17:30:18] posa:0.000,vel:0.00,stat:5

From tinyG: [17:30:18] posa:21.432,feed:250.00,vel:9783.57,coor:1,dist:0,momo:0

Out > [17:30:18] g90 g0 a-20 z-9

From tinyG: [17:30:18] tinyg [mm] ok> 

From tinyG: [17:30:19] posz:-0.242,posa:28.657,vel:3073.27

From tinyG: [17:30:19] posz:-2.834,posa:14.253,vel:4515.87

From tinyG: [17:30:19] posz:-5.507,posa:-0.596

From tinyG: [17:30:19] posz:-8.200,posa:-15.557,vel:4514.81

From tinyG: [17:30:19] posz:-9.000,posa:-20.000,vel:0.00,stat:3

Out > [17:30:19] g90 g0 a30

Out > [17:30:19] g90 g0 z0

From tinyG: [17:30:19] tinyg [mm] ok> 

From tinyG: [17:30:19] tinyg [mm] ok> 

From tinyG: [17:30:20] posa:1.461,vel:10000.00,stat:5

From tinyG: [17:30:20] posa:29.613,vel:1627.20

From tinyG: [17:30:20] posz:-7.410,posa:30.000,vel:800.00

From tinyG: [17:30:20] posz:-4.734

From tinyG: [17:30:20] posz:-2.058

From tinyG: [17:30:21] posz:-0.002,vel:24.12

From tinyG: [17:30:21] posz:0.000,vel:0.00,stat:3

Out > [17:30:21] g90 g0 a-30

Out > [17:30:21] g90 g0 a20 z-9

From tinyG: [17:30:21] tinyg [mm] ok> 

From tinyG: [17:30:21] tinyg [mm] ok> 

From tinyG: [17:30:21] posa:8.501,vel:10000.00,stat:5

From tinyG: [17:30:21] posa:-24.307,vel:8278.45

From tinyG: [17:30:22] posz:-0.847,posa:-25.294,vel:4509.22

From tinyG: [17:30:22] posz:-3.504,posa:-10.531,vel:4515.87

From tinyG: [17:30:22] posz:-6.182,posa:4.345

From tinyG: [17:30:22] posz:-8.772,posa:18.733,vel:3073.27

From tinyG: [17:30:22] posz:-9.000,posa:20.000,vel:0.00,stat:3

Out > [17:30:22] g90 g0 a-30

Out > [17:30:22] g90 g0 z0

From tinyG: [17:30:22] tinyg [mm] ok> 

From tinyG: [17:30:22] tinyg [mm] ok> 

From tinyG: [17:30:23] posa:-1.461,vel:10000.00,stat:5

From tinyG: [17:30:23] posa:-29.613,vel:1627.20

From tinyG: [17:30:23] posz:-7.410,posa:-30.000,vel:800.00

From tinyG: [17:30:23] posz:-4.734

From tinyG: [17:30:23] posz:-2.058

From tinyG: [17:30:24] posz:-0.002,vel:19.52

From tinyG: [17:30:24] posz:0.000,vel:0.00,stat:3

Out > [17:30:24] $di1fn=2

Out > [17:30:24] g90 g0 a-15

Out > [17:30:24] g90 g0 a-10

From tinyG: [17:30:24] [di1fn] input function          2 [0=none,1=limit,2=interlock,3=shutdown]

From tinyG: [17:30:24] tinyg [mm] ok> 

From tinyG: [17:30:24] tinyg [mm] ok> 

From tinyG: [17:30:24] tinyg [mm] ok> 

From tinyG: [17:30:24] posa:-13.775,vel:5721.53,stat:5

From tinyG: [17:30:24] posa:-10.000,vel:0.00,stat:3

Out > [17:30:24] g90 g0 a-15

Out > [17:30:24] g91 g1 a30 f250

From tinyG: [17:30:24] tinyg [mm] ok> 

From tinyG: [17:30:24] tinyg [mm] ok> 

From tinyG: [17:30:25] posa:-14.863,vel:250.00,dist:1,momo:1,stat:5

From tinyG: [17:30:25] posa:-14.025

From tinyG: [17:30:25] posa:-13.188

From tinyG: [17:30:25] posa:-12.350

From tinyG: [17:30:25] posa:-11.519

From tinyG: [17:30:26] posa:-10.675

From tinyG: [17:30:26] posa:-9.838

From tinyG: [17:30:26] posa:-9.007

From tinyG: [17:30:26] posa:-8.169

From tinyG: [17:30:26] posa:-7.326

From tinyG: [17:30:27] posa:-6.488

From tinyG: [17:30:27] posa:-5.657

From tinyG: [17:30:27] posa:-4.820

From tinyG: [17:30:27] posa:-3.976

From tinyG: [17:30:27] posa:-3.139

From tinyG: [17:30:28] posa:-2.307

From tinyG: [17:30:28] posa:-1.470

From tinyG: [17:30:28] posa:-0.639

From tinyG: [17:30:28] posa:-0.035,vel:0.00,stat:6

From tinyG: [17:30:28] tinyg [mm] ok> 

From tinyG: [17:30:28] stat:3

From tinyG: [17:30:28] [di1fn] input function          0 [0=none,1=limit,2=interlock,3=shutdown]

From tinyG: [17:30:28] tinyg [mm] ok> 

Out > [17:30:28] g90 g0 z-5

Out > [17:30:28] g90 g0 z0

From tinyG: [17:30:28] tinyg [mm] ok> 

From tinyG: [17:30:28] tinyg [mm] ok> 

From tinyG: [17:30:29] posz:-1.818,vel:800.00,dist:0,momo:0,stat:5

From tinyG: [17:30:29] posz:-4.483,vel:734.21

From tinyG: [17:30:29] posz:-4.234,vel:795.19

From tinyG: [17:30:29] posz:-1.579,vel:800.00

From tinyG: [17:30:29] posz:0.000,vel:0.00,stat:3

Out > [17:30:29] $posa

From tinyG: [17:30:29] A position:         -0.035 deg

From tinyG: [17:30:29] tinyg [mm] ok> 

Out > [17:30:51] g28.2a0

