[11:47:38] Starting Log file for session: 20201030-114738

From tinyG: [11:47:40] {"r":{"fv":0.98,"fb":86.03,"hp":3,"hv":0,"id":"0213-0215-0515","msg":"SYSTEM READY"},"f":[1,0,1]}

From tinyG: [11:47:40] tinyg [mm] ok> 

From tinyG: [11:47:41] {"er":{"fb":86.03,"st":9,"msg":"File not open - write_persistent"}}

From tinyG: [11:47:41] [ej]  enable json mode            0 [0=text,1=JSON]

From tinyG: [11:47:41] tinyg [mm] ok> 

Out > [11:47:46] g28.2a0

Out > [11:47:46] $di1fn=0

Out > [11:47:49] g90 g0 a30

From tinyG: [11:47:49] tinyg [mm] ok> 

From tinyG: [11:47:49] coor:0,dist:1,stat:9

From tinyG: [11:47:49] posa:-5.681,feed:2000.00,vel:2000.00,momo:1

From tinyG: [11:47:49] posa:-10.035,vel:0.03

From tinyG: [11:47:49] posa:-4.361,vel:2000.00

From tinyG: [11:47:49] posa:1.264,vel:0.81

From tinyG: [11:47:49] vel:0.00

From tinyG: [11:47:49] posa:-4.382,vel:2000.00

From tinyG: [11:47:49] posa:-8.736,vel:0.03

From tinyG: [11:47:49] posa:-7.789,feed:300.00,vel:300.00

From tinyG: [11:47:49] posa:-6.784

From tinyG: [11:47:49] posa:-5.779

From tinyG: [11:47:49] posa:-4.782

From tinyG: [11:47:49] posa:-3.777

From tinyG: [11:47:49] posa:-2.780

From tinyG: [11:47:49] posa:-1.775

From tinyG: [11:47:49] posa:-0.778

From tinyG: [11:47:50] [di1fn] input function          0 [0=none,1=limit,2=interlock,3=shutdown]

From tinyG: [11:47:50] tinyg [mm] ok> 

From tinyG: [11:47:50] tinyg [mm] ok> 

From tinyG: [11:47:50] posa:0.000,vel:0.00,stat:5

Out > [11:47:50] g90 g0 a-20 z-9

From tinyG: [11:47:50] tinyg [mm] ok> 

From tinyG: [11:47:50] posa:21.432,feed:250.00,vel:9783.57,coor:1,dist:0,momo:0

Out > [11:47:50] g90 g0 a30

From tinyG: [11:47:50] tinyg [mm] ok> 

From tinyG: [11:47:50] posz:0.758,posa:28.792,vel:2776.11

From tinyG: [11:47:50] posz:-1.837,posa:15.814,vel:4079.22

From tinyG: [11:47:50] posz:-4.514,posa:2.430

From tinyG: [11:47:50] posz:-7.171,posa:-10.854

From tinyG: [11:47:51] posz:-9.000,posa:-19.595,vel:1283.81

From tinyG: [11:47:51] posa:6.761,vel:10000.00

From tinyG: [11:47:51] posa:29.997,vel:58.74

From tinyG: [11:47:51] posa:30.000,vel:0.00,stat:3

Out > [11:47:51] g90 g0 z0

Out > [11:47:51] g90 g0 a-30

From tinyG: [11:47:51] tinyg [mm] ok> 

From tinyG: [11:47:51] tinyg [mm] ok> 

From tinyG: [11:47:52] posz:-7.162,vel:800.00,stat:5

From tinyG: [11:47:52] posz:-4.506

From tinyG: [11:47:52] posz:-1.809

From tinyG: [11:47:52] posz:0.000,posa:29.897,vel:465.80

From tinyG: [11:47:52] posa:4.423,vel:10000.00

From tinyG: [11:47:53] posa:-27.660,vel:5769.70

From tinyG: [11:47:53] posa:-30.000,vel:0.00,stat:3

Out > [11:47:53] g90 g0 a20 z-9

Out > [11:47:53] g90 g0 a-30

From tinyG: [11:47:53] tinyg [mm] ok> 

From tinyG: [11:47:53] tinyg [mm] ok> 

From tinyG: [11:47:53] posz:-1.819,posa:-19.896,vel:4515.87,stat:5

From tinyG: [11:47:53] posz:-4.496,posa:-5.020

From tinyG: [11:47:53] posz:-7.154,posa:9.745

From tinyG: [11:47:54] posz:-9.000,posa:19.716,vel:1119.81

From tinyG: [11:47:54] posa:-6.012,vel:10000.00

From tinyG: [11:47:54] posa:-29.991,vel:138.40

From tinyG: [11:47:54] posa:-30.000,vel:0.00,stat:3

Out > [11:47:54] g90 g0 z0

Out > [11:47:54] $di1fn=2

Out > [11:47:54] g90 g0 a-15

From tinyG: [11:47:54] tinyg [mm] ok> 

From tinyG: [11:47:54] {"er":{"fb":86.03,"st":9,"msg":"File not open - write_persistent"}}

From tinyG: [11:47:54] [di1fn] input function          2 [0=none,1=limit,2=interlock,3=shutdown]

From tinyG: [11:47:54] tinyg [mm] ok> 

From tinyG: [11:47:54] tinyg [mm] ok> 

From tinyG: [11:47:55] posz:-7.182,vel:800.00,stat:5

From tinyG: [11:47:55] posz:-4.506

From tinyG: [11:47:55] posz:-1.809

From tinyG: [11:47:55] posz:0.000,posa:-29.892,vel:503.18

From tinyG: [11:47:55] posa:-15.032,vel:349.30

From tinyG: [11:47:56] posa:-15.000,vel:0.00,stat:3

Out > [11:47:56] g90 g0 a-10

Out > [11:47:56] g90 g0 a-15

From tinyG: [11:47:56] tinyg [mm] ok> 

From tinyG: [11:47:56] tinyg [mm] ok> 

From tinyG: [11:47:56] posa:-11.115,vel:2609.07,stat:5

From tinyG: [11:47:56] posa:-15.000,vel:0.00,stat:3

Out > [11:47:56] g91 g1 a30 f250

Out > [11:47:56] g90 g0 z-5

From tinyG: [11:47:56] tinyg [mm] ok> 

From tinyG: [11:47:56] tinyg [mm] ok> 

From tinyG: [11:47:56] posa:-14.209,vel:250.00,dist:1,momo:1,stat:5

From tinyG: [11:47:57] posa:-13.365

From tinyG: [11:47:57] posa:-12.528

From tinyG: [11:47:57] posa:-11.697

From tinyG: [11:47:57] posa:-10.859

From tinyG: [11:47:57] posa:-10.028

From tinyG: [11:47:58] posa:-9.191

From tinyG: [11:47:58] posa:-8.359

From tinyG: [11:47:58] posa:-7.522

From tinyG: [11:47:58] posa:-6.691

From tinyG: [11:47:58] posa:-5.854

From tinyG: [11:47:59] posa:-5.022

From tinyG: [11:47:59] posa:-4.185

From tinyG: [11:47:59] posa:-3.354

From tinyG: [11:47:59] posa:-2.517

From tinyG: [11:47:59] posa:-1.685

From tinyG: [11:48:00] posa:-0.848

From tinyG: [11:48:00] posa:-0.051,vel:7.44,stat:6

From tinyG: [11:48:00] tinyg [mm] ok> 

From tinyG: [11:48:00] [di1fn] input function          0 [0=none,1=limit,2=interlock,3=shutdown]

From tinyG: [11:48:00] tinyg [mm] ok> 

From tinyG: [11:48:00] A position:         -0.051 deg

From tinyG: [11:48:00] tinyg [mm] ok> 

Out > [11:48:00] g90 g0 z1

Out > [11:48:00] g90 g0 z0

From tinyG: [11:48:00] tinyg [mm] ok> 

From tinyG: [11:48:00] tinyg [mm] ok> 

From tinyG: [11:48:00] vel:0.00,stat:5

From tinyG: [11:48:00] posz:0.990,vel:101.13,dist:0,momo:0

From tinyG: [11:48:00] posz:0.000,vel:6.26

From tinyG: [11:48:01] vel:0.00,stat:3

Out > [11:48:01] EOF

Out > [11:48:01] !%

Out > [11:48:01] g28.2a0

From tinyG: [11:48:01] tinyg [mm] ok> 

From tinyG: [11:48:01] tinyg [mm] ok> 

From tinyG: [11:48:01] posa:-5.697,feed:2000.00,vel:2000.00,coor:0,dist:1,momo:1,stat:9

Out > [11:48:01] $di1fn=0

Out > [11:48:04] g90 g0 a30

From tinyG: [11:48:04] posa:-10.051,vel:0.03

From tinyG: [11:48:04] posa:-4.376,vel:2000.00

From tinyG: [11:48:04] posa:1.198,vel:0.03

From tinyG: [11:48:04] vel:0.00

From tinyG: [11:48:04] posa:-4.448,vel:2000.00

From tinyG: [11:48:04] posa:-8.802,vel:0.03

From tinyG: [11:48:04] posa:-7.854,feed:300.00,vel:300.00

From tinyG: [11:48:04] posa:-6.850

From tinyG: [11:48:04] posa:-5.845

From tinyG: [11:48:04] posa:-4.848

From tinyG: [11:48:04] posa:-3.843

From tinyG: [11:48:04] posa:-2.846

From tinyG: [11:48:04] posa:-1.841

From tinyG: [11:48:04] posa:-0.844

From tinyG: [11:48:04] [di1fn] input function          0 [0=none,1=limit,2=interlock,3=shutdown]

From tinyG: [11:48:04] tinyg [mm] ok> 

From tinyG: [11:48:04] tinyg [mm] ok> 

From tinyG: [11:48:04] posa:0.000,vel:0.00,stat:5

From tinyG: [11:48:04] posa:21.432,feed:250.00,vel:9783.57,coor:1,dist:0,momo:0

Out > [11:48:04] g90 g0 a-20 z-9

From tinyG: [11:48:04] tinyg [mm] ok> 

From tinyG: [11:48:04] posz:-0.242,posa:28.657,vel:3073.27

From tinyG: [11:48:04] posz:-2.834,posa:14.253,vel:4515.87

From tinyG: [11:48:05] posz:-5.507,posa:-0.596

From tinyG: [11:48:05] posz:-8.200,posa:-15.557,vel:4514.81

From tinyG: [11:48:05] posz:-9.000,posa:-20.000,vel:0.00,stat:3

Out > [11:48:05] g90 g0 a30

Out > [11:48:05] g90 g0 z0

From tinyG: [11:48:05] tinyg [mm] ok> 

From tinyG: [11:48:05] tinyg [mm] ok> 

From tinyG: [11:48:05] posa:1.461,vel:10000.00,stat:5

From tinyG: [11:48:05] posa:29.613,vel:1627.20

From tinyG: [11:48:06] posz:-7.410,posa:30.000,vel:800.00

From tinyG: [11:48:06] posz:-4.734

From tinyG: [11:48:06] posz:-2.058

From tinyG: [11:48:06] posz:-0.002,vel:24.12

From tinyG: [11:48:06] posz:0.000,vel:0.00,stat:3

Out > [11:48:06] g90 g0 a-30

Out > [11:48:06] g90 g0 a20 z-9

From tinyG: [11:48:06] tinyg [mm] ok> 

From tinyG: [11:48:07] tinyg [mm] ok> 

From tinyG: [11:48:07] posa:8.501,vel:10000.00,stat:5

From tinyG: [11:48:07] posa:-24.512,vel:8278.45

From tinyG: [11:48:07] posz:-0.847,posa:-25.294,vel:4509.22

From tinyG: [11:48:07] posz:-3.504,posa:-10.531,vel:4515.87

From tinyG: [11:48:08] posz:-6.182,posa:4.345

From tinyG: [11:48:08] posz:-8.772,posa:18.733,vel:3073.27

From tinyG: [11:48:08] posz:-9.000,posa:20.000,vel:0.00,stat:3

Out > [11:48:08] g90 g0 a-30

Out > [11:48:08] g90 g0 z0

From tinyG: [11:48:08] tinyg [mm] ok> 

From tinyG: [11:48:08] tinyg [mm] ok> 

From tinyG: [11:48:08] posa:-1.461,vel:10000.00,stat:5

From tinyG: [11:48:08] posa:-29.573,vel:1757.91

From tinyG: [11:48:09] posz:-7.450,posa:-30.000,vel:800.00

From tinyG: [11:48:09] posz:-4.774

From tinyG: [11:48:09] posz:-2.098

From tinyG: [11:48:09] posz:-0.003,vel:29.30

From tinyG: [11:48:09] posz:0.000,vel:0.00,stat:3

Out > [11:48:09] $di1fn=2

Out > [11:48:09] g90 g0 a-15

Out > [11:48:09] g90 g0 a-10

From tinyG: [11:48:09] [di1fn] input function          2 [0=none,1=limit,2=interlock,3=shutdown]

From tinyG: [11:48:09] tinyg [mm] ok> 

From tinyG: [11:48:09] tinyg [mm] ok> 

From tinyG: [11:48:09] tinyg [mm] ok> 

From tinyG: [11:48:10] posa:-13.775,vel:5721.53,stat:5

From tinyG: [11:48:10] posa:-10.000,vel:0.00,stat:3

Out > [11:48:10] g90 g0 a-15

Out > [11:48:10] g91 g1 a30 f250

From tinyG: [11:48:10] tinyg [mm] ok> 

From tinyG: [11:48:10] tinyg [mm] ok> 

From tinyG: [11:48:10] posa:-14.863,vel:250.00,dist:1,momo:1,stat:5

From tinyG: [11:48:10] posa:-14.025

From tinyG: [11:48:11] posa:-13.188

From tinyG: [11:48:11] posa:-12.356

From tinyG: [11:48:11] posa:-11.519

From tinyG: [11:48:11] posa:-10.675

From tinyG: [11:48:11] posa:-9.838

From tinyG: [11:48:12] posa:-9.007

From tinyG: [11:48:12] posa:-8.169

From tinyG: [11:48:12] posa:-7.326

From tinyG: [11:48:12] posa:-6.488

From tinyG: [11:48:12] posa:-5.657

From tinyG: [11:48:13] posa:-4.820

From tinyG: [11:48:13] posa:-3.976

From tinyG: [11:48:13] posa:-3.139

From tinyG: [11:48:13] posa:-2.307

From tinyG: [11:48:13] posa:-1.470

From tinyG: [11:48:14] posa:-0.626

From tinyG: [11:48:14] posa:-0.042,vel:0.00,stat:6

From tinyG: [11:48:14] tinyg [mm] ok> 

From tinyG: [11:48:14] stat:3

From tinyG: [11:48:14] [di1fn] input function          0 [0=none,1=limit,2=interlock,3=shutdown]

From tinyG: [11:48:14] tinyg [mm] ok> 

From tinyG: [11:48:14] A position:         -0.042 deg

From tinyG: [11:48:14] tinyg [mm] ok> 

Out > [11:48:14] g90 g0 z-5

Out > [11:48:14] g90 g0 z1

From tinyG: [11:48:14] tinyg [mm] ok> 

From tinyG: [11:48:14] tinyg [mm] ok> 

From tinyG: [11:48:14] posz:-1.818,vel:800.00,dist:0,momo:0,stat:5

From tinyG: [11:48:14] posz:-4.483,vel:734.21

From tinyG: [11:48:15] posz:-4.234,vel:795.19

From tinyG: [11:48:15] posz:-1.578,vel:800.00

From tinyG: [11:48:15] posz:0.910,vel:322.08

From tinyG: [11:48:15] posz:1.000,vel:0.00,stat:3

Out > [11:48:15] g90 g0 z0

Out > [11:48:15] EOF

Out > [11:48:15] !%

From tinyG: [11:48:15] tinyg [mm] ok> 

From tinyG: [11:49:18] stat:6

