[11:30:28] Starting Log file for session: 20201030-113028

From tinyG: [11:30:30] {"r":{"fv":0.98,"fb":86.03,"hp":3,"hv":0,"id":"0213-0215-0515","msg":"SYSTEM READY"},"f":[1,0,1]}

From tinyG: [11:30:30] tinyg [mm] ok> 

From tinyG: [11:30:30] [ej]  enable json mode            0 [0=text,1=JSON]

From tinyG: [11:30:30] tinyg [mm] ok> 

Out > [11:30:34] g28.2a0

Out > [11:30:34] $di1fn=0

Out > [11:30:37] g90 g0 a30

From tinyG: [11:30:37] tinyg [mm] ok> 

From tinyG: [11:30:37] posa:-1.373,feed:2000.00,vel:2000.00,coor:0,dist:1,momo:1,stat:9

From tinyG: [11:30:37] posa:-8.081

From tinyG: [11:30:37] posa:-9.422,feed:300.00,vel:300.00

From tinyG: [11:30:37] posa:-8.417

From tinyG: [11:30:37] posa:-7.420

From tinyG: [11:30:37] posa:-6.415

From tinyG: [11:30:37] posa:-5.418

From tinyG: [11:30:37] posa:-4.413

From tinyG: [11:30:37] posa:-3.416

From tinyG: [11:30:37] posa:-2.404

From tinyG: [11:30:37] posa:-1.399

From tinyG: [11:30:37] posa:-0.402

From tinyG: [11:30:37] [di1fn] input function          0 [0=none,1=limit,2=interlock,3=shutdown]

From tinyG: [11:30:37] tinyg [mm] ok> 

From tinyG: [11:30:37] tinyg [mm] ok> 

Out > [11:30:37] g90 g0 a-20 z-9

From tinyG: [11:30:37] tinyg [mm] ok> 

From tinyG: [11:30:37] posa:0.219,feed:250.00,vel:1175.71,coor:1,dist:0,momo:0,stat:5

Out > [11:30:37] g90 g0 a30

From tinyG: [11:30:37] tinyg [mm] ok> 

From tinyG: [11:30:37] posa:26.513,vel:6502.36

From tinyG: [11:30:37] posz:-1.067,posa:24.074,vel:4515.87

From tinyG: [11:30:38] posz:-3.724,posa:9.310

From tinyG: [11:30:38] posz:-6.402,posa:-5.566

From tinyG: [11:30:38] posz:-8.894,posa:-19.410,vel:2012.35

From tinyG: [11:30:38] posz:-9.000,posa:-8.729,vel:9995.56

From tinyG: [11:30:38] posa:24.423,vel:8705.24

From tinyG: [11:30:39] posa:30.000,vel:0.00,stat:3

Out > [11:30:39] g90 g0 z0

Out > [11:30:39] g90 g0 a-30

From tinyG: [11:30:39] tinyg [mm] ok> 

From tinyG: [11:30:39] tinyg [mm] ok> 

From tinyG: [11:30:39] posz:-7.162,vel:800.00,stat:5

From tinyG: [11:30:39] posz:-4.506

From tinyG: [11:30:39] posz:-1.829

From tinyG: [11:30:40] posz:0.000,posa:29.909,vel:418.28

From tinyG: [11:30:40] posa:4.672,vel:10000.00

From tinyG: [11:30:40] posa:-27.370,vel:6148.01

From tinyG: [11:30:40] posa:-30.000,vel:0.00,stat:3

Out > [11:30:40] g90 g0 a20 z-9

Out > [11:30:40] g90 g0 a-30

From tinyG: [11:30:40] tinyg [mm] ok> 

From tinyG: [11:30:40] tinyg [mm] ok> 

From tinyG: [11:30:40] posz:-1.819,posa:-19.896,vel:4515.87,stat:5

From tinyG: [11:30:41] posz:-4.496,posa:-5.020

From tinyG: [11:30:41] posz:-7.154,posa:9.745

From tinyG: [11:30:41] posz:-9.000,posa:19.658,vel:1190.04

From tinyG: [11:30:41] posa:-6.261,vel:10000.00

From tinyG: [11:30:41] posa:-29.994,vel:107.13

From tinyG: [11:30:42] posa:-30.000,vel:0.00,stat:3

Out > [11:30:42] g90 g0 z0

Out > [11:30:42] $di1fn=2

Out > [11:30:42] g90 g0 a-15

From tinyG: [11:30:42] tinyg [mm] ok> 

From tinyG: [11:30:42] {"er":{"fb":86.03,"st":9,"msg":"File not open - write_persistent"}}

From tinyG: [11:30:42] [di1fn] input function          2 [0=none,1=limit,2=interlock,3=shutdown]

From tinyG: [11:30:42] tinyg [mm] ok> 

From tinyG: [11:30:42] tinyg [mm] ok> 

From tinyG: [11:30:42] posz:-7.182,vel:800.00,stat:5

From tinyG: [11:30:42] posz:-4.506

From tinyG: [11:30:42] posz:-1.809

From tinyG: [11:30:43] posz:0.000,posa:-29.892,vel:503.18

From tinyG: [11:30:43] posa:-15.032,vel:349.30

From tinyG: [11:30:43] posa:-15.000,vel:0.00,stat:3

Out > [11:30:43] g90 g0 a-10

Out > [11:30:43] g90 g0 a-15

From tinyG: [11:30:43] tinyg [mm] ok> 

From tinyG: [11:30:43] tinyg [mm] ok> 

From tinyG: [11:30:43] posa:-11.115,vel:2609.07,stat:5

From tinyG: [11:30:43] posa:-15.000,vel:0.00,stat:3

Out > [11:30:43] g91 g1 a30 f250

Out > [11:30:43] g90 g0 z-5

From tinyG: [11:30:43] tinyg [mm] ok> 

From tinyG: [11:30:43] tinyg [mm] ok> 

From tinyG: [11:30:44] posa:-14.209,vel:250.00,dist:1,momo:1,stat:5

From tinyG: [11:30:44] posa:-13.365

From tinyG: [11:30:44] posa:-12.528

From tinyG: [11:30:44] posa:-11.697

From tinyG: [11:30:44] posa:-10.859

From tinyG: [11:30:45] posa:-10.015

From tinyG: [11:30:45] posa:-9.178

From tinyG: [11:30:45] posa:-8.347

From tinyG: [11:30:45] posa:-7.509

From tinyG: [11:30:45] posa:-6.666

From tinyG: [11:30:46] posa:-5.829

From tinyG: [11:30:46] posa:-4.997

From tinyG: [11:30:46] posa:-4.160

From tinyG: [11:30:46] posa:-3.329

From tinyG: [11:30:46] posa:-2.492

From tinyG: [11:30:47] posa:-1.660

From tinyG: [11:30:47] posa:-0.823

From tinyG: [11:30:47] posa:-0.032,vel:1.78,stat:6

From tinyG: [11:30:47] vel:0.00

From tinyG: [11:30:47] tinyg [mm] ok> 

From tinyG: [11:30:47] dist:0,momo:0,stat:3

From tinyG: [11:30:47] [di1fn] input function          0 [0=none,1=limit,2=interlock,3=shutdown]

From tinyG: [11:30:47] tinyg [mm] ok> 

From tinyG: [11:30:47] A position:         -0.032 deg

From tinyG: [11:30:47] tinyg [mm] ok> 

Out > [11:30:47] g90 g0 z1

Out > [11:30:47] g90 g0 z0

From tinyG: [11:30:47] tinyg [mm] ok> 

From tinyG: [11:30:47] tinyg [mm] ok> 

From tinyG: [11:30:47] posz:0.990,vel:101.13,stat:5

From tinyG: [11:30:48] posz:0.000,vel:6.26

From tinyG: [11:30:48] vel:0.00,stat:3

Out > [11:30:48] EOF

Out > [11:30:48] 

