[13:20:14] Starting Log file for session: 20201030-132014

From tinyG: [13:20:16] {"r":{"fv":0.98,"fb":86.03,"hp":3,"hv":0,"id":"0213-0215-0515","msg":"SYSTEM READY"},"f":[1,0,1]}

From tinyG: [13:20:16] tinyg [mm] ok> 

From tinyG: [13:20:16] {"er":{"fb":86.03,"st":9,"msg":"File not open - write_persistent"}}

From tinyG: [13:20:16] [ej]  enable json mode            0 [0=text,1=JSON]

From tinyG: [13:20:16] tinyg [mm] ok> 

Out > [13:20:21] g28.2a0

Out > [13:20:21] $di1fn=0

Out > [13:20:25] g90 g0 a30

From tinyG: [13:20:25] tinyg [mm] ok> 

From tinyG: [13:20:25] coor:0,dist:1,stat:9

From tinyG: [13:20:25] posa:-5.681,feed:2000.00,vel:2000.00,momo:1

From tinyG: [13:20:25] posa:-10.035,vel:0.03

From tinyG: [13:20:25] posa:-4.361,vel:2000.00

From tinyG: [13:20:25] posa:1.264,vel:0.81

From tinyG: [13:20:25] vel:0.00

From tinyG: [13:20:25] posa:-4.382,vel:2000.00

From tinyG: [13:20:25] posa:-8.736,vel:0.03

From tinyG: [13:20:25] posa:-7.789,feed:300.00,vel:300.00

From tinyG: [13:20:25] posa:-6.784

From tinyG: [13:20:25] posa:-5.779

From tinyG: [13:20:25] posa:-4.782

From tinyG: [13:20:25] posa:-3.777

From tinyG: [13:20:25] posa:-2.780

From tinyG: [13:20:25] posa:-1.775

From tinyG: [13:20:25] posa:-0.778

From tinyG: [13:20:25] [di1fn] input function          0 [0=none,1=limit,2=interlock,3=shutdown]

From tinyG: [13:20:25] tinyg [mm] ok> 

From tinyG: [13:20:25] tinyg [mm] ok> 

Out > [13:20:25] g90 g0 a-20 z-9

From tinyG: [13:20:25] tinyg [mm] ok> 

From tinyG: [13:20:25] posa:0.000,vel:0.00,stat:5

From tinyG: [13:20:25] posa:21.383,feed:250.00,vel:9671.40,coor:1,dist:0,momo:0

Out > [13:20:25] g90 g0 a30

From tinyG: [13:20:25] tinyg [mm] ok> 

From tinyG: [13:20:25] posz:0.383,posa:26.917,vel:3850.75

From tinyG: [13:20:25] posz:-2.287,posa:13.563,vel:4079.22

From tinyG: [13:20:25] posz:-4.964,posa:0.179

From tinyG: [13:20:26] posz:-7.621,posa:-13.105

From tinyG: [13:20:26] posz:-9.000,posa:-19.860,vel:854.10

From tinyG: [13:20:26] posa:6.998,vel:10000.00

From tinyG: [13:20:26] posa:29.999,vel:41.02

From tinyG: [13:20:26] posa:30.000,vel:0.00,stat:3

Out > [13:20:26] g90 g0 z0

Out > [13:20:26] g90 g0 a-30

From tinyG: [13:20:26] tinyg [mm] ok> 

From tinyG: [13:20:26] tinyg [mm] ok> 

From tinyG: [13:20:27] posz:-7.182,vel:800.00,stat:5

From tinyG: [13:20:27] posz:-4.506

From tinyG: [13:20:27] posz:-1.829

From tinyG: [13:20:27] posz:0.000,posa:29.909,vel:418.28

From tinyG: [13:20:28] posa:4.672,vel:10000.00

From tinyG: [13:20:28] posa:-27.370,vel:6148.01

From tinyG: [13:20:28] posa:-30.000,vel:0.00,stat:3

Out > [13:20:28] g90 g0 a20 z-9

Out > [13:20:28] g90 g0 a-30

From tinyG: [13:20:28] tinyg [mm] ok> 

From tinyG: [13:20:28] tinyg [mm] ok> 

From tinyG: [13:20:28] posz:-1.819,posa:-19.896,vel:4515.87,stat:5

From tinyG: [13:20:28] posz:-4.496,posa:-5.020

From tinyG: [13:20:29] posz:-7.154,posa:9.745

From tinyG: [13:20:29] posz:-9.000,posa:19.716,vel:1119.81

From tinyG: [13:20:29] posa:-6.012,vel:10000.00

From tinyG: [13:20:29] posa:-29.991,vel:138.40

From tinyG: [13:20:29] posa:-30.000,vel:0.00,stat:3

Out > [13:20:29] g90 g0 z0

Out > [13:20:29] $di1fn=2

Out > [13:20:29] g90 g0 a-15

From tinyG: [13:20:29] tinyg [mm] ok> 

From tinyG: [13:20:29] {"er":{"fb":86.03,"st":9,"msg":"File not open - write_persistent"}}

From tinyG: [13:20:29] [di1fn] input function          2 [0=none,1=limit,2=interlock,3=shutdown]

From tinyG: [13:20:29] tinyg [mm] ok> 

From tinyG: [13:20:29] tinyg [mm] ok> 

From tinyG: [13:20:30] posz:-7.182,vel:800.00,stat:5

From tinyG: [13:20:30] posz:-4.506

From tinyG: [13:20:30] posz:-1.809

From tinyG: [13:20:30] posz:0.000,posa:-29.892,vel:503.18

From tinyG: [13:20:31] posa:-15.032,vel:349.30

From tinyG: [13:20:31] posa:-15.000,vel:0.00,stat:3

Out > [13:20:31] g90 g0 a-10

Out > [13:20:31] g90 g0 a-15

From tinyG: [13:20:31] tinyg [mm] ok> 

From tinyG: [13:20:31] tinyg [mm] ok> 

From tinyG: [13:20:31] posa:-11.115,vel:2609.07,stat:5

From tinyG: [13:20:31] posa:-15.000,vel:0.00,stat:3

Out > [13:20:31] g91 g1 a30 f250

Out > [13:20:31] g90 g0 z-5

From tinyG: [13:20:31] tinyg [mm] ok> 

From tinyG: [13:20:31] tinyg [mm] ok> 

From tinyG: [13:20:31] posa:-14.209,vel:250.00,dist:1,momo:1,stat:5

From tinyG: [13:20:32] posa:-13.365

From tinyG: [13:20:32] posa:-12.528

From tinyG: [13:20:32] posa:-11.697

From tinyG: [13:20:32] posa:-10.859

From tinyG: [13:20:32] posa:-10.028

From tinyG: [13:20:33] posa:-9.191

From tinyG: [13:20:33] posa:-8.359

From tinyG: [13:20:33] posa:-7.522

From tinyG: [13:20:33] posa:-6.678

From tinyG: [13:20:33] posa:-5.841

From tinyG: [13:20:34] posa:-5.010

From tinyG: [13:20:34] posa:-4.173

From tinyG: [13:20:34] posa:-3.341

From tinyG: [13:20:34] posa:-2.504

From tinyG: [13:20:34] posa:-1.673

From tinyG: [13:20:35] posa:-0.836

From tinyG: [13:20:35] posa:-0.051,vel:0.07,stat:6

From tinyG: [13:20:35] vel:0.00

From tinyG: [13:20:35] tinyg [mm] ok> 

From tinyG: [13:20:35] dist:0,momo:0,stat:3

From tinyG: [13:20:35] [di1fn] input function          0 [0=none,1=limit,2=interlock,3=shutdown]

From tinyG: [13:20:35] tinyg [mm] ok> 

From tinyG: [13:20:35] A position:         -0.051 deg

From tinyG: [13:20:35] tinyg [mm] ok> 

Out > [13:20:35] g90 g0 z1

Out > [13:20:35] g90 g0 z0

From tinyG: [13:20:35] tinyg [mm] ok> 

From tinyG: [13:20:35] tinyg [mm] ok> 

From tinyG: [13:20:35] posz:0.990,vel:101.13,stat:5

From tinyG: [13:20:35] posz:0.000,vel:6.26

From tinyG: [13:20:36] vel:0.00,stat:3

Out > [13:20:36] EOF

Out > [13:20:36] !%~

Out > [13:20:36] g28.2a0

From tinyG: [13:20:36] tinyg [mm] ok> 

From tinyG: [13:20:36] tinyg [mm] ok> 

From tinyG: [13:20:36] posa:-5.697,feed:2000.00,vel:2000.00,coor:0,dist:1,momo:1,stat:9

Out > [13:20:36] $di1fn=0

Out > [13:20:39] g90 g0 a30

From tinyG: [13:20:39] posa:-10.051,vel:0.03

From tinyG: [13:20:39] posa:-4.376,vel:2000.00

From tinyG: [13:20:39] posa:1.198,vel:0.03

From tinyG: [13:20:39] vel:0.00

From tinyG: [13:20:39] posa:-4.448,vel:2000.00

From tinyG: [13:20:39] posa:-8.802,vel:0.03

From tinyG: [13:20:39] posa:-7.854,feed:300.00,vel:300.00

From tinyG: [13:20:39] posa:-6.850

From tinyG: [13:20:39] posa:-5.845

From tinyG: [13:20:39] posa:-4.848

From tinyG: [13:20:39] posa:-3.843

From tinyG: [13:20:39] posa:-2.846

From tinyG: [13:20:39] posa:-1.841

From tinyG: [13:20:39] posa:-0.844

From tinyG: [13:20:39] [di1fn] input function          0 [0=none,1=limit,2=interlock,3=shutdown]

From tinyG: [13:20:39] tinyg [mm] ok> 

From tinyG: [13:20:39] tinyg [mm] ok> 

From tinyG: [13:20:39] posa:0.000,vel:0.00,stat:5

From tinyG: [13:20:39] posa:21.432,feed:250.00,vel:9783.57,coor:1,dist:0,momo:0

Out > [13:20:39] g90 g0 a-20 z-9

From tinyG: [13:20:39] tinyg [mm] ok> 

From tinyG: [13:20:39] posz:-0.242,posa:28.657,vel:3073.27

From tinyG: [13:20:39] posz:-2.854,posa:14.142,vel:4515.87

From tinyG: [13:20:40] posz:-5.507,posa:-0.596

From tinyG: [13:20:40] posz:-8.200,posa:-15.557,vel:4514.81

From tinyG: [13:20:40] posz:-9.000,posa:-20.000,vel:0.00,stat:3

Out > [13:20:40] g90 g0 a30

Out > [13:20:40] g90 g0 z0

From tinyG: [13:20:40] tinyg [mm] ok> 

From tinyG: [13:20:40] tinyg [mm] ok> 

From tinyG: [13:20:40] posa:1.461,vel:10000.00,stat:5

From tinyG: [13:20:41] posa:29.613,vel:1627.20

From tinyG: [13:20:41] posz:-7.410,posa:30.000,vel:800.00

From tinyG: [13:20:41] posz:-4.734

From tinyG: [13:20:41] posz:-2.058

From tinyG: [13:20:41] posz:-0.002,vel:24.12

From tinyG: [13:20:42] posz:0.000,vel:0.00,stat:3

Out > [13:20:42] g90 g0 a-30

Out > [13:20:42] g90 g0 a20 z-9

From tinyG: [13:20:42] tinyg [mm] ok> 

From tinyG: [13:20:42] tinyg [mm] ok> 

From tinyG: [13:20:42] posa:8.501,vel:10000.00,stat:5

From tinyG: [13:20:42] posa:-24.512,vel:8278.45

From tinyG: [13:20:42] posz:-0.847,posa:-25.294,vel:4509.22

From tinyG: [13:20:42] posz:-3.504,posa:-10.531,vel:4515.87

From tinyG: [13:20:43] posz:-6.182,posa:4.345

From tinyG: [13:20:43] posz:-8.798,posa:18.877,vel:2888.22

From tinyG: [13:20:43] posz:-9.000,posa:20.000,vel:0.00,stat:3

Out > [13:20:43] g90 g0 a-30

Out > [13:20:43] g90 g0 z0

From tinyG: [13:20:43] tinyg [mm] ok> 

From tinyG: [13:20:43] tinyg [mm] ok> 

From tinyG: [13:20:43] posa:-1.461,vel:10000.00,stat:5

From tinyG: [13:20:44] posa:-29.613,vel:1627.20

From tinyG: [13:20:44] posz:-7.410,posa:-30.000,vel:800.00

From tinyG: [13:20:44] posz:-4.734

From tinyG: [13:20:44] posz:-2.058

From tinyG: [13:20:44] posz:-0.002,vel:19.52

From tinyG: [13:20:45] posz:0.000,vel:0.00,stat:3

Out > [13:20:45] $di1fn=2

Out > [13:20:45] g90 g0 a-15

Out > [13:20:45] g90 g0 a-10

From tinyG: [13:20:45] [di1fn] input function          2 [0=none,1=limit,2=interlock,3=shutdown]

From tinyG: [13:20:45] tinyg [mm] ok> 

From tinyG: [13:20:45] tinyg [mm] ok> 

From tinyG: [13:20:45] tinyg [mm] ok> 

From tinyG: [13:20:45] posa:-13.775,vel:5721.53,stat:5

From tinyG: [13:20:45] posa:-10.000,vel:0.00,stat:3

Out > [13:20:45] g90 g0 a-15

Out > [13:20:45] g91 g1 a30 f250

From tinyG: [13:20:45] tinyg [mm] ok> 

From tinyG: [13:20:45] tinyg [mm] ok> 

From tinyG: [13:20:45] posa:-14.863,vel:250.00,dist:1,momo:1,stat:5

From tinyG: [13:20:45] posa:-14.025

From tinyG: [13:20:46] posa:-13.188

From tinyG: [13:20:46] posa:-12.356

From tinyG: [13:20:46] posa:-11.519

From tinyG: [13:20:46] posa:-10.675

From tinyG: [13:20:46] posa:-9.838

From tinyG: [13:20:47] posa:-9.007

From tinyG: [13:20:47] posa:-8.169

From tinyG: [13:20:47] posa:-7.326

From tinyG: [13:20:47] posa:-6.488

From tinyG: [13:20:47] posa:-5.657

From tinyG: [13:20:48] posa:-4.820

From tinyG: [13:20:48] posa:-3.976

From tinyG: [13:20:48] posa:-3.139

From tinyG: [13:20:48] posa:-2.307

From tinyG: [13:20:49] posa:-1.470

From tinyG: [13:20:49] posa:-0.639

From tinyG: [13:20:49] posa:-0.035,vel:0.00,stat:6

From tinyG: [13:20:49] tinyg [mm] ok> 

From tinyG: [13:20:49] stat:3

From tinyG: [13:20:49] [di1fn] input function          0 [0=none,1=limit,2=interlock,3=shutdown]

From tinyG: [13:20:49] tinyg [mm] ok> 

From tinyG: [13:20:49] A position:         -0.035 deg

From tinyG: [13:20:49] tinyg [mm] ok> 

Out > [13:20:49] g90 g0 z-5

Out > [13:20:49] g90 g0 z1

From tinyG: [13:20:49] tinyg [mm] ok> 

From tinyG: [13:20:49] tinyg [mm] ok> 

From tinyG: [13:20:49] posz:-1.818,vel:800.00,dist:0,momo:0,stat:5

From tinyG: [13:20:49] posz:-4.483,vel:734.21

From tinyG: [13:20:50] posz:-4.234,vel:795.19

From tinyG: [13:20:50] posz:-1.578,vel:800.00

From tinyG: [13:20:50] posz:0.910,vel:322.08

From tinyG: [13:20:50] posz:1.000,vel:0.00,stat:3

Out > [13:20:50] g90 g0 z0

Out > [13:20:50] EOF

Out > [13:20:50] !%~

From tinyG: [13:20:50] tinyg [mm] ok> 

From tinyG: [13:30:38] stat:6

