[12:53:03] Starting Log file for session: 20201029-12533

From tinyG: [12:53:04] {"r":{"fv":0.98,"fb":86.03,"hp":3,"hv":0,"id":"0213-0215-0515","msg":"SYSTEM READY"},"f":[1,0,1]}

From tinyG: [12:53:04] tinyg [mm] ok> 

From tinyG: [12:53:04] [ej]  enable json mode            0 [0=text,1=JSON]

From tinyG: [12:53:04] tinyg [mm] ok> 

Out > [12:53:07] $di1fn=2

Out > [12:53:07] g90 g0 a-25

Out > [12:53:07] g90 g0 a-20

From tinyG: [12:53:07] [di1fn] input function          2 [0=none,1=limit,2=interlock,3=shutdown]

From tinyG: [12:53:07] tinyg [mm] ok> 

From tinyG: [12:53:07] tinyg [mm] ok> 

From tinyG: [12:53:07] tinyg [mm] ok> 

From tinyG: [12:53:08] posa:-20.671,vel:7360.10,dist:0,momo:0,stat:5

From tinyG: [12:53:08] posa:-20.296,vel:1456.54

From tinyG: [12:53:08] posa:-20.000,vel:0.00,stat:3

Out > [12:53:08] g90 g0 a-25

Out > [12:53:08] g91 g1 a30 f250

From tinyG: [12:53:08] tinyg [mm] ok> 

From tinyG: [12:53:08] tinyg [mm] ok> 

From tinyG: [12:53:08] posa:-24.863,vel:250.00,dist:1,momo:1,stat:5

From tinyG: [12:53:08] posa:-24.031

From tinyG: [12:53:09] posa:-23.200

From tinyG: [12:53:09] posa:-22.363

From tinyG: [12:53:09] posa:-21.532

From tinyG: [12:53:09] posa:-20.689

From tinyG: [12:53:09] posa:-19.851

From tinyG: [12:53:10] posa:-19.020

From tinyG: [12:53:10] posa:-18.183

From tinyG: [12:53:10] posa:-17.339

From tinyG: [12:53:10] posa:-16.502

From tinyG: [12:53:10] posa:-15.671

From tinyG: [12:53:11] posa:-14.834

From tinyG: [12:53:11] posa:-13.990

From tinyG: [12:53:11] posa:-13.152

From tinyG: [12:53:11] posa:-12.321

From tinyG: [12:53:11] posa:-11.484

From tinyG: [12:53:12] posa:-10.640

From tinyG: [12:53:12] posa:-9.803

From tinyG: [12:53:12] posa:-8.972

From tinyG: [12:53:12] posa:-8.134

From tinyG: [12:53:12] posa:-7.303

From tinyG: [12:53:13] posa:-6.466

From tinyG: [12:53:13] posa:-5.634

From tinyG: [12:53:13] posa:-4.797

From tinyG: [12:53:13] posa:-3.966

From tinyG: [12:53:13] posa:-3.128

From tinyG: [12:53:14] posa:-2.285

From tinyG: [12:53:14] posa:-1.447

From tinyG: [12:53:14] posa:-0.616

From tinyG: [12:53:14] posa:0.062,vel:0.00,stat:6

Out > [12:53:14] !%~
From tinyG: [12:53:14] stat:3

