[17:10:55] Starting Log file for session: 2020724-171055

From tinyG: [17:10:56] {r:{fv:0.98,fb:86.03,hp:3,hv:0,id:"0213-0215-0515",msg:"SYSTEM READY"},f:[1,0,1]}

From tinyG: [17:10:56] tinyg [mm] ok> 

From tinyG: [17:10:56] [ej]  enable json mode            0 [0=text,1=JSON]

From tinyG: [17:10:56] tinyg [mm] ok> 

Out > [17:10:58] G90 G0 Z-12

Out > [17:10:58] G28.2 A0

From tinyG: [17:10:58] tinyg [mm] ok> 

From tinyG: [17:10:58] tinyg [mm] ok> 

From tinyG: [17:10:58] line:0,posx:0.000,posy:0.000,posz:-12.000,posa:31.333,feed:5000.00,vel:5000.00,unit:1,coor:0,dist:1,admo:1,frmo:1,momo:1,stat:9

Out > [17:10:58] G91 G0 A30

From tinyG: [17:10:58] posa:52.207,feed:5000.00,vel:5000.00,stat:9

From tinyG: [17:10:59] posa:72.957

From tinyG: [17:10:59] posa:93.957

From tinyG: [17:10:59] posa:114.832

From tinyG: [17:10:59] posa:135.707

From tinyG: [17:11:00] posa:156.582

From tinyG: [17:11:00] posa:177.457

From tinyG: [17:11:00] posa:198.332

From tinyG: [17:11:00] posa:219.207

From tinyG: [17:11:01] posa:240.082

From tinyG: [17:11:01] posa:260.957

From tinyG: [17:11:01] posa:281.832

From tinyG: [17:11:01] posa:302.582

From tinyG: [17:11:02] posa:323.582

From tinyG: [17:11:02] posa:344.457

From tinyG: [17:11:02] posa:364.230,vel:1754.85

From tinyG: [17:11:02] posa:355.878,vel:5000.00

From tinyG: [17:11:03] posa:344.595,feed:500.00,vel:186.87

From tinyG: [17:11:03] posa:346.649,vel:500.00

From tinyG: [17:11:03] posa:348.733

From tinyG: [17:11:03] posa:350.818

From tinyG: [17:11:04] posa:352.902

From tinyG: [17:11:04] posa:354.987

From tinyG: [17:11:04] posa:357.071

From tinyG: [17:11:04] posa:359.155

From tinyG: [17:11:05] tinyg [mm] ok> 

From tinyG: [17:11:05] posa:2.962,feed:250.00,vel:6526.90,momo:0,stat:5

From tinyG: [17:11:05] posa:30.000,vel:0.00,stat:3

Out > [17:11:05] $di1fn=2

Out > [17:11:05] G91 G0 A1

Out > [17:11:05] G91 G1 A-30 F250

From tinyG: [17:11:05] [di1fn] input function          2 [0=none,1=limit,2=interlock,3=shutdown]

From tinyG: [17:11:05] tinyg [mm] ok> 

From tinyG: [17:11:05] tinyg [mm] ok> 

From tinyG: [17:11:05] tinyg [mm] ok> 

From tinyG: [17:11:05] posa:30.415,vel:250.00,momo:1,stat:5

From tinyG: [17:11:06] posa:29.371

From tinyG: [17:11:06] posa:28.334

From tinyG: [17:11:06] posa:27.284

From tinyG: [17:11:06] posa:26.240

From tinyG: [17:11:07] posa:25.196

From tinyG: [17:11:07] posa:24.152

From tinyG: [17:11:07] posa:23.108

From tinyG: [17:11:07] posa:22.064

From tinyG: [17:11:08] posa:21.021

From tinyG: [17:11:08] posa:19.977

From tinyG: [17:11:08] posa:19.029,vel:0.00,stat:6

Out > [17:11:08] $posa

From tinyG: [17:11:08] tinyg [mm] ok> 

From tinyG: [17:11:08] stat:3

From tinyG: [17:11:08] A position:         19.029 deg

From tinyG: [17:11:08] tinyg [mm] ok> 

Out > [17:11:08] $di1fn=0

Out > [17:11:08] G91 G0 A0

Out > [17:11:08] G91 G0 A9.5145
From tinyG: [17:11:08] [di1fn] input function          0 [0=none,1=limit,2=interlock,3=shutdown]

From tinyG: [17:11:08] tinyg [mm] ok> 

From tinyG: [17:11:08] tinyg [mm] ok> 

From tinyG: [17:11:08] line:0,posx:0.000,posy:0.000,posz:-12.000,posa:19.029,feed:250.00,vel:0.00,unit:1,coor:0,dist:1,admo:1,frmo:1,momo:0,stat:3

From tinyG: [17:11:45] momo:0,stat:3

