[18:51:33] Starting Log file for session: 2020724-185133

From tinyG: [18:51:34] {r:{fv:0.98,fb:86.03,hp:3,hv:0,id:"0213-0215-0515",msg:"SYSTEM READY"},f:[1,0,1]}

From tinyG: [18:51:34] tinyg [mm] ok> 

From tinyG: [18:51:34] [ej]  enable json mode            0 [0=text,1=JSON]

From tinyG: [18:51:34] tinyg [mm] ok> 

Out > [18:51:36] G28.2 X0

From tinyG: [18:51:36] tinyg [mm] ok> 

From tinyG: [18:51:36] posx:2.408,feed:1000.00,vel:42.04,coor:0,dist:1,momo:1,stat:9

From tinyG: [18:51:37] posx:-1.512,vel:1000.00

From tinyG: [18:51:37] posx:-2.418,feed:100.00,vel:100.00

From tinyG: [18:51:37] posx:-2.001

From tinyG: [18:51:37] posx:-1.583

From tinyG: [18:51:38] posx:-1.166

From tinyG: [18:51:38] posx:-0.751

From tinyG: [18:51:38] posx:-0.331

From tinyG: [18:51:38] posx:0.086

From tinyG: [18:51:39] posx:0.503

From tinyG: [18:51:39] posx:0.921

From tinyG: [18:51:39] posx:1.336

From tinyG: [18:51:39] posx:1.755

From tinyG: [18:51:40] posx:1.645,feed:1000.00,vel:998.95

From tinyG: [18:51:40] posx:0.000,feed:0.00,vel:0.00,coor:1,dist:0,momo:4,stat:3

Out > [18:51:45] G28.2 Z0

From tinyG: [18:51:45] tinyg [mm] ok> 

From tinyG: [18:51:46] posz:-3.805,feed:1000.00,vel:1000.00,coor:0,dist:1,momo:1,stat:9

From tinyG: [18:51:46] posz:-7.979

From tinyG: [18:51:46] posz:-12.179

From tinyG: [18:51:46] posz:-16.353

From tinyG: [18:51:47] posz:-20.528

From tinyG: [18:51:47] posz:-24.703

From tinyG: [18:51:47] posz:-28.852

From tinyG: [18:51:47] posz:-33.052

From tinyG: [18:51:48] posz:-37.227

From tinyG: [18:51:48] posz:-41.401

From tinyG: [18:51:48] posz:-45.576

From tinyG: [18:51:48] posz:-49.725

From tinyG: [18:51:49] posz:-49.228

From tinyG: [18:51:49] posz:-45.755,vel:0.04

From tinyG: [18:51:49] posz:-46.162,feed:100.00,vel:100.00

From tinyG: [18:51:49] posz:-46.579

From tinyG: [18:51:50] posz:-46.997

From tinyG: [18:51:50] posz:-47.414

From tinyG: [18:51:50] posz:-47.831

From tinyG: [18:51:50] posz:-48.248

From tinyG: [18:51:51] posz:-48.666

From tinyG: [18:51:51] posz:-49.083

From tinyG: [18:51:51] posz:-49.500

From tinyG: [18:51:51] posz:-49.917

From tinyG: [18:51:52] posz:-50.302,vel:0.00

From tinyG: [18:51:52] posz:-46.497,feed:1000.00,vel:1000.00

From tinyG: [18:51:52] posz:-42.298

From tinyG: [18:51:53] posz:-38.123

From tinyG: [18:51:53] posz:-33.948

From tinyG: [18:51:53] posz:-29.774

From tinyG: [18:51:53] posz:-25.599

From tinyG: [18:51:54] posz:-21.450

From tinyG: [18:51:54] posz:-17.250

From tinyG: [18:51:54] posz:-13.075

From tinyG: [18:51:54] posz:-8.901

From tinyG: [18:51:55] posz:-4.726

From tinyG: [18:51:55] posz:-0.576

From tinyG: [18:51:55] posz:0.000,feed:0.00,vel:0.00,coor:1,dist:0,momo:4,stat:3

Out > [18:52:02] G90 G0 Z-12

Out > [18:52:02] G28.2 A0

From tinyG: [18:52:02] tinyg [mm] ok> 

From tinyG: [18:52:02] tinyg [mm] ok> 

From tinyG: [18:52:03] posz:-11.293,vel:2083.77,momo:0,stat:9

From tinyG: [18:52:03] posz:-12.000,posa:-6.845,feed:5000.00,vel:5000.00,coor:0,dist:1,momo:1

Out > [18:52:03] G91 G0 A30

From tinyG: [18:52:03] posa:-20.000,vel:0.01

From tinyG: [18:52:03] posa:-3.253,vel:5000.00

From tinyG: [18:52:04] posa:2.039,vel:3743.17

From tinyG: [18:52:04] posa:-16.431,vel:640.67

From tinyG: [18:52:04] posa:-15.196,feed:500.00,vel:500.00

From tinyG: [18:52:04] posa:-13.109

From tinyG: [18:52:05] posa:-11.022

From tinyG: [18:52:05] posa:-8.936

From tinyG: [18:52:05] posa:-6.849

From tinyG: [18:52:05] posa:-4.762

From tinyG: [18:52:06] posa:-2.675

From tinyG: [18:52:06] tinyg [mm] ok> 

From tinyG: [18:52:06] posa:0.000,vel:0.00,stat:5

From tinyG: [18:52:06] posa:29.019,feed:1000.00,vel:3470.70,momo:0

From tinyG: [18:52:06] posa:30.000,vel:0.00,stat:3

Out > [18:52:06] $di1fn=2

Out > [18:52:06] G91 G0 A1

Out > [18:52:06] G91 G1 A-30 F250

From tinyG: [18:52:06] [di1fn] input function          2 [0=none,1=limit,2=interlock,3=shutdown]

From tinyG: [18:52:06] tinyg [mm] ok> 

From tinyG: [18:52:06] tinyg [mm] ok> 

From tinyG: [18:52:06] tinyg [mm] ok> 

From tinyG: [18:52:07] posa:30.415,feed:250.00,vel:250.00,momo:1,stat:5

From tinyG: [18:52:07] posa:29.371

From tinyG: [18:52:07] posa:28.327

From tinyG: [18:52:07] posa:27.284

From tinyG: [18:52:08] posa:26.240

From tinyG: [18:52:08] posa:25.196

From tinyG: [18:52:08] posa:24.152

From tinyG: [18:52:08] posa:23.108

From tinyG: [18:52:09] posa:22.064

From tinyG: [18:52:09] posa:21.021

From tinyG: [18:52:09] posa:19.977

From tinyG: [18:52:09] posa:19.179,vel:0.00,stat:6

Out > [18:52:09] $posa

From tinyG: [18:52:09] tinyg [mm] ok> 

From tinyG: [18:52:09] stat:3

From tinyG: [18:52:09] A position:         19.179 deg

From tinyG: [18:52:09] tinyg [mm] ok> 

Out > [18:52:09] $di1fn=0

Out > [18:52:09] G91 G0 A0

Out > [18:52:09] G90 G0 A9.5895
From tinyG: [18:52:09] [di1fn] input function          0 [0=none,1=limit,2=interlock,3=shutdown]

From tinyG: [18:52:09] tinyg [mm] ok> 

From tinyG: [18:52:09] tinyg [mm] ok> 

From tinyG: [18:52:10] line:0,posx:0.000,posy:0.000,posz:-12.000,posa:19.179,feed:250.00,vel:0.00,unit:1,coor:0,dist:1,admo:1,frmo:1,momo:0,stat:3

From tinyG: [18:52:19] momo:0,stat:3

From tinyG: [18:52:56] stat:3

From tinyG: [18:53:11] stat:3

From tinyG: [18:53:12] stat:3

From tinyG: [18:53:12] stat:3

From tinyG: [18:53:13] stat:3

From tinyG: [18:53:16] stat:3

From tinyG: [18:53:16] stat:3

From tinyG: [18:53:17] stat:3

