[12:43:18] Starting Log file for session: 20201030-124318

From tinyG: [12:43:19] {"r":{"fv":0.98,"fb":86.03,"hp":3,"hv":0,"id":"0213-0215-0515","msg":"SYSTEM READY"},"f":[1,0,1]}

From tinyG: [12:43:19] tinyg [mm] ok> 

From tinyG: [12:43:19] [ej]  enable json mode            0 [0=text,1=JSON]

From tinyG: [12:43:19] tinyg [mm] ok> 

From tinyG: [12:43:20] stat:3

From tinyG: [12:43:21] stat:3

From tinyG: [12:43:22] stat:3

Out > [12:43:22] g28.2a0

Out > [12:43:22] $di1fn=0

Out > [12:43:35] g90 g0 a30

From tinyG: [12:43:35] tinyg [mm] ok> 

From tinyG: [12:43:35] posa:5.649,feed:2000.00,vel:2000.00,coor:0,dist:1,momo:1,stat:9

From tinyG: [12:43:35] posa:12.299

From tinyG: [12:43:35] posa:18.999

From tinyG: [12:43:35] posa:25.649

From tinyG: [12:43:35] posa:32.348

From tinyG: [12:43:35] posa:38.998

From tinyG: [12:43:35] posa:45.698

From tinyG: [12:43:35] posa:52.348

From tinyG: [12:43:35] posa:59.048

From tinyG: [12:43:35] posa:65.698

From tinyG: [12:43:35] posa:72.398

From tinyG: [12:43:35] posa:79.049

From tinyG: [12:43:35] posa:85.749

From tinyG: [12:43:35] posa:92.400

From tinyG: [12:43:35] posa:99.100

From tinyG: [12:43:35] posa:105.751

From tinyG: [12:43:35] posa:112.451

From tinyG: [12:43:35] posa:119.101

From tinyG: [12:43:35] posa:125.802

From tinyG: [12:43:35] posa:132.452

From tinyG: [12:43:35] posa:139.153

From tinyG: [12:43:35] posa:145.803

From tinyG: [12:43:35] posa:152.553

From tinyG: [12:43:35] posa:159.254

From tinyG: [12:43:35] posa:165.904

From tinyG: [12:43:35] posa:172.605

From tinyG: [12:43:35] posa:179.355

From tinyG: [12:43:35] posa:186.055

From tinyG: [12:43:35] posa:192.706

From tinyG: [12:43:35] posa:199.406

From tinyG: [12:43:35] posa:206.157

From tinyG: [12:43:35] posa:212.857

From tinyG: [12:43:35] posa:219.507

From tinyG: [12:43:35] posa:226.208

From tinyG: [12:43:35] posa:232.958

From tinyG: [12:43:35] posa:239.659

From tinyG: [12:43:35] posa:246.309

From tinyG: [12:43:35] posa:253.010

From tinyG: [12:43:35] posa:259.659

From tinyG: [12:43:35] posa:266.357

From tinyG: [12:43:35] posa:273.105

From tinyG: [12:43:35] posa:279.804

From tinyG: [12:43:35] posa:286.452

From tinyG: [12:43:35] posa:293.151

From tinyG: [12:43:35] posa:299.799

From tinyG: [12:43:35] posa:306.497

From tinyG: [12:43:35] posa:313.146

From tinyG: [12:43:35] posa:319.844

From tinyG: [12:43:35] posa:326.492

From tinyG: [12:43:35] posa:333.191

From tinyG: [12:43:35] posa:339.839

From tinyG: [12:43:35] posa:346.538

From tinyG: [12:43:35] posa:353.186

From tinyG: [12:43:35] posa:359.884

From tinyG: [12:43:35] posa:359.737

From tinyG: [12:43:35] posa:353.079

From tinyG: [12:43:35] posa:351.451,feed:300.00,vel:300.00

From tinyG: [12:43:35] posa:352.450

From tinyG: [12:43:35] posa:353.448

From tinyG: [12:43:35] posa:354.454

From tinyG: [12:43:35] posa:355.453

From tinyG: [12:43:35] posa:356.459

From tinyG: [12:43:35] posa:357.457

From tinyG: [12:43:35] posa:358.463

From tinyG: [12:43:35] posa:359.462

From tinyG: [12:43:35] [di1fn] input function          0 [0=none,1=limit,2=interlock,3=shutdown]

From tinyG: [12:43:35] tinyg [mm] ok> 

From tinyG: [12:43:35] tinyg [mm] ok> 

Out > [12:43:35] g90 g0 a-20 z-9

From tinyG: [12:43:35] tinyg [mm] ok> 

From tinyG: [12:43:35] posa:0.022,feed:250.00,vel:216.43,coor:1,dist:0,momo:0,stat:5

Out > [12:43:35] g90 g0 a30

From tinyG: [12:43:35] tinyg [mm] ok> 

From tinyG: [12:43:35] posa:24.636,vel:8450.06

From tinyG: [12:43:35] posz:-0.469,posa:27.394,vel:4102.06

From tinyG: [12:43:36] posz:-3.118,posa:12.680,vel:4515.87

From tinyG: [12:43:36] posz:-5.795,posa:-2.196

From tinyG: [12:43:36] posz:-8.444,posa:-16.910,vel:4176.66

From tinyG: [12:43:36] posz:-9.000,posa:-10.904,vel:9725.93

From tinyG: [12:43:36] posa:22.624,vel:9489.58

From tinyG: [12:43:37] posa:30.000,vel:0.00,stat:3

Out > [12:43:37] g90 g0 z0

Out > [12:43:37] g90 g0 a-30

From tinyG: [12:43:37] tinyg [mm] ok> 

From tinyG: [12:43:37] tinyg [mm] ok> 

From tinyG: [12:43:37] posz:-7.162,vel:800.00,stat:5

From tinyG: [12:43:37] posz:-4.506

From tinyG: [12:43:37] posz:-1.829

From tinyG: [12:43:37] posz:0.000,posa:29.909,vel:418.28

From tinyG: [12:43:38] posa:4.921,vel:10000.00

From tinyG: [12:43:38] posa:-27.370,vel:6148.01

From tinyG: [12:43:38] posa:-30.000,vel:0.00,stat:3

Out > [12:43:38] g90 g0 a20 z-9

Out > [12:43:38] g90 g0 a-30

From tinyG: [12:43:38] tinyg [mm] ok> 

From tinyG: [12:43:38] tinyg [mm] ok> 

From tinyG: [12:43:38] posz:-1.819,posa:-19.896,vel:4515.87,stat:5

From tinyG: [12:43:39] posz:-4.496,posa:-5.020

From tinyG: [12:43:39] posz:-7.154,posa:9.745

From tinyG: [12:43:39] posz:-9.000,posa:19.716,vel:1119.81

From tinyG: [12:43:39] posa:-6.012,vel:10000.00

From tinyG: [12:43:39] posa:-29.991,vel:138.40

From tinyG: [12:43:40] posa:-30.000,vel:0.00,stat:3

Out > [12:43:40] g90 g0 z0

Out > [12:43:40] $di1fn=2

Out > [12:43:40] g90 g0 a-15

From tinyG: [12:43:40] tinyg [mm] ok> 

From tinyG: [12:43:40] {"er":{"fb":86.03,"st":9,"msg":"File not open - write_persistent"}}

From tinyG: [12:43:40] [di1fn] input function          2 [0=none,1=limit,2=interlock,3=shutdown]

From tinyG: [12:43:40] tinyg [mm] ok> 

From tinyG: [12:43:40] tinyg [mm] ok> 

From tinyG: [12:43:40] posz:-7.182,vel:800.00,stat:5

From tinyG: [12:43:40] posz:-4.506

From tinyG: [12:43:40] posz:-1.809

From tinyG: [12:43:40] posz:0.000,posa:-29.892,vel:503.18

From tinyG: [12:43:41] posa:-15.032,vel:349.30

From tinyG: [12:43:41] posa:-15.000,vel:0.00,stat:3

Out > [12:43:41] g90 g0 a-10

Out > [12:43:41] g90 g0 a-15

From tinyG: [12:43:41] tinyg [mm] ok> 

From tinyG: [12:43:41] tinyg [mm] ok> 

From tinyG: [12:43:41] posa:-11.115,vel:2609.07,stat:5

From tinyG: [12:43:41] posa:-15.000,vel:0.00,stat:3

Out > [12:43:41] g91 g1 a30 f250

Out > [12:43:41] g90 g0 z-5

From tinyG: [12:43:41] tinyg [mm] ok> 

From tinyG: [12:43:41] tinyg [mm] ok> 

From tinyG: [12:43:42] posa:-14.209,vel:250.00,dist:1,momo:1,stat:5

From tinyG: [12:43:42] posa:-13.365

From tinyG: [12:43:42] posa:-12.528

From tinyG: [12:43:42] posa:-11.697

From tinyG: [12:43:42] posa:-10.859

From tinyG: [12:43:43] posa:-10.028

From tinyG: [12:43:43] posa:-9.191

From tinyG: [12:43:43] posa:-8.347

From tinyG: [12:43:43] posa:-7.509

From tinyG: [12:43:43] posa:-6.678

From tinyG: [12:43:44] posa:-5.841

From tinyG: [12:43:44] posa:-4.997

From tinyG: [12:43:44] posa:-4.160

From tinyG: [12:43:44] posa:-3.329

From tinyG: [12:43:44] posa:-2.492

From tinyG: [12:43:45] posa:-1.660

From tinyG: [12:43:45] posa:-0.823

From tinyG: [12:43:45] posa:-0.008,vel:56.39,stat:6

From tinyG: [12:43:45] [di1fn] input function          0 [0=none,1=limit,2=interlock,3=shutdown]

From tinyG: [12:43:45] tinyg [mm] ok> 

Out > [12:43:45] g90 g0 z1

Out > [12:43:45] g90 g0 z0

From tinyG: [12:43:45] A position:         -0.007 deg

From tinyG: [12:43:45] tinyg [mm] ok> 

From tinyG: [12:43:45] tinyg [mm] ok> 

From tinyG: [12:43:45] tinyg [mm] ok> 

From tinyG: [12:43:45] posz:0.022,posa:-0.007,vel:121.22,dist:0,momo:0,stat:5

From tinyG: [12:43:45] posz:0.935,vel:182.63

From tinyG: [12:43:46] posz:0.000,vel:0.00,stat:3

Out > [12:43:46] EOF

Out > [12:43:46] !%~

Out > [12:43:46] g28.2a0

From tinyG: [12:43:46] tinyg [mm] ok> 

From tinyG: [12:43:46] tinyg [mm] ok> 

From tinyG: [12:43:46] posa:-5.653,feed:2000.00,vel:2000.00,coor:0,dist:1,momo:1,stat:9

Out > [12:43:46] $di1fn=0

Out > [12:43:49] g90 g0 a30

From tinyG: [12:43:49] posa:-10.007,vel:0.03

From tinyG: [12:43:49] posa:-4.332,vel:2000.00

From tinyG: [12:43:49] posa:1.242,vel:0.03

From tinyG: [12:43:49] vel:0.00

From tinyG: [12:43:49] posa:-4.404,vel:2000.00

From tinyG: [12:43:49] posa:-8.758,vel:0.03

From tinyG: [12:43:49] posa:-7.811,feed:300.00,vel:300.00

From tinyG: [12:43:49] posa:-6.806

From tinyG: [12:43:49] posa:-5.801

From tinyG: [12:43:49] posa:-4.804

From tinyG: [12:43:49] posa:-3.799

From tinyG: [12:43:49] posa:-2.802

From tinyG: [12:43:49] posa:-1.797

From tinyG: [12:43:49] posa:-0.800

From tinyG: [12:43:49] [di1fn] input function          0 [0=none,1=limit,2=interlock,3=shutdown]

From tinyG: [12:43:49] tinyg [mm] ok> 

From tinyG: [12:43:49] tinyg [mm] ok> 

From tinyG: [12:43:49] posa:0.000,vel:0.00,stat:5

From tinyG: [12:43:49] posa:21.432,feed:250.00,vel:9783.57,coor:1,dist:0,momo:0

Out > [12:43:49] g90 g0 a-20 z-9

From tinyG: [12:43:49] tinyg [mm] ok> 

From tinyG: [12:43:49] posz:-0.242,posa:28.657,vel:3073.27

From tinyG: [12:43:49] posz:-2.834,posa:14.253,vel:4515.87

From tinyG: [12:43:50] posz:-5.507,posa:-0.596

From tinyG: [12:43:50] posz:-8.160,posa:-15.335,vel:4515.86

From tinyG: [12:43:50] posz:-9.000,posa:-20.000,vel:0.00,stat:3

Out > [12:43:50] g90 g0 a30

Out > [12:43:50] g90 g0 z0

From tinyG: [12:43:50] tinyg [mm] ok> 

From tinyG: [12:43:50] tinyg [mm] ok> 

From tinyG: [12:43:50] posa:1.461,vel:10000.00,stat:5

From tinyG: [12:43:51] posa:29.613,vel:1627.20

From tinyG: [12:43:51] posz:-7.410,posa:30.000,vel:800.00

From tinyG: [12:43:51] posz:-4.734

From tinyG: [12:43:51] posz:-2.058

From tinyG: [12:43:51] posz:-0.002,vel:19.52

From tinyG: [12:43:52] posz:0.000,vel:0.00,stat:3

Out > [12:43:52] g90 g0 a-30

Out > [12:43:52] g90 g0 a20 z-9

From tinyG: [12:43:52] tinyg [mm] ok> 

From tinyG: [12:43:52] tinyg [mm] ok> 

From tinyG: [12:43:52] posa:8.501,vel:10000.00,stat:5

From tinyG: [12:43:52] posa:-24.512,vel:8278.45

From tinyG: [12:43:52] posz:-0.847,posa:-25.294,vel:4509.22

From tinyG: [12:43:52] posz:-3.504,posa:-10.531,vel:4515.87

From tinyG: [12:43:53] posz:-6.182,posa:4.345

From tinyG: [12:43:53] posz:-8.772,posa:18.733,vel:3073.27

From tinyG: [12:43:53] posz:-9.000,posa:20.000,vel:0.00,stat:3

Out > [12:43:53] g90 g0 a-30

Out > [12:43:53] g90 g0 z0

From tinyG: [12:43:53] tinyg [mm] ok> 

From tinyG: [12:43:53] tinyg [mm] ok> 

From tinyG: [12:43:53] posa:-1.461,vel:10000.00,stat:5

From tinyG: [12:43:53] posa:-29.613,vel:1627.20

From tinyG: [12:43:54] posz:-7.410,posa:-30.000,vel:800.00

From tinyG: [12:43:54] posz:-4.734

From tinyG: [12:43:54] posz:-2.058

From tinyG: [12:43:54] posz:-0.002,vel:24.12

From tinyG: [12:43:54] posz:0.000,vel:0.00,stat:3

Out > [12:43:54] $di1fn=2

Out > [12:43:55] g90 g0 a-15

Out > [12:43:55] g90 g0 a-10

From tinyG: [12:43:55] [di1fn] input function          2 [0=none,1=limit,2=interlock,3=shutdown]

From tinyG: [12:43:55] tinyg [mm] ok> 

From tinyG: [12:43:55] tinyg [mm] ok> 

From tinyG: [12:43:55] tinyg [mm] ok> 

From tinyG: [12:43:55] posa:-13.775,vel:5721.53,stat:5

From tinyG: [12:43:55] posa:-10.000,vel:0.00,stat:3

Out > [12:43:55] g90 g0 a-15

Out > [12:43:55] g91 g1 a30 f250

From tinyG: [12:43:55] tinyg [mm] ok> 

From tinyG: [12:43:55] tinyg [mm] ok> 

From tinyG: [12:43:55] posa:-14.863,vel:250.00,dist:1,momo:1,stat:5

From tinyG: [12:43:55] posa:-14.025

From tinyG: [12:43:56] posa:-13.188

From tinyG: [12:43:56] posa:-12.350

From tinyG: [12:43:56] posa:-11.519

From tinyG: [12:43:56] posa:-10.675

From tinyG: [12:43:56] posa:-9.838

From tinyG: [12:43:57] posa:-9.007

From tinyG: [12:43:57] posa:-8.169

From tinyG: [12:43:57] posa:-7.326

From tinyG: [12:43:57] posa:-6.488

From tinyG: [12:43:57] posa:-5.657

From tinyG: [12:43:58] posa:-4.820

From tinyG: [12:43:58] posa:-3.976

From tinyG: [12:43:58] posa:-3.139

From tinyG: [12:43:58] posa:-2.307

From tinyG: [12:43:58] posa:-1.470

From tinyG: [12:43:59] posa:-0.626

From tinyG: [12:43:59] posa:-0.035,vel:0.00,stat:6

From tinyG: [12:43:59] tinyg [mm] ok> 

From tinyG: [12:43:59] stat:3

From tinyG: [12:43:59] [di1fn] input function          0 [0=none,1=limit,2=interlock,3=shutdown]

From tinyG: [12:43:59] tinyg [mm] ok> 

From tinyG: [12:43:59] A position:         -0.035 deg

From tinyG: [12:43:59] tinyg [mm] ok> 

Out > [12:43:59] g90 g0 z-5

Out > [12:43:59] g90 g0 z1

From tinyG: [12:43:59] tinyg [mm] ok> 

From tinyG: [12:43:59] tinyg [mm] ok> 

From tinyG: [12:43:59] posz:-1.818,vel:800.00,dist:0,momo:0,stat:5

From tinyG: [12:43:59] posz:-4.483,vel:734.21

From tinyG: [12:44:00] posz:-4.234,vel:795.19

From tinyG: [12:44:00] posz:-1.578,vel:800.00

From tinyG: [12:44:00] posz:0.910,vel:322.08

From tinyG: [12:44:00] posz:1.000,vel:0.00,stat:3

Out > [12:44:00] g90 g0 z0

Out > [12:44:00] EOF

Out > [12:44:00] !%~

From tinyG: [12:44:00] tinyg [mm] ok> 

