[16:28:35] Starting Log file for session: 2020724-162835

From tinyG: [16:28:36] {r:{fv:0.98,fb:86.03,hp:3,hv:0,id:"0213-0215-0515",msg:"SYSTEM READY"},f:[1,0,1]}

From tinyG: [16:28:36] tinyg [mm] ok> 

From tinyG: [16:28:36] [ej]  enable json mode            0 [0=text,1=JSON]

From tinyG: [16:28:36] tinyg [mm] ok> 

Out > [16:28:38] G90 G0 Z-12

Out > [16:28:38] G28.2 A0

From tinyG: [16:28:38] tinyg [mm] ok> 

From tinyG: [16:28:38] tinyg [mm] ok> 

From tinyG: [16:28:39] posz:-0.165,posa:6.181,feed:5000.00,vel:5000.00,momo:1,stat:9

From tinyG: [16:28:39] posa:-7.221,vel:0.01

From tinyG: [16:28:39] posa:4.775,vel:0.00

From tinyG: [16:28:39] posa:-11.974,vel:4943.52

From tinyG: [16:28:40] posa:-14.454,feed:500.00,vel:500.00

From tinyG: [16:28:40] posa:-12.367

From tinyG: [16:28:40] posa:-10.280

From tinyG: [16:28:40] posa:-8.193

From tinyG: [16:28:41] posa:-6.106

From tinyG: [16:28:41] posa:-4.020

From tinyG: [16:28:41] posa:-1.945

From tinyG: [16:28:41] posa:0.096,vel:110.61

From tinyG: [16:28:42] posa:0.000,feed:1000.00,vel:0.00,momo:4,stat:3

Out > [16:28:42] G91 G0 A30

Out > [16:28:42] $di1fn=2

Out > [16:28:42] G91 G0 A1

From tinyG: [16:28:42] tinyg [mm] ok> 

From tinyG: [16:28:42] {er:{fb:86.03,st:9,msg:"File not open - write_persistent"}}

From tinyG: [16:28:42] [di1fn] input function          2 [0=none,1=limit,2=interlock,3=shutdown]

From tinyG: [16:28:42] tinyg [mm] ok> 

From tinyG: [16:28:42] tinyg [mm] ok> 

Out > [16:28:42] $di1ac=2

Out > [16:28:42] G91 G1 A-30 F250

From tinyG: [16:28:42] {er:{fb:86.03,st:9,msg:"File not open - write_persistent"}}

From tinyG: [16:28:42] [di1ac] input action            2 [0=none,1=stop,2=halt,3=stop_steps,4=panic,5=reset]

From tinyG: [16:28:42] tinyg [mm] ok> 

From tinyG: [16:28:42] tinyg [mm] ok> 

From tinyG: [16:28:42] posa:28.059,vel:3814.62,momo:0,stat:5

From tinyG: [16:28:42] posa:30.396,feed:250.00,vel:250.00,momo:1

From tinyG: [16:28:42] posa:29.346

From tinyG: [16:28:43] posa:28.302

From tinyG: [16:28:43] posa:27.259

From tinyG: [16:28:43] posa:26.215

From tinyG: [16:28:43] posa:25.171

From tinyG: [16:28:44] posa:24.127

From tinyG: [16:28:44] posa:23.083

From tinyG: [16:28:44] posa:22.039

From tinyG: [16:28:44] posa:20.996

From tinyG: [16:28:45] posa:19.952

From tinyG: [16:28:45] posa:18.908

From tinyG: [16:28:45] posa:17.864

From tinyG: [16:28:45] posa:16.820

From tinyG: [16:28:46] posa:15.777

From tinyG: [16:28:46] posa:14.733

From tinyG: [16:28:46] posa:13.689

From tinyG: [16:28:46] posa:12.650,vel:193.61,stat:6

From tinyG: [16:28:47] posa:12.636,vel:0.00,stat:3

From tinyG: [16:28:50] stat:3

Out > [16:29:06] G90 G0 Z-12

Out > [16:29:06] G28.2 A0

From tinyG: [16:29:06] tinyg [mm] ok> 

From tinyG: [16:29:06] tinyg [mm] ok> 

From tinyG: [16:29:07] posz:-11.390,vel:1916.85,dist:0,momo:0,stat:9

From tinyG: [16:29:07] posz:-12.000,posa:19.758,feed:5000.00,vel:5000.00,dist:1,momo:1

From tinyG: [16:29:07] posa:40.633

From tinyG: [16:29:07] posa:61.507

From tinyG: [16:29:08] posa:82.382

From tinyG: [16:29:08] posa:103.257

From tinyG: [16:29:08] posa:124.132

From tinyG: [16:29:08] posa:145.007

From tinyG: [16:29:09] posa:165.882

From tinyG: [16:29:09] posa:186.757

From tinyG: [16:29:09] posa:207.632

From tinyG: [16:29:09] posa:228.382

From tinyG: [16:29:10] posa:249.382

From tinyG: [16:29:10] posa:270.257

From tinyG: [16:29:10] posa:291.132

From tinyG: [16:29:10] posa:312.007

From tinyG: [16:29:11] posa:332.882

From tinyG: [16:29:11] posa:353.757

From tinyG: [16:29:11] posa:374.632

From tinyG: [16:29:11] posa:395.507

From tinyG: [16:29:12] posa:416.382

From tinyG: [16:29:12] posa:437.257

From tinyG: [16:29:12] posa:458.132

From tinyG: [16:29:12] posa:479.007

From tinyG: [16:29:13] posa:499.882

From tinyG: [16:29:13] posa:518.790,vel:730.08

From tinyG: [16:29:13] posa:509.065,vel:5000.00

From tinyG: [16:29:13] posa:498.954,feed:500.00,vel:448.24

From tinyG: [16:29:14] posa:0.000,feed:250.00,vel:0.00,momo:4,stat:3

From tinyG: [16:29:14] tinyg [mm] ok> 

From tinyG: [16:29:15] tinyg [mm] ok> 

