[18:04:58] Starting Log file for session: 20201029-18458

From tinyG: [18:04:59] {"r":{"fv":0.98,"fb":86.03,"hp":3,"hv":0,"id":"0213-0215-0515","msg":"SYSTEM READY"},"f":[1,0,1]}

From tinyG: [18:04:59] tinyg [mm] ok> 

From tinyG: [18:04:59] [ej]  enable json mode            0 [0=text,1=JSON]

From tinyG: [18:04:59] tinyg [mm] ok> 

Out > [18:05:04] g28.2a0

Out > [18:05:04] $di1fn=0

Out > [18:05:07] g90 g0 a30

From tinyG: [18:05:07] tinyg [mm] ok> 

From tinyG: [18:05:07] posa:-5.665,feed:2000.00,vel:2000.00,coor:0,dist:1,momo:1,stat:9

From tinyG: [18:05:07] posa:-10.019,vel:0.03

From tinyG: [18:05:07] posa:-4.345,vel:2000.00

From tinyG: [18:05:07] posa:1.280,vel:0.81

From tinyG: [18:05:07] vel:0.00

From tinyG: [18:05:07] posa:-4.366,vel:2000.00

From tinyG: [18:05:07] posa:-8.720,vel:0.03

From tinyG: [18:05:07] posa:-7.773,feed:300.00,vel:300.00

From tinyG: [18:05:07] posa:-6.768

From tinyG: [18:05:07] posa:-5.764

From tinyG: [18:05:07] posa:-4.766

From tinyG: [18:05:07] posa:-3.762

From tinyG: [18:05:07] posa:-2.764

From tinyG: [18:05:07] posa:-1.760

From tinyG: [18:05:07] posa:-0.762

From tinyG: [18:05:07] [di1fn] input function          0 [0=none,1=limit,2=interlock,3=shutdown]

From tinyG: [18:05:07] tinyg [mm] ok> 

From tinyG: [18:05:07] tinyg [mm] ok> 

Out > [18:05:07] g90 g0 a-20 z-9

From tinyG: [18:05:07] posa:0.000,vel:0.00,stat:5

From tinyG: [18:05:07] tinyg [mm] ok> 

From tinyG: [18:05:07] posa:21.384,feed:250.00,vel:9671.33,coor:1,dist:0,momo:0

Out > [18:05:07] g90 g0 a30

From tinyG: [18:05:07] tinyg [mm] ok> 

From tinyG: [18:05:07] posz:-0.593,posa:26.704,vel:4221.90

From tinyG: [18:05:08] posz:-3.245,posa:11.974,vel:4515.87

From tinyG: [18:05:08] posz:-5.922,posa:-2.902

From tinyG: [18:05:08] posz:-8.567,posa:-17.594,vel:4048.41

From tinyG: [18:05:08] posz:-9.000,posa:-14.207,vel:8705.25

From tinyG: [18:05:08] posa:18.977,vel:9995.55

From tinyG: [18:05:09] posa:30.000,vel:0.00,stat:3

Out > [18:05:09] g90 g0 z0

Out > [18:05:09] g90 g0 a-30

From tinyG: [18:05:09] tinyg [mm] ok> 

From tinyG: [18:05:09] tinyg [mm] ok> 

From tinyG: [18:05:09] posz:-7.182,vel:800.00,stat:5

From tinyG: [18:05:09] posz:-4.506

From tinyG: [18:05:09] posz:-1.809

From tinyG: [18:05:09] posz:0.000,posa:29.897,vel:465.80

From tinyG: [18:05:10] posa:4.672,vel:10000.00

From tinyG: [18:05:10] posa:-27.370,vel:6148.01

From tinyG: [18:05:10] posa:-30.000,vel:0.00,stat:3

Out > [18:05:10] g90 g0 a20 z-9

Out > [18:05:10] g90 g0 a-30

From tinyG: [18:05:10] tinyg [mm] ok> 

From tinyG: [18:05:10] tinyg [mm] ok> 

From tinyG: [18:05:10] posz:-1.819,posa:-19.896,vel:4515.87,stat:5

From tinyG: [18:05:11] posz:-4.496,posa:-5.020

From tinyG: [18:05:11] posz:-7.154,posa:9.745

From tinyG: [18:05:11] posz:-9.000,posa:19.658,vel:1190.04

From tinyG: [18:05:11] posa:-6.261,vel:10000.00

From tinyG: [18:05:11] posa:-29.994,vel:107.13

From tinyG: [18:05:12] posa:-30.000,vel:0.00,stat:3

Out > [18:05:12] g90 g0 z0

Out > [18:05:12] $di1fn=2

Out > [18:05:12] g90 g0 a-15

From tinyG: [18:05:12] tinyg [mm] ok> 

From tinyG: [18:05:12] {"er":{"fb":86.03,"st":9,"msg":"File not open - write_persistent"}}

From tinyG: [18:05:12] [di1fn] input function          2 [0=none,1=limit,2=interlock,3=shutdown]

From tinyG: [18:05:12] tinyg [mm] ok> 

From tinyG: [18:05:12] tinyg [mm] ok> 

From tinyG: [18:05:12] posz:-7.182,vel:800.00,stat:5

From tinyG: [18:05:12] posz:-4.506

From tinyG: [18:05:12] posz:-1.809

From tinyG: [18:05:12] posz:0.000,posa:-29.892,vel:503.18

From tinyG: [18:05:13] posa:-15.032,vel:349.30

From tinyG: [18:05:13] posa:-15.000,vel:0.00,stat:3

Out > [18:05:13] g90 g0 a-10

Out > [18:05:13] g90 g0 a-15

From tinyG: [18:05:13] tinyg [mm] ok> 

From tinyG: [18:05:13] tinyg [mm] ok> 

From tinyG: [18:05:13] posa:-11.115,vel:2609.07,stat:5

From tinyG: [18:05:13] posa:-15.000,vel:0.00,stat:3

Out > [18:05:13] g91 g1 a30 f250

Out > [18:05:13] g90 g0 z-5

From tinyG: [18:05:13] tinyg [mm] ok> 

From tinyG: [18:05:13] tinyg [mm] ok> 

From tinyG: [18:05:14] posa:-14.209,vel:250.00,dist:1,momo:1,stat:5

From tinyG: [18:05:14] posa:-13.365

From tinyG: [18:05:14] posa:-12.528

From tinyG: [18:05:14] posa:-11.697

From tinyG: [18:05:14] posa:-10.859

From tinyG: [18:05:15] posa:-10.015

From tinyG: [18:05:15] posa:-9.178

From tinyG: [18:05:15] posa:-8.347

From tinyG: [18:05:15] posa:-7.509

From tinyG: [18:05:15] posa:-6.666

From tinyG: [18:05:16] posa:-5.829

From tinyG: [18:05:16] posa:-4.997

From tinyG: [18:05:16] posa:-4.160

From tinyG: [18:05:16] posa:-3.316

From tinyG: [18:05:16] posa:-2.479

From tinyG: [18:05:17] posa:-1.648

From tinyG: [18:05:17] posa:-0.811

From tinyG: [18:05:17] posa:-0.019,vel:1.78,stat:6

From tinyG: [18:05:17] vel:0.00

From tinyG: [18:05:17] tinyg [mm] ok> 

From tinyG: [18:05:17] dist:0,momo:0,stat:3

From tinyG: [18:05:17] [di1fn] input function          0 [0=none,1=limit,2=interlock,3=shutdown]

From tinyG: [18:05:17] tinyg [mm] ok> 

Out > [18:05:17] g90 g0 z0

Out > [18:05:17] $posa

From tinyG: [18:05:17] tinyg [mm] ok> 

From tinyG: [18:05:17] A position:         -0.019 deg

From tinyG: [18:05:17] tinyg [mm] ok> 

From tinyG: [18:05:17] line:0,posx:0.000,posy:0.000,posz:0.000,posa:-0.019,feed:250.00,vel:0.00,unit:1,coor:1,dist:0,admo:1,frmo:1,momo:0,stat:3

Out > [18:05:26] g28.2a0

Out > [18:05:26] $di1fn=0

Out > [18:05:29] g90 g0 a30

From tinyG: [18:05:29] tinyg [mm] ok> 

From tinyG: [18:05:29] posa:-5.665,feed:2000.00,vel:2000.00,coor:0,dist:1,momo:1,stat:9

From tinyG: [18:05:29] posa:-10.019,vel:0.03

From tinyG: [18:05:29] posa:-4.345,vel:2000.00

From tinyG: [18:05:29] posa:1.230,vel:0.03

From tinyG: [18:05:29] vel:0.00

From tinyG: [18:05:29] posa:-4.416,vel:2000.00

From tinyG: [18:05:29] posa:-8.770,vel:0.03

From tinyG: [18:05:29] posa:-7.823,feed:300.00,vel:300.00

From tinyG: [18:05:29] posa:-6.818

From tinyG: [18:05:29] posa:-5.814

From tinyG: [18:05:29] posa:-4.816

From tinyG: [18:05:29] posa:-3.812

From tinyG: [18:05:29] posa:-2.814

From tinyG: [18:05:29] posa:-1.810

From tinyG: [18:05:29] posa:-0.812

From tinyG: [18:05:29] [di1fn] input function          0 [0=none,1=limit,2=interlock,3=shutdown]

From tinyG: [18:05:29] tinyg [mm] ok> 

From tinyG: [18:05:29] tinyg [mm] ok> 

Out > [18:05:29] g90 g0 a-20 z-9

From tinyG: [18:05:29] tinyg [mm] ok> 

From tinyG: [18:05:29] posa:0.000,vel:0.00,stat:5

From tinyG: [18:05:29] posa:21.384,feed:250.00,vel:9671.33,coor:1,dist:0,momo:0

Out > [18:05:29] g90 g0 a30

From tinyG: [18:05:29] tinyg [mm] ok> 

From tinyG: [18:05:29] posz:-0.593,posa:26.704,vel:4221.90

From tinyG: [18:05:30] posz:-3.245,posa:11.974,vel:4515.87

From tinyG: [18:05:30] posz:-5.922,posa:-2.902

From tinyG: [18:05:30] posz:-8.567,posa:-17.594,vel:4048.41

From tinyG: [18:05:30] posz:-9.000,posa:-14.207,vel:8705.25

From tinyG: [18:05:30] posa:18.977,vel:9995.55

From tinyG: [18:05:31] posa:30.000,vel:0.00,stat:3

Out > [18:05:31] g90 g0 z0

Out > [18:05:31] g90 g0 a-30

From tinyG: [18:05:31] tinyg [mm] ok> 

From tinyG: [18:05:31] tinyg [mm] ok> 

From tinyG: [18:05:31] posz:-7.182,vel:800.00,stat:5

From tinyG: [18:05:31] posz:-4.506

From tinyG: [18:05:31] posz:-1.809

From tinyG: [18:05:32] posz:0.000,posa:29.897,vel:465.80

From tinyG: [18:05:32] posa:4.423,vel:10000.00

From tinyG: [18:05:32] posa:-27.660,vel:5769.70

From tinyG: [18:05:32] posa:-30.000,vel:0.00,stat:3

Out > [18:05:32] g90 g0 a20 z-9

Out > [18:05:32] g90 g0 a-30

From tinyG: [18:05:32] tinyg [mm] ok> 

From tinyG: [18:05:32] tinyg [mm] ok> 

From tinyG: [18:05:32] posz:-1.819,posa:-19.896,vel:4515.87,stat:5

From tinyG: [18:05:33] posz:-4.496,posa:-5.020

From tinyG: [18:05:33] posz:-7.154,posa:9.745

From tinyG: [18:05:33] posz:-9.000,posa:19.658,vel:1190.04

From tinyG: [18:05:33] posa:-6.261,vel:10000.00

From tinyG: [18:05:33] posa:-29.994,vel:107.13

From tinyG: [18:05:34] posa:-30.000,vel:0.00,stat:3

Out > [18:05:34] g90 g0 z0

Out > [18:05:34] $di1fn=2

Out > [18:05:34] g90 g0 a-15

From tinyG: [18:05:34] tinyg [mm] ok> 

From tinyG: [18:05:34] {"er":{"fb":86.03,"st":9,"msg":"File not open - write_persistent"}}

From tinyG: [18:05:34] [di1fn] input function          2 [0=none,1=limit,2=interlock,3=shutdown]

From tinyG: [18:05:34] tinyg [mm] ok> 

From tinyG: [18:05:34] tinyg [mm] ok> 

From tinyG: [18:05:34] posz:-7.182,vel:800.00,stat:5

From tinyG: [18:05:34] posz:-4.506

From tinyG: [18:05:34] posz:-1.809

From tinyG: [18:05:34] posz:0.000,posa:-29.892,vel:503.18

From tinyG: [18:05:35] posa:-15.041,vel:349.30

From tinyG: [18:05:35] posa:-15.000,vel:0.00,stat:3

Out > [18:05:35] g90 g0 a-10

Out > [18:05:35] g90 g0 a-15

From tinyG: [18:05:35] tinyg [mm] ok> 

From tinyG: [18:05:35] tinyg [mm] ok> 

From tinyG: [18:05:35] posa:-11.115,vel:2609.07,stat:5

From tinyG: [18:05:35] posa:-15.000,vel:0.00,stat:3

Out > [18:05:35] g91 g1 a30 f250

Out > [18:05:35] g90 g0 z-5

From tinyG: [18:05:35] tinyg [mm] ok> 

From tinyG: [18:05:35] tinyg [mm] ok> 

From tinyG: [18:05:36] posa:-14.209,vel:250.00,dist:1,momo:1,stat:5

From tinyG: [18:05:36] posa:-13.365

From tinyG: [18:05:36] posa:-12.528

From tinyG: [18:05:36] posa:-11.697

From tinyG: [18:05:36] posa:-10.859

From tinyG: [18:05:37] posa:-10.028

From tinyG: [18:05:37] posa:-9.191

From tinyG: [18:05:37] posa:-8.359

From tinyG: [18:05:37] posa:-7.522

From tinyG: [18:05:37] posa:-6.691

From tinyG: [18:05:38] posa:-5.854

From tinyG: [18:05:38] posa:-5.022

From tinyG: [18:05:38] posa:-4.185

From tinyG: [18:05:38] posa:-3.354

From tinyG: [18:05:38] posa:-2.517

From tinyG: [18:05:39] posa:-1.685

From tinyG: [18:05:39] posa:-0.848

From tinyG: [18:05:39] posa:-0.021,vel:139.61,stat:6

From tinyG: [18:05:39] [di1fn] input function          0 [0=none,1=limit,2=interlock,3=shutdown]

From tinyG: [18:05:39] tinyg [mm] ok> 

Out > [18:05:39] g90 g0 z0

Out > [18:05:39] $posa

From tinyG: [18:05:39] tinyg [mm] ok> 

From tinyG: [18:05:39] position:         -0.013 deg

From tinyG: [18:05:39] tinyg [mm] ok> 

From tinyG: [18:05:39] posa:-0.013,vel:0.00,dist:0,momo:0,stat:3

