[17:04:20] Starting Log file for session: 2020724-17420

From tinyG: [17:04:22] {r:{fv:0.98,fb:86.03,hp:3,hv:0,id:"0213-0215-0515",msg:"SYSTEM READY"},f:[1,0,1]}

From tinyG: [17:04:22] tinyg [mm] ok> 

From tinyG: [17:04:22] [ej]  enable json mode            0 [0=text,1=JSON]

From tinyG: [17:04:22] tinyg [mm] ok> 

Out > [17:04:24] G90 G0 Z-12

Out > [17:04:24] G28.2 A0

From tinyG: [17:04:24] tinyg [mm] ok> 

From tinyG: [17:04:24] tinyg [mm] ok> 

From tinyG: [17:04:24] line:0,posx:0.000,posy:0.000,posz:-12.000,posa:-12.289,feed:5000.00,vel:5000.00,unit:1,coor:0,dist:1,admo:1,frmo:1,momo:1,stat:9

Out > [17:04:24] G91 G0 A30

From tinyG: [17:04:24] posa:-19.134,feed:5000.00,vel:2843.43,dist:1,momo:1,stat:9

From tinyG: [17:04:25] posa:1.246,vel:4976.65

From tinyG: [17:04:25] posa:0.250,vel:5000.00

From tinyG: [17:04:25] posa:-15.255,vel:0.01

From tinyG: [17:04:25] posa:-13.296,feed:500.00,vel:500.00

From tinyG: [17:04:26] posa:-11.197

From tinyG: [17:04:26] posa:-9.110

From tinyG: [17:04:26] posa:-7.023

From tinyG: [17:04:26] posa:-4.936

From tinyG: [17:04:27] posa:-2.850

From tinyG: [17:04:27] posa:-0.763

From tinyG: [17:04:27] tinyg [mm] ok> 

From tinyG: [17:04:27] posa:3.129,feed:250.00,vel:6733.47,momo:0,stat:5

From tinyG: [17:04:27] posa:30.000,vel:0.00,stat:3

Out > [17:04:27] $di1fn=2

Out > [17:04:27] G91 G0 A1

Out > [17:04:27] G91 G1 A-30 F250

From tinyG: [17:04:27] [di1fn] input function          2 [0=none,1=limit,2=interlock,3=shutdown]

From tinyG: [17:04:27] tinyg [mm] ok> 

From tinyG: [17:04:27] tinyg [mm] ok> 

From tinyG: [17:04:27] tinyg [mm] ok> 

From tinyG: [17:04:28] posa:30.415,vel:250.00,momo:1,stat:5

From tinyG: [17:04:28] posa:29.371

From tinyG: [17:04:28] posa:28.334

From tinyG: [17:04:28] posa:27.284

From tinyG: [17:04:29] posa:26.240

From tinyG: [17:04:29] posa:25.196

From tinyG: [17:04:29] posa:24.152

From tinyG: [17:04:29] posa:23.108

From tinyG: [17:04:30] posa:22.064

From tinyG: [17:04:30] posa:21.021

From tinyG: [17:04:30] posa:19.977

From tinyG: [17:04:30] posa:19.211,vel:0.00,stat:6

Out > [17:04:30] $posa

From tinyG: [17:04:30] tinyg [mm] ok> 

From tinyG: [17:04:30] stat:3

From tinyG: [17:04:30] A position:         19.211 deg

