[17:32:03] Starting Log file for session: 2020724-17323

From tinyG: [17:32:04] {r:{fv:0.98,fb:86.03,hp:3,hv:0,id:"0213-0215-0515",msg:"SYSTEM READY"},f:[1,0,1]}

From tinyG: [17:32:04] tinyg [mm] ok> 

From tinyG: [17:32:04] [ej]  enable json mode            0 [0=text,1=JSON]

From tinyG: [17:32:04] tinyg [mm] ok> 

From tinyG: [17:32:08] {r:{tinygmo:null},f:[1,100,26]}

From tinyG: [17:32:08] {r:{baud:null},f:[1,100,11]}

From tinyG: [17:32:08] {r:{js:0},f:[1,0,9]}

From tinyG: [17:32:08] {r:{gpa:0},f:[1,0,10]}

From tinyG: [17:32:08] {r:{gun:1},f:[1,0,10]}

From tinyG: [17:32:08] {r:{ja:0.00},f:[1,0,9]}

From tinyG: [17:32:08] {r:{si:250},f:[1,0,11]}

From tinyG: [17:32:08] {r:{jv:5},f:[1,0,9]}

From tinyG: [17:32:08] {r:{mt:0},f:[1,0,11]}

From tinyG: [17:32:08] {r:{st:null},f:[1,100,9]}

From tinyG: [17:32:08] {r:{motorma:null},f:[1,100,20]}

From tinyG: [17:32:08] {r:{1ma:5},f:[1,0,10]}

From tinyG: [17:32:08] {r:{2ma:0},f:[1,0,10]}

From tinyG: [17:32:08] {r:{3ma:2},f:[1,0,10]}

From tinyG: [17:32:08] {r:{4ma:3},f:[1,0,10]}

From tinyG: [17:32:08] {r:{polarit:null},f:[1,100,18]}

From tinyG: [17:32:08] {r:{1po:1},f:[1,0,10]}

From tinyG: [17:32:08] {r:{2po:0},f:[1,0,10]}

From tinyG: [17:32:08] {r:{3po:1},f:[1,0,10]}

From tinyG: [17:32:08] {r:{4po:0},f:[1,0,10]}

From tinyG: [17:32:08] {r:{trvalue:null},f:[1,100,16]}

From tinyG: [17:32:08] {r:{1tr:60.0000},f:[1,0,11]}

From tinyG: [17:32:08] {r:{2tr:6.3500},f:[1,0,13]}

From tinyG: [17:32:08] {r:{3tr:5.0000},f:[1,0,10]}

From tinyG: [17:32:08] {r:{4tr:60.0000},f:[1,0,11]}

From tinyG: [17:32:08] {r:{powerse:null},f:[1,100,21]}

From tinyG: [17:32:08] {r:{1pl:1.000},f:[1,0,10]}

From tinyG: [17:32:08] {r:{2pl:1.000},f:[1,0,10]}

From tinyG: [17:32:08] {r:{3pl:0.000},f:[1,0,10]}

From tinyG: [17:32:08] {r:{4pl:0.000},f:[1,0,10]}

From tinyG: [17:32:08] {r:{1pm:2},f:[1,0,10]}

From tinyG: [17:32:08] {r:{2pm:2},f:[1,0,10]}

From tinyG: [17:32:08] {r:{3pm:2},f:[1,0,10]}

From tinyG: [17:32:08] {r:{4pm:2},f:[1,0,10]}

From tinyG: [17:32:08] {r:{motorse:null},f:[1,100,21]}

From tinyG: [17:32:08] {r:{1mi:16},f:[1,0,11]}

From tinyG: [17:32:08] {r:{2mi:32},f:[1,0,11]}

From tinyG: [17:32:08] {r:{3mi:10,msg:"*** WARNING *** Setting non-standard microstep value"},f:[1,0,11]}

From tinyG: [17:32:08] {r:{4mi:10,msg:"*** WARNING *** Setting non-standard microstep value"},f:[1,0,11]}

From tinyG: [17:32:08] {r:{1sa:1.800},f:[1,0,12]}

From tinyG: [17:32:08] {r:{2sa:1.800},f:[1,0,12]}

From tinyG: [17:32:08] {r:{3sa:1.800},f:[1,0,12]}

From tinyG: [17:32:08] {r:{4sa:1.800},f:[1,0,12]}

From tinyG: [17:32:08] {r:{axesset:null},f:[1,100,20]}

From tinyG: [17:32:08] {r:{xam:1},f:[1,0,10]}

From tinyG: [17:32:08] {r:{xvm:1500},f:[1,0,13]}

From tinyG: [17:32:08] {r:{xjm:5000},f:[1,0,13]}

From tinyG: [17:32:08] {r:{xfr:5000},f:[1,0,13]}

From tinyG: [17:32:08] {r:{xtn:-500.000},f:[1,0,13]}

From tinyG: [17:32:08] {r:{xtm:0.000},f:[1,0,10]}

From tinyG: [17:32:08] {r:{yam:0},f:[1,0,10]}

From tinyG: [17:32:08] {r:{yvm:0},f:[1,0,10]}

From tinyG: [17:32:08] {r:{yjm:0},f:[1,0,10]}

From tinyG: [17:32:08] {r:{yfr:0},f:[1,0,10]}

From tinyG: [17:32:08] {r:{zam:1},f:[1,0,10]}

From tinyG: [17:32:08] {r:{zvm:3750},f:[1,0,13]}

From tinyG: [17:32:08] {r:{zjm:5000},f:[1,0,13]}

From tinyG: [17:32:08] {r:{zfr:3750},f:[1,0,13]}

From tinyG: [17:32:08] {r:{ztn:-100.000},f:[1,0,13]}

From tinyG: [17:32:08] {r:{ztm:2.000},f:[1,0,10]}

From tinyG: [17:32:08] {r:{aam:1},f:[1,0,10]}

From tinyG: [17:32:08] {r:{avm:20000},f:[1,0,14]}

From tinyG: [17:32:08] {r:{ajm:10000},f:[1,0,14]}

From tinyG: [17:32:08] {r:{afr:15000},f:[1,0,14]}

From tinyG: [17:32:08] :{atn:-3600.000},f:[1,0,14]}

From tinyG: [17:32:08] {r:{atm:3600.000},f:[1,0,13]}

From tinyG: [17:32:08] {r:{cam:1},f:[1,0,10]}

From tinyG: [17:32:08] {r:{cvm:10000},f:[1,0,14]}

From tinyG: [17:32:08] {r:{cjm:5000},f:[1,0,13]}

From tinyG: [17:32:08] {r:{cfr:10000},f:[1,0,14]}

From tinyG: [17:32:08] {r:{ctn:-3600.000},f:[1,0,14]}

From tinyG: [17:32:08] {r:{ctm:3600.000},f:[1,0,13]}

From tinyG: [17:32:08] {r:{limitsw:null},f:[1,100,21]}

From tinyG: [17:32:08] {r:{sl:1},f:[1,0,9]}

From tinyG: [17:32:08] {r:{xsn:null},f:[1,100,10]}

From tinyG: [17:32:08] {r:{ahi:1},f:[1,0,10]}

From tinyG: [17:32:08] {r:{di1mo:1},f:[1,0,12]}

From tinyG: [17:32:08] {r:{di1ac:0},f:[1,0,12]}

From tinyG: [17:32:08] {r:{di1fn:0},f:[1,0,12]}

From tinyG: [17:32:08] {r:{xsx:null},f:[1,100,10]}

From tinyG: [17:32:08] {r:{xhi:2},f:[1,0,10]}

From tinyG: [17:32:08] {r:{di2mo:0},f:[1,0,12]}

From tinyG: [17:32:08] {r:{di2ac:0},f:[1,0,12]}

From tinyG: [17:32:08] {r:{di2fn:0},f:[1,0,12]}

From tinyG: [17:32:08] {r:{ysn:null},f:[1,100,10]}

From tinyG: [17:32:08] {r:{yhi:0},f:[1,0,10]}

From tinyG: [17:32:08] {r:{di3mo:-1},f:[1,0,13]}

From tinyG: [17:32:08] {r:{di3ac:0},f:[1,0,12]}

From tinyG: [17:32:08] {r:{di3fn:0},f:[1,0,12]}

From tinyG: [17:32:08] {r:{ysx:null},f:[1,100,10]}

From tinyG: [17:32:08] {r:{di4mo:-1},f:[1,0,13]}

From tinyG: [17:32:08] {r:{di4ac:0},f:[1,0,12]}

From tinyG: [17:32:08] {r:{di4fn:0},f:[1,0,12]}

From tinyG: [17:32:08] {r:{zsn:null},f:[1,100,10]}

From tinyG: [17:32:08] {r:{zhi:5},f:[1,0,10]}

From tinyG: [17:32:08] {r:{di5mo:0},f:[1,0,12]}

From tinyG: [17:32:08] {r:{di5ac:0},f:[1,0,12]}

From tinyG: [17:32:08] {r:{di5fn:0},f:[1,0,12]}

From tinyG: [17:32:08] {r:{zsx:null},f:[1,100,10]}

From tinyG: [17:32:08] {r:{di6mo:-1},f:[1,0,13]}

From tinyG: [17:32:08] {r:{di6ac:0},f:[1,0,12]}

From tinyG: [17:32:08] {r:{di6fn:0},f:[1,0,12]}

From tinyG: [17:32:08] {r:{asn:null},f:[1,100,10]}

From tinyG: [17:32:08] {r:{di7mo:-1},f:[1,0,13]}

From tinyG: [17:32:08] {r:{di7ac:0},f:[1,0,12]}

From tinyG: [17:32:08] {r:{di7fn:0},f:[1,0,12]}

From tinyG: [17:32:08] {r:{asx:null},f:[1,100,10]}

From tinyG: [17:32:08] {r:{di8mo:-1},f:[1,0,13]}

From tinyG: [17:32:08] {r:{di8ac:0},f:[1,0,12]}

From tinyG: [17:32:08] {r:{di8fn:0},f:[1,0,12]}

From tinyG: [17:32:08] {r:{di9mo:-1},f:[1,0,13]}

From tinyG: [17:32:08] {r:{di9ac:0},f:[1,0,12]}

From tinyG: [17:32:08] {r:{di9fn:0},f:[1,0,12]}

From tinyG: [17:32:08] {r:{homingc:null},f:[1,100,20]}

From tinyG: [17:32:08] {r:{st:null},f:[1,100,9]}

From tinyG: [17:32:08] {r:{xhd:1},f:[1,0,10]}

From tinyG: [17:32:08] {r:{xsv:1000},f:[1,0,13]}

From tinyG: [17:32:08] {r:{xlv:100.00},f:[1,0,12]}

From tinyG: [17:32:08] {r:{xlb:5.000},f:[1,0,10]}

From tinyG: [17:32:08] {r:{xzb:2.000},f:[1,0,10]}

From tinyG: [17:32:08] {r:{xjh:10000},f:[1,0,14]}

From tinyG: [17:32:08] {r:{zhd:0},f:[1,0,10]}

From tinyG: [17:32:08] {r:{zsv:1000},f:[1,0,13]}

From tinyG: [17:32:08] {r:{zlv:100.00},f:[1,0,12]}

From tinyG: [17:32:08] {r:{zlb:5.000},f:[1,0,10]}

From tinyG: [17:32:08] {r:{zzb:50.305},f:[1,0,15]}

From tinyG: [17:32:08] {r:{zjh:10000},f:[1,0,14]}

From tinyG: [17:32:08] {r:{ahd:1},f:[1,0,10]}

From tinyG: [17:32:08] {r:{asv:5000},f:[1,0,13]}

From tinyG: [17:32:08] {r:{alv:500.00},f:[1,0,12]}

From tinyG: [17:32:08] {r:{alb:20.000},f:[1,0,11]}

From tinyG: [17:32:08] {r:{azb:0.000},f:[1,0,10]}

From tinyG: [17:32:08] {r:{ajh:10000},f:[1,0,14]}

From tinyG: [17:32:08] [ej]  enable json mode            0 [0=text,1=JSON]

From tinyG: [17:32:08] tinyg [mm] ok> 

From tinyG: [17:32:08] stat:3

Out > [17:32:11] G90 G0 Z-12

Out > [17:32:11] G28.2 A0

From tinyG: [17:32:11] tinyg [mm] ok> 

From tinyG: [17:32:11] tinyg [mm] ok> 

From tinyG: [17:32:11] line:0,posx:0.000,posy:0.000,posz:-12.000,posa:6.709,feed:5000.00,vel:5000.00,unit:1,coor:0,dist:1,admo:1,frmo:1,momo:1,stat:9

Out > [17:32:11] G91 G0 A30

From tinyG: [17:32:11] posa:-0.136,feed:5000.00,vel:2843.43,momo:1,stat:9

From tinyG: [17:32:11] posa:-2.876,vel:5000.00

From tinyG: [17:32:12] posa:-17.762,vel:0.01

From tinyG: [17:32:12] posa:-15.804,feed:500.00,vel:500.00

From tinyG: [17:32:12] posa:-13.704

From tinyG: [17:32:12] posa:-11.617

From tinyG: [17:32:13] posa:-9.531

From tinyG: [17:32:13] posa:-7.444

From tinyG: [17:32:13] posa:-5.357

From tinyG: [17:32:13] posa:-3.270

From tinyG: [17:32:14] posa:-1.196

From tinyG: [17:32:14] tinyg [mm] ok> 

From tinyG: [17:32:14] posa:0.501,feed:250.00,vel:2087.16,momo:0,stat:5

From tinyG: [17:32:14] posa:29.999,vel:38.93

From tinyG: [17:32:14] posa:30.000,vel:0.00,stat:3

Out > [17:32:14] $di1fn=2

Out > [17:32:14] G91 G0 A1

Out > [17:32:14] G91 G1 A-30 F250

From tinyG: [17:32:14] [di1fn] input function          2 [0=none,1=limit,2=interlock,3=shutdown]

From tinyG: [17:32:14] tinyg [mm] ok> 

From tinyG: [17:32:14] tinyg [mm] ok> 

From tinyG: [17:32:14] tinyg [mm] ok> 

From tinyG: [17:32:15] posa:30.415,vel:250.00,momo:1,stat:5

From tinyG: [17:32:15] posa:29.371

From tinyG: [17:32:15] posa:28.327

From tinyG: [17:32:16] posa:27.284

From tinyG: [17:32:16] posa:26.240

From tinyG: [17:32:16] posa:25.196

From tinyG: [17:32:16] posa:24.152

From tinyG: [17:32:17] posa:23.108

From tinyG: [17:32:17] posa:22.064

From tinyG: [17:32:17] posa:21.021

From tinyG: [17:32:17] posa:19.977

From tinyG: [17:32:18] posa:19.167,vel:0.00,stat:6

Out > [17:32:18] $posa

From tinyG: [17:32:18] tinyg [mm] ok> 

From tinyG: [17:32:18] stat:3

From tinyG: [17:32:18] A position:         19.167 deg

From tinyG: [17:32:18] tinyg [mm] ok> 

Out > [17:32:18] $di1fn=0

Out > [17:32:18] G91 G0 A0

Out > [17:32:18] G90 G0 A9.5835
From tinyG: [17:32:18] [di1fn] input function          0 [0=none,1=limit,2=interlock,3=shutdown]

From tinyG: [17:32:18] tinyg [mm] ok> 

From tinyG: [17:32:18] tinyg [mm] ok> 

From tinyG: [17:32:18] line:0,posx:0.000,posy:0.000,posz:-12.000,posa:19.167,feed:250.00,vel:0.00,unit:1,coor:0,dist:1,admo:1,frmo:1,momo:0,stat:3

From tinyG: [17:32:21] momo:0,stat:3

