[13:34:10] Starting Log file for session: 20201030-133410

From tinyG: [13:34:12] {"r":{"fv":0.98,"fb":86.03,"hp":3,"hv":0,"id":"0213-0215-0515","msg":"SYSTEM READY"},"f":[1,0,1]}

From tinyG: [13:34:12] tinyg [mm] ok> 

From tinyG: [13:34:12] {"er":{"fb":86.03,"st":9,"msg":"File not open - write_persistent"}}

From tinyG: [13:34:12] [ej]  enable json mode            0 [0=text,1=JSON]

From tinyG: [13:34:12] tinyg [mm] ok> 

Out > [13:34:19] g28.2a0

Out > [13:34:19] $di1fn=0

Out > [13:34:22] g90 g0 a30

From tinyG: [13:34:22] tinyg [mm] ok> 

From tinyG: [13:34:22] coor:0,dist:1,stat:9

From tinyG: [13:34:22] posa:-2.749,feed:2000.00,vel:2000.00,momo:1

From tinyG: [13:34:22] posa:-9.398,vel:1849.48

From tinyG: [13:34:22] posa:-9.547,feed:300.00,vel:300.00

From tinyG: [13:34:22] posa:-8.543

From tinyG: [13:34:22] posa:-7.538

From tinyG: [13:34:22] posa:-6.541

From tinyG: [13:34:22] posa:-5.536

From tinyG: [13:34:22] posa:-4.524

From tinyG: [13:34:22] posa:-3.519

From tinyG: [13:34:22] posa:-2.522

From tinyG: [13:34:22] posa:-1.517

From tinyG: [13:34:22] posa:-0.505

From tinyG: [13:34:22] {"er":{"fb":86.03,"st":94,"msg":"Planner assertion failure - zero length line in calculate trapezoid"}}

From tinyG: [13:34:22] {"er":{"fb":86.03,"st":94,"msg":"Planner assertion failure - zero length move in exec_aline"}}

From tinyG: [13:34:22] [di1fn] input function          0 [0=none,1=limit,2=interlock,3=shutdown]

From tinyG: [13:34:22] tinyg [mm] ok> 

From tinyG: [13:34:22] tinyg [mm] ok> 

Out > [13:34:22] g90 g0 a-20 z-9

From tinyG: [13:34:22] tinyg [mm] ok> 

From tinyG: [13:34:22] posa:0.045,feed:250.00,vel:375.15,coor:1,dist:0,momo:0,stat:5

Out > [13:34:22] g90 g0 a30

From tinyG: [13:34:22] tinyg [mm] ok> 

From tinyG: [13:34:22] posa:24.910,vel:7840.07

From tinyG: [13:34:22] posz:0.070,posa:25.349,vel:4079.20

From tinyG: [13:34:22] posz:-2.607,posa:11.965,vel:4079.22

From tinyG: [13:34:22] posz:-5.264,posa:-1.319

From tinyG: [13:34:23] posz:-7.941,posa:-14.703

From tinyG: [13:34:23] posz:-9.000,posa:-19.086,vel:3121.10

From tinyG: [13:34:23] posa:10.994,vel:10000.00

From tinyG: [13:34:23] posa:30.000,vel:0.00,stat:3

Out > [13:34:23] g90 g0 z0

Out > [13:34:23] g90 g0 a-30

From tinyG: [13:34:23] tinyg [mm] ok> 

From tinyG: [13:34:23] tinyg [mm] ok> 

From tinyG: [13:34:24] posz:-7.182,vel:800.00,stat:5

From tinyG: [13:34:24] posz:-4.506

From tinyG: [13:34:24] posz:-1.829

From tinyG: [13:34:24] posz:0.000,posa:29.909,vel:418.28

From tinyG: [13:34:24] posa:4.921,vel:10000.00

From tinyG: [13:34:25] posa:-27.370,vel:6148.01

From tinyG: [13:34:25] posa:-30.000,vel:0.00,stat:3

Out > [13:34:25] g90 g0 a20 z-9

Out > [13:34:25] g90 g0 a-30

From tinyG: [13:34:25] tinyg [mm] ok> 

From tinyG: [13:34:25] tinyg [mm] ok> 

From tinyG: [13:34:25] posz:-1.819,posa:-19.896,vel:4515.87,stat:5

From tinyG: [13:34:25] posz:-4.496,posa:-5.020

From tinyG: [13:34:25] posz:-7.154,posa:9.745

From tinyG: [13:34:26] posz:-9.000,posa:19.658,vel:1190.04

From tinyG: [13:34:26] posa:-6.261,vel:10000.00

From tinyG: [13:34:26] posa:-29.994,vel:107.13

From tinyG: [13:34:26] posa:-30.000,vel:0.00,stat:3

Out > [13:34:26] g90 g0 z0

Out > [13:34:26] $di1fn=2

Out > [13:34:26] g90 g0 a-15

From tinyG: [13:34:26] tinyg [mm] ok> 

From tinyG: [13:34:26] {"er":{"fb":86.03,"st":9,"msg":"File not open - write_persistent"}}

From tinyG: [13:34:26] [di1fn] input function          2 [0=none,1=limit,2=interlock,3=shutdown]

From tinyG: [13:34:26] tinyg [mm] ok> 

From tinyG: [13:34:26] tinyg [mm] ok> 

From tinyG: [13:34:27] posz:-7.182,vel:800.00,stat:5

From tinyG: [13:34:27] posz:-4.506

From tinyG: [13:34:27] posz:-1.809

From tinyG: [13:34:27] posz:0.000,posa:-29.892,vel:503.18

From tinyG: [13:34:27] posa:-15.032,vel:349.30

From tinyG: [13:34:28] posa:-15.000,vel:0.00,stat:3

Out > [13:34:28] g90 g0 a-10

Out > [13:34:28] g90 g0 a-15

From tinyG: [13:34:28] tinyg [mm] ok> 

From tinyG: [13:34:28] tinyg [mm] ok> 

From tinyG: [13:34:28] posa:-11.115,vel:2609.07,stat:5

From tinyG: [13:34:28] posa:-15.000,vel:0.00,stat:3

Out > [13:34:28] g91 g1 a30 f250

Out > [13:34:28] g90 g0 z-5

From tinyG: [13:34:28] tinyg [mm] ok> 

From tinyG: [13:34:28] tinyg [mm] ok> 

From tinyG: [13:34:28] posa:-14.209,vel:250.00,dist:1,momo:1,stat:5

From tinyG: [13:34:28] posa:-13.365

From tinyG: [13:34:29] posa:-12.528

From tinyG: [13:34:29] posa:-11.697

From tinyG: [13:34:29] posa:-10.859

From tinyG: [13:34:29] posa:-10.028

From tinyG: [13:34:29] posa:-9.191

From tinyG: [13:34:30] posa:-8.347

From tinyG: [13:34:30] posa:-7.509

From tinyG: [13:34:30] posa:-6.678

From tinyG: [13:34:30] posa:-5.841

From tinyG: [13:34:30] posa:-5.010

From tinyG: [13:34:31] posa:-4.173

From tinyG: [13:34:31] posa:-3.341

From tinyG: [13:34:31] posa:-2.504

From tinyG: [13:34:31] posa:-1.673

From tinyG: [13:34:31] posa:-0.836

From tinyG: [13:34:32] posa:-0.005,vel:167.93,stat:6

From tinyG: [13:34:32] [di1fn] input function          0 [0=none,1=limit,2=interlock,3=shutdown]

From tinyG: [13:34:32] tinyg [mm] ok> 

From tinyG: [13:34:32] A position:          0.006 deg

From tinyG: [13:34:32] tinyg [mm] ok> 

Out > [13:34:32] g90 g0 z1

Out > [13:34:32] g90 g0 z0

From tinyG: [13:34:32] tinyg [mm] ok> 

From tinyG: [13:34:32] tinyg [mm] ok> 

From tinyG: [13:34:32] posz:0.026,posa:0.006,vel:132.93,dist:0,momo:0,stat:5

From tinyG: [13:34:32] posz:0.935,vel:182.63

From tinyG: [13:34:32] posz:0.000,vel:0.00,stat:3

Out > [13:34:32] EOF

Out > [13:34:32] !%~

Out > [13:34:32] g28.2a0

From tinyG: [13:34:32] tinyg [mm] ok> 

From tinyG: [13:34:32] tinyg [mm] ok> 

From tinyG: [13:34:33] posa:-5.640,feed:2000.00,vel:2000.00,coor:0,dist:1,momo:1,stat:9

Out > [13:34:33] $di1fn=0

Out > [13:34:35] g90 g0 a30

From tinyG: [13:34:35] posa:-9.994,vel:0.03

From tinyG: [13:34:35] posa:-4.320,vel:2000.00

From tinyG: [13:34:35] posa:1.255,vel:0.03

From tinyG: [13:34:35] vel:0.00

From tinyG: [13:34:35] posa:-4.391,vel:2000.00

From tinyG: [13:34:35] posa:-8.745,vel:0.03

From tinyG: [13:34:35] posa:-7.798,feed:300.00,vel:300.00

From tinyG: [13:34:35] posa:-6.793

From tinyG: [13:34:35] posa:-5.789

From tinyG: [13:34:35] posa:-4.791

From tinyG: [13:34:35] posa:-3.787

From tinyG: [13:34:35] posa:-2.789

From tinyG: [13:34:35] posa:-1.785

From tinyG: [13:34:35] posa:-0.787

From tinyG: [13:34:35] [di1fn] input function          0 [0=none,1=limit,2=interlock,3=shutdown]

From tinyG: [13:34:35] tinyg [mm] ok> 

From tinyG: [13:34:35] tinyg [mm] ok> 

From tinyG: [13:34:35] posa:0.000,vel:0.00,stat:5

From tinyG: [13:34:36] posa:21.432,feed:250.00,vel:9783.57,coor:1,dist:0,momo:0

Out > [13:34:36] g90 g0 a-20 z-9

From tinyG: [13:34:36] tinyg [mm] ok> 

From tinyG: [13:34:36] posz:-0.242,posa:28.657,vel:3073.27

From tinyG: [13:34:36] posz:-2.834,posa:14.142,vel:4515.87

From tinyG: [13:34:36] posz:-5.507,posa:-0.596

From tinyG: [13:34:36] posz:-8.160,posa:-15.335,vel:4515.86

From tinyG: [13:34:37] posz:-9.000,posa:-20.000,vel:0.00,stat:3

Out > [13:34:37] g90 g0 a30

Out > [13:34:37] g90 g0 z0

From tinyG: [13:34:37] tinyg [mm] ok> 

From tinyG: [13:34:37] tinyg [mm] ok> 

From tinyG: [13:34:37] posa:1.461,vel:10000.00,stat:5

From tinyG: [13:34:37] posa:29.573,vel:1757.91

From tinyG: [13:34:37] posz:-7.450,posa:30.000,vel:800.00

From tinyG: [13:34:38] posz:-4.774

From tinyG: [13:34:38] posz:-2.098

From tinyG: [13:34:38] posz:-0.003,vel:35.09

From tinyG: [13:34:38] posz:0.000,vel:0.00,stat:3

Out > [13:34:38] g90 g0 a-30

Out > [13:34:38] g90 g0 a20 z-9

From tinyG: [13:34:38] tinyg [mm] ok> 

From tinyG: [13:34:38] tinyg [mm] ok> 

From tinyG: [13:34:38] posa:8.501,vel:10000.00,stat:5

From tinyG: [13:34:39] posa:-24.307,vel:8278.45

From tinyG: [13:34:39] posz:-0.847,posa:-25.294,vel:4509.22

From tinyG: [13:34:39] posz:-3.504,posa:-10.531,vel:4515.87

From tinyG: [13:34:39] posz:-6.182,posa:4.345

From tinyG: [13:34:39] posz:-8.772,posa:18.733,vel:3073.27

From tinyG: [13:34:40] posz:-9.000,posa:20.000,vel:0.00,stat:3

Out > [13:34:40] g90 g0 a-30

Out > [13:34:40] g90 g0 z0

From tinyG: [13:34:40] tinyg [mm] ok> 

From tinyG: [13:34:40] tinyg [mm] ok> 

From tinyG: [13:34:40] posa:-1.461,vel:10000.00,stat:5

From tinyG: [13:34:40] posa:-29.573,vel:1757.91

From tinyG: [13:34:40] posz:-7.450,posa:-30.000,vel:800.00

From tinyG: [13:34:41] posz:-4.774

From tinyG: [13:34:41] posz:-2.098

From tinyG: [13:34:41] posz:-0.003,vel:35.09

From tinyG: [13:34:41] posz:0.000,vel:0.00,stat:3

Out > [13:34:41] $di1fn=2

Out > [13:34:41] g90 g0 a-15

Out > [13:34:41] g90 g0 a-10

From tinyG: [13:34:41] [di1fn] input function          2 [0=none,1=limit,2=interlock,3=shutdown]

From tinyG: [13:34:41] tinyg [mm] ok> 

From tinyG: [13:34:41] tinyg [mm] ok> 

From tinyG: [13:34:41] tinyg [mm] ok> 

From tinyG: [13:34:41] posa:-13.775,vel:5721.53,stat:5

From tinyG: [13:34:42] posa:-10.000,vel:0.00,stat:3

Out > [13:34:42] g90 g0 a-15

Out > [13:34:42] g91 g1 a30 f250

From tinyG: [13:34:42] tinyg [mm] ok> 

From tinyG: [13:34:42] tinyg [mm] ok> 

From tinyG: [13:34:42] posa:-14.863,vel:250.00,dist:1,momo:1,stat:5

From tinyG: [13:34:42] posa:-14.025

From tinyG: [13:34:42] posa:-13.188

From tinyG: [13:34:43] posa:-12.356

From tinyG: [13:34:43] posa:-11.519

From tinyG: [13:34:43] posa:-10.675

From tinyG: [13:34:43] posa:-9.838

From tinyG: [13:34:43] posa:-9.007

From tinyG: [13:34:44] posa:-8.169

From tinyG: [13:34:44] posa:-7.326

From tinyG: [13:34:44] posa:-6.488

From tinyG: [13:34:44] posa:-5.657

From tinyG: [13:34:44] posa:-4.820

From tinyG: [13:34:45] posa:-3.976

From tinyG: [13:34:45] posa:-3.139

From tinyG: [13:34:45] posa:-2.307

From tinyG: [13:34:45] posa:-1.470

From tinyG: [13:34:45] posa:-0.626

From tinyG: [13:34:46] posa:-0.042,vel:0.00,stat:6

From tinyG: [13:34:46] tinyg [mm] ok> 

From tinyG: [13:34:46] stat:3

From tinyG: [13:34:46] [di1fn] input function          0 [0=none,1=limit,2=interlock,3=shutdown]

From tinyG: [13:34:46] tinyg [mm] ok> 

From tinyG: [13:34:46] A position:         -0.042 deg

From tinyG: [13:34:46] tinyg [mm] ok> 

Out > [13:34:46] g90 g0 z-5

Out > [13:34:46] g90 g0 z1

From tinyG: [13:34:46] tinyg [mm] ok> 

From tinyG: [13:34:46] tinyg [mm] ok> 

From tinyG: [13:34:46] posz:-1.818,vel:800.00,dist:0,momo:0,stat:5

From tinyG: [13:34:46] posz:-4.483,vel:725.24

From tinyG: [13:34:46] posz:-4.234,vel:795.19

From tinyG: [13:34:46] posz:-1.578,vel:800.00

From tinyG: [13:34:47] posz:0.910,vel:322.08

From tinyG: [13:34:47] posz:1.000,vel:0.00,stat:3

Out > [13:34:47] g90 g0 z0

Out > [13:34:47] EOF

Out > [13:34:47] !%~

From tinyG: [13:34:47] tinyg [mm] ok> 

From tinyG: [13:36:49] stat:6

