[12:02:30] Starting Log file for session: 20201030-12229

From tinyG: [12:02:31] {"r":{"fv":0.98,"fb":86.03,"hp":3,"hv":0,"id":"0213-0215-0515","msg":"SYSTEM READY"},"f":[1,0,1]}

From tinyG: [12:02:31] tinyg [mm] ok> 

From tinyG: [12:02:31] {"er":{"fb":86.03,"st":9,"msg":"File not open - write_persistent"}}

From tinyG: [12:02:31] [ej]  enable json mode            0 [0=text,1=JSON]

From tinyG: [12:02:31] tinyg [mm] ok> 

Out > [12:02:41] g28.2a0

Out > [12:02:41] $di1fn=0

Out > [12:02:44] g90 g0 a30

From tinyG: [12:02:44] tinyg [mm] ok> 

From tinyG: [12:02:44] coor:0,dist:1,stat:9

From tinyG: [12:02:44] posa:-5.687,feed:2000.00,vel:2000.00,momo:1

From tinyG: [12:02:44] posa:-10.042,vel:0.03

From tinyG: [12:02:44] posa:-4.367,vel:2000.00

From tinyG: [12:02:44] posa:1.258,vel:0.81

From tinyG: [12:02:44] vel:0.00

From tinyG: [12:02:44] posa:-4.388,vel:2000.00

From tinyG: [12:02:44] posa:-8.742,vel:0.03

From tinyG: [12:02:44] posa:-7.795,feed:300.00,vel:300.00

From tinyG: [12:02:44] posa:-6.790

From tinyG: [12:02:44] posa:-5.786

From tinyG: [12:02:44] posa:-4.788

From tinyG: [12:02:44] posa:-3.784

From tinyG: [12:02:44] posa:-2.786

From tinyG: [12:02:44] posa:-1.782

From tinyG: [12:02:44] posa:-0.784

From tinyG: [12:02:44] [di1fn] input function          0 [0=none,1=limit,2=interlock,3=shutdown]

From tinyG: [12:02:44] tinyg [mm] ok> 

From tinyG: [12:02:44] tinyg [mm] ok> 

From tinyG: [12:02:44] posa:0.000,vel:0.00,stat:5

Out > [12:02:44] g90 g0 a-20 z-9

From tinyG: [12:02:44] tinyg [mm] ok> 

From tinyG: [12:02:44] posa:21.432,feed:250.00,vel:9783.57,coor:1,dist:0,momo:0

Out > [12:02:44] g90 g0 a30

From tinyG: [12:02:44] tinyg [mm] ok> 

From tinyG: [12:02:44] posz:0.758,posa:28.792,vel:2776.11

From tinyG: [12:02:44] posz:-1.837,posa:15.814,vel:4079.22

From tinyG: [12:02:45] posz:-4.514,posa:2.430

From tinyG: [12:02:45] posz:-7.211,posa:-11.054

From tinyG: [12:02:45] posz:-9.000,posa:-19.562,vel:1338.41

From tinyG: [12:02:45] posa:7.010,vel:10000.00

From tinyG: [12:02:45] posa:29.999,vel:41.02

From tinyG: [12:02:46] posa:30.000,vel:0.00,stat:3

Out > [12:02:46] g90 g0 z0

Out > [12:02:46] g90 g0 a-30

From tinyG: [12:02:46] tinyg [mm] ok> 

From tinyG: [12:02:46] tinyg [mm] ok> 

From tinyG: [12:02:46] posz:-7.182,vel:800.00,stat:5

From tinyG: [12:02:46] posz:-4.506

From tinyG: [12:02:46] posz:-1.809

From tinyG: [12:02:47] posz:0.000,posa:29.897,vel:465.80

From tinyG: [12:02:47] posa:4.672,vel:10000.00

From tinyG: [12:02:47] posa:-27.370,vel:6148.01

From tinyG: [12:02:47] posa:-30.000,vel:0.00,stat:3

Out > [12:02:47] g90 g0 a20 z-9

Out > [12:02:47] g90 g0 a-30

From tinyG: [12:02:47] tinyg [mm] ok> 

From tinyG: [12:02:47] tinyg [mm] ok> 

From tinyG: [12:02:47] posz:-1.819,posa:-19.896,vel:4515.87,stat:5

From tinyG: [12:02:48] posz:-4.496,posa:-5.020

From tinyG: [12:02:48] posz:-7.154,posa:9.745

From tinyG: [12:02:48] posz:-9.000,posa:19.716,vel:1119.81

From tinyG: [12:02:48] posa:-6.012,vel:10000.00

From tinyG: [12:02:48] posa:-29.991,vel:138.40

From tinyG: [12:02:49] posa:-30.000,vel:0.00,stat:3

Out > [12:02:49] g90 g0 z0

Out > [12:02:49] $di1fn=2

Out > [12:02:49] g90 g0 a-15

From tinyG: [12:02:49] tinyg [mm] ok> 

From tinyG: [12:02:49] {"er":{"fb":86.03,"st":9,"msg":"File not open - write_persistent"}}

From tinyG: [12:02:49] [di1fn] input function          2 [0=none,1=limit,2=interlock,3=shutdown]

From tinyG: [12:02:49] tinyg [mm] ok> 

From tinyG: [12:02:49] tinyg [mm] ok> 

From tinyG: [12:02:49] posz:-7.163,vel:800.00,stat:5

From tinyG: [12:02:49] posz:-4.510

From tinyG: [12:02:49] posz:-1.837

From tinyG: [12:02:50] posz:0.000,vel:0.00

From tinyG: [12:02:50] posa:-15.443,vel:2064.85

From tinyG: [12:02:50] posa:-15.000,vel:0.00,stat:3

Out > [12:02:50] g90 g0 a-10

Out > [12:02:50] g90 g0 a-15

From tinyG: [12:02:50] tinyg [mm] ok> 

From tinyG: [12:02:50] tinyg [mm] ok> 

From tinyG: [12:02:50] posa:-11.115,vel:2609.07,stat:5

From tinyG: [12:02:50] posa:-15.000,vel:0.00,stat:3

Out > [12:02:51] g91 g1 a30 f250

Out > [12:02:51] g90 g0 z-5

From tinyG: [12:02:51] tinyg [mm] ok> 

From tinyG: [12:02:51] tinyg [mm] ok> 

From tinyG: [12:02:51] posa:-14.209,vel:250.00,dist:1,momo:1,stat:5

From tinyG: [12:02:51] posa:-13.365

From tinyG: [12:02:51] posa:-12.528

From tinyG: [12:02:51] posa:-11.697

From tinyG: [12:02:52] posa:-10.859

From tinyG: [12:02:52] posa:-10.028

From tinyG: [12:02:52] posa:-9.191

From tinyG: [12:02:52] posa:-8.359

From tinyG: [12:02:52] posa:-7.522

From tinyG: [12:02:53] posa:-6.691

From tinyG: [12:02:53] posa:-5.854

From tinyG: [12:02:53] posa:-5.022

From tinyG: [12:02:53] posa:-4.185

From tinyG: [12:02:53] posa:-3.354

From tinyG: [12:02:54] posa:-2.517

From tinyG: [12:02:54] posa:-1.685

From tinyG: [12:02:54] posa:-0.848

From tinyG: [12:02:54] posa:-0.082,vel:0.00,stat:6

From tinyG: [12:02:54] dist:0,momo:0,stat:3

From tinyG: [12:02:54] tinyg [mm] ok> 

From tinyG: [12:02:54] [di1fn] input function          0 [0=none,1=limit,2=interlock,3=shutdown]

From tinyG: [12:02:54] tinyg [mm] ok> 

From tinyG: [12:02:54] A position:         -0.082 deg

From tinyG: [12:02:54] tinyg [mm] ok> 

Out > [12:02:54] g90 g0 z1

Out > [12:02:54] g90 g0 z0

From tinyG: [12:02:54] tinyg [mm] ok> 

From tinyG: [12:02:54] tinyg [mm] ok> 

From tinyG: [12:02:55] posz:0.990,vel:101.13,stat:5

From tinyG: [12:02:55] posz:0.000,vel:6.26

From tinyG: [12:02:55] vel:0.00,stat:3

Out > [12:02:55] EOF

Out > [12:02:55] !%~

Out > [12:02:55] g28.2a0

From tinyG: [12:02:55] tinyg [mm] ok> 

From tinyG: [12:02:55] tinyg [mm] ok> 

From tinyG: [12:02:55] posa:-5.728,feed:2000.00,vel:2000.00,coor:0,dist:1,momo:1,stat:9

Out > [12:02:55] $di1fn=0

Out > [12:02:58] g90 g0 a30

From tinyG: [12:02:58] posa:-10.082,vel:0.03

From tinyG: [12:02:58] posa:-4.407,vel:2000.00

From tinyG: [12:02:58] posa:1.167,vel:0.03

From tinyG: [12:02:58] vel:0.00

From tinyG: [12:02:58] posa:-4.479,vel:2000.00

From tinyG: [12:02:58] posa:-8.833,vel:0.03

From tinyG: [12:02:58] posa:-7.886,feed:300.00,vel:300.00

From tinyG: [12:02:58] posa:-6.881

From tinyG: [12:02:58] posa:-5.876

From tinyG: [12:02:58] posa:-4.879

From tinyG: [12:02:58] posa:-3.874

From tinyG: [12:02:58] posa:-2.877

From tinyG: [12:02:58] posa:-1.872

From tinyG: [12:02:58] posa:-0.875

From tinyG: [12:02:58] [di1fn] input function          0 [0=none,1=limit,2=interlock,3=shutdown]

From tinyG: [12:02:58] tinyg [mm] ok> 

From tinyG: [12:02:58] tinyg [mm] ok> 

From tinyG: [12:02:58] posa:0.000,vel:0.00,stat:5

From tinyG: [12:02:58] posa:21.432,feed:250.00,vel:9783.57,coor:1,dist:0,momo:0

Out > [12:02:58] g90 g0 a-20 z-9

From tinyG: [12:02:58] tinyg [mm] ok> 

From tinyG: [12:02:59] posz:-0.242,posa:28.657,vel:3073.27

From tinyG: [12:02:59] posz:-2.834,posa:14.253,vel:4515.87

From tinyG: [12:02:59] posz:-5.507,posa:-0.596

From tinyG: [12:02:59] posz:-8.160,posa:-15.335,vel:4515.86

From tinyG: [12:02:59] posz:-9.000,posa:-20.000,vel:0.00,stat:3

Out > [12:02:59] g90 g0 a30

Out > [12:02:59] g90 g0 z0

From tinyG: [12:02:59] tinyg [mm] ok> 

From tinyG: [12:02:59] tinyg [mm] ok> 

From tinyG: [12:03:00] posa:1.461,vel:10000.00,stat:5

From tinyG: [12:03:00] posa:29.573,vel:1757.91

From tinyG: [12:03:00] posz:-7.450,posa:30.000,vel:800.00

From tinyG: [12:03:00] posz:-4.774

From tinyG: [12:03:00] posz:-2.098

From tinyG: [12:03:01] posz:-0.003,vel:35.09

From tinyG: [12:03:01] posz:0.000,vel:0.00,stat:3

Out > [12:03:01] g90 g0 a-30

Out > [12:03:01] g90 g0 a20 z-9

From tinyG: [12:03:01] tinyg [mm] ok> 

From tinyG: [12:03:01] tinyg [mm] ok> 

From tinyG: [12:03:01] posa:8.501,vel:10000.00,stat:5

From tinyG: [12:03:01] posa:-24.512,vel:8278.45

From tinyG: [12:03:02] posz:-0.847,posa:-25.294,vel:4509.22

From tinyG: [12:03:02] posz:-3.504,posa:-10.531,vel:4515.87

From tinyG: [12:03:02] posz:-6.182,posa:4.345

From tinyG: [12:03:02] posz:-8.772,posa:18.733,vel:3073.27

From tinyG: [12:03:02] posz:-9.000,posa:20.000,vel:0.00,stat:3

Out > [12:03:02] g90 g0 a-30

Out > [12:03:02] g90 g0 z0

From tinyG: [12:03:02] tinyg [mm] ok> 

From tinyG: [12:03:02] tinyg [mm] ok> 

From tinyG: [12:03:03] posa:-1.461,vel:10000.00,stat:5

From tinyG: [12:03:03] posa:-29.613,vel:1627.20

From tinyG: [12:03:03] posz:-7.410,posa:-30.000,vel:800.00

From tinyG: [12:03:03] posz:-4.734

From tinyG: [12:03:03] posz:-2.058

From tinyG: [12:03:04] posz:-0.002,vel:24.12

From tinyG: [12:03:04] posz:0.000,vel:0.00,stat:3

Out > [12:03:04] $di1fn=2

Out > [12:03:04] g90 g0 a-15

Out > [12:03:04] g90 g0 a-10

From tinyG: [12:03:04] [di1fn] input function          2 [0=none,1=limit,2=interlock,3=shutdown]

From tinyG: [12:03:04] tinyg [mm] ok> 

From tinyG: [12:03:04] tinyg [mm] ok> 

From tinyG: [12:03:04] tinyg [mm] ok> 

From tinyG: [12:03:04] posa:-13.775,vel:5721.53,stat:5

From tinyG: [12:03:04] posa:-10.000,vel:0.00,stat:3

Out > [12:03:04] g90 g0 a-15

Out > [12:03:04] g91 g1 a30 f250

From tinyG: [12:03:04] tinyg [mm] ok> 

From tinyG: [12:03:04] tinyg [mm] ok> 

From tinyG: [12:03:05] posa:-14.863,vel:250.00,dist:1,momo:1,stat:5

From tinyG: [12:03:05] posa:-14.025

From tinyG: [12:03:05] posa:-13.188

From tinyG: [12:03:05] posa:-12.356

From tinyG: [12:03:05] posa:-11.519

From tinyG: [12:03:06] posa:-10.675

From tinyG: [12:03:06] posa:-9.838

From tinyG: [12:03:06] posa:-9.007

From tinyG: [12:03:06] posa:-8.169

From tinyG: [12:03:06] posa:-7.326

From tinyG: [12:03:07] posa:-6.488

From tinyG: [12:03:07] posa:-5.657

From tinyG: [12:03:07] posa:-4.820

From tinyG: [12:03:07] posa:-3.976

From tinyG: [12:03:07] posa:-3.139

From tinyG: [12:03:08] posa:-2.307

From tinyG: [12:03:08] posa:-1.470

From tinyG: [12:03:08] posa:-0.639

From tinyG: [12:03:08] posa:-0.035,vel:0.00,stat:6

From tinyG: [12:03:08] tinyg [mm] ok> 

From tinyG: [12:03:08] stat:3

From tinyG: [12:03:08] [di1fn] input function          0 [0=none,1=limit,2=interlock,3=shutdown]

From tinyG: [12:03:08] tinyg [mm] ok> 

From tinyG: [12:03:08] A position:         -0.035 deg

From tinyG: [12:03:08] tinyg [mm] ok> 

Out > [12:03:08] g90 g0 z-5

Out > [12:03:08] g90 g0 z1

From tinyG: [12:03:08] tinyg [mm] ok> 

From tinyG: [12:03:08] tinyg [mm] ok> 

From tinyG: [12:03:09] posz:-1.818,vel:800.00,dist:0,momo:0,stat:5

From tinyG: [12:03:09] posz:-4.483,vel:725.24

From tinyG: [12:03:09] posz:-4.234,vel:795.19

From tinyG: [12:03:09] posz:-1.578,vel:800.00

From tinyG: [12:03:09] posz:0.910,vel:322.08

From tinyG: [12:03:10] posz:1.000,vel:0.00,stat:3

Out > [12:03:10] g90 g0 z0

Out > [12:03:10] EOF

Out > [12:03:10] !%~

From tinyG: [12:03:10] tinyg [mm] ok> 

