[12:53:23] Starting Log file for session: 20201030-125323

From tinyG: [12:53:24] {"r":{"fv":0.98,"fb":86.03,"hp":3,"hv":0,"id":"0213-0215-0515","msg":"SYSTEM READY"},"f":[1,0,1]}

From tinyG: [12:53:24] tinyg [mm] ok> 

From tinyG: [12:53:24] {"er":{"fb":86.03,"st":9,"msg":"File not open - write_persistent"}}

From tinyG: [12:53:24] [ej]  enable json mode            0 [0=text,1=JSON]

From tinyG: [12:53:24] tinyg [mm] ok> 

Out > [12:53:29] g28.2a0

Out > [12:53:29] $di1fn=0

Out > [12:53:32] g90 g0 a30

From tinyG: [12:53:32] tinyg [mm] ok> 

From tinyG: [12:53:32] coor:0,dist:1,stat:9

From tinyG: [12:53:32] posa:-5.687,feed:2000.00,vel:2000.00,momo:1

From tinyG: [12:53:32] posa:-10.042,vel:0.03

From tinyG: [12:53:32] posa:-4.367,vel:2000.00

From tinyG: [12:53:32] posa:1.258,vel:0.81

From tinyG: [12:53:32] vel:0.00

From tinyG: [12:53:32] posa:-4.388,vel:2000.00

From tinyG: [12:53:32] posa:-8.742,vel:0.03

From tinyG: [12:53:32] posa:-7.795,feed:300.00,vel:300.00

From tinyG: [12:53:32] posa:-6.790

From tinyG: [12:53:32] posa:-5.786

From tinyG: [12:53:32] posa:-4.788

From tinyG: [12:53:32] posa:-3.784

From tinyG: [12:53:32] posa:-2.786

From tinyG: [12:53:32] posa:-1.782

From tinyG: [12:53:32] posa:-0.784

From tinyG: [12:53:32] [di1fn] input function          0 [0=none,1=limit,2=interlock,3=shutdown]

From tinyG: [12:53:32] tinyg [mm] ok> 

From tinyG: [12:53:32] tinyg [mm] ok> 

Out > [12:53:32] g90 g0 a-20 z-9

From tinyG: [12:53:32] tinyg [mm] ok> 

From tinyG: [12:53:32] posa:0.000,vel:0.00,stat:5

From tinyG: [12:53:33] posa:21.383,feed:250.00,vel:9671.40,coor:1,dist:0,momo:0

Out > [12:53:33] g90 g0 a30

From tinyG: [12:53:33] tinyg [mm] ok> 

From tinyG: [12:53:33] posz:0.383,posa:26.917,vel:3850.75

From tinyG: [12:53:33] posz:-2.287,posa:13.563,vel:4079.22

From tinyG: [12:53:33] posz:-4.964,posa:0.179

From tinyG: [12:53:33] posz:-7.621,posa:-13.105

From tinyG: [12:53:34] posz:-9.000,posa:-19.860,vel:854.10

From tinyG: [12:53:34] posa:6.998,vel:10000.00

From tinyG: [12:53:34] posa:29.999,vel:41.02

From tinyG: [12:53:34] posa:30.000,vel:0.00,stat:3

Out > [12:53:34] g90 g0 z0

Out > [12:53:34] g90 g0 a-30

From tinyG: [12:53:34] tinyg [mm] ok> 

From tinyG: [12:53:34] tinyg [mm] ok> 

From tinyG: [12:53:35] posz:-7.182,vel:800.00,stat:5

From tinyG: [12:53:35] posz:-4.506

From tinyG: [12:53:35] posz:-1.809

From tinyG: [12:53:35] posz:0.000,posa:29.897,vel:465.80

From tinyG: [12:53:35] posa:4.423,vel:10000.00

From tinyG: [12:53:36] posa:-27.660,vel:5769.70

From tinyG: [12:53:36] posa:-30.000,vel:0.00,stat:3

Out > [12:53:36] g90 g0 a20 z-9

Out > [12:53:36] g90 g0 a-30

From tinyG: [12:53:36] tinyg [mm] ok> 

From tinyG: [12:53:36] tinyg [mm] ok> 

From tinyG: [12:53:36] posz:-1.819,posa:-19.896,vel:4515.87,stat:5

From tinyG: [12:53:36] posz:-4.496,posa:-5.020

From tinyG: [12:53:36] posz:-7.154,posa:9.745

From tinyG: [12:53:37] posz:-9.000,posa:19.658,vel:1190.04

From tinyG: [12:53:37] posa:-6.261,vel:10000.00

From tinyG: [12:53:37] posa:-29.994,vel:107.13

From tinyG: [12:53:37] posa:-30.000,vel:0.00,stat:3

Out > [12:53:37] g90 g0 z0

Out > [12:53:37] $di1fn=2

Out > [12:53:37] g90 g0 a-15

From tinyG: [12:53:37] tinyg [mm] ok> 

From tinyG: [12:53:37] {"er":{"fb":86.03,"st":9,"msg":"File not open - write_persistent"}}

From tinyG: [12:53:37] [di1fn] input function          2 [0=none,1=limit,2=interlock,3=shutdown]

From tinyG: [12:53:37] tinyg [mm] ok> 

From tinyG: [12:53:37] tinyg [mm] ok> 

From tinyG: [12:53:38] posz:-7.182,vel:800.00,stat:5

From tinyG: [12:53:38] posz:-4.506

From tinyG: [12:53:38] posz:-1.809

From tinyG: [12:53:38] posz:0.000,posa:-29.892,vel:503.18

From tinyG: [12:53:38] posa:-15.032,vel:349.30

From tinyG: [12:53:39] posa:-15.000,vel:0.00,stat:3

Out > [12:53:39] g90 g0 a-10

Out > [12:53:39] g90 g0 a-15

From tinyG: [12:53:39] tinyg [mm] ok> 

From tinyG: [12:53:39] tinyg [mm] ok> 

From tinyG: [12:53:39] posa:-11.115,vel:2609.07,stat:5

From tinyG: [12:53:39] posa:-15.000,vel:0.00,stat:3

Out > [12:53:39] g91 g1 a30 f250

Out > [12:53:39] g90 g0 z-5

From tinyG: [12:53:39] tinyg [mm] ok> 

From tinyG: [12:53:39] tinyg [mm] ok> 

From tinyG: [12:53:39] posa:-14.209,vel:250.00,dist:1,momo:1,stat:5

From tinyG: [12:53:40] posa:-13.365

From tinyG: [12:53:40] posa:-12.528

From tinyG: [12:53:40] posa:-11.697

From tinyG: [12:53:40] posa:-10.859

From tinyG: [12:53:40] posa:-10.015

From tinyG: [12:53:41] posa:-9.178

From tinyG: [12:53:41] posa:-8.347

From tinyG: [12:53:41] posa:-7.509

From tinyG: [12:53:41] posa:-6.678

From tinyG: [12:53:41] posa:-5.841

From tinyG: [12:53:42] posa:-5.010

From tinyG: [12:53:42] posa:-4.173

From tinyG: [12:53:42] posa:-3.341

From tinyG: [12:53:42] posa:-2.504

From tinyG: [12:53:42] posa:-1.673

From tinyG: [12:53:43] posa:-0.836

From tinyG: [12:53:43] posa:-0.044,vel:1.78,stat:6

From tinyG: [12:53:43] vel:0.00

From tinyG: [12:53:43] tinyg [mm] ok> 

From tinyG: [12:53:43] dist:0,momo:0,stat:3

From tinyG: [12:53:43] [di1fn] input function          0 [0=none,1=limit,2=interlock,3=shutdown]

From tinyG: [12:53:43] tinyg [mm] ok> 

From tinyG: [12:53:43] A position:         -0.044 deg

From tinyG: [12:53:43] tinyg [mm] ok> 

Out > [12:53:43] g90 g0 z1

Out > [12:53:43] g90 g0 z0

From tinyG: [12:53:43] tinyg [mm] ok> 

From tinyG: [12:53:43] tinyg [mm] ok> 

From tinyG: [12:53:43] posz:0.990,vel:101.13,stat:5

From tinyG: [12:53:43] posz:0.000,vel:6.26

From tinyG: [12:53:43] vel:0.00,stat:3

Out > [12:53:44] EOF

Out > [12:53:44] !%~

Out > [12:53:44] g28.2a0

From tinyG: [12:53:44] tinyg [mm] ok> 

From tinyG: [12:53:44] tinyg [mm] ok> 

From tinyG: [12:53:44] posa:-5.690,feed:2000.00,vel:2000.00,coor:0,dist:1,momo:1,stat:9

Out > [12:53:44] $di1fn=0

Out > [12:53:47] g90 g0 a30

From tinyG: [12:53:47] posa:-10.044,vel:0.03

From tinyG: [12:53:47] posa:-4.370,vel:2000.00

From tinyG: [12:53:47] posa:1.205,vel:0.03

From tinyG: [12:53:47] vel:0.00

From tinyG: [12:53:47] posa:-4.441,vel:2000.00

From tinyG: [12:53:47] posa:-8.795,vel:0.03

From tinyG: [12:53:47] posa:-7.848,feed:300.00,vel:300.00

From tinyG: [12:53:47] posa:-6.843

From tinyG: [12:53:47] posa:-5.839

From tinyG: [12:53:47] posa:-4.841

From tinyG: [12:53:47] posa:-3.837

From tinyG: [12:53:47] posa:-2.839

From tinyG: [12:53:47] posa:-1.835

From tinyG: [12:53:47] posa:-0.837

From tinyG: [12:53:47] [di1fn] input function          0 [0=none,1=limit,2=interlock,3=shutdown]

From tinyG: [12:53:47] tinyg [mm] ok> 

From tinyG: [12:53:47] tinyg [mm] ok> 

From tinyG: [12:53:47] posa:0.000,vel:0.00,stat:5

From tinyG: [12:53:47] posa:21.432,feed:250.00,vel:9783.57,coor:1,dist:0,momo:0

Out > [12:53:47] g90 g0 a-20 z-9

From tinyG: [12:53:47] tinyg [mm] ok> 

From tinyG: [12:53:47] posz:-0.242,posa:28.657,vel:3073.27

From tinyG: [12:53:47] posz:-2.854,posa:14.142,vel:4515.87

From tinyG: [12:53:48] posz:-5.507,posa:-0.596

From tinyG: [12:53:48] posz:-8.160,posa:-15.335,vel:4515.86

From tinyG: [12:53:48] posz:-9.000,posa:-20.000,vel:0.00,stat:3

Out > [12:53:48] g90 g0 a30

Out > [12:53:48] g90 g0 z0

From tinyG: [12:53:48] tinyg [mm] ok> 

From tinyG: [12:53:48] tinyg [mm] ok> 

From tinyG: [12:53:48] posa:1.461,vel:10000.00,stat:5

From tinyG: [12:53:48] posa:29.613,vel:1627.20

From tinyG: [12:53:49] posz:-7.410,posa:30.000,vel:800.00

From tinyG: [12:53:49] posz:-4.734

From tinyG: [12:53:49] posz:-2.058

From tinyG: [12:53:49] posz:-0.002,vel:24.12

From tinyG: [12:53:49] posz:0.000,vel:0.00,stat:3

Out > [12:53:49] g90 g0 a-30

Out > [12:53:49] g90 g0 a20 z-9

From tinyG: [12:53:49] tinyg [mm] ok> 

From tinyG: [12:53:49] tinyg [mm] ok> 

From tinyG: [12:53:50] posa:8.501,vel:10000.00,stat:5

From tinyG: [12:53:50] posa:-24.512,vel:8278.45

From tinyG: [12:53:50] posz:-0.847,posa:-25.294,vel:4509.22

From tinyG: [12:53:50] posz:-3.504,posa:-10.531,vel:4515.87

From tinyG: [12:53:50] posz:-6.182,posa:4.345

From tinyG: [12:53:51] posz:-8.772,posa:18.733,vel:3073.27

From tinyG: [12:53:51] posz:-9.000,posa:20.000,vel:0.00,stat:3

Out > [12:53:51] g90 g0 a-30

Out > [12:53:51] g90 g0 z0

From tinyG: [12:53:51] tinyg [mm] ok> 

From tinyG: [12:53:51] tinyg [mm] ok> 

From tinyG: [12:53:51] posa:-1.461,vel:10000.00,stat:5

From tinyG: [12:53:51] posa:-29.613,vel:1627.20

From tinyG: [12:53:52] posz:-7.410,posa:-30.000,vel:800.00

From tinyG: [12:53:52] posz:-4.734

From tinyG: [12:53:52] posz:-2.058

From tinyG: [12:53:52] posz:-0.002,vel:19.52

From tinyG: [12:53:52] posz:0.000,vel:0.00,stat:3

Out > [12:53:52] $di1fn=2

Out > [12:53:52] g90 g0 a-15

Out > [12:53:52] g90 g0 a-10

From tinyG: [12:53:52] [di1fn] input function          2 [0=none,1=limit,2=interlock,3=shutdown]

From tinyG: [12:53:52] tinyg [mm] ok> 

From tinyG: [12:53:52] tinyg [mm] ok> 

From tinyG: [12:53:52] tinyg [mm] ok> 

From tinyG: [12:53:53] posa:-13.775,vel:5721.53,stat:5

From tinyG: [12:53:53] posa:-10.000,vel:0.00,stat:3

Out > [12:53:53] g90 g0 a-15

Out > [12:53:53] g91 g1 a30 f250

From tinyG: [12:53:53] tinyg [mm] ok> 

From tinyG: [12:53:53] tinyg [mm] ok> 

From tinyG: [12:53:53] posa:-14.863,vel:250.00,dist:1,momo:1,stat:5

From tinyG: [12:53:53] posa:-14.025

From tinyG: [12:53:54] posa:-13.188

From tinyG: [12:53:54] posa:-12.356

From tinyG: [12:53:54] posa:-11.519

From tinyG: [12:53:54] posa:-10.675

From tinyG: [12:53:54] posa:-9.838

From tinyG: [12:53:55] posa:-9.007

From tinyG: [12:53:55] posa:-8.169

From tinyG: [12:53:55] posa:-7.326

From tinyG: [12:53:55] posa:-6.488

From tinyG: [12:53:55] posa:-5.657

From tinyG: [12:53:56] posa:-4.820

From tinyG: [12:53:56] posa:-3.976

From tinyG: [12:53:56] posa:-3.139

From tinyG: [12:53:56] posa:-2.307

From tinyG: [12:53:56] posa:-1.470

From tinyG: [12:53:57] posa:-0.639

From tinyG: [12:53:57] posa:-0.035,vel:0.00,stat:6

From tinyG: [12:53:57] tinyg [mm] ok> 

From tinyG: [12:53:57] stat:3

From tinyG: [12:53:57] [di1fn] input function          0 [0=none,1=limit,2=interlock,3=shutdown]

From tinyG: [12:53:57] tinyg [mm] ok> 

From tinyG: [12:53:57] A position:         -0.035 deg

From tinyG: [12:53:57] tinyg [mm] ok> 

Out > [12:53:57] g90 g0 z-5

Out > [12:53:57] g90 g0 z1

From tinyG: [12:53:57] tinyg [mm] ok> 

From tinyG: [12:53:57] tinyg [mm] ok> 

From tinyG: [12:53:57] posz:-1.818,vel:800.00,dist:0,momo:0,stat:5

From tinyG: [12:53:57] posz:-4.483,vel:734.21

From tinyG: [12:53:58] posz:-4.234,vel:795.19

From tinyG: [12:53:58] posz:-1.578,vel:800.00

From tinyG: [12:53:58] posz:0.910,vel:322.08

From tinyG: [12:53:58] posz:1.000,vel:0.00,stat:3

Out > [12:53:58] g90 g0 z0

Out > [12:53:58] EOF

Out > [12:53:58] !%~

From tinyG: [12:53:58] tinyg [mm] ok> 

