[12:55:14] Starting Log file for session: 20201030-125514

From tinyG: [12:55:15] {"r":{"fv":0.98,"fb":86.03,"hp":3,"hv":0,"id":"0213-0215-0515","msg":"SYSTEM READY"},"f":[1,0,1]}

From tinyG: [12:55:15] tinyg [mm] ok> 

From tinyG: [12:55:15] {"er":{"fb":86.03,"st":9,"msg":"File not open - write_persistent"}}

From tinyG: [12:55:15] [ej]  enable json mode            0 [0=text,1=JSON]

From tinyG: [12:55:15] tinyg [mm] ok> 

Out > [12:55:24] g28.2a0

Out > [12:55:24] $di1fn=0

Out > [12:55:27] g90 g0 a30

From tinyG: [12:55:27] tinyg [mm] ok> 

From tinyG: [12:55:27] coor:0,dist:1,stat:9

From tinyG: [12:55:27] posa:-5.681,feed:2000.00,vel:2000.00,momo:1

From tinyG: [12:55:27] posa:-10.035,vel:0.03

From tinyG: [12:55:27] posa:-4.361,vel:2000.00

From tinyG: [12:55:27] posa:1.264,vel:0.81

From tinyG: [12:55:27] vel:0.00

From tinyG: [12:55:27] posa:-4.382,vel:2000.00

From tinyG: [12:55:27] posa:-8.736,vel:0.03

From tinyG: [12:55:27] posa:-7.789,feed:300.00,vel:300.00

From tinyG: [12:55:27] posa:-6.784

From tinyG: [12:55:27] posa:-5.779

From tinyG: [12:55:27] posa:-4.782

From tinyG: [12:55:27] posa:-3.777

From tinyG: [12:55:27] posa:-2.780

From tinyG: [12:55:27] posa:-1.775

From tinyG: [12:55:27] posa:-0.778

From tinyG: [12:55:27] [di1fn] input function          0 [0=none,1=limit,2=interlock,3=shutdown]

From tinyG: [12:55:27] tinyg [mm] ok> 

From tinyG: [12:55:27] tinyg [mm] ok> 

Out > [12:55:27] g90 g0 a-20 z-9

From tinyG: [12:55:27] tinyg [mm] ok> 

From tinyG: [12:55:27] posa:0.000,vel:0.00,stat:5

From tinyG: [12:55:27] posa:21.383,feed:250.00,vel:9671.40,coor:1,dist:0,momo:0

Out > [12:55:27] g90 g0 a30

From tinyG: [12:55:27] tinyg [mm] ok> 

From tinyG: [12:55:27] posz:0.383,posa:26.917,vel:3850.75

From tinyG: [12:55:28] posz:-2.287,posa:13.563,vel:4079.22

From tinyG: [12:55:28] posz:-4.964,posa:0.179

From tinyG: [12:55:28] posz:-7.621,posa:-13.105

From tinyG: [12:55:28] posz:-9.000,posa:-19.860,vel:854.10

From tinyG: [12:55:28] posa:6.998,vel:10000.00

From tinyG: [12:55:29] posa:29.999,vel:41.02

From tinyG: [12:55:29] posa:30.000,vel:0.00,stat:3

Out > [12:55:29] g90 g0 z0

Out > [12:55:29] g90 g0 a-30

From tinyG: [12:55:29] tinyg [mm] ok> 

From tinyG: [12:55:29] tinyg [mm] ok> 

From tinyG: [12:55:29] posz:-7.182,vel:800.00,stat:5

From tinyG: [12:55:29] posz:-4.506

From tinyG: [12:55:29] posz:-1.809

From tinyG: [12:55:30] posz:0.000,posa:29.897,vel:465.80

From tinyG: [12:55:30] posa:4.423,vel:10000.00

From tinyG: [12:55:30] posa:-27.660,vel:5769.70

From tinyG: [12:55:30] posa:-30.000,vel:0.00,stat:3

Out > [12:55:30] g90 g0 a20 z-9

Out > [12:55:30] g90 g0 a-30

From tinyG: [12:55:30] tinyg [mm] ok> 

From tinyG: [12:55:30] tinyg [mm] ok> 

From tinyG: [12:55:30] posz:-1.819,posa:-19.896,vel:4515.87,stat:5

From tinyG: [12:55:31] posz:-4.496,posa:-5.020

From tinyG: [12:55:31] posz:-7.154,posa:9.745

From tinyG: [12:55:31] posz:-9.000,posa:19.658,vel:1190.04

From tinyG: [12:55:31] posa:-6.261,vel:10000.00

From tinyG: [12:55:31] posa:-29.994,vel:107.13

From tinyG: [12:55:32] posa:-30.000,vel:0.00,stat:3

Out > [12:55:32] g90 g0 z0

Out > [12:55:32] $di1fn=2

Out > [12:55:32] g90 g0 a-15

From tinyG: [12:55:32] tinyg [mm] ok> 

From tinyG: [12:55:32] {"er":{"fb":86.03,"st":9,"msg":"File not open - write_persistent"}}

From tinyG: [12:55:32] [di1fn] input function          2 [0=none,1=limit,2=interlock,3=shutdown]

From tinyG: [12:55:32] tinyg [mm] ok> 

From tinyG: [12:55:32] tinyg [mm] ok> 

From tinyG: [12:55:32] posz:-7.182,vel:800.00,stat:5

From tinyG: [12:55:32] posz:-4.506

From tinyG: [12:55:32] posz:-1.809

From tinyG: [12:55:33] posz:0.000,posa:-29.892,vel:503.18

From tinyG: [12:55:33] posa:-15.032,vel:349.30

From tinyG: [12:55:33] posa:-15.000,vel:0.00,stat:3

Out > [12:55:33] g90 g0 a-10

Out > [12:55:33] g90 g0 a-15

From tinyG: [12:55:33] tinyg [mm] ok> 

From tinyG: [12:55:33] tinyg [mm] ok> 

From tinyG: [12:55:33] posa:-11.115,vel:2609.07,stat:5

From tinyG: [12:55:33] posa:-15.000,vel:0.00,stat:3

Out > [12:55:33] g91 g1 a30 f250

Out > [12:55:33] g90 g0 z-5

From tinyG: [12:55:33] tinyg [mm] ok> 

From tinyG: [12:55:34] tinyg [mm] ok> 

From tinyG: [12:55:34] posa:-14.209,vel:250.00,dist:1,momo:1,stat:5

From tinyG: [12:55:34] posa:-13.365

From tinyG: [12:55:34] posa:-12.528

From tinyG: [12:55:34] posa:-11.697

From tinyG: [12:55:35] posa:-10.859

From tinyG: [12:55:35] posa:-10.015

From tinyG: [12:55:35] posa:-9.178

From tinyG: [12:55:35] posa:-8.347

From tinyG: [12:55:35] posa:-7.509

From tinyG: [12:55:36] posa:-6.678

From tinyG: [12:55:36] posa:-5.841

From tinyG: [12:55:36] posa:-5.010

From tinyG: [12:55:36] posa:-4.173

From tinyG: [12:55:36] posa:-3.329

From tinyG: [12:55:37] posa:-2.492

From tinyG: [12:55:37] posa:-1.660

From tinyG: [12:55:37] posa:-0.823

From tinyG: [12:55:37] posa:-0.051,vel:0.00,stat:6

From tinyG: [12:55:37] tinyg [mm] ok> 

From tinyG: [12:55:37] dist:0,momo:0,stat:3

From tinyG: [12:55:37] [di1fn] input function          0 [0=none,1=limit,2=interlock,3=shutdown]

From tinyG: [12:55:37] tinyg [mm] ok> 

From tinyG: [12:55:37] A position:         -0.051 deg

From tinyG: [12:55:37] tinyg [mm] ok> 

Out > [12:55:37] g90 g0 z1

Out > [12:55:37] g90 g0 z0

From tinyG: [12:55:37] tinyg [mm] ok> 

From tinyG: [12:55:37] tinyg [mm] ok> 

From tinyG: [12:55:38] posz:0.990,vel:101.13,stat:5

From tinyG: [12:55:38] posz:0.000,vel:6.26

From tinyG: [12:55:38] vel:0.00,stat:3

Out > [12:55:38] EOF

Out > [12:55:38] !%~

Out > [12:55:38] g28.2a0

From tinyG: [12:55:38] tinyg [mm] ok> 

From tinyG: [12:55:38] tinyg [mm] ok> 

From tinyG: [12:55:38] posa:-5.697,feed:2000.00,vel:2000.00,coor:0,dist:1,momo:1,stat:9

Out > [12:55:38] $di1fn=0

Out > [12:55:41] g90 g0 a30

From tinyG: [12:55:41] posa:-10.051,vel:0.03

From tinyG: [12:55:41] posa:-4.376,vel:2000.00

From tinyG: [12:55:41] posa:1.198,vel:0.03

From tinyG: [12:55:41] vel:0.00

From tinyG: [12:55:41] posa:-4.448,vel:2000.00

From tinyG: [12:55:41] posa:-8.802,vel:0.03

From tinyG: [12:55:41] posa:-7.854,feed:300.00,vel:300.00

From tinyG: [12:55:41] posa:-6.850

From tinyG: [12:55:41] posa:-5.845

From tinyG: [12:55:41] posa:-4.848

From tinyG: [12:55:41] posa:-3.843

From tinyG: [12:55:41] posa:-2.846

From tinyG: [12:55:41] posa:-1.841

From tinyG: [12:55:41] posa:-0.844

From tinyG: [12:55:41] [di1fn] input function          0 [0=none,1=limit,2=interlock,3=shutdown]

From tinyG: [12:55:41] tinyg [mm] ok> 

From tinyG: [12:55:41] tinyg [mm] ok> 

From tinyG: [12:55:41] posa:0.000,vel:0.00,stat:5

From tinyG: [12:55:41] posa:21.432,feed:250.00,vel:9783.57,coor:1,dist:0,momo:0

Out > [12:55:41] g90 g0 a-20 z-9

From tinyG: [12:55:41] tinyg [mm] ok> 

From tinyG: [12:55:42] posz:-0.242,posa:28.657,vel:3073.27

From tinyG: [12:55:42] posz:-2.834,posa:14.142,vel:4515.87

From tinyG: [12:55:42] posz:-5.507,posa:-0.596

From tinyG: [12:55:42] posz:-8.200,posa:-15.557,vel:4514.81

From tinyG: [12:55:42] posz:-9.000,posa:-20.000,vel:0.00,stat:3

Out > [12:55:42] g90 g0 a30

Out > [12:55:42] g90 g0 z0

From tinyG: [12:55:42] tinyg [mm] ok> 

From tinyG: [12:55:42] tinyg [mm] ok> 

From tinyG: [12:55:43] posa:1.461,vel:10000.00,stat:5

From tinyG: [12:55:43] posa:29.573,vel:1757.91

From tinyG: [12:55:43] posz:-7.450,posa:30.000,vel:800.00

From tinyG: [12:55:43] posz:-4.774

From tinyG: [12:55:43] posz:-2.098

From tinyG: [12:55:44] posz:-0.003,vel:35.09

From tinyG: [12:55:44] posz:0.000,vel:0.00,stat:3

Out > [12:55:44] g90 g0 a-30

Out > [12:55:44] g90 g0 a20 z-9

From tinyG: [12:55:44] tinyg [mm] ok> 

From tinyG: [12:55:44] tinyg [mm] ok> 

From tinyG: [12:55:44] posa:8.501,vel:10000.00,stat:5

From tinyG: [12:55:44] posa:-24.512,vel:8278.45

From tinyG: [12:55:45] posz:-0.847,posa:-25.294,vel:4509.22

From tinyG: [12:55:45] posz:-3.504,posa:-10.531,vel:4515.87

From tinyG: [12:55:45] posz:-6.182,posa:4.345

From tinyG: [12:55:45] posz:-8.772,posa:18.733,vel:3073.27

From tinyG: [12:55:45] posz:-9.000,posa:20.000,vel:0.00,stat:3

Out > [12:55:45] g90 g0 a-30

Out > [12:55:45] g90 g0 z0

From tinyG: [12:55:45] tinyg [mm] ok> 

From tinyG: [12:55:45] tinyg [mm] ok> 

From tinyG: [12:55:46] posa:-1.461,vel:10000.00,stat:5

From tinyG: [12:55:46] posa:-29.573,vel:1757.91

From tinyG: [12:55:46] posz:-7.450,posa:-30.000,vel:800.00

From tinyG: [12:55:46] posz:-4.774

From tinyG: [12:55:46] posz:-2.098

From tinyG: [12:55:47] posz:-0.003,vel:29.30

From tinyG: [12:55:47] posz:0.000,vel:0.00,stat:3

Out > [12:55:47] $di1fn=2

Out > [12:55:47] g90 g0 a-15

Out > [12:55:47] g90 g0 a-10

From tinyG: [12:55:47] [di1fn] input function          2 [0=none,1=limit,2=interlock,3=shutdown]

From tinyG: [12:55:47] tinyg [mm] ok> 

From tinyG: [12:55:47] tinyg [mm] ok> 

From tinyG: [12:55:47] tinyg [mm] ok> 

From tinyG: [12:55:47] posa:-13.775,vel:5721.53,stat:5

From tinyG: [12:55:47] posa:-10.000,vel:0.00,stat:3

Out > [12:55:47] g90 g0 a-15

Out > [12:55:47] g91 g1 a30 f250

From tinyG: [12:55:47] tinyg [mm] ok> 

From tinyG: [12:55:47] tinyg [mm] ok> 

From tinyG: [12:55:48] posa:-14.863,vel:250.00,dist:1,momo:1,stat:5

From tinyG: [12:55:48] posa:-14.025

From tinyG: [12:55:48] posa:-13.188

From tinyG: [12:55:48] posa:-12.356

From tinyG: [12:55:48] posa:-11.519

From tinyG: [12:55:49] posa:-10.675

From tinyG: [12:55:49] posa:-9.838

From tinyG: [12:55:49] posa:-9.007

From tinyG: [12:55:49] posa:-8.169

From tinyG: [12:55:49] posa:-7.326

From tinyG: [12:55:50] posa:-6.488

From tinyG: [12:55:50] posa:-5.657

From tinyG: [12:55:50] posa:-4.820

From tinyG: [12:55:50] posa:-3.989

From tinyG: [12:55:50] posa:-3.151

From tinyG: [12:55:51] posa:-2.320

From tinyG: [12:55:51] posa:-1.483

From tinyG: [12:55:51] posa:-0.651

From tinyG: [12:55:51] posa:-0.035,vel:0.00,stat:6

From tinyG: [12:55:51] tinyg [mm] ok> 

From tinyG: [12:55:51] stat:3

From tinyG: [12:55:51] [di1fn] input function          0 [0=none,1=limit,2=interlock,3=shutdown]

From tinyG: [12:55:51] tinyg [mm] ok> 

From tinyG: [12:55:51] A position:         -0.035 deg

From tinyG: [12:55:51] tinyg [mm] ok> 

Out > [12:55:51] g90 g0 z-5

Out > [12:55:51] g90 g0 z1

From tinyG: [12:55:51] tinyg [mm] ok> 

From tinyG: [12:55:51] tinyg [mm] ok> 

From tinyG: [12:55:52] posz:-1.818,vel:800.00,dist:0,momo:0,stat:5

From tinyG: [12:55:52] posz:-4.483,vel:725.24

From tinyG: [12:55:52] posz:-4.234,vel:795.19

From tinyG: [12:55:52] posz:-1.578,vel:800.00

From tinyG: [12:55:52] posz:0.910,vel:322.08

From tinyG: [12:55:53] posz:1.000,vel:0.00,stat:3

Out > [12:55:53] g90 g0 z0

Out > [12:55:53] EOF

Out > [12:55:53] !%~

From tinyG: [12:55:53] tinyg [mm] ok> 

