[13:28:15] Starting Log file for session: 2020724-132815

From tinyG: [13:28:20] {r:{fv:0.98,fb:86.03,hp:3,hv:0,id:"0213-0215-0515",msg:"SYSTEM READY"},f:[1,0,1]}

From tinyG: [13:28:20] tinyg [mm] ok> 

Out > [13:28:22] $ej:0


From tinyG: [13:28:22] [ej]  enable json mode            0 [0=text,1=JSON]

From tinyG: [13:28:22] tinyg [mm] ok> 

From tinyG: [13:28:27] {r:{tinygmo:null},f:[1,100,26]}

From tinyG: [13:28:27] {r:{baud:null},f:[1,100,11]}

From tinyG: [13:28:27] {r:{js:0},f:[1,0,9]}

From tinyG: [13:28:27] {r:{gpa:0},f:[1,0,10]}

From tinyG: [13:28:27] {r:{gun:1},f:[1,0,10]}

From tinyG: [13:28:27] {r:{ja:0.00},f:[1,0,9]}

From tinyG: [13:28:27] {r:{si:250},f:[1,0,11]}

From tinyG: [13:28:27] {r:{jv:5},f:[1,0,9]}

From tinyG: [13:28:27] {r:{mt:0},f:[1,0,11]}

From tinyG: [13:28:27] {r:{st:null},f:[1,100,9]}

From tinyG: [13:28:27] {r:{motorma:null},f:[1,100,20]}

From tinyG: [13:28:27] {r:{1ma:5},f:[1,0,10]}

From tinyG: [13:28:27] {r:{2ma:0},f:[1,0,10]}

From tinyG: [13:28:27] {r:{3ma:2},f:[1,0,10]}

From tinyG: [13:28:27] {r:{4ma:3},f:[1,0,10]}

From tinyG: [13:28:27] {r:{polarit:null},f:[1,100,18]}

From tinyG: [13:28:27] {r:{1po:1},f:[1,0,10]}

From tinyG: [13:28:27] {r:{2po:0},f:[1,0,10]}

From tinyG: [13:28:27] {r:{3po:1},f:[1,0,10]}

From tinyG: [13:28:27] {r:{4po:0},f:[1,0,10]}

From tinyG: [13:28:27] {r:{trvalue:null},f:[1,100,16]}

From tinyG: [13:28:27] {r:{1tr:60.0000},f:[1,0,11]}

From tinyG: [13:28:27] {r:{2tr:6.3500},f:[1,0,13]}

From tinyG: [13:28:27] {r:{3tr:5.0000},f:[1,0,10]}

From tinyG: [13:28:27] {r:{4tr:60.0000},f:[1,0,11]}

From tinyG: [13:28:27] {r:{powerse:null},f:[1,100,21]}

From tinyG: [13:28:27] {r:{1pl:1.000},f:[1,0,10]}

From tinyG: [13:28:27] {r:{2pl:1.000},f:[1,0,10]}

From tinyG: [13:28:27] {r:{3pl:0.000},f:[1,0,10]}

From tinyG: [13:28:27] {r:{4pl:0.000},f:[1,0,10]}

From tinyG: [13:28:27] {r:{1pm:2},f:[1,0,10]}

From tinyG: [13:28:27] {r:{2pm:2},f:[1,0,10]}

From tinyG: [13:28:27] {r:{3pm:2},f:[1,0,10]}

From tinyG: [13:28:27] {r:{4pm:2},f:[1,0,10]}

From tinyG: [13:28:27] {r:{motorse:null},f:[1,100,21]}

From tinyG: [13:28:27] {r:{1mi:16},f:[1,0,11]}

From tinyG: [13:28:27] {r:{2mi:32},f:[1,0,11]}

From tinyG: [13:28:27] {r:{3mi:10,msg:"*** WARNING *** Setting non-standard microstep value"},f:[1,0,11]}

From tinyG: [13:28:27] {r:{4mi:10,msg:"*** WARNING *** Setting non-standard microstep value"},f:[1,0,11]}

From tinyG: [13:28:27] {r:{1sa:1.800},f:[1,0,12]}

From tinyG: [13:28:27] {r:{2sa:1.800},f:[1,0,12]}

From tinyG: [13:28:27] {r:{3sa:1.800},f:[1,0,12]}

From tinyG: [13:28:27] {r:{4sa:1.800},f:[1,0,12]}

From tinyG: [13:28:27] {r:{axesset:null},f:[1,100,20]}

From tinyG: [13:28:27] {r:{xam:1},f:[1,0,10]}

From tinyG: [13:28:27] {r:{xvm:1500},f:[1,0,13]}

From tinyG: [13:28:27] {r:{xjm:5000},f:[1,0,13]}

From tinyG: [13:28:27] {r:{xfr:5000},f:[1,0,13]}

From tinyG: [13:28:27] {r:{xtn:-500.000},f:[1,0,13]}

From tinyG: [13:28:27] {r:{xtm:0.000},f:[1,0,10]}

From tinyG: [13:28:27] {r:{yam:0},f:[1,0,10]}

From tinyG: [13:28:27] {r:{yvm:0},f:[1,0,10]}

From tinyG: [13:28:28] {r:{yjm:0},f:[1,0,10]}

From tinyG: [13:28:28] {r:{yfr:0},f:[1,0,10]}

From tinyG: [13:28:28] {r:{zam:1},f:[1,0,10]}

From tinyG: [13:28:28] {r:{zvm:3750},f:[1,0,13]}

From tinyG: [13:28:28] {r:{zjm:5000},f:[1,0,13]}

From tinyG: [13:28:28] {r:{zfr:3750},f:[1,0,13]}

From tinyG: [13:28:28] {r:{ztn:-100.000},f:[1,0,13]}

From tinyG: [13:28:28] {r:{ztm:2.000},f:[1,0,10]}

From tinyG: [13:28:28] {r:{aam:1},f:[1,0,10]}

From tinyG: [13:28:28] {r:{avm:20000},f:[1,0,14]}

From tinyG: [13:28:28] {r:{ajm:10000},f:[1,0,14]}

From tinyG: [13:28:28] {r:{afr:15000},f:[1,0,14]}

From tinyG: [13:28:28] {r:{atn:-3600.000},f:[1,0,14]}

From tinyG: [13:28:28] {r:{atm:3600.000},f:[1,0,13]}

From tinyG: [13:28:28] {r:{cam:1},f:[1,0,10]}

From tinyG: [13:28:28] {r:{cvm:10000},f:[1,0,14]}

From tinyG: [13:28:28] {r:{cjm:5000},f:[1,0,13]}

From tinyG: [13:28:28] {r:{cfr:10000},f:[1,0,14]}

From tinyG: [13:28:28] {r:{ctn:-3600.000},f:[1,0,14]}

From tinyG: [13:28:28] {r:{ctm:3600.000},f:[1,0,13]}

From tinyG: [13:28:28] {r:{limitsw:null},f:[1,100,21]}

From tinyG: [13:28:28] {r:{sl:1},f:[1,0,9]}

From tinyG: [13:28:28] {r:{xsn:null},f:[1,100,10]}

From tinyG: [13:28:28] {r:{ahi:1},f:[1,0,10]}

From tinyG: [13:28:28] {r:{di1mo:1},f:[1,0,12]}

From tinyG: [13:28:28] {r:{di1ac:0},f:[1,0,12]}

From tinyG: [13:28:28] {r:{di1fn:0},f:[1,0,12]}

From tinyG: [13:28:28] {r:{xsx:null},f:[1,100,10]}

From tinyG: [13:28:28] {r:{xhi:2},f:[1,0,10]}

From tinyG: [13:28:28] {r:{di2mo:0},f:[1,0,12]}

From tinyG: [13:28:28] {r:{di2ac:0},f:[1,0,12]}

From tinyG: [13:28:28] {r:{di2fn:0},f:[1,0,12]}

From tinyG: [13:28:28] {r:{ysn:null},f:[1,100,10]}

From tinyG: [13:28:28] {r:{yhi:0},f:[1,0,10]}

From tinyG: [13:28:28] {r:{di3mo:-1},f:[1,0,13]}

From tinyG: [13:28:28] {r:{di3ac:0},f:[1,0,12]}

From tinyG: [13:28:28] {r:{di3fn:0},f:[1,0,12]}

From tinyG: [13:28:28] {r:{ysx:null},f:[1,100,10]}

From tinyG: [13:28:28] {r:{di4mo:-1},f:[1,0,13]}

From tinyG: [13:28:28] {r:{di4ac:0},f:[1,0,12]}

From tinyG: [13:28:28] {r:{di4fn:0},f:[1,0,12]}

From tinyG: [13:28:28] {r:{zsn:null},f:[1,100,10]}

From tinyG: [13:28:28] {r:{zhi:5},f:[1,0,10]}

From tinyG: [13:28:28] {r:{di5mo:0},f:[1,0,12]}

From tinyG: [13:28:28] {r:{di5ac:0},f:[1,0,12]}

From tinyG: [13:28:28] {r:{di5fn:0},f:[1,0,12]}

From tinyG: [13:28:28] {r:{zsx:null},f:[1,100,10]}

From tinyG: [13:28:28] {r:{di6mo:-1},f:[1,0,13]}

From tinyG: [13:28:28] {r:{di6ac:0},f:[1,0,12]}

From tinyG: [13:28:28] {r:{di6fn:0},f:[1,0,12]}

From tinyG: [13:28:28] {r:{asn:null},f:[1,100,10]}

From tinyG: [13:28:28] {r:{di7mo:-1},f:[1,0,13]}

From tinyG: [13:28:28] {r:{di7ac:0},f:[1,0,12]}

From tinyG: [13:28:28] {r:{di7fn:0},f:[1,0,12]}

From tinyG: [13:28:28] {r:{asx:null},f:[1,100,10]}

From tinyG: [13:28:28] {r:{di8mo:-1},f:[1,0,13]}

From tinyG: [13:28:28] {r:{di8ac:0},f:[1,0,12]}

From tinyG: [13:28:28] {r:{di8fn:0},f:[1,0,12]}

From tinyG: [13:28:28] {r:{di9mo:-1},f:[1,0,13]}

From tinyG: [13:28:28] {r:{di9ac:0},f:[1,0,12]}

From tinyG: [13:28:28] {r:{di9fn:0},f:[1,0,12]}

From tinyG: [13:28:28] {r:{homingc:null},f:[1,100,20]}

From tinyG: [13:28:28] {r:{st:null},f:[1,100,9]}

From tinyG: [13:28:28] {r:{xhd:1},f:[1,0,10]}

From tinyG: [13:28:28] {r:{xsv:1000},f:[1,0,13]}

From tinyG: [13:28:28] {r:{xlv:100.00},f:[1,0,12]}

From tinyG: [13:28:28] {r:{xlb:5.000},f:[1,0,10]}

From tinyG: [13:28:28] {r:{xzb:2.000},f:[1,0,10]}

From tinyG: [13:28:28] {r:{xjh:10000},f:[1,0,14]}

From tinyG: [13:28:28] {r:{zhd:0},f:[1,0,10]}

From tinyG: [13:28:28] {r:{zsv:1000},f:[1,0,13]}

From tinyG: [13:28:28] {r:{zlv:100.00},f:[1,0,12]}

From tinyG: [13:28:28] {r:{zlb:5.000},f:[1,0,10]}

From tinyG: [13:28:28] {r:{zzb:50.305},f:[1,0,15]}

From tinyG: [13:28:28] {r:{zjh:10000},f:[1,0,14]}

From tinyG: [13:28:28] {r:{ahd:1},f:[1,0,10]}

From tinyG: [13:28:28] {r:{asv:2000},f:[1,0,13]}

From tinyG: [13:28:28] {r:{alv:500.00},f:[1,0,12]}

From tinyG: [13:28:28] {r:{alb:20.000},f:[1,0,11]}

From tinyG: [13:28:28] {r:{azb:0.000},f:[1,0,10]}

From tinyG: [13:28:28] {r:{ajh:10000},f:[1,0,14]}

From tinyG: [13:28:28] {sr:{stat:3}}

Out > [13:28:31] G28.2 Z0 X0

Out > [13:28:31] G90 G0 Z-12

From tinyG: [13:28:31] {r:{gc:"G28.2Z0X0"},f:[1,0,12]}

Out > [13:28:43] G28.2 A0

From tinyG: [13:28:43] {sr:{posz:-14.955,feed:1000.00,vel:1000.00,stat:9}}

From tinyG: [13:28:43] {sr:{posz:-19.129}}

From tinyG: [13:28:43] {sr:{posz:-23.304}}

From tinyG: [13:28:43] {sr:{posz:-27.454}}

From tinyG: [13:28:43] {sr:{posz:-31.653}}

From tinyG: [13:28:43] {sr:{posz:-35.828}}

From tinyG: [13:28:43] {sr:{posz:-40.002}}

From tinyG: [13:28:43] {sr:{posz:-44.177}}

From tinyG: [13:28:43] {sr:{posz:-48.327}}

From tinyG: [13:28:43] {sr:{posz:-50.627,vel:731.41}}

From tinyG: [13:28:43] {sr:{posz:-46.461,vel:1000.00}}

From tinyG: [13:28:43] {sr:{posz:-45.966,feed:100.00,vel:100.00}}

From tinyG: [13:28:43] {sr:{posz:-46.381}}

From tinyG: [13:28:43] {sr:{posz:-46.800}}

From tinyG: [13:28:43] {sr:{posz:-47.218}}

From tinyG: [13:28:43] {sr:{posz:-47.635}}

From tinyG: [13:28:43] {sr:{posz:-48.052}}

From tinyG: [13:28:43] {sr:{posz:-48.469}}

From tinyG: [13:28:43] {sr:{posz:-48.887}}

From tinyG: [13:28:43] {sr:{posz:-49.304}}

From tinyG: [13:28:43] {sr:{posz:-49.721}}

From tinyG: [13:28:43] {sr:{posz:-50.138}}

From tinyG: [13:28:43] {sr:{posz:-49.176,feed:1000.00,vel:1000.00}}

From tinyG: [13:28:43] {sr:{posz:-45.001}}

From tinyG: [13:28:43] {sr:{posz:-40.826}}

From tinyG: [13:28:43] {sr:{posz:-36.652}}

From tinyG: [13:28:43] {sr:{posz:-32.477}}

From tinyG: [13:28:43] {sr:{posz:-28.302}}

From tinyG: [13:28:43] {sr:{posz:-24.128}}

From tinyG: [13:28:43] {sr:{posz:-19.953}}

From tinyG: [13:28:43] {sr:{posz:-15.779}}

From tinyG: [13:28:43] {sr:{posz:-11.604}}

From tinyG: [13:28:43] {sr:{posz:-7.454}}

From tinyG: [13:28:43] {sr:{posz:-3.255}}

From tinyG: [13:28:43] {sr:{posz:0.000,vel:0.04}}

From tinyG: [13:28:43] {sr:{posx:2.408,vel:42.04}}

From tinyG: [13:28:43] {sr:{posx:-1.512,vel:1000.00}}

From tinyG: [13:28:43] {sr:{posx:-2.418,feed:100.00,vel:100.00}}

From tinyG: [13:28:43] {sr:{posx:-2.001}}

From tinyG: [13:28:43] {sr:{posx:-1.583}}

From tinyG: [13:28:43] {sr:{posx:-1.166}}

From tinyG: [13:28:43] {sr:{posx:-0.751}}

From tinyG: [13:28:43] {sr:{posx:-0.331}}

From tinyG: [13:28:43] {sr:{posx:0.086}}

From tinyG: [13:28:43] {sr:{posx:0.503}}

From tinyG: [13:28:43] {sr:{posx:0.921}}

From tinyG: [13:28:43] {sr:{posx:1.336}}

From tinyG: [13:28:43] {sr:{posx:1.755}}

From tinyG: [13:28:43] {sr:{posx:1.672,feed:1000.00,vel:995.37}}

From tinyG: [13:28:43] {r:{gc:"G90G0Z-12"},f:[1,0,12]}

From tinyG: [13:28:43] {r:{gc:"G28.2A0"},f:[1,0,9]}

Out > [13:28:43] G91 G0 A30

Out > [13:28:48] $di1fn=2

From tinyG: [13:28:48] {sr:{posx:0.000,posz:-1.047,feed:500.00,vel:2489.57,dist:0,momo:0}}

From tinyG: [13:28:48] {sr:{posz:-12.000,vel:0.00}}

From tinyG: [13:28:48] {sr:{posa:-7.307,feed:2000.00,vel:2000.00,dist:1,momo:1}}

From tinyG: [13:28:48] {sr:{posa:-15.635}}

From tinyG: [13:28:48] {sr:{posa:-19.792,vel:1087.08}}

From tinyG: [13:28:48] {sr:{posa:-11.526,vel:2000.00}}

From tinyG: [13:28:48] {sr:{posa:-3.176}}

From tinyG: [13:28:48] {sr:{posa:0.747,vel:1340.87}}

From tinyG: [13:28:48] {sr:{posa:-7.455,vel:2000.00}}

From tinyG: [13:28:48] {sr:{posa:-15.832}}

From tinyG: [13:28:48] {sr:{posa:-18.492,feed:500.00,vel:500.00}}

From tinyG: [13:28:48] {sr:{posa:-16.392}}

From tinyG: [13:28:48] {sr:{posa:-14.305}}

From tinyG: [13:28:48] {sr:{posa:-12.219}}

From tinyG: [13:28:48] {sr:{posa:-10.132}}

From tinyG: [13:28:48] {sr:{posa:-8.045}}

From tinyG: [13:28:48] {sr:{posa:-5.971}}

From tinyG: [13:28:48] {sr:{posa:-3.871}}

From tinyG: [13:28:48] {sr:{posa:-1.784}}

From tinyG: [13:28:48] {r:{gc:"G91G0A30"},f:[1,0,11]}

From tinyG: [13:28:48] {er:{fb:86.03,st:9,msg:"File not open - write_persistent"}}

From tinyG: [13:28:48] [di1fn] input function          2 [0=none,1=limit,2=interlock,3=shutdown]

From tinyG: [13:28:48] tinyg [mm] ok> 

Out > [13:28:48] G91 G0 A0

Out > [13:28:48] $di1ac=2

From tinyG: [13:28:48] tinyg [mm] err[201]: Move < min length: G91 G0 A0 

From tinyG: [13:28:48] {er:{fb:86.03,st:9,msg:"File not open - write_persistent"}}

From tinyG: [13:28:48] [di1ac] input action            2 [0=none,1=stop,2=halt,3=stop_steps,4=panic,5=reset]

From tinyG: [13:28:48] tinyg [mm] ok> 

From tinyG: [13:28:48] posa:0.000,vel:0.00,stat:5

Out > [13:28:48] G91 G1 A-30 F500

From tinyG: [13:28:48] tinyg [mm] ok> 

From tinyG: [13:28:49] posa:29.019,feed:1000.00,vel:3470.70,momo:0

From tinyG: [13:28:49] posa:28.529,feed:500.00,vel:500.00,momo:1

From tinyG: [13:28:49] posa:26.442

From tinyG: [13:28:49] posa:24.355

From tinyG: [13:28:50] posa:22.268

From tinyG: [13:28:50] posa:20.193

From tinyG: [13:28:50] posa:18.094

From tinyG: [13:28:50] posa:16.007

From tinyG: [13:28:51] posa:13.920

From tinyG: [13:28:51] posa:12.101

From tinyG: [13:28:51] posa:10.015

From tinyG: [13:28:51] posa:7.929

From tinyG: [13:28:52] posa:5.843

From tinyG: [13:28:52] posa:3.757

From tinyG: [13:28:52] posa:1.671

From tinyG: [13:28:52] posa:0.000,vel:0.00,stat:3

Out > [13:29:02] $di1fn

From tinyG: [13:29:02] [di1fn] input function          2 [0=none,1=limit,2=interlock,3=shutdown]

From tinyG: [13:29:02] tinyg [mm] ok> 

From tinyG: [13:29:27] stat:3

