[13:04:40] Starting Log file for session: 20201030-13440

From tinyG: [13:04:42] {"r":{"fv":0.98,"fb":86.03,"hp":3,"hv":0,"id":"0213-0215-0515","msg":"SYSTEM READY"},"f":[1,0,1]}

From tinyG: [13:04:42] tinyg [mm] ok> 

From tinyG: [13:04:42] {"er":{"fb":86.03,"st":9,"msg":"File not open - write_persistent"}}

From tinyG: [13:04:42] [ej]  enable json mode            0 [0=text,1=JSON]

From tinyG: [13:04:42] tinyg [mm] ok> 

Out > [13:04:47] g28.2a0

Out > [13:04:47] $di1fn=0

Out > [13:04:51] g90 g0 a30

From tinyG: [13:04:51] tinyg [mm] ok> 

From tinyG: [13:04:51] coor:0,dist:1,stat:9

From tinyG: [13:04:51] posa:-5.700,feed:2000.00,vel:2000.00,momo:1

From tinyG: [13:04:51] posa:-10.054,vel:0.03

From tinyG: [13:04:51] posa:-4.379,vel:2000.00

From tinyG: [13:04:51] posa:1.245,vel:0.81

From tinyG: [13:04:51] vel:0.00

From tinyG: [13:04:51] posa:-4.401,vel:2000.00

From tinyG: [13:04:51] posa:-8.755,vel:0.03

From tinyG: [13:04:51] posa:-7.808,feed:300.00,vel:300.00

From tinyG: [13:04:51] posa:-6.803

From tinyG: [13:04:51] posa:-5.798

From tinyG: [13:04:51] posa:-4.801

From tinyG: [13:04:51] posa:-3.796

From tinyG: [13:04:51] posa:-2.799

From tinyG: [13:04:51] posa:-1.794

From tinyG: [13:04:51] posa:-0.797

From tinyG: [13:04:51] [di1fn] input function          0 [0=none,1=limit,2=interlock,3=shutdown]

From tinyG: [13:04:51] tinyg [mm] ok> 

From tinyG: [13:04:51] tinyg [mm] ok> 

Out > [13:04:51] g90 g0 a-20 z-9

From tinyG: [13:04:51] tinyg [mm] ok> 

From tinyG: [13:04:51] posa:0.000,vel:0.00,stat:5

From tinyG: [13:04:51] posa:21.383,feed:250.00,vel:9671.40,coor:1,dist:0,momo:0

Out > [13:04:51] g90 g0 a30

From tinyG: [13:04:51] tinyg [mm] ok> 

From tinyG: [13:04:51] posz:0.383,posa:26.917,vel:3850.75

From tinyG: [13:04:51] posz:-2.287,posa:13.563,vel:4079.22

From tinyG: [13:04:51] posz:-4.944,posa:0.179

From tinyG: [13:04:52] posz:-7.621,posa:-13.105

From tinyG: [13:04:52] posz:-9.000,posa:-19.860,vel:854.10

From tinyG: [13:04:52] posa:6.998,vel:10000.00

From tinyG: [13:04:52] posa:29.999,vel:41.02

From tinyG: [13:04:52] posa:30.000,vel:0.00,stat:3

Out > [13:04:52] g90 g0 z0

Out > [13:04:52] g90 g0 a-30

From tinyG: [13:04:52] tinyg [mm] ok> 

From tinyG: [13:04:52] tinyg [mm] ok> 

From tinyG: [13:04:53] posz:-7.182,vel:800.00,stat:5

From tinyG: [13:04:53] posz:-4.506

From tinyG: [13:04:53] posz:-1.829

From tinyG: [13:04:53] posz:0.000,posa:29.909,vel:418.28

From tinyG: [13:04:53] posa:4.921,vel:10000.00

From tinyG: [13:04:54] posa:-27.370,vel:6148.01

From tinyG: [13:04:54] posa:-30.000,vel:0.00,stat:3

Out > [13:04:54] g90 g0 a20 z-9

Out > [13:04:54] g90 g0 a-30

From tinyG: [13:04:54] tinyg [mm] ok> 

From tinyG: [13:04:54] tinyg [mm] ok> 

From tinyG: [13:04:54] posz:-1.819,posa:-19.896,vel:4515.87,stat:5

From tinyG: [13:04:54] posz:-4.496,posa:-5.020

From tinyG: [13:04:55] posz:-7.154,posa:9.745

From tinyG: [13:04:55] posz:-9.000,posa:19.658,vel:1190.04

From tinyG: [13:04:55] posa:-6.261,vel:10000.00

From tinyG: [13:04:55] posa:-29.994,vel:107.13

From tinyG: [13:04:55] posa:-30.000,vel:0.00,stat:3

Out > [13:04:55] g90 g0 z0

Out > [13:04:55] $di1fn=2

Out > [13:04:55] g90 g0 a-15

From tinyG: [13:04:55] tinyg [mm] ok> 

From tinyG: [13:04:55] {"er":{"fb":86.03,"st":9,"msg":"File not open - write_persistent"}}

From tinyG: [13:04:55] [di1fn] input function          2 [0=none,1=limit,2=interlock,3=shutdown]

From tinyG: [13:04:55] tinyg [mm] ok> 

From tinyG: [13:04:55] tinyg [mm] ok> 

From tinyG: [13:04:56] posz:-7.182,vel:800.00,stat:5

From tinyG: [13:04:56] posz:-4.506

From tinyG: [13:04:56] posz:-1.809

From tinyG: [13:04:56] posz:0.000,posa:-29.892,vel:503.18

From tinyG: [13:04:56] posa:-15.032,vel:349.30

From tinyG: [13:04:57] posa:-15.000,vel:0.00,stat:3

Out > [13:04:57] g90 g0 a-10

Out > [13:04:57] g90 g0 a-15

From tinyG: [13:04:57] tinyg [mm] ok> 

From tinyG: [13:04:57] tinyg [mm] ok> 

From tinyG: [13:04:57] posa:-11.115,vel:2609.07,stat:5

From tinyG: [13:04:57] posa:-15.000,vel:0.00,stat:3

Out > [13:04:57] g91 g1 a30 f250

Out > [13:04:57] g90 g0 z-5

From tinyG: [13:04:57] tinyg [mm] ok> 

From tinyG: [13:04:57] tinyg [mm] ok> 

From tinyG: [13:04:57] posa:-14.209,vel:250.00,dist:1,momo:1,stat:5

From tinyG: [13:04:58] posa:-13.365

From tinyG: [13:04:58] posa:-12.528

From tinyG: [13:04:58] posa:-11.697

From tinyG: [13:04:58] posa:-10.859

From tinyG: [13:04:58] posa:-10.015

From tinyG: [13:04:59] posa:-9.178

From tinyG: [13:04:59] posa:-8.347

From tinyG: [13:04:59] posa:-7.509

From tinyG: [13:04:59] posa:-6.678

From tinyG: [13:04:59] posa:-5.841

From tinyG: [13:05:00] posa:-5.010

From tinyG: [13:05:00] posa:-4.173

From tinyG: [13:05:00] posa:-3.329

From tinyG: [13:05:00] posa:-2.492

From tinyG: [13:05:00] posa:-1.660

From tinyG: [13:05:01] posa:-0.823

From tinyG: [13:05:01] posa:-0.051,vel:0.00,stat:6

From tinyG: [13:05:01] tinyg [mm] ok> 

From tinyG: [13:05:01] dist:0,momo:0,stat:3

From tinyG: [13:05:01] [di1fn] input function          0 [0=none,1=limit,2=interlock,3=shutdown]

From tinyG: [13:05:01] tinyg [mm] ok> 

From tinyG: [13:05:01] A position:         -0.051 deg

From tinyG: [13:05:01] tinyg [mm] ok> 

Out > [13:05:01] g90 g0 z1

Out > [13:05:01] g90 g0 z0

From tinyG: [13:05:01] tinyg [mm] ok> 

From tinyG: [13:05:01] tinyg [mm] ok> 

From tinyG: [13:05:01] posz:0.990,vel:101.13,stat:5

From tinyG: [13:05:01] posz:0.000,vel:6.26

From tinyG: [13:05:02] vel:0.00,stat:3

Out > [13:05:02] EOF

Out > [13:05:02] !%~

From tinyG: [13:05:02] tinyg [mm] ok> 

Out > [13:06:17] g28.2a0

From tinyG: [13:06:17] tinyg [mm] ok> 

From tinyG: [13:06:18] posa:-5.697,feed:2000.00,vel:2000.00,coor:0,dist:1,momo:1,stat:9

Out > [13:06:18] $di1fn=0

Out > [13:06:20] g90 g0 a30

From tinyG: [13:06:20] posa:-10.051,vel:0.03

From tinyG: [13:06:20] posa:-4.376,vel:2000.00

From tinyG: [13:06:20] posa:1.248,vel:0.81

From tinyG: [13:06:20] vel:0.00

From tinyG: [13:06:20] posa:-4.398,vel:2000.00

From tinyG: [13:06:20] posa:-8.752,vel:0.03

From tinyG: [13:06:20] posa:-7.804,feed:300.00,vel:300.00

From tinyG: [13:06:20] posa:-6.800

From tinyG: [13:06:20] posa:-5.795

From tinyG: [13:06:20] posa:-4.798

From tinyG: [13:06:20] posa:-3.793

From tinyG: [13:06:20] posa:-2.796

From tinyG: [13:06:20] posa:-1.791

From tinyG: [13:06:20] posa:-0.794

From tinyG: [13:06:20] [di1fn] input function          0 [0=none,1=limit,2=interlock,3=shutdown]

From tinyG: [13:06:20] tinyg [mm] ok> 

From tinyG: [13:06:20] tinyg [mm] ok> 

From tinyG: [13:06:20] posa:0.000,vel:0.00,stat:5

From tinyG: [13:06:21] posa:21.432,feed:250.00,vel:9783.57,coor:1,dist:0,momo:0

Out > [13:06:21] g90 g0 a-20 z-9

From tinyG: [13:06:21] tinyg [mm] ok> 

From tinyG: [13:06:21] posz:-0.242,posa:28.657,vel:3073.27

From tinyG: [13:06:21] posz:-2.834,posa:14.253,vel:4515.87

From tinyG: [13:06:21] posz:-5.507,posa:-0.596

From tinyG: [13:06:22] posz:-8.160,posa:-15.335,vel:4515.86

From tinyG: [13:06:22] posz:-9.000,posa:-20.000,vel:0.00,stat:3

Out > [13:06:22] g90 g0 a30

Out > [13:06:22] g90 g0 z0

From tinyG: [13:06:22] tinyg [mm] ok> 

From tinyG: [13:06:22] tinyg [mm] ok> 

From tinyG: [13:06:22] posa:1.461,vel:10000.00,stat:5

From tinyG: [13:06:22] posa:29.613,vel:1627.20

From tinyG: [13:06:22] posz:-7.410,posa:30.000,vel:800.00

From tinyG: [13:06:23] posz:-4.734

From tinyG: [13:06:23] posz:-2.058

From tinyG: [13:06:23] posz:-0.002,vel:19.52

From tinyG: [13:06:23] posz:0.000,vel:0.00,stat:3

Out > [13:06:23] g90 g0 a-30

Out > [13:06:23] g90 g0 a20 z-9

From tinyG: [13:06:23] tinyg [mm] ok> 

From tinyG: [13:06:23] tinyg [mm] ok> 

From tinyG: [13:06:23] posa:8.501,vel:10000.00,stat:5

From tinyG: [13:06:24] posa:-24.512,vel:8278.45

From tinyG: [13:06:24] posz:-0.847,posa:-25.294,vel:4509.22

From tinyG: [13:06:24] posz:-3.504,posa:-10.531,vel:4515.87

From tinyG: [13:06:24] posz:-6.182,posa:4.345

From tinyG: [13:06:24] posz:-8.772,posa:18.733,vel:3073.27

From tinyG: [13:06:25] posz:-9.000,posa:20.000,vel:0.00,stat:3

Out > [13:06:25] g90 g0 a-30

Out > [13:06:25] g90 g0 z0

From tinyG: [13:06:25] tinyg [mm] ok> 

From tinyG: [13:06:25] tinyg [mm] ok> 

From tinyG: [13:06:25] posa:-1.461,vel:10000.00,stat:5

From tinyG: [13:06:25] posa:-29.573,vel:1757.91

From tinyG: [13:06:25] posz:-7.450,posa:-30.000,vel:800.00

From tinyG: [13:06:26] posz:-4.774

From tinyG: [13:06:26] posz:-2.098

From tinyG: [13:06:26] posz:-0.003,vel:29.30

From tinyG: [13:06:26] posz:0.000,vel:0.00,stat:3

Out > [13:06:26] $di1fn=2

Out > [13:06:26] g90 g0 a-15

Out > [13:06:26] g90 g0 a-10

From tinyG: [13:06:26] [di1fn] input function          2 [0=none,1=limit,2=interlock,3=shutdown]

From tinyG: [13:06:26] tinyg [mm] ok> 

From tinyG: [13:06:26] tinyg [mm] ok> 

From tinyG: [13:06:26] tinyg [mm] ok> 

From tinyG: [13:06:26] posa:-13.775,vel:5721.53,stat:5

From tinyG: [13:06:27] posa:-10.000,vel:0.00,stat:3

Out > [13:06:27] g90 g0 a-15

Out > [13:06:27] g91 g1 a30 f250

From tinyG: [13:06:27] tinyg [mm] ok> 

From tinyG: [13:06:27] tinyg [mm] ok> 

From tinyG: [13:06:27] posa:-14.863,vel:250.00,dist:1,momo:1,stat:5

From tinyG: [13:06:27] posa:-14.025

From tinyG: [13:06:27] posa:-13.188

From tinyG: [13:06:28] posa:-12.356

From tinyG: [13:06:28] posa:-11.519

From tinyG: [13:06:28] posa:-10.675

From tinyG: [13:06:28] posa:-9.838

From tinyG: [13:06:28] posa:-9.007

From tinyG: [13:06:29] posa:-8.169

From tinyG: [13:06:29] posa:-7.326

From tinyG: [13:06:29] posa:-6.488

From tinyG: [13:06:29] posa:-5.657

From tinyG: [13:06:29] posa:-4.820

From tinyG: [13:06:30] posa:-3.976

From tinyG: [13:06:30] posa:-3.139

From tinyG: [13:06:30] posa:-2.307

From tinyG: [13:06:30] posa:-1.470

From tinyG: [13:06:30] posa:-0.639

From tinyG: [13:06:31] posa:-0.054,vel:0.00,stat:6

From tinyG: [13:06:31] tinyg [mm] ok> 

From tinyG: [13:06:31] stat:3

From tinyG: [13:06:31] [di1fn] input function          0 [0=none,1=limit,2=interlock,3=shutdown]

From tinyG: [13:06:31] tinyg [mm] ok> 

From tinyG: [13:06:31] A position:         -0.054 deg

From tinyG: [13:06:31] tinyg [mm] ok> 

Out > [13:06:31] g90 g0 z-5

Out > [13:06:31] g90 g0 z1

From tinyG: [13:06:31] tinyg [mm] ok> 

From tinyG: [13:06:31] tinyg [mm] ok> 

From tinyG: [13:06:31] posz:-1.818,vel:800.00,dist:0,momo:0,stat:5

From tinyG: [13:06:31] posz:-4.483,vel:734.21

From tinyG: [13:06:31] posz:-4.234,vel:795.19

From tinyG: [13:06:32] posz:-1.578,vel:800.00

From tinyG: [13:06:32] posz:0.910,vel:322.08

From tinyG: [13:06:32] posz:1.000,vel:0.00,stat:3

Out > [13:06:32] g90 g0 z0

Out > [13:06:32] EOF

Out > [13:06:32] !%~

From tinyG: [13:06:32] tinyg [mm] ok> 

