[17:48:49] Starting Log file for session: 20201029-174849

From tinyG: [17:48:51] {"r":{"fv":0.98,"fb":86.03,"hp":3,"hv":0,"id":"0213-0215-0515","msg":"SYSTEM READY"},"f":[1,0,1]}

From tinyG: [17:48:51] tinyg [mm] ok> 

From tinyG: [17:48:51] [ej]  enable json mode            0 [0=text,1=JSON]

From tinyG: [17:48:51] tinyg [mm] ok> 

Out > [17:48:59] g28.2a0

Out > [17:48:59] $di1fn=0

Out > [17:49:02] g90 g0 a30

From tinyG: [17:49:02] tinyg [mm] ok> 

From tinyG: [17:49:02] posa:-5.672,feed:2000.00,vel:2000.00,coor:0,dist:1,momo:1,stat:9

From tinyG: [17:49:02] posa:-10.026,vel:0.03

From tinyG: [17:49:02] posa:-4.351,vel:2000.00

From tinyG: [17:49:02] posa:1.223,vel:0.03

From tinyG: [17:49:02] vel:0.00

From tinyG: [17:49:02] posa:-4.423,vel:2000.00

From tinyG: [17:49:02] posa:-8.777,vel:0.03

From tinyG: [17:49:02] posa:-7.829,feed:300.00,vel:300.00

From tinyG: [17:49:02] posa:-6.825

From tinyG: [17:49:02] posa:-5.820

From tinyG: [17:49:02] posa:-4.823

From tinyG: [17:49:02] posa:-3.818

From tinyG: [17:49:02] posa:-2.821

From tinyG: [17:49:02] posa:-1.816

From tinyG: [17:49:02] posa:-0.819

From tinyG: [17:49:02] [di1fn] input function          0 [0=none,1=limit,2=interlock,3=shutdown]

From tinyG: [17:49:02] tinyg [mm] ok> 

From tinyG: [17:49:02] tinyg [mm] ok> 

From tinyG: [17:49:02] posa:0.000,vel:0.00,stat:5

Out > [17:49:02] g90 g0 a-20 z-9

From tinyG: [17:49:02] tinyg [mm] ok> 

From tinyG: [17:49:02] posa:21.384,feed:250.00,vel:9671.33,coor:1,dist:0,momo:0

Out > [17:49:02] g90 g0 a30

From tinyG: [17:49:02] tinyg [mm] ok> 

From tinyG: [17:49:02] posz:-0.593,posa:26.704,vel:4221.90

From tinyG: [17:49:02] posz:-3.245,posa:11.974,vel:4515.87

From tinyG: [17:49:03] posz:-5.922,posa:-2.902

From tinyG: [17:49:03] posz:-8.567,posa:-17.594,vel:4048.41

From tinyG: [17:49:03] posz:-9.000,posa:-14.207,vel:8705.25

From tinyG: [17:49:03] posa:18.977,vel:9995.55

From tinyG: [17:49:03] posa:30.000,vel:0.00,stat:3

Out > [17:49:03] g90 g0 z0

Out > [17:49:03] g90 g0 a-30

From tinyG: [17:49:03] tinyg [mm] ok> 

From tinyG: [17:49:03] tinyg [mm] ok> 

From tinyG: [17:49:04] posz:-7.182,vel:800.00,stat:5

From tinyG: [17:49:04] posz:-4.506

From tinyG: [17:49:04] posz:-1.809

From tinyG: [17:49:04] posz:0.000,posa:29.897,vel:465.80

From tinyG: [17:49:04] posa:4.672,vel:10000.00

From tinyG: [17:49:05] posa:-27.370,vel:6148.01

From tinyG: [17:49:05] posa:-30.000,vel:0.00,stat:3

Out > [17:49:05] g90 g0 a20 z-9

Out > [17:49:05] g90 g0 a-30

From tinyG: [17:49:05] tinyg [mm] ok> 

From tinyG: [17:49:05] tinyg [mm] ok> 

From tinyG: [17:49:05] posz:-1.819,posa:-19.896,vel:4515.87,stat:5

From tinyG: [17:49:05] posz:-4.496,posa:-5.020

From tinyG: [17:49:06] posz:-7.154,posa:9.745

From tinyG: [17:49:06] posz:-9.000,posa:19.716,vel:1119.81

From tinyG: [17:49:06] posa:-6.012,vel:10000.00

From tinyG: [17:49:06] posa:-29.991,vel:138.40

From tinyG: [17:49:06] posa:-30.000,vel:0.00,stat:3

Out > [17:49:06] g90 g0 z0

Out > [17:49:06] $di1fn=2

Out > [17:49:06] g90 g0 a-15

From tinyG: [17:49:06] tinyg [mm] ok> 

From tinyG: [17:49:06] {"er":{"fb":86.03,"st":9,"msg":"File not open - write_persistent"}}

From tinyG: [17:49:06] [di1fn] input function          2 [0=none,1=limit,2=interlock,3=shutdown]

From tinyG: [17:49:06] tinyg [mm] ok> 

From tinyG: [17:49:06] tinyg [mm] ok> 

From tinyG: [17:49:07] posz:-7.182,vel:800.00,stat:5

From tinyG: [17:49:07] posz:-4.506

From tinyG: [17:49:07] posz:-1.809

From tinyG: [17:49:07] posz:0.000,posa:-29.892,vel:503.18

From tinyG: [17:49:07] posa:-15.032,vel:349.30

From tinyG: [17:49:08] posa:-15.000,vel:0.00,stat:3

Out > [17:49:08] g90 g0 a-10

Out > [17:49:08] g90 g0 a-15

From tinyG: [17:49:08] tinyg [mm] ok> 

From tinyG: [17:49:08] tinyg [mm] ok> 

From tinyG: [17:49:08] posa:-11.115,vel:2609.07,stat:5

From tinyG: [17:49:08] posa:-15.000,vel:0.00,stat:3

Out > [17:49:08] g91 g1 a30 f250

Out > [17:49:08] g90 g0 z-5

From tinyG: [17:49:08] tinyg [mm] ok> 

From tinyG: [17:49:08] tinyg [mm] ok> 

From tinyG: [17:49:08] posa:-14.209,vel:250.00,dist:1,momo:1,stat:5

From tinyG: [17:49:09] posa:-13.365

From tinyG: [17:49:09] posa:-12.528

From tinyG: [17:49:09] posa:-11.697

From tinyG: [17:49:09] posa:-10.859

From tinyG: [17:49:09] posa:-10.015

From tinyG: [17:49:10] posa:-9.178

From tinyG: [17:49:10] posa:-8.347

From tinyG: [17:49:10] posa:-7.509

From tinyG: [17:49:10] posa:-6.666

From tinyG: [17:49:10] posa:-5.829

From tinyG: [17:49:11] posa:-4.997

From tinyG: [17:49:11] posa:-4.160

From tinyG: [17:49:11] posa:-3.329

From tinyG: [17:49:11] posa:-2.492

From tinyG: [17:49:11] posa:-1.660

From tinyG: [17:49:12] posa:-0.823

From tinyG: [17:49:12] posa:-0.020,vel:18.33,stat:6

From tinyG: [17:49:12] tinyg [mm] ok> 

From tinyG: [17:49:12] [di1fn] input function          0 [0=none,1=limit,2=interlock,3=shutdown]

From tinyG: [17:49:12] tinyg [mm] ok> 

Out > [17:49:12] g90 g0 z0

Out > [17:49:12] $posa

From tinyG: [17:49:12] tinyg [mm] ok> 

From tinyG: [17:49:12] A position:         -0.019 deg

From tinyG: [17:49:12] tinyg [mm] ok> 

From tinyG: [17:49:12] vel:0.00,dist:0,momo:0,stat:3

