[13:41:54] Starting Log file for session: 2020724-134154

From tinyG: [13:41:56] {r:{fv:0.98,fb:86.03,hp:3,hv:0,id:"0213-0215-0515",msg:"SYSTEM READY"},f:[1,0,1]}

From tinyG: [13:41:56] tinyg [mm] ok> 

Out > [13:41:57] $ej:0


From tinyG: [13:41:57] [ej]  enable json mode            0 [0=text,1=JSON]

From tinyG: [13:41:57] tinyg [mm] ok> 

From tinyG: [13:42:03] {r:{tinygmo:null},f:[1,100,26]}

From tinyG: [13:42:03] {r:{baud:null},f:[1,100,11]}

From tinyG: [13:42:04] {r:{js:0},f:[1,0,9]}

From tinyG: [13:42:04] {r:{gpa:0},f:[1,0,10]}

From tinyG: [13:42:04] {r:{gun:1},f:[1,0,10]}

From tinyG: [13:42:04] {r:{ja:0.00},f:[1,0,9]}

From tinyG: [13:42:04] {r:{si:250},f:[1,0,11]}

From tinyG: [13:42:04] {r:{jv:5},f:[1,0,9]}

From tinyG: [13:42:04] {r:{mt:0},f:[1,0,11]}

From tinyG: [13:42:04] {r:{st:null},f:[1,100,9]}

From tinyG: [13:42:04] {r:{motorma:null},f:[1,100,20]}

From tinyG: [13:42:04] {r:{1ma:5},f:[1,0,10]}

From tinyG: [13:42:04] {r:{2ma:0},f:[1,0,10]}

From tinyG: [13:42:04] {r:{3ma:2},f:[1,0,10]}

From tinyG: [13:42:04] {r:{4ma:3},f:[1,0,10]}

From tinyG: [13:42:04] {r:{polarit:null},f:[1,100,18]}

From tinyG: [13:42:04] {r:{1po:1},f:[1,0,10]}

From tinyG: [13:42:04] {r:{2po:0},f:[1,0,10]}

From tinyG: [13:42:04] {r:{3po:1},f:[1,0,10]}

From tinyG: [13:42:04] {r:{4po:0},f:[1,0,10]}

From tinyG: [13:42:04] {r:{trvalue:null},f:[1,100,16]}

From tinyG: [13:42:04] {r:{1tr:60.0000},f:[1,0,11]}

From tinyG: [13:42:04] {r:{2tr:6.3500},f:[1,0,13]}

From tinyG: [13:42:04] {r:{3tr:5.0000},f:[1,0,10]}

From tinyG: [13:42:04] {r:{4tr:60.0000},f:[1,0,11]}

From tinyG: [13:42:04] {r:{powerse:null},f:[1,100,21]}

From tinyG: [13:42:04] {r:{1pl:1.000},f:[1,0,10]}

From tinyG: [13:42:04] {r:{2pl:1.000},f:[1,0,10]}

From tinyG: [13:42:04] {r:{3pl:0.000},f:[1,0,10]}

From tinyG: [13:42:04] {r:{4pl:0.000},f:[1,0,10]}

From tinyG: [13:42:04] {r:{1pm:2},f:[1,0,10]}

From tinyG: [13:42:04] {r:{2pm:2},f:[1,0,10]}

From tinyG: [13:42:04] {r:{3pm:2},f:[1,0,10]}

From tinyG: [13:42:04] {r:{4pm:2},f:[1,0,10]}

From tinyG: [13:42:04] {r:{motorse:null},f:[1,100,21]}

From tinyG: [13:42:04] {r:{1mi:16},f:[1,0,11]}

From tinyG: [13:42:04] {r:{2mi:32},f:[1,0,11]}

From tinyG: [13:42:04] {r:{3mi:10,msg:"*** WARNING *** Setting non-standard microstep value"},f:[1,0,11]}

From tinyG: [13:42:04] {r:{4mi:10,msg:"*** WARNING *** Setting non-standard microstep value"},f:[1,0,11]}

From tinyG: [13:42:04] {r:{1sa:1.800},f:[1,0,12]}

From tinyG: [13:42:04] {r:{2sa:1.800},f:[1,0,12]}

From tinyG: [13:42:04] {r:{3sa:1.800},f:[1,0,12]}

From tinyG: [13:42:04] {r:{4sa:1.800},f:[1,0,12]}

From tinyG: [13:42:04] {r:{axesset:null},f:[1,100,20]}

From tinyG: [13:42:04] {r:{xam:1},f:[1,0,10]}

From tinyG: [13:42:04] {r:{xvm:1500},f:[1,0,13]}

From tinyG: [13:42:04] {r:{xjm:5000},f:[1,0,13]}

From tinyG: [13:42:04] {r:{xfr:5000},f:[1,0,13]}

From tinyG: [13:42:04] {r:{xtn:-500.000},f:[1,0,13]}

From tinyG: [13:42:04] {r:{xtm:0.000},f:[1,0,10]}

From tinyG: [13:42:04] {r:{yam:0},f:[1,0,10]}

From tinyG: [13:42:04] {r:{yvm:0},f:[1,0,10]}

From tinyG: [13:42:04] {r:{yjm:0},f:[1,0,10]}

From tinyG: [13:42:04] {r:{yfr:0},f:[1,0,10]}

From tinyG: [13:42:04] {r:{zam:1},f:[1,0,10]}

From tinyG: [13:42:04] {r:{zvm:3750},f:[1,0,13]}

From tinyG: [13:42:04] {r:{zjm:5000},f:[1,0,13]}

From tinyG: [13:42:04] {r:{zfr:3750},f:[1,0,13]}

From tinyG: [13:42:04] {r:{ztn:-100.000},f:[1,0,13]}

From tinyG: [13:42:04] {r:{ztm:2.000},f:[1,0,10]}

From tinyG: [13:42:04] {r:{aam:1},f:[1,0,10]}

From tinyG: [13:42:04] {r:{avm:20000},f:[1,0,14]}

From tinyG: [13:42:04] {r:{ajm:10000},f:[1,0,14]}

From tinyG: [13:42:04] {r:{afr:15000},f:[1,0,14]}

From tinyG: [13:42:04] {r:{atn:-3600.000},f:[1,0,14]}

From tinyG: [13:42:04] {r:{atm:3600.000},f:[1,0,13]}

From tinyG: [13:42:04] {r:{cam:1},f:[1,0,10]}

From tinyG: [13:42:04] {r:{cvm:10000},f:[1,0,14]}

From tinyG: [13:42:04] {r:{cjm:5000},f:[1,0,13]}

From tinyG: [13:42:04] {r:{cfr:10000},f:[1,0,14]}

From tinyG: [13:42:04] {r:{ctn:-3600.000},f:[1,0,14]}

From tinyG: [13:42:04] {r:{ctm:3600.000},f:[1,0,13]}

From tinyG: [13:42:04] {r:{limitsw:null},f:[1,100,21]}

From tinyG: [13:42:04] {r:{sl:1},f:[1,0,9]}

From tinyG: [13:42:04] {r:{xsn:null},f:[1,100,10]}

From tinyG: [13:42:04] {r:{ahi:1},f:[1,0,10]}

From tinyG: [13:42:04] {r:{di1mo:1},f:[1,0,12]}

From tinyG: [13:42:04] {r:{di1ac:0},f:[1,0,12]}

From tinyG: [13:42:04] {r:{di1fn:0},f:[1,0,12]}

From tinyG: [13:42:04] {r:{xsx:null},f:[1,100,10]}

From tinyG: [13:42:04] {r:{xhi:2},f:[1,0,10]}

From tinyG: [13:42:04] {r:{di2mo:0},f:[1,0,12]}

From tinyG: [13:42:04] {r:{di2ac:0},f:[1,0,12]}

From tinyG: [13:42:04] {r:{di2fn:0},f:[1,0,12]}

From tinyG: [13:42:04] {r:{ysn:null},f:[1,100,10]}

From tinyG: [13:42:04] {r:{yhi:0},f:[1,0,10]}

From tinyG: [13:42:04] {r:{di3mo:-1},f:[1,0,13]}

From tinyG: [13:42:04] {r:{di3ac:0},f:[1,0,12]}

From tinyG: [13:42:04] {r:{di3fn:0},f:[1,0,12]}

From tinyG: [13:42:04] {r:{ysx:null},f:[1,100,10]}

From tinyG: [13:42:04] {r:{di4mo:-1},f:[1,0,13]}

From tinyG: [13:42:04] {r:{di4ac:0},f:[1,0,12]}

From tinyG: [13:42:04] {r:{di4fn:0},f:[1,0,12]}

From tinyG: [13:42:04] {r:{zsn:null},f:[1,100,10]}

From tinyG: [13:42:04] {r:{zhi:5},f:[1,0,10]}

From tinyG: [13:42:04] {r:{di5mo:0},f:[1,0,12]}

From tinyG: [13:42:04] {r:{di5ac:0},f:[1,0,12]}

From tinyG: [13:42:04] {r:{di5fn:0},f:[1,0,12]}

From tinyG: [13:42:04] {r:{zsx:null},f:[1,100,10]}

From tinyG: [13:42:04] {r:{di6mo:-1},f:[1,0,13]}

From tinyG: [13:42:04] {r:{di6ac:0},f:[1,0,12]}

From tinyG: [13:42:04] {r:{di6fn:0},f:[1,0,12]}

From tinyG: [13:42:04] {r:{asn:null},f:[1,100,10]}

From tinyG: [13:42:04] {r:{di7mo:-1},f:[1,0,13]}

From tinyG: [13:42:04] {r:{di7ac:0},f:[1,0,12]}

From tinyG: [13:42:04] {r:{di7fn:0},f:[1,0,12]}

From tinyG: [13:42:04] {r:{asx:null},f:[1,100,10]}

From tinyG: [13:42:04] {r:{di8mo:-1},f:[1,0,13]}

From tinyG: [13:42:04] {r:{di8ac:0},f:[1,0,12]}

From tinyG: [13:42:04] {r:{di8fn:0},f:[1,0,12]}

From tinyG: [13:42:04] {r:{di9mo:-1},f:[1,0,13]}

From tinyG: [13:42:04] {r:{di9ac:0},f:[1,0,12]}

From tinyG: [13:42:04] {r:{di9fn:0},f:[1,0,12]}

From tinyG: [13:42:04] {r:{homingc:null},f:[1,100,20]}

From tinyG: [13:42:04] {r:{st:null},f:[1,100,9]}

From tinyG: [13:42:04] {r:{xhd:1},f:[1,0,10]}

From tinyG: [13:42:04] {r:{xsv:1000},f:[1,0,13]}

From tinyG: [13:42:04] {r:{xlv:100.00},f:[1,0,12]}

From tinyG: [13:42:04] {r:{xlb:5.000},f:[1,0,10]}

From tinyG: [13:42:04] {r:{xzb:2.000},f:[1,0,10]}

From tinyG: [13:42:04] {r:{xjh:10000},f:[1,0,14]}

From tinyG: [13:42:04] {r:{zhd:0},f:[1,0,10]}

From tinyG: [13:42:04] {r:{zsv:1000},f:[1,0,13]}

From tinyG: [13:42:04] {r:{zlv:100.00},f:[1,0,12]}

From tinyG: [13:42:04] {r:{zlb:5.000},f:[1,0,10]}

From tinyG: [13:42:04] {r:{zzb:50.305},f:[1,0,15]}

From tinyG: [13:42:04] {r:{zjh:10000},f:[1,0,14]}

From tinyG: [13:42:04] {r:{ahd:1},f:[1,0,10]}

From tinyG: [13:42:04] {r:{asv:2000},f:[1,0,13]}

From tinyG: [13:42:04] {r:{alv:500.00},f:[1,0,12]}

From tinyG: [13:42:04] {r:{alb:20.000},f:[1,0,11]}

From tinyG: [13:42:04] {r:{azb:0.000},f:[1,0,10]}

From tinyG: [13:42:04] {r:{ajh:10000},f:[1,0,14]}

From tinyG: [13:42:04] {sr:{stat:3}}

Out > [13:42:13] $di1fn=0

From tinyG: [13:42:13] [di1fn] input function          0 [0=none,1=limit,2=interlock,3=shutdown]

From tinyG: [13:42:13] tinyg [mm] ok> 

Out > [13:42:17] G28.2 Z0 X0

Out > [13:42:17] G90 G0 Z-12

From tinyG: [13:42:17] tinyg [mm] ok> 

From tinyG: [13:42:18] posz:-15.805,feed:1000.00,vel:1000.00,stat:9

From tinyG: [13:42:18] posz:-19.979

From tinyG: [13:42:18] posz:-24.179

From tinyG: [13:42:18] posz:-28.353

From tinyG: [13:42:19] posz:-32.528

From tinyG: [13:42:19] posz:-36.703

From tinyG: [13:42:19] posz:-40.852

From tinyG: [13:42:19] posz:-45.052

From tinyG: [13:42:20] posz:-49.227

From tinyG: [13:42:20] posz:-49.803

From tinyG: [13:42:20] posz:-45.795,vel:217.90

From tinyG: [13:42:20] posz:-46.073,feed:100.00,vel:100.00

From tinyG: [13:42:21] posz:-46.493

From tinyG: [13:42:21] posz:-46.910

From tinyG: [13:42:21] posz:-47.328

From tinyG: [13:42:21] posz:-47.745

From tinyG: [13:42:22] posz:-48.162

From tinyG: [13:42:22] posz:-48.579

From tinyG: [13:42:22] posz:-48.997

From tinyG: [13:42:22] posz:-49.414

From tinyG: [13:42:23] posz:-49.831

From tinyG: [13:42:23] posz:-50.248

From tinyG: [13:42:23] posz:-48.103,feed:1000.00,vel:1000.00

From tinyG: [13:42:23] posz:-43.904

From tinyG: [13:42:24] posz:-39.729

From tinyG: [13:42:24] posz:-35.554

From tinyG: [13:42:24] posz:-31.380

From tinyG: [13:42:24] posz:-27.205

From tinyG: [13:42:25] posz:-23.030

From tinyG: [13:42:25] posz:-18.856

From tinyG: [13:42:25] posz:-14.681

From tinyG: [13:42:25] posz:-10.507

From tinyG: [13:42:26] posz:-6.332

From tinyG: [13:42:26] posz:-2.157

From tinyG: [13:42:26] posx:0.380,posz:0.000,vel:999.96

From tinyG: [13:42:26] posx:1.905,vel:1000.00

From tinyG: [13:42:27] posx:-2.259,vel:998.95

From tinyG: [13:42:27] posx:-2.343,feed:100.00,vel:100.00

From tinyG: [13:42:27] posx:-1.926

From tinyG: [13:42:27] posx:-1.508

From tinyG: [13:42:28] posx:-1.091

From tinyG: [13:42:28] posx:-0.676

From tinyG: [13:42:28] posx:-0.256

From tinyG: [13:42:28] posx:0.161

From tinyG: [13:42:29] posx:0.578

From tinyG: [13:42:29] posx:0.996

From tinyG: [13:42:29] posx:1.411

From tinyG: [13:42:29] posx:1.830

From tinyG: [13:42:30] posx:0.901,feed:1000.00,vel:1000.00

From tinyG: [13:42:30] tinyg [mm] ok> 

From tinyG: [13:42:30] posx:0.000,posz:-3.623,feed:250.00,vel:3747.46,dist:0,momo:0,stat:5

From tinyG: [13:42:30] posz:-12.000,vel:0.00,stat:3

Out > [13:42:30] G28.2 A0

Out > [13:42:30] G91 G0 A30

From tinyG: [13:42:30] tinyg [mm] ok> 

From tinyG: [13:42:30] posa:7.304,feed:2000.00,vel:2000.00,dist:1,momo:1,stat:9

From tinyG: [13:42:31] posa:-1.023

From tinyG: [13:42:31] posa:-7.433,vel:0.03

From tinyG: [13:42:31] posa:-0.109,vel:2000.00

From tinyG: [13:42:31] posa:-1.903

From tinyG: [13:42:32] posa:-10.230

From tinyG: [13:42:32] posa:-18.482,vel:1420.58

From tinyG: [13:42:32] posa:-17.600,feed:500.00,vel:500.00

From tinyG: [13:42:32] posa:-15.500

From tinyG: [13:42:33] posa:-13.414

From tinyG: [13:42:33] posa:-11.327

From tinyG: [13:42:33] posa:-9.240

From tinyG: [13:42:33] posa:-7.153

From tinyG: [13:42:34] posa:-5.066

From tinyG: [13:42:34] posa:-2.979

From tinyG: [13:42:34] posa:-0.893

From tinyG: [13:42:34] tinyg [mm] ok> 

From tinyG: [13:42:34] posa:0.822,feed:250.00,vel:2919.80,momo:0,stat:5

From tinyG: [13:42:35] posa:30.000,vel:4.21

From tinyG: [13:42:35] vel:0.00,stat:3

Out > [13:42:35] $di1fn=2

Out > [13:42:35] G91 G0 A1

Out > [13:42:35] $di1ac=2

Out > [13:42:35] G91 G1 A-30 F250

From tinyG: [13:42:35] [di1fn] input function          2 [0=none,1=limit,2=interlock,3=shutdown]

From tinyG: [13:42:35] tinyg [mm] ok> 

From tinyG: [13:42:35] tinyg [mm] ok> 

From tinyG: [13:42:35] {er:{fb:86.03,st:9,msg:"File not open - write_persistent"}}

From tinyG: [13:42:35] [di1ac] input action            2 [0=none,1=stop,2=halt,3=stop_steps,4=panic,5=reset]

From tinyG: [13:42:35] tinyg [mm] ok> 

From tinyG: [13:42:35] tinyg [mm] ok> 

From tinyG: [13:42:35] posa:30.415,vel:250.00,momo:1,stat:5

From tinyG: [13:42:35] posa:29.371

From tinyG: [13:42:36] posa:28.334

From tinyG: [13:42:36] posa:27.284

From tinyG: [13:42:36] posa:26.240

From tinyG: [13:42:36] posa:25.196

From tinyG: [13:42:37] posa:24.152

From tinyG: [13:42:37] posa:23.108

From tinyG: [13:42:37] posa:22.064

From tinyG: [13:42:37] posa:21.021

From tinyG: [13:42:38] posa:19.977

From tinyG: [13:42:38] posa:18.933

From tinyG: [13:42:38] posa:17.889

From tinyG: [13:42:38] posa:16.852

From tinyG: [13:42:39] posa:15.802

From tinyG: [13:42:39] posa:14.758

From tinyG: [13:42:39] posa:13.714

From tinyG: [13:42:39] posa:12.671

From tinyG: [13:42:40] posa:12.348,vel:0.00,stat:6

From tinyG: [13:42:40] stat:3

From tinyG: [13:42:42] stat:3

