[16:23:15] Starting Log file for session: 2020722-162315

From tinyG: [16:23:16] {"r":{"fv":0.98,"fb":86.03,"hp":3,"hv":0,"id":"0213-0215-0515","msg":"SYSTEM READY"},"f":[1,0,1]}

From tinyG: [16:23:25] {"r":{"tinygmo":null},"f":[1,100,26]}

From tinyG: [16:23:25] {"r":{"baud":null},"f":[1,100,11]}

From tinyG: [16:23:25] {r:{js:0},f:[1,0,9]}

From tinyG: [16:23:25] {r:{gpa:0},f:[1,0,10]}

From tinyG: [16:23:25] {r:{gun:1},f:[1,0,10]}

From tinyG: [16:23:25] {r:{ja:0.00},f:[1,0,9]}

From tinyG: [16:23:25] {r:{si:250},f:[1,0,11]}

From tinyG: [16:23:25] {r:{jv:5},f:[1,0,9]}

From tinyG: [16:23:25] {r:{mt:0},f:[1,0,11]}

From tinyG: [16:23:25] {r:{st:null},f:[1,100,9]}

From tinyG: [16:23:25] {r:{motorma:null},f:[1,100,20]}

From tinyG: [16:23:25] {r:{1ma:5},f:[1,0,10]}

From tinyG: [16:23:25] {r:{2ma:0},f:[1,0,10]}

From tinyG: [16:23:25] {r:{3ma:2},f:[1,0,10]}

From tinyG: [16:23:25] {r:{4ma:3},f:[1,0,10]}

From tinyG: [16:23:25] {r:{polarit:null},f:[1,100,18]}

From tinyG: [16:23:25] {r:{1po:1},f:[1,0,10]}

From tinyG: [16:23:25] {r:{2po:0},f:[1,0,10]}

From tinyG: [16:23:25] {r:{3po:1},f:[1,0,10]}

From tinyG: [16:23:25] {r:{4po:0},f:[1,0,10]}

From tinyG: [16:23:25] {r:{trvalue:null},f:[1,100,16]}

From tinyG: [16:23:25] {r:{1tr:60.0000},f:[1,0,11]}

From tinyG: [16:23:25] {r:{2tr:6.3500},f:[1,0,13]}

From tinyG: [16:23:25] {r:{3tr:5.0000},f:[1,0,10]}

From tinyG: [16:23:25] {r:{4tr:60.0000},f:[1,0,11]}

From tinyG: [16:23:25] {r:{powerse:null},f:[1,100,21]}

From tinyG: [16:23:25] {r:{1pl:1.000},f:[1,0,10]}

From tinyG: [16:23:25] {r:{2pl:1.000},f:[1,0,10]}

From tinyG: [16:23:25] {r:{3pl:0.000},f:[1,0,10]}

From tinyG: [16:23:25] {r:{4pl:0.000},f:[1,0,10]}

From tinyG: [16:23:25] {r:{1pm:2},f:[1,0,10]}

From tinyG: [16:23:25] {r:{2pm:2},f:[1,0,10]}

From tinyG: [16:23:25] {r:{3pm:2},f:[1,0,10]}

From tinyG: [16:23:25] {r:{4pm:2},f:[1,0,10]}

From tinyG: [16:23:25] {r:{motorse:null},f:[1,100,21]}

From tinyG: [16:23:25] {r:{1mi:16},f:[1,0,11]}

From tinyG: [16:23:25] {r:{2mi:32},f:[1,0,11]}

From tinyG: [16:23:25] {r:{3mi:10,msg:"*** WARNING *** Setting non-standard microstep value"},f:[1,0,11]}

From tinyG: [16:23:25] {r:{4mi:10,msg:"*** WARNING *** Setting non-standard microstep value"},f:[1,0,11]}

From tinyG: [16:23:25] {r:{1sa:1.800},f:[1,0,12]}

From tinyG: [16:23:25] {r:{2sa:1.800},f:[1,0,12]}

From tinyG: [16:23:25] {r:{3sa:1.800},f:[1,0,12]}

From tinyG: [16:23:25] {r:{4sa:1.800},f:[1,0,12]}

From tinyG: [16:23:25] {r:{axesset:null},f:[1,100,20]}

From tinyG: [16:23:25] {r:{xam:1},f:[1,0,10]}

From tinyG: [16:23:25] {r:{xvm:1500},f:[1,0,13]}

From tinyG: [16:23:25] {r:{xjm:5000},f:[1,0,13]}

From tinyG: [16:23:25] {r:{xfr:5000},f:[1,0,13]}

From tinyG: [16:23:25] {r:{xtn:-500.000},f:[1,0,13]}

From tinyG: [16:23:25] {r:{xtm:0.000},f:[1,0,10]}

From tinyG: [16:23:25] {r:{yam:0},f:[1,0,10]}

From tinyG: [16:23:25] {r:{yvm:0},f:[1,0,10]}

From tinyG: [16:23:25] {r:{yjm:0},f:[1,0,10]}

From tinyG: [16:23:25] {r:{yfr:0},f:[1,0,10]}

From tinyG: [16:23:25] {r:{zam:1},f:[1,0,10]}

From tinyG: [16:23:25] {r:{zvm:3750},f:[1,0,13]}

From tinyG: [16:23:25] {r:{zjm:5000},f:[1,0,13]}

From tinyG: [16:23:25] {r:{zfr:3750},f:[1,0,13]}

From tinyG: [16:23:25] {r:{ztn:-100.000},f:[1,0,13]}

From tinyG: [16:23:25] {r:{ztm:2.000},f:[1,0,10]}

From tinyG: [16:23:25] {r:{aam:1},f:[1,0,10]}

From tinyG: [16:23:25] {r:{avm:20000},f:[1,0,14]}

From tinyG: [16:23:25] {r:{ajm:10000},f:[1,0,14]}

From tinyG: [16:23:25] {r:{afr:15000},f:[1,0,14]}

From tinyG: [16:23:25] {r:{atn:-3600.000},f:[1,0,14]}

From tinyG: [16:23:25] {r:{atm:3600.000},f:[1,0,13]}

From tinyG: [16:23:25] {r:{cam:1},f:[1,0,10]}

From tinyG: [16:23:25] {r:{cvm:10000},f:[1,0,14]}

From tinyG: [16:23:25] {r:{cjm:5000},f:[1,0,13]}

From tinyG: [16:23:25] {r:{cfr:10000},f:[1,0,14]}

From tinyG: [16:23:25] {r:{ctn:-3600.000},f:[1,0,14]}

From tinyG: [16:23:25] {r:{ctm:3600.000},f:[1,0,13]}

From tinyG: [16:23:25] {r:{limitsw:null},f:[1,100,21]}

From tinyG: [16:23:25] {r:{sl:1},f:[1,0,9]}

From tinyG: [16:23:25] {r:{xsn:null},f:[1,100,10]}

From tinyG: [16:23:25] {r:{ahi:1},f:[1,0,10]}

From tinyG: [16:23:25] {r:{di1mo:1},f:[1,0,12]}

From tinyG: [16:23:25] {r:{di1ac:0},f:[1,0,12]}

From tinyG: [16:23:25] {r:{di1fn:0},f:[1,0,12]}

From tinyG: [16:23:25] {r:{xsx:null},f:[1,100,10]}

From tinyG: [16:23:26] {r:{xhi:2},f:[1,0,10]}

From tinyG: [16:23:26] {r:{di2mo:0},f:[1,0,12]}

From tinyG: [16:23:26] {r:{di2ac:0},f:[1,0,12]}

From tinyG: [16:23:26] {r:{di2fn:0},f:[1,0,12]}

From tinyG: [16:23:26] {r:{ysn:null},f:[1,100,10]}

From tinyG: [16:23:26] {r:{yhi:0},f:[1,0,10]}

From tinyG: [16:23:26] {r:{di3mo:-1},f:[1,0,13]}

From tinyG: [16:23:26] {r:{di3ac:0},f:[1,0,12]}

From tinyG: [16:23:26] {r:{di3fn:0},f:[1,0,12]}

From tinyG: [16:23:26] {r:{ysx:null},f:[1,100,10]}

From tinyG: [16:23:26] {r:{di4mo:-1},f:[1,0,13]}

From tinyG: [16:23:26] {r:{di4ac:0},f:[1,0,12]}

From tinyG: [16:23:26] {r:{di4fn:0},f:[1,0,12]}

From tinyG: [16:23:26] {r:{zsn:null},f:[1,100,10]}

From tinyG: [16:23:26] {r:{zhi:5},f:[1,0,10]}

From tinyG: [16:23:26] {r:{di5mo:0},f:[1,0,12]}

From tinyG: [16:23:26] {r:{di5ac:0},f:[1,0,12]}

From tinyG: [16:23:26] {r:{di5fn:0},f:[1,0,12]}

From tinyG: [16:23:26] {r:{zsx:null},f:[1,100,10]}

From tinyG: [16:23:26] {r:{di6mo:-1},f:[1,0,13]}

From tinyG: [16:23:26] {r:{di6ac:0},f:[1,0,12]}

From tinyG: [16:23:26] {r:{di6fn:0},f:[1,0,12]}

From tinyG: [16:23:26] {r:{asn:null},f:[1,100,10]}

From tinyG: [16:23:26] {r:{di7mo:-1},f:[1,0,13]}

From tinyG: [16:23:26] {r:{di7ac:0},f:[1,0,12]}

From tinyG: [16:23:26] {r:{di7fn:0},f:[1,0,12]}

From tinyG: [16:23:26] {r:{asx:null},f:[1,100,10]}

From tinyG: [16:23:26] {r:{di8mo:-1},f:[1,0,13]}

From tinyG: [16:23:26] {r:{di8ac:0},f:[1,0,12]}

From tinyG: [16:23:26] {r:{di8fn:0},f:[1,0,12]}

From tinyG: [16:23:26] {r:{di9mo:-1},f:[1,0,13]}

From tinyG: [16:23:26] {r:{di9ac:0},f:[1,0,12]}

From tinyG: [16:23:26] {r:{di9fn:0},f:[1,0,12]}

From tinyG: [16:23:26] {r:{homingc:null},f:[1,100,20]}

From tinyG: [16:23:26] {r:{st:null},f:[1,100,9]}

From tinyG: [16:23:26] {r:{xhd:1},f:[1,0,10]}

From tinyG: [16:23:26] {r:{xsv:1000},f:[1,0,13]}

From tinyG: [16:23:26] {r:{xlv:100.00},f:[1,0,12]}

From tinyG: [16:23:26] {r:{xlb:5.000},f:[1,0,10]}

From tinyG: [16:23:26] {r:{xzb:2.000},f:[1,0,10]}

From tinyG: [16:23:26] {r:{xjh:10000},f:[1,0,14]}

From tinyG: [16:23:26] {r:{zhd:0},f:[1,0,10]}

From tinyG: [16:23:26] {r:{zsv:1000},f:[1,0,13]}

From tinyG: [16:23:26] {r:{zlv:100.00},f:[1,0,12]}

From tinyG: [16:23:26] {r:{zlb:5.000},f:[1,0,10]}

From tinyG: [16:23:26] {r:{zzb:50.305},f:[1,0,15]}

From tinyG: [16:23:26] {r:{zjh:10000},f:[1,0,14]}

From tinyG: [16:23:26] {r:{ahd:1},f:[1,0,10]}

From tinyG: [16:23:26] {r:{asv:2000},f:[1,0,13]}

From tinyG: [16:23:26] {r:{alv:500.00},f:[1,0,12]}

From tinyG: [16:23:26] {r:{alb:20.000},f:[1,0,11]}

From tinyG: [16:23:26] {r:{azb:0.000},f:[1,0,10]}

From tinyG: [16:23:26] {r:{ajh:10000},f:[1,0,14]}

From tinyG: [16:23:26] {sr:{line:0,posx:0.000,posy:0.000,posz:0.000,posa:0.000,feed:0.00,vel:0.00,unit:1,coor:1,dist:0,admo:1,frmo:1,momo:4,stat:1}}

Sent to TinyG: [16:23:43] G28.2 Z0 X0

Sent to TinyG: [16:23:43] G90

From tinyG: [16:23:43] {sr:{posz:-2.955,feed:1000.00,vel:1000.00,coor:0,dist:1,momo:1,stat:9}}

From tinyG: [16:23:43] {sr:{posz:-7.129}}

From tinyG: [16:23:44] {sr:{posz:-11.304}}

From tinyG: [16:23:44] {sr:{posz:-15.454}}

From tinyG: [16:23:44] {sr:{posz:-19.653}}

From tinyG: [16:23:44] {sr:{posz:-23.828}}

From tinyG: [16:23:45] {sr:{posz:-28.002}}

From tinyG: [16:23:45] {sr:{posz:-32.177}}

From tinyG: [16:23:45] {sr:{posz:-36.327}}

From tinyG: [16:23:45] {sr:{posz:-40.526}}

From tinyG: [16:23:46] {sr:{posz:-44.701}}

From tinyG: [16:23:46] {sr:{posz:-48.875}}

From tinyG: [16:23:46] {sr:{posz:-50.076}}

From tinyG: [16:23:46] {sr:{posz:-45.924,vel:869.34}}

From tinyG: [16:23:47] {sr:{posz:-46.020,feed:100.00,vel:100.00}}

From tinyG: [16:23:47] {sr:{posz:-46.437}}

From tinyG: [16:23:47] {sr:{posz:-46.854}}

From tinyG: [16:23:47] {sr:{posz:-47.271}}

From tinyG: [16:23:48] {sr:{posz:-47.689}}

From tinyG: [16:23:48] {sr:{posz:-48.106}}

From tinyG: [16:23:48] {sr:{posz:-48.523}}

From tinyG: [16:23:48] {sr:{posz:-48.941}}

From tinyG: [16:23:49] {sr:{posz:-49.358}}

From tinyG: [16:23:49] {sr:{posz:-49.775}}

From tinyG: [16:23:49] {sr:{posz:-50.192}}

From tinyG: [16:23:49] {sr:{posz:-48.597,feed:1000.00,vel:1000.00}}

From tinyG: [16:23:50] {sr:{posz:-44.397}}

From tinyG: [16:23:50] {sr:{posz:-40.223}}

From tinyG: [16:23:50] {sr:{posz:-36.048}}

From tinyG: [16:23:50] {sr:{posz:-31.874}}

From tinyG: [16:23:51] {sr:{posz:-27.724}}

From tinyG: [16:23:51] {sr:{posz:-23.524}}

From tinyG: [16:23:51] {sr:{posz:-19.350}}

From tinyG: [16:23:51] {sr:{posz:-15.175}}

From tinyG: [16:23:52] {sr:{posz:-11.000}}

From tinyG: [16:23:52] {sr:{posz:-6.826}}

From tinyG: [16:23:52] {sr:{posz:-2.651}}

From tinyG: [16:23:52] {sr:{posx:0.019,posz:0.000,vel:217.91}}

From tinyG: [16:23:53] {sr:{posx:4.055,vel:1000.00}}

From tinyG: [16:23:53] {sr:{posx:8.230}}

From tinyG: [16:23:53] {sr:{posx:12.430}}

From tinyG: [16:23:53] {sr:{posx:16.605}}

From tinyG: [16:23:54] {sr:{posx:20.780}}

From tinyG: [16:23:54] {sr:{posx:24.955}}

From tinyG: [16:23:54] {sr:{posx:29.104}}

From tinyG: [16:23:54] {sr:{posx:33.304}}

From tinyG: [16:23:55] {sr:{posx:37.479}}

From tinyG: [16:23:55] {sr:{posx:41.654}}

From tinyG: [16:23:55] {sr:{posx:40.632}}

From tinyG: [16:23:55] {sr:{posx:37.408,vel:0.04}}

From tinyG: [16:23:56] {sr:{posx:37.815,feed:100.00,vel:100.00}}

From tinyG: [16:23:56] {sr:{posx:38.233}}

From tinyG: [16:23:56] {sr:{posx:38.650}}

From tinyG: [16:23:56] {sr:{posx:39.067}}

From tinyG: [16:23:57] {sr:{posx:39.484}}

From tinyG: [16:23:57] {sr:{posx:39.899}}

From tinyG: [16:23:57] {sr:{posx:40.319}}

From tinyG: [16:23:58] {sr:{posx:40.736}}

From tinyG: [16:23:58] {sr:{posx:41.153}}

From tinyG: [16:23:58] {sr:{posx:41.571}}

From tinyG: [16:23:58] {sr:{posx:41.984,vel:40.69}}

From tinyG: [16:23:58] {r:{gc:"G90"},f:[1,0,4]}

From tinyG: [16:23:59] {sr:{posx:0.000,feed:0.00,vel:0.00,coor:1,dist:0,momo:4,stat:3}}

Sent to TinyG: [16:23:59] G0 Z-12

Sent to TinyG: [16:23:59] G28.2 A0

From tinyG: [16:23:59] {r:{gc:"G0Z-12"},f:[1,0,8]}

From tinyG: [16:23:59] {r:{gc:"G28.2A0"},f:[1,0,9]}

From tinyG: [16:23:59] {sr:{posz:-8.748,vel:3734.58,momo:0,stat:9}}

From tinyG: [16:23:59] {sr:{posz:-12.000,posa:1.725,feed:2000.00,vel:2000.00,coor:0,dist:1,momo:1}}

From tinyG: [16:23:59] {sr:{posa:10.024}}

From tinyG: [16:24:00] {sr:{posa:18.424}}

From tinyG: [16:24:00] {sr:{posa:26.774}}

From tinyG: [16:24:00] {sr:{posa:35.124}}

From tinyG: [16:24:00] {sr:{posa:43.474}}

From tinyG: [16:24:01] {sr:{posa:51.824}}

From tinyG: [16:24:01] {sr:{posa:60.174}}

From tinyG: [16:24:01] {sr:{posa:68.524}}

From tinyG: [16:24:01] {sr:{posa:76.874}}

From tinyG: [16:24:02] {sr:{posa:85.225}}

From tinyG: [16:24:02] {sr:{posa:93.575}}

From tinyG: [16:24:02] {sr:{posa:101.876}}

From tinyG: [16:24:02] {sr:{posa:110.277}}

From tinyG: [16:24:03] {sr:{posa:118.627}}

From tinyG: [16:24:03] {sr:{posa:126.978}}

From tinyG: [16:24:03] {sr:{posa:135.328}}

From tinyG: [16:24:03] {sr:{posa:143.679}}

From tinyG: [16:24:04] {sr:{posa:152.029}}

From tinyG: [16:24:04] {sr:{posa:160.380}}

From tinyG: [16:24:04] {sr:{posa:168.730}}

From tinyG: [16:24:04] {sr:{posa:177.081}}

From tinyG: [16:24:05] {sr:{posa:185.431}}

From tinyG: [16:24:05] {sr:{posa:193.782}}

From tinyG: [16:24:05] {sr:{posa:202.132}}

From tinyG: [16:24:05] {sr:{posa:210.483}}

From tinyG: [16:24:06] {sr:{posa:218.833}}

From tinyG: [16:24:06] {sr:{posa:227.184}}

From tinyG: [16:24:06] {sr:{posa:235.534}}

From tinyG: [16:24:06] {sr:{posa:243.835}}

From tinyG: [16:24:07] {sr:{posa:252.235}}

From tinyG: [16:24:07] {sr:{posa:260.584}}

From tinyG: [16:24:07] {sr:{posa:268.932}}

From tinyG: [16:24:07] {sr:{posa:277.280}}

From tinyG: [16:24:08] {sr:{posa:285.628}}

From tinyG: [16:24:08] {sr:{posa:293.976}}

From tinyG: [16:24:08] {sr:{posa:302.324}}

From tinyG: [16:24:08] {sr:{posa:310.672}}

From tinyG: [16:24:09] {sr:{posa:319.020}}

From tinyG: [16:24:09] {sr:{posa:327.368}}

From tinyG: [16:24:09] {sr:{posa:335.666}}

From tinyG: [16:24:09] {sr:{posa:333.921}}

From tinyG: [16:24:10] {sr:{posa:325.594}}

From tinyG: [16:24:10] {sr:{posa:317.342,vel:1420.58}}

From tinyG: [16:24:10] {sr:{posa:318.223,feed:500.00,vel:500.00}}

From tinyG: [16:24:10] {sr:{posa:320.320}}

From tinyG: [16:24:11] {sr:{posa:322.405}}

From tinyG: [16:24:11] {sr:{posa:324.489}}

From tinyG: [16:24:11] {sr:{posa:326.574}}

From tinyG: [16:24:11] {sr:{posa:328.658}}

From tinyG: [16:24:12] {sr:{posa:330.742}}

From tinyG: [16:24:12] {sr:{posa:332.827}}

From tinyG: [16:24:12] {sr:{posa:334.911}}

From tinyG: [16:24:12] {sr:{posa:0.000,feed:1000.00,vel:0.00,momo:4,stat:3}}

Sent to TinyG: [16:24:12] G91 G0 A30

Sent to TinyG: [16:24:12] $di1fn=2

From tinyG: [16:24:12] {r:{gc:"G91G0A30"},f:[1,0,11]}

From tinyG: [16:24:12] {er:{fb:86.03,st:9,msg:"File not open - write_persistent"}}

From tinyG: [16:24:12] [di1fn] input function          2 [0=none,1=limit,2=interlock,3=shutdown]

From tinyG: [16:24:12] tinyg [mm] ok> 

From tinyG: [16:24:13] posa:23.781,vel:9659.52,momo:0,stat:5

From tinyG: [16:24:13] posa:30.000,vel:0.00,stat:3

Sent to TinyG: [16:24:13] $di1ac=2

Sent to TinyG: [16:24:13] G91 G1 A-30 F500

From tinyG: [16:24:13] [di1ac] input action            2 [0=none,1=stop,2=halt,3=stop_steps,4=panic,5=reset]

From tinyG: [16:24:13] tinyg [mm] ok> 

From tinyG: [16:24:13] tinyg [mm] ok> 

From tinyG: [16:24:13] posa:28.041,feed:500.00,vel:500.00,momo:1,stat:5

From tinyG: [16:24:13] posa:25.942

From tinyG: [16:24:14] posa:23.855

From tinyG: [16:24:14] posa:21.768

From tinyG: [16:24:14] posa:19.681

From tinyG: [16:24:14] posa:18.347,vel:0.00,stat:6

From tinyG: [16:25:04] posa:16.388,vel:500.00,stat:5

From tinyG: [16:25:04] posa:14.289

From tinyG: [16:25:04] posa:12.203

From tinyG: [16:25:04] posa:10.117

From tinyG: [16:25:05] posa:8.030

From tinyG: [16:25:05] posa:5.944

From tinyG: [16:25:05] posa:3.858

From tinyG: [16:25:05] posa:1.784

From tinyG: [16:25:06] posa:0.000,vel:0.00,stat:3

Sent to TinyG: [16:25:06] $posa

Sent to TinyG: [16:25:06] $di1fn=0

From tinyG: [16:25:06] A position:          0.000 deg

From tinyG: [16:25:06] tinyg [mm] ok> 

From tinyG: [16:25:06] [di1fn] input function          0 [0=none,1=limit,2=interlock,3=shutdown]

From tinyG: [16:25:06] tinyg [mm] ok> 

Sent to TinyG: [16:25:06] $di1ac=0

From tinyG: [16:25:06] [di1ac] input action            0 [0=none,1=stop,2=halt,3=stop_steps,4=panic,5=reset]

From tinyG: [16:25:06] tinyg [mm] ok> 

