[16:31:50] Starting Log file for session: 2020724-163150

From tinyG: [16:31:51] {r:{fv:0.98,fb:86.03,hp:3,hv:0,id:"0213-0215-0515",msg:"SYSTEM READY"},f:[1,0,1]}

From tinyG: [16:31:51] tinyg [mm] ok> 

From tinyG: [16:31:51] [ej]  enable json mode            0 [0=text,1=JSON]

From tinyG: [16:31:51] tinyg [mm] ok> 

Out > [16:31:54] G90 G0 Z-12

Out > [16:31:54] G28.2 A0

From tinyG: [16:31:54] tinyg [mm] ok> 

From tinyG: [16:31:54] tinyg [mm] ok> 

From tinyG: [16:31:54] line:0,posx:0.000,posy:0.000,posz:-12.000,posa:24.846,feed:5000.00,vel:5000.00,unit:1,coor:0,dist:1,admo:1,frmo:1,momo:1,stat:9

Out > [16:31:54] G91 G0 A30

From tinyG: [16:31:55] posa:45.720,feed:5000.00,vel:5000.00,stat:9

From tinyG: [16:31:55] posa:66.470

From tinyG: [16:31:55] posa:87.470

From tinyG: [16:31:55] posa:108.345

From tinyG: [16:31:56] posa:129.220

From tinyG: [16:31:56] posa:150.095

From tinyG: [16:31:56] posa:170.970

From tinyG: [16:31:56] posa:191.845

From tinyG: [16:31:57] posa:212.720

From tinyG: [16:31:57] posa:233.595

From tinyG: [16:31:57] posa:254.470

From tinyG: [16:31:57] posa:275.345

From tinyG: [16:31:58] posa:296.095

From tinyG: [16:31:58] posa:317.095

From tinyG: [16:31:58] posa:337.970

From tinyG: [16:31:58] posa:358.845

From tinyG: [16:31:59] posa:362.769,vel:4359.33

From tinyG: [16:31:59] posa:344.859,vel:231.23

From tinyG: [16:31:59] posa:346.225,feed:500.00,vel:500.00

From tinyG: [16:31:59] posa:348.309

From tinyG: [16:32:00] posa:350.394

From tinyG: [16:32:00] posa:352.478

From tinyG: [16:32:00] posa:354.563

From tinyG: [16:32:00] posa:356.647

From tinyG: [16:32:01] posa:358.731

From tinyG: [16:32:01] tinyg [mm] ok> 

From tinyG: [16:32:01] posa:0.004,feed:250.00,vel:55.80,momo:0,stat:5

From tinyG: [16:32:01] posa:29.551,vel:2087.16

From tinyG: [16:32:01] posa:30.000,vel:0.00,stat:3

Out > [16:32:01] $di1fn=2

Out > [16:32:01] G91 G0 A1

Out > [16:32:01] $di1ac=2

Out > [16:32:01] G91 G1 A-30 F250

From tinyG: [16:32:01] [di1fn] input function          2 [0=none,1=limit,2=interlock,3=shutdown]

From tinyG: [16:32:01] tinyg [mm] ok> 

From tinyG: [16:32:01] tinyg [mm] ok> 

From tinyG: [16:32:01] {er:{fb:86.03,st:9,msg:"File not open - write_persistent"}}

From tinyG: [16:32:01] [di1ac] input action            2 [0=none,1=stop,2=halt,3=stop_steps,4=panic,5=reset]

From tinyG: [16:32:01] tinyg [mm] ok> 

From tinyG: [16:32:01] tinyg [mm] ok> 

From tinyG: [16:32:02] posa:30.415,vel:250.00,momo:1,stat:5

From tinyG: [16:32:02] posa:29.371

From tinyG: [16:32:02] posa:28.334

From tinyG: [16:32:02] posa:27.284

From tinyG: [16:32:03] posa:26.240

From tinyG: [16:32:03] posa:25.196

From tinyG: [16:32:03] posa:24.152

From tinyG: [16:32:03] posa:23.108

From tinyG: [16:32:04] posa:22.064

From tinyG: [16:32:04] posa:21.021

From tinyG: [16:32:04] posa:19.977

From tinyG: [16:32:04] posa:18.933

From tinyG: [16:32:05] posa:17.889

From tinyG: [16:32:05] posa:16.852

From tinyG: [16:32:05] posa:15.802

From tinyG: [16:32:05] posa:14.758

From tinyG: [16:32:06] posa:13.714

From tinyG: [16:32:06] posa:12.671

From tinyG: [16:32:06] posa:12.386,vel:0.00,stat:6

From tinyG: [16:32:06] stat:3

From tinyG: [16:32:08] stat:3

