[17:11:43] Starting Log file for session: 2020811-171143

From tinyG: [17:11:45] {"r":{"fv":0.98,"fb":86.03,"hp":3,"hv":0,"id":"0213-0215-0515","msg":"SYSTEM READY"},"f":[1,0,1]}

From tinyG: [17:11:45] tinyg [mm] ok> 

From tinyG: [17:11:45] [ej]  enable json mode            0 [0=text,1=JSON]

From tinyG: [17:11:45] tinyg [mm] ok> 

Out > [17:11:50] g91 g0 z-9 

Out > [17:11:50] g90 g1 z0 f550

From tinyG: [17:11:50] tinyg [mm] ok> 

From tinyG: [17:11:50] tinyg [mm] ok> 

From tinyG: [17:11:50] posz:-10.906,vel:650.00,dist:1,stat:5

From tinyG: [17:11:51] posz:-13.083

From tinyG: [17:11:51] posz:-15.243

From tinyG: [17:11:51] posz:-17.420

From tinyG: [17:11:51] posz:-16.691,feed:550.00,vel:550.00,dist:0,momo:1

From tinyG: [17:11:51] posz:-14.863

From tinyG: [17:11:52] posz:-13.006

From tinyG: [17:11:52] posz:-11.164

From tinyG: [17:11:52] posz:-9.335

From tinyG: [17:11:52] posz:-7.493

From tinyG: [17:11:52] posz:-5.636

From tinyG: [17:11:53] posz:-3.794

From tinyG: [17:11:53] posz:-1.965

From tinyG: [17:11:53] posz:-0.125,vel:516.81

From tinyG: [17:11:53] posz:0.000,vel:0.00,stat:3

Out > [17:11:53] g90 g0 a20

Out > [17:11:53] g90 g0 a0

From tinyG: [17:11:53] tinyg [mm] ok> 

From tinyG: [17:11:53] tinyg [mm] ok> 

From tinyG: [17:11:54] posa:17.728,vel:4542.30,momo:0,stat:5

From tinyG: [17:11:54] posa:8.300,vel:8529.51

From tinyG: [17:11:54] posa:0.000,vel:0.00,stat:3

Out > [17:12:14] g91 g1 z10 f550

From tinyG: [17:12:14] {"er":{"fb":86.03,"st":226,"msg":"Soft limit - Z max - soft_limits"}}

From tinyG: [17:12:14] tinyg [mm] err[226]: Soft limit - Z max: g91 g1 z10 f550 

Out > [17:12:22] $clear

From tinyG: [17:12:22] tinyg [mm] ok> 

Out > [17:12:30] g28.3 z-20

From tinyG: [17:12:30] tinyg [mm] ok> 

From tinyG: [17:12:35] tinyg [mm] ok> 

Out > [17:12:37] ~

Out > [17:12:39] g91 g1 z10 f550

From tinyG: [17:12:39] tinyg [mm] ok> 

From tinyG: [17:12:39] posz:-18.366,vel:550.00,dist:1,momo:1,stat:5

From tinyG: [17:12:39] posz:-16.539

From tinyG: [17:12:39] posz:-14.698

From tinyG: [17:12:39] posz:-12.857

From tinyG: [17:12:40] posz:-11.030

From tinyG: [17:12:40] posz:-10.000,vel:0.00,stat:3

Out > [17:12:54] $posz

From tinyG: [17:12:54] Z position:        -10.000 mm

From tinyG: [17:12:54] tinyg [mm] ok> 

Out > [17:13:03] g90 g1 z0 f500

From tinyG: [17:13:03] tinyg [mm] ok> 

From tinyG: [17:13:03] posz:-8.511,feed:500.00,vel:500.00,dist:0,stat:5

From tinyG: [17:13:03] posz:-6.849

From tinyG: [17:13:04] posz:-5.162

From tinyG: [17:13:04] posz:-3.488

From tinyG: [17:13:04] posz:-1.827

From tinyG: [17:13:04] posz:-0.153,vel:497.68

From tinyG: [17:13:04] posz:0.000,vel:0.00,stat:3

Out > [17:13:16] g28.3z-10

From tinyG: [17:13:16] tinyg [mm] ok> 

Out > [17:13:19] g90 g1 z0 f200

From tinyG: [17:13:19] tinyg [mm] ok> 

From tinyG: [17:13:20] posz:-9.377,feed:200.00,vel:200.00,stat:5

From tinyG: [17:13:20] posz:-8.702

From tinyG: [17:13:20] posz:-8.032

From tinyG: [17:13:20] posz:-7.367

From tinyG: [17:13:20] posz:-6.697

From tinyG: [17:13:21] posz:-6.022

From tinyG: [17:13:21] posz:-5.352

From tinyG: [17:13:21] posz:-4.688

From tinyG: [17:13:21] posz:-4.018

From tinyG: [17:13:21] posz:-3.348

From tinyG: [17:13:22] posz:-2.683

From tinyG: [17:13:22] posz:-2.013

From tinyG: [17:13:22] posz:-1.348

From tinyG: [17:13:22] posz:-0.678

From tinyG: [17:13:22] posz:-0.013,vel:144.96

From tinyG: [17:13:23] posz:0.000,vel:0.00,stat:3

Out > [17:13:35] g28.3 z-5

From tinyG: [17:13:35] tinyg [mm] ok> 

Out > [17:13:43] g90 g0 z0

From tinyG: [17:13:43] tinyg [mm] ok> 

From tinyG: [17:13:43] posz:-3.099,vel:650.00,momo:0,stat:5

From tinyG: [17:13:43] posz:-0.929

From tinyG: [17:13:43] posz:0.000,vel:0.00,stat:3

Out > [17:13:55] g28.3 z2.8

From tinyG: [17:13:55] tinyg [mm] ok> 

Out > [17:13:57] g90 g0 z0

From tinyG: [17:13:57] tinyg [mm] ok> 

From tinyG: [17:13:58] posz:0.898,vel:650.00,stat:5

From tinyG: [17:13:58] posz:0.000,vel:0.00,stat:3

Out > [17:14:17] g90 g0 z-9 

Out > [17:14:17] g90 g1 z0 f550

From tinyG: [17:14:17] tinyg [mm] ok> 

From tinyG: [17:14:17] tinyg [mm] ok> 

From tinyG: [17:14:17] posz:-1.906,vel:650.00,stat:5

From tinyG: [17:14:17] posz:-4.083

From tinyG: [17:14:17] posz:-6.243

From tinyG: [17:14:17] posz:-8.420

From tinyG: [17:14:18] posz:-7.692,feed:550.00,vel:550.00,momo:1

From tinyG: [17:14:18] posz:-5.865

From tinyG: [17:14:18] posz:-4.038

From tinyG: [17:14:18] posz:-2.197

From tinyG: [17:14:18] posz:-0.343

From tinyG: [17:14:19] posz:0.000,vel:0.00,stat:3

Out > [17:14:19] g90 g0 a20

Out > [17:14:19] g90 g0 a0

From tinyG: [17:14:19] tinyg [mm] ok> 

From tinyG: [17:14:19] tinyg [mm] ok> 

From tinyG: [17:14:19] posa:17.728,vel:4542.30,momo:0,stat:5

From tinyG: [17:14:19] posa:8.300,vel:8529.51

From tinyG: [17:14:19] posa:0.000,vel:0.00,stat:3

Out > [17:14:41] g28.3 z-9

From tinyG: [17:14:41] tinyg [mm] ok> 

Out > [17:14:47] g90 g1 z0 f300

From tinyG: [17:14:47] tinyg [mm] ok> 

From tinyG: [17:14:47] posz:-8.080,feed:300.00,vel:300.00,momo:1,stat:5

From tinyG: [17:14:47] posz:-7.075

From tinyG: [17:14:47] posz:-6.071

From tinyG: [17:14:47] posz:-5.074

From tinyG: [17:14:48] posz:-4.069

From tinyG: [17:14:48] posz:-3.057

From tinyG: [17:14:48] posz:-2.052

From tinyG: [17:14:48] posz:-1.055

From tinyG: [17:14:48] posz:-0.052,vel:285.37

From tinyG: [17:14:49] posz:0.000,vel:0.00,stat:3

Out > [17:15:00] g90 g0 z-9 

Out > [17:15:00] g90 g0 a20

From tinyG: [17:15:00] tinyg [mm] ok> 

From tinyG: [17:15:00] tinyg [mm] ok> 

From tinyG: [17:15:00] posz:-1.905,vel:650.00,momo:0,stat:5

From tinyG: [17:15:01] posz:-4.064

From tinyG: [17:15:01] posz:-6.240

From tinyG: [17:15:01] posz:-8.415

From tinyG: [17:15:01] posz:-9.000,posa:12.357,vel:8549.42

From tinyG: [17:15:01] posa:20.000,vel:0.00,stat:3

Out > [17:15:01] g90 g1 z0 f450

Out > [17:15:01] g90 g0 a20

From tinyG: [17:15:01] tinyg [mm] ok> 

From tinyG: [17:15:01] tinyg [mm] err[201]: Move < min length: g90 g0 a20 

From tinyG: [17:15:02] line:0,posx:0.000,posy:0.000,posz:-8.017,posa:20.000,feed:450.00,vel:450.00,unit:1,coor:1,dist:0,admo:1,frmo:1,momo:1,stat:5

Out > [17:15:02] g90 g0 a0

From tinyG: [17:15:02] tinyg [mm] ok> 

From tinyG: [17:15:02] posz:-6.523,feed:450.00,vel:450.00,momo:1,stat:5

From tinyG: [17:15:02] posz:-5.028

From tinyG: [17:15:02] posz:-3.522

From tinyG: [17:15:02] posz:-2.028

From tinyG: [17:15:03] posz:-0.522

From tinyG: [17:15:03] posz:-0.000,posa:13.897,vel:8313.40,momo:0

From tinyG: [17:15:03] posa:0.000,vel:0.00,stat:3

Out > [17:15:16] g90 g0 z-9 

Out > [17:15:16] g90 g0 a20

From tinyG: [17:15:16] tinyg [mm] ok> 

From tinyG: [17:15:16] tinyg [mm] ok> 

From tinyG: [17:15:17] posz:-1.905,vel:650.00,stat:5

From tinyG: [17:15:17] posz:-4.064

From tinyG: [17:15:17] posz:-6.240

From tinyG: [17:15:17] posz:-8.432

From tinyG: [17:15:17] posz:-9.000,posa:12.780,vel:8483.78

From tinyG: [17:15:18] posa:20.000,vel:0.00,stat:3

Out > [17:15:18] g90 g1 z0 f475

Out > [17:15:18] g90 g0 a20

From tinyG: [17:15:18] tinyg [mm] ok> 

From tinyG: [17:15:18] tinyg [mm] err[201]: Move < min length: g90 g0 a20 

From tinyG: [17:15:18] line:0,posx:0.000,posy:0.000,posz:-7.970,posa:20.000,feed:475.00,vel:475.00,unit:1,coor:1,dist:0,admo:1,frmo:1,momo:1,stat:5

Out > [17:15:18] g90 g0 a0

From tinyG: [17:15:18] tinyg [mm] ok> 

From tinyG: [17:15:18] posz:-6.368,feed:475.00,vel:475.00,momo:1,stat:5

From tinyG: [17:15:18] posz:-4.779

From tinyG: [17:15:18] posz:-3.201

From tinyG: [17:15:19] posz:-1.611

From tinyG: [17:15:19] posz:-0.048,vel:310.36

From tinyG: [17:15:19] posz:-0.000,posa:4.515,vel:7628.22,momo:0

From tinyG: [17:15:19] posa:0.000,vel:0.00,stat:3

Out > [17:15:20] g90 g0 z-9 

Out > [17:15:20] g90 g0 a20

From tinyG: [17:15:20] tinyg [mm] ok> 

From tinyG: [17:15:20] tinyg [mm] ok> 

From tinyG: [17:15:20] posz:-1.905,vel:650.00,stat:5

From tinyG: [17:15:20] posz:-4.064

From tinyG: [17:15:21] posz:-6.240

From tinyG: [17:15:21] posz:-8.415

From tinyG: [17:15:21] posz:-9.000,posa:12.357,vel:8549.42

From tinyG: [17:15:21] posa:20.000,vel:0.00,stat:3

Out > [17:15:21] g90 g1 z0 f475

Out > [17:15:21] g90 g0 a20

From tinyG: [17:15:21] tinyg [mm] ok> 

From tinyG: [17:15:21] tinyg [mm] err[201]: Move < min length: g90 g0 a20 

From tinyG: [17:15:21] line:0,posx:0.000,posy:0.000,posz:-7.970,posa:20.000,feed:475.00,vel:475.00,unit:1,coor:1,dist:0,admo:1,frmo:1,momo:1,stat:5

Out > [17:15:21] g90 g0 a0

From tinyG: [17:15:21] tinyg [mm] ok> 

From tinyG: [17:15:22] posz:-6.392,vel:475.00,momo:1,stat:5

From tinyG: [17:15:22] posz:-4.803

From tinyG: [17:15:22] posz:-3.201

From tinyG: [17:15:22] posz:-1.611

From tinyG: [17:15:22] posz:-0.041,vel:310.36

From tinyG: [17:15:23] posz:0.000,posa:4.515,vel:7628.22,momo:0

From tinyG: [17:15:23] posa:0.000,vel:0.00,stat:3

Out > [17:15:37] g90 g0 z-9 

Out > [17:15:37] g90 g0 a20

From tinyG: [17:15:37] tinyg [mm] ok> 

From tinyG: [17:15:37] tinyg [mm] ok> 

From tinyG: [17:15:38] posz:-1.905,vel:650.00,stat:5

From tinyG: [17:15:38] posz:-4.081

From tinyG: [17:15:38] posz:-6.240

From tinyG: [17:15:38] posz:-8.415

From tinyG: [17:15:39] posz:-9.000,posa:12.357,vel:8549.42

From tinyG: [17:15:39] posa:20.000,vel:0.00,stat:3

Out > [17:15:39] g90 g1 z0 f500

Out > [17:15:39] g90 g0 a20

From tinyG: [17:15:39] tinyg [mm] ok> 

From tinyG: [17:15:39] tinyg [mm] err[201]: Move < min length: g90 g0 a20 

From tinyG: [17:15:39] line:0,posx:0.000,posy:0.000,posz:-7.911,posa:20.000,feed:500.00,vel:500.00,unit:1,coor:1,dist:0,admo:1,frmo:1,momo:1,stat:5

Out > [17:15:39] g90 g0 a0

From tinyG: [17:15:39] tinyg [mm] ok> 

From tinyG: [17:15:39] posz:-6.249,feed:500.00,vel:500.00,momo:1,stat:5

From tinyG: [17:15:39] posz:-4.563

From tinyG: [17:15:40] posz:-2.888

From tinyG: [17:15:40] posz:-1.227

From tinyG: [17:15:40] posz:-0.000,posa:19.895,vel:700.57,momo:0

From tinyG: [17:15:40] posa:0.263,vel:1468.86

From tinyG: [17:15:40] posa:0.000,vel:0.00,stat:3

Out > [17:15:40] g90 g0 z-9 

Out > [17:15:40] g90 g0 a20

From tinyG: [17:15:40] tinyg [mm] ok> 

From tinyG: [17:15:40] tinyg [mm] ok> 

From tinyG: [17:15:41] posz:-1.905,vel:650.00,stat:5

From tinyG: [17:15:41] posz:-4.081

From tinyG: [17:15:41] posz:-6.240

From tinyG: [17:15:41] posz:-8.415

From tinyG: [17:15:41] posz:-9.000,posa:12.357,vel:8549.42

From tinyG: [17:15:42] posa:20.000,vel:0.00,stat:3

Out > [17:15:42] g90 g1 z0 f500

Out > [17:15:42] g90 g0 a20

From tinyG: [17:15:42] tinyg [mm] ok> 

From tinyG: [17:15:42] tinyg [mm] err[201]: Move < min length: g90 g0 a20 

From tinyG: [17:15:42] line:0,posx:0.000,posy:0.000,posz:-7.923,posa:20.000,feed:500.00,vel:500.00,unit:1,coor:1,dist:0,admo:1,frmo:1,momo:1,stat:5

Out > [17:15:42] g90 g0 a0

From tinyG: [17:15:42] tinyg [mm] ok> 

From tinyG: [17:15:42] posz:-6.249,vel:500.00,momo:1,stat:5

From tinyG: [17:15:42] posz:-4.587

From tinyG: [17:15:42] posz:-2.913

From tinyG: [17:15:43] posz:-1.227

From tinyG: [17:15:43] posz:-0.000,posa:19.912,vel:614.80,momo:0

From tinyG: [17:15:43] posa:0.263,vel:1468.86

From tinyG: [17:15:43] posa:0.000,vel:0.00,stat:3

Out > [17:15:43] g90 g0 z-9 

Out > [17:15:43] g90 g0 a20

From tinyG: [17:15:43] tinyg [mm] ok> 

From tinyG: [17:15:43] tinyg [mm] ok> 

From tinyG: [17:15:44] posz:-1.905,vel:650.00,stat:5

From tinyG: [17:15:44] posz:-4.081

From tinyG: [17:15:44] posz:-6.240

From tinyG: [17:15:44] posz:-8.432

From tinyG: [17:15:44] posz:-9.000,posa:12.780,vel:8483.78

From tinyG: [17:15:45] posa:20.000,vel:0.00,stat:3

Out > [17:15:45] g90 g1 z0 f500

Out > [17:15:45] g90 g0 a20

From tinyG: [17:15:45] tinyg [mm] ok> 

From tinyG: [17:15:45] tinyg [mm] err[201]: Move < min length: g90 g0 a20 

From tinyG: [17:15:45] line:0,posx:0.000,posy:0.000,posz:-7.911,posa:20.000,feed:500.00,vel:500.00,unit:1,coor:1,dist:0,admo:1,frmo:1,momo:1,stat:5

Out > [17:15:45] g90 g0 a0

From tinyG: [17:15:45] tinyg [mm] ok> 

From tinyG: [17:15:45] posz:-6.249,vel:500.00,momo:1,stat:5

From tinyG: [17:15:45] posz:-4.563

From tinyG: [17:15:45] posz:-2.888

From tinyG: [17:15:46] posz:-1.227

From tinyG: [17:15:46] posz:-0.000,posa:19.895,vel:700.57,momo:0

From tinyG: [17:15:46] posa:0.263,vel:1468.86

From tinyG: [17:15:46] posa:0.000,vel:0.00,stat:3

Out > [17:15:46] g90 g0 z-9 

Out > [17:15:46] g90 g0 a20

From tinyG: [17:15:46] tinyg [mm] ok> 

From tinyG: [17:15:46] tinyg [mm] ok> 

From tinyG: [17:15:46] posz:-1.905,vel:650.00,stat:5

From tinyG: [17:15:47] posz:-4.064

From tinyG: [17:15:47] posz:-6.240

From tinyG: [17:15:47] posz:-8.432

From tinyG: [17:15:47] posz:-9.000,posa:12.780,vel:8483.78

From tinyG: [17:15:47] posa:20.000,vel:0.00,stat:3

Out > [17:15:47] g90 g1 z0 f500

Out > [17:15:47] g90 g0 a20

From tinyG: [17:15:47] tinyg [mm] ok> 

From tinyG: [17:15:47] tinyg [mm] err[201]: Move < min length: g90 g0 a20 

From tinyG: [17:15:48] line:0,posx:0.000,posy:0.000,posz:-7.911,posa:20.000,feed:500.00,vel:500.00,unit:1,coor:1,dist:0,admo:1,frmo:1,momo:1,stat:5

Out > [17:15:48] g90 g0 a0

From tinyG: [17:15:48] tinyg [mm] ok> 

From tinyG: [17:15:48] posz:-6.249,vel:500.00,momo:1,stat:5

From tinyG: [17:15:48] posz:-4.563

From tinyG: [17:15:48] posz:-2.888

From tinyG: [17:15:48] posz:-1.227

From tinyG: [17:15:49] posz:-0.000,posa:19.895,vel:700.57,momo:0

From tinyG: [17:15:49] posa:0.263,vel:1468.86

From tinyG: [17:15:49] posa:0.000,vel:0.00,stat:3

Out > [17:15:56] g90 g0 z-9 

Out > [17:15:56] g90 g0 a20

From tinyG: [17:15:56] tinyg [mm] ok> 

From tinyG: [17:15:56] tinyg [mm] ok> 

From tinyG: [17:15:56] posz:-1.905,vel:650.00,stat:5

From tinyG: [17:15:57] posz:-4.081

From tinyG: [17:15:57] posz:-6.240

From tinyG: [17:15:57] posz:-8.415

From tinyG: [17:15:57] posz:-9.000,posa:12.357,vel:8549.42

From tinyG: [17:15:57] posa:20.000,vel:0.00,stat:3

Out > [17:15:57] g90 g1 z0 f500

Out > [17:15:57] g90 g0 a20

From tinyG: [17:15:57] tinyg [mm] ok> 

From tinyG: [17:15:57] tinyg [mm] err[201]: Move < min length: g90 g0 a20 

From tinyG: [17:15:58] line:0,posx:0.000,posy:0.000,posz:-7.911,posa:20.000,feed:500.00,vel:500.00,unit:1,coor:1,dist:0,admo:1,frmo:1,momo:1,stat:5

Out > [17:15:58] g90 g0 a0

From tinyG: [17:15:58] tinyg [mm] ok> 

From tinyG: [17:15:58] posz:-6.249,vel:500.00,momo:1,stat:5

From tinyG: [17:15:58] posz:-4.563

From tinyG: [17:15:58] posz:-2.888

From tinyG: [17:15:58] posz:-1.227

From tinyG: [17:15:59] posz:-0.000,posa:19.895,vel:700.57,momo:0

From tinyG: [17:15:59] posa:0.263,vel:1468.86

From tinyG: [17:15:59] posa:0.000,vel:0.00,stat:3

Out > [17:16:06] g90 g0 z-9 

Out > [17:16:06] g90 g0 a20

From tinyG: [17:16:06] tinyg [mm] ok> 

From tinyG: [17:16:06] tinyg [mm] ok> 

From tinyG: [17:16:07] posz:-1.905,vel:650.00,stat:5

From tinyG: [17:16:07] posz:-4.081

From tinyG: [17:16:07] posz:-6.240

From tinyG: [17:16:07] posz:-8.432

From tinyG: [17:16:08] posz:-9.000,posa:12.780,vel:8483.78

From tinyG: [17:16:08] posa:20.000,vel:0.00,stat:3

Out > [17:16:08] g90 g1 z0 f500

Out > [17:16:08] g90 g0 a20

From tinyG: [17:16:08] tinyg [mm] ok> 

From tinyG: [17:16:08] tinyg [mm] err[201]: Move < min length: g90 g0 a20 

From tinyG: [17:16:08] line:0,posx:0.000,posy:0.000,posz:-7.923,posa:20.000,feed:500.00,vel:500.00,unit:1,coor:1,dist:0,admo:1,frmo:1,momo:1,stat:5

Out > [17:16:08] g90 g0 a0

From tinyG: [17:16:08] tinyg [mm] ok> 

From tinyG: [17:16:08] posz:-6.249,vel:500.00,momo:1,stat:5

From tinyG: [17:16:08] posz:-4.587

From tinyG: [17:16:09] posz:-2.913

From tinyG: [17:16:09] posz:-1.227

From tinyG: [17:16:09] posz:-0.000,posa:19.912,vel:614.80,momo:0

From tinyG: [17:16:09] posa:0.263,vel:1468.86

From tinyG: [17:16:09] posa:0.000,vel:0.00,stat:3

Out > [17:16:13] g90 g0 z-9 

Out > [17:16:13] g90 g0 a20

From tinyG: [17:16:13] tinyg [mm] ok> 

From tinyG: [17:16:13] tinyg [mm] ok> 

From tinyG: [17:16:13] posz:-1.905,vel:650.00,stat:5

From tinyG: [17:16:14] posz:-4.064

From tinyG: [17:16:14] posz:-6.240

From tinyG: [17:16:14] posz:-8.432

From tinyG: [17:16:14] posz:-9.000,posa:12.780,vel:8483.78

From tinyG: [17:16:14] posa:20.000,vel:0.00,stat:3

Out > [17:16:14] g90 g1 z0 f500

Out > [17:16:14] g90 g0 a20

From tinyG: [17:16:14] tinyg [mm] ok> 

From tinyG: [17:16:14] tinyg [mm] err[201]: Move < min length: g90 g0 a20 

From tinyG: [17:16:15] line:0,posx:0.000,posy:0.000,posz:-7.923,posa:20.000,feed:500.00,vel:500.00,unit:1,coor:1,dist:0,admo:1,frmo:1,momo:1,stat:5

Out > [17:16:15] g90 g0 a0

From tinyG: [17:16:15] tinyg [mm] ok> 

From tinyG: [17:16:15] posz:-6.249,vel:500.00,momo:1,stat:5

From tinyG: [17:16:15] posz:-4.587

From tinyG: [17:16:15] posz:-2.913

From tinyG: [17:16:15] posz:-1.227

From tinyG: [17:16:16] posz:-0.000,posa:19.912,vel:614.80,momo:0

From tinyG: [17:16:16] posa:0.263,vel:1468.86

From tinyG: [17:16:16] posa:0.000,vel:0.00,stat:3

Out > [17:16:21] g90 g0 z-9 

Out > [17:16:21] g90 g0 a20

From tinyG: [17:16:21] tinyg [mm] ok> 

From tinyG: [17:16:21] tinyg [mm] ok> 

From tinyG: [17:16:21] posz:-1.905,vel:650.00,stat:5

From tinyG: [17:16:21] posz:-4.081

From tinyG: [17:16:22] posz:-6.240

From tinyG: [17:16:22] posz:-8.415

From tinyG: [17:16:22] posz:-9.000,posa:12.357,vel:8549.42

From tinyG: [17:16:22] posa:20.000,vel:0.00,stat:3

Out > [17:16:22] g90 g1 z0 f500

Out > [17:16:22] g90 g0 a20

From tinyG: [17:16:22] tinyg [mm] ok> 

From tinyG: [17:16:22] tinyg [mm] err[201]: Move < min length: g90 g0 a20 

From tinyG: [17:16:22] line:0,posx:0.000,posy:0.000,posz:-7.911,posa:20.000,feed:500.00,vel:500.00,unit:1,coor:1,dist:0,admo:1,frmo:1,momo:1,stat:5

Out > [17:16:22] g90 g0 a0

From tinyG: [17:16:22] tinyg [mm] ok> 

From tinyG: [17:16:23] posz:-6.249,vel:500.00,momo:1,stat:5

From tinyG: [17:16:23] posz:-4.563

From tinyG: [17:16:23] posz:-2.888

From tinyG: [17:16:23] posz:-1.227

From tinyG: [17:16:23] posz:-0.000,posa:19.895,vel:700.57,momo:0

From tinyG: [17:16:24] posa:0.263,vel:1468.86

From tinyG: [17:16:24] posa:0.000,vel:0.00,stat:3

