[15:18:46] Starting Log file for session: 2020724-151846

From tinyG: [15:18:47] {r:{fv:0.98,fb:86.03,hp:3,hv:0,id:"0213-0215-0515",msg:"SYSTEM READY"},f:[1,0,1]}

From tinyG: [15:18:47] tinyg [mm] ok> 

From tinyG: [15:18:47] [ej]  enable json mode            0 [0=text,1=JSON]

From tinyG: [15:18:47] tinyg [mm] ok> 

From tinyG: [15:18:51] {r:{tinygmo:null},f:[1,100,26]}

From tinyG: [15:18:51] {r:{baud:null},f:[1,100,11]}

From tinyG: [15:18:51] {r:{js:0},f:[1,0,9]}

From tinyG: [15:18:51] {r:{gpa:0},f:[1,0,10]}

From tinyG: [15:18:51] {r:{gun:1},f:[1,0,10]}

From tinyG: [15:18:51] {r:{ja:0.00},f:[1,0,9]}

From tinyG: [15:18:51] {r:{si:250},f:[1,0,11]}

From tinyG: [15:18:51] {r:{jv:5},f:[1,0,9]}

From tinyG: [15:18:51] {r:{mt:0},f:[1,0,11]}

From tinyG: [15:18:51] {r:{st:null},f:[1,100,9]}

From tinyG: [15:18:51] {r:{motorma:null},f:[1,100,20]}

From tinyG: [15:18:51] {r:{1ma:5},f:[1,0,10]}

From tinyG: [15:18:51] {r:{2ma:0},f:[1,0,10]}

From tinyG: [15:18:51] {r:{3ma:2},f:[1,0,10]}

From tinyG: [15:18:51] {r:{4ma:3},f:[1,0,10]}

From tinyG: [15:18:51] {r:{polarit:null},f:[1,100,18]}

From tinyG: [15:18:51] {r:{1po:1},f:[1,0,10]}

From tinyG: [15:18:51] {r:{2po:0},f:[1,0,10]}

From tinyG: [15:18:51] {r:{3po:1},f:[1,0,10]}

From tinyG: [15:18:51] {r:{4po:0},f:[1,0,10]}

From tinyG: [15:18:51] {r:{trvalue:null},f:[1,100,16]}

From tinyG: [15:18:51] {r:{1tr:60.0000},f:[1,0,11]}

From tinyG: [15:18:51] {r:{2tr:6.3500},f:[1,0,13]}

From tinyG: [15:18:51] {r:{3tr:5.0000},f:[1,0,10]}

From tinyG: [15:18:51] {r:{4tr:60.0000},f:[1,0,11]}

From tinyG: [15:18:51] {r:{powerse:null},f:[1,100,21]}

From tinyG: [15:18:51] {r:{1pl:1.000},f:[1,0,10]}

From tinyG: [15:18:51] {r:{2pl:1.000},f:[1,0,10]}

From tinyG: [15:18:51] {r:{3pl:0.000},f:[1,0,10]}

From tinyG: [15:18:51] {r:{4pl:0.000},f:[1,0,10]}

From tinyG: [15:18:51] {r:{1pm:2},f:[1,0,10]}

From tinyG: [15:18:51] {r:{2pm:2},f:[1,0,10]}

From tinyG: [15:18:51] {r:{3pm:2},f:[1,0,10]}

From tinyG: [15:18:51] {r:{4pm:2},f:[1,0,10]}

From tinyG: [15:18:51] {r:{motorse:null},f:[1,100,21]}

From tinyG: [15:18:51] {r:{1mi:16},f:[1,0,11]}

From tinyG: [15:18:51] {r:{2mi:32},f:[1,0,11]}

From tinyG: [15:18:51] {r:{3mi:10,msg:"*** WARNING *** Setting non-standard microstep value"},f:[1,0,11]}

From tinyG: [15:18:51] {r:{4mi:10,msg:"*** WARNING *** Setting non-standard microstep value"},f:[1,0,11]}

From tinyG: [15:18:51] {r:{1sa:1.800},f:[1,0,12]}

From tinyG: [15:18:51] {r:{2sa:1.800},f:[1,0,12]}

From tinyG: [15:18:51] {r:{3sa:1.800},f:[1,0,12]}

From tinyG: [15:18:51] {r:{4sa:1.800},f:[1,0,12]}

From tinyG: [15:18:51] {r:{axesset:null},f:[1,100,20]}

From tinyG: [15:18:51] {r:{xam:1},f:[1,0,10]}

From tinyG: [15:18:51] {r:{xvm:1500},f:[1,0,13]}

From tinyG: [15:18:51] {r:{xjm:5000},f:[1,0,13]}

From tinyG: [15:18:51] {r:{xfr:5000},f:[1,0,13]}

From tinyG: [15:18:51] {r:{xtn:-500.000},f:[1,0,13]}

From tinyG: [15:18:51] {r:{xtm:0.000},f:[1,0,10]}

From tinyG: [15:18:51] {r:{yam:0},f:[1,0,10]}

From tinyG: [15:18:51] {r:{yvm:0},f:[1,0,10]}

From tinyG: [15:18:51] {r:{yjm:0},f:[1,0,10]}

From tinyG: [15:18:51] {r:{yfr:0},f:[1,0,10]}

From tinyG: [15:18:51] {r:{zam:1},f:[1,0,10]}

From tinyG: [15:18:51] {r:{zvm:3750},f:[1,0,13]}

From tinyG: [15:18:51] {r:{zjm:5000},f:[1,0,13]}

From tinyG: [15:18:51] {r:{zfr:3750},f:[1,0,13]}

From tinyG: [15:18:51] {r:{ztn:-100.000},f:[1,0,13]}

From tinyG: [15:18:51] {r:{ztm:2.000},f:[1,0,10]}

From tinyG: [15:18:51] {r:{aam:1},f:[1,0,10]}

From tinyG: [15:18:51] {r:{avm:20000},f:[1,0,14]}

From tinyG: [15:18:51] {r:{ajm:10000},f:[1,0,14]}

From tinyG: [15:18:51] {r:{afr:15000},f:[1,0,14]}

From tinyG: [15:18:51] {r:{atn:-3600.000},f:[1,0,14]}

From tinyG: [15:18:51] {r:{atm:3600.000},f:[1,0,13]}

From tinyG: [15:18:51] {r:{cam:1},f:[1,0,10]}

From tinyG: [15:18:51] {r:{cvm:10000},f:[1,0,14]}

From tinyG: [15:18:51] {r:{cjm:5000},f:[1,0,13]}

From tinyG: [15:18:51] {r:{cfr:10000},f:[1,0,14]}

From tinyG: [15:18:51] {r:{ctn:-3600.000},f:[1,0,14]}

From tinyG: [15:18:51] {r:{ctm:3600.000},f:[1,0,13]}

From tinyG: [15:18:51] {r:{limitsw:null},f:[1,100,21]}

From tinyG: [15:18:51] {r:{sl:1},f:[1,0,9]}

From tinyG: [15:18:51] {r:{xsn:null},f:[1,100,10]}

From tinyG: [15:18:51] {r:{ahi:1},f:[1,0,10]}

From tinyG: [15:18:51] {r:{di1mo:1},f:[1,0,12]}

From tinyG: [15:18:51] {r:{di1ac:0},f:[1,0,12]}

From tinyG: [15:18:51] {r:{di1fn:0},f:[1,0,12]}

From tinyG: [15:18:51] {r:{xsx:null},f:[1,100,10]}

From tinyG: [15:18:51] {r:{xhi:2},f:[1,0,10]}

From tinyG: [15:18:51] {r:{di2mo:0},f:[1,0,12]}

From tinyG: [15:18:51] {r:{di2ac:0},f:[1,0,12]}

From tinyG: [15:18:51] {r:{di2fn:0},f:[1,0,12]}

From tinyG: [15:18:51] {r:{ysn:null},f:[1,100,10]}

From tinyG: [15:18:51] {r:{yhi:0},f:[1,0,10]}

From tinyG: [15:18:51] {r:{di3mo:-1},f:[1,0,13]}

From tinyG: [15:18:51] {r:{di3ac:0},f:[1,0,12]}

From tinyG: [15:18:51] {r:{di3fn:0},f:[1,0,12]}

From tinyG: [15:18:51] {r:{ysx:null},f:[1,100,10]}

From tinyG: [15:18:51] {r:{di4mo:-1},f:[1,0,13]}

From tinyG: [15:18:51] {r:{di4ac:0},f:[1,0,12]}

From tinyG: [15:18:51] {r:{di4fn:0},f:[1,0,12]}

From tinyG: [15:18:51] {r:{zsn:null},f:[1,100,10]}

From tinyG: [15:18:51] {r:{zhi:5},f:[1,0,10]}

From tinyG: [15:18:51] {r:{di5mo:0},f:[1,0,12]}

From tinyG: [15:18:51] {r:{di5ac:0},f:[1,0,12]}

From tinyG: [15:18:51] {r:{di5fn:0},f:[1,0,12]}

From tinyG: [15:18:51] {r:{zsx:null},f:[1,100,10]}

From tinyG: [15:18:51] {r:{di6mo:-1},f:[1,0,13]}

From tinyG: [15:18:51] {r:{di6ac:0},f:[1,0,12]}

From tinyG: [15:18:51] {r:{di6fn:0},f:[1,0,12]}

From tinyG: [15:18:51] {r:{asn:null},f:[1,100,10]}

From tinyG: [15:18:51] {r:{di7mo:-1},f:[1,0,13]}

From tinyG: [15:18:51] {r:{di7ac:0},f:[1,0,12]}

From tinyG: [15:18:51] {r:{di7fn:0},f:[1,0,12]}

From tinyG: [15:18:51] {r:{asx:null},f:[1,100,10]}

From tinyG: [15:18:51] {r:{di8mo:-1},f:[1,0,13]}

From tinyG: [15:18:51] {r:{di8ac:0},f:[1,0,12]}

From tinyG: [15:18:51] {r:{di8fn:0},f:[1,0,12]}

From tinyG: [15:18:51] {r:{di9mo:-1},f:[1,0,13]}

From tinyG: [15:18:51] {r:{di9ac:0},f:[1,0,12]}

From tinyG: [15:18:51] {r:{di9fn:0},f:[1,0,12]}

From tinyG: [15:18:51] {r:{homingc:null},f:[1,100,20]}

From tinyG: [15:18:51] {r:{st:null},f:[1,100,9]}

From tinyG: [15:18:51] {r:{xhd:1},f:[1,0,10]}

From tinyG: [15:18:51] {r:{xsv:1000},f:[1,0,13]}

From tinyG: [15:18:51] {r:{xlv:100.00},f:[1,0,12]}

From tinyG: [15:18:51] {r:{xlb:5.000},f:[1,0,10]}

From tinyG: [15:18:51] {r:{xzb:2.000},f:[1,0,10]}

From tinyG: [15:18:51] {r:{xjh:10000},f:[1,0,14]}

From tinyG: [15:18:51] {r:{zhd:0},f:[1,0,10]}

From tinyG: [15:18:51] {r:{zsv:1000},f:[1,0,13]}

From tinyG: [15:18:51] {r:{zlv:100.00},f:[1,0,12]}

From tinyG: [15:18:51] {r:{zlb:5.000},f:[1,0,10]}

From tinyG: [15:18:51] {r:{zzb:50.305},f:[1,0,15]}

From tinyG: [15:18:51] {r:{zjh:10000},f:[1,0,14]}

From tinyG: [15:18:51] {r:{ahd:1},f:[1,0,10]}

From tinyG: [15:18:51] {r:{asv:2000},f:[1,0,13]}

From tinyG: [15:18:51] {r:{alv:500.00},f:[1,0,12]}

From tinyG: [15:18:51] {r:{alb:20.000},f:[1,0,11]}

From tinyG: [15:18:51] {r:{azb:0.000},f:[1,0,10]}

From tinyG: [15:18:51] {r:{ajh:10000},f:[1,0,14]}

From tinyG: [15:18:51] [ej]  enable json mode            0 [0=text,1=JSON]

From tinyG: [15:18:51] tinyg [mm] ok> 

From tinyG: [15:18:51] stat:3

Out > [15:18:56] G28.2 X0

From tinyG: [15:18:57] tinyg [mm] ok> 

From tinyG: [15:18:57] posx:2.408,feed:1000.00,vel:42.04,momo:1,stat:9

From tinyG: [15:18:57] posx:-1.512,vel:1000.00

From tinyG: [15:18:57] posx:-2.418,feed:100.00,vel:100.00

From tinyG: [15:18:58] posx:-2.001

From tinyG: [15:18:58] posx:-1.583

From tinyG: [15:18:58] posx:-1.166

From tinyG: [15:18:58] posx:-0.751

From tinyG: [15:18:59] posx:-0.331

From tinyG: [15:18:59] posx:0.086

From tinyG: [15:18:59] posx:0.503

From tinyG: [15:18:59] posx:0.921

From tinyG: [15:19:00] posx:1.336

From tinyG: [15:19:00] posx:1.755

From tinyG: [15:19:00] posx:1.645,feed:1000.00,vel:998.95

From tinyG: [15:19:00] posx:0.000,feed:250.00,vel:0.00,momo:4,stat:3

Out > [15:19:03] G28.2 Z0

From tinyG: [15:19:03] tinyg [mm] ok> 

From tinyG: [15:19:03] posz:-3.805,feed:1000.00,vel:1000.00,momo:1,stat:9

From tinyG: [15:19:03] posz:-8.004

From tinyG: [15:19:03] posz:-12.179

From tinyG: [15:19:04] posz:-16.353

From tinyG: [15:19:04] posz:-20.528

From tinyG: [15:19:04] posz:-24.703

From tinyG: [15:19:04] posz:-28.852

From tinyG: [15:19:05] posz:-33.052

From tinyG: [15:19:05] posz:-37.227

From tinyG: [15:19:05] posz:-41.401

From tinyG: [15:19:05] posz:-45.576

From tinyG: [15:19:06] posz:-49.725

From tinyG: [15:19:06] posz:-49.278

From tinyG: [15:19:06] posz:-45.780,vel:0.04

From tinyG: [15:19:06] posz:-46.187,feed:100.00,vel:100.00

From tinyG: [15:19:07] posz:-46.607

From tinyG: [15:19:07] posz:-47.022

From tinyG: [15:19:07] posz:-47.441

From tinyG: [15:19:07] posz:-47.859

From tinyG: [15:19:08] posz:-48.276

From tinyG: [15:19:08] posz:-48.693

From tinyG: [15:19:08] posz:-49.108

From tinyG: [15:19:08] posz:-49.528

From tinyG: [15:19:09] posz:-49.945

From tinyG: [15:19:09] posz:-50.312,vel:0.00

From tinyG: [15:19:09] posz:-46.507,feed:1000.00,vel:1000.00

From tinyG: [15:19:09] posz:-42.308

From tinyG: [15:19:10] posz:-38.133

From tinyG: [15:19:10] posz:-33.958

From tinyG: [15:19:10] posz:-29.784

From tinyG: [15:19:10] posz:-25.609

From tinyG: [15:19:11] posz:-21.460

From tinyG: [15:19:11] posz:-17.260

From tinyG: [15:19:11] posz:-13.085

From tinyG: [15:19:11] posz:-8.911

From tinyG: [15:19:12] posz:-4.736

From tinyG: [15:19:12] posz:-0.586

From tinyG: [15:19:12] posz:0.000,feed:250.00,vel:0.00,momo:4,stat:3

Out > [15:19:14] G90 G0 Z-12

Out > [15:19:14] G28.2 A0

From tinyG: [15:19:14] tinyg [mm] ok> 

From tinyG: [15:19:14] tinyg [mm] ok> 

From tinyG: [15:19:14] posz:-11.293,vel:2083.77,dist:0,momo:0,stat:9

From tinyG: [15:19:14] posz:-12.000,posa:8.930,feed:2000.00,vel:2000.00,dist:1,momo:1

From tinyG: [15:19:15] posa:0.603

From tinyG: [15:19:15] posa:-7.546,vel:1000.00

From tinyG: [15:19:15] posa:-3.227,vel:2000.00

From tinyG: [15:19:15] posa:0.392,vel:1635.95

From tinyG: [15:19:16] posa:-7.906,vel:2000.00

From tinyG: [15:19:16] posa:-16.233

From tinyG: [15:19:16] posa:-18.643,feed:500.00,vel:500.00

From tinyG: [15:19:16] posa:-16.544

From tinyG: [15:19:17] posa:-14.457

From tinyG: [15:19:17] posa:-12.370

From tinyG: [15:19:17] posa:-10.283

From tinyG: [15:19:17] posa:-8.197

From tinyG: [15:19:18] posa:-6.110

From tinyG: [15:19:18] posa:-4.023

From tinyG: [15:19:18] posa:-1.936

From tinyG: [15:19:18] posa:0.000,feed:1000.00,vel:0.00,momo:4,stat:3

Out > [15:19:18] G91 G0 A30

Out > [15:19:18] $di1fn=2

Out > [15:19:18] G91 G0 A1

From tinyG: [15:19:18] tinyg [mm] ok> 

From tinyG: [15:19:18] {er:{fb:86.03,st:9,msg:"File not open - write_persistent"}}

From tinyG: [15:19:18] [di1fn] input function          2 [0=none,1=limit,2=interlock,3=shutdown]

From tinyG: [15:19:18] tinyg [mm] ok> 

Out > [15:19:18] $di1ac=2

Out > [15:19:18] G91 G1 A-30 F250

From tinyG: [15:19:18] tinyg [mm] ok> 

From tinyG: [15:19:18] {er:{fb:86.03,st:9,msg:"File not open - write_persistent"}}

From tinyG: [15:19:18] [di1ac] input action            2 [0=none,1=stop,2=halt,3=stop_steps,4=panic,5=reset]

From tinyG: [15:19:18] tinyg [mm] ok> 

From tinyG: [15:19:18] tinyg [mm] ok> 

From tinyG: [15:19:19] posa:28.059,vel:3814.62,momo:0,stat:5

From tinyG: [15:19:19] posa:30.396,feed:250.00,vel:250.00,momo:1

From tinyG: [15:19:19] posa:29.346

From tinyG: [15:19:19] posa:28.302

From tinyG: [15:19:20] posa:27.259

From tinyG: [15:19:20] posa:26.215

From tinyG: [15:19:20] posa:25.171

From tinyG: [15:19:20] posa:24.127

From tinyG: [15:19:21] posa:23.083

From tinyG: [15:19:21] posa:22.039

From tinyG: [15:19:21] posa:20.996

From tinyG: [15:19:21] posa:19.952

From tinyG: [15:19:22] posa:18.908

From tinyG: [15:19:22] posa:17.864

From tinyG: [15:19:22] posa:16.820

From tinyG: [15:19:22] posa:15.777

From tinyG: [15:19:23] posa:14.733

From tinyG: [15:19:23] posa:13.689

From tinyG: [15:19:23] posa:12.744

From tinyG: [15:19:23] posa:11.695

From tinyG: [15:19:24] posa:10.651

From tinyG: [15:19:24] posa:9.608

From tinyG: [15:19:24] posa:8.564

From tinyG: [15:19:24] posa:7.521

From tinyG: [15:19:25] posa:6.477

From tinyG: [15:19:25] posa:5.434

From tinyG: [15:19:25] posa:4.390

From tinyG: [15:19:25] posa:3.347

From tinyG: [15:19:26] posa:2.303

From tinyG: [15:19:26] posa:1.260

From tinyG: [15:19:26] posa:1.000,vel:0.00,stat:3

