[16:40:12] Starting Log file for session: 2020724-164012

From tinyG: [16:40:13] {r:{fv:0.98,fb:86.03,hp:3,hv:0,id:"0213-0215-0515",msg:"SYSTEM READY"},f:[1,0,1]}

From tinyG: [16:40:13] tinyg [mm] ok> 

From tinyG: [16:40:13] [ej]  enable json mode            0 [0=text,1=JSON]

From tinyG: [16:40:13] tinyg [mm] ok> 

Out > [16:40:16] G90 G0 Z-12

Out > [16:40:16] G28.2 A0

From tinyG: [16:40:16] tinyg [mm] ok> 

From tinyG: [16:40:16] tinyg [mm] ok> 

From tinyG: [16:40:16] line:0,posx:0.000,posy:0.000,posz:-12.000,posa:24.371,feed:5000.00,vel:5000.00,unit:1,coor:0,dist:1,admo:1,frmo:1,momo:1,stat:9

Out > [16:40:16] G91 G0 A30

From tinyG: [16:40:16] posa:45.245,feed:5000.00,vel:5000.00,stat:9

From tinyG: [16:40:17] posa:65.995

From tinyG: [16:40:17] posa:86.995

From tinyG: [16:40:17] posa:107.870

From tinyG: [16:40:17] posa:128.745

From tinyG: [16:40:18] posa:149.620

From tinyG: [16:40:18] posa:170.495

From tinyG: [16:40:18] posa:191.370

From tinyG: [16:40:18] posa:212.245

From tinyG: [16:40:19] posa:233.120

From tinyG: [16:40:19] posa:253.995

From tinyG: [16:40:19] posa:274.870

From tinyG: [16:40:19] posa:295.620

From tinyG: [16:40:20] posa:316.620

From tinyG: [16:40:20] posa:337.495

From tinyG: [16:40:20] posa:358.370

From tinyG: [16:40:20] posa:362.989,vel:4074.35

From tinyG: [16:40:21] posa:344.772,vel:342.95

From tinyG: [16:40:21] posa:346.100,feed:500.00,vel:500.00

From tinyG: [16:40:21] posa:348.184

From tinyG: [16:40:21] posa:350.269

From tinyG: [16:40:22] posa:352.353

From tinyG: [16:40:22] posa:354.438

From tinyG: [16:40:22] posa:356.522

From tinyG: [16:40:22] posa:358.607

From tinyG: [16:40:22] tinyg [mm] ok> 

From tinyG: [16:40:23] posa:0.000,feed:250.00,vel:4.20,momo:0,stat:5

From tinyG: [16:40:23] posa:29.251,vel:2919.79

From tinyG: [16:40:23] posa:30.000,vel:0.00,stat:3

Out > [16:40:23] $di1fn=2

Out > [16:40:23] G91 G0 A1

Out > [16:40:23] $di1ac=2

Out > [16:40:23] G91 G1 A-30 F250

From tinyG: [16:40:23] [di1fn] input function          2 [0=none,1=limit,2=interlock,3=shutdown]

From tinyG: [16:40:23] tinyg [mm] ok> 

From tinyG: [16:40:23] tinyg [mm] ok> 

From tinyG: [16:40:23] {er:{fb:86.03,st:9,msg:"File not open - write_persistent"}}

From tinyG: [16:40:23] [di1ac] input action            2 [0=none,1=stop,2=halt,3=stop_steps,4=panic,5=reset]

From tinyG: [16:40:23] tinyg [mm] ok> 

From tinyG: [16:40:23] tinyg [mm] ok> 

From tinyG: [16:40:23] posa:30.415,vel:250.00,momo:1,stat:5

From tinyG: [16:40:24] posa:29.371

From tinyG: [16:40:24] posa:28.334

From tinyG: [16:40:24] posa:27.284

From tinyG: [16:40:24] posa:26.240

From tinyG: [16:40:25] posa:25.196

From tinyG: [16:40:25] posa:24.152

From tinyG: [16:40:25] posa:23.108

From tinyG: [16:40:25] posa:22.064

From tinyG: [16:40:26] posa:21.021

From tinyG: [16:40:26] posa:19.977

From tinyG: [16:40:26] posa:18.933

From tinyG: [16:40:26] posa:17.889

From tinyG: [16:40:27] posa:16.852

From tinyG: [16:40:27] posa:15.802

From tinyG: [16:40:27] posa:14.758

From tinyG: [16:40:27] posa:13.714

From tinyG: [16:40:28] posa:12.671

From tinyG: [16:40:28] posa:12.004,vel:0.00,stat:6

Out > [16:40:28] $posa

From tinyG: [16:40:28] tinyg [mm] ok> 

From tinyG: [16:40:28] stat:3

From tinyG: [16:40:28] A position:         12.004 deg

From tinyG: [16:40:28] tinyg [mm] ok> 

Out > [16:40:28] $di1fn=2
0.0
Out > [16:40:28] $di1fn=2

Out > [16:40:28] G90 G0 A0

Out > [16:40:28] $di1ac=0

Out > [16:40:28] g90 g0 a12.004
From tinyG: [16:40:28] [di1fn] input function          2 [0=none,1=limit,2=interlock,3=shutdown]

From tinyG: [16:40:28] tinyg [mm] ok> 

From tinyG: [16:40:28] tinyg [mm] err[101]: Malformed command: 0.0$di1fn=2 

From tinyG: [16:40:28] tinyg [mm] ok> 

From tinyG: [16:40:28] {er:{fb:86.03,st:9,msg:"File not open - write_persistent"}}

From tinyG: [16:40:28] [di1ac] input action            0 [0=none,1=stop,2=halt,3=stop_steps,4=panic,5=reset]

From tinyG: [16:40:28] tinyg [mm] ok> 

Out > [16:40:28] G28.3 A0

From tinyG: [16:40:28] tinyg [mm] ok> 

From tinyG: [16:40:28] posa:0.000,dist:0,momo:0,stat:3

Out > [16:40:28] G0 Z0

From tinyG: [16:40:28] tinyg [mm] ok> 

From tinyG: [16:40:29] posz:-0.707,vel:2083.77,stat:5

From tinyG: [16:40:29] posz:0.000,vel:0.00,stat:3

