[12:48:51] Starting Log file for session: 20201029-124851

From tinyG: [12:48:52] {"r":{"fv":0.98,"fb":86.03,"hp":3,"hv":0,"id":"0213-0215-0515","msg":"SYSTEM READY"},"f":[1,0,1]}

From tinyG: [12:48:52] tinyg [mm] ok> 

From tinyG: [12:48:52] [ej]  enable json mode            0 [0=text,1=JSON]

From tinyG: [12:48:52] tinyg [mm] ok> 

Out > [12:48:55] $di1fn=2

From tinyG: [12:48:55] [di1fn] input function          2 [0=none,1=limit,2=interlock,3=shutdown]

From tinyG: [12:48:55] tinyg [mm] ok> 

Out > [12:48:55] g90 g0 a-25

Out > [12:48:55] g90 g0 a-20

From tinyG: [12:48:55] tinyg [mm] ok> 

From tinyG: [12:48:55] tinyg [mm] ok> 

From tinyG: [12:48:56] posa:-20.671,vel:7360.10,dist:0,momo:0,stat:5

From tinyG: [12:48:56] posa:-20.296,vel:1456.54

From tinyG: [12:48:56] posa:-20.000,vel:0.00,stat:3

Out > [12:48:56] g90 g0 a-25

Out > [12:48:56] g91 g1 a30 f250

From tinyG: [12:48:56] tinyg [mm] ok> 

From tinyG: [12:48:56] nyg [mm] ok> 

From tinyG: [12:48:56] posa:-24.863,vel:250.00,dist:1,momo:1,stat:5

From tinyG: [12:48:57] posa:-24.031

From tinyG: [12:48:57] posa:-23.200

From tinyG: [12:48:57] posa:-22.357

From tinyG: [12:48:57] posa:-21.520

From tinyG: [12:48:57] posa:-20.689

From tinyG: [12:48:58] posa:-19.851

From tinyG: [12:48:58] posa:-19.008

From tinyG: [12:48:58] posa:-18.170

From tinyG: [12:48:58] posa:-17.339

From tinyG: [12:48:58] posa:-16.502

From tinyG: [12:48:59] posa:-15.658

From tinyG: [12:48:59] posa:-14.821

From tinyG: [12:48:59] posa:-13.990

From tinyG: [12:48:59] posa:-13.152

From tinyG: [12:48:59] posa:-12.309

From tinyG: [12:49:00] posa:-11.471

From tinyG: [12:49:00] posa:-10.640

From tinyG: [12:49:00] posa:-9.803

From tinyG: [12:49:00] posa:-8.959

From tinyG: [12:49:00] posa:-8.122

From tinyG: [12:49:01] posa:-7.290

From tinyG: [12:49:01] posa:-6.453

From tinyG: [12:49:01] posa:-5.622

From tinyG: [12:49:01] posa:-4.784

From tinyG: [12:49:01] posa:-3.953

From tinyG: [12:49:02] posa:-3.116

From tinyG: [12:49:02] posa:-2.285

From tinyG: [12:49:02] posa:-1.447

From tinyG: [12:49:02] posa:-0.616

From tinyG: [12:49:02] posa:0.044,vel:0.00,stat:6

From tinyG: [12:49:02] stat:3

