[13:16:42] Starting Log file for session: 20201030-131642

From tinyG: [13:16:46] {"r":{"fv":0.98,"fb":86.03,"hp":3,"hv":0,"id":"0213-0215-0515","msg":"SYSTEM READY"},"f":[1,0,1]}

From tinyG: [13:16:46] tinyg [mm] ok> 

From tinyG: [13:16:46] {"er":{"fb":86.03,"st":9,"msg":"File not open - write_persistent"}}

From tinyG: [13:16:46] [ej]  enable json mode            0 [0=text,1=JSON]

From tinyG: [13:16:46] tinyg [mm] ok> 

Out > [13:16:52] g28.2a0

Out > [13:16:52] $di1fn=0

Out > [13:16:55] g90 g0 a30

From tinyG: [13:16:55] tinyg [mm] ok> 

From tinyG: [13:16:55] coor:0,dist:1,stat:9

From tinyG: [13:16:55] posa:-5.700,feed:2000.00,vel:2000.00,momo:1

From tinyG: [13:16:55] posa:-10.054,vel:0.03

From tinyG: [13:16:55] posa:-4.379,vel:2000.00

From tinyG: [13:16:55] posa:1.245,vel:0.81

From tinyG: [13:16:55] vel:0.00

From tinyG: [13:16:55] posa:-4.401,vel:2000.00

From tinyG: [13:16:55] posa:-8.755,vel:0.03

From tinyG: [13:16:55] posa:-7.808,feed:300.00,vel:300.00

From tinyG: [13:16:55] posa:-6.803

From tinyG: [13:16:55] posa:-5.798

From tinyG: [13:16:55] posa:-4.801

From tinyG: [13:16:55] posa:-3.796

From tinyG: [13:16:55] posa:-2.799

From tinyG: [13:16:55] posa:-1.794

From tinyG: [13:16:55] posa:-0.797

From tinyG: [13:16:55] [di1fn] input function          0 [0=none,1=limit,2=interlock,3=shutdown]

From tinyG: [13:16:55] tinyg [mm] ok> 

From tinyG: [13:16:55] tinyg [mm] ok> 

Out > [13:16:55] g90 g0 a-20 z-9

From tinyG: [13:16:55] tinyg [mm] ok> 

From tinyG: [13:16:55] posa:0.000,vel:0.00,stat:5

From tinyG: [13:16:55] posa:21.383,feed:250.00,vel:9671.40,coor:1,dist:0,momo:0

Out > [13:16:55] g90 g0 a30

From tinyG: [13:16:55] tinyg [mm] ok> 

From tinyG: [13:16:55] posz:0.383,posa:26.917,vel:3850.75

From tinyG: [13:16:56] posz:-2.287,posa:13.563,vel:4079.22

From tinyG: [13:16:56] posz:-4.964,posa:0.179

From tinyG: [13:16:56] posz:-7.621,posa:-13.105

From tinyG: [13:16:56] posz:-9.000,posa:-19.900,vel:758.99

From tinyG: [13:16:56] posa:6.748,vel:10000.00

From tinyG: [13:16:57] posa:29.997,vel:58.74

From tinyG: [13:16:57] posa:30.000,vel:0.00,stat:3

Out > [13:16:57] g90 g0 z0

Out > [13:16:57] g90 g0 a-30

From tinyG: [13:16:57] tinyg [mm] ok> 

From tinyG: [13:16:57] tinyg [mm] ok> 

From tinyG: [13:16:57] posz:-7.162,vel:800.00,stat:5

From tinyG: [13:16:57] posz:-4.506

From tinyG: [13:16:57] posz:-1.829

From tinyG: [13:16:58] posz:0.000,posa:29.909,vel:418.28

From tinyG: [13:16:58] posa:4.921,vel:10000.00

From tinyG: [13:16:58] posa:-27.370,vel:6148.01

From tinyG: [13:16:58] posa:-30.000,vel:0.00,stat:3

Out > [13:16:58] g90 g0 a20 z-9

Out > [13:16:58] g90 g0 a-30

From tinyG: [13:16:58] tinyg [mm] ok> 

From tinyG: [13:16:58] tinyg [mm] ok> 

From tinyG: [13:16:58] posz:-1.819,posa:-19.896,vel:4515.87,stat:5

From tinyG: [13:16:59] posz:-4.496,posa:-5.020

From tinyG: [13:16:59] posz:-7.154,posa:9.745

From tinyG: [13:16:59] posz:-9.000,posa:19.716,vel:1119.81

From tinyG: [13:16:59] posa:-6.012,vel:10000.00

From tinyG: [13:16:59] posa:-29.991,vel:138.40

From tinyG: [13:17:00] posa:-30.000,vel:0.00,stat:3

Out > [13:17:00] g90 g0 z0

Out > [13:17:00] $di1fn=2

Out > [13:17:00] g90 g0 a-15

From tinyG: [13:17:00] tinyg [mm] ok> 

From tinyG: [13:17:00] {"er":{"fb":86.03,"st":9,"msg":"File not open - write_persistent"}}

From tinyG: [13:17:00] [di1fn] input function          2 [0=none,1=limit,2=interlock,3=shutdown]

From tinyG: [13:17:00] tinyg [mm] ok> 

From tinyG: [13:17:00] tinyg [mm] ok> 

From tinyG: [13:17:00] posz:-7.182,vel:800.00,stat:5

From tinyG: [13:17:00] posz:-4.506

From tinyG: [13:17:00] posz:-1.809

From tinyG: [13:17:01] posz:0.000,posa:-29.892,vel:503.18

From tinyG: [13:17:01] posa:-15.032,vel:349.30

From tinyG: [13:17:01] posa:-15.000,vel:0.00,stat:3

Out > [13:17:01] g90 g0 a-10

Out > [13:17:01] g90 g0 a-15

From tinyG: [13:17:01] tinyg [mm] ok> 

From tinyG: [13:17:01] tinyg [mm] ok> 

From tinyG: [13:17:01] posa:-11.115,vel:2609.07,stat:5

From tinyG: [13:17:01] posa:-15.000,vel:0.00,stat:3

Out > [13:17:01] g91 g1 a30 f250

Out > [13:17:01] g90 g0 z-5

From tinyG: [13:17:01] tinyg [mm] ok> 

From tinyG: [13:17:01] tinyg [mm] ok> 

From tinyG: [13:17:02] posa:-14.209,vel:250.00,dist:1,momo:1,stat:5

From tinyG: [13:17:02] posa:-13.365

From tinyG: [13:17:02] posa:-12.528

From tinyG: [13:17:02] posa:-11.697

From tinyG: [13:17:03] posa:-10.859

From tinyG: [13:17:03] posa:-10.015

From tinyG: [13:17:03] posa:-9.178

From tinyG: [13:17:03] posa:-8.347

From tinyG: [13:17:03] posa:-7.509

From tinyG: [13:17:04] posa:-6.666

From tinyG: [13:17:04] posa:-5.829

From tinyG: [13:17:04] posa:-4.997

From tinyG: [13:17:04] posa:-4.160

From tinyG: [13:17:04] posa:-3.329

From tinyG: [13:17:05] posa:-2.492

From tinyG: [13:17:05] posa:-1.648

From tinyG: [13:17:05] posa:-0.811

From tinyG: [13:17:05] posa:-0.057,vel:0.00,stat:6

From tinyG: [13:17:05] tinyg [mm] ok> 

From tinyG: [13:17:05] dist:0,momo:0,stat:3

From tinyG: [13:17:05] [di1fn] input function          0 [0=none,1=limit,2=interlock,3=shutdown]

From tinyG: [13:17:05] tinyg [mm] ok> 

From tinyG: [13:17:05] A position:         -0.057 deg

From tinyG: [13:17:05] tinyg [mm] ok> 

Out > [13:17:05] g90 g0 z1

Out > [13:17:05] g90 g0 z0

From tinyG: [13:17:05] tinyg [mm] ok> 

From tinyG: [13:17:05] tinyg [mm] ok> 

From tinyG: [13:17:06] posz:0.990,vel:100.54,stat:5

From tinyG: [13:17:06] posz:0.000,vel:6.26

From tinyG: [13:17:06] vel:0.00,stat:3

Out > [13:17:06] EOF

Out > [13:17:06] !%~

Out > [13:17:06] g28.2a0

From tinyG: [13:17:06] tinyg [mm] ok> 

From tinyG: [13:17:06] tinyg [mm] ok> 

From tinyG: [13:17:06] posa:-5.703,feed:2000.00,vel:2000.00,coor:0,dist:1,momo:1,stat:9

Out > [13:17:06] $di1fn=0

Out > [13:17:09] g90 g0 a30

From tinyG: [13:17:09] posa:-10.057,vel:0.03

From tinyG: [13:17:09] posa:-4.382,vel:2000.00

From tinyG: [13:17:09] posa:1.192,vel:0.03

From tinyG: [13:17:09] vel:0.00

From tinyG: [13:17:09] posa:-4.454,vel:2000.00

From tinyG: [13:17:09] posa:-8.808,vel:0.03

From tinyG: [13:17:09] posa:-7.861,feed:300.00,vel:300.00

From tinyG: [13:17:09] posa:-6.856

From tinyG: [13:17:09] posa:-5.851

From tinyG: [13:17:09] posa:-4.854

From tinyG: [13:17:09] posa:-3.849

From tinyG: [13:17:09] posa:-2.852

From tinyG: [13:17:09] posa:-1.847

From tinyG: [13:17:09] posa:-0.850

From tinyG: [13:17:09] [di1fn] input function          0 [0=none,1=limit,2=interlock,3=shutdown]

From tinyG: [13:17:09] tinyg [mm] ok> 

From tinyG: [13:17:09] tinyg [mm] ok> 

From tinyG: [13:17:09] posa:0.000,vel:0.00,stat:5

From tinyG: [13:17:09] posa:21.432,feed:250.00,vel:9783.57,coor:1,dist:0,momo:0

Out > [13:17:09] g90 g0 a-20 z-9

From tinyG: [13:17:09] tinyg [mm] ok> 

From tinyG: [13:17:10] posz:-0.242,posa:28.657,vel:3073.27

From tinyG: [13:17:10] posz:-2.834,posa:14.142,vel:4515.87

From tinyG: [13:17:10] posz:-5.507,posa:-0.596

From tinyG: [13:17:10] posz:-8.200,posa:-15.557,vel:4514.81

From tinyG: [13:17:10] posz:-9.000,posa:-20.000,vel:0.00,stat:3

Out > [13:17:10] g90 g0 a30

Out > [13:17:10] g90 g0 z0

From tinyG: [13:17:10] tinyg [mm] ok> 

From tinyG: [13:17:10] tinyg [mm] ok> 

From tinyG: [13:17:11] posa:1.461,vel:10000.00,stat:5

From tinyG: [13:17:11] posa:29.613,vel:1627.20

From tinyG: [13:17:11] posz:-7.410,posa:30.000,vel:800.00

From tinyG: [13:17:11] posz:-4.734

From tinyG: [13:17:11] posz:-2.058

From tinyG: [13:17:12] posz:-0.002,vel:19.52

From tinyG: [13:17:12] posz:0.000,vel:0.00,stat:3

Out > [13:17:12] g90 g0 a-30

Out > [13:17:12] g90 g0 a20 z-9

From tinyG: [13:17:12] tinyg [mm] ok> 

From tinyG: [13:17:12] tinyg [mm] ok> 

From tinyG: [13:17:12] posa:8.501,vel:10000.00,stat:5

From tinyG: [13:17:12] posa:-24.307,vel:8278.45

From tinyG: [13:17:13] posz:-0.847,posa:-25.294,vel:4509.22

From tinyG: [13:17:13] posz:-3.504,posa:-10.531,vel:4515.87

From tinyG: [13:17:13] posz:-6.182,posa:4.345

From tinyG: [13:17:13] posz:-8.772,posa:18.733,vel:3073.27

From tinyG: [13:17:13] posz:-9.000,posa:20.000,vel:0.00,stat:3

Out > [13:17:13] g90 g0 a-30

Out > [13:17:13] g90 g0 z0

From tinyG: [13:17:13] tinyg [mm] ok> 

From tinyG: [13:17:13] tinyg [mm] ok> 

From tinyG: [13:17:14] posa:-1.461,vel:10000.00,stat:5

From tinyG: [13:17:14] posa:-29.613,vel:1627.20

From tinyG: [13:17:14] posz:-7.410,posa:-30.000,vel:800.00

From tinyG: [13:17:14] posz:-4.734

From tinyG: [13:17:14] posz:-2.058

From tinyG: [13:17:15] posz:-0.002,vel:24.12

From tinyG: [13:17:15] posz:0.000,vel:0.00,stat:3

Out > [13:17:15] $di1fn=2

Out > [13:17:15] g90 g0 a-15

Out > [13:17:15] g90 g0 a-10

From tinyG: [13:17:15] [di1fn] input function          2 [0=none,1=limit,2=interlock,3=shutdown]

From tinyG: [13:17:15] tinyg [mm] ok> 

From tinyG: [13:17:15] tinyg [mm] ok> 

From tinyG: [13:17:15] tinyg [mm] ok> 

From tinyG: [13:17:15] posa:-13.775,vel:5721.53,stat:5

From tinyG: [13:17:15] posa:-10.000,vel:0.00,stat:3

Out > [13:17:15] g90 g0 a-15

Out > [13:17:15] g91 g1 a30 f250

From tinyG: [13:17:15] tinyg [mm] ok> 

From tinyG: [13:17:15] tinyg [mm] ok> 

From tinyG: [13:17:16] posa:-14.863,vel:250.00,dist:1,momo:1,stat:5

From tinyG: [13:17:16] posa:-14.025

From tinyG: [13:17:16] posa:-13.188

From tinyG: [13:17:16] posa:-12.356

From tinyG: [13:17:16] posa:-11.519

From tinyG: [13:17:17] posa:-10.675

From tinyG: [13:17:17] posa:-9.838

From tinyG: [13:17:17] posa:-9.007

From tinyG: [13:17:17] posa:-8.169

From tinyG: [13:17:17] posa:-7.326

From tinyG: [13:17:18] posa:-6.488

From tinyG: [13:17:18] posa:-5.657

From tinyG: [13:17:18] posa:-4.820

From tinyG: [13:17:18] posa:-3.989

From tinyG: [13:17:18] posa:-3.151

From tinyG: [13:17:19] posa:-2.307

From tinyG: [13:17:19] posa:-1.470

From tinyG: [13:17:19] posa:-0.639

From tinyG: [13:17:19] posa:-0.035,vel:0.00,stat:6

From tinyG: [13:17:19] tinyg [mm] ok> 

From tinyG: [13:17:19] stat:3

From tinyG: [13:17:19] [di1fn] input function          0 [0=none,1=limit,2=interlock,3=shutdown]

From tinyG: [13:17:19] tinyg [mm] ok> 

From tinyG: [13:17:19] A position:         -0.035 deg

From tinyG: [13:17:19] tinyg [mm] ok> 

Out > [13:17:19] g90 g0 z-5

Out > [13:17:19] g90 g0 z1

From tinyG: [13:17:19] tinyg [mm] ok> 

From tinyG: [13:17:19] tinyg [mm] ok> 

From tinyG: [13:17:20] posz:-1.818,vel:800.00,dist:0,momo:0,stat:5

From tinyG: [13:17:20] posz:-4.483,vel:734.21

From tinyG: [13:17:20] posz:-4.234,vel:795.19

From tinyG: [13:17:20] posz:-1.578,vel:800.00

From tinyG: [13:17:20] posz:0.910,vel:322.08

From tinyG: [13:17:21] posz:1.000,vel:0.00,stat:3

Out > [13:17:21] g90 g0 z0

Out > [13:17:21] EOF

Out > [13:17:21] !%~

From tinyG: [13:17:21] tinyg [mm] ok> 

