[19:09:43] Starting Log file for session: 2020723-19943

From tinyG: [19:09:45] {r:{fv:0.98,fb:86.03,hp:3,hv:0,id:"0213-0215-0515",msg:"SYSTEM READY"},f:[1,0,1]}

Out > [19:09:48] G28.2 Z0 X0

Out > [19:09:48] G90 G0 Z-12

From tinyG: [19:09:49] {sr:{posz:-2.955,feed:1000.00,vel:1000.00,coor:0,dist:1,momo:1,stat:9}}

From tinyG: [19:09:49] {sr:{posz:-7.129}}

From tinyG: [19:09:49] {sr:{posz:-11.304}}

From tinyG: [19:09:49] {sr:{posz:-15.454}}

From tinyG: [19:09:50] {sr:{posz:-19.653}}

From tinyG: [19:09:50] {sr:{posz:-23.828}}

From tinyG: [19:09:50] {sr:{posz:-28.002}}

From tinyG: [19:09:50] {sr:{posz:-32.177}}

From tinyG: [19:09:51] {sr:{posz:-36.327}}

From tinyG: [19:09:51] {sr:{posz:-40.526}}

From tinyG: [19:09:51] {sr:{posz:-44.701}}

From tinyG: [19:09:51] {sr:{posz:-48.875}}

From tinyG: [19:09:52] {sr:{posz:-50.151}}

From tinyG: [19:09:52] {sr:{posz:-45.992,vel:934.38}}

From tinyG: [19:09:52] {sr:{posz:-46.040,feed:100.00,vel:100.00}}

From tinyG: [19:09:52] {sr:{posz:-46.457}}

From tinyG: [19:09:53] {sr:{posz:-46.874}}

From tinyG: [19:09:53] {sr:{posz:-47.291}}

From tinyG: [19:09:53] {sr:{posz:-47.709}}

From tinyG: [19:09:53] {sr:{posz:-48.126}}

From tinyG: [19:09:54] {sr:{posz:-48.543}}

From tinyG: [19:09:54] {sr:{posz:-48.961}}

From tinyG: [19:09:54] {sr:{posz:-49.378}}

From tinyG: [19:09:54] {sr:{posz:-49.795}}

From tinyG: [19:09:55] {sr:{posz:-50.212}}

From tinyG: [19:09:55] {sr:{posz:-48.590,feed:1000.00,vel:1000.00}}

From tinyG: [19:09:55] {sr:{posz:-44.415}}

From tinyG: [19:09:55] {sr:{posz:-40.240}}

From tinyG: [19:09:56] {sr:{posz:-36.066}}

From tinyG: [19:09:56] {sr:{posz:-31.891}}

From tinyG: [19:09:56] {sr:{posz:-27.741}}

From tinyG: [19:09:56] {sr:{posz:-23.542}}

From tinyG: [19:09:57] {sr:{posz:-19.367}}

From tinyG: [19:09:57] {sr:{posz:-15.193}}

From tinyG: [19:09:57] {sr:{posz:-11.018}}

From tinyG: [19:09:57] {sr:{posz:-6.843}}

From tinyG: [19:09:58] {sr:{posz:-2.669}}

From tinyG: [19:09:58] {sr:{posx:0.019,posz:0.000,vel:217.91}}

From tinyG: [19:09:58] {sr:{posx:2.344,vel:500.00}}

From tinyG: [19:09:58] {sr:{posx:-1.786,vel:1000.00}}

From tinyG: [19:09:59] {sr:{posx:-2.391,feed:100.00,vel:100.00}}

From tinyG: [19:09:59] {sr:{posx:-1.976}}

From tinyG: [19:09:59] {sr:{posx:-1.556}}

From tinyG: [19:09:59] {sr:{posx:-1.139}}

From tinyG: [19:10:00] {sr:{posx:-0.721}}

From tinyG: [19:10:00] {sr:{posx:-0.304}}

From tinyG: [19:10:00] {sr:{posx:0.114}}

From tinyG: [19:10:00] {sr:{posx:0.528}}

From tinyG: [19:10:01] {sr:{posx:0.948}}

From tinyG: [19:10:01] {sr:{posx:1.366}}

From tinyG: [19:10:01] {sr:{posx:1.783}}

From tinyG: [19:10:01] {sr:{posx:1.372,feed:1000.00,vel:1000.00}}

From tinyG: [19:10:02] {r:{gc:"G90G0Z-12"},f:[1,0,12]}

From tinyG: [19:10:02] {sr:{posx:0.000,posz:-2.090,feed:0.00,vel:3384.99,coor:1,dist:0,momo:0,stat:5}}

From tinyG: [19:10:02] {sr:{posz:-12.000,vel:0.00,stat:3}}

From tinyG: [19:11:10] {r:{gc:""},f:[1,0,2]}

From tinyG: [19:11:11] {sr:{stat:3}}

Out > [19:11:11] ~

Out > [19:11:16] $di1ac=0

From tinyG: [19:11:16] [di1ac] input action            0 [0=none,1=stop,2=halt,3=stop_steps,4=panic,5=reset]

From tinyG: [19:11:16] tinyg [mm] ok> 

