[13:52:46] Starting Log file for session: 20201029-135246

From tinyG: [13:52:48] {"r":{"fv":0.98,"fb":86.03,"hp":3,"hv":0,"id":"0213-0215-0515","msg":"SYSTEM READY"},"f":[1,0,1]}

From tinyG: [13:52:48] tinyg [mm] ok> 

From tinyG: [13:52:48] [ej]  enable json mode            0 [0=text,1=JSON]

From tinyG: [13:52:48] tinyg [mm] ok> 

Out > [13:52:57] $di1fn=2

Out > [13:52:57] g90 g0 a-25

Out > [13:52:57] g90 g0 a-20

From tinyG: [13:52:57] [di1fn] input function          2 [0=none,1=limit,2=interlock,3=shutdown]

From tinyG: [13:52:57] tinyg [mm] ok> 

From tinyG: [13:52:57] tinyg [mm] ok> 

From tinyG: [13:52:57] tinyg [mm] ok> 

From tinyG: [13:52:57] posa:-20.671,vel:7193.61,dist:0,momo:0,stat:5

From tinyG: [13:52:57] posa:-20.296,vel:1456.54

From tinyG: [13:52:57] posa:-20.000,vel:0.00,stat:3

Out > [13:52:57] g90 g0 a-25

Out > [13:52:57] g91 g1 a30 f250

From tinyG: [13:52:57] tinyg [mm] ok> 

From tinyG: [13:52:57] tinyg [mm] ok> 

From tinyG: [13:52:58] posa:-24.863,vel:250.00,dist:1,momo:1,stat:5

From tinyG: [13:52:58] posa:-24.025

From tinyG: [13:52:58] posa:-23.188

From tinyG: [13:52:58] posa:-22.357

From tinyG: [13:52:58] posa:-21.520

From tinyG: [13:52:59] posa:-20.676

From tinyG: [13:52:59] posa:-19.839

From tinyG: [13:52:59] posa:-19.008

From tinyG: [13:52:59] posa:-18.170

From tinyG: [13:52:59] posa:-17.327

From tinyG: [13:53:00] posa:-16.490

From tinyG: [13:53:00] posa:-15.658

From tinyG: [13:53:00] posa:-14.821

From tinyG: [13:53:00] posa:-13.977

From tinyG: [13:53:00] posa:-13.140

From tinyG: [13:53:01] posa:-12.309

From tinyG: [13:53:01] posa:-11.471

From tinyG: [13:53:01] posa:-10.640

From tinyG: [13:53:01] posa:-9.803

From tinyG: [13:53:02] posa:-8.959

From tinyG: [13:53:02] posa:-8.122

From tinyG: [13:53:02] posa:-7.290

From tinyG: [13:53:02] posa:-6.453

From tinyG: [13:53:02] posa:-5.622

From tinyG: [13:53:03] posa:-4.784

From tinyG: [13:53:03] posa:-3.953

From tinyG: [13:53:03] posa:-3.116

From tinyG: [13:53:03] posa:-2.285

From tinyG: [13:53:03] posa:-1.447

From tinyG: [13:53:04] posa:-0.616

From tinyG: [13:53:04] posa:0.037,vel:0.00,stat:6

From tinyG: [13:53:04] tinyg [mm] ok> 

From tinyG: [13:53:04] stat:3

From tinyG: [13:53:04] [di1fn] input function          0 [0=none,1=limit,2=interlock,3=shutdown]

From tinyG: [13:53:04] tinyg [mm] ok> 

Out > [13:53:04] $posa

From tinyG: [13:53:04] A position:          0.037 deg

From tinyG: [13:53:04] tinyg [mm] ok> 

Out > [13:53:04] $di1fn=2

Out > [13:53:04] g90 g0 a-25

Out > [13:53:04] g90 g0 a-20

From tinyG: [13:53:04] [di1fn] input function          2 [0=none,1=limit,2=interlock,3=shutdown]

From tinyG: [13:53:04] tinyg [mm] ok> 

From tinyG: [13:53:04] tinyg [mm] ok> 

From tinyG: [13:53:04] tinyg [mm] ok> 

From tinyG: [13:53:04] posa:-20.671,vel:7360.10,dist:0,momo:0,stat:5

From tinyG: [13:53:04] posa:-20.296,vel:1456.54

From tinyG: [13:53:05] posa:-20.000,vel:0.00,stat:3

Out > [13:53:05] g90 g0 a-25

Out > [13:53:05] g91 g1 a30 f250

From tinyG: [13:53:05] tinyg [mm] ok> 

From tinyG: [13:53:05] tinyg [mm] ok> 

From tinyG: [13:53:05] posa:-24.863,vel:250.00,dist:1,momo:1,stat:5

From tinyG: [13:53:05] posa:-24.031

From tinyG: [13:53:05] posa:-23.200

From tinyG: [13:53:05] posa:-22.363

From tinyG: [13:53:06] posa:-21.532

From tinyG: [13:53:06] posa:-20.689

From tinyG: [13:53:06] posa:-19.851

From tinyG: [13:53:06] posa:-19.014

From tinyG: [13:53:06] posa:-18.183

From tinyG: [13:53:07] posa:-17.339

From tinyG: [13:53:07] posa:-16.502

From tinyG: [13:53:07] posa:-15.671

From tinyG: [13:53:07] posa:-14.834

From tinyG: [13:53:07] posa:-13.990

From tinyG: [13:53:08] posa:-13.152

From tinyG: [13:53:08] posa:-12.321

From tinyG: [13:53:08] posa:-11.484

From tinyG: [13:53:08] posa:-10.640

From tinyG: [13:53:08] posa:-9.803

From tinyG: [13:53:09] posa:-8.972

From tinyG: [13:53:09] posa:-8.134

From tinyG: [13:53:09] posa:-7.290

From tinyG: [13:53:09] posa:-6.453

From tinyG: [13:53:09] posa:-5.622

From tinyG: [13:53:10] posa:-4.784

From tinyG: [13:53:10] posa:-3.953

From tinyG: [13:53:10] posa:-3.116

From tinyG: [13:53:10] posa:-2.285

From tinyG: [13:53:10] posa:-1.447

From tinyG: [13:53:11] posa:-0.616

From tinyG: [13:53:11] posa:0.025,vel:0.00,stat:6

From tinyG: [13:53:11] stat:3

From tinyG: [13:53:11] tinyg [mm] ok> 

From tinyG: [13:53:11] [di1fn] input function          0 [0=none,1=limit,2=interlock,3=shutdown]

From tinyG: [13:53:11] tinyg [mm] ok> 

Out > [13:53:11] $posa

Out > [13:53:11] $di1fn=2

Out > [13:53:11] g90 g0 a-25

Out > [13:53:11] g90 g0 a-20

From tinyG: [13:53:11] A position:          0.025 deg

From tinyG: [13:53:11] tinyg [mm] ok> 

From tinyG: [13:53:11] [di1fn] input function          2 [0=none,1=limit,2=interlock,3=shutdown]

From tinyG: [13:53:11] tinyg [mm] ok> 

From tinyG: [13:53:11] tinyg [mm] ok> 

From tinyG: [13:53:11] tinyg [mm] ok> 

From tinyG: [13:53:11] posa:-20.671,vel:7360.10,dist:0,momo:0,stat:5

From tinyG: [13:53:11] posa:-20.296,vel:1456.54

From tinyG: [13:53:12] posa:-20.000,vel:0.00,stat:3

Out > [13:53:12] g90 g0 a-25

Out > [13:53:12] g91 g1 a30 f250

From tinyG: [13:53:12] tinyg [mm] ok> 

From tinyG: [13:53:12] tinyg [mm] ok> 

From tinyG: [13:53:12] posa:-24.863,vel:250.00,dist:1,momo:1,stat:5

From tinyG: [13:53:12] posa:-24.025

From tinyG: [13:53:12] posa:-23.188

From tinyG: [13:53:13] posa:-22.357

From tinyG: [13:53:13] posa:-21.520

From tinyG: [13:53:13] posa:-20.676

From tinyG: [13:53:13] posa:-19.839

From tinyG: [13:53:13] posa:-19.008

From tinyG: [13:53:14] posa:-18.170

From tinyG: [13:53:14] posa:-17.327

From tinyG: [13:53:14] posa:-16.490

From tinyG: [13:53:14] posa:-15.658

From tinyG: [13:53:14] posa:-14.821

From tinyG: [13:53:15] posa:-13.977

From tinyG: [13:53:15] posa:-13.140

From tinyG: [13:53:15] posa:-12.309

From tinyG: [13:53:15] posa:-11.471

From tinyG: [13:53:15] posa:-10.640

From tinyG: [13:53:16] posa:-9.803

From tinyG: [13:53:16] posa:-8.972

From tinyG: [13:53:16] posa:-8.134

From tinyG: [13:53:16] posa:-7.303

From tinyG: [13:53:16] posa:-6.466

From tinyG: [13:53:17] posa:-5.634

From tinyG: [13:53:17] posa:-4.797

From tinyG: [13:53:17] posa:-3.966

From tinyG: [13:53:17] posa:-3.128

From tinyG: [13:53:17] posa:-2.297

From tinyG: [13:53:18] posa:-1.460

From tinyG: [13:53:18] posa:-0.629

From tinyG: [13:53:18] posa:0.019,vel:0.00,stat:6

From tinyG: [13:53:18] stat:3

Out > [13:53:18] $di1fn=2

Out > [13:53:18] g90 g0 a-25

Out > [13:53:18] g90 g0 a-20

From tinyG: [13:53:18] [di1fn] input function          2 [0=none,1=limit,2=interlock,3=shutdown]

From tinyG: [13:53:18] tinyg [mm] ok> 

From tinyG: [13:53:18] tinyg [mm] ok> 

From tinyG: [13:53:18] tinyg [mm] ok> 

From tinyG: [13:53:18] posa:-20.671,vel:7360.10,dist:0,momo:0,stat:5

From tinyG: [13:53:18] posa:-20.296,vel:1456.54

From tinyG: [13:53:19] posa:-20.000,vel:0.00,stat:3

Out > [13:53:19] g90 g0 a-25

Out > [13:53:19] g91 g1 a30 f250

From tinyG: [13:53:19] tinyg [mm] ok> 

From tinyG: [13:53:19] tinyg [mm] ok> 

From tinyG: [13:53:19] posa:-24.863,vel:250.00,dist:1,momo:1,stat:5

From tinyG: [13:53:19] posa:-24.025

From tinyG: [13:53:19] posa:-23.188

From tinyG: [13:53:20] posa:-22.351

From tinyG: [13:53:20] posa:-21.520

From tinyG: [13:53:20] posa:-20.676

From tinyG: [13:53:20] posa:-19.839

From tinyG: [13:53:20] posa:-19.008

From tinyG: [13:53:21] posa:-18.170

From tinyG: [13:53:21] posa:-17.327

From tinyG: [13:53:21] posa:-16.490

From tinyG: [13:53:21] posa:-15.658

From tinyG: [13:53:21] posa:-14.821

From tinyG: [13:53:22] posa:-13.977

From tinyG: [13:53:22] posa:-13.140

From tinyG: [13:53:22] posa:-12.309

From tinyG: [13:53:22] posa:-11.471

From tinyG: [13:53:22] posa:-10.640

From tinyG: [13:53:23] posa:-9.803

From tinyG: [13:53:23] posa:-8.959

From tinyG: [13:53:23] posa:-8.122

From tinyG: [13:53:23] posa:-7.290

From tinyG: [13:53:23] posa:-6.453

From tinyG: [13:53:24] posa:-5.622

From tinyG: [13:53:24] posa:-4.784

From tinyG: [13:53:24] posa:-3.953

From tinyG: [13:53:24] posa:-3.116

From tinyG: [13:53:24] posa:-2.285

From tinyG: [13:53:25] posa:-1.447

From tinyG: [13:53:25] posa:-0.616

From tinyG: [13:53:25] posa:0.012,vel:0.00,stat:6

From tinyG: [13:53:25] stat:3

From tinyG: [13:53:25] tinyg [mm] ok> 

From tinyG: [13:53:25] [di1fn] input function          0 [0=none,1=limit,2=interlock,3=shutdown]

From tinyG: [13:53:25] tinyg [mm] ok> 

Out > [13:53:25] $posa

Out > [13:53:25] $di1fn=2

Out > [13:53:25] g90 g0 a-25

Out > [13:53:25] g90 g0 a-20

From tinyG: [13:53:25] A position:          0.012 deg

From tinyG: [13:53:25] tinyg [mm] ok> 

From tinyG: [13:53:25] [di1fn] input function          2 [0=none,1=limit,2=interlock,3=shutdown]

From tinyG: [13:53:25] tinyg [mm] ok> 

From tinyG: [13:53:25] tinyg [mm] ok> 

From tinyG: [13:53:25] tinyg [mm] ok> 

From tinyG: [13:53:25] posa:-20.671,vel:7360.10,dist:0,momo:0,stat:5

From tinyG: [13:53:26] posa:-20.296,vel:1456.54

From tinyG: [13:53:26] posa:-20.000,vel:0.00,stat:3

Out > [13:53:26] g90 g0 a-25

Out > [13:53:26] g91 g1 a30 f250

From tinyG: [13:53:26] tinyg [mm] ok> 

From tinyG: [13:53:26] tinyg [mm] ok> 

From tinyG: [13:53:26] posa:-24.863,vel:250.00,dist:1,momo:1,stat:5

From tinyG: [13:53:26] posa:-24.031

From tinyG: [13:53:26] posa:-23.200

From tinyG: [13:53:27] posa:-22.357

From tinyG: [13:53:27] posa:-21.520

From tinyG: [13:53:27] posa:-20.689

From tinyG: [13:53:27] posa:-19.851

From tinyG: [13:53:27] posa:-19.008

From tinyG: [13:53:28] posa:-18.170

From tinyG: [13:53:28] posa:-17.339

From tinyG: [13:53:28] posa:-16.502

From tinyG: [13:53:28] posa:-15.658

From tinyG: [13:53:29] posa:-14.821

From tinyG: [13:53:29] posa:-13.990

From tinyG: [13:53:29] posa:-13.152

From tinyG: [13:53:29] posa:-12.309

From tinyG: [13:53:29] posa:-11.471

From tinyG: [13:53:30] posa:-10.640

From tinyG: [13:53:30] posa:-9.803

From tinyG: [13:53:30] posa:-8.959

From tinyG: [13:53:30] posa:-8.122

From tinyG: [13:53:30] posa:-7.290

From tinyG: [13:53:31] posa:-6.453

From tinyG: [13:53:31] posa:-5.622

From tinyG: [13:53:31] posa:-4.784

From tinyG: [13:53:31] posa:-3.953

From tinyG: [13:53:31] posa:-3.116

From tinyG: [13:53:32] posa:-2.285

From tinyG: [13:53:32] posa:-1.447

From tinyG: [13:53:32] posa:-0.616

From tinyG: [13:53:32] posa:0.012,vel:0.00,stat:6

From tinyG: [13:53:32] stat:3

Out > [13:53:32] $di1fn=2

Out > [13:53:32] g90 g0 a-25

Out > [13:53:32] g90 g0 a-20

From tinyG: [13:53:32] [di1fn] input function          2 [0=none,1=limit,2=interlock,3=shutdown]

From tinyG: [13:53:32] tinyg [mm] ok> 

From tinyG: [13:53:32] tinyg [mm] ok> 

From tinyG: [13:53:32] tinyg [mm] ok> 

From tinyG: [13:53:32] posa:-20.671,vel:7360.10,dist:0,momo:0,stat:5

From tinyG: [13:53:33] posa:-20.296,vel:1456.54

From tinyG: [13:53:33] posa:-20.000,vel:0.00,stat:3

Out > [13:53:33] g90 g0 a-25

Out > [13:53:33] g91 g1 a30 f250

From tinyG: [13:53:33] tinyg [mm] ok> 

From tinyG: [13:53:33] tinyg [mm] ok> 

From tinyG: [13:53:33] posa:-24.863,vel:250.00,dist:1,momo:1,stat:5

From tinyG: [13:53:33] posa:-24.031

From tinyG: [13:53:34] posa:-23.200

From tinyG: [13:53:34] posa:-22.363

From tinyG: [13:53:34] posa:-21.532

From tinyG: [13:53:34] posa:-20.689

From tinyG: [13:53:34] posa:-19.851

From tinyG: [13:53:34] posa:-19.020

From tinyG: [13:53:35] posa:-18.183

From tinyG: [13:53:35] posa:-17.339

From tinyG: [13:53:35] posa:-16.502

From tinyG: [13:53:35] posa:-15.671

From tinyG: [13:53:35] posa:-14.834

From tinyG: [13:53:36] posa:-13.990

From tinyG: [13:53:36] posa:-13.152

From tinyG: [13:53:36] posa:-12.321

From tinyG: [13:53:36] posa:-11.484

From tinyG: [13:53:37] posa:-10.640

From tinyG: [13:53:37] posa:-9.803

From tinyG: [13:53:37] posa:-8.972

From tinyG: [13:53:37] posa:-8.134

From tinyG: [13:53:37] posa:-7.303

From tinyG: [13:53:38] posa:-6.466

From tinyG: [13:53:38] posa:-5.634

From tinyG: [13:53:38] posa:-4.797

From tinyG: [13:53:38] posa:-3.966

From tinyG: [13:53:38] posa:-3.128

From tinyG: [13:53:39] posa:-2.297

From tinyG: [13:53:39] posa:-1.460

From tinyG: [13:53:39] posa:-0.629

From tinyG: [13:53:39] posa:0.006,vel:0.00,stat:6

From tinyG: [13:53:39] tinyg [mm] ok> 

From tinyG: [13:53:39] stat:3

From tinyG: [13:53:39] [di1fn] input function          0 [0=none,1=limit,2=interlock,3=shutdown]

From tinyG: [13:53:39] tinyg [mm] ok> 

Out > [13:53:39] 

Out > [13:53:39] $posa

Out > [13:53:39] $di1fn=2

Out > [13:53:39] g90 g0 a-25

From tinyG: [13:53:39] A position:          0.006 deg

From tinyG: [13:53:39] tinyg [mm] ok> 

From tinyG: [13:53:39] [di1fn] input function          2 [0=none,1=limit,2=interlock,3=shutdown]

From tinyG: [13:53:39] tinyg [mm] ok> 

From tinyG: [13:53:39] tinyg [mm] ok> 

From tinyG: [13:53:40] posa:-21.026,vel:7559.61,dist:0,momo:0,stat:5

From tinyG: [13:53:40] posa:-25.000,vel:0.00,stat:3

Out > [13:53:40] g90 g0 a-20

Out > [13:53:40] g90 g0 a-25

From tinyG: [13:53:40] tinyg [mm] ok> 

From tinyG: [13:53:40] tinyg [mm] ok> 

From tinyG: [13:53:40] posa:-21.115,vel:2609.07,stat:5

From tinyG: [13:53:40] posa:-25.000,vel:0.00,stat:3

Out > [13:53:40] g91 g1 a30 f250

Out > [13:53:40] 

From tinyG: [13:53:40] tinyg [mm] ok> 

From tinyG: [13:53:40] posa:-24.209,vel:250.00,dist:1,momo:1,stat:5

From tinyG: [13:53:41] posa:-23.371

From tinyG: [13:53:41] posa:-22.540

From tinyG: [13:53:41] posa:-21.702

From tinyG: [13:53:41] posa:-20.871

From tinyG: [13:53:41] posa:-20.033

From tinyG: [13:53:42] posa:-19.202

From tinyG: [13:53:42] posa:-18.365

From tinyG: [13:53:42] posa:-17.533

From tinyG: [13:53:42] posa:-16.696

From tinyG: [13:53:42] posa:-15.864

From tinyG: [13:53:43] posa:-15.021

From tinyG: [13:53:43] posa:-14.183

From tinyG: [13:53:43] posa:-13.346

From tinyG: [13:53:43] posa:-12.515

From tinyG: [13:53:43] posa:-11.671

From tinyG: [13:53:44] posa:-10.834

From tinyG: [13:53:44] posa:-10.003

From tinyG: [13:53:44] posa:-9.165

From tinyG: [13:53:44] posa:-8.321

From tinyG: [13:53:44] posa:-7.484

From tinyG: [13:53:45] posa:-6.653

From tinyG: [13:53:45] posa:-5.815

From tinyG: [13:53:45] posa:-4.971

From tinyG: [13:53:45] posa:-4.134

From tinyG: [13:53:46] posa:-3.303

From tinyG: [13:53:46] posa:-2.465

From tinyG: [13:53:46] posa:-1.622

From tinyG: [13:53:46] posa:-0.784

From tinyG: [13:53:46] posa:0.001,vel:0.07,stat:6

From tinyG: [13:53:46] vel:0.00

Out > [13:53:46] $di1fn=2

Out > [13:53:46] g90 g0 a-25

Out > [13:53:46] g90 g0 a-20

From tinyG: [13:53:46] stat:3

From tinyG: [13:53:46] [di1fn] input function          2 [0=none,1=limit,2=interlock,3=shutdown]

From tinyG: [13:53:46] tinyg [mm] ok> 

From tinyG: [13:53:46] tinyg [mm] ok> 

From tinyG: [13:53:46] tinyg [mm] ok> 

Out > [13:53:46] g90 g0 a-25

Out > [13:53:46] g91 g1 a30 f250

From tinyG: [13:53:46] tinyg [mm] ok> 

From tinyG: [13:53:46] tinyg [mm] ok> 

From tinyG: [13:53:47] posa:-20.671,vel:7193.61,dist:0,momo:0,stat:5

From tinyG: [13:53:47] posa:-20.296,vel:1456.54

From tinyG: [13:53:47] posa:-24.954,vel:311.99

From tinyG: [13:53:47] posa:-24.200,vel:250.00,dist:1,momo:1

From tinyG: [13:53:47] posa:-23.363

From tinyG: [13:53:48] posa:-22.532

From tinyG: [13:53:48] posa:-21.695

From tinyG: [13:53:48] posa:-20.851

From tinyG: [13:53:48] posa:-20.014

From tinyG: [13:53:48] posa:-19.183

From tinyG: [13:53:49] posa:-18.345

From tinyG: [13:53:49] posa:-17.502

From tinyG: [13:53:49] posa:-16.665

From tinyG: [13:53:49] posa:-15.833

From tinyG: [13:53:49] posa:-14.996

From tinyG: [13:53:50] posa:-14.165

From tinyG: [13:53:50] posa:-13.327

From tinyG: [13:53:50] posa:-12.484

From tinyG: [13:53:50] posa:-11.646

From tinyG: [13:53:50] posa:-10.815

From tinyG: [13:53:51] posa:-9.978

From tinyG: [13:53:51] posa:-9.147

From tinyG: [13:53:51] posa:-8.309

From tinyG: [13:53:51] posa:-7.478

From tinyG: [13:53:51] posa:-6.641

From tinyG: [13:53:52] posa:-5.809

From tinyG: [13:53:52] posa:-4.972

From tinyG: [13:53:52] posa:-4.141

From tinyG: [13:53:52] posa:-3.303

From tinyG: [13:53:52] posa:-2.472

From tinyG: [13:53:53] posa:-1.635

From tinyG: [13:53:53] posa:-0.804

From tinyG: [13:53:53] posa:-0.000,vel:7.44,stat:6

From tinyG: [13:53:53] tinyg [mm] ok> 

From tinyG: [13:53:53] tinyg [mm] ok> 

From tinyG: [13:53:53] {"er":{"fb":86.03,"st":9,"msg":"File not open - write_persistent"}}

From tinyG: [13:53:53] [di1fn] input function          0 [0=none,1=limit,2=interlock,3=shutdown]

From tinyG: [13:53:53] tinyg [mm] ok> 

Out > [13:53:53] 

Out > [13:53:53] $posa

Out > [13:53:53] $di1fn=2

Out > [13:53:53] g90 g0 a-25

From tinyG: [13:53:53] A position:          0.510 deg

From tinyG: [13:53:53] tinyg [mm] ok> 

From tinyG: [13:53:53] {"er":{"fb":86.03,"st":9,"msg":"File not open - write_persistent"}}

From tinyG: [13:53:53] [di1fn] input function          2 [0=none,1=limit,2=interlock,3=shutdown]

From tinyG: [13:53:53] tinyg [mm] ok> 

From tinyG: [13:53:53] tinyg [mm] ok> 

From tinyG: [13:53:53] posa:0.772,vel:250.00,stat:5

From tinyG: [13:53:53] posa:1.610

From tinyG: [13:53:54] posa:2.441

From tinyG: [13:53:54] posa:3.278

From tinyG: [13:53:54] posa:4.109

From tinyG: [13:53:54] posa:4.946

From tinyG: [13:53:54] posa:-12.239,vel:10000.00,dist:0,momo:0

From tinyG: [13:53:55] posa:-25.000,vel:0.00,stat:3

Out > [13:53:55] g90 g0 a-20

Out > [13:53:55] g90 g0 a-25

From tinyG: [13:53:55] tinyg [mm] ok> 

From tinyG: [13:53:55] tinyg [mm] ok> 

From tinyG: [13:53:55] posa:-21.115,vel:2609.07,stat:5

From tinyG: [13:53:55] posa:-25.000,vel:0.00,stat:3

Out > [13:53:55] g91 g1 a30 f250

Out > [13:53:55] 

From tinyG: [13:53:55] tinyg [mm] ok> 

From tinyG: [13:53:55] posa:-24.209,vel:250.00,dist:1,momo:1,stat:5

From tinyG: [13:53:56] posa:-23.371

From tinyG: [13:53:56] posa:-22.540

From tinyG: [13:53:56] posa:-21.702

From tinyG: [13:53:56] posa:-20.871

From tinyG: [13:53:56] posa:-20.033

From tinyG: [13:53:57] posa:-19.202

From tinyG: [13:53:57] posa:-18.365

From tinyG: [13:53:57] posa:-17.533

From tinyG: [13:53:57] posa:-16.696

From tinyG: [13:53:57] posa:-15.864

From tinyG: [13:53:58] posa:-15.027

From tinyG: [13:53:58] posa:-14.196

From tinyG: [13:53:58] posa:-13.352

From tinyG: [13:53:58] posa:-12.515

From tinyG: [13:53:58] posa:-11.677

From tinyG: [13:53:59] posa:-10.846

From tinyG: [13:53:59] posa:-10.003

From tinyG: [13:53:59] posa:-9.165

From tinyG: [13:53:59] posa:-8.334

From tinyG: [13:53:59] posa:-7.496

From tinyG: [13:54:00] posa:-6.653

From tinyG: [13:54:00] posa:-5.815

From tinyG: [13:54:00] posa:-4.984

From tinyG: [13:54:00] posa:-4.147

From tinyG: [13:54:00] posa:-3.303

From tinyG: [13:54:01] posa:-2.465

From tinyG: [13:54:01] posa:-1.634

From tinyG: [13:54:01] posa:-0.797

From tinyG: [13:54:01] posa:0.001,vel:1.78,stat:6

From tinyG: [13:54:01] vel:0.00

Out > [13:54:01] $di1fn=2

Out > [13:54:01] g90 g0 a-25

Out > [13:54:01] g90 g0 a-20

From tinyG: [13:54:01] stat:3

From tinyG: [13:54:01] [di1fn] input function          2 [0=none,1=limit,2=interlock,3=shutdown]

From tinyG: [13:54:01] tinyg [mm] ok> 

From tinyG: [13:54:01] tinyg [mm] ok> 

Out > [13:54:01] g90 g0 a-25

Out > [13:54:01] g91 g1 a30 f250

From tinyG: [13:54:01] tinyg [mm] ok> 

From tinyG: [13:54:01] tinyg [mm] ok> 

From tinyG: [13:54:01] tinyg [mm] ok> 

From tinyG: [13:54:02] posa:-20.671,vel:7360.10,dist:0,momo:0,stat:5

From tinyG: [13:54:02] posa:-20.381,vel:1404.91

From tinyG: [13:54:02] posa:-24.894,vel:250.00,dist:1,momo:1

From tinyG: [13:54:02] posa:-24.063

From tinyG: [13:54:02] posa:-23.232

From tinyG: [13:54:03] posa:-22.394

From tinyG: [13:54:03] posa:-21.551

From tinyG: [13:54:03] posa:-20.714

From tinyG: [13:54:03] posa:-19.882

From tinyG: [13:54:03] posa:-19.045

From tinyG: [13:54:04] posa:-18.202

From tinyG: [13:54:04] posa:-17.364

From tinyG: [13:54:04] posa:-16.533

From tinyG: [13:54:04] posa:-15.696

From tinyG: [13:54:04] posa:-14.865

From tinyG: [13:54:05] posa:-14.027

From tinyG: [13:54:05] posa:-13.196

From tinyG: [13:54:05] posa:-12.359

From tinyG: [13:54:05] posa:-11.528

From tinyG: [13:54:05] posa:-10.690

From tinyG: [13:54:06] posa:-9.859

From tinyG: [13:54:06] posa:-9.022

From tinyG: [13:54:06] posa:-8.190

From tinyG: [13:54:06] posa:-7.353

From tinyG: [13:54:06] posa:-6.522

From tinyG: [13:54:07] posa:-5.684

From tinyG: [13:54:07] posa:-4.853

From tinyG: [13:54:07] posa:-4.016

From tinyG: [13:54:07] posa:-3.185

From tinyG: [13:54:07] posa:-2.347

From tinyG: [13:54:08] posa:-1.516

From tinyG: [13:54:08] posa:-0.679

From tinyG: [13:54:08] posa:0.060

From tinyG: [13:54:08] posa:0.897

From tinyG: [13:54:08] posa:1.728

From tinyG: [13:54:09] posa:2.566

From tinyG: [13:54:09] posa:3.397

From tinyG: [13:54:09] posa:4.234

From tinyG: [13:54:09] posa:5.000,vel:0.00,stat:3

Out > [13:54:09] 

From tinyG: [13:54:20] tinyg [mm] ok> 

