[11:31:31] Starting Log file for session: 20201030-113131

From tinyG: [11:31:33] {"r":{"fv":0.98,"fb":86.03,"hp":3,"hv":0,"id":"0213-0215-0515","msg":"SYSTEM READY"},"f":[1,0,1]}

From tinyG: [11:31:33] tinyg [mm] ok> 

From tinyG: [11:31:33] [ej]  enable json mode            0 [0=text,1=JSON]

From tinyG: [11:31:33] tinyg [mm] ok> 

Out > [11:31:36] g28.2a0

From tinyG: [11:31:36] tinyg [mm] ok> 

Out > [11:31:36] $di1fn=0

Out > [11:31:39] g90 g0 a30

From tinyG: [11:31:39] posa:-2.285,feed:2000.00,vel:2000.00,coor:0,dist:1,momo:1,stat:9

From tinyG: [11:31:39] posa:-8.944,vel:1999.19

From tinyG: [11:31:39] posa:-9.548,feed:300.00,vel:300.00

From tinyG: [11:31:39] posa:-8.544

From tinyG: [11:31:39] posa:-7.547

From tinyG: [11:31:39] posa:-6.542

From tinyG: [11:31:39] posa:-5.545

From tinyG: [11:31:39] posa:-4.532

From tinyG: [11:31:39] posa:-3.527

From tinyG: [11:31:39] posa:-2.530

From tinyG: [11:31:39] posa:-1.525

From tinyG: [11:31:39] posa:-0.513

From tinyG: [11:31:39] [di1fn] input function          0 [0=none,1=limit,2=interlock,3=shutdown]

From tinyG: [11:31:39] tinyg [mm] ok> 

From tinyG: [11:31:39] tinyg [mm] ok> 

Out > [11:31:39] g90 g0 a-20 z-9

From tinyG: [11:31:39] tinyg [mm] ok> 

From tinyG: [11:31:39] posa:0.012,feed:250.00,vel:138.41,coor:1,dist:0,momo:0,stat:5

Out > [11:31:39] g90 g0 a30

From tinyG: [11:31:39] tinyg [mm] ok> 

From tinyG: [11:31:39] posa:23.887,vel:8672.54

From tinyG: [11:31:39] posz:-0.787,posa:25.626,vel:4486.95

From tinyG: [11:31:40] posz:-3.445,posa:10.864,vel:4515.87

From tinyG: [11:31:40] posz:-6.122,posa:-4.012

From tinyG: [11:31:40] posz:-8.730,posa:-18.500,vel:3337.35

From tinyG: [11:31:40] posz:-9.000,posa:-11.913,vel:9624.85

From tinyG: [11:31:40] posa:21.673,vel:9736.39

From tinyG: [11:31:41] posa:30.000,vel:0.00,stat:3

Out > [11:31:41] g90 g0 z0

Out > [11:31:41] g90 g0 a-30

From tinyG: [11:31:41] tinyg [mm] ok> 

From tinyG: [11:31:41] tinyg [mm] ok> 

From tinyG: [11:31:41] posz:-7.182,vel:800.00,stat:5

From tinyG: [11:31:41] posz:-4.506

From tinyG: [11:31:41] posz:-1.809

From tinyG: [11:31:42] posz:0.000,posa:29.897,vel:465.80

From tinyG: [11:31:42] posa:4.672,vel:10000.00

From tinyG: [11:31:42] posa:-27.370,vel:6148.01

From tinyG: [11:31:42] posa:-30.000,vel:0.00,stat:3

Out > [11:31:42] g90 g0 a20 z-9

Out > [11:31:42] g90 g0 a-30

From tinyG: [11:31:42] tinyg [mm] ok> 

From tinyG: [11:31:42] tinyg [mm] ok> 

From tinyG: [11:31:42] posz:-1.819,posa:-19.896,vel:4515.87,stat:5

From tinyG: [11:31:43] posz:-4.496,posa:-5.020

From tinyG: [11:31:43] posz:-7.154,posa:9.745

From tinyG: [11:31:43] posz:-9.000,posa:19.658,vel:1190.04

From tinyG: [11:31:43] posa:-6.261,vel:10000.00

From tinyG: [11:31:43] posa:-29.994,vel:107.13

From tinyG: [11:31:44] posa:-30.000,vel:0.00,stat:3

Out > [11:31:44] g90 g0 z0

Out > [11:31:44] $di1fn=2

Out > [11:31:44] g90 g0 a-15

From tinyG: [11:31:44] tinyg [mm] ok> 

From tinyG: [11:31:44] {"er":{"fb":86.03,"st":9,"msg":"File not open - write_persistent"}}

From tinyG: [11:31:44] [di1fn] input function          2 [0=none,1=limit,2=interlock,3=shutdown]

From tinyG: [11:31:44] tinyg [mm] ok> 

From tinyG: [11:31:44] tinyg [mm] ok> 

From tinyG: [11:31:44] posz:-7.182,vel:800.00,stat:5

From tinyG: [11:31:44] posz:-4.506

From tinyG: [11:31:44] posz:-1.849

From tinyG: [11:31:44] posz:0.000,posa:-29.905,vel:449.88

From tinyG: [11:31:45] posa:-15.041,vel:412.67

From tinyG: [11:31:45] posa:-15.000,vel:0.00,stat:3

Out > [11:31:45] g90 g0 a-10

Out > [11:31:45] g90 g0 a-15

From tinyG: [11:31:45] tinyg [mm] ok> 

From tinyG: [11:31:45] tinyg [mm] ok> 

From tinyG: [11:31:45] posa:-11.115,vel:2609.07,stat:5

From tinyG: [11:31:45] posa:-15.000,vel:0.00,stat:3

Out > [11:31:45] g91 g1 a30 f250

Out > [11:31:45] g90 g0 z-5

From tinyG: [11:31:45] tinyg [mm] ok> 

From tinyG: [11:31:45] tinyg [mm] ok> 

From tinyG: [11:31:46] posa:-14.209,vel:250.00,dist:1,momo:1,stat:5

From tinyG: [11:31:46] posa:-13.365

From tinyG: [11:31:46] posa:-12.528

From tinyG: [11:31:46] posa:-11.697

From tinyG: [11:31:46] posa:-10.859

From tinyG: [11:31:47] posa:-10.028

From tinyG: [11:31:47] posa:-9.191

From tinyG: [11:31:47] posa:-8.347

From tinyG: [11:31:47] posa:-7.509

From tinyG: [11:31:47] posa:-6.678

From tinyG: [11:31:48] posa:-5.841

From tinyG: [11:31:48] posa:-5.010

From tinyG: [11:31:48] posa:-4.173

From tinyG: [11:31:48] posa:-3.341

From tinyG: [11:31:48] posa:-2.504

From tinyG: [11:31:49] posa:-1.673

From tinyG: [11:31:49] posa:-0.836

From tinyG: [11:31:49] posa:-0.032,vel:18.33,stat:6

From tinyG: [11:31:49] [di1fn] input function          0 [0=none,1=limit,2=interlock,3=shutdown]

From tinyG: [11:31:49] tinyg [mm] ok> 

From tinyG: [11:31:49] A position:         -0.032 deg

From tinyG: [11:31:49] tinyg [mm] ok> 

Out > [11:31:49] g90 g0 z1

Out > [11:31:49] g90 g0 z0

From tinyG: [11:31:49] tinyg [mm] ok> 

From tinyG: [11:31:49] tinyg [mm] ok> 

From tinyG: [11:31:49] posz:0.022,vel:121.22,dist:0,momo:0,stat:5

From tinyG: [11:31:49] posz:0.935,vel:182.63

From tinyG: [11:31:50] posz:0.000,vel:0.00,stat:3

Out > [11:31:50] EOF

Out > [11:31:50] 

