[17:35:20] Starting Log file for session: 20201029-173520

From tinyG: [17:35:21] {"r":{"fv":0.98,"fb":86.03,"hp":3,"hv":0,"id":"0213-0215-0515","msg":"SYSTEM READY"},"f":[1,0,1]}

From tinyG: [17:35:21] tinyg [mm] ok> 

From tinyG: [17:35:21] [ej]  enable json mode            0 [0=text,1=JSON]

From tinyG: [17:35:21] tinyg [mm] ok> 

Out > [17:35:24] g28.2a0

Out > [17:35:24] $di1fn=0

Out > [17:35:27] g90 g0 a30

From tinyG: [17:35:27] tinyg [mm] ok> 

From tinyG: [17:35:27] posa:-5.653,feed:2000.00,vel:2000.00,coor:0,dist:1,momo:1,stat:9

From tinyG: [17:35:27] posa:-10.007,vel:0.03

From tinyG: [17:35:27] posa:-4.332,vel:2000.00

From tinyG: [17:35:27] posa:1.292,vel:0.81

From tinyG: [17:35:27] vel:0.00

From tinyG: [17:35:27] posa:-4.354,vel:2000.00

From tinyG: [17:35:27] posa:-8.708,vel:0.03

From tinyG: [17:35:27] posa:-7.761,feed:300.00,vel:300.00

From tinyG: [17:35:27] posa:-6.756

From tinyG: [17:35:27] posa:-5.751

From tinyG: [17:35:27] posa:-4.754

From tinyG: [17:35:27] posa:-3.749

From tinyG: [17:35:27] posa:-2.752

From tinyG: [17:35:27] posa:-1.747

From tinyG: [17:35:27] posa:-0.750

From tinyG: [17:35:27] [di1fn] input function          0 [0=none,1=limit,2=interlock,3=shutdown]

From tinyG: [17:35:27] tinyg [mm] ok> 

From tinyG: [17:35:27] tinyg [mm] ok> 

Out > [17:35:27] g90 g0 a-20 z-9

From tinyG: [17:35:27] tinyg [mm] ok> 

From tinyG: [17:35:27] posa:0.000,vel:0.00,stat:5

From tinyG: [17:35:27] posa:21.384,feed:250.00,vel:9671.33,coor:1,dist:0,momo:0

Out > [17:35:27] g90 g0 a30

From tinyG: [17:35:27] tinyg [mm] ok> 

From tinyG: [17:35:27] posz:-0.593,posa:26.704,vel:4221.90

From tinyG: [17:35:28] posz:-3.245,posa:11.974,vel:4515.87

From tinyG: [17:35:28] posz:-5.922,posa:-2.902

From tinyG: [17:35:28] posz:-8.567,posa:-17.594,vel:4048.41

From tinyG: [17:35:28] posz:-9.000,posa:-14.207,vel:8705.25

From tinyG: [17:35:28] posa:18.977,vel:9995.55

From tinyG: [17:35:29] posa:30.000,vel:0.00,stat:3

Out > [17:35:29] g90 g0 z0

Out > [17:35:29] g90 g0 a-30

From tinyG: [17:35:29] tinyg [mm] ok> 

From tinyG: [17:35:29] tinyg [mm] ok> 

From tinyG: [17:35:29] posz:-7.182,vel:800.00,stat:5

From tinyG: [17:35:29] posz:-4.506

From tinyG: [17:35:29] posz:-1.809

From tinyG: [17:35:29] posz:0.000,posa:29.897,vel:465.80

From tinyG: [17:35:30] posa:4.423,vel:10000.00

From tinyG: [17:35:30] posa:-27.660,vel:5769.70

From tinyG: [17:35:30] posa:-30.000,vel:0.00,stat:3

Out > [17:35:30] g90 g0 a20 z-9

Out > [17:35:30] g90 g0 a-30

From tinyG: [17:35:30] tinyg [mm] ok> 

From tinyG: [17:35:30] tinyg [mm] ok> 

From tinyG: [17:35:30] posz:-1.819,posa:-19.896,vel:4515.87,stat:5

From tinyG: [17:35:30] posz:-4.496,posa:-5.020

From tinyG: [17:35:31] posz:-7.154,posa:9.745

From tinyG: [17:35:31] posz:-9.000,posa:19.658,vel:1190.04

From tinyG: [17:35:31] posa:-6.261,vel:10000.00

From tinyG: [17:35:31] posa:-29.994,vel:107.13

From tinyG: [17:35:32] posa:-30.000,vel:0.00,stat:3

Out > [17:35:32] g90 g0 z0

Out > [17:35:32] $di1fn=2

Out > [17:35:32] g90 g0 a-15

From tinyG: [17:35:32] tinyg [mm] ok> 

From tinyG: [17:35:32] {"er":{"fb":86.03,"st":9,"msg":"File not open - write_persistent"}}

From tinyG: [17:35:32] [di1fn] input function          2 [0=none,1=limit,2=interlock,3=shutdown]

From tinyG: [17:35:32] tinyg [mm] ok> 

From tinyG: [17:35:32] tinyg [mm] ok> 

From tinyG: [17:35:32] posz:-7.182,vel:800.00,stat:5

From tinyG: [17:35:32] posz:-4.506

From tinyG: [17:35:32] posz:-1.849

From tinyG: [17:35:32] posz:0.000,posa:-29.905,vel:449.88

From tinyG: [17:35:33] posa:-15.041,vel:412.67

From tinyG: [17:35:33] posa:-15.000,vel:0.00,stat:3

Out > [17:35:33] g90 g0 a-10

Out > [17:35:33] g90 g0 a-15

From tinyG: [17:35:33] tinyg [mm] ok> 

From tinyG: [17:35:33] tinyg [mm] ok> 

From tinyG: [17:35:33] posa:-11.115,vel:2609.07,stat:5

From tinyG: [17:35:33] posa:-15.000,vel:0.00,stat:3

Out > [17:35:33] g91 g1 a30 f250

Out > [17:35:33] g90 g0 z-5

From tinyG: [17:35:33] tinyg [mm] ok> 

From tinyG: [17:35:33] tinyg [mm] ok> 

From tinyG: [17:35:34] posa:-14.209,vel:250.00,dist:1,momo:1,stat:5

From tinyG: [17:35:34] posa:-13.365

From tinyG: [17:35:34] posa:-12.528

From tinyG: [17:35:34] posa:-11.697

From tinyG: [17:35:34] posa:-10.859

From tinyG: [17:35:35] posa:-10.028

From tinyG: [17:35:35] posa:-9.191

From tinyG: [17:35:35] posa:-8.359

From tinyG: [17:35:35] posa:-7.522

From tinyG: [17:35:35] posa:-6.678

From tinyG: [17:35:36] posa:-5.841

From tinyG: [17:35:36] posa:-5.010

From tinyG: [17:35:36] posa:-4.173

From tinyG: [17:35:36] posa:-3.341

From tinyG: [17:35:36] posa:-2.504

From tinyG: [17:35:37] posa:-1.673

From tinyG: [17:35:37] posa:-0.836

From tinyG: [17:35:37] posa:-0.026,vel:34.79,stat:6

From tinyG: [17:35:37] [di1fn] input function          0 [0=none,1=limit,2=interlock,3=shutdown]

From tinyG: [17:35:37] tinyg [mm] ok> 

Out > [17:35:37] g90 g0 z0

Out > [17:35:37] $posa

From tinyG: [17:35:37] tinyg [mm] ok> 

From tinyG: [17:35:37] A position:         -0.026 deg

From tinyG: [17:35:37] tinyg [mm] ok> 

From tinyG: [17:35:37] vel:0.00,dist:0,momo:0,stat:3

