[11:42:42] Starting Log file for session: 20201030-114242

From tinyG: [11:42:43] {"r":{"fv":0.98,"fb":86.03,"hp":3,"hv":0,"id":"0213-0215-0515","msg":"SYSTEM READY"},"f":[1,0,1]}

From tinyG: [11:42:43] tinyg [mm] ok> 

From tinyG: [11:42:43] [ej]  enable json mode            0 [0=text,1=JSON]

From tinyG: [11:42:43] tinyg [mm] ok> 

From tinyG: [11:42:44] stat:3

From tinyG: [11:42:44] stat:3

From tinyG: [11:42:46] stat:3

From tinyG: [11:42:46] stat:3

From tinyG: [11:42:46] stat:3

From tinyG: [11:42:46] stat:3

From tinyG: [11:42:46] stat:3

From tinyG: [11:42:47] stat:3

Out > [11:42:48] g28.2a0

Out > [11:42:48] $di1fn=0

Out > [11:42:50] g90 g0 a30

From tinyG: [11:42:50] tinyg [mm] ok> 

From tinyG: [11:42:50] stat:9

From tinyG: [11:42:50] posa:-2.834,feed:2000.00,vel:2000.00,coor:0,dist:1,momo:1

From tinyG: [11:42:50] posa:-9.516,vel:1698.01

From tinyG: [11:42:50] posa:-9.511,feed:300.00,vel:300.00

From tinyG: [11:42:50] posa:-8.514

From tinyG: [11:42:50] posa:-7.509

From tinyG: [11:42:50] posa:-6.497

From tinyG: [11:42:50] posa:-5.492

From tinyG: [11:42:50] posa:-4.495

From tinyG: [11:42:50] posa:-3.490

From tinyG: [11:42:50] posa:-2.478

From tinyG: [11:42:50] posa:-1.473

From tinyG: [11:42:50] posa:-0.476

From tinyG: [11:42:50] {"er":{"fb":86.03,"st":94,"msg":"Planner assertion failure - zero length line in calculate trapezoid"}}

From tinyG: [11:42:50] {"er":{"fb":86.03,"st":94,"msg":"Planner assertion failure - zero length move in exec_aline"}}

From tinyG: [11:42:50] [di1fn] input function          0 [0=none,1=limit,2=interlock,3=shutdown]

From tinyG: [11:42:50] tinyg [mm] ok> 

From tinyG: [11:42:50] tinyg [mm] ok> 

Out > [11:42:50] g90 g0 a-20 z-9

From tinyG: [11:42:50] tinyg [mm] ok> 

From tinyG: [11:42:50] posa:0.069,feed:250.00,vel:510.42,coor:1,dist:0,momo:0,stat:5

Out > [11:42:50] g90 g0 a30

From tinyG: [11:42:51] tinyg [mm] ok> 

From tinyG: [11:42:51] posa:25.482,vel:7525.33

From tinyG: [11:42:51] posz:-0.947,posa:24.740,vel:4515.87

From tinyG: [11:42:51] posz:-3.604,posa:9.976

From tinyG: [11:42:51] posz:-6.282,posa:-4.900

From tinyG: [11:42:51] posz:-8.834,posa:-19.076,vel:2601.01

From tinyG: [11:42:52] posz:-9.000,posa:-10.211,vel:9919.33

From tinyG: [11:42:52] posa:23.088,vel:9330.00

From tinyG: [11:42:52] posa:30.000,vel:0.00,stat:3

Out > [11:42:52] g90 g0 z0

Out > [11:42:52] g90 g0 a-30

From tinyG: [11:42:52] tinyg [mm] ok> 

From tinyG: [11:42:52] tinyg [mm] ok> 

From tinyG: [11:42:52] posz:-7.182,vel:800.00,stat:5

From tinyG: [11:42:53] posz:-4.506

From tinyG: [11:42:53] posz:-1.809

From tinyG: [11:42:53] posz:0.000,posa:29.897,vel:465.80

From tinyG: [11:42:53] posa:4.672,vel:10000.00

From tinyG: [11:42:53] posa:-27.370,vel:6148.01

From tinyG: [11:42:54] posa:-30.000,vel:0.00,stat:3

Out > [11:42:54] g90 g0 a20 z-9

Out > [11:42:54] g90 g0 a-30

From tinyG: [11:42:54] tinyg [mm] ok> 

From tinyG: [11:42:54] tinyg [mm] ok> 

From tinyG: [11:42:54] posz:-1.819,posa:-19.896,vel:4515.87,stat:5

From tinyG: [11:42:54] posz:-4.496,posa:-5.020

From tinyG: [11:42:54] posz:-7.154,posa:9.745

From tinyG: [11:42:54] posz:-9.000,posa:19.658,vel:1190.04

From tinyG: [11:42:55] posa:-6.261,vel:10000.00

From tinyG: [11:42:55] posa:-29.994,vel:107.13

From tinyG: [11:42:55] posa:-30.000,vel:0.00,stat:3

Out > [11:42:55] g90 g0 z0

Out > [11:42:55] $di1fn=2

Out > [11:42:55] g90 g0 a-15

From tinyG: [11:42:55] tinyg [mm] ok> 

From tinyG: [11:42:55] {"er":{"fb":86.03,"st":9,"msg":"File not open - write_persistent"}}

From tinyG: [11:42:55] [di1fn] input function          2 [0=none,1=limit,2=interlock,3=shutdown]

From tinyG: [11:42:55] tinyg [mm] ok> 

From tinyG: [11:42:55] tinyg [mm] ok> 

From tinyG: [11:42:55] posz:-7.182,vel:800.00,stat:5

From tinyG: [11:42:56] posz:-4.506

From tinyG: [11:42:56] posz:-1.809

From tinyG: [11:42:56] posz:0.000,posa:-29.892,vel:503.18

From tinyG: [11:42:56] posa:-15.032,vel:349.30

From tinyG: [11:42:56] posa:-15.000,vel:0.00,stat:3

Out > [11:42:56] g90 g0 a-10

Out > [11:42:56] g90 g0 a-15

From tinyG: [11:42:56] tinyg [mm] ok> 

From tinyG: [11:42:56] tinyg [mm] ok> 

From tinyG: [11:42:57] posa:-11.115,vel:2609.07,stat:5

From tinyG: [11:42:57] posa:-15.000,vel:0.00,stat:3

Out > [11:42:57] g91 g1 a30 f250

Out > [11:42:57] g90 g0 z-5

From tinyG: [11:42:57] tinyg [mm] ok> 

From tinyG: [11:42:57] tinyg [mm] ok> 

From tinyG: [11:42:57] posa:-14.209,vel:250.00,dist:1,momo:1,stat:5

From tinyG: [11:42:57] posa:-13.365

From tinyG: [11:42:57] posa:-12.528

From tinyG: [11:42:58] posa:-11.697

From tinyG: [11:42:58] posa:-10.859

From tinyG: [11:42:58] posa:-10.015

From tinyG: [11:42:58] posa:-9.178

From tinyG: [11:42:58] posa:-8.347

From tinyG: [11:42:59] posa:-7.509

From tinyG: [11:42:59] posa:-6.666

From tinyG: [11:42:59] posa:-5.829

From tinyG: [11:42:59] posa:-4.997

From tinyG: [11:43:00] posa:-4.160

From tinyG: [11:43:00] posa:-3.316

From tinyG: [11:43:00] posa:-2.479

From tinyG: [11:43:00] posa:-1.648

From tinyG: [11:43:00] posa:-0.811

From tinyG: [11:43:01] posa:0.009,vel:82.07,stat:6

From tinyG: [11:43:01] tinyg [mm] ok> 

From tinyG: [11:43:01] [di1fn] input function          0 [0=none,1=limit,2=interlock,3=shutdown]

From tinyG: [11:43:01] tinyg [mm] ok> 

From tinyG: [11:43:01] A position:          0.012 deg

From tinyG: [11:43:01] tinyg [mm] ok> 

Out > [11:43:01] g90 g0 z1

Out > [11:43:01] g90 g0 z0

From tinyG: [11:43:01] tinyg [mm] ok> 

From tinyG: [11:43:01] tinyg [mm] ok> 

From tinyG: [11:43:01] posz:0.008,posa:0.012,vel:61.24,dist:0,momo:0,stat:5

From tinyG: [11:43:01] posz:0.956,vel:141.30

From tinyG: [11:43:01] posz:0.000,vel:0.00,stat:3

Out > [11:43:01] EOF

Out > [11:43:01] !%

From tinyG: [11:43:01] tinyg [mm] ok> 

