[18:29:45] Starting Log file for session: 2020722-182945

From tinyG: [18:29:46] {"r":{"fv":0.98,"fb":86.03,"hp":3,"hv":0,"id":"0213-0215-0515","msg":"SYSTEM READY"},"f":[1,0,1]}

From tinyG: [18:29:50] {"r":{"tinygmo":null},"f":[1,100,26]}

From tinyG: [18:29:50] {"r":{"baud":null},"f":[1,100,11]}

From tinyG: [18:29:50] {r:{js:0},f:[1,0,9]}

From tinyG: [18:29:50] {r:{gpa:0},f:[1,0,10]}

From tinyG: [18:29:50] {r:{gun:1},f:[1,0,10]}

From tinyG: [18:29:50] {r:{ja:0.00},f:[1,0,9]}

From tinyG: [18:29:50] {r:{si:250},f:[1,0,11]}

From tinyG: [18:29:50] {r:{jv:5},f:[1,0,9]}

From tinyG: [18:29:50] {r:{mt:0},f:[1,0,11]}

From tinyG: [18:29:50] {r:{st:null},f:[1,100,9]}

From tinyG: [18:29:50] {r:{motorma:null},f:[1,100,20]}

From tinyG: [18:29:50] {r:{1ma:5},f:[1,0,10]}

From tinyG: [18:29:50] {r:{2ma:0},f:[1,0,10]}

From tinyG: [18:29:50] {r:{3ma:2},f:[1,0,10]}

From tinyG: [18:29:50] {r:{4ma:3},f:[1,0,10]}

From tinyG: [18:29:50] {r:{polarit:null},f:[1,100,18]}

From tinyG: [18:29:50] {r:{1po:1},f:[1,0,10]}

From tinyG: [18:29:50] {r:{2po:0},f:[1,0,10]}

From tinyG: [18:29:50] {r:{3po:1},f:[1,0,10]}

From tinyG: [18:29:50] {r:{4po:0},f:[1,0,10]}

From tinyG: [18:29:50] {r:{trvalue:null},f:[1,100,16]}

From tinyG: [18:29:50] {r:{1tr:60.0000},f:[1,0,11]}

From tinyG: [18:29:50] {r:{2tr:6.3500},f:[1,0,13]}

From tinyG: [18:29:50] {r:{3tr:5.0000},f:[1,0,10]}

From tinyG: [18:29:50] {r:{4tr:60.0000},f:[1,0,11]}

From tinyG: [18:29:50] {r:{powerse:null},f:[1,100,21]}

From tinyG: [18:29:50] {r:{1pl:1.000},f:[1,0,10]}

From tinyG: [18:29:50] {r:{2pl:1.000},f:[1,0,10]}

From tinyG: [18:29:50] {r:{3pl:0.000},f:[1,0,10]}

From tinyG: [18:29:50] {r:{4pl:0.000},f:[1,0,10]}

From tinyG: [18:29:50] {r:{1pm:2},f:[1,0,10]}

From tinyG: [18:29:50] {r:{2pm:2},f:[1,0,10]}

From tinyG: [18:29:50] {r:{3pm:2},f:[1,0,10]}

From tinyG: [18:29:50] {r:{4pm:2},f:[1,0,10]}

From tinyG: [18:29:50] {r:{motorse:null},f:[1,100,21]}

From tinyG: [18:29:50] {r:{1mi:16},f:[1,0,11]}

From tinyG: [18:29:50] {r:{2mi:32},f:[1,0,11]}

From tinyG: [18:29:50] {r:{3mi:10,msg:"*** WARNING *** Setting non-standard microstep value"},f:[1,0,11]}

From tinyG: [18:29:50] {r:{4mi:10,msg:"*** WARNING *** Setting non-standard microstep value"},f:[1,0,11]}

From tinyG: [18:29:50] {r:{1sa:1.800},f:[1,0,12]}

From tinyG: [18:29:50] {r:{2sa:1.800},f:[1,0,12]}

From tinyG: [18:29:50] {r:{3sa:1.800},f:[1,0,12]}

From tinyG: [18:29:50] {r:{4sa:1.800},f:[1,0,12]}

From tinyG: [18:29:50] {r:{axesset:null},f:[1,100,20]}

From tinyG: [18:29:50] {r:{xam:1},f:[1,0,10]}

From tinyG: [18:29:50] {r:{xvm:1500},f:[1,0,13]}

From tinyG: [18:29:50] {r:{xjm:5000},f:[1,0,13]}

From tinyG: [18:29:50] {r:{xfr:5000},f:[1,0,13]}

From tinyG: [18:29:50] {r:{xtn:-500.000},f:[1,0,13]}

From tinyG: [18:29:50] {r:{xtm:0.000},f:[1,0,10]}

From tinyG: [18:29:50] {r:{yam:0},f:[1,0,10]}

From tinyG: [18:29:50] {r:{yvm:0},f:[1,0,10]}

From tinyG: [18:29:50] {r:{yjm:0},f:[1,0,10]}

From tinyG: [18:29:50] {r:{yfr:0},f:[1,0,10]}

From tinyG: [18:29:50] {r:{zam:1},f:[1,0,10]}

From tinyG: [18:29:50] {r:{zvm:3750},f:[1,0,13]}

From tinyG: [18:29:50] {r:{zjm:5000},f:[1,0,13]}

From tinyG: [18:29:50] {r:{zfr:3750},f:[1,0,13]}

From tinyG: [18:29:50] {r:{ztn:-100.000},f:[1,0,13]}

From tinyG: [18:29:50] {r:{ztm:2.000},f:[1,0,10]}

From tinyG: [18:29:50] {r:{aam:1},f:[1,0,10]}

From tinyG: [18:29:50] {r:{avm:20000},f:[1,0,14]}

From tinyG: [18:29:50] {r:{ajm:10000},f:[1,0,14]}

From tinyG: [18:29:50] {r:{afr:15000},f:[1,0,14]}

From tinyG: [18:29:50] {r:{atn:-3600.000},f:[1,0,14]}

From tinyG: [18:29:50] {r:{atm:3600.000},f:[1,0,13]}

From tinyG: [18:29:50] {r:{cam:1},f:[1,0,10]}

From tinyG: [18:29:50] {r:{cvm:10000},f:[1,0,14]}

From tinyG: [18:29:50] {r:{cjm:5000},f:[1,0,13]}

From tinyG: [18:29:50] {r:{cfr:10000},f:[1,0,14]}

From tinyG: [18:29:50] {r:{ctn:-3600.000},f:[1,0,14]}

From tinyG: [18:29:50] {r:{ctm:3600.000},f:[1,0,13]}

From tinyG: [18:29:50] {r:{limitsw:null},f:[1,100,21]}

From tinyG: [18:29:50] {r:{sl:1},f:[1,0,9]}

From tinyG: [18:29:50] {r:{xsn:null},f:[1,100,10]}

From tinyG: [18:29:50] {r:{ahi:1},f:[1,0,10]}

From tinyG: [18:29:50] {r:{di1mo:1},f:[1,0,12]}

From tinyG: [18:29:50] {r:{di1ac:0},f:[1,0,12]}

From tinyG: [18:29:50] {r:{di1fn:0},f:[1,0,12]}

From tinyG: [18:29:50] {r:{xsx:null},f:[1,100,10]}

From tinyG: [18:29:50] {r:{xhi:2},f:[1,0,10]}

From tinyG: [18:29:50] {r:{di2mo:0},f:[1,0,12]}

From tinyG: [18:29:50] {r:{di2ac:0},f:[1,0,12]}

From tinyG: [18:29:50] {r:{di2fn:0},f:[1,0,12]}

From tinyG: [18:29:50] {r:{ysn:null},f:[1,100,10]}

From tinyG: [18:29:50] {r:{yhi:0},f:[1,0,10]}

From tinyG: [18:29:50] {r:{di3mo:-1},f:[1,0,13]}

From tinyG: [18:29:50] {r:{di3ac:0},f:[1,0,12]}

From tinyG: [18:29:50] {r:{di3fn:0},f:[1,0,12]}

From tinyG: [18:29:50] {r:{ysx:null},f:[1,100,10]}

From tinyG: [18:29:50] {r:{di4mo:-1},f:[1,0,13]}

From tinyG: [18:29:50] {r:{di4ac:0},f:[1,0,12]}

From tinyG: [18:29:50] {r:{di4fn:0},f:[1,0,12]}

From tinyG: [18:29:50] {r:{zsn:null},f:[1,100,10]}

From tinyG: [18:29:50] {r:{zhi:5},f:[1,0,10]}

From tinyG: [18:29:50] {r:{di5mo:0},f:[1,0,12]}

From tinyG: [18:29:50] {r:{di5ac:0},f:[1,0,12]}

From tinyG: [18:29:50] {r:{di5fn:0},f:[1,0,12]}

From tinyG: [18:29:50] {r:{zsx:null},f:[1,100,10]}

From tinyG: [18:29:50] {r:{di6mo:-1},f:[1,0,13]}

From tinyG: [18:29:50] {r:{di6ac:0},f:[1,0,12]}

From tinyG: [18:29:50] {r:{di6fn:0},f:[1,0,12]}

From tinyG: [18:29:50] {r:{asn:null},f:[1,100,10]}

From tinyG: [18:29:50] {r:{di7mo:-1},f:[1,0,13]}

From tinyG: [18:29:50] {r:{di7ac:0},f:[1,0,12]}

From tinyG: [18:29:50] {r:{di7fn:0},f:[1,0,12]}

From tinyG: [18:29:50] {r:{asx:null},f:[1,100,10]}

From tinyG: [18:29:50] {r:{di8mo:-1},f:[1,0,13]}

From tinyG: [18:29:50] {r:{di8ac:0},f:[1,0,12]}

From tinyG: [18:29:50] {r:{di8fn:0},f:[1,0,12]}

From tinyG: [18:29:50] {r:{di9mo:-1},f:[1,0,13]}

From tinyG: [18:29:50] {r:{di9ac:0},f:[1,0,12]}

From tinyG: [18:29:50] {r:{di9fn:0},f:[1,0,12]}

From tinyG: [18:29:50] {r:{homingc:null},f:[1,100,20]}

From tinyG: [18:29:50] {r:{st:null},f:[1,100,9]}

From tinyG: [18:29:50] {r:{xhd:1},f:[1,0,10]}

From tinyG: [18:29:50] {r:{xsv:1000},f:[1,0,13]}

From tinyG: [18:29:50] {r:{xlv:100.00},f:[1,0,12]}

From tinyG: [18:29:50] {r:{xlb:5.000},f:[1,0,10]}

From tinyG: [18:29:50] {r:{xzb:2.000},f:[1,0,10]}

From tinyG: [18:29:50] {r:{xjh:10000},f:[1,0,14]}

From tinyG: [18:29:50] {r:{zhd:0},f:[1,0,10]}

From tinyG: [18:29:50] {r:{zsv:1000},f:[1,0,13]}

From tinyG: [18:29:50] {r:{zlv:100.00},f:[1,0,12]}

From tinyG: [18:29:50] {r:{zlb:5.000},f:[1,0,10]}

From tinyG: [18:29:50] {r:{zzb:50.305},f:[1,0,15]}

From tinyG: [18:29:50] {r:{zjh:10000},f:[1,0,14]}

From tinyG: [18:29:50] {r:{ahd:1},f:[1,0,10]}

From tinyG: [18:29:50] {r:{asv:2000},f:[1,0,13]}

From tinyG: [18:29:50] {r:{alv:500.00},f:[1,0,12]}

From tinyG: [18:29:50] {r:{alb:20.000},f:[1,0,11]}

From tinyG: [18:29:50] {r:{azb:0.000},f:[1,0,10]}

From tinyG: [18:29:50] {r:{ajh:10000},f:[1,0,14]}

From tinyG: [18:29:50] {sr:{line:0,posx:0.000,posy:0.000,posz:0.000,posa:0.000,feed:0.00,vel:0.00,unit:1,coor:1,dist:0,admo:1,frmo:1,momo:4,stat:1}}

Out > [18:30:03] g91 g0 x-10

From tinyG: [18:30:03] {r:{gc:"G91G0X-10"},f:[1,0,12]}

From tinyG: [18:30:03] {sr:{posx:-4.085,vel:1500.00,dist:1,momo:0,stat:5}}

From tinyG: [18:30:03] {sr:{posx:-9.966,vel:307.86}}

From tinyG: [18:30:03] {sr:{posx:-10.000,vel:0.00,stat:3}}

Out > [18:30:09] g91 g0 a-30

From tinyG: [18:30:09] {r:{gc:"G91G0A-30"},f:[1,0,12]}

From tinyG: [18:30:10] {sr:{posa:-23.781,vel:9659.52,stat:5}}

From tinyG: [18:30:10] {sr:{posa:-30.000,vel:0.00,stat:3}}

Out > [18:30:17] $di1fn

From tinyG: [18:30:17] [di1fn] input function          0 [0=none,1=limit,2=interlock,3=shutdown]

From tinyG: [18:30:17] tinyg [mm] ok> 

Out > [18:30:21] $di1ac

From tinyG: [18:30:21] 1ac] input action            0 [0=none,1=stop,2=halt,3=stop_steps,4=panic,5=reset]

From tinyG: [18:30:21] tinyg [mm] ok> 

