[13:20:33] Starting Log file for session: 20201029-132033

From tinyG: [13:20:34] {"r":{"fv":0.98,"fb":86.03,"hp":3,"hv":0,"id":"0213-0215-0515","msg":"SYSTEM READY"},"f":[1,0,1]}

From tinyG: [13:20:34] tinyg [mm] ok> 

From tinyG: [13:20:34] [ej]  enable json mode            0 [0=text,1=JSON]

From tinyG: [13:20:34] tinyg [mm] ok> 

Out > [13:20:38] $di1fn=2

Out > [13:20:38] g90 g0 a-25

Out > [13:20:38] g90 g0 a-20

From tinyG: [13:20:38] [di1fn] input function          2 [0=none,1=limit,2=interlock,3=shutdown]

From tinyG: [13:20:38] tinyg [mm] ok> 

From tinyG: [13:20:38] tinyg [mm] ok> 

From tinyG: [13:20:38] tinyg [mm] ok> 

From tinyG: [13:20:39] posa:-20.849,vel:7193.61,dist:0,momo:0,stat:5

From tinyG: [13:20:39] posa:-20.296,vel:1456.54

From tinyG: [13:20:39] posa:-20.000,vel:0.00,stat:3

Out > [13:20:39] g90 g0 a-25

Out > [13:20:39] g91 g1 a30 f250

From tinyG: [13:20:39] tinyg [mm] ok> 

From tinyG: [13:20:39] tinyg [mm] ok> 

From tinyG: [13:20:39] posa:-24.863,vel:250.00,dist:1,momo:1,stat:5

From tinyG: [13:20:39] posa:-24.025

From tinyG: [13:20:40] posa:-23.188

From tinyG: [13:20:40] posa:-22.351

From tinyG: [13:20:40] posa:-21.520

From tinyG: [13:20:40] posa:-20.676

From tinyG: [13:20:40] posa:-19.839

From tinyG: [13:20:41] posa:-19.008

From tinyG: [13:20:41] posa:-18.170

From tinyG: [13:20:41] posa:-17.327

From tinyG: [13:20:41] posa:-16.490

From tinyG: [13:20:41] posa:-15.658

From tinyG: [13:20:42] posa:-14.821

From tinyG: [13:20:42] posa:-13.977

From tinyG: [13:20:42] posa:-13.140

From tinyG: [13:20:42] posa:-12.309

From tinyG: [13:20:42] posa:-11.471

From tinyG: [13:20:43] posa:-10.628

From tinyG: [13:20:43] posa:-9.790

From tinyG: [13:20:43] posa:-8.959

From tinyG: [13:20:43] posa:-8.122

From tinyG: [13:20:43] posa:-7.290

From tinyG: [13:20:44] posa:-6.453

From tinyG: [13:20:44] posa:-5.622

From tinyG: [13:20:44] posa:-4.784

From tinyG: [13:20:44] posa:-3.953

From tinyG: [13:20:44] posa:-3.116

From tinyG: [13:20:45] posa:-2.285

From tinyG: [13:20:45] posa:-1.447

From tinyG: [13:20:45] posa:-0.616

From tinyG: [13:20:45] posa:0.019,vel:0.00,stat:6

From tinyG: [13:20:45] tinyg [mm] ok> 

From tinyG: [13:20:45] stat:3

From tinyG: [13:20:45] [di1fn] input function          0 [0=none,1=limit,2=interlock,3=shutdown]

From tinyG: [13:20:45] tinyg [mm] ok> 

Out > [13:20:45] 

Out > [13:20:45] $posa

From tinyG: [13:20:45] A position:          0.019 deg

From tinyG: [13:20:45] tinyg [mm] ok> 

Out > [13:21:15] $di1fn=2

Out > [13:21:15] g90 g0 a-25

From tinyG: [13:21:15] [di1fn] input function          2 [0=none,1=limit,2=interlock,3=shutdown]

From tinyG: [13:21:15] tinyg [mm] ok> 

From tinyG: [13:21:15] tinyg [mm] ok> 

From tinyG: [13:21:16] posa:-20.838,vel:7559.61,dist:0,momo:0,stat:5

From tinyG: [13:21:16] posa:-25.000,vel:0.00,stat:3

Out > [13:21:16] g90 g0 a-20

Out > [13:21:16] g90 g0 a-25

From tinyG: [13:21:16] tinyg [mm] ok> 

From tinyG: [13:21:16] tinyg [mm] ok> 

From tinyG: [13:21:16] posa:-21.115,vel:2609.07,stat:5

From tinyG: [13:21:16] posa:-25.000,vel:0.00,stat:3

Out > [13:21:16] g91 g1 a30 f250

Out > [13:21:16] 

From tinyG: [13:21:16] tinyg [mm] ok> 

From tinyG: [13:21:17] posa:-24.209,vel:250.00,dist:1,momo:1,stat:5

From tinyG: [13:21:17] posa:-23.371

From tinyG: [13:21:17] posa:-22.540

From tinyG: [13:21:17] posa:-21.702

From tinyG: [13:21:17] posa:-20.871

From tinyG: [13:21:18] posa:-20.033

From tinyG: [13:21:18] posa:-19.202

From tinyG: [13:21:18] posa:-18.365

From tinyG: [13:21:18] posa:-17.533

From tinyG: [13:21:18] posa:-16.696

From tinyG: [13:21:19] posa:-15.864

From tinyG: [13:21:19] posa:-15.027

From tinyG: [13:21:19] posa:-14.196

From tinyG: [13:21:19] posa:-13.352

From tinyG: [13:21:19] posa:-12.515

From tinyG: [13:21:20] posa:-11.684

From tinyG: [13:21:20] posa:-10.846

From tinyG: [13:21:20] posa:-10.003

From tinyG: [13:21:20] posa:-9.165

From tinyG: [13:21:20] posa:-8.334

From tinyG: [13:21:21] posa:-7.496

From tinyG: [13:21:21] posa:-6.653

From tinyG: [13:21:21] posa:-5.815

From tinyG: [13:21:21] posa:-4.984

From tinyG: [13:21:21] posa:-4.147

From tinyG: [13:21:22] posa:-3.303

From tinyG: [13:21:22] posa:-2.465

From tinyG: [13:21:22] posa:-1.634

From tinyG: [13:21:22] posa:-0.797

From tinyG: [13:21:22] posa:0.019,vel:34.79,stat:6

From tinyG: [13:21:23] [di1fn] input function          0 [0=none,1=limit,2=interlock,3=shutdown]

From tinyG: [13:21:23] tinyg [mm] ok> 

Out > [13:21:23] $posa

From tinyG: [13:21:23] A position:          0.020 deg

From tinyG: [13:21:23] tinyg [mm] ok> 

From tinyG: [13:21:23] vel:0.00,stat:3

