[18:50:53] Starting Log file for session: 20201029-185053

From tinyG: [18:50:55] {"r":{"fv":0.98,"fb":86.03,"hp":3,"hv":0,"id":"0213-0215-0515","msg":"SYSTEM READY"},"f":[1,0,1]}

From tinyG: [18:50:55] tinyg [mm] ok> 

From tinyG: [18:50:55] [ej]  enable json mode            0 [0=text,1=JSON]

From tinyG: [18:50:55] tinyg [mm] ok> 

Out > [18:50:58] g28.2a0

Out > [18:50:58] $di1fn=0

Out > [18:51:02] g90 g0 a30

From tinyG: [18:51:02] tinyg [mm] ok> 

From tinyG: [18:51:02] posa:-5.672,feed:2000.00,vel:2000.00,coor:0,dist:1,momo:1,stat:9

From tinyG: [18:51:02] posa:-10.026,vel:0.03

From tinyG: [18:51:02] posa:-4.351,vel:2000.00

From tinyG: [18:51:02] posa:1.273,vel:0.81

From tinyG: [18:51:02] vel:0.00

From tinyG: [18:51:02] posa:-4.373,vel:2000.00

From tinyG: [18:51:02] posa:-8.727,vel:0.03

From tinyG: [18:51:02] posa:-7.779,feed:300.00,vel:300.00

From tinyG: [18:51:02] posa:-6.775

From tinyG: [18:51:02] posa:-5.770

From tinyG: [18:51:02] posa:-4.773

From tinyG: [18:51:02] posa:-3.768

From tinyG: [18:51:02] posa:-2.771

From tinyG: [18:51:02] posa:-1.766

From tinyG: [18:51:02] posa:-0.769

From tinyG: [18:51:02] [di1fn] input function          0 [0=none,1=limit,2=interlock,3=shutdown]

From tinyG: [18:51:02] tinyg [mm] ok> 

From tinyG: [18:51:02] tinyg [mm] ok> 

Out > [18:51:02] g90 g0 a-20 z-9

From tinyG: [18:51:02] tinyg [mm] ok> 

From tinyG: [18:51:02] posa:0.000,vel:0.00,stat:5

From tinyG: [18:51:02] posa:21.384,feed:250.00,vel:9671.33,coor:1,dist:0,momo:0

Out > [18:51:02] g90 g0 a30

From tinyG: [18:51:02] tinyg [mm] ok> 

From tinyG: [18:51:02] posz:-0.593,posa:26.704,vel:4221.90

From tinyG: [18:51:02] posz:-3.245,posa:11.974,vel:4515.87

From tinyG: [18:51:02] posz:-5.922,posa:-2.902

From tinyG: [18:51:03] posz:-8.567,posa:-17.594,vel:4048.41

From tinyG: [18:51:03] posz:-9.000,posa:-14.207,vel:8705.25

From tinyG: [18:51:03] posa:19.224,vel:9990.70

From tinyG: [18:51:03] posa:30.000,vel:0.00,stat:3

Out > [18:51:03] g90 g0 z0

Out > [18:51:03] g90 g0 a-30

From tinyG: [18:51:03] tinyg [mm] ok> 

From tinyG: [18:51:03] tinyg [mm] ok> 

From tinyG: [18:51:04] posz:-7.182,vel:800.00,stat:5

From tinyG: [18:51:04] posz:-4.506

From tinyG: [18:51:04] posz:-1.809

From tinyG: [18:51:04] posz:0.000,posa:29.897,vel:465.80

From tinyG: [18:51:04] posa:4.672,vel:10000.00

From tinyG: [18:51:05] posa:-27.370,vel:6148.01

From tinyG: [18:51:05] posa:-30.000,vel:0.00,stat:3

Out > [18:51:05] g90 g0 a20 z-9

Out > [18:51:05] g90 g0 a-30

From tinyG: [18:51:05] tinyg [mm] ok> 

From tinyG: [18:51:05] tinyg [mm] ok> 

From tinyG: [18:51:05] posz:-1.819,posa:-19.896,vel:4515.87,stat:5

From tinyG: [18:51:05] posz:-4.496,posa:-5.020

From tinyG: [18:51:05] posz:-7.154,posa:9.745

From tinyG: [18:51:06] posz:-9.000,posa:19.658,vel:1190.04

From tinyG: [18:51:06] posa:-6.261,vel:10000.00

From tinyG: [18:51:06] posa:-29.994,vel:107.13

From tinyG: [18:51:06] posa:-30.000,vel:0.00,stat:3

Out > [18:51:06] g90 g0 z0

Out > [18:51:06] $di1fn=2

Out > [18:51:06] g90 g0 a-15

From tinyG: [18:51:06] tinyg [mm] ok> 

From tinyG: [18:51:06] {"er":{"fb":86.03,"st":9,"msg":"File not open - write_persistent"}}

From tinyG: [18:51:06] [di1fn] input function          2 [0=none,1=limit,2=interlock,3=shutdown]

From tinyG: [18:51:06] tinyg [mm] ok> 

From tinyG: [18:51:06] tinyg [mm] ok> 

From tinyG: [18:51:06] posz:-7.182,vel:800.00,stat:5

From tinyG: [18:51:07] posz:-4.506

From tinyG: [18:51:07] posz:-1.809

From tinyG: [18:51:07] posz:0.000,posa:-29.892,vel:503.18

From tinyG: [18:51:07] posa:-15.032,vel:349.30

From tinyG: [18:51:07] posa:-15.000,vel:0.00,stat:3

Out > [18:51:08] g90 g0 a-10

Out > [18:51:08] g90 g0 a-15

From tinyG: [18:51:08] tinyg [mm] ok> 

From tinyG: [18:51:08] tinyg [mm] ok> 

From tinyG: [18:51:08] posa:-11.115,vel:2609.07,stat:5

From tinyG: [18:51:08] posa:-15.000,vel:0.00,stat:3

Out > [18:51:08] g91 g1 a30 f250

Out > [18:51:08] g90 g0 z-5

From tinyG: [18:51:08] tinyg [mm] ok> 

From tinyG: [18:51:08] tinyg [mm] ok> 

From tinyG: [18:51:08] posa:-14.209,vel:250.00,dist:1,momo:1,stat:5

From tinyG: [18:51:08] posa:-13.365

From tinyG: [18:51:09] posa:-12.528

From tinyG: [18:51:09] posa:-11.697

From tinyG: [18:51:09] posa:-10.859

From tinyG: [18:51:09] posa:-10.015

From tinyG: [18:51:09] posa:-9.178

From tinyG: [18:51:10] posa:-8.347

From tinyG: [18:51:10] posa:-7.509

From tinyG: [18:51:10] posa:-6.666

From tinyG: [18:51:10] posa:-5.829

From tinyG: [18:51:10] posa:-4.997

From tinyG: [18:51:11] posa:-4.160

From tinyG: [18:51:11] posa:-3.329

From tinyG: [18:51:11] posa:-2.492

From tinyG: [18:51:11] posa:-1.660

From tinyG: [18:51:11] posa:-0.823

From tinyG: [18:51:12] posa:-0.026,vel:7.44,stat:6

From tinyG: [18:51:12] tinyg [mm] ok> 

From tinyG: [18:51:12] [di1fn] input function          0 [0=none,1=limit,2=interlock,3=shutdown]

From tinyG: [18:51:12] tinyg [mm] ok> 

From tinyG: [18:51:12] A position:         -0.026 deg

From tinyG: [18:51:12] tinyg [mm] ok> 

Out > [18:51:12] g90 g0 z1

Out > [18:51:12] g90 g0 z0

From tinyG: [18:51:12] tinyg [mm] ok> 

From tinyG: [18:51:12] tinyg [mm] ok> 

From tinyG: [18:51:12] posz:0.006,vel:45.72,dist:0,momo:0,stat:5

From tinyG: [18:51:12] posz:0.966,vel:123.53

From tinyG: [18:51:12] posz:0.000,vel:0.00,stat:3

Out > [18:51:12] EOF

Out > [18:51:12] 

