[17:33:59] Starting Log file for session: 2020724-173359

From tinyG: [17:34:00] {r:{fv:0.98,fb:86.03,hp:3,hv:0,id:"0213-0215-0515",msg:"SYSTEM READY"},f:[1,0,1]}

From tinyG: [17:34:00] tinyg [mm] ok> 

From tinyG: [17:34:00] [ej]  enable json mode            0 [0=text,1=JSON]

From tinyG: [17:34:00] tinyg [mm] ok> 

Out > [17:34:02] G90 G0 Z-12

Out > [17:34:02] G28.2 A0

From tinyG: [17:34:02] tinyg [mm] ok> 

From tinyG: [17:34:02] tinyg [mm] ok> 

From tinyG: [17:34:02] line:0,posx:0.000,posy:0.000,posz:-12.000,posa:31.414,feed:5000.00,vel:5000.00,unit:1,coor:0,dist:1,admo:1,frmo:1,momo:1,stat:9

Out > [17:34:03] G91 G0 A30

From tinyG: [17:34:03] posa:52.289,feed:5000.00,vel:5000.00,momo:1,stat:9

From tinyG: [17:34:03] posa:73.038

From tinyG: [17:34:03] posa:94.038

From tinyG: [17:34:03] posa:114.913

From tinyG: [17:34:04] posa:135.788

From tinyG: [17:34:04] posa:156.663

From tinyG: [17:34:04] posa:177.538

From tinyG: [17:34:04] posa:198.413

From tinyG: [17:34:05] posa:219.288

From tinyG: [17:34:05] posa:240.163

From tinyG: [17:34:05] posa:261.038

From tinyG: [17:34:05] posa:281.913

From tinyG: [17:34:06] posa:302.663

From tinyG: [17:34:06] posa:323.663

From tinyG: [17:34:06] posa:344.538

From tinyG: [17:34:06] posa:364.311,vel:1754.85

From tinyG: [17:34:07] posa:355.960,vel:5000.00

From tinyG: [17:34:07] posa:344.676,feed:500.00,vel:186.87

From tinyG: [17:34:07] posa:346.730,vel:500.00

From tinyG: [17:34:08] posa:348.814

From tinyG: [17:34:08] posa:350.899

From tinyG: [17:34:08] posa:352.983

From tinyG: [17:34:08] posa:355.068

From tinyG: [17:34:09] posa:357.152

From tinyG: [17:34:09] posa:359.237

From tinyG: [17:34:09] tinyg [mm] ok> 

From tinyG: [17:34:09] posa:3.129,feed:250.00,vel:6938.65,momo:0,stat:5

From tinyG: [17:34:09] posa:30.000,vel:0.00,stat:3

Out > [17:34:09] $di1fn=2

Out > [17:34:09] G91 G0 A1

Out > [17:34:09] G91 G1 A-30 F250

From tinyG: [17:34:09] [di1fn] input function          2 [0=none,1=limit,2=interlock,3=shutdown]

From tinyG: [17:34:09] tinyg [mm] ok> 

From tinyG: [17:34:09] tinyg [mm] ok> 

From tinyG: [17:34:09] tinyg [mm] ok> 

From tinyG: [17:34:10] posa:30.415,vel:250.00,momo:1,stat:5

From tinyG: [17:34:10] posa:29.371

From tinyG: [17:34:10] posa:28.327

From tinyG: [17:34:10] posa:27.284

From tinyG: [17:34:11] posa:26.240

From tinyG: [17:34:11] posa:25.196

From tinyG: [17:34:11] posa:24.152

From tinyG: [17:34:11] posa:23.108

From tinyG: [17:34:12] posa:22.064

From tinyG: [17:34:12] posa:21.021

From tinyG: [17:34:12] posa:19.977

From tinyG: [17:34:12] posa:19.179,vel:0.00,stat:6

Out > [17:34:12] $posa

From tinyG: [17:34:12] tinyg [mm] ok> 

From tinyG: [17:34:12] stat:3

From tinyG: [17:34:12] A position:         19.179 deg

From tinyG: [17:34:12] tinyg [mm] ok> 

Out > [17:34:12] $di1fn=0

Out > [17:34:12] G91 G0 A0

Out > [17:34:12] G90 G0 A9.5895
From tinyG: [17:34:12] [di1fn] input function          0 [0=none,1=limit,2=interlock,3=shutdown]

From tinyG: [17:34:12] tinyg [mm] ok> 

From tinyG: [17:34:12] tinyg [mm] ok> 

From tinyG: [17:34:13] line:0,posx:0.000,posy:0.000,posz:-12.000,posa:19.179,feed:250.00,vel:0.00,unit:1,coor:0,dist:1,admo:1,frmo:1,momo:0,stat:3

From tinyG: [17:34:30] momo:0,stat:3

From tinyG: [17:34:31] stat:3

From tinyG: [17:34:31] stat:3

From tinyG: [17:34:32] stat:3

From tinyG: [17:34:35] stat:3

From tinyG: [17:34:39] stat:3

From tinyG: [17:35:04] stat:3

From tinyG: [17:35:13] stat:3

From tinyG: [17:35:51] stat:3

From tinyG: [17:36:15] stat:3

From tinyG: [17:36:15] stat:3

From tinyG: [17:36:15] stat:3

From tinyG: [17:40:42] stat:3

From tinyG: [17:44:12] stat:3

