[13:43:11] Starting Log file for session: 20201030-134311

From tinyG: [13:43:12] {"r":{"fv":0.98,"fb":86.03,"hp":3,"hv":0,"id":"0213-0215-0515","msg":"SYSTEM READY"},"f":[1,0,1]}

From tinyG: [13:43:12] tinyg [mm] ok> 

From tinyG: [13:43:12] {"er":{"fb":86.03,"st":9,"msg":"File not open - write_persistent"}}

From tinyG: [13:43:12] [ej]  enable json mode            0 [0=text,1=JSON]

From tinyG: [13:43:12] tinyg [mm] ok> 

Out > [15:05:08] g28.2a0

Out > [15:05:08] $di1fn=0

Out > [15:05:22] g90 g0 a30

From tinyG: [15:05:22] tinyg [mm] ok> 

From tinyG: [15:05:22] coor:0,dist:1,stat:9

From tinyG: [15:05:22] posa:-5.687,feed:2000.00,vel:2000.00,momo:1

From tinyG: [15:05:22] posa:-10.042,vel:0.03

From tinyG: [15:05:22] posa:-4.367,vel:2000.00

From tinyG: [15:05:22] posa:2.283

From tinyG: [15:05:22] posa:8.983

From tinyG: [15:05:22] posa:15.633

From tinyG: [15:05:22] posa:22.333

From tinyG: [15:05:22] posa:28.983

From tinyG: [15:05:22] posa:35.683

From tinyG: [15:05:22] posa:42.332

From tinyG: [15:05:22] posa:49.032

From tinyG: [15:05:22] posa:55.682

From tinyG: [15:05:22] posa:62.382

From tinyG: [15:05:22] posa:69.032

From tinyG: [15:05:22] posa:75.733

From tinyG: [15:05:22] posa:82.383

From tinyG: [15:05:22] posa:89.084

From tinyG: [15:05:22] posa:95.734

From tinyG: [15:05:22] posa:102.434

From tinyG: [15:05:22] posa:109.085

From tinyG: [15:05:22] posa:115.785

From tinyG: [15:05:22] posa:122.436

From tinyG: [15:05:22] posa:129.136

From tinyG: [15:05:22] posa:135.786

From tinyG: [15:05:22] posa:142.487

From tinyG: [15:05:22] posa:149.137

From tinyG: [15:05:22] posa:155.888

From tinyG: [15:05:22] posa:162.588

From tinyG: [15:05:22] posa:169.239

From tinyG: [15:05:22] posa:175.939

From tinyG: [15:05:22] posa:182.689

From tinyG: [15:05:22] posa:189.390

From tinyG: [15:05:22] posa:196.040

From tinyG: [15:05:22] posa:202.741

From tinyG: [15:05:22] posa:209.491

From tinyG: [15:05:22] posa:216.191

From tinyG: [15:05:22] posa:222.842

From tinyG: [15:05:22] posa:229.542

From tinyG: [15:05:22] posa:236.293

From tinyG: [15:05:22] posa:242.993

From tinyG: [15:05:22] posa:249.643

From tinyG: [15:05:22] posa:256.344

From tinyG: [15:05:22] posa:262.992

From tinyG: [15:05:22] posa:269.690

From tinyG: [15:05:22] posa:276.439

From tinyG: [15:05:22] posa:283.137

From tinyG: [15:05:22] posa:289.786

From tinyG: [15:05:22] posa:296.484

From tinyG: [15:05:22] posa:303.132

From tinyG: [15:05:22] posa:309.831

From tinyG: [15:05:22] posa:316.479

From tinyG: [15:05:22] posa:323.177

From tinyG: [15:05:22] posa:329.826

From tinyG: [15:05:22] posa:336.524

From tinyG: [15:05:22] posa:343.173

From tinyG: [15:05:22] posa:349.871

From tinyG: [15:05:22] posa:356.519

From tinyG: [15:05:22] posa:361.243,vel:0.00

From tinyG: [15:05:22] posa:355.598,vel:2000.00

From tinyG: [15:05:22] posa:351.243,vel:0.03

From tinyG: [15:05:22] posa:352.191,feed:300.00,vel:300.00

From tinyG: [15:05:22] posa:353.197

From tinyG: [15:05:22] posa:354.203

From tinyG: [15:05:22] posa:355.202

From tinyG: [15:05:22] posa:356.208

From tinyG: [15:05:22] posa:357.206

From tinyG: [15:05:22] posa:358.212

From tinyG: [15:05:22] posa:359.211

From tinyG: [15:05:22] [di1fn] input function          0 [0=none,1=limit,2=interlock,3=shutdown]

From tinyG: [15:05:22] tinyg [mm] ok> 

From tinyG: [15:05:22] tinyg [mm] ok> 

From tinyG: [15:05:22] posa:0.000,vel:0.00,stat:5

Out > [15:05:22] g90 g0 a-20 z-9

From tinyG: [15:05:22] tinyg [mm] ok> 

From tinyG: [15:05:22] posa:21.383,feed:250.00,vel:9671.40,coor:1,dist:0,momo:0

Out > [15:05:22] g90 g0 a30

From tinyG: [15:05:22] tinyg [mm] ok> 

From tinyG: [15:05:23] posz:0.383,posa:26.917,vel:3850.75

From tinyG: [15:05:23] posz:-2.287,posa:13.563,vel:4079.22

From tinyG: [15:05:23] posz:-4.944,posa:0.279

From tinyG: [15:05:23] posz:-7.621,posa:-13.105

From tinyG: [15:05:23] posz:-9.000,posa:-19.860,vel:854.10

From tinyG: [15:05:24] posa:6.998,vel:10000.00

From tinyG: [15:05:24] posa:29.999,vel:41.02

From tinyG: [15:05:24] posa:30.000,vel:0.00,stat:3

Out > [15:05:24] g90 g0 z0

Out > [15:05:24] g90 g0 a-30

From tinyG: [15:05:24] tinyg [mm] ok> 

From tinyG: [15:05:24] tinyg [mm] ok> 

From tinyG: [15:05:24] posz:-7.162,vel:800.00,stat:5

From tinyG: [15:05:24] posz:-4.506

From tinyG: [15:05:25] posz:-1.829

From tinyG: [15:05:25] posz:0.000,posa:29.909,vel:418.28

From tinyG: [15:05:25] posa:4.921,vel:10000.00

From tinyG: [15:05:25] posa:-27.370,vel:6148.01

From tinyG: [15:05:25] posa:-30.000,vel:0.00,stat:3

Out > [15:05:25] g90 g0 a20 z-9

Out > [15:05:25] g90 g0 a-30

From tinyG: [15:05:25] tinyg [mm] ok> 

From tinyG: [15:05:25] tinyg [mm] ok> 

From tinyG: [15:05:26] posz:-1.819,posa:-19.896,vel:4515.87,stat:5

From tinyG: [15:05:26] posz:-4.496,posa:-5.020

From tinyG: [15:05:26] posz:-7.154,posa:9.745

From tinyG: [15:05:26] posz:-9.000,posa:19.658,vel:1190.04

From tinyG: [15:05:27] posa:-6.261,vel:10000.00

From tinyG: [15:05:27] posa:-29.994,vel:107.13

From tinyG: [15:05:27] posa:-30.000,vel:0.00,stat:3

Out > [15:05:27] g90 g0 z0

Out > [15:05:27] $di1fn=2

Out > [15:05:27] g90 g0 a-15

From tinyG: [15:05:27] tinyg [mm] ok> 

From tinyG: [15:05:27] {"er":{"fb":86.03,"st":9,"msg":"File not open - write_persistent"}}

From tinyG: [15:05:27] [di1fn] input function          2 [0=none,1=limit,2=interlock,3=shutdown]

From tinyG: [15:05:27] tinyg [mm] ok> 

From tinyG: [15:05:27] tinyg [mm] ok> 

From tinyG: [15:05:27] posz:-7.182,vel:800.00,stat:5

From tinyG: [15:05:27] posz:-4.506

From tinyG: [15:05:28] posz:-1.809

From tinyG: [15:05:28] posz:0.000,posa:-29.892,vel:503.18

From tinyG: [15:05:28] posa:-15.032,vel:349.30

From tinyG: [15:05:28] posa:-15.000,vel:0.00,stat:3

Out > [15:05:28] g90 g0 a-10

Out > [15:05:28] g90 g0 a-15

From tinyG: [15:05:28] tinyg [mm] ok> 

From tinyG: [15:05:28] tinyg [mm] ok> 

From tinyG: [15:05:28] posa:-11.115,vel:2609.07,stat:5

From tinyG: [15:05:29] posa:-15.000,vel:0.00,stat:3

Out > [15:05:29] g91 g1 a30 f250

Out > [15:05:29] g90 g0 z-5

From tinyG: [15:05:29] tinyg [mm] ok> 

From tinyG: [15:05:29] tinyg [mm] ok> 

From tinyG: [15:05:29] posa:-14.209,vel:250.00,dist:1,momo:1,stat:5

From tinyG: [15:05:29] posa:-13.365

From tinyG: [15:05:29] posa:-12.528

From tinyG: [15:05:30] posa:-11.697

From tinyG: [15:05:30] posa:-10.859

From tinyG: [15:05:30] posa:-10.015

From tinyG: [15:05:30] posa:-9.178

From tinyG: [15:05:30] posa:-8.347

From tinyG: [15:05:31] posa:-7.509

From tinyG: [15:05:31] posa:-6.666

From tinyG: [15:05:31] posa:-5.829

From tinyG: [15:05:31] posa:-4.997

From tinyG: [15:05:31] posa:-4.160

From tinyG: [15:05:32] posa:-3.329

From tinyG: [15:05:32] posa:-2.492

From tinyG: [15:05:32] posa:-1.660

From tinyG: [15:05:32] posa:-0.823

From tinyG: [15:05:32] posa:-0.020,vel:18.33,stat:6

From tinyG: [15:05:32] tinyg [mm] ok> 

From tinyG: [15:05:32] [di1fn] input function          0 [0=none,1=limit,2=interlock,3=shutdown]

From tinyG: [15:05:32] tinyg [mm] ok> 

From tinyG: [15:05:32] A position:         -0.019 deg

From tinyG: [15:05:32] tinyg [mm] ok> 

Out > [15:05:32] g90 g0 z1

Out > [15:05:32] g90 g0 z0

From tinyG: [15:05:32] tinyg [mm] ok> 

From tinyG: [15:05:33] tinyg [mm] ok> 

From tinyG: [15:05:33] posz:0.008,vel:61.24,dist:0,momo:0,stat:5

From tinyG: [15:05:33] posz:0.959,vel:134.77

From tinyG: [15:05:33] posz:0.000,vel:0.00,stat:3

Out > [15:05:33] EOF

Out > [15:05:33] !%~

From tinyG: [15:05:33] tinyg [mm] ok> 

Out > [15:06:31] g28.2a0

From tinyG: [15:06:31] tinyg [mm] ok> 

From tinyG: [15:06:32] posa:-5.665,feed:2000.00,vel:2000.00,coor:0,dist:1,momo:1,stat:9

Out > [15:06:32] $di1fn=0

Out > [15:06:35] g90 g0 a30

From tinyG: [15:06:35] posa:-10.019,vel:0.03

From tinyG: [15:06:35] posa:-4.345,vel:2000.00

From tinyG: [15:06:35] posa:1.280,vel:0.81

From tinyG: [15:06:35] vel:0.00

From tinyG: [15:06:35] posa:-4.366,vel:2000.00

From tinyG: [15:06:35] posa:-8.720,vel:0.03

From tinyG: [15:06:35] posa:-7.773,feed:300.00,vel:300.00

From tinyG: [15:06:35] posa:-6.768

From tinyG: [15:06:35] posa:-5.764

From tinyG: [15:06:35] posa:-4.766

From tinyG: [15:06:35] posa:-3.762

From tinyG: [15:06:35] posa:-2.764

From tinyG: [15:06:35] posa:-1.760

From tinyG: [15:06:35] posa:-0.762

From tinyG: [15:06:35] [di1fn] input function          0 [0=none,1=limit,2=interlock,3=shutdown]

From tinyG: [15:06:35] tinyg [mm] ok> 

From tinyG: [15:06:35] tinyg [mm] ok> 

From tinyG: [15:06:35] posa:0.000,vel:0.00,stat:5

From tinyG: [15:06:35] posa:21.432,feed:250.00,vel:9783.57,coor:1,dist:0,momo:0

Out > [15:06:35] g90 g0 a-20 z-9

From tinyG: [15:06:35] tinyg [mm] ok> 

From tinyG: [15:06:35] posz:-0.242,posa:28.657,vel:3073.27

From tinyG: [15:06:35] posz:-2.854,posa:14.142,vel:4515.87

From tinyG: [15:06:35] posz:-5.507,posa:-0.596

From tinyG: [15:06:36] posz:-8.200,posa:-15.557,vel:4514.81

From tinyG: [15:06:36] posz:-9.000,posa:-20.000,vel:0.00,stat:3

Out > [15:06:36] g90 g0 a30

Out > [15:06:36] g90 g0 z0

From tinyG: [15:06:36] tinyg [mm] ok> 

From tinyG: [15:06:36] tinyg [mm] ok> 

From tinyG: [15:06:36] posa:1.461,vel:10000.00,stat:5

From tinyG: [15:06:36] posa:29.613,vel:1627.20

From tinyG: [15:06:37] posz:-7.410,posa:30.000,vel:800.00

From tinyG: [15:06:37] posz:-4.734

From tinyG: [15:06:37] posz:-2.058

From tinyG: [15:06:37] posz:-0.002,vel:24.12

From tinyG: [15:06:37] posz:0.000,vel:0.00,stat:3

Out > [15:06:37] g90 g0 a-30

Out > [15:06:37] g90 g0 a20 z-9

From tinyG: [15:06:37] tinyg [mm] ok> 

From tinyG: [15:06:37] tinyg [mm] ok> 

From tinyG: [15:06:38] posa:8.501,vel:10000.00,stat:5

From tinyG: [15:06:38] posa:-24.307,vel:8278.45

From tinyG: [15:06:38] posz:-0.847,posa:-25.294,vel:4509.22

From tinyG: [15:06:38] posz:-3.504,posa:-10.531,vel:4515.87

From tinyG: [15:06:38] posz:-6.182,posa:4.345

From tinyG: [15:06:39] posz:-8.798,posa:18.877,vel:2888.22

From tinyG: [15:06:39] posz:-9.000,posa:20.000,vel:0.00,stat:3

Out > [15:06:39] g90 g0 a-30

Out > [15:06:39] g90 g0 z0

From tinyG: [15:06:39] tinyg [mm] ok> 

From tinyG: [15:06:39] tinyg [mm] ok> 

From tinyG: [15:06:39] posa:-1.461,vel:10000.00,stat:5

From tinyG: [15:06:39] posa:-29.613,vel:1627.20

From tinyG: [15:06:39] posz:-7.410,posa:-30.000,vel:800.00

From tinyG: [15:06:40] posz:-4.734

From tinyG: [15:06:40] posz:-2.058

From tinyG: [15:06:40] posz:-0.002,vel:19.52

From tinyG: [15:06:40] posz:0.000,vel:0.00,stat:3

Out > [15:06:40] $di1fn=2

Out > [15:06:40] g90 g0 a-15

Out > [15:06:40] g90 g0 a-10

From tinyG: [15:06:40] [di1fn] input function          2 [0=none,1=limit,2=interlock,3=shutdown]

From tinyG: [15:06:40] tinyg [mm] ok> 

From tinyG: [15:06:40] tinyg [mm] ok> 

From tinyG: [15:06:40] tinyg [mm] ok> 

From tinyG: [15:06:41] posa:-13.775,vel:5721.53,stat:5

From tinyG: [15:06:41] posa:-10.000,vel:0.00,stat:3

Out > [15:06:41] g90 g0 a-15

Out > [15:06:41] g91 g1 a30 f250

From tinyG: [15:06:41] tinyg [mm] ok> 

From tinyG: [15:06:41] tinyg [mm] ok> 

From tinyG: [15:06:41] posa:-14.863,vel:250.00,dist:1,momo:1,stat:5

From tinyG: [15:06:41] posa:-14.025

From tinyG: [15:06:41] posa:-13.188

From tinyG: [15:06:42] posa:-12.356

From tinyG: [15:06:42] posa:-11.519

From tinyG: [15:06:42] posa:-10.675

From tinyG: [15:06:42] posa:-9.838

From tinyG: [15:06:42] posa:-9.007

From tinyG: [15:06:43] posa:-8.169

From tinyG: [15:06:43] posa:-7.326

From tinyG: [15:06:43] posa:-6.488

From tinyG: [15:06:43] posa:-5.657

From tinyG: [15:06:43] posa:-4.820

From tinyG: [15:06:44] posa:-3.976

From tinyG: [15:06:44] posa:-3.139

From tinyG: [15:06:44] posa:-2.307

From tinyG: [15:06:44] posa:-1.470

From tinyG: [15:06:44] posa:-0.639

From tinyG: [15:06:45] posa:-0.042,vel:0.00,stat:6

From tinyG: [15:06:45] tinyg [mm] ok> 

From tinyG: [15:06:45] stat:3

From tinyG: [15:06:45] [di1fn] input function          0 [0=none,1=limit,2=interlock,3=shutdown]

From tinyG: [15:06:45] tinyg [mm] ok> 

From tinyG: [15:06:45] A position:         -0.042 deg

From tinyG: [15:06:45] tinyg [mm] ok> 

Out > [15:06:45] g90 g0 z-5

Out > [15:06:45] g90 g0 z1

From tinyG: [15:06:45] tinyg [mm] ok> 

From tinyG: [15:06:45] tinyg [mm] ok> 

From tinyG: [15:06:45] posz:-1.818,vel:800.00,dist:0,momo:0,stat:5

From tinyG: [15:06:45] posz:-4.483,vel:734.21

From tinyG: [15:06:45] posz:-4.234,vel:795.19

From tinyG: [15:06:46] posz:-1.578,vel:800.00

From tinyG: [15:06:46] posz:0.910,vel:322.08

From tinyG: [15:06:46] posz:1.000,vel:0.00,stat:3

Out > [15:06:46] g90 g0 z0

Out > [15:06:46] EOF

Out > [15:06:46] !%~

From tinyG: [15:06:46] tinyg [mm] ok> 

