[17:58:04] Starting Log file for session: 2020724-17584

From tinyG: [17:58:06] {r:{fv:0.98,fb:86.03,hp:3,hv:0,id:"0213-0215-0515",msg:"SYSTEM READY"},f:[1,0,1]}

From tinyG: [17:58:06] tinyg [mm] ok> 

From tinyG: [17:58:06] [ej]  enable json mode            0 [0=text,1=JSON]

From tinyG: [17:58:06] tinyg [mm] ok> 

Out > [17:58:08] G28.2 X0

From tinyG: [17:58:08] tinyg [mm] ok> 

From tinyG: [17:58:08] posx:2.381,feed:1000.00,vel:95.19,coor:0,dist:1,momo:1,stat:9

From tinyG: [17:58:08] posx:-1.587,vel:1000.00

From tinyG: [17:58:09] posx:-2.438,feed:100.00,vel:100.00

From tinyG: [17:58:09] posx:-2.021

From tinyG: [17:58:09] posx:-1.603

From tinyG: [17:58:09] posx:-1.186

From tinyG: [17:58:10] posx:-0.771

From tinyG: [17:58:10] posx:-0.351

From tinyG: [17:58:10] posx:0.066

From tinyG: [17:58:10] posx:0.483

From tinyG: [17:58:11] posx:0.901

From tinyG: [17:58:11] posx:1.316

From tinyG: [17:58:11] posx:1.735

From tinyG: [17:58:11] posx:1.625,feed:1000.00,vel:998.95

From tinyG: [17:58:12] posx:0.000,feed:0.00,vel:0.00,coor:1,dist:0,momo:4,stat:3

Out > [17:58:42] G28.2 X0

From tinyG: [17:58:42] tinyg [mm] ok> 

From tinyG: [17:58:42] posx:2.408,feed:1000.00,vel:42.04,coor:0,dist:1,momo:1,stat:9

From tinyG: [17:58:42] posx:-1.512,vel:1000.00

From tinyG: [17:58:43] posx:-2.418,feed:100.00,vel:100.00

From tinyG: [17:58:43] posx:-2.001

From tinyG: [17:58:43] posx:-1.583

From tinyG: [17:58:43] posx:-1.166

From tinyG: [17:58:44] posx:-0.751

From tinyG: [17:58:44] posx:-0.331

From tinyG: [17:58:44] posx:0.086

From tinyG: [17:58:44] posx:0.503

From tinyG: [17:58:45] posx:0.921

From tinyG: [17:58:45] posx:1.336

From tinyG: [17:58:45] posx:1.755

From tinyG: [17:58:45] posx:1.645,feed:1000.00,vel:998.95

From tinyG: [17:58:46] posx:0.000,feed:0.00,vel:0.00,coor:1,dist:0,momo:4,stat:3

