[19:27:00] Starting Log file for session: 2020724-19270

From tinyG: [19:27:01] {r:{fv:0.98,fb:86.03,hp:3,hv:0,id:"0213-0215-0515",msg:"SYSTEM READY"},f:[1,0,1]}

From tinyG: [19:27:01] tinyg [mm] ok> 

From tinyG: [19:27:01] [ej]  enable json mode            0 [0=text,1=JSON]

From tinyG: [19:27:01] tinyg [mm] ok> 

Out > [19:27:03] G90 G0 Z-12

Out > [19:27:03] G28.2 A0

From tinyG: [19:27:03] tinyg [mm] ok> 

From tinyG: [19:27:03] tinyg [mm] ok> 

From tinyG: [19:27:03] line:0,posx:0.000,posy:0.000,posz:-12.000,posa:31.383,feed:5000.00,vel:5000.00,unit:1,coor:0,dist:1,admo:1,frmo:1,momo:1,stat:9

Out > [19:27:03] G91 G0 A30

From tinyG: [19:27:03] posa:52.257,feed:5000.00,vel:5000.00,momo:1,stat:9

From tinyG: [19:27:03] posa:73.007

From tinyG: [19:27:04] posa:94.007

From tinyG: [19:27:04] posa:114.882

From tinyG: [19:27:04] posa:135.757

From tinyG: [19:27:04] posa:156.632

From tinyG: [19:27:05] posa:177.507

From tinyG: [19:27:05] posa:198.382

From tinyG: [19:27:05] posa:219.257

From tinyG: [19:27:05] posa:240.132

From tinyG: [19:27:06] posa:261.007

From tinyG: [19:27:06] posa:281.882

From tinyG: [19:27:06] posa:302.632

From tinyG: [19:27:06] posa:323.632

From tinyG: [19:27:07] posa:344.507

From tinyG: [19:27:07] posa:364.280,vel:1754.85

From tinyG: [19:27:07] posa:355.928,vel:5000.00

From tinyG: [19:27:07] posa:344.645,feed:500.00,vel:186.87

From tinyG: [19:27:08] posa:346.699,vel:500.00

From tinyG: [19:27:08] posa:348.783

From tinyG: [19:27:08] posa:350.868

From tinyG: [19:27:08] posa:352.952

From tinyG: [19:27:09] posa:355.037

From tinyG: [19:27:09] posa:357.121

From tinyG: [19:27:09] posa:359.205

From tinyG: [19:27:09] tinyg [mm] ok> 

From tinyG: [19:27:09] posa:3.850,feed:250.00,vel:7739.62,momo:0,stat:5

From tinyG: [19:27:10] posa:30.000,vel:0.00,stat:3

Out > [19:27:10] $di1fn=2

Out > [19:27:10] G91 G0 A1

Out > [19:27:10] G91 G1 A-30 F250

From tinyG: [19:27:10] [di1fn] input function          2 [0=none,1=limit,2=interlock,3=shutdown]

From tinyG: [19:27:10] tinyg [mm] ok> 

From tinyG: [19:27:10] tinyg [mm] ok> 

From tinyG: [19:27:10] tinyg [mm] ok> 

From tinyG: [19:27:10] posa:30.415,vel:250.00,momo:1,stat:5

From tinyG: [19:27:10] posa:29.371

From tinyG: [19:27:10] posa:28.334

From tinyG: [19:27:11] posa:27.284

From tinyG: [19:27:11] posa:26.240

From tinyG: [19:27:11] posa:25.196

From tinyG: [19:27:11] posa:24.152

From tinyG: [19:27:12] posa:23.108

From tinyG: [19:27:12] posa:22.064

From tinyG: [19:27:12] posa:21.021

From tinyG: [19:27:12] posa:19.977

From tinyG: [19:27:13] posa:19.092,vel:0.00,stat:6

From tinyG: [19:27:13] tinyg [mm] ok> 

From tinyG: [19:27:13] stat:3

From tinyG: [19:27:13] [di1fn] input function          0 [0=none,1=limit,2=interlock,3=shutdown]

From tinyG: [19:27:13] tinyg [mm] ok> 

Out > [19:27:13] $posa

From tinyG: [19:27:13] A position:         19.092 deg

From tinyG: [19:27:13] tinyg [mm] ok> 

Out > [19:27:13] G91 G0 A0

Out > [19:27:13] G90 G0 A9.546
From tinyG: [19:27:13] tinyg [mm] ok> 

From tinyG: [19:27:13] line:0,posx:0.000,posy:0.000,posz:-12.000,posa:19.092,feed:250.00,vel:0.00,unit:1,coor:0,dist:1,admo:1,frmo:1,momo:0,stat:3

From tinyG: [19:27:30] momo:0,stat:3

