[16:40:13] Starting Log file for session: 20201029-164013

From tinyG: [16:40:15] {"r":{"fv":0.98,"fb":86.03,"hp":3,"hv":0,"id":"0213-0215-0515","msg":"SYSTEM READY"},"f":[1,0,1]}

From tinyG: [16:40:15] tinyg [mm] ok> 

From tinyG: [16:40:15] [ej]  enable json mode            0 [0=text,1=JSON]

From tinyG: [16:40:15] tinyg [mm] ok> 

Out > [16:40:20] g28.2a0

Out > [16:40:20] $di1fn=0

Out > [16:40:23] g90 g0 a30

From tinyG: [16:40:23] tinyg [mm] ok> 

From tinyG: [16:40:23] posa:-5.659,feed:2000.00,vel:2000.00,coor:0,dist:1,momo:1,stat:9

From tinyG: [16:40:23] posa:-10.013,vel:0.03

From tinyG: [16:40:23] posa:-4.339,vel:2000.00

From tinyG: [16:40:23] posa:1.286,vel:0.81

From tinyG: [16:40:23] vel:0.00

From tinyG: [16:40:23] posa:-4.360,vel:2000.00

From tinyG: [16:40:23] posa:-8.714,vel:0.03

From tinyG: [16:40:23] posa:-7.767,feed:300.00,vel:300.00

From tinyG: [16:40:23] posa:-6.762

From tinyG: [16:40:23] posa:-5.757

From tinyG: [16:40:23] posa:-4.760

From tinyG: [16:40:23] posa:-3.755

From tinyG: [16:40:23] posa:-2.758

From tinyG: [16:40:23] posa:-1.753

From tinyG: [16:40:23] posa:-0.756

From tinyG: [16:40:23] [di1fn] input function          0 [0=none,1=limit,2=interlock,3=shutdown]

From tinyG: [16:40:23] tinyg [mm] ok> 

From tinyG: [16:40:23] tinyg [mm] ok> 

From tinyG: [16:40:23] posa:0.000,vel:0.00,stat:5

Out > [16:40:23] g90 g0 a-20 z-9

From tinyG: [16:40:23] tinyg [mm] ok> 

From tinyG: [16:40:23] posa:21.384,feed:250.00,vel:9671.33,coor:1,dist:0,momo:0

Out > [16:40:23] g90 g0 a30

From tinyG: [16:40:23] tinyg [mm] ok> 

From tinyG: [16:40:23] posz:-0.593,posa:26.704,vel:4221.90

From tinyG: [16:40:23] posz:-3.245,posa:11.974,vel:4515.87

From tinyG: [16:40:24] posz:-5.922,posa:-2.902

From tinyG: [16:40:24] posz:-8.567,posa:-17.594,vel:4048.41

From tinyG: [16:40:24] posz:-9.000,posa:-14.207,vel:8705.25

From tinyG: [16:40:24] posa:18.977,vel:9995.55

From tinyG: [16:40:24] posa:30.000,vel:0.00,stat:3

Out > [16:40:24] g90 g0 z0

Out > [16:40:24] g90 g0 a-30

From tinyG: [16:40:24] tinyg [mm] ok> 

From tinyG: [16:40:24] tinyg [mm] ok> 

From tinyG: [16:40:25] posz:-7.162,vel:800.00,stat:5

From tinyG: [16:40:25] posz:-4.506

From tinyG: [16:40:25] posz:-1.809

From tinyG: [16:40:25] posz:0.000,posa:29.897,vel:465.80

From tinyG: [16:40:25] posa:4.672,vel:10000.00

From tinyG: [16:40:26] posa:-27.370,vel:6148.01

From tinyG: [16:40:26] posa:-30.000,vel:0.00,stat:3

Out > [16:40:26] g90 g0 a20 z-9

Out > [16:40:26] g90 g0 a-30

From tinyG: [16:40:26] tinyg [mm] ok> 

From tinyG: [16:40:26] tinyg [mm] ok> 

From tinyG: [16:40:26] posz:-1.819,posa:-19.896,vel:4515.87,stat:5

From tinyG: [16:40:26] posz:-4.496,posa:-5.020

From tinyG: [16:40:27] posz:-7.154,posa:9.745

From tinyG: [16:40:27] posz:-9.000,posa:19.658,vel:1190.04

From tinyG: [16:40:27] posa:-6.261,vel:10000.00

From tinyG: [16:40:27] posa:-29.994,vel:107.13

From tinyG: [16:40:27] posa:-30.000,vel:0.00,stat:3

Out > [16:40:27] g90 g0 z0

Out > [16:40:27] $di1fn=2

Out > [16:40:27] g90 g0 a-15

From tinyG: [16:40:27] tinyg [mm] ok> 

From tinyG: [16:40:27] {"er":{"fb":86.03,"st":9,"msg":"File not open - write_persistent"}}

From tinyG: [16:40:27] [di1fn] input function          2 [0=none,1=limit,2=interlock,3=shutdown]

From tinyG: [16:40:27] tinyg [mm] ok> 

From tinyG: [16:40:27] tinyg [mm] ok> 

From tinyG: [16:40:28] posz:-7.182,vel:800.00,stat:5

From tinyG: [16:40:28] posz:-4.506

From tinyG: [16:40:28] posz:-1.809

From tinyG: [16:40:28] posz:0.000,posa:-29.892,vel:503.18

From tinyG: [16:40:28] posa:-15.032,vel:349.30

From tinyG: [16:40:29] posa:-15.000,vel:0.00,stat:3

Out > [16:40:29] g90 g0 a-10

Out > [16:40:29] g90 g0 a-15

From tinyG: [16:40:29] tinyg [mm] ok> 

From tinyG: [16:40:29] tinyg [mm] ok> 

From tinyG: [16:40:29] posa:-11.115,vel:2609.07,stat:5

From tinyG: [16:40:29] posa:-15.000,vel:0.00,stat:3

Out > [16:40:29] g91 g1 a30 f250

Out > [16:40:29] g90 g0 z-5

From tinyG: [16:40:29] tinyg [mm] ok> 

From tinyG: [16:40:29] tinyg [mm] ok> 

From tinyG: [16:40:29] posa:-14.209,vel:250.00,dist:1,momo:1,stat:5

From tinyG: [16:40:30] posa:-13.365

From tinyG: [16:40:30] posa:-12.528

From tinyG: [16:40:30] posa:-11.697

From tinyG: [16:40:30] posa:-10.859

From tinyG: [16:40:30] posa:-10.015

From tinyG: [16:40:31] posa:-9.178

From tinyG: [16:40:31] posa:-8.347

From tinyG: [16:40:31] posa:-7.509

From tinyG: [16:40:31] posa:-6.666

From tinyG: [16:40:31] posa:-5.829

From tinyG: [16:40:32] posa:-4.997

From tinyG: [16:40:32] posa:-4.160

From tinyG: [16:40:32] posa:-3.329

From tinyG: [16:40:32] posa:-2.492

From tinyG: [16:40:32] posa:-1.660

From tinyG: [16:40:33] posa:-0.823

From tinyG: [16:40:33] posa:-0.020,vel:18.33,stat:6

From tinyG: [16:40:33] tinyg [mm] ok> 

From tinyG: [16:40:33] [di1fn] input function          0 [0=none,1=limit,2=interlock,3=shutdown]

From tinyG: [16:40:33] tinyg [mm] ok> 

Out > [16:40:33] g90 g0 z0

Out > [16:40:33] $posa

Out > [16:40:33] g28.2a0

From tinyG: [16:40:33] tinyg [mm] ok> 

From tinyG: [16:40:33] A position:         -0.019 deg

From tinyG: [16:40:33] tinyg [mm] ok> 

From tinyG: [16:40:33] tinyg [mm] ok> 

From tinyG: [16:40:33] vel:0.00,stat:9

From tinyG: [16:40:33] posa:-5.665,feed:2000.00,vel:2000.00,coor:0

Out > [16:40:33] $di1fn=0

Out > [16:40:36] g90 g0 a30

From tinyG: [16:40:36] posa:-10.019,vel:0.03

From tinyG: [16:40:36] posa:-4.345,vel:2000.00

From tinyG: [16:40:36] posa:1.230,vel:0.03

From tinyG: [16:40:36] vel:0.00

From tinyG: [16:40:36] posa:-4.416,vel:2000.00

From tinyG: [16:40:36] posa:-8.770,vel:0.03

From tinyG: [16:40:36] posa:-7.823,feed:300.00,vel:300.00

From tinyG: [16:40:36] posa:-6.818

From tinyG: [16:40:36] posa:-5.814

From tinyG: [16:40:36] posa:-4.816

From tinyG: [16:40:36] posa:-3.812

From tinyG: [16:40:36] posa:-2.814

From tinyG: [16:40:36] posa:-1.810

From tinyG: [16:40:36] posa:-0.812

From tinyG: [16:40:36] [di1fn] input function          0 [0=none,1=limit,2=interlock,3=shutdown]

From tinyG: [16:40:36] tinyg [mm] ok> 

From tinyG: [16:40:36] tinyg [mm] ok> 

From tinyG: [16:40:36] posa:0.000,vel:0.00,stat:5

From tinyG: [16:40:36] posa:21.432,feed:250.00,vel:9783.57,coor:1,dist:0,momo:0

Out > [16:40:36] g90 g0 a-20 z-9

From tinyG: [16:40:36] tinyg [mm] ok> 

From tinyG: [16:40:37] posz:-0.242,posa:28.657,vel:3073.27

From tinyG: [16:40:37] posz:-2.834,posa:14.142,vel:4515.87

From tinyG: [16:40:37] posz:-5.507,posa:-0.596

From tinyG: [16:40:37] posz:-8.160,posa:-15.335,vel:4515.86

From tinyG: [16:40:37] posz:-9.000,posa:-20.000,vel:0.00,stat:3

Out > [16:40:37] g90 g0 a30

Out > [16:40:37] g90 g0 z0

From tinyG: [16:40:37] tinyg [mm] ok> 

From tinyG: [16:40:37] tinyg [mm] ok> 

From tinyG: [16:40:38] posa:1.461,vel:10000.00,stat:5

From tinyG: [16:40:38] posa:29.613,vel:1627.20

From tinyG: [16:40:38] posz:-7.410,posa:30.000,vel:800.00

From tinyG: [16:40:38] posz:-4.734

From tinyG: [16:40:38] posz:-2.058

From tinyG: [16:40:39] posz:-0.002,vel:24.12

From tinyG: [16:40:39] posz:0.000,vel:0.00,stat:3

Out > [16:40:39] g90 g0 a-30

Out > [16:40:39] g90 g0 a20 z-9

From tinyG: [16:40:39] tinyg [mm] ok> 

From tinyG: [16:40:39] tinyg [mm] ok> 

From tinyG: [16:40:39] posa:8.501,vel:10000.00,stat:5

From tinyG: [16:40:39] posa:-24.307,vel:8415.06

From tinyG: [16:40:40] posz:-0.847,posa:-25.294,vel:4509.22

From tinyG: [16:40:40] posz:-3.504,posa:-10.531,vel:4515.87

From tinyG: [16:40:40] posz:-6.182,posa:4.345

From tinyG: [16:40:40] posz:-8.772,posa:18.733,vel:3073.27

From tinyG: [16:40:40] posz:-9.000,posa:20.000,vel:0.00,stat:3

Out > [16:40:40] g90 g0 a-30

Out > [16:40:40] g90 g0 z0

From tinyG: [16:40:40] tinyg [mm] ok> 

From tinyG: [16:40:40] tinyg [mm] ok> 

From tinyG: [16:40:41] posa:-1.461,vel:10000.00,stat:5

From tinyG: [16:40:41] posa:-29.573,vel:1757.91

From tinyG: [16:40:41] posz:-7.450,posa:-30.000,vel:800.00

From tinyG: [16:40:41] posz:-4.774

From tinyG: [16:40:41] posz:-2.098

From tinyG: [16:40:42] posz:-0.003,vel:29.30

From tinyG: [16:40:42] posz:0.000,vel:0.00,stat:3

Out > [16:40:42] $di1fn=2

Out > [16:40:42] g90 g0 a-15

Out > [16:40:42] g90 g0 a-10

From tinyG: [16:40:42] [di1fn] input function          2 [0=none,1=limit,2=interlock,3=shutdown]

From tinyG: [16:40:42] tinyg [mm] ok> 

From tinyG: [16:40:42] tinyg [mm] ok> 

From tinyG: [16:40:42] tinyg [mm] ok> 

From tinyG: [16:40:42] posa:-13.775,vel:5721.53,stat:5

From tinyG: [16:40:42] posa:-10.000,vel:0.00,stat:3

Out > [16:40:42] g90 g0 a-15

Out > [16:40:42] g91 g1 a30 f250

From tinyG: [16:40:42] tinyg [mm] ok> 

From tinyG: [16:40:42] tinyg [mm] ok> 

From tinyG: [16:40:43] posa:-14.863,vel:250.00,dist:1,momo:1,stat:5

From tinyG: [16:40:43] posa:-14.025

From tinyG: [16:40:43] posa:-13.188

From tinyG: [16:40:43] posa:-12.356

From tinyG: [16:40:43] posa:-11.519

From tinyG: [16:40:44] posa:-10.675

From tinyG: [16:40:44] posa:-9.838

From tinyG: [16:40:44] posa:-9.007

From tinyG: [16:40:44] posa:-8.169

From tinyG: [16:40:44] posa:-7.326

From tinyG: [16:40:45] posa:-6.488

From tinyG: [16:40:45] posa:-5.657

From tinyG: [16:40:45] posa:-4.820

From tinyG: [16:40:45] posa:-3.989

From tinyG: [16:40:45] posa:-3.151

From tinyG: [16:40:46] posa:-2.307

From tinyG: [16:40:46] posa:-1.470

From tinyG: [16:40:46] posa:-0.639

From tinyG: [16:40:46] posa:-0.035,vel:0.00,stat:6

From tinyG: [16:40:46] tinyg [mm] ok> 

From tinyG: [16:40:46] stat:3

From tinyG: [16:40:46] [di1fn] input function          0 [0=none,1=limit,2=interlock,3=shutdown]

From tinyG: [16:40:46] tinyg [mm] ok> 

Out > [16:40:46] g90 g0 z-5

Out > [16:40:46] g90 g0 z0

From tinyG: [16:40:46] tinyg [mm] ok> 

From tinyG: [16:40:46] tinyg [mm] ok> 

From tinyG: [16:40:47] posz:-1.818,vel:800.00,dist:0,momo:0,stat:5

From tinyG: [16:40:47] posz:-4.483,vel:734.21

From tinyG: [16:40:47] posz:-4.234,vel:795.19

From tinyG: [16:40:47] posz:-1.579,vel:800.00

From tinyG: [16:40:47] posz:0.000,vel:0.00,stat:3

Out > [16:40:47] 

Out > [16:40:47] $posa

From tinyG: [16:40:47] A position:         -0.035 deg

From tinyG: [16:40:47] tinyg [mm] ok> 

