[15:15:52] Starting Log file for session: 20201029-151552

From tinyG: [15:15:53] {"r":{"fv":0.98,"fb":86.03,"hp":3,"hv":0,"id":"0213-0215-0515","msg":"SYSTEM READY"},"f":[1,0,1]}

From tinyG: [15:15:53] tinyg [mm] ok> 

From tinyG: [15:15:53] [ej]  enable json mode            0 [0=text,1=JSON]

From tinyG: [15:15:53] tinyg [mm] ok> 

From tinyG: [15:15:58] {"r":{"js":1},"f":[1,0,9]}

From tinyG: [15:15:58] {"r":{"gpa":1},"f":[1,0,10]}

From tinyG: [15:15:58] {"r":{"gun":1},"f":[1,0,10]}

From tinyG: [15:15:58] {"r":{"ja":0.20},"f":[1,0,11]}

From tinyG: [15:15:58] {"r":{"si":200},"f":[1,0,11]}

From tinyG: [15:15:58] {"r":{"jv":5},"f":[1,0,9]}

From tinyG: [15:15:58] {"r":{"mt":1},"f":[1,0,9]}

From tinyG: [15:15:58] {"r":{"sl":1},"f":[1,0,9]}

From tinyG: [15:15:58] {"r":{"1ma":1},"f":[1,0,10]}

From tinyG: [15:15:58] {"r":{"1po":0},"f":[1,0,10]}

From tinyG: [15:15:58] {"r":{"1pl":0.000},"f":[1,0,10]}

From tinyG: [15:15:58] {"r":{"1pm":0},"f":[1,0,10]}

From tinyG: [15:15:58] {"r":{"1sa":0.000},"f":[1,0,10]}

From tinyG: [15:15:58] {"r":{"1mi":0,"msg":"*** WARNING *** Setting non-standard microstep value"},"f":[1,0,10]}

From tinyG: [15:15:58] {"r":{"2ma":2},"f":[1,0,10]}

From tinyG: [15:15:58] {"r":{"2po":0},"f":[1,0,10]}

From tinyG: [15:15:58] {"r":{"2tr":1.2500},"f":[1,0,13]}

From tinyG: [15:15:58] {"r":{"2pl":1.000},"f":[1,0,10]}

From tinyG: [15:15:58] {"r":{"2pm":2},"f":[1,0,10]}

From tinyG: [15:15:58] {"r":{"2sa":1.800},"f":[1,0,12]}

From tinyG: [15:15:58] {"r":{"2mi":8},"f":[1,0,10]}

From tinyG: [15:15:58] {"r":{"3ma":0},"f":[1,0,10]}

From tinyG: [15:15:58] {"r":{"3po":1},"f":[1,0,10]}

From tinyG: [15:15:58] {"r":{"3tr":15.9593},"f":[1,0,26]}

From tinyG: [15:15:58] {"r":{"3pl":0.000},"f":[1,0,10]}

From tinyG: [15:15:58] {"r":{"3pm":2},"f":[1,0,10]}

From tinyG: [15:15:58] {"r":{"3sa":1.800},"f":[1,0,12]}

From tinyG: [15:15:58] {"r":{"3mi":10,"msg":"*** WARNING *** Setting non-standard microstep value"},"f":[1,0,11]}

From tinyG: [15:15:58] {"r":{"4ma":3},"f":[1,0,10]}

From tinyG: [15:15:58] {"r":{"4po":1},"f":[1,0,10]}

From tinyG: [15:15:58] {"r":{"4tr":9.2000},"f":[1,0,12]}

From tinyG: [15:15:58] {"r":{"4pl":0.000},"f":[1,0,10]}

From tinyG: [15:15:58] {"r":{"4pm":2},"f":[1,0,10]}

From tinyG: [15:15:58] {"r":{"4sa":1.800},"f":[1,0,12]}

From tinyG: [15:15:58] {"r":{"4mi":10,"msg":"*** WARNING *** Setting non-standard microstep value"},"f":[1,0,11]}

From tinyG: [15:15:58] {"r":{"xam":1},"f":[1,0,10]}

From tinyG: [15:15:58] {"r":{"xvm":10000},"f":[1,0,14]}

From tinyG: [15:15:58] {"r":{"xfr":10000},"f":[1,0,14]}

From tinyG: [15:15:58] {"r":{"xjm":20000},"f":[1,0,14]}

From tinyG: [15:15:58] {"r":{"xhi":0},"f":[1,0,10]}

From tinyG: [15:15:58] {"r":{"xtm":120000.000},"f":[1,0,15]}

From tinyG: [15:15:58] {"r":{"xtn":-120000.000},"f":[1,0,16]}

From tinyG: [15:15:58] {"r":{"yam":0},"f":[1,0,10]}

From tinyG: [15:15:58] {"r":{"yhi":0},"f":[1,0,10]}

From tinyG: [15:15:58] {"r":{"zam":1},"f":[1,0,10]}

From tinyG: [15:15:58] {"r":{"zvm":800},"f":[1,0,12]}

From tinyG: [15:15:58] {"r":{"zfr":800},"f":[1,0,12]}

From tinyG: [15:15:58] {"r":{"zjm":1000},"f":[1,0,13]}

From tinyG: [15:15:58] {"r":{"zhi":2},"f":[1,0,10]}

From tinyG: [15:15:58] {"r":{"zhd":0},"f":[1,0,10]}

From tinyG: [15:15:58] {"r":{"zsv":500},"f":[1,0,12]}

From tinyG: [15:15:58] {"r":{"zlv":50.00},"f":[1,0,11]}

From tinyG: [15:15:58] {"r":{"zlb":1.000},"f":[1,0,10]}

From tinyG: [15:15:58] {"r":{"ztm":5.000},"f":[1,0,10]}

From tinyG: [15:15:58] {"r":{"ztn":-19.000},"f":[1,0,12]}

From tinyG: [15:15:58] {"r":{"zzb":12.090},"f":[1,0,14]}

From tinyG: [15:15:58] {"r":{"aam":1},"f":[1,0,10]}

From tinyG: [15:15:58] {"r":{"avm":10000},"f":[1,0,14]}

From tinyG: [15:15:58] {"r":{"afr":10000},"f":[1,0,14]}

From tinyG: [15:15:58] {"r":{"ajm":10000},"f":[1,0,14]}

From tinyG: [15:15:58] {"r":{"ahi":1},"f":[1,0,10]}

From tinyG: [15:15:58] {"r":{"ahd":1},"f":[1,0,10]}

From tinyG: [15:15:58] {"r":{"asv":2000},"f":[1,0,13]}

From tinyG: [15:15:58] {"r":{"alv":300.00},"f":[1,0,12]}

From tinyG: [15:15:58] {"r":{"alb":10.000},"f":[1,0,11]}

From tinyG: [15:15:58] {"r":{"ajh":10000},"f":[1,0,14]}

From tinyG: [15:15:58] {"r":{"ajh":10000},"f":[1,0,14]}

From tinyG: [15:15:58] {"r":{"atm":3600.000},"f":[1,0,13]}

From tinyG: [15:15:58] {"r":{"atn":-3600.000},"f":[1,0,14]}

From tinyG: [15:15:58] {"r":{"azb":0.000},"f":[1,0,10]}

From tinyG: [15:15:58] {"r":{"bhi":0},"f":[1,0,10]}

From tinyG: [15:15:58] {"r":{"chi":0},"f":[1,0,10]}

From tinyG: [15:15:58] {"r":{"di8mo":-1},"f":[1,0,13]}

From tinyG: [15:15:58] {"r":{"di1mo":1},"f":[1,0,12]}

From tinyG: [15:15:58] {"r":{"di1ac":0},"f":[1,0,12]}

From tinyG: [15:15:58] {"r":{"di1fn":0},"f":[1,0,12]}

From tinyG: [15:15:58] {"r":{"di2mo":0},"f":[1,0,12]}

From tinyG: [15:15:58] {"r":{"di2ac":0},"f":[1,0,12]}

From tinyG: [15:15:58] {"r":{"di2fn":0},"f":[1,0,12]}

From tinyG: [15:15:58] [ej]  enable json mode            0 [0=text,1=JSON]

From tinyG: [15:15:58] tinyg [mm] ok> 

From tinyG: [15:15:58] stat:3

Out > [15:16:01] g28.2a0

Out > [15:16:01] $di1fn=0

Out > [15:16:05] g90 g0 a30

From tinyG: [15:16:05] tinyg [mm] ok> 

From tinyG: [15:16:05] posa:9.354,feed:2000.00,vel:2000.00,coor:0,stat:9

From tinyG: [15:16:05] posa:5.000,vel:0.03

From tinyG: [15:16:05] posa:10.675,vel:2000.00

From tinyG: [15:16:05] posa:16.249,vel:0.03

From tinyG: [15:16:05] vel:0.00

From tinyG: [15:16:05] posa:10.603,vel:2000.00

From tinyG: [15:16:05] posa:6.249,vel:0.03

From tinyG: [15:16:05] posa:7.196,feed:300.00,vel:300.00

From tinyG: [15:16:05] posa:8.201

From tinyG: [15:16:05] posa:9.206

From tinyG: [15:16:05] posa:10.203

From tinyG: [15:16:05] posa:11.208

From tinyG: [15:16:05] posa:12.205

From tinyG: [15:16:05] posa:13.210

From tinyG: [15:16:05] posa:14.207

From tinyG: [15:16:05] [di1fn] input function          0 [0=none,1=limit,2=interlock,3=shutdown]

From tinyG: [15:16:05] tinyg [mm] ok> 

From tinyG: [15:16:05] tinyg [mm] ok> 

From tinyG: [15:16:05] posa:0.000,vel:0.00,stat:5

Out > [15:16:05] g90 g0 a-20 z-9

From tinyG: [15:16:05] tinyg [mm] ok> 

From tinyG: [15:16:05] posa:21.384,feed:250.00,vel:9671.33,coor:1,dist:0,momo:0

Out > [15:16:05] g90 g0 a30

From tinyG: [15:16:05] tinyg [mm] ok> 

From tinyG: [15:16:05] posz:-0.593,posa:26.704,vel:4221.90

From tinyG: [15:16:05] posz:-3.245,posa:11.974,vel:4515.87

From tinyG: [15:16:05] posz:-5.922,posa:-2.902

From tinyG: [15:16:06] posz:-8.567,posa:-17.594,vel:4048.41

From tinyG: [15:16:06] posz:-9.000,posa:-14.207,vel:8705.25

From tinyG: [15:16:06] posa:18.977,vel:9995.55

From tinyG: [15:16:06] posa:30.000,vel:0.00,stat:3

Out > [15:16:06] g90 g0 z0

Out > [15:16:06] g90 g0 a-30

From tinyG: [15:16:06] tinyg [mm] ok> 

From tinyG: [15:16:06] tinyg [mm] ok> 

From tinyG: [15:16:06] posz:-7.182,vel:800.00,stat:5

From tinyG: [15:16:07] posz:-4.506

From tinyG: [15:16:07] posz:-1.829

From tinyG: [15:16:07] posz:0.000,posa:29.909,vel:418.28

From tinyG: [15:16:07] posa:4.921,vel:10000.00

From tinyG: [15:16:07] posa:-27.370,vel:6148.01

From tinyG: [15:16:08] posa:-30.000,vel:0.00,stat:3

Out > [15:16:08] g90 g0 a20 z-9

Out > [15:16:08] g90 g0 a-30

From tinyG: [15:16:08] tinyg [mm] ok> 

From tinyG: [15:16:08] tinyg [mm] ok> 

From tinyG: [15:16:08] posz:-1.819,posa:-19.896,vel:4515.87,stat:5

From tinyG: [15:16:08] posz:-4.496,posa:-5.020

From tinyG: [15:16:08] posz:-7.154,posa:9.745

From tinyG: [15:16:09] posz:-9.000,posa:19.658,vel:1190.04

From tinyG: [15:16:09] posa:-6.261,vel:10000.00

From tinyG: [15:16:09] posa:-29.994,vel:107.13

From tinyG: [15:16:09] posa:-30.000,vel:0.00,stat:3

Out > [15:16:09] g90 g0 z0

Out > [15:16:09] $di1fn=2

Out > [15:16:09] g90 g0 a-15

From tinyG: [15:16:09] tinyg [mm] ok> 

From tinyG: [15:16:09] {"er":{"fb":86.03,"st":9,"msg":"File not open - write_persistent"}}

From tinyG: [15:16:09] [di1fn] input function          2 [0=none,1=limit,2=interlock,3=shutdown]

From tinyG: [15:16:09] tinyg [mm] ok> 

From tinyG: [15:16:09] tinyg [mm] ok> 

From tinyG: [15:16:09] posz:-7.182,vel:800.00,stat:5

From tinyG: [15:16:10] posz:-4.506

From tinyG: [15:16:10] posz:-1.849

From tinyG: [15:16:10] posz:0.000,posa:-29.905,vel:449.88

From tinyG: [15:16:10] posa:-15.041,vel:412.67

From tinyG: [15:16:10] posa:-15.000,vel:0.00,stat:3

Out > [15:16:10] g90 g0 a-10

Out > [15:16:10] g90 g0 a-15

From tinyG: [15:16:10] tinyg [mm] ok> 

From tinyG: [15:16:10] tinyg [mm] ok> 

From tinyG: [15:16:11] posa:-11.115,vel:2609.07,stat:5

From tinyG: [15:16:11] posa:-15.000,vel:0.00,stat:3

Out > [15:16:11] g91 g1 a30 f250

Out > [15:16:11] g90 g0 z-5

From tinyG: [15:16:11] tinyg [mm] ok> 

From tinyG: [15:16:11] tinyg [mm] ok> 

From tinyG: [15:16:11] posa:-14.209,vel:250.00,dist:1,momo:1,stat:5

From tinyG: [15:16:11] posa:-13.365

From tinyG: [15:16:12] posa:-12.528

From tinyG: [15:16:12] posa:-11.697

From tinyG: [15:16:12] posa:-10.859

From tinyG: [15:16:12] posa:-10.015

From tinyG: [15:16:12] posa:-9.178

From tinyG: [15:16:13] posa:-8.347

From tinyG: [15:16:13] posa:-7.509

From tinyG: [15:16:13] posa:-6.678

From tinyG: [15:16:13] posa:-5.841

From tinyG: [15:16:13] posa:-4.997

From tinyG: [15:16:14] posa:-4.160

From tinyG: [15:16:14] posa:-3.329

From tinyG: [15:16:14] posa:-2.492

From tinyG: [15:16:14] posa:-1.660

From tinyG: [15:16:14] posa:-0.823

From tinyG: [15:16:15] posa:-0.026,vel:7.44,stat:6

From tinyG: [15:16:15] tinyg [mm] ok> 

From tinyG: [15:16:15] [di1fn] input function          0 [0=none,1=limit,2=interlock,3=shutdown]

From tinyG: [15:16:15] tinyg [mm] ok> 

Out > [15:16:15] g90 g0 z0

Out > [15:16:15] $posa

From tinyG: [15:16:15] tinyg [mm] ok> 

From tinyG: [15:16:15] A position:         -0.026 deg

From tinyG: [15:16:15] tinyg [mm] ok> 

Out > [15:16:15] g28.2a0

From tinyG: [15:16:15] tinyg [mm] ok> 

From tinyG: [15:16:15] vel:0.00,coor:0,momo:0,stat:9

Out > [15:16:15] $di1fn=0

Out > [15:16:18] g90 g0 a30

From tinyG: [15:16:18] posa:-5.672,feed:2000.00,vel:2000.00,momo:1

From tinyG: [15:16:18] posa:-10.026,vel:0.03

From tinyG: [15:16:18] posa:-4.351,vel:2000.00

From tinyG: [15:16:18] posa:1.223,vel:0.03

From tinyG: [15:16:18] vel:0.00

From tinyG: [15:16:18] posa:-4.423,vel:2000.00

From tinyG: [15:16:18] posa:-8.777,vel:0.03

From tinyG: [15:16:18] posa:-7.829,feed:300.00,vel:300.00

From tinyG: [15:16:18] posa:-6.825

From tinyG: [15:16:18] posa:-5.820

From tinyG: [15:16:18] posa:-4.823

From tinyG: [15:16:18] posa:-3.818

From tinyG: [15:16:18] posa:-2.821

From tinyG: [15:16:18] posa:-1.816

From tinyG: [15:16:18] posa:-0.819

From tinyG: [15:16:18] [di1fn] input function          0 [0=none,1=limit,2=interlock,3=shutdown]

From tinyG: [15:16:18] tinyg [mm] ok> 

From tinyG: [15:16:18] tinyg [mm] ok> 

From tinyG: [15:16:18] posa:0.000,vel:0.00,stat:5

From tinyG: [15:16:18] posa:21.432,feed:250.00,vel:9783.57,coor:1,dist:0,momo:0

Out > [15:16:18] g90 g0 a-20 z-9

From tinyG: [15:16:18] tinyg [mm] ok> 

From tinyG: [15:16:18] posz:-0.242,posa:28.657,vel:3073.27

From tinyG: [15:16:19] posz:-2.834,posa:14.253,vel:4515.87

From tinyG: [15:16:19] posz:-5.507,posa:-0.596

From tinyG: [15:16:19] posz:-8.200,posa:-15.557,vel:4514.81

From tinyG: [15:16:19] posz:-9.000,posa:-20.000,vel:0.00,stat:3

Out > [15:16:19] g90 g0 a30

Out > [15:16:19] g90 g0 z0

From tinyG: [15:16:19] tinyg [mm] ok> 

From tinyG: [15:16:19] tinyg [mm] ok> 

From tinyG: [15:16:20] posa:1.461,vel:10000.00,stat:5

From tinyG: [15:16:20] posa:29.573,vel:1757.91

From tinyG: [15:16:20] posz:-7.450,posa:30.000,vel:800.00

From tinyG: [15:16:20] posz:-4.774

From tinyG: [15:16:20] posz:-2.098

From tinyG: [15:16:21] posz:-0.003,vel:35.09

From tinyG: [15:16:21] posz:0.000,vel:0.00,stat:3

Out > [15:16:21] g90 g0 a-30

Out > [15:16:21] g90 g0 a20 z-9

From tinyG: [15:16:21] tinyg [mm] ok> 

From tinyG: [15:16:21] tinyg [mm] ok> 

From tinyG: [15:16:21] posa:8.501,vel:10000.00,stat:5

From tinyG: [15:16:21] posa:-24.307,vel:8278.45

From tinyG: [15:16:21] posz:-0.847,posa:-25.294,vel:4509.22

From tinyG: [15:16:22] posz:-3.504,posa:-10.531,vel:4515.87

From tinyG: [15:16:22] posz:-6.182,posa:4.345

From tinyG: [15:16:22] posz:-8.772,posa:18.733,vel:3073.27

From tinyG: [15:16:22] posz:-9.000,posa:20.000,vel:0.00,stat:3

Out > [15:16:22] g90 g0 a-30

Out > [15:16:22] g90 g0 z0

From tinyG: [15:16:22] tinyg [mm] ok> 

From tinyG: [15:16:22] tinyg [mm] ok> 

From tinyG: [15:16:22] posa:-1.461,vel:10000.00,stat:5

From tinyG: [15:16:23] posa:-29.613,vel:1627.20

From tinyG: [15:16:23] posz:-7.410,posa:-30.000,vel:800.00

From tinyG: [15:16:23] posz:-4.734

From tinyG: [15:16:23] posz:-2.058

From tinyG: [15:16:23] posz:-0.002,vel:19.52

From tinyG: [15:16:24] posz:0.000,vel:0.00,stat:3

Out > [15:16:24] $di1fn=2

Out > [15:16:24] g90 g0 a-15

Out > [15:16:24] g90 g0 a-10

From tinyG: [15:16:24] [di1fn] input function          2 [0=none,1=limit,2=interlock,3=shutdown]

From tinyG: [15:16:24] tinyg [mm] ok> 

From tinyG: [15:16:24] tinyg [mm] ok> 

From tinyG: [15:16:24] tinyg [mm] ok> 

From tinyG: [15:16:24] posa:-13.775,vel:5721.53,stat:5

From tinyG: [15:16:24] posa:-10.000,vel:0.00,stat:3

Out > [15:16:24] g90 g0 a-15

Out > [15:16:24] g91 g1 a30 f250

From tinyG: [15:16:24] tinyg [mm] ok> 

From tinyG: [15:16:24] tinyg [mm] ok> 

From tinyG: [15:16:24] posa:-14.863,vel:250.00,dist:1,momo:1,stat:5

From tinyG: [15:16:25] posa:-14.025

From tinyG: [15:16:25] posa:-13.188

From tinyG: [15:16:25] posa:-12.350

From tinyG: [15:16:25] posa:-11.519

From tinyG: [15:16:25] posa:-10.675

From tinyG: [15:16:26] posa:-9.838

From tinyG: [15:16:26] posa:-9.007

From tinyG: [15:16:26] posa:-8.169

From tinyG: [15:16:26] posa:-7.326

From tinyG: [15:16:26] posa:-6.488

From tinyG: [15:16:27] posa:-5.657

From tinyG: [15:16:27] posa:-4.820

From tinyG: [15:16:27] posa:-3.976

From tinyG: [15:16:27] posa:-3.139

From tinyG: [15:16:27] posa:-2.307

From tinyG: [15:16:28] posa:-1.470

From tinyG: [15:16:28] posa:-0.639

From tinyG: [15:16:28] posa:-0.042,vel:0.00,stat:6

From tinyG: [15:16:28] tinyg [mm] ok> 

From tinyG: [15:16:28] stat:3

From tinyG: [15:16:28] [di1fn] input function          0 [0=none,1=limit,2=interlock,3=shutdown]

From tinyG: [15:16:28] tinyg [mm] ok> 

Out > [15:16:28] g90 g0 z-5

Out > [15:16:28] g90 g0 z0

From tinyG: [15:16:28] tinyg [mm] ok> 

From tinyG: [15:16:28] tinyg [mm] ok> 

From tinyG: [15:16:28] posz:-1.818,vel:800.00,dist:0,momo:0,stat:5

From tinyG: [15:16:29] posz:-4.483,vel:734.21

From tinyG: [15:16:29] posz:-4.234,vel:795.19

From tinyG: [15:16:29] posz:-1.579,vel:800.00

From tinyG: [15:16:29] posz:0.000,vel:0.00,stat:3

Out > [15:16:29] 

Out > [15:16:29] $posa

From tinyG: [15:16:29] A position:         -0.042 deg

From tinyG: [15:16:29] tinyg [mm] ok> 

Out > [16:38:56] g28.2a0

From tinyG: [16:38:56] tinyg [mm] ok> 

From tinyG: [16:38:56] posa:-5.687,feed:2000.00,vel:2000.00,coor:0,dist:1,momo:1,stat:9

Out > [16:38:56] $di1fn=0

Out > [16:38:59] g90 g0 a30

From tinyG: [16:38:59] posa:-10.042,vel:0.03

From tinyG: [16:38:59] posa:-4.367,vel:2000.00

From tinyG: [16:38:59] posa:1.208,vel:0.03

From tinyG: [16:38:59] vel:0.00

From tinyG: [16:38:59] posa:-4.438,vel:2000.00

From tinyG: [16:38:59] posa:-8.792,vel:0.03

From tinyG: [16:38:59] posa:-7.845,feed:300.00,vel:300.00

From tinyG: [16:38:59] posa:-6.840

From tinyG: [16:38:59] posa:-5.836

From tinyG: [16:38:59] posa:-4.838

From tinyG: [16:38:59] posa:-3.834

From tinyG: [16:38:59] posa:-2.836

From tinyG: [16:38:59] posa:-1.832

From tinyG: [16:38:59] posa:-0.834

From tinyG: [16:38:59] [di1fn] input function          0 [0=none,1=limit,2=interlock,3=shutdown]

From tinyG: [16:38:59] tinyg [mm] ok> 

From tinyG: [16:38:59] tinyg [mm] ok> 

From tinyG: [16:38:59] posa:0.000,vel:0.00,stat:5

From tinyG: [16:38:59] posa:21.432,feed:250.00,vel:9783.57,coor:1,dist:0,momo:0

Out > [16:38:59] g90 g0 a-20 z-9

From tinyG: [16:38:59] tinyg [mm] ok> 

From tinyG: [16:39:00] posz:-0.242,posa:28.657,vel:3073.27

From tinyG: [16:39:00] posz:-2.834,posa:14.142,vel:4515.87

From tinyG: [16:39:00] posz:-5.507,posa:-0.596

From tinyG: [16:39:00] posz:-8.200,posa:-15.557,vel:4514.81

From tinyG: [16:39:00] posz:-9.000,posa:-20.000,vel:0.00,stat:3

Out > [16:39:00] g90 g0 a30

Out > [16:39:00] g90 g0 z0

From tinyG: [16:39:00] tinyg [mm] ok> 

From tinyG: [16:39:00] tinyg [mm] ok> 

From tinyG: [16:39:01] posa:1.461,vel:10000.00,stat:5

From tinyG: [16:39:01] posa:29.613,vel:1627.20

From tinyG: [16:39:01] posz:-7.410,posa:30.000,vel:800.00

From tinyG: [16:39:01] posz:-4.734

From tinyG: [16:39:01] posz:-2.058

From tinyG: [16:39:02] posz:-0.002,vel:19.52

From tinyG: [16:39:02] posz:0.000,vel:0.00,stat:3

Out > [16:39:02] g90 g0 a-30

Out > [16:39:02] g90 g0 a20 z-9

From tinyG: [16:39:02] tinyg [mm] ok> 

From tinyG: [16:39:02] tinyg [mm] ok> 

From tinyG: [16:39:02] posa:8.501,vel:10000.00,stat:5

From tinyG: [16:39:02] posa:-24.307,vel:8415.06

From tinyG: [16:39:03] posz:-0.847,posa:-25.294,vel:4509.22

From tinyG: [16:39:03] posz:-3.504,posa:-10.531,vel:4515.87

From tinyG: [16:39:03] posz:-6.182,posa:4.345

From tinyG: [16:39:03] posz:-8.772,posa:18.733,vel:3073.27

From tinyG: [16:39:03] posz:-9.000,posa:20.000,vel:0.00,stat:3

Out > [16:39:03] g90 g0 a-30

Out > [16:39:03] g90 g0 z0

From tinyG: [16:39:03] tinyg [mm] ok> 

From tinyG: [16:39:03] tinyg [mm] ok> 

From tinyG: [16:39:04] posa:-1.461,vel:10000.00,stat:5

From tinyG: [16:39:04] posa:-29.613,vel:1627.20

From tinyG: [16:39:04] posz:-7.410,posa:-30.000,vel:800.00

From tinyG: [16:39:04] posz:-4.734

From tinyG: [16:39:04] posz:-2.058

From tinyG: [16:39:05] posz:-0.002,vel:24.12

From tinyG: [16:39:05] posz:0.000,vel:0.00,stat:3

Out > [16:39:05] $di1fn=2

Out > [16:39:05] g90 g0 a-15

Out > [16:39:05] g90 g0 a-10

From tinyG: [16:39:05] [di1fn] input function          2 [0=none,1=limit,2=interlock,3=shutdown]

From tinyG: [16:39:05] tinyg [mm] ok> 

From tinyG: [16:39:05] tinyg [mm] ok> 

From tinyG: [16:39:05] tinyg [mm] ok> 

From tinyG: [16:39:05] posa:-13.775,vel:5721.53,stat:5

From tinyG: [16:39:05] posa:-10.000,vel:0.00,stat:3

Out > [16:39:05] g90 g0 a-15

Out > [16:39:05] g91 g1 a30 f250

From tinyG: [16:39:05] tinyg [mm] ok> 

From tinyG: [16:39:05] tinyg [mm] ok> 

From tinyG: [16:39:06] posa:-14.863,vel:250.00,dist:1,momo:1,stat:5

From tinyG: [16:39:06] posa:-14.025

From tinyG: [16:39:06] posa:-13.188

From tinyG: [16:39:06] posa:-12.350

From tinyG: [16:39:06] posa:-11.519

From tinyG: [16:39:07] posa:-10.675

From tinyG: [16:39:07] posa:-9.838

From tinyG: [16:39:07] posa:-9.007

From tinyG: [16:39:07] posa:-8.169

From tinyG: [16:39:07] posa:-7.326

From tinyG: [16:39:08] posa:-6.488

From tinyG: [16:39:08] posa:-5.657

From tinyG: [16:39:08] posa:-4.820

From tinyG: [16:39:08] posa:-3.989

From tinyG: [16:39:08] posa:-3.151

From tinyG: [16:39:09] posa:-2.307

From tinyG: [16:39:09] posa:-1.470

From tinyG: [16:39:09] posa:-0.639

From tinyG: [16:39:09] posa:-0.048,vel:0.00,stat:6

From tinyG: [16:39:09] stat:3

From tinyG: [16:39:09] tinyg [mm] ok> 

From tinyG: [16:39:09] [di1fn] input function          0 [0=none,1=limit,2=interlock,3=shutdown]

From tinyG: [16:39:09] tinyg [mm] ok> 

Out > [16:39:09] g90 g0 z-5

Out > [16:39:09] g90 g0 z0

From tinyG: [16:39:09] tinyg [mm] ok> 

From tinyG: [16:39:09] tinyg [mm] ok> 

From tinyG: [16:39:10] posz:-1.818,vel:800.00,dist:0,momo:0,stat:5

From tinyG: [16:39:10] posz:-4.483,vel:734.21

From tinyG: [16:39:10] posz:-4.234,vel:795.19

From tinyG: [16:39:10] posz:-1.579,vel:800.00

From tinyG: [16:39:10] posz:0.000,vel:0.00,stat:3

Out > [16:39:10] $posa

Out > [16:39:10] g28.2a0

Out > [16:39:10] $di1fn=0

From tinyG: [16:39:10] A position:         -0.048 deg

From tinyG: [16:39:10] tinyg [mm] ok> 

From tinyG: [16:39:10] tinyg [mm] ok> 

Out > [16:39:14] g90 g0 a30

From tinyG: [16:39:14] posa:-5.694,feed:2000.00,vel:2000.00,coor:0,dist:1,momo:1,stat:9

From tinyG: [16:39:14] posa:-10.048,vel:0.03

From tinyG: [16:39:14] posa:-4.373,vel:2000.00

From tinyG: [16:39:14] posa:1.201,vel:0.03

From tinyG: [16:39:14] vel:0.00

From tinyG: [16:39:14] posa:-4.445,vel:2000.00

From tinyG: [16:39:14] posa:-8.799,vel:0.03

From tinyG: [16:39:14] posa:-7.852,feed:300.00,vel:300.00

From tinyG: [16:39:14] posa:-6.847

From tinyG: [16:39:14] posa:-5.842

From tinyG: [16:39:14] posa:-4.845

From tinyG: [16:39:14] posa:-3.840

From tinyG: [16:39:14] posa:-2.843

From tinyG: [16:39:14] posa:-1.838

From tinyG: [16:39:14] posa:-0.841

From tinyG: [16:39:14] [di1fn] input function          0 [0=none,1=limit,2=interlock,3=shutdown]

From tinyG: [16:39:14] tinyg [mm] ok> 

From tinyG: [16:39:14] tinyg [mm] ok> 

Out > [16:39:14] g90 g0 a-20 z-9

From tinyG: [16:39:14] tinyg [mm] ok> 

From tinyG: [16:39:14] posa:0.000,vel:0.00,stat:5

From tinyG: [16:39:14] posa:21.384,feed:250.00,vel:9671.33,coor:1,dist:0,momo:0

Out > [16:39:14] g90 g0 a30

From tinyG: [16:39:14] tinyg [mm] ok> 

From tinyG: [16:39:14] posz:-0.593,posa:26.704,vel:4221.90

From tinyG: [16:39:14] posz:-3.245,posa:11.974,vel:4515.87

From tinyG: [16:39:14] posz:-5.922,posa:-2.902

From tinyG: [16:39:15] posz:-8.567,posa:-17.594,vel:4048.41

From tinyG: [16:39:15] posz:-9.000,posa:-14.207,vel:8705.25

From tinyG: [16:39:15] posa:18.977,vel:9995.55

From tinyG: [16:39:15] posa:30.000,vel:0.00,stat:3

Out > [16:39:15] g90 g0 z0

Out > [16:39:15] g90 g0 a-30

From tinyG: [16:39:15] tinyg [mm] ok> 

From tinyG: [16:39:15] tinyg [mm] ok> 

From tinyG: [16:39:15] posz:-7.182,vel:800.00,stat:5

From tinyG: [16:39:16] posz:-4.506

From tinyG: [16:39:16] posz:-1.809

From tinyG: [16:39:16] posz:0.000,posa:29.897,vel:465.80

From tinyG: [16:39:16] posa:4.423,vel:10000.00

From tinyG: [16:39:16] posa:-27.660,vel:5769.70

From tinyG: [16:39:17] posa:-30.000,vel:0.00,stat:3

Out > [16:39:17] g90 g0 a20 z-9

Out > [16:39:17] g90 g0 a-30

From tinyG: [16:39:17] tinyg [mm] ok> 

From tinyG: [16:39:17] tinyg [mm] ok> 

From tinyG: [16:39:17] posz:-1.819,posa:-19.896,vel:4515.87,stat:5

From tinyG: [16:39:17] posz:-4.496,posa:-5.020

From tinyG: [16:39:17] posz:-7.154,posa:9.745

From tinyG: [16:39:18] posz:-9.000,posa:19.716,vel:1119.81

From tinyG: [16:39:18] posa:-6.012,vel:10000.00

From tinyG: [16:39:18] posa:-29.991,vel:138.40

From tinyG: [16:39:18] posa:-30.000,vel:0.00,stat:3

Out > [16:39:18] g90 g0 z0

Out > [16:39:18] $di1fn=2

Out > [16:39:18] g90 g0 a-15

From tinyG: [16:39:18] tinyg [mm] ok> 

From tinyG: [16:39:18] {"er":{"fb":86.03,"st":9,"msg":"File not open - write_persistent"}}

From tinyG: [16:39:18] [di1fn] input function          2 [0=none,1=limit,2=interlock,3=shutdown]

From tinyG: [16:39:18] tinyg [mm] ok> 

From tinyG: [16:39:18] tinyg [mm] ok> 

From tinyG: [16:39:18] posz:-7.182,vel:800.00,stat:5

From tinyG: [16:39:19] posz:-4.506

From tinyG: [16:39:19] posz:-1.849

From tinyG: [16:39:19] posz:0.000,posa:-29.905,vel:449.88

From tinyG: [16:39:19] posa:-15.041,vel:412.67

From tinyG: [16:39:19] posa:-15.000,vel:0.00,stat:3

Out > [16:39:19] g90 g0 a-10

Out > [16:39:19] g90 g0 a-15

From tinyG: [16:39:19] tinyg [mm] ok> 

From tinyG: [16:39:19] tinyg [mm] ok> 

From tinyG: [16:39:20] posa:-11.115,vel:2609.07,stat:5

From tinyG: [16:39:20] posa:-15.000,vel:0.00,stat:3

Out > [16:39:20] g91 g1 a30 f250

Out > [16:39:20] g90 g0 z-5

From tinyG: [16:39:20] tinyg [mm] ok> 

From tinyG: [16:39:20] tinyg [mm] ok> 

From tinyG: [16:39:20] posa:-14.209,vel:250.00,dist:1,momo:1,stat:5

From tinyG: [16:39:20] posa:-13.365

From tinyG: [16:39:21] posa:-12.528

From tinyG: [16:39:21] posa:-11.697

From tinyG: [16:39:21] posa:-10.859

From tinyG: [16:39:21] posa:-10.015

From tinyG: [16:39:21] posa:-9.178

From tinyG: [16:39:22] posa:-8.347

From tinyG: [16:39:22] posa:-7.509

From tinyG: [16:39:22] posa:-6.678

From tinyG: [16:39:22] posa:-5.841

From tinyG: [16:39:22] posa:-5.010

From tinyG: [16:39:23] posa:-4.173

From tinyG: [16:39:23] posa:-3.329

From tinyG: [16:39:23] posa:-2.492

From tinyG: [16:39:23] posa:-1.660

From tinyG: [16:39:23] posa:-0.823

From tinyG: [16:39:24] posa:-0.014,vel:34.79,stat:6

From tinyG: [16:39:24] tinyg [mm] ok> 

From tinyG: [16:39:24] [di1fn] input function          0 [0=none,1=limit,2=interlock,3=shutdown]

From tinyG: [16:39:24] tinyg [mm] ok> 

Out > [16:39:24] g90 g0 z0

Out > [16:39:24] 

From tinyG: [16:39:24] tinyg [mm] ok> 

From tinyG: [16:39:24] vel:0.00,dist:0,momo:0,stat:3

Out > [16:39:24] $posa

From tinyG: [16:39:24] A position:         -0.013 deg

From tinyG: [16:39:24] tinyg [mm] ok> 

