[13:28:30] Starting Log file for session: 20201029-132830

From tinyG: [13:28:31] {"r":{"fv":0.98,"fb":86.03,"hp":3,"hv":0,"id":"0213-0215-0515","msg":"SYSTEM READY"},"f":[1,0,1]}

From tinyG: [13:28:31] tinyg [mm] ok> 

From tinyG: [13:28:31] [ej]  enable json mode            0 [0=text,1=JSON]

From tinyG: [13:28:31] tinyg [mm] ok> 

Out > [13:28:35] $di1fn=2

Out > [13:28:35] g90 g0 a-25

Out > [13:28:35] g90 g0 a-20

From tinyG: [13:28:35] [di1fn] input function          2 [0=none,1=limit,2=interlock,3=shutdown]

From tinyG: [13:28:35] tinyg [mm] ok> 

From tinyG: [13:28:35] tinyg [mm] ok> 

From tinyG: [13:28:35] tinyg [mm] ok> 

From tinyG: [13:28:35] posa:-20.671,vel:7360.10,dist:0,momo:0,stat:5

From tinyG: [13:28:35] posa:-20.296,vel:1456.54

From tinyG: [13:28:35] posa:-20.000,vel:0.00,stat:3

Out > [13:28:35] g90 g0 a-25

Out > [13:28:35] g91 g1 a30 f250

From tinyG: [13:28:35] tinyg [mm] ok> 

From tinyG: [13:28:35] tinyg [mm] ok> 

From tinyG: [13:28:36] posa:-24.863,vel:250.00,dist:1,momo:1,stat:5

From tinyG: [13:28:36] posa:-24.025

From tinyG: [13:28:36] posa:-23.188

From tinyG: [13:28:36] posa:-22.357

From tinyG: [13:28:36] posa:-21.520

From tinyG: [13:28:37] posa:-20.676

From tinyG: [13:28:37] posa:-19.839

From tinyG: [13:28:37] posa:-19.008

From tinyG: [13:28:37] posa:-18.170

From tinyG: [13:28:37] posa:-17.327

From tinyG: [13:28:38] posa:-16.490

From tinyG: [13:28:38] posa:-15.658

From tinyG: [13:28:38] posa:-14.821

From tinyG: [13:28:38] posa:-13.990

From tinyG: [13:28:38] posa:-13.152

From tinyG: [13:28:39] posa:-12.321

From tinyG: [13:28:39] posa:-11.484

From tinyG: [13:28:39] posa:-10.640

From tinyG: [13:28:39] posa:-9.803

From tinyG: [13:28:39] posa:-8.972

From tinyG: [13:28:40] posa:-8.134

From tinyG: [13:28:40] posa:-7.303

From tinyG: [13:28:40] posa:-6.466

From tinyG: [13:28:40] posa:-5.622

From tinyG: [13:28:40] posa:-4.784

From tinyG: [13:28:41] posa:-3.953

From tinyG: [13:28:41] posa:-3.116

From tinyG: [13:28:41] posa:-2.285

From tinyG: [13:28:41] posa:-1.447

From tinyG: [13:28:41] posa:-0.616

From tinyG: [13:28:42] posa:0.031,vel:0.00,stat:6

From tinyG: [13:28:42] tinyg [mm] ok> 

From tinyG: [13:28:42] stat:3

From tinyG: [13:28:42] [di1fn] input function          0 [0=none,1=limit,2=interlock,3=shutdown]

From tinyG: [13:28:42] tinyg [mm] ok> 

Out > [13:28:42] 

Out > [13:28:42] $posa

From tinyG: [13:28:42] A position:          0.031 deg

From tinyG: [13:28:42] tinyg [mm] ok> 

