[13:09:30] Starting Log file for session: 20201030-13930

From tinyG: [13:09:31] {"r":{"fv":0.98,"fb":86.03,"hp":3,"hv":0,"id":"0213-0215-0515","msg":"SYSTEM READY"},"f":[1,0,1]}

From tinyG: [13:09:31] tinyg [mm] ok> 

From tinyG: [13:09:31] {"er":{"fb":86.03,"st":9,"msg":"File not open - write_persistent"}}

From tinyG: [13:09:31] [ej]  enable json mode            0 [0=text,1=JSON]

From tinyG: [13:09:31] tinyg [mm] ok> 

Out > [13:09:35] g28.2a0

Out > [13:09:35] $di1fn=0

Out > [13:09:39] g90 g0 a30

From tinyG: [13:09:39] tinyg [mm] ok> 

From tinyG: [13:09:39] coor:0,dist:1,stat:9

From tinyG: [13:09:39] posa:-5.700,feed:2000.00,vel:2000.00,momo:1

From tinyG: [13:09:39] posa:-10.054,vel:0.03

From tinyG: [13:09:39] posa:-4.379,vel:2000.00

From tinyG: [13:09:39] posa:1.245,vel:0.81

From tinyG: [13:09:39] vel:0.00

From tinyG: [13:09:39] posa:-4.401,vel:2000.00

From tinyG: [13:09:39] posa:-8.755,vel:0.03

From tinyG: [13:09:39] posa:-7.808,feed:300.00,vel:300.00

From tinyG: [13:09:39] posa:-6.803

From tinyG: [13:09:39] posa:-5.798

From tinyG: [13:09:39] posa:-4.801

From tinyG: [13:09:39] posa:-3.796

From tinyG: [13:09:39] posa:-2.799

From tinyG: [13:09:39] posa:-1.794

From tinyG: [13:09:39] posa:-0.797

From tinyG: [13:09:39] [di1fn] input function          0 [0=none,1=limit,2=interlock,3=shutdown]

From tinyG: [13:09:39] tinyg [mm] ok> 

From tinyG: [13:09:39] tinyg [mm] ok> 

Out > [13:09:39] g90 g0 a-20 z-9

From tinyG: [13:09:39] tinyg [mm] ok> 

From tinyG: [13:09:39] posa:0.000,vel:0.00,stat:5

From tinyG: [13:09:39] posa:21.383,feed:250.00,vel:9671.40,coor:1,dist:0,momo:0

Out > [13:09:39] g90 g0 a30

From tinyG: [13:09:39] tinyg [mm] ok> 

From tinyG: [13:09:39] posz:0.383,posa:26.917,vel:3850.75

From tinyG: [13:09:39] posz:-2.287,posa:13.563,vel:4079.22

From tinyG: [13:09:39] posz:-4.944,posa:0.179

From tinyG: [13:09:40] posz:-7.621,posa:-13.105

From tinyG: [13:09:40] posz:-9.000,posa:-19.860,vel:854.10

From tinyG: [13:09:40] posa:6.998,vel:10000.00

From tinyG: [13:09:40] posa:29.999,vel:41.02

From tinyG: [13:09:40] posa:30.000,vel:0.00,stat:3

Out > [13:09:40] g90 g0 z0

Out > [13:09:40] g90 g0 a-30

From tinyG: [13:09:40] tinyg [mm] ok> 

From tinyG: [13:09:40] tinyg [mm] ok> 

From tinyG: [13:09:41] posz:-7.182,vel:800.00,stat:5

From tinyG: [13:09:41] posz:-4.506

From tinyG: [13:09:41] posz:-1.809

From tinyG: [13:09:41] posz:0.000,posa:29.897,vel:465.80

From tinyG: [13:09:41] posa:4.423,vel:10000.00

From tinyG: [13:09:42] posa:-27.660,vel:5769.70

From tinyG: [13:09:42] posa:-30.000,vel:0.00,stat:3

Out > [13:09:42] g90 g0 a20 z-9

Out > [13:09:42] g90 g0 a-30

From tinyG: [13:09:42] tinyg [mm] ok> 

From tinyG: [13:09:42] tinyg [mm] ok> 

From tinyG: [13:09:42] posz:-1.819,posa:-19.896,vel:4515.87,stat:5

From tinyG: [13:09:42] posz:-4.496,posa:-5.020

From tinyG: [13:09:43] posz:-7.154,posa:9.745

From tinyG: [13:09:43] posz:-9.000,posa:19.716,vel:1119.81

From tinyG: [13:09:43] posa:-6.012,vel:10000.00

From tinyG: [13:09:43] posa:-29.991,vel:138.40

From tinyG: [13:09:43] posa:-30.000,vel:0.00,stat:3

Out > [13:09:43] g90 g0 z0

Out > [13:09:43] $di1fn=2

Out > [13:09:43] g90 g0 a-15

From tinyG: [13:09:43] tinyg [mm] ok> 

From tinyG: [13:09:43] {"er":{"fb":86.03,"st":9,"msg":"File not open - write_persistent"}}

From tinyG: [13:09:43] [di1fn] input function          2 [0=none,1=limit,2=interlock,3=shutdown]

From tinyG: [13:09:43] tinyg [mm] ok> 

From tinyG: [13:09:43] tinyg [mm] ok> 

From tinyG: [13:09:44] posz:-7.182,vel:800.00,stat:5

From tinyG: [13:09:44] posz:-4.506

From tinyG: [13:09:44] posz:-1.809

From tinyG: [13:09:44] posz:0.000,posa:-29.892,vel:503.18

From tinyG: [13:09:44] posa:-15.032,vel:349.30

From tinyG: [13:09:45] posa:-15.000,vel:0.00,stat:3

Out > [13:09:45] g90 g0 a-10

Out > [13:09:45] g90 g0 a-15

From tinyG: [13:09:45] tinyg [mm] ok> 

From tinyG: [13:09:45] tinyg [mm] ok> 

From tinyG: [13:09:45] posa:-11.115,vel:2609.07,stat:5

From tinyG: [13:09:45] posa:-15.000,vel:0.00,stat:3

Out > [13:09:45] g91 g1 a30 f250

Out > [13:09:45] g90 g0 z-5

From tinyG: [13:09:45] tinyg [mm] ok> 

From tinyG: [13:09:45] tinyg [mm] ok> 

From tinyG: [13:09:45] posa:-14.209,vel:250.00,dist:1,momo:1,stat:5

From tinyG: [13:09:46] posa:-13.365

From tinyG: [13:09:46] posa:-12.528

From tinyG: [13:09:46] posa:-11.697

From tinyG: [13:09:46] posa:-10.859

From tinyG: [13:09:46] posa:-10.015

From tinyG: [13:09:47] posa:-9.178

From tinyG: [13:09:47] posa:-8.347

From tinyG: [13:09:47] posa:-7.509

From tinyG: [13:09:47] posa:-6.678

From tinyG: [13:09:47] posa:-5.841

From tinyG: [13:09:48] posa:-5.010

From tinyG: [13:09:48] posa:-4.173

From tinyG: [13:09:48] posa:-3.329

From tinyG: [13:09:48] posa:-2.492

From tinyG: [13:09:48] posa:-1.660

From tinyG: [13:09:49] posa:-0.823

From tinyG: [13:09:49] posa:-0.057,vel:0.00,stat:6

From tinyG: [13:09:49] tinyg [mm] ok> 

From tinyG: [13:09:49] dist:0,momo:0,stat:3

From tinyG: [13:09:49] [di1fn] input function          0 [0=none,1=limit,2=interlock,3=shutdown]

From tinyG: [13:09:49] tinyg [mm] ok> 

From tinyG: [13:09:49] A position:         -0.057 deg

From tinyG: [13:09:49] tinyg [mm] ok> 

Out > [13:09:49] g90 g0 z1

Out > [13:09:49] g90 g0 z0

From tinyG: [13:09:49] tinyg [mm] ok> 

From tinyG: [13:09:49] tinyg [mm] ok> 

From tinyG: [13:09:49] posz:0.990,vel:101.13,stat:5

From tinyG: [13:09:49] posz:0.000,vel:6.26

From tinyG: [13:09:50] vel:0.00,stat:3

Out > [13:09:50] EOF

Out > [13:09:50] !%~

From tinyG: [13:09:50] tinyg [mm] ok> 

