[13:09:44] Starting Log file for session: 20201029-13944

From tinyG: [13:09:45] {"r":{"fv":0.98,"fb":86.03,"hp":3,"hv":0,"id":"0213-0215-0515","msg":"SYSTEM READY"},"f":[1,0,1]}

From tinyG: [13:09:45] tinyg [mm] ok> 

From tinyG: [13:09:45] [ej]  enable json mode            0 [0=text,1=JSON]

From tinyG: [13:09:45] tinyg [mm] ok> 

Out > [13:09:49] $di1fn=2

From tinyG: [13:09:49] [di1fn] input function          2 [0=none,1=limit,2=interlock,3=shutdown]

From tinyG: [13:09:49] tinyg [mm] ok> 

Out > [13:09:49] g90 g0 a-25

Out > [13:09:49] g90 g0 a-20

From tinyG: [13:09:49] tinyg [mm] ok> 

From tinyG: [13:09:49] tinyg [mm] ok> 

From tinyG: [13:09:49] posa:-0.222,dist:0,momo:0,stat:6

From tinyG: [13:09:49] tinyg [mm] ok> 

From tinyG: [13:09:49] stat:3

From tinyG: [13:09:49] [di1fn] input function          0 [0=none,1=limit,2=interlock,3=shutdown]

From tinyG: [13:09:49] tinyg [mm] ok> 

Out > [13:09:49] g90 g0 a-25

Out > [13:09:49] g91 g1 a30 f250

From tinyG: [13:09:49] tinyg [mm] ok> 

From tinyG: [13:09:49] tinyg [mm] ok> 

From tinyG: [13:09:49] posa:-21.113,vel:7337.84,stat:5

From tinyG: [13:09:49] posa:-24.531,vel:250.00,dist:1,momo:1

From tinyG: [13:09:50] posa:-23.700

From tinyG: [13:09:50] posa:-22.863

From tinyG: [13:09:50] posa:-22.032

From tinyG: [13:09:50] posa:-21.195

From tinyG: [13:09:50] posa:-20.364

From tinyG: [13:09:51] posa:-19.526

From tinyG: [13:09:51] posa:-18.695

From tinyG: [13:09:51] posa:-17.858

From tinyG: [13:09:51] posa:-17.027

From tinyG: [13:09:51] posa:-16.190

From tinyG: [13:09:52] posa:-15.359

From tinyG: [13:09:52] posa:-14.521

From tinyG: [13:09:52] posa:-13.690

From tinyG: [13:09:52] posa:-12.846

From tinyG: [13:09:52] posa:-12.009

From tinyG: [13:09:53] posa:-11.178

From tinyG: [13:09:53] posa:-10.340

From tinyG: [13:09:53] posa:-9.497

From tinyG: [13:09:53] posa:-8.659

From tinyG: [13:09:53] posa:-7.828

From tinyG: [13:09:54] posa:-6.991

From tinyG: [13:09:54] posa:-6.147

From tinyG: [13:09:54] posa:-5.309

From tinyG: [13:09:54] posa:-4.478

From tinyG: [13:09:54] posa:-3.641

From tinyG: [13:09:55] posa:-2.797

From tinyG: [13:09:55] posa:-1.960

From tinyG: [13:09:55] posa:-1.129

From tinyG: [13:09:55] posa:-0.291

From tinyG: [13:09:55] posa:0.552

From tinyG: [13:09:56] posa:1.390

From tinyG: [13:09:56] posa:2.221

From tinyG: [13:09:56] posa:3.058

From tinyG: [13:09:56] posa:3.889

From tinyG: [13:09:56] posa:4.727

From tinyG: [13:09:57] posa:5.000,vel:0.00,stat:3

Out > [13:09:57] 

Out > [13:09:57] $posa

From tinyG: [13:09:57] A position:          5.000 deg

From tinyG: [13:09:57] tinyg [mm] ok> 

Out > [13:10:10] $di1fn

From tinyG: [13:10:10] [di1fn] input function          0 [0=none,1=limit,2=interlock,3=shutdown]

From tinyG: [13:10:10] tinyg [mm] ok> 

Out > [13:10:13] $di1fn=2

Out > [13:10:13] g90 g0 a-25

From tinyG: [13:10:13] [di1fn] input function          2 [0=none,1=limit,2=interlock,3=shutdown]

From tinyG: [13:10:13] tinyg [mm] ok> 

From tinyG: [13:10:13] tinyg [mm] ok> 

From tinyG: [13:10:14] posa:-16.432,vel:9783.57,dist:0,momo:0,stat:5

From tinyG: [13:10:14] posa:-25.000,vel:0.00,stat:3

Out > [13:10:14] g90 g0 a-20

Out > [13:10:14] g90 g0 a-25

From tinyG: [13:10:14] tinyg [mm] ok> 

From tinyG: [13:10:14] tinyg [mm] ok> 

From tinyG: [13:10:14] posa:-21.115,vel:2609.07,stat:5

From tinyG: [13:10:14] posa:-25.000,vel:0.00,stat:3

Out > [13:10:14] g91 g1 a30 f250

Out > [13:10:14] 

From tinyG: [13:10:14] tinyg [mm] ok> 

From tinyG: [13:10:15] posa:-24.209,vel:250.00,dist:1,momo:1,stat:5

From tinyG: [13:10:15] posa:-23.371

From tinyG: [13:10:15] posa:-22.540

From tinyG: [13:10:15] posa:-21.702

From tinyG: [13:10:15] posa:-20.871

From tinyG: [13:10:16] posa:-20.033

From tinyG: [13:10:16] posa:-19.202

From tinyG: [13:10:16] posa:-18.365

From tinyG: [13:10:16] posa:-17.533

From tinyG: [13:10:16] posa:-16.696

From tinyG: [13:10:17] posa:-15.864

From tinyG: [13:10:17] posa:-15.027

From tinyG: [13:10:17] posa:-14.196

From tinyG: [13:10:17] posa:-13.352

From tinyG: [13:10:17] posa:-12.515

From tinyG: [13:10:18] posa:-11.684

From tinyG: [13:10:18] posa:-10.846

From tinyG: [13:10:18] posa:-10.003

From tinyG: [13:10:18] posa:-9.165

From tinyG: [13:10:18] posa:-8.334

From tinyG: [13:10:19] posa:-7.496

From tinyG: [13:10:19] posa:-6.653

From tinyG: [13:10:19] posa:-5.815

From tinyG: [13:10:19] posa:-4.984

From tinyG: [13:10:19] posa:-4.147

From tinyG: [13:10:20] posa:-3.303

From tinyG: [13:10:20] posa:-2.465

From tinyG: [13:10:20] posa:-1.634

From tinyG: [13:10:20] posa:-0.797

From tinyG: [13:10:20] posa:-0.105,vel:0.00,stat:6

From tinyG: [13:10:20] stat:3

Out > [13:10:22] $di1fn=2

Out > [13:10:22] g90 g0 a-25

Out > [13:10:22] g90 g0 a-20

From tinyG: [13:10:22] [di1fn] input function          2 [0=none,1=limit,2=interlock,3=shutdown]

From tinyG: [13:10:22] tinyg [mm] ok> 

From tinyG: [13:10:22] tinyg [mm] ok> 

From tinyG: [13:10:22] tinyg [mm] ok> 

From tinyG: [13:10:22] posa:-20.849,vel:7193.61,dist:0,momo:0,stat:5

From tinyG: [13:10:23] posa:-20.296,vel:1456.54

From tinyG: [13:10:23] posa:-20.000,vel:0.00,stat:3

Out > [13:10:23] g90 g0 a-25

Out > [13:10:23] g91 g1 a30 f250

From tinyG: [13:10:23] tinyg [mm] ok> 

From tinyG: [13:10:23] tinyg [mm] ok> 

From tinyG: [13:10:23] posa:-24.863,vel:250.00,dist:1,momo:1,stat:5

From tinyG: [13:10:23] posa:-24.031

From tinyG: [13:10:24] posa:-23.200

From tinyG: [13:10:24] posa:-22.357

From tinyG: [13:10:24] posa:-21.520

From tinyG: [13:10:24] posa:-20.689

From tinyG: [13:10:24] posa:-19.851

From tinyG: [13:10:25] posa:-19.008

From tinyG: [13:10:25] posa:-18.170

From tinyG: [13:10:25] posa:-17.339

From tinyG: [13:10:25] posa:-16.502

From tinyG: [13:10:25] posa:-15.658

From tinyG: [13:10:26] posa:-14.821

From tinyG: [13:10:26] posa:-13.990

From tinyG: [13:10:26] posa:-13.152

From tinyG: [13:10:26] posa:-12.309

From tinyG: [13:10:26] posa:-11.471

From tinyG: [13:10:27] posa:-10.640

From tinyG: [13:10:27] posa:-9.803

From tinyG: [13:10:27] posa:-8.959

From tinyG: [13:10:27] posa:-8.122

From tinyG: [13:10:27] posa:-7.290

From tinyG: [13:10:28] posa:-6.453

From tinyG: [13:10:28] posa:-5.622

From tinyG: [13:10:28] posa:-4.784

From tinyG: [13:10:28] posa:-3.953

From tinyG: [13:10:28] posa:-3.116

From tinyG: [13:10:29] posa:-2.285

From tinyG: [13:10:29] posa:-1.447

From tinyG: [13:10:29] posa:-0.616

From tinyG: [13:10:29] posa:-0.113,vel:0.00,stat:6

From tinyG: [13:10:29] tinyg [mm] ok> 

From tinyG: [13:10:29] stat:3

From tinyG: [13:10:29] [di1fn] input function          0 [0=none,1=limit,2=interlock,3=shutdown]

From tinyG: [13:10:29] tinyg [mm] ok> 

Out > [13:10:29] 

Out > [13:10:29] $posa

From tinyG: [13:10:29] A position:         -0.113 deg

From tinyG: [13:10:29] tinyg [mm] ok> 

Out > [13:10:31] $di1fn=2

Out > [13:10:31] g90 g0 a-25

From tinyG: [13:10:31] [di1fn] input function          2 [0=none,1=limit,2=interlock,3=shutdown]

From tinyG: [13:10:31] tinyg [mm] ok> 

From tinyG: [13:10:31] tinyg [mm] ok> 

From tinyG: [13:10:32] posa:-21.026,vel:7559.61,dist:0,momo:0,stat:5

From tinyG: [13:10:32] posa:-25.000,vel:0.00,stat:3

Out > [13:10:32] g90 g0 a-20

Out > [13:10:32] g90 g0 a-25

From tinyG: [13:10:32] tinyg [mm] ok> 

From tinyG: [13:10:32] tinyg [mm] ok> 

From tinyG: [13:10:32] posa:-21.115,vel:2609.07,stat:5

From tinyG: [13:10:32] posa:-25.000,vel:0.00,stat:3

Out > [13:10:32] g91 g1 a30 f250

Out > [13:10:32] 

From tinyG: [13:10:32] tinyg [mm] ok> 

From tinyG: [13:10:32] posa:-24.209,vel:250.00,dist:1,momo:1,stat:5

From tinyG: [13:10:33] posa:-23.371

From tinyG: [13:10:33] posa:-22.540

From tinyG: [13:10:33] posa:-21.702

From tinyG: [13:10:33] posa:-20.871

From tinyG: [13:10:33] posa:-20.033

From tinyG: [13:10:34] posa:-19.202

From tinyG: [13:10:34] posa:-18.365

From tinyG: [13:10:34] posa:-17.533

From tinyG: [13:10:34] posa:-16.696

From tinyG: [13:10:34] posa:-15.864

From tinyG: [13:10:35] posa:-15.027

From tinyG: [13:10:35] posa:-14.196

From tinyG: [13:10:35] posa:-13.352

From tinyG: [13:10:35] posa:-12.515

From tinyG: [13:10:35] posa:-11.684

From tinyG: [13:10:36] posa:-10.846

From tinyG: [13:10:36] posa:-10.003

From tinyG: [13:10:36] posa:-9.165

From tinyG: [13:10:36] posa:-8.334

From tinyG: [13:10:37] posa:-7.496

From tinyG: [13:10:37] posa:-6.653

From tinyG: [13:10:37] posa:-5.815

From tinyG: [13:10:37] posa:-4.984

From tinyG: [13:10:37] posa:-4.147

From tinyG: [13:10:38] posa:-3.315

From tinyG: [13:10:38] posa:-2.478

From tinyG: [13:10:38] posa:-1.634

From tinyG: [13:10:38] posa:-0.797

From tinyG: [13:10:38] posa:-0.124,vel:0.00,stat:6

From tinyG: [13:10:38] stat:3

Out > [13:10:40] $di1fn=2

Out > [13:10:40] g90 g0 a-25

Out > [13:10:40] g90 g0 a-20

From tinyG: [13:10:40] [di1fn] input function          2 [0=none,1=limit,2=interlock,3=shutdown]

From tinyG: [13:10:40] tinyg [mm] ok> 

From tinyG: [13:10:40] tinyg [mm] ok> 

From tinyG: [13:10:40] tinyg [mm] ok> 

From tinyG: [13:10:40] posa:-20.849,vel:7193.61,dist:0,momo:0,stat:5

From tinyG: [13:10:41] posa:-20.296,vel:1456.54

From tinyG: [13:10:41] posa:-20.000,vel:0.00,stat:3

Out > [13:10:41] g90 g0 a-25

Out > [13:10:41] g91 g1 a30 f250

From tinyG: [13:10:41] tinyg [mm] ok> 

From tinyG: [13:10:41] tinyg [mm] ok> 

From tinyG: [13:10:41] posa:-24.863,vel:250.00,dist:1,momo:1,stat:5

From tinyG: [13:10:41] posa:-24.025

From tinyG: [13:10:41] posa:-23.188

From tinyG: [13:10:42] posa:-22.357

From tinyG: [13:10:42] posa:-21.520

From tinyG: [13:10:42] posa:-20.676

From tinyG: [13:10:42] posa:-19.839

From tinyG: [13:10:42] posa:-19.008

From tinyG: [13:10:43] posa:-18.170

From tinyG: [13:10:43] posa:-17.327

From tinyG: [13:10:43] posa:-16.490

From tinyG: [13:10:43] posa:-15.658

From tinyG: [13:10:43] posa:-14.821

From tinyG: [13:10:44] posa:-13.990

From tinyG: [13:10:44] posa:-13.152

From tinyG: [13:10:44] posa:-12.321

From tinyG: [13:10:44] posa:-11.484

From tinyG: [13:10:44] posa:-10.640

From tinyG: [13:10:45] posa:-9.803

From tinyG: [13:10:45] posa:-8.972

From tinyG: [13:10:45] posa:-8.134

From tinyG: [13:10:45] posa:-7.303

From tinyG: [13:10:45] posa:-6.466

From tinyG: [13:10:46] posa:-5.634

From tinyG: [13:10:46] posa:-4.797

From tinyG: [13:10:46] posa:-3.966

From tinyG: [13:10:46] posa:-3.128

From tinyG: [13:10:46] posa:-2.297

From tinyG: [13:10:47] posa:-1.460

From tinyG: [13:10:47] posa:-0.629

From tinyG: [13:10:47] posa:-0.125,vel:0.00,stat:6

From tinyG: [13:10:47] tinyg [mm] ok> 

From tinyG: [13:10:47] stat:3

From tinyG: [13:10:47] [di1fn] input function          0 [0=none,1=limit,2=interlock,3=shutdown]

From tinyG: [13:10:47] tinyg [mm] ok> 

Out > [13:10:47] 

Out > [13:10:47] $posa

From tinyG: [13:10:47] A position:         -0.125 deg

From tinyG: [13:10:47] tinyg [mm] ok> 

Out > [13:10:53] g28.2a0

From tinyG: [13:10:53] tinyg [mm] ok> 

From tinyG: [13:10:53] posa:-5.771,feed:2000.00,vel:2000.00,coor:0,stat:9

From tinyG: [13:10:54] posa:-10.125,vel:0.03

From tinyG: [13:10:54] posa:-4.451,vel:2000.00

From tinyG: [13:10:54] posa:1.124,vel:0.03

From tinyG: [13:10:54] vel:0.00

From tinyG: [13:10:54] posa:-4.522,vel:2000.00

From tinyG: [13:10:54] posa:-8.876,vel:0.03

From tinyG: [13:10:55] posa:-7.929,feed:300.00,vel:300.00

From tinyG: [13:10:55] posa:-6.924

From tinyG: [13:10:55] posa:-5.919

From tinyG: [13:10:55] posa:-4.922

From tinyG: [13:10:55] posa:-3.917

From tinyG: [13:10:56] posa:-2.920

From tinyG: [13:10:56] posa:-1.915

From tinyG: [13:10:56] posa:-0.918

From tinyG: [13:10:56] posa:0.000,feed:250.00,vel:0.00,coor:1,momo:4,stat:3

Out > [13:10:58] $di1fn=2

Out > [13:10:59] g90 g0 a-25

Out > [13:10:59] g90 g0 a-20

From tinyG: [13:10:59] [di1fn] input function          2 [0=none,1=limit,2=interlock,3=shutdown]

From tinyG: [13:10:59] tinyg [mm] ok> 

From tinyG: [13:10:59] tinyg [mm] ok> 

From tinyG: [13:10:59] tinyg [mm] ok> 

From tinyG: [13:10:59] posa:-20.849,vel:7193.61,dist:0,momo:0,stat:5

From tinyG: [13:10:59] posa:-20.296,vel:1456.54

From tinyG: [13:10:59] posa:-20.000,vel:0.00,stat:3

Out > [13:10:59] g90 g0 a-25

Out > [13:10:59] g91 g1 a30 f250

From tinyG: [13:10:59] tinyg [mm] ok> 

From tinyG: [13:10:59] tinyg [mm] ok> 

From tinyG: [13:10:59] posa:-24.863,vel:250.00,dist:1,momo:1,stat:5

From tinyG: [13:11:00] posa:-24.031

From tinyG: [13:11:00] posa:-23.200

From tinyG: [13:11:00] posa:-22.363

From tinyG: [13:11:00] posa:-21.532

From tinyG: [13:11:00] posa:-20.689

From tinyG: [13:11:01] posa:-19.851

From tinyG: [13:11:01] posa:-19.014

From tinyG: [13:11:01] posa:-18.183

From tinyG: [13:11:01] posa:-17.339

From tinyG: [13:11:01] posa:-16.502

From tinyG: [13:11:02] posa:-15.671

From tinyG: [13:11:02] posa:-14.834

From tinyG: [13:11:02] posa:-13.990

From tinyG: [13:11:02] posa:-13.152

From tinyG: [13:11:02] posa:-12.321

From tinyG: [13:11:03] posa:-11.484

From tinyG: [13:11:03] posa:-10.640

From tinyG: [13:11:03] posa:-9.803

From tinyG: [13:11:03] posa:-8.972

From tinyG: [13:11:03] posa:-8.134

From tinyG: [13:11:04] posa:-7.303

From tinyG: [13:11:04] posa:-6.466

From tinyG: [13:11:04] posa:-5.622

From tinyG: [13:11:04] posa:-4.784

From tinyG: [13:11:04] posa:-3.953

From tinyG: [13:11:05] posa:-3.116

From tinyG: [13:11:05] posa:-2.285

From tinyG: [13:11:05] posa:-1.447

From tinyG: [13:11:05] posa:-0.616

From tinyG: [13:11:05] posa:-0.038,vel:0.00,stat:6

From tinyG: [13:11:06] tinyg [mm] ok> 

From tinyG: [13:11:06] stat:3

From tinyG: [13:11:06] [di1fn] input function          0 [0=none,1=limit,2=interlock,3=shutdown]

From tinyG: [13:11:06] tinyg [mm] ok> 

Out > [13:11:06] 

Out > [13:11:06] $posa

From tinyG: [13:11:06] A position:         -0.038 deg

From tinyG: [13:11:06] tinyg [mm] ok> 

Out > [13:11:11] $di1fn=2

Out > [13:11:11] g90 g0 a-25

From tinyG: [13:11:11] [di1fn] input function          2 [0=none,1=limit,2=interlock,3=shutdown]

From tinyG: [13:11:11] tinyg [mm] ok> 

From tinyG: [13:11:11] tinyg [mm] ok> 

From tinyG: [13:11:11] posa:-21.026,vel:7559.61,dist:0,momo:0,stat:5

From tinyG: [13:11:11] posa:-25.000,vel:0.00,stat:3

Out > [13:11:11] g90 g0 a-20

Out > [13:11:11] g90 g0 a-25

From tinyG: [13:11:11] tinyg [mm] ok> 

From tinyG: [13:11:11] tinyg [mm] ok> 

From tinyG: [13:11:12] posa:-21.115,vel:2609.07,stat:5

From tinyG: [13:11:12] posa:-25.000,vel:0.00,stat:3

Out > [13:11:12] g91 g1 a30 f250

Out > [13:11:12] 

From tinyG: [13:11:12] tinyg [mm] ok> 

From tinyG: [13:11:12] posa:-24.209,vel:250.00,dist:1,momo:1,stat:5

From tinyG: [13:11:12] posa:-23.371

From tinyG: [13:11:13] posa:-22.540

From tinyG: [13:11:13] posa:-21.702

From tinyG: [13:11:13] posa:-20.871

From tinyG: [13:11:13] posa:-20.033

From tinyG: [13:11:13] posa:-19.202

From tinyG: [13:11:14] posa:-18.365

From tinyG: [13:11:14] posa:-17.533

From tinyG: [13:11:14] posa:-16.696

From tinyG: [13:11:14] posa:-15.864

From tinyG: [13:11:14] posa:-15.021

From tinyG: [13:11:15] posa:-14.183

From tinyG: [13:11:15] posa:-13.352

From tinyG: [13:11:15] posa:-12.515

From tinyG: [13:11:15] posa:-11.671

From tinyG: [13:11:15] posa:-10.834

From tinyG: [13:11:16] posa:-10.003

From tinyG: [13:11:16] posa:-9.165

From tinyG: [13:11:16] posa:-8.321

From tinyG: [13:11:16] posa:-7.484

From tinyG: [13:11:16] posa:-6.653

From tinyG: [13:11:17] posa:-5.815

From tinyG: [13:11:17] posa:-4.971

From tinyG: [13:11:17] posa:-4.134

From tinyG: [13:11:17] posa:-3.303

From tinyG: [13:11:17] posa:-2.465

From tinyG: [13:11:18] posa:-1.622

From tinyG: [13:11:18] posa:-0.784

From tinyG: [13:11:18] posa:-0.037,vel:0.00,stat:6

From tinyG: [13:11:18] stat:3

