[17:53:22] Starting Log file for session: 2020723-175322

From tinyG: [17:53:23] {r:{fv:0.98,fb:86.03,hp:3,hv:0,id:"0213-0215-0515",msg:"SYSTEM READY"},f:[1,0,1]}

From tinyG: [17:53:26] {r:{tinygmo:null},f:[1,100,26]}

From tinyG: [17:53:26] {r:{baud:null},f:[1,100,11]}

From tinyG: [17:53:26] {r:{js:0},f:[1,0,9]}

From tinyG: [17:53:26] {r:{gpa:0},f:[1,0,10]}

From tinyG: [17:53:26] {r:{gun:1},f:[1,0,10]}

From tinyG: [17:53:26] {r:{ja:0.00},f:[1,0,9]}

From tinyG: [17:53:26] {r:{si:250},f:[1,0,11]}

From tinyG: [17:53:26] {r:{jv:5},f:[1,0,9]}

From tinyG: [17:53:26] {r:{mt:0},f:[1,0,11]}

From tinyG: [17:53:26] {r:{st:null},f:[1,100,9]}

From tinyG: [17:53:26] {r:{motorma:null},f:[1,100,20]}

From tinyG: [17:53:26] {r:{1ma:5},f:[1,0,10]}

From tinyG: [17:53:26] {r:{2ma:0},f:[1,0,10]}

From tinyG: [17:53:26] {r:{3ma:2},f:[1,0,10]}

From tinyG: [17:53:26] {r:{4ma:3},f:[1,0,10]}

From tinyG: [17:53:26] {r:{polarit:null},f:[1,100,18]}

From tinyG: [17:53:26] {r:{1po:1},f:[1,0,10]}

From tinyG: [17:53:26] {r:{2po:0},f:[1,0,10]}

From tinyG: [17:53:26] {r:{3po:1},f:[1,0,10]}

From tinyG: [17:53:26] {r:{4po:0},f:[1,0,10]}

From tinyG: [17:53:26] {r:{trvalue:null},f:[1,100,16]}

From tinyG: [17:53:26] {r:{1tr:60.0000},f:[1,0,11]}

From tinyG: [17:53:26] {r:{2tr:6.3500},f:[1,0,13]}

From tinyG: [17:53:26] {r:{3tr:5.0000},f:[1,0,10]}

From tinyG: [17:53:26] {r:{4tr:60.0000},f:[1,0,11]}

From tinyG: [17:53:26] {r:{powerse:null},f:[1,100,21]}

From tinyG: [17:53:26] {r:{1pl:1.000},f:[1,0,10]}

From tinyG: [17:53:26] {r:{2pl:1.000},f:[1,0,10]}

From tinyG: [17:53:26] {r:{3pl:0.000},f:[1,0,10]}

From tinyG: [17:53:26] {r:{4pl:0.000},f:[1,0,10]}

From tinyG: [17:53:26] {r:{1pm:2},f:[1,0,10]}

From tinyG: [17:53:26] {r:{2pm:2},f:[1,0,10]}

From tinyG: [17:53:26] {r:{3pm:2},f:[1,0,10]}

From tinyG: [17:53:26] {r:{4pm:2},f:[1,0,10]}

From tinyG: [17:53:26] {r:{motorse:null},f:[1,100,21]}

From tinyG: [17:53:26] {r:{1mi:16},f:[1,0,11]}

From tinyG: [17:53:26] {r:{2mi:32},f:[1,0,11]}

From tinyG: [17:53:26] {r:{3mi:10,msg:"*** WARNING *** Setting non-standard microstep value"},f:[1,0,11]}

From tinyG: [17:53:26] {r:{4mi:10,msg:"*** WARNING *** Setting non-standard microstep value"},f:[1,0,11]}

From tinyG: [17:53:26] {r:{1sa:1.800},f:[1,0,12]}

From tinyG: [17:53:26] {r:{2sa:1.800},f:[1,0,12]}

From tinyG: [17:53:26] {r:{3sa:1.800},f:[1,0,12]}

From tinyG: [17:53:26] {r:{4sa:1.800},f:[1,0,12]}

From tinyG: [17:53:26] {r:{axesset:null},f:[1,100,20]}

From tinyG: [17:53:26] {r:{xam:1},f:[1,0,10]}

From tinyG: [17:53:26] {r:{xvm:1500},f:[1,0,13]}

From tinyG: [17:53:26] {r:{xjm:5000},f:[1,0,13]}

From tinyG: [17:53:26] {r:{xfr:5000},f:[1,0,13]}

From tinyG: [17:53:26] {r:{xtn:-500.000},f:[1,0,13]}

From tinyG: [17:53:26] {r:{xtm:0.000},f:[1,0,10]}

From tinyG: [17:53:26] {r:{yam:0},f:[1,0,10]}

From tinyG: [17:53:26] {r:{yvm:0},f:[1,0,10]}

From tinyG: [17:53:26] {r:{yjm:0},f:[1,0,10]}

From tinyG: [17:53:26] {r:{yfr:0},f:[1,0,10]}

From tinyG: [17:53:26] {r:{zam:1},f:[1,0,10]}

From tinyG: [17:53:26] {r:{zvm:3750},f:[1,0,13]}

From tinyG: [17:53:26] {r:{zjm:5000},f:[1,0,13]}

From tinyG: [17:53:26] {r:{zfr:3750},f:[1,0,13]}

From tinyG: [17:53:26] {r:{ztn:-100.000},f:[1,0,13]}

From tinyG: [17:53:26] {r:{ztm:2.000},f:[1,0,10]}

From tinyG: [17:53:26] {r:{aam:1},f:[1,0,10]}

From tinyG: [17:53:26] {r:{avm:20000},f:[1,0,14]}

From tinyG: [17:53:26] {r:{ajm:10000},f:[1,0,14]}

From tinyG: [17:53:26] {r:{afr:15000},f:[1,0,14]}

From tinyG: [17:53:26] {r:{atn:-3600.000},f:[1,0,14]}

From tinyG: [17:53:26] {r:{atm:3600.000},f:[1,0,13]}

From tinyG: [17:53:26] {r:{cam:1},f:[1,0,10]}

From tinyG: [17:53:26] {r:{cvm:10000},f:[1,0,14]}

From tinyG: [17:53:26] {r:{cjm:5000},f:[1,0,13]}

From tinyG: [17:53:26] {r:{cfr:10000},f:[1,0,14]}

From tinyG: [17:53:26] {r:{ctn:-3600.000},f:[1,0,14]}

From tinyG: [17:53:26] {r:{ctm:3600.000},f:[1,0,13]}

From tinyG: [17:53:26] {r:{limitsw:null},f:[1,100,21]}

From tinyG: [17:53:26] {r:{sl:1},f:[1,0,9]}

From tinyG: [17:53:26] {r:{xsn:null},f:[1,100,10]}

From tinyG: [17:53:26] {r:{ahi:1},f:[1,0,10]}

From tinyG: [17:53:26] {r:{di1mo:1},f:[1,0,12]}

From tinyG: [17:53:26] {r:{di1ac:0},f:[1,0,12]}

From tinyG: [17:53:26] {r:{di1fn:0},f:[1,0,12]}

From tinyG: [17:53:26] {r:{xsx:null},f:[1,100,10]}

From tinyG: [17:53:26] {r:{xhi:2},f:[1,0,10]}

From tinyG: [17:53:26] {r:{di2mo:0},f:[1,0,12]}

From tinyG: [17:53:26] {r:{di2ac:0},f:[1,0,12]}

From tinyG: [17:53:26] {r:{di2fn:0},f:[1,0,12]}

From tinyG: [17:53:26] {r:{ysn:null},f:[1,100,10]}

From tinyG: [17:53:26] {r:{yhi:0},f:[1,0,10]}

From tinyG: [17:53:26] {r:{di3mo:-1},f:[1,0,13]}

From tinyG: [17:53:26] {r:{di3ac:0},f:[1,0,12]}

From tinyG: [17:53:26] {r:{di3fn:0},f:[1,0,12]}

From tinyG: [17:53:26] {r:{ysx:null},f:[1,100,10]}

From tinyG: [17:53:26] {r:{di4mo:-1},f:[1,0,13]}

From tinyG: [17:53:26] {r:{di4ac:0},f:[1,0,12]}

From tinyG: [17:53:26] {r:{di4fn:0},f:[1,0,12]}

From tinyG: [17:53:26] {r:{zsn:null},f:[1,100,10]}

From tinyG: [17:53:26] {r:{zhi:5},f:[1,0,10]}

From tinyG: [17:53:26] {r:{di5mo:0},f:[1,0,12]}

From tinyG: [17:53:26] {r:{di5ac:0},f:[1,0,12]}

From tinyG: [17:53:26] {r:{di5fn:0},f:[1,0,12]}

From tinyG: [17:53:26] {r:{zsx:null},f:[1,100,10]}

From tinyG: [17:53:26] {r:{di6mo:-1},f:[1,0,13]}

From tinyG: [17:53:26] {r:{di6ac:0},f:[1,0,12]}

From tinyG: [17:53:26] {r:{di6fn:0},f:[1,0,12]}

From tinyG: [17:53:26] {r:{asn:null},f:[1,100,10]}

From tinyG: [17:53:26] {r:{di7mo:-1},f:[1,0,13]}

From tinyG: [17:53:26] {r:{di7ac:0},f:[1,0,12]}

From tinyG: [17:53:26] {r:{di7fn:0},f:[1,0,12]}

From tinyG: [17:53:26] {r:{asx:null},f:[1,100,10]}

From tinyG: [17:53:26] {r:{di8mo:-1},f:[1,0,13]}

From tinyG: [17:53:26] {r:{di8ac:0},f:[1,0,12]}

From tinyG: [17:53:26] {r:{di8fn:0},f:[1,0,12]}

From tinyG: [17:53:26] {r:{di9mo:-1},f:[1,0,13]}

From tinyG: [17:53:26] {r:{di9ac:0},f:[1,0,12]}

From tinyG: [17:53:26] {r:{di9fn:0},f:[1,0,12]}

From tinyG: [17:53:26] {r:{homingc:null},f:[1,100,20]}

From tinyG: [17:53:26] {r:{st:null},f:[1,100,9]}

From tinyG: [17:53:26] {r:{xhd:1},f:[1,0,10]}

From tinyG: [17:53:26] {r:{xsv:1000},f:[1,0,13]}

From tinyG: [17:53:26] {r:{xlv:100.00},f:[1,0,12]}

From tinyG: [17:53:26] {r:{xlb:5.000},f:[1,0,10]}

From tinyG: [17:53:26] {r:{xzb:2.000},f:[1,0,10]}

From tinyG: [17:53:26] {r:{xjh:10000},f:[1,0,14]}

From tinyG: [17:53:26] {r:{zhd:0},f:[1,0,10]}

From tinyG: [17:53:26] {r:{zsv:1000},f:[1,0,13]}

From tinyG: [17:53:26] {r:{zlv:100.00},f:[1,0,12]}

From tinyG: [17:53:26] {r:{zlb:5.000},f:[1,0,10]}

From tinyG: [17:53:26] {r:{zzb:50.305},f:[1,0,15]}

From tinyG: [17:53:26] {r:{zjh:10000},f:[1,0,14]}

From tinyG: [17:53:26] {r:{ahd:1},f:[1,0,10]}

From tinyG: [17:53:26] {r:{asv:2000},f:[1,0,13]}

From tinyG: [17:53:26] {r:{alv:500.00},f:[1,0,12]}

From tinyG: [17:53:26] {r:{alb:20.000},f:[1,0,11]}

From tinyG: [17:53:26] {r:{azb:0.000},f:[1,0,10]}

From tinyG: [17:53:26] {r:{ajh:10000},f:[1,0,14]}

From tinyG: [17:53:26] {sr:{stat:3}}

Out > [17:53:35] G28.2 Z0 X0

Out > [17:53:35] G90

From tinyG: [17:53:35] {sr:{posz:-2.955,feed:1000.00,vel:1000.00,coor:0,momo:1,stat:9}}

From tinyG: [17:53:35] {sr:{posz:-7.129}}

From tinyG: [17:53:35] {sr:{posz:-11.304}}

From tinyG: [17:53:36] {sr:{posz:-15.454}}

From tinyG: [17:53:36] {sr:{posz:-19.653}}

From tinyG: [17:53:36] {sr:{posz:-23.828}}

From tinyG: [17:53:36] {sr:{posz:-22.956}}

From tinyG: [17:53:37] {sr:{posz:-19.658,vel:0.04}}

From tinyG: [17:53:37] {sr:{posz:-20.064,feed:100.00,vel:100.00}}

From tinyG: [17:53:37] {sr:{posz:-20.484}}

From tinyG: [17:53:37] {sr:{posz:-20.899}}

From tinyG: [17:53:38] {sr:{posz:-21.319}}

From tinyG: [17:53:38] {sr:{posz:-21.736}}

From tinyG: [17:53:38] {sr:{posz:-22.153}}

From tinyG: [17:53:38] {sr:{posz:-22.571}}

From tinyG: [17:53:39] {sr:{posz:-22.985}}

From tinyG: [17:53:39] {sr:{posz:-23.405}}

From tinyG: [17:53:39] {sr:{posz:-23.822}}

From tinyG: [17:53:39] {sr:{posz:-24.202,vel:0.00}}

From tinyG: [17:53:40] {sr:{posz:-20.397,feed:1000.00,vel:1000.00}}

From tinyG: [17:53:40] {sr:{posz:-16.222}}

From tinyG: [17:53:40] {sr:{posz:-12.023}}

From tinyG: [17:53:40] {sr:{posz:-7.848}}

From tinyG: [17:53:41] {sr:{posz:-3.674}}

From tinyG: [17:53:41] {sr:{posz:0.501}}

From tinyG: [17:53:41] {sr:{posz:4.651}}

From tinyG: [17:53:41] {sr:{posz:8.850}}

From tinyG: [17:53:42] {sr:{posz:13.025}}

From tinyG: [17:53:42] {sr:{posz:17.199}}

From tinyG: [17:53:42] {sr:{posz:21.374}}

From tinyG: [17:53:42] {sr:{posz:25.524}}

From tinyG: [17:53:43] {sr:{posx:1.980,posz:0.000}}

From tinyG: [17:53:43] {sr:{posx:0.259}}

From tinyG: [17:53:43] {sr:{posx:-2.615,vel:0.04}}

From tinyG: [17:53:43] {sr:{posx:-2.208,feed:100.00,vel:100.00}}

From tinyG: [17:53:44] {sr:{posx:-1.791}}

From tinyG: [17:53:44] {sr:{posx:-1.374}}

From tinyG: [17:53:44] {sr:{posx:-0.956}}

From tinyG: [17:53:44] {sr:{posx:-0.541}}

From tinyG: [17:53:45] {sr:{posx:-0.121}}

From tinyG: [17:53:45] {sr:{posx:0.296}}

From tinyG: [17:53:45] {sr:{posx:0.713}}

From tinyG: [17:53:45] {sr:{posx:1.131}}

From tinyG: [17:53:46] {sr:{posx:1.546}}

From tinyG: [17:53:46] {sr:{posx:1.965}}

From tinyG: [17:53:46] {r:{gc:"G90"},f:[1,0,4]}

From tinyG: [17:53:46] {sr:{posx:0.000,feed:0.00,vel:0.00,coor:1,dist:0,momo:4,stat:3}}

Out > [17:53:46] G0 Z-12

Out > [17:53:46] G28.2 A0

From tinyG: [17:53:46] {r:{gc:"G0Z-12"},f:[1,0,8]}

From tinyG: [17:53:46] {r:{gc:"G28.2A0"},f:[1,0,9]}

From tinyG: [17:53:46] {sr:{posz:-8.748,vel:3734.58,momo:0,stat:9}}

From tinyG: [17:53:47] {sr:{posz:-12.000,posa:51.725,feed:2000.00,vel:2000.00,coor:0,dist:1,momo:1}}

From tinyG: [17:53:47] {sr:{posa:60.024}}

From tinyG: [17:53:47] {sr:{posa:68.425}}

From tinyG: [17:53:47] {sr:{posa:76.775}}

From tinyG: [17:53:48] {sr:{posa:85.126}}

From tinyG: [17:53:48] {sr:{posa:93.476}}

From tinyG: [17:53:48] {sr:{posa:101.827}}

From tinyG: [17:53:48] {sr:{posa:110.177}}

From tinyG: [17:53:49] {sr:{posa:118.528}}

From tinyG: [17:53:49] {sr:{posa:126.878}}

From tinyG: [17:53:49] {sr:{posa:135.229}}

From tinyG: [17:53:49] {sr:{posa:143.579}}

From tinyG: [17:53:50] {sr:{posa:151.880}}

From tinyG: [17:53:50] {sr:{posa:160.280}}

From tinyG: [17:53:50] {sr:{posa:168.631}}

From tinyG: [17:53:50] {sr:{posa:176.981}}

From tinyG: [17:53:51] {sr:{posa:185.332}}

From tinyG: [17:53:51] {sr:{posa:193.682}}

From tinyG: [17:53:51] {sr:{posa:202.033}}

From tinyG: [17:53:51] {sr:{posa:210.383}}

From tinyG: [17:53:52] {sr:{posa:218.734}}

From tinyG: [17:53:52] {sr:{posa:227.084}}

From tinyG: [17:53:52] {sr:{posa:235.435}}

From tinyG: [17:53:52] {sr:{posa:243.785}}

From tinyG: [17:53:53] {sr:{posa:244.887}}

From tinyG: [17:53:53] {sr:{posa:236.559}}

From tinyG: [17:53:53] {sr:{posa:228.232}}

From tinyG: [17:53:53] {sr:{posa:227.394,feed:500.00,vel:500.00}}

From tinyG: [17:53:54] {sr:{posa:229.481}}

From tinyG: [17:53:54] {sr:{posa:231.568}}

From tinyG: [17:53:54] {sr:{posa:233.643}}

From tinyG: [17:53:54] {sr:{posa:235.742}}

From tinyG: [17:53:55] {sr:{posa:237.829}}

From tinyG: [17:53:55] {sr:{posa:239.916}}

From tinyG: [17:53:55] {sr:{posa:242.003}}

From tinyG: [17:53:55] {sr:{posa:244.090}}

From tinyG: [17:53:56] {sr:{posa:0.000,feed:1000.00,vel:0.00,momo:4,stat:3}}

Out > [17:53:56] G91 G0 A30

Out > [17:53:56] {$di1fn:2}

From tinyG: [17:53:56] {r:{gc:"G91G0A30"},f:[1,0,11]}

From tinyG: [17:53:56] {r:{$di1fn:null},f:[1,100,11]}

From tinyG: [17:53:56] {sr:{posa:23.781,vel:9659.52,momo:0,stat:5}}

From tinyG: [17:53:56] {sr:{posa:30.000,vel:0.00,stat:3}}

Out > [17:53:56] $di1ac=2

Out > [17:53:56] G91 G1 A-30 F500

From tinyG: [17:53:56] [di1ac] input action            2 [0=none,1=stop,2=halt,3=stop_steps,4=panic,5=reset]

From tinyG: [17:53:56] tinyg [mm] ok> 

From tinyG: [17:53:56] tinyg [mm] ok> 

From tinyG: [17:53:57] posa:28.041,feed:500.00,vel:500.00,momo:1,stat:5

From tinyG: [17:53:57] posa:25.942

From tinyG: [17:53:57] posa:23.855

From tinyG: [17:53:57] posa:21.768

From tinyG: [17:53:58] posa:19.681

From tinyG: [17:53:58] posa:17.594

From tinyG: [17:53:58] posa:15.507

From tinyG: [17:53:58] posa:13.432

From tinyG: [17:53:59] posa:12.586,vel:0.00,stat:6

