[13:52:57] Starting Log file for session: 2020724-135257

From tinyG: [13:52:59] {r:{fv:0.98,fb:86.03,hp:3,hv:0,id:"0213-0215-0515",msg:"SYSTEM READY"},f:[1,0,1]}

From tinyG: [13:53:06] {r:{tinygmo:null},f:[1,100,26]}

From tinyG: [13:53:06] {r:{baud:null},f:[1,100,11]}

From tinyG: [13:53:06] {r:{js:0},f:[1,0,9]}

From tinyG: [13:53:06] {r:{gpa:0},f:[1,0,10]}

From tinyG: [13:53:06] {r:{gun:1},f:[1,0,10]}

From tinyG: [13:53:06] {r:{ja:0.00},f:[1,0,9]}

From tinyG: [13:53:06] {r:{si:250},f:[1,0,11]}

From tinyG: [13:53:06] {r:{jv:5},f:[1,0,9]}

From tinyG: [13:53:06] {r:{mt:0},f:[1,0,11]}

From tinyG: [13:53:06] {r:{st:null},f:[1,100,9]}

From tinyG: [13:53:06] {r:{motorma:null},f:[1,100,20]}

From tinyG: [13:53:06] {r:{1ma:5},f:[1,0,10]}

From tinyG: [13:53:06] {r:{2ma:0},f:[1,0,10]}

From tinyG: [13:53:06] {r:{3ma:2},f:[1,0,10]}

From tinyG: [13:53:06] {r:{4ma:3},f:[1,0,10]}

From tinyG: [13:53:06] {r:{polarit:null},f:[1,100,18]}

From tinyG: [13:53:06] {r:{1po:1},f:[1,0,10]}

From tinyG: [13:53:06] {r:{2po:0},f:[1,0,10]}

From tinyG: [13:53:06] {r:{3po:1},f:[1,0,10]}

From tinyG: [13:53:06] {r:{4po:0},f:[1,0,10]}

From tinyG: [13:53:06] {r:{trvalue:null},f:[1,100,16]}

From tinyG: [13:53:06] {r:{1tr:60.0000},f:[1,0,11]}

From tinyG: [13:53:06] {r:{2tr:6.3500},f:[1,0,13]}

From tinyG: [13:53:06] {r:{3tr:5.0000},f:[1,0,10]}

From tinyG: [13:53:06] {r:{4tr:60.0000},f:[1,0,11]}

From tinyG: [13:53:06] {r:{powerse:null},f:[1,100,21]}

From tinyG: [13:53:06] {r:{1pl:1.000},f:[1,0,10]}

From tinyG: [13:53:06] {r:{2pl:1.000},f:[1,0,10]}

From tinyG: [13:53:06] {r:{3pl:0.000},f:[1,0,10]}

From tinyG: [13:53:06] {r:{4pl:0.000},f:[1,0,10]}

From tinyG: [13:53:06] {r:{1pm:2},f:[1,0,10]}

From tinyG: [13:53:06] {r:{2pm:2},f:[1,0,10]}

From tinyG: [13:53:06] {r:{3pm:2},f:[1,0,10]}

From tinyG: [13:53:06] {r:{4pm:2},f:[1,0,10]}

From tinyG: [13:53:06] {r:{motorse:null},f:[1,100,21]}

From tinyG: [13:53:06] {r:{1mi:16},f:[1,0,11]}

From tinyG: [13:53:06] {r:{2mi:32},f:[1,0,11]}

From tinyG: [13:53:06] {r:{3mi:10,msg:"*** WARNING *** Setting non-standard microstep value"},f:[1,0,11]}

From tinyG: [13:53:06] {r:{4mi:10,msg:"*** WARNING *** Setting non-standard microstep value"},f:[1,0,11]}

From tinyG: [13:53:06] {r:{1sa:1.800},f:[1,0,12]}

From tinyG: [13:53:06] {r:{2sa:1.800},f:[1,0,12]}

From tinyG: [13:53:06] {r:{3sa:1.800},f:[1,0,12]}

From tinyG: [13:53:06] {r:{4sa:1.800},f:[1,0,12]}

From tinyG: [13:53:06] {r:{axesset:null},f:[1,100,20]}

From tinyG: [13:53:06] {r:{xam:1},f:[1,0,10]}

From tinyG: [13:53:06] {r:{xvm:1500},f:[1,0,13]}

From tinyG: [13:53:06] {r:{xjm:5000},f:[1,0,13]}

From tinyG: [13:53:06] {r:{xfr:5000},f:[1,0,13]}

From tinyG: [13:53:06] {r:{xtn:-500.000},f:[1,0,13]}

From tinyG: [13:53:06] {r:{xtm:0.000},f:[1,0,10]}

From tinyG: [13:53:06] {r:{yam:0},f:[1,0,10]}

From tinyG: [13:53:06] {r:{yvm:0},f:[1,0,10]}

From tinyG: [13:53:06] {r:{yjm:0},f:[1,0,10]}

From tinyG: [13:53:06] {r:{yfr:0},f:[1,0,10]}

From tinyG: [13:53:06] {r:{zam:1},f:[1,0,10]}

From tinyG: [13:53:06] {r:{zvm:3750},f:[1,0,13]}

From tinyG: [13:53:06] {r:{zjm:5000},f:[1,0,13]}

From tinyG: [13:53:06] {r:{zfr:3750},f:[1,0,13]}

From tinyG: [13:53:06] {r:{ztn:-100.000},f:[1,0,13]}

From tinyG: [13:53:06] {r:{ztm:2.000},f:[1,0,10]}

From tinyG: [13:53:06] {r:{aam:1},f:[1,0,10]}

From tinyG: [13:53:06] {r:{avm:20000},f:[1,0,14]}

From tinyG: [13:53:06] {r:{ajm:10000},f:[1,0,14]}

From tinyG: [13:53:06] {r:{afr:15000},f:[1,0,14]}

From tinyG: [13:53:06] {r:{atn:-3600.000},f:[1,0,14]}

From tinyG: [13:53:06] {r:{atm:3600.000},f:[1,0,13]}

From tinyG: [13:53:06] {r:{cam:1},f:[1,0,10]}

From tinyG: [13:53:06] {r:{cvm:10000},f:[1,0,14]}

From tinyG: [13:53:06] {r:{cjm:5000},f:[1,0,13]}

From tinyG: [13:53:06] {r:{cfr:10000},f:[1,0,14]}

From tinyG: [13:53:06] {r:{ctn:-3600.000},f:[1,0,14]}

From tinyG: [13:53:06] {r:{ctm:3600.000},f:[1,0,13]}

From tinyG: [13:53:06] {r:{limitsw:null},f:[1,100,21]}

From tinyG: [13:53:06] {r:{sl:1},f:[1,0,9]}

From tinyG: [13:53:06] {r:{xsn:null},f:[1,100,10]}

From tinyG: [13:53:06] {r:{ahi:1},f:[1,0,10]}

From tinyG: [13:53:06] {r:{di1mo:1},f:[1,0,12]}

From tinyG: [13:53:06] {r:{di1ac:0},f:[1,0,12]}

From tinyG: [13:53:06] {r:{di1fn:0},f:[1,0,12]}

From tinyG: [13:53:06] {r:{xsx:null},f:[1,100,10]}

From tinyG: [13:53:06] {r:{xhi:2},f:[1,0,10]}

From tinyG: [13:53:06] {r:{di2mo:0},f:[1,0,12]}

From tinyG: [13:53:06] {r:{di2ac:0},f:[1,0,12]}

From tinyG: [13:53:06] {r:{di2fn:0},f:[1,0,12]}

From tinyG: [13:53:06] {r:{ysn:null},f:[1,100,10]}

From tinyG: [13:53:06] {r:{yhi:0},f:[1,0,10]}

From tinyG: [13:53:06] {r:{di3mo:-1},f:[1,0,13]}

From tinyG: [13:53:06] {r:{di3ac:0},f:[1,0,12]}

From tinyG: [13:53:06] {r:{di3fn:0},f:[1,0,12]}

From tinyG: [13:53:06] {r:{ysx:null},f:[1,100,10]}

From tinyG: [13:53:06] {r:{di4mo:-1},f:[1,0,13]}

From tinyG: [13:53:06] {r:{di4ac:0},f:[1,0,12]}

From tinyG: [13:53:06] {r:{di4fn:0},f:[1,0,12]}

From tinyG: [13:53:06] {r:{zsn:null},f:[1,100,10]}

From tinyG: [13:53:06] {r:{zhi:5},f:[1,0,10]}

From tinyG: [13:53:06] {r:{di5mo:0},f:[1,0,12]}

From tinyG: [13:53:06] {r:{di5ac:0},f:[1,0,12]}

From tinyG: [13:53:06] {r:{di5fn:0},f:[1,0,12]}

From tinyG: [13:53:06] {r:{zsx:null},f:[1,100,10]}

From tinyG: [13:53:06] {r:{di6mo:-1},f:[1,0,13]}

From tinyG: [13:53:06] {r:{di6ac:0},f:[1,0,12]}

From tinyG: [13:53:06] {r:{di6fn:0},f:[1,0,12]}

From tinyG: [13:53:06] {r:{asn:null},f:[1,100,10]}

From tinyG: [13:53:06] {r:{di7mo:-1},f:[1,0,13]}

From tinyG: [13:53:06] {r:{di7ac:0},f:[1,0,12]}

From tinyG: [13:53:06] {r:{di7fn:0},f:[1,0,12]}

From tinyG: [13:53:06] {r:{asx:null},f:[1,100,10]}

From tinyG: [13:53:06] {r:{di8mo:-1},f:[1,0,13]}

From tinyG: [13:53:06] {r:{di8ac:0},f:[1,0,12]}

From tinyG: [13:53:06] {r:{di8fn:0},f:[1,0,12]}

From tinyG: [13:53:06] {r:{di9mo:-1},f:[1,0,13]}

From tinyG: [13:53:06] r:{di9ac:0},f:[1,0,12]}

From tinyG: [13:53:06] {r:{di9fn:0},f:[1,0,12]}

From tinyG: [13:53:06] {r:{homingc:null},f:[1,100,20]}

From tinyG: [13:53:06] {r:{st:null},f:[1,100,9]}

From tinyG: [13:53:06] {r:{xhd:1},f:[1,0,10]}

From tinyG: [13:53:06] {r:{xsv:1000},f:[1,0,13]}

From tinyG: [13:53:06] {r:{xlv:100.00},f:[1,0,12]}

From tinyG: [13:53:06] {r:{xlb:5.000},f:[1,0,10]}

From tinyG: [13:53:06] {r:{xzb:2.000},f:[1,0,10]}

From tinyG: [13:53:06] {r:{xjh:10000},f:[1,0,14]}

From tinyG: [13:53:06] {r:{zhd:0},f:[1,0,10]}

From tinyG: [13:53:06] {r:{zsv:1000},f:[1,0,13]}

From tinyG: [13:53:06] {r:{zlv:100.00},f:[1,0,12]}

From tinyG: [13:53:06] {r:{zlb:5.000},f:[1,0,10]}

From tinyG: [13:53:06] {r:{zzb:50.305},f:[1,0,15]}

From tinyG: [13:53:06] {r:{zjh:10000},f:[1,0,14]}

From tinyG: [13:53:06] {r:{ahd:1},f:[1,0,10]}

From tinyG: [13:53:06] {r:{asv:2000},f:[1,0,13]}

From tinyG: [13:53:06] {r:{alv:500.00},f:[1,0,12]}

From tinyG: [13:53:06] {r:{alb:20.000},f:[1,0,11]}

From tinyG: [13:53:06] {r:{azb:0.000},f:[1,0,10]}

From tinyG: [13:53:06] {r:{ajh:10000},f:[1,0,14]}

From tinyG: [13:53:06] {sr:{stat:3}}

Out > [13:53:09] $ej:0


From tinyG: [13:53:09] [ej]  enable json mode            0 [0=text,1=JSON]

From tinyG: [13:53:09] tinyg [mm] ok> 

Out > [13:53:11] clls

From tinyG: [13:53:11] tinyg [mm] err[102]: Bad number format: clls 

Out > [13:53:15] G28.2 Z0 X0

From tinyG: [13:53:15] tinyg [mm] ok> 

From tinyG: [13:53:15] posz:-15.805,feed:1000.00,vel:1000.00,stat:9

From tinyG: [13:53:16] posz:-20.004

From tinyG: [13:53:16] posz:-24.179

From tinyG: [13:53:16] posz:-28.353

From tinyG: [13:53:16] posz:-32.528

From tinyG: [13:53:17] posz:-36.703

From tinyG: [13:53:17] posz:-40.852

From tinyG: [13:53:17] posz:-45.052

From tinyG: [13:53:17] posz:-49.227

From tinyG: [13:53:18] posz:-49.753

From tinyG: [13:53:18] posz:-45.766,vel:171.72

From tinyG: [13:53:18] posz:-46.053,feed:100.00,vel:100.00

From tinyG: [13:53:18] posz:-46.473

From tinyG: [13:53:19] posz:-46.890

From tinyG: [13:53:19] posz:-47.308

From tinyG: [13:53:19] posz:-47.725

From tinyG: [13:53:19] posz:-48.142

From tinyG: [13:53:20] posz:-48.559

From tinyG: [13:53:20] posz:-48.977

From tinyG: [13:53:20] posz:-49.394

From tinyG: [13:53:20] posz:-49.811

From tinyG: [13:53:21] posz:-50.228

From tinyG: [13:53:21] posz:-48.303,feed:1000.00,vel:1000.00

From tinyG: [13:53:21] posz:-44.104

From tinyG: [13:53:21] posz:-39.929

From tinyG: [13:53:22] posz:-35.754

From tinyG: [13:53:22] posz:-31.580

From tinyG: [13:53:22] posz:-27.430

From tinyG: [13:53:22] posz:-23.230

From tinyG: [13:53:23] posz:-19.056

From tinyG: [13:53:23] posz:-14.881

From tinyG: [13:53:23] posz:-10.707

From tinyG: [13:53:23] posz:-6.532

From tinyG: [13:53:24] posz:-2.357

From tinyG: [13:53:24] posx:0.190,posz:0.000,vel:869.34

From tinyG: [13:53:24] posx:2.103,vel:987.94

From tinyG: [13:53:24] posx:-2.061,vel:1000.00

From tinyG: [13:53:25] posx:-2.363,feed:100.00,vel:100.00

From tinyG: [13:53:25] posx:-1.946

From tinyG: [13:53:25] posx:-1.528

From tinyG: [13:53:25] posx:-1.111

From tinyG: [13:53:26] posx:-0.696

From tinyG: [13:53:26] posx:-0.276

From tinyG: [13:53:26] posx:0.141

From tinyG: [13:53:26] posx:0.558

From tinyG: [13:53:27] posx:0.976

From tinyG: [13:53:27] posx:1.391

From tinyG: [13:53:27] posx:1.810

From tinyG: [13:53:27] posx:1.099,feed:1000.00,vel:1000.00

From tinyG: [13:53:28] posx:0.000,feed:250.00,vel:0.00,momo:4,stat:3

Out > [13:53:28] G90 G0 Z-12

Out > [13:53:28] G28.2 A0

From tinyG: [13:53:28] tinyg [mm] ok> 

From tinyG: [13:53:28] tinyg [mm] ok> 

From tinyG: [13:53:28] posz:-11.293,vel:2083.77,dist:0,momo:0,stat:9

From tinyG: [13:53:28] posz:-12.000,posa:15.723,feed:2000.00,vel:2000.00,dist:1,momo:1

From tinyG: [13:53:28] posa:24.073

From tinyG: [13:53:29] posa:32.422

From tinyG: [13:53:29] posa:40.772

From tinyG: [13:53:29] posa:49.122

From tinyG: [13:53:29] posa:57.472

From tinyG: [13:53:30] posa:65.822

From tinyG: [13:53:30] posa:74.173

From tinyG: [13:53:30] posa:82.523

From tinyG: [13:53:30] posa:90.874

From tinyG: [13:53:31] posa:99.224

From tinyG: [13:53:31] posa:107.575

From tinyG: [13:53:31] posa:115.925

From tinyG: [13:53:31] posa:124.276

From tinyG: [13:53:32] posa:132.626

From tinyG: [13:53:32] posa:140.977

From tinyG: [13:53:32] posa:149.327

From tinyG: [13:53:32] posa:157.678

From tinyG: [13:53:33] posa:166.028

From tinyG: [13:53:33] posa:174.379

From tinyG: [13:53:33] posa:182.729

From tinyG: [13:53:33] posa:191.030

From tinyG: [13:53:34] posa:199.430

From tinyG: [13:53:34] posa:207.781

From tinyG: [13:53:34] posa:216.131

From tinyG: [13:53:34] posa:224.482

From tinyG: [13:53:35] posa:232.832

From tinyG: [13:53:35] posa:241.183

From tinyG: [13:53:35] posa:249.533

From tinyG: [13:53:35] posa:257.883

From tinyG: [13:53:36] posa:266.231

From tinyG: [13:53:36] posa:274.579

From tinyG: [13:53:36] posa:282.877

From tinyG: [13:53:36] posa:291.275

From tinyG: [13:53:37] posa:299.623

From tinyG: [13:53:37] posa:307.971

From tinyG: [13:53:37] posa:316.319

From tinyG: [13:53:37] posa:324.667

From tinyG: [13:53:38] posa:333.015

From tinyG: [13:53:38] posa:341.363

From tinyG: [13:53:38] posa:349.711

From tinyG: [13:53:38] posa:358.059

From tinyG: [13:53:39] posa:359.859

From tinyG: [13:53:39] posa:351.581

From tinyG: [13:53:39] posa:343.204

From tinyG: [13:53:39] posa:341.916,feed:500.00,vel:500.00

From tinyG: [13:53:40] posa:344.013

From tinyG: [13:53:40] posa:346.098

From tinyG: [13:53:40] posa:348.182

From tinyG: [13:53:40] posa:350.267

From tinyG: [13:53:41] posa:352.351

From tinyG: [13:53:41] posa:354.423

From tinyG: [13:53:41] posa:356.520

From tinyG: [13:53:41] posa:358.604

From tinyG: [13:53:42] posa:0.000,feed:1000.00,vel:0.00,momo:4,stat:3

Out > [13:53:42] G91 G0 A30

Out > [13:53:42] $di1fn=2

Out > [13:53:42] G91 G0 A1

From tinyG: [13:53:42] tinyg [mm] ok> 

From tinyG: [13:53:42] {er:{fb:86.03,st:9,msg:"File not open - write_persistent"}}

From tinyG: [13:53:42] [di1fn] input function          2 [0=none,1=limit,2=interlock,3=shutdown]

From tinyG: [13:53:42] tinyg [mm] ok> 

From tinyG: [13:53:42] tinyg [mm] ok> 

Out > [13:53:42] $di1ac=2

Out > [13:53:42] G91 G1 A-30 F250

From tinyG: [13:53:42] {er:{fb:86.03,st:9,msg:"File not open - write_persistent"}}

From tinyG: [13:53:42] [di1ac] input action            2 [0=none,1=stop,2=halt,3=stop_steps,4=panic,5=reset]

From tinyG: [13:53:42] tinyg [mm] ok> 

From tinyG: [13:53:42] tinyg [mm] ok> 

From tinyG: [13:53:42] posa:28.059,vel:3814.62,momo:0,stat:5

From tinyG: [13:53:42] posa:30.396,feed:250.00,vel:250.00,momo:1

From tinyG: [13:53:43] posa:29.346

From tinyG: [13:53:43] posa:28.302

From tinyG: [13:53:43] posa:27.259

From tinyG: [13:53:43] posa:26.215

From tinyG: [13:53:44] posa:25.171

From tinyG: [13:53:44] posa:24.127

From tinyG: [13:53:44] posa:23.083

From tinyG: [13:53:44] posa:22.039

From tinyG: [13:53:45] posa:20.996

From tinyG: [13:53:45] posa:19.952

From tinyG: [13:53:45] posa:18.908

From tinyG: [13:53:45] posa:17.864

From tinyG: [13:53:46] posa:16.820

From tinyG: [13:53:46] posa:15.777

From tinyG: [13:53:46] posa:14.733

From tinyG: [13:53:46] posa:13.689

From tinyG: [13:53:47] posa:12.646

From tinyG: [13:53:47] posa:11.701

From tinyG: [13:53:47] posa:10.657

From tinyG: [13:53:47] posa:9.614

From tinyG: [13:53:48] posa:8.570

From tinyG: [13:53:48] posa:7.527

From tinyG: [13:53:48] posa:6.483

From tinyG: [13:53:48] posa:5.440

From tinyG: [13:53:49] posa:4.403

From tinyG: [13:53:49] posa:3.353

From tinyG: [13:53:49] posa:2.309

From tinyG: [13:53:49] posa:1.266

From tinyG: [13:53:50] posa:1.000,vel:0.00,stat:3

From tinyG: [13:54:02] {r:{tinygmo:null},f:[1,100,26]}

From tinyG: [13:54:02] {r:{baud:null},f:[1,100,11]}

From tinyG: [13:54:02] {r:{js:0},f:[1,0,9]}

From tinyG: [13:54:02] {r:{gpa:0},f:[1,0,10]}

From tinyG: [13:54:02] {r:{gun:1},f:[1,0,10]}

From tinyG: [13:54:02] {r:{ja:0.00},f:[1,0,9]}

From tinyG: [13:54:02] {r:{si:250},f:[1,0,11]}

From tinyG: [13:54:02] {r:{jv:5},f:[1,0,9]}

From tinyG: [13:54:02] {r:{mt:0},f:[1,0,11]}

From tinyG: [13:54:02] {r:{st:null},f:[1,100,9]}

From tinyG: [13:54:02] {r:{motorma:null},f:[1,100,20]}

From tinyG: [13:54:02] {r:{1ma:5},f:[1,0,10]}

From tinyG: [13:54:02] {r:{2ma:0},f:[1,0,10]}

From tinyG: [13:54:02] {r:{3ma:2},f:[1,0,10]}

From tinyG: [13:54:02] {r:{4ma:3},f:[1,0,10]}

From tinyG: [13:54:02] {r:{polarit:null},f:[1,100,18]}

From tinyG: [13:54:02] {r:{1po:1},f:[1,0,10]}

From tinyG: [13:54:02] {r:{2po:0},f:[1,0,10]}

From tinyG: [13:54:02] {r:{3po:1},f:[1,0,10]}

From tinyG: [13:54:02] {r:{4po:0},f:[1,0,10]}

From tinyG: [13:54:02] {r:{trvalue:null},f:[1,100,16]}

From tinyG: [13:54:02] {r:{1tr:60.0000},f:[1,0,11]}

From tinyG: [13:54:02] {r:{2tr:6.3500},f:[1,0,13]}

From tinyG: [13:54:02] {r:{3tr:5.0000},f:[1,0,10]}

From tinyG: [13:54:02] {r:{4tr:60.0000},f:[1,0,11]}

From tinyG: [13:54:02] {r:{powerse:null},f:[1,100,21]}

From tinyG: [13:54:02] {r:{1pl:1.000},f:[1,0,10]}

From tinyG: [13:54:02] {r:{2pl:1.000},f:[1,0,10]}

From tinyG: [13:54:02] {r:{3pl:0.000},f:[1,0,10]}

From tinyG: [13:54:02] {r:{4pl:0.000},f:[1,0,10]}

From tinyG: [13:54:02] {r:{1pm:2},f:[1,0,10]}

From tinyG: [13:54:02] {r:{2pm:2},f:[1,0,10]}

From tinyG: [13:54:02] {r:{3pm:2},f:[1,0,10]}

From tinyG: [13:54:02] {r:{4pm:2},f:[1,0,10]}

From tinyG: [13:54:02] {r:{motorse:null},f:[1,100,21]}

From tinyG: [13:54:02] {r:{1mi:16},f:[1,0,11]}

From tinyG: [13:54:02] {r:{2mi:32},f:[1,0,11]}

From tinyG: [13:54:02] {r:{3mi:10,msg:"*** WARNING *** Setting non-standard microstep value"},f:[1,0,11]}

From tinyG: [13:54:02] {r:{4mi:10,msg:"*** WARNING *** Setting non-standard microstep value"},f:[1,0,11]}

From tinyG: [13:54:02] {r:{1sa:1.800},f:[1,0,12]}

From tinyG: [13:54:02] {r:{2sa:1.800},f:[1,0,12]}

From tinyG: [13:54:02] {r:{3sa:1.800},f:[1,0,12]}

From tinyG: [13:54:02] {r:{4sa:1.800},f:[1,0,12]}

From tinyG: [13:54:02] {r:{axesset:null},f:[1,100,20]}

From tinyG: [13:54:02] {r:{xam:1},f:[1,0,10]}

From tinyG: [13:54:02] {r:{xvm:1500},f:[1,0,13]}

From tinyG: [13:54:02] {r:{xjm:5000},f:[1,0,13]}

From tinyG: [13:54:02] {r:{xfr:5000},f:[1,0,13]}

From tinyG: [13:54:02] {r:{xtn:-500.000},f:[1,0,13]}

From tinyG: [13:54:02] {r:{xtm:0.000},f:[1,0,10]}

From tinyG: [13:54:02] {r:{yam:0},f:[1,0,10]}

From tinyG: [13:54:02] {r:{yvm:0},f:[1,0,10]}

From tinyG: [13:54:02] {r:{yjm:0},f:[1,0,10]}

From tinyG: [13:54:02] {r:{yfr:0},f:[1,0,10]}

From tinyG: [13:54:02] {r:{zam:1},f:[1,0,10]}

From tinyG: [13:54:02] {r:{zvm:3750},f:[1,0,13]}

From tinyG: [13:54:02] {r:{zjm:5000},f:[1,0,13]}

From tinyG: [13:54:02] {r:{zfr:3750},f:[1,0,13]}

From tinyG: [13:54:02] {r:{ztn:-100.000},f:[1,0,13]}

From tinyG: [13:54:02] {r:{ztm:2.000},f:[1,0,10]}

From tinyG: [13:54:02] {r:{aam:1},f:[1,0,10]}

From tinyG: [13:54:02] {r:{avm:20000},f:[1,0,14]}

From tinyG: [13:54:02] {r:{ajm:10000},f:[1,0,14]}

From tinyG: [13:54:02] {r:{afr:15000},f:[1,0,14]}

From tinyG: [13:54:02] {r:{atn:-3600.000},f:[1,0,14]}

From tinyG: [13:54:02] {r:{atm:3600.000},f:[1,0,13]}

From tinyG: [13:54:02] {r:{cam:1},f:[1,0,10]}

From tinyG: [13:54:02] {r:{cvm:10000},f:[1,0,14]}

From tinyG: [13:54:02] {r:{cjm:5000},f:[1,0,13]}

From tinyG: [13:54:02] {r:{cfr:10000},f:[1,0,14]}

From tinyG: [13:54:02] {r:{ctn:-3600.000},f:[1,0,14]}

From tinyG: [13:54:02] {r:{ctm:3600.000},f:[1,0,13]}

From tinyG: [13:54:02] {r:{limitsw:null},f:[1,100,21]}

From tinyG: [13:54:02] {r:{sl:1},f:[1,0,9]}

From tinyG: [13:54:02] {r:{xsn:null},f:[1,100,10]}

From tinyG: [13:54:02] {r:{ahi:1},f:[1,0,10]}

From tinyG: [13:54:02] {r:{di1mo:1},f:[1,0,12]}

From tinyG: [13:54:02] {r:{di1ac:0},f:[1,0,12]}

From tinyG: [13:54:02] {r:{di1fn:0},f:[1,0,12]}

From tinyG: [13:54:02] {r:{xsx:null},f:[1,100,10]}

From tinyG: [13:54:02] {r:{xhi:2},f:[1,0,10]}

From tinyG: [13:54:02] {r:{di2mo:0},f:[1,0,12]}

From tinyG: [13:54:02] {r:{di2ac:0},f:[1,0,12]}

From tinyG: [13:54:02] {r:{di2fn:0},f:[1,0,12]}

From tinyG: [13:54:02] {r:{ysn:null},f:[1,100,10]}

From tinyG: [13:54:02] {r:{yhi:0},f:[1,0,10]}

From tinyG: [13:54:02] {r:{di3mo:-1},f:[1,0,13]}

From tinyG: [13:54:02] {r:{di3ac:0},f:[1,0,12]}

From tinyG: [13:54:02] {r:{di3fn:0},f:[1,0,12]}

From tinyG: [13:54:02] {r:{ysx:null},f:[1,100,10]}

From tinyG: [13:54:02] {r:{di4mo:-1},f:[1,0,13]}

From tinyG: [13:54:02] {r:{di4ac:0},f:[1,0,12]}

From tinyG: [13:54:02] {r:{di4fn:0},f:[1,0,12]}

From tinyG: [13:54:02] {r:{zsn:null},f:[1,100,10]}

From tinyG: [13:54:02] {r:{zhi:5},f:[1,0,10]}

From tinyG: [13:54:02] {r:{di5mo:0},f:[1,0,12]}

From tinyG: [13:54:02] {r:{di5ac:0},f:[1,0,12]}

From tinyG: [13:54:02] {r:{di5fn:0},f:[1,0,12]}

From tinyG: [13:54:02] {r:{zsx:null},f:[1,100,10]}

From tinyG: [13:54:02] {r:{di6mo:-1},f:[1,0,13]}

From tinyG: [13:54:02] {r:{di6ac:0},f:[1,0,12]}

From tinyG: [13:54:02] {r:{di6fn:0},f:[1,0,12]}

From tinyG: [13:54:02] {r:{asn:null},f:[1,100,10]}

From tinyG: [13:54:02] {r:{di7mo:-1},f:[1,0,13]}

From tinyG: [13:54:02] {r:{di7ac:0},f:[1,0,12]}

From tinyG: [13:54:02] {r:{di7fn:0},f:[1,0,12]}

From tinyG: [13:54:02] {r:{asx:null},f:[1,100,10]}

From tinyG: [13:54:02] {r:{di8mo:-1},f:[1,0,13]}

From tinyG: [13:54:02] {r:{di8ac:0},f:[1,0,12]}

From tinyG: [13:54:02] {r:{di8fn:0},f:[1,0,12]}

From tinyG: [13:54:02] {r:{di9mo:-1},f:[1,0,13]}

From tinyG: [13:54:02] {r:{di9ac:0},f:[1,0,12]}

From tinyG: [13:54:02] {r:{di9fn:0},f:[1,0,12]}

From tinyG: [13:54:02] {r:{homingc:null},f:[1,100,20]}

From tinyG: [13:54:02] {r:{st:null},f:[1,100,9]}

From tinyG: [13:54:02] {r:{xhd:1},f:[1,0,10]}

From tinyG: [13:54:02] {r:{xsv:1000},f:[1,0,13]}

From tinyG: [13:54:02] {r:{xlv:100.00},f:[1,0,12]}

From tinyG: [13:54:02] {r:{xlb:5.000},f:[1,0,10]}

From tinyG: [13:54:02] {r:{xzb:2.000},f:[1,0,10]}

From tinyG: [13:54:02] {r:{xjh:10000},f:[1,0,14]}

From tinyG: [13:54:02] {r:{zhd:0},f:[1,0,10]}

From tinyG: [13:54:02] {r:{zsv:1000},f:[1,0,13]}

From tinyG: [13:54:02] {r:{zlv:100.00},f:[1,0,12]}

From tinyG: [13:54:02] {r:{zlb:5.000},f:[1,0,10]}

From tinyG: [13:54:02] {r:{zzb:50.305},f:[1,0,15]}

From tinyG: [13:54:02] {r:{zjh:10000},f:[1,0,14]}

From tinyG: [13:54:02] {r:{ahd:1},f:[1,0,10]}

From tinyG: [13:54:02] {r:{asv:2000},f:[1,0,13]}

From tinyG: [13:54:02] {r:{alv:500.00},f:[1,0,12]}

From tinyG: [13:54:02] {r:{alb:20.000},f:[1,0,11]}

From tinyG: [13:54:02] {r:{azb:0.000},f:[1,0,10]}

From tinyG: [13:54:02] {r:{ajh:10000},f:[1,0,14]}

From tinyG: [13:54:02] {sr:{stat:3}}

Out > [13:54:04] G28.2 Z0 X0

Out > [13:54:04] G90 G0 Z-12

From tinyG: [13:54:04] {r:{gc:"G28.2Z0X0"},f:[1,0,12]}

Out > [13:54:16] G28.2 A0

From tinyG: [13:54:16] {sr:{posz:-14.955,feed:1000.00,vel:1000.00,stat:9}}

From tinyG: [13:54:16] {sr:{posz:-19.129}}

From tinyG: [13:54:16] {sr:{posz:-23.304}}

From tinyG: [13:54:16] {sr:{posz:-27.454}}

From tinyG: [13:54:16] {sr:{posz:-31.653}}

From tinyG: [13:54:16] {sr:{posz:-35.828}}

From tinyG: [13:54:16] {sr:{posz:-40.002}}

From tinyG: [13:54:16] {sr:{posz:-44.177}}

From tinyG: [13:54:16] {sr:{posz:-48.327}}

From tinyG: [13:54:16] {sr:{posz:-50.627,vel:731.41}}

From tinyG: [13:54:16] {sr:{posz:-46.461,vel:1000.00}}

From tinyG: [13:54:16] {sr:{posz:-45.966,feed:100.00,vel:100.00}}

From tinyG: [13:54:16] {sr:{posz:-46.381}}

From tinyG: [13:54:16] {sr:{posz:-46.800}}

From tinyG: [13:54:16] {sr:{posz:-47.218}}

From tinyG: [13:54:16] {sr:{posz:-47.635}}

From tinyG: [13:54:16] {sr:{posz:-48.052}}

From tinyG: [13:54:16] {sr:{posz:-48.469}}

From tinyG: [13:54:16] {sr:{posz:-48.887}}

From tinyG: [13:54:16] {sr:{posz:-49.304}}

From tinyG: [13:54:16] {sr:{posz:-49.721}}

From tinyG: [13:54:16] {sr:{posz:-50.138}}

From tinyG: [13:54:16] {sr:{posz:-49.148,feed:1000.00,vel:1000.00}}

From tinyG: [13:54:16] {sr:{posz:-44.948}}

From tinyG: [13:54:16] {sr:{posz:-40.774}}

From tinyG: [13:54:16] {sr:{posz:-36.599}}

From tinyG: [13:54:16] {sr:{posz:-32.425}}

From tinyG: [13:54:16] {sr:{posz:-28.275}}

From tinyG: [13:54:16] {sr:{posz:-24.075}}

From tinyG: [13:54:16] {sr:{posz:-19.901}}

From tinyG: [13:54:16] {sr:{posz:-15.726}}

From tinyG: [13:54:16] {sr:{posz:-11.552}}

From tinyG: [13:54:16] {sr:{posz:-7.402}}

From tinyG: [13:54:16] {sr:{posz:-3.202}}

From tinyG: [13:54:16] {sr:{posz:0.000,vel:0.04}}

From tinyG: [13:54:16] {sr:{posx:2.408,vel:42.04}}

From tinyG: [13:54:16] {sr:{posx:-1.512,vel:1000.00}}

From tinyG: [13:54:16] {sr:{posx:-2.418,feed:100.00,vel:100.00}}

From tinyG: [13:54:16] {sr:{posx:-2.001}}

From tinyG: [13:54:16] {sr:{posx:-1.583}}

From tinyG: [13:54:16] {sr:{posx:-1.166}}

From tinyG: [13:54:16] {sr:{posx:-0.751}}

From tinyG: [13:54:16] {sr:{posx:-0.331}}

From tinyG: [13:54:16] {sr:{posx:0.086}}

From tinyG: [13:54:16] {sr:{posx:0.503}}

From tinyG: [13:54:16] {sr:{posx:0.921}}

From tinyG: [13:54:16] {sr:{posx:1.336}}

From tinyG: [13:54:16] {sr:{posx:1.755}}

From tinyG: [13:54:16] {sr:{posx:1.645,feed:1000.00,vel:998.95}}

From tinyG: [13:54:16] {r:{gc:"G90G0Z-12"},f:[1,0,12]}

From tinyG: [13:54:16] {r:{gc:"G28.2A0"},f:[1,0,9]}

Out > [13:54:16] G91 G0 A30

Out > [13:54:21] $di1fn=2

Out > [13:54:21] G91 G0 A1

From tinyG: [13:54:21] {sr:{posx:0.000,posz:-1.176,feed:250.00,vel:2643.49,dist:0,momo:0}}

From tinyG: [13:54:21] {sr:{posz:-12.000,vel:0.00}}

From tinyG: [13:54:21] {sr:{posa:-6.307,feed:2000.00,vel:2000.00,dist:1,momo:1}}

From tinyG: [13:54:21] {sr:{posa:-14.635}}

From tinyG: [13:54:21] {sr:{posa:-18.792,vel:1087.08}}

From tinyG: [13:54:21] {sr:{posa:-10.526,vel:2000.00}}

From tinyG: [13:54:21] {sr:{posa:-2.176}}

From tinyG: [13:54:21] {sr:{posa:-0.175}}

From tinyG: [13:54:21] {sr:{posa:-8.452}}

From tinyG: [13:54:21] {sr:{posa:-16.829}}

From tinyG: [13:54:21] {sr:{posa:-18.242,feed:500.00,vel:500.00}}

From tinyG: [13:54:21] {sr:{posa:-16.142}}

From tinyG: [13:54:21] {sr:{posa:-14.056}}

From tinyG: [13:54:21] {sr:{posa:-11.969}}

From tinyG: [13:54:21] {sr:{posa:-9.882}}

From tinyG: [13:54:21] {sr:{posa:-7.795}}

From tinyG: [13:54:21] {sr:{posa:-5.721}}

From tinyG: [13:54:21] {sr:{posa:-3.621}}

From tinyG: [13:54:21] {sr:{posa:-1.535}}

From tinyG: [13:54:21] {r:{gc:"G91G0A30"},f:[1,0,11]}

From tinyG: [13:54:21] {er:{fb:86.03,st:9,msg:"File not open - write_persistent"}}

From tinyG: [13:54:21] [di1fn] input function          2 [0=none,1=limit,2=interlock,3=shutdown]

From tinyG: [13:54:21] tinyg [mm] ok> 

From tinyG: [13:54:21] tinyg [mm] ok> 

Out > [13:54:21] $di1ac=2

Out > [13:54:21] G91 G1 A-30 F250

From tinyG: [13:54:21] {er:{fb:86.03,st:9,msg:"File not open - write_persistent"}}

From tinyG: [13:54:21] [di1ac] input action            2 [0=none,1=stop,2=halt,3=stop_steps,4=panic,5=reset]

From tinyG: [13:54:21] tinyg [mm] ok> 

From tinyG: [13:54:21] tinyg [mm] ok> 

From tinyG: [13:54:21] posa:0.000,feed:1000.00,vel:0.35,momo:0,stat:5

From tinyG: [13:54:22] posa:28.240,vel:3546.65

From tinyG: [13:54:22] posa:30.384,feed:250.00,vel:250.00,momo:1

From tinyG: [13:54:22] posa:29.340

From tinyG: [13:54:22] posa:28.290

From tinyG: [13:54:23] posa:27.246

From tinyG: [13:54:23] posa:26.202

From tinyG: [13:54:23] posa:25.158

From tinyG: [13:54:23] posa:24.115

From tinyG: [13:54:24] posa:23.071

From tinyG: [13:54:24] posa:22.027

From tinyG: [13:54:24] posa:20.983

From tinyG: [13:54:24] posa:19.939

From tinyG: [13:54:25] posa:18.896

From tinyG: [13:54:25] posa:17.852

From tinyG: [13:54:25] posa:16.808

From tinyG: [13:54:25] posa:15.764

From tinyG: [13:54:26] posa:14.720

From tinyG: [13:54:26] posa:13.677

From tinyG: [13:54:26] posa:12.633

From tinyG: [13:54:26] posa:11.688

From tinyG: [13:54:27] posa:10.645

From tinyG: [13:54:27] posa:9.601

From tinyG: [13:54:27] posa:8.558

From tinyG: [13:54:27] posa:7.514

From tinyG: [13:54:28] posa:6.471

From tinyG: [13:54:28] posa:5.427

From tinyG: [13:54:28] posa:4.390

From tinyG: [13:54:28] posa:3.340

From tinyG: [13:54:29] posa:2.297

From tinyG: [13:54:29] posa:1.253

From tinyG: [13:54:29] posa:1.000,vel:0.00,stat:3

