[18:13:04] Starting Log file for session: 20201029-18134

From tinyG: [18:13:05] {"r":{"fv":0.98,"fb":86.03,"hp":3,"hv":0,"id":"0213-0215-0515","msg":"SYSTEM READY"},"f":[1,0,1]}

From tinyG: [18:13:05] tinyg [mm] ok> 

From tinyG: [18:13:05] [ej]  enable json mode            0 [0=text,1=JSON]

From tinyG: [18:13:05] tinyg [mm] ok> 

Out > [18:13:11] g28.2a0

Out > [18:13:11] $di1fn=0

Out > [18:13:14] g90 g0 a30

From tinyG: [18:13:14] tinyg [mm] ok> 

From tinyG: [18:13:14] posa:-5.665,feed:2000.00,vel:2000.00,coor:0,dist:1,momo:1,stat:9

From tinyG: [18:13:14] posa:-10.019,vel:0.03

From tinyG: [18:13:14] posa:-4.345,vel:2000.00

From tinyG: [18:13:14] posa:1.230,vel:0.03

From tinyG: [18:13:14] vel:0.00

From tinyG: [18:13:14] posa:-4.416,vel:2000.00

From tinyG: [18:13:14] posa:-8.770,vel:0.03

From tinyG: [18:13:14] posa:-7.823,feed:300.00,vel:300.00

From tinyG: [18:13:14] posa:-6.818

From tinyG: [18:13:14] posa:-5.814

From tinyG: [18:13:14] posa:-4.816

From tinyG: [18:13:14] posa:-3.812

From tinyG: [18:13:14] posa:-2.814

From tinyG: [18:13:14] posa:-1.810

From tinyG: [18:13:14] posa:-0.812

From tinyG: [18:13:14] [di1fn] input function          0 [0=none,1=limit,2=interlock,3=shutdown]

From tinyG: [18:13:14] tinyg [mm] ok> 

From tinyG: [18:13:14] tinyg [mm] ok> 

Out > [18:13:14] g90 g0 a-20 z-9

From tinyG: [18:13:14] tinyg [mm] ok> 

From tinyG: [18:13:14] posa:0.000,vel:0.00,stat:5

From tinyG: [18:13:15] posa:21.384,feed:250.00,vel:9671.33,coor:1,dist:0,momo:0

Out > [18:13:15] g90 g0 a30

From tinyG: [18:13:15] tinyg [mm] ok> 

From tinyG: [18:13:15] posz:-0.593,posa:26.704,vel:4221.90

From tinyG: [18:13:15] posz:-3.245,posa:11.974,vel:4515.87

From tinyG: [18:13:15] posz:-5.922,posa:-2.902

From tinyG: [18:13:15] posz:-8.567,posa:-17.594,vel:4048.41

From tinyG: [18:13:16] posz:-9.000,posa:-14.207,vel:8705.25

From tinyG: [18:13:16] posa:18.977,vel:9995.55

From tinyG: [18:13:16] posa:30.000,vel:0.00,stat:3

Out > [18:13:16] g90 g0 z0

Out > [18:13:16] g90 g0 a-30

From tinyG: [18:13:16] tinyg [mm] ok> 

From tinyG: [18:13:16] tinyg [mm] ok> 

From tinyG: [18:13:16] posz:-7.182,vel:800.00,stat:5

From tinyG: [18:13:16] posz:-4.506

From tinyG: [18:13:17] posz:-1.809

From tinyG: [18:13:17] posz:0.000,posa:29.897,vel:465.80

From tinyG: [18:13:17] posa:4.423,vel:10000.00

From tinyG: [18:13:17] posa:-27.660,vel:5769.70

From tinyG: [18:13:17] posa:-30.000,vel:0.00,stat:3

Out > [18:13:18] g90 g0 a20 z-9

Out > [18:13:18] g90 g0 a-30

From tinyG: [18:13:18] tinyg [mm] ok> 

From tinyG: [18:13:18] tinyg [mm] ok> 

From tinyG: [18:13:18] posz:-1.819,posa:-19.896,vel:4515.87,stat:5

From tinyG: [18:13:18] posz:-4.496,posa:-5.020

From tinyG: [18:13:18] posz:-7.154,posa:9.745

From tinyG: [18:13:18] posz:-9.000,posa:19.716,vel:1119.81

From tinyG: [18:13:19] posa:-6.012,vel:10000.00

From tinyG: [18:13:19] posa:-29.991,vel:138.40

From tinyG: [18:13:19] posa:-30.000,vel:0.00,stat:3

Out > [18:13:19] g90 g0 z0

Out > [18:13:19] $di1fn=2

Out > [18:13:19] g90 g0 a-15

From tinyG: [18:13:19] tinyg [mm] ok> 

From tinyG: [18:13:19] {"er":{"fb":86.03,"st":9,"msg":"File not open - write_persistent"}}

From tinyG: [18:13:19] [di1fn] input function          2 [0=none,1=limit,2=interlock,3=shutdown]

From tinyG: [18:13:19] tinyg [mm] ok> 

From tinyG: [18:13:19] tinyg [mm] ok> 

From tinyG: [18:13:19] posz:-7.182,vel:800.00,stat:5

From tinyG: [18:13:19] posz:-4.506

From tinyG: [18:13:20] posz:-1.809

From tinyG: [18:13:20] posz:0.000,posa:-29.892,vel:503.18

From tinyG: [18:13:20] posa:-15.032,vel:349.30

From tinyG: [18:13:20] posa:-15.000,vel:0.00,stat:3

Out > [18:13:20] g90 g0 a-10

Out > [18:13:20] g90 g0 a-15

From tinyG: [18:13:20] tinyg [mm] ok> 

From tinyG: [18:13:20] tinyg [mm] ok> 

From tinyG: [18:13:21] posa:-11.115,vel:2609.07,stat:5

From tinyG: [18:13:21] posa:-15.000,vel:0.00,stat:3

Out > [18:13:21] g91 g1 a30 f250

Out > [18:13:21] g90 g0 z-5

From tinyG: [18:13:21] tinyg [mm] ok> 

From tinyG: [18:13:21] tinyg [mm] ok> 

From tinyG: [18:13:21] posa:-14.209,vel:250.00,dist:1,momo:1,stat:5

From tinyG: [18:13:21] posa:-13.365

From tinyG: [18:13:21] posa:-12.528

From tinyG: [18:13:22] posa:-11.697

From tinyG: [18:13:22] posa:-10.859

From tinyG: [18:13:22] posa:-10.015

From tinyG: [18:13:22] posa:-9.178

From tinyG: [18:13:22] posa:-8.347

From tinyG: [18:13:23] posa:-7.509

From tinyG: [18:13:23] posa:-6.666

From tinyG: [18:13:23] posa:-5.829

From tinyG: [18:13:23] posa:-4.997

From tinyG: [18:13:23] posa:-4.160

From tinyG: [18:13:24] posa:-3.329

From tinyG: [18:13:24] posa:-2.492

From tinyG: [18:13:24] posa:-1.648

From tinyG: [18:13:24] posa:-0.811

From tinyG: [18:13:24] posa:-0.013,vel:7.44,stat:6

From tinyG: [18:13:25] tinyg [mm] ok> 

From tinyG: [18:13:25] [di1fn] input function          0 [0=none,1=limit,2=interlock,3=shutdown]

From tinyG: [18:13:25] tinyg [mm] ok> 

Out > [18:13:25] g90 g0 z0

Out > [18:13:25] $posa

From tinyG: [18:13:25] tinyg [mm] ok> 

From tinyG: [18:13:25] A position:         -0.013 deg

From tinyG: [18:13:25] tinyg [mm] ok> 

From tinyG: [18:13:25] vel:0.00,dist:0,momo:0,stat:3

