[12:06:59] Starting Log file for session: 20201029-12659

From tinyG: [12:07:00] {"r":{"fv":0.98,"fb":86.03,"hp":3,"hv":0,"id":"0213-0215-0515","msg":"SYSTEM READY"},"f":[1,0,1]}

From tinyG: [12:07:00] tinyg [mm] ok> 

From tinyG: [12:07:00] [ej]  enable json mode            0 [0=text,1=JSON]

From tinyG: [12:07:00] tinyg [mm] ok> 

Out > [12:07:05] !%

Out > [12:07:05] $di1fn=2

Out > [12:07:05] g90 g0 a-15

From tinyG: [12:07:05] tinyg [mm] ok> 

From tinyG: [12:07:05] [di1fn] input function          2 [0=none,1=limit,2=interlock,3=shutdown]

From tinyG: [12:07:05] tinyg [mm] ok> 

From tinyG: [12:07:05] tinyg [mm] ok> 

From tinyG: [12:07:06] posa:-14.605,vel:1918.21,dist:0,momo:0,stat:5

From tinyG: [12:07:06] posa:-15.000,vel:0.00,stat:3

Out > [12:07:06] g91 g1 a30 f250

From tinyG: [12:07:06] tinyg [mm] ok> 

From tinyG: [12:07:06] posa:-14.209,vel:250.00,dist:1,momo:1,stat:5

From tinyG: [12:07:06] posa:-13.371

From tinyG: [12:07:06] posa:-12.540

From tinyG: [12:07:07] posa:-11.703

From tinyG: [12:07:07] posa:-10.872

From tinyG: [12:07:07] posa:-10.034

From tinyG: [12:07:07] posa:-9.203

From tinyG: [12:07:07] posa:-8.366

From tinyG: [12:07:08] posa:-7.534

From tinyG: [12:07:08] posa:-6.697

From tinyG: [12:07:08] posa:-5.866

From tinyG: [12:07:08] posa:-5.028

From tinyG: [12:07:08] posa:-4.197

From tinyG: [12:07:09] posa:-3.353

From tinyG: [12:07:09] posa:-2.516

From tinyG: [12:07:09] posa:-1.685

From tinyG: [12:07:09] posa:-0.847

From tinyG: [12:07:09] posa:-0.021,vel:82.07,stat:6

From tinyG: [12:07:10] [di1fn] input function          0 [0=none,1=limit,2=interlock,3=shutdown]

From tinyG: [12:07:10] tinyg [mm] ok> 

Out > [12:07:10] $posa

From tinyG: [12:07:10] A position:         -0.018 deg

From tinyG: [12:07:10] tinyg [mm] ok> 

From tinyG: [12:07:10] posa:-0.018,vel:0.00,stat:3

Out > [12:08:23] !%

Out > [12:08:23] $di1fn=2

Out > [12:08:23] g90 g0 a-15

From tinyG: [12:08:23] tinyg [mm] ok> 

From tinyG: [12:08:23] [di1fn] input function          2 [0=none,1=limit,2=interlock,3=shutdown]

From tinyG: [12:08:23] tinyg [mm] ok> 

From tinyG: [12:08:23] tinyg [mm] ok> 

From tinyG: [12:08:23] posa:-14.605,vel:1918.74,dist:0,momo:0,stat:5

From tinyG: [12:08:23] posa:-15.000,vel:0.00,stat:3

Out > [12:08:23] g91 g1 a30 f250

From tinyG: [12:08:23] tinyg [mm] ok> 

From tinyG: [12:08:24] posa:-14.209,vel:250.00,dist:1,momo:1,stat:5

From tinyG: [12:08:24] posa:-13.371

From tinyG: [12:08:24] posa:-12.540

From tinyG: [12:08:24] posa:-11.703

From tinyG: [12:08:24] posa:-10.872

From tinyG: [12:08:25] posa:-10.034

From tinyG: [12:08:25] posa:-9.203

From tinyG: [12:08:25] posa:-8.366

From tinyG: [12:08:25] posa:-7.534

From tinyG: [12:08:25] posa:-6.697

From tinyG: [12:08:26] posa:-5.866

From tinyG: [12:08:26] posa:-5.022

From tinyG: [12:08:26] posa:-4.184

From tinyG: [12:08:26] posa:-3.353

From tinyG: [12:08:26] posa:-2.516

From tinyG: [12:08:27] posa:-1.672

From tinyG: [12:08:27] posa:-0.835

From tinyG: [12:08:27] posa:-0.015,vel:82.07,stat:6

From tinyG: [12:08:27] tinyg [mm] ok> 

From tinyG: [12:08:27] [di1fn] input function          0 [0=none,1=limit,2=interlock,3=shutdown]

From tinyG: [12:08:27] tinyg [mm] ok> 

Out > [12:08:27] $posa

From tinyG: [12:08:27] A position:         -0.012 deg

From tinyG: [12:08:27] tinyg [mm] ok> 

From tinyG: [12:08:27] posa:-0.012,vel:0.00,stat:3

Out > [12:08:30] !%

Out > [12:08:30] $di1fn=2

Out > [12:08:30] g90 g0 a-15

From tinyG: [12:08:30] tinyg [mm] ok> 

From tinyG: [12:08:30] [di1fn] input function          2 [0=none,1=limit,2=interlock,3=shutdown]

From tinyG: [12:08:30] tinyg [mm] ok> 

From tinyG: [12:08:30] tinyg [mm] ok> 

From tinyG: [12:08:30] posa:-14.605,vel:1919.27,dist:0,momo:0,stat:5

From tinyG: [12:08:31] posa:-15.000,vel:0.00,stat:3

Out > [12:08:31] g91 g1 a30 f250

From tinyG: [12:08:31] tinyg [mm] ok> 

From tinyG: [12:08:31] posa:-14.209,vel:250.00,dist:1,momo:1,stat:5

From tinyG: [12:08:31] posa:-13.371

From tinyG: [12:08:31] posa:-12.540

From tinyG: [12:08:31] posa:-11.703

From tinyG: [12:08:32] posa:-10.872

From tinyG: [12:08:32] posa:-10.034

From tinyG: [12:08:32] posa:-9.203

From tinyG: [12:08:32] posa:-8.366

From tinyG: [12:08:32] posa:-7.534

From tinyG: [12:08:33] posa:-6.697

From tinyG: [12:08:33] posa:-5.866

From tinyG: [12:08:33] posa:-5.028

From tinyG: [12:08:33] posa:-4.197

From tinyG: [12:08:33] posa:-3.353

From tinyG: [12:08:34] posa:-2.516

From tinyG: [12:08:34] posa:-1.678

From tinyG: [12:08:34] posa:-0.847

From tinyG: [12:08:34] posa:-0.021,vel:82.07,stat:6

From tinyG: [12:08:34] [di1fn] input function          0 [0=none,1=limit,2=interlock,3=shutdown]

From tinyG: [12:08:34] tinyg [mm] ok> 

Out > [12:08:34] $posa

From tinyG: [12:08:34] A position:         -0.018 deg

From tinyG: [12:08:34] tinyg [mm] ok> 

From tinyG: [12:08:34] posa:-0.018,vel:0.00,stat:3

Out > [12:08:35] !%

Out > [12:08:35] $di1fn=2

Out > [12:08:35] g90 g0 a-15

From tinyG: [12:08:35] tinyg [mm] ok> 

From tinyG: [12:08:35] [di1fn] input function          2 [0=none,1=limit,2=interlock,3=shutdown]

From tinyG: [12:08:35] tinyg [mm] ok> 

From tinyG: [12:08:36] tinyg [mm] ok> 

From tinyG: [12:08:36] posa:-14.605,vel:1918.74,dist:0,momo:0,stat:5

From tinyG: [12:08:36] posa:-15.000,vel:0.00,stat:3

Out > [12:08:36] g91 g1 a30 f250

From tinyG: [12:08:36] tinyg [mm] ok> 

From tinyG: [12:08:36] posa:-14.209,vel:250.00,dist:1,momo:1,stat:5

From tinyG: [12:08:36] posa:-13.371

From tinyG: [12:08:37] posa:-12.540

From tinyG: [12:08:37] posa:-11.703

From tinyG: [12:08:37] posa:-10.872

From tinyG: [12:08:37] posa:-10.034

From tinyG: [12:08:37] posa:-9.203

From tinyG: [12:08:38] posa:-8.366

From tinyG: [12:08:38] posa:-7.534

From tinyG: [12:08:38] posa:-6.691

From tinyG: [12:08:38] posa:-5.853

From tinyG: [12:08:38] posa:-5.016

From tinyG: [12:08:39] posa:-4.184

From tinyG: [12:08:39] posa:-3.341

From tinyG: [12:08:39] posa:-2.503

From tinyG: [12:08:39] posa:-1.672

From tinyG: [12:08:39] posa:-0.835

From tinyG: [12:08:40] posa:-0.025,vel:18.33,stat:6

From tinyG: [12:08:40] tinyg [mm] ok> 

From tinyG: [12:08:40] [di1fn] input function          0 [0=none,1=limit,2=interlock,3=shutdown]

From tinyG: [12:08:40] tinyg [mm] ok> 

Out > [12:08:40] $posa

From tinyG: [12:08:40] A position:         -0.025 deg

From tinyG: [12:08:40] tinyg [mm] ok> 

From tinyG: [12:08:40] vel:0.00,stat:3

Out > [12:09:08] !%

Out > [12:09:08] $di1fn=2

Out > [12:09:08] g90 g0 a-15

From tinyG: [12:09:08] tinyg [mm] ok> 

From tinyG: [12:09:08] [di1fn] input function          2 [0=none,1=limit,2=interlock,3=shutdown]

From tinyG: [12:09:08] tinyg [mm] ok> 

From tinyG: [12:09:08] tinyg [mm] ok> 

From tinyG: [12:09:08] posa:-14.605,vel:1918.21,dist:0,momo:0,stat:5

From tinyG: [12:09:08] posa:-15.000,vel:0.00,stat:3

Out > [12:09:08] g91 g1 a30 f250

Out > [12:09:08] !%

From tinyG: [12:09:08] tinyg [mm] ok> 

Out > [12:09:27] g90 g0 a20

From tinyG: [12:09:27] tinyg [mm] ok> 

Out > [12:09:28] ~

Out > [12:09:33] ~

Out > [12:09:35] g90 g0 a20

From tinyG: [12:09:35] tinyg [mm] ok> 

From tinyG: [12:09:35] stat:6

From tinyG: [12:09:35] posa:6.335,vel:9241.01

From tinyG: [12:09:35] posa:15.964,vel:4362.74,stat:5

From tinyG: [12:09:35] posa:20.000,vel:0.00,stat:3

Out > [12:09:59] !%

Out > [12:09:59] $di1fn=2

Out > [12:09:59] g90 g0 a-15

From tinyG: [12:09:59] tinyg [mm] ok> 

From tinyG: [12:09:59] [di1fn] input function          2 [0=none,1=limit,2=interlock,3=shutdown]

From tinyG: [12:09:59] tinyg [mm] ok> 

From tinyG: [12:09:59] tinyg [mm] ok> 

From tinyG: [12:09:59] posa:0.290,vel:5261.69,stat:6

From tinyG: [12:10:00] {"er":{"fb":86.03,"st":9,"msg":"File not open - write_persistent"}}

From tinyG: [12:10:00] [di1fn] input function          0 [0=none,1=limit,2=interlock,3=shutdown]

From tinyG: [12:10:00] tinyg [mm] ok> 

Out > [12:10:00] $posa

From tinyG: [12:10:00] A position:         -1.697 deg

From tinyG: [12:10:00] tinyg [mm] ok> 

From tinyG: [12:10:00] posa:-1.697,vel:0.00,stat:3

Out > [12:10:09] !%

Out > [12:10:09] $di1fn=2

Out > [12:10:09] g90 g0 a-15

From tinyG: [12:10:09] tinyg [mm] ok> 

From tinyG: [12:10:09] [di1fn] input function          2 [0=none,1=limit,2=interlock,3=shutdown]

From tinyG: [12:10:09] tinyg [mm] ok> 

From tinyG: [12:10:09] tinyg [mm] ok> 

From tinyG: [12:10:09] posa:-14.837,vel:1077.09,stat:5

From tinyG: [12:10:09] posa:-15.000,vel:0.00,stat:3

Out > [12:10:09] g91 g1 a30 f250

Out > [12:10:09] !%

From tinyG: [12:10:09] tinyg [mm] ok> 

Out > [12:10:30] !%

Out > [12:10:30] $di1fn=2

Out > [12:10:30] g90 g0 a-15

From tinyG: [12:10:30] {"er":{"fb":86.03,"st":9,"msg":"File not open - write_persistent"}}

From tinyG: [12:10:30] [di1fn] input function          2 [0=none,1=limit,2=interlock,3=shutdown]

From tinyG: [12:10:30] tinyg [mm] ok> 

From tinyG: [12:10:30] tinyg [mm] ok> 

From tinyG: [12:10:30] line:0,posx:0.000,posy:0.000,posz:0.000,posa:-15.000,feed:250.00,vel:0.00,unit:1,coor:1,dist:0,admo:1,frmo:1,momo:0,stat:3

Out > [12:10:30] g91 g1 a30 f250

From tinyG: [12:10:31] tinyg [mm] ok> 

From tinyG: [12:10:31] posa:-14.209,vel:250.00,dist:1,momo:1,stat:5

From tinyG: [12:10:31] posa:-13.371

From tinyG: [12:10:31] posa:-12.540

From tinyG: [12:10:31] posa:-11.703

From tinyG: [12:10:32] posa:-10.872

From tinyG: [12:10:32] posa:-10.034

From tinyG: [12:10:32] posa:-9.203

From tinyG: [12:10:32] posa:-8.366

From tinyG: [12:10:32] posa:-7.534

From tinyG: [12:10:33] posa:-6.697

From tinyG: [12:10:33] posa:-5.866

From tinyG: [12:10:33] posa:-5.028

From tinyG: [12:10:33] posa:-4.197

From tinyG: [12:10:33] posa:-3.353

From tinyG: [12:10:34] posa:-2.516

From tinyG: [12:10:34] posa:-1.685

From tinyG: [12:10:34] posa:-0.847

From tinyG: [12:10:34] posa:-0.100,vel:0.00,stat:6

From tinyG: [12:10:34] tinyg [mm] ok> 

From tinyG: [12:10:34] stat:3

From tinyG: [12:10:34] [di1fn] input function          0 [0=none,1=limit,2=interlock,3=shutdown]

From tinyG: [12:10:34] tinyg [mm] ok> 

Out > [12:10:34] $posa

From tinyG: [12:10:34] A position:         -0.100 deg

From tinyG: [12:10:34] tinyg [mm] ok> 

From tinyG: [12:10:38] tinyg [mm] ok> 

Out > [12:10:43] !%

Out > [12:10:43] $di1fn=2

Out > [12:10:43] g90 g0 a-15

From tinyG: [12:10:43] tinyg [mm] ok> 

From tinyG: [12:10:43] [di1fn] input function          2 [0=none,1=limit,2=interlock,3=shutdown]

From tinyG: [12:10:43] tinyg [mm] ok> 

From tinyG: [12:10:43] tinyg [mm] ok> 

From tinyG: [12:10:44] posa:-14.636,vel:1821.70,dist:0,momo:0,stat:5

From tinyG: [12:10:44] posa:-15.000,vel:0.00,stat:3

Out > [12:10:44] g91 g1 a30 f250

From tinyG: [12:10:44] tinyg [mm] ok> 

From tinyG: [12:10:44] posa:-14.209,vel:250.00,dist:1,momo:1,stat:5

From tinyG: [12:10:44] posa:-13.371

From tinyG: [12:10:45] posa:-12.540

From tinyG: [12:10:45] posa:-11.703

From tinyG: [12:10:45] posa:-10.872

From tinyG: [12:10:45] posa:-10.034

From tinyG: [12:10:45] posa:-9.203

From tinyG: [12:10:46] posa:-8.366

From tinyG: [12:10:46] posa:-7.534

From tinyG: [12:10:46] posa:-6.697

From tinyG: [12:10:46] posa:-5.866

From tinyG: [12:10:46] posa:-5.028

From tinyG: [12:10:47] posa:-4.197

From tinyG: [12:10:47] posa:-3.359

From tinyG: [12:10:47] posa:-2.528

From tinyG: [12:10:47] posa:-1.685

From tinyG: [12:10:47] posa:-0.847

From tinyG: [12:10:48] posa:-0.075,vel:0.00,stat:6

From tinyG: [12:10:48] tinyg [mm] ok> 

From tinyG: [12:10:48] stat:3

From tinyG: [12:10:48] [di1fn] input function          0 [0=none,1=limit,2=interlock,3=shutdown]

From tinyG: [12:10:48] tinyg [mm] ok> 

Out > [12:10:48] $posa

From tinyG: [12:10:48] A position:         -0.075 deg

From tinyG: [12:10:48] tinyg [mm] ok> 

Out > [12:10:49] !%

Out > [12:10:49] $di1fn=2

Out > [12:10:49] g90 g0 a-15

From tinyG: [12:10:49] tinyg [mm] ok> 

From tinyG: [12:10:49] [di1fn] input function          2 [0=none,1=limit,2=interlock,3=shutdown]

From tinyG: [12:10:49] tinyg [mm] ok> 

From tinyG: [12:10:49] tinyg [mm] ok> 

From tinyG: [12:10:49] posa:-14.606,vel:1913.94,dist:0,momo:0,stat:5

From tinyG: [12:10:50] posa:-15.000,vel:0.00,stat:3

Out > [12:10:50] g91 g1 a30 f250

From tinyG: [12:10:50] tinyg [mm] ok> 

From tinyG: [12:10:50] posa:-14.209,vel:250.00,dist:1,momo:1,stat:5

From tinyG: [12:10:50] posa:-13.371

From tinyG: [12:10:50] posa:-12.540

From tinyG: [12:10:51] posa:-11.703

From tinyG: [12:10:51] posa:-10.872

From tinyG: [12:10:51] posa:-10.034

From tinyG: [12:10:51] posa:-9.203

From tinyG: [12:10:51] posa:-8.366

From tinyG: [12:10:52] posa:-7.534

From tinyG: [12:10:52] posa:-6.697

From tinyG: [12:10:52] posa:-5.866

From tinyG: [12:10:52] posa:-5.028

From tinyG: [12:10:52] posa:-4.197

From tinyG: [12:10:53] posa:-3.353

From tinyG: [12:10:53] posa:-2.516

From tinyG: [12:10:53] posa:-1.685

From tinyG: [12:10:53] posa:-0.847

From tinyG: [12:10:53] posa:-0.075,vel:0.00,stat:6

From tinyG: [12:10:53] tinyg [mm] ok> 

From tinyG: [12:10:53] stat:3

From tinyG: [12:10:53] [di1fn] input function          0 [0=none,1=limit,2=interlock,3=shutdown]

From tinyG: [12:10:53] tinyg [mm] ok> 

Out > [12:10:53] $posa

From tinyG: [12:10:53] A position:         -0.075 deg

From tinyG: [12:10:53] tinyg [mm] ok> 

Out > [12:10:54] !%

Out > [12:10:54] $di1fn=2

Out > [12:10:54] g90 g0 a-15

From tinyG: [12:10:54] tinyg [mm] ok> 

From tinyG: [12:10:54] [di1fn] input function          2 [0=none,1=limit,2=interlock,3=shutdown]

From tinyG: [12:10:54] tinyg [mm] ok> 

From tinyG: [12:10:54] tinyg [mm] ok> 

From tinyG: [12:10:55] posa:-14.606,vel:1913.94,dist:0,momo:0,stat:5

From tinyG: [12:10:55] posa:-15.000,vel:0.00,stat:3

Out > [12:10:55] g91 g1 a30 f250

From tinyG: [12:10:55] tinyg [mm] ok> 

From tinyG: [12:10:55] posa:-14.209,vel:250.00,dist:1,momo:1,stat:5

From tinyG: [12:10:55] posa:-13.371

From tinyG: [12:10:56] posa:-12.540

From tinyG: [12:10:56] posa:-11.703

From tinyG: [12:10:56] posa:-10.872

From tinyG: [12:10:56] posa:-10.034

From tinyG: [12:10:56] posa:-9.203

From tinyG: [12:10:57] posa:-8.366

From tinyG: [12:10:57] posa:-7.534

From tinyG: [12:10:57] posa:-6.697

From tinyG: [12:10:57] posa:-5.866

From tinyG: [12:10:57] posa:-5.028

From tinyG: [12:10:58] posa:-4.197

From tinyG: [12:10:58] posa:-3.359

From tinyG: [12:10:58] posa:-2.528

From tinyG: [12:10:58] posa:-1.685

From tinyG: [12:10:58] posa:-0.847

From tinyG: [12:10:59] posa:-0.081,vel:0.00,stat:6

From tinyG: [12:10:59] tinyg [mm] ok> 

From tinyG: [12:10:59] stat:3

From tinyG: [12:10:59] [di1fn] input function          0 [0=none,1=limit,2=interlock,3=shutdown]

From tinyG: [12:10:59] tinyg [mm] ok> 

Out > [12:10:59] $posa

From tinyG: [12:10:59] A position:         -0.081 deg

From tinyG: [12:10:59] tinyg [mm] ok> 

Out > [12:11:00] !%

Out > [12:11:00] $di1fn=2

Out > [12:11:00] g90 g0 a-15

From tinyG: [12:11:00] tinyg [mm] ok> 

From tinyG: [12:11:00] [di1fn] input function          2 [0=none,1=limit,2=interlock,3=shutdown]

From tinyG: [12:11:00] tinyg [mm] ok> 

From tinyG: [12:11:00] tinyg [mm] ok> 

From tinyG: [12:11:00] posa:-14.635,vel:1823.22,dist:0,momo:0,stat:5

From tinyG: [12:11:00] posa:-15.000,vel:0.00,stat:3

Out > [12:11:00] g91 g1 a30 f250

From tinyG: [12:11:00] tinyg [mm] ok> 

From tinyG: [12:11:00] posa:-14.209,vel:250.00,dist:1,momo:1,stat:5

From tinyG: [12:11:00] posa:-13.371

From tinyG: [12:11:01] posa:-12.540

From tinyG: [12:11:01] posa:-11.703

From tinyG: [12:11:01] posa:-10.872

From tinyG: [12:11:01] posa:-10.034

From tinyG: [12:11:01] posa:-9.203

From tinyG: [12:11:02] posa:-8.366

From tinyG: [12:11:02] posa:-7.534

From tinyG: [12:11:02] posa:-6.691

From tinyG: [12:11:02] posa:-5.853

From tinyG: [12:11:02] posa:-5.022

From tinyG: [12:11:03] posa:-4.184

From tinyG: [12:11:03] posa:-3.341

From tinyG: [12:11:03] posa:-2.503

From tinyG: [12:11:03] posa:-1.672

From tinyG: [12:11:03] posa:-0.835

From tinyG: [12:11:04] posa:-0.081,vel:0.00,stat:6

From tinyG: [12:11:04] tinyg [mm] ok> 

From tinyG: [12:11:04] stat:3

From tinyG: [12:11:04] [di1fn] input function          0 [0=none,1=limit,2=interlock,3=shutdown]

From tinyG: [12:11:04] tinyg [mm] ok> 

Out > [12:11:04] $posa

From tinyG: [12:11:04] A position:         -0.081 deg

From tinyG: [12:11:04] tinyg [mm] ok> 

Out > [12:11:05] !%

Out > [12:11:05] $di1fn=2

Out > [12:11:05] g90 g0 a-15

From tinyG: [12:11:05] tinyg [mm] ok> 

From tinyG: [12:11:05] [di1fn] input function          2 [0=none,1=limit,2=interlock,3=shutdown]

From tinyG: [12:11:05] tinyg [mm] ok> 

From tinyG: [12:11:05] tinyg [mm] ok> 

From tinyG: [12:11:05] posa:-14.635,vel:1823.22,dist:0,momo:0,stat:5

From tinyG: [12:11:05] posa:-15.000,vel:0.00,stat:3

Out > [12:11:05] g91 g1 a30 f250

From tinyG: [12:11:05] tinyg [mm] ok> 

From tinyG: [12:11:05] posa:-14.209,vel:250.00,dist:1,momo:1,stat:5

From tinyG: [12:11:06] posa:-13.371

From tinyG: [12:11:06] posa:-12.540

From tinyG: [12:11:06] posa:-11.703

From tinyG: [12:11:06] posa:-10.872

From tinyG: [12:11:06] posa:-10.034

From tinyG: [12:11:07] posa:-9.203

From tinyG: [12:11:07] posa:-8.366

From tinyG: [12:11:07] posa:-7.534

From tinyG: [12:11:07] posa:-6.697

From tinyG: [12:11:07] posa:-5.866

From tinyG: [12:11:08] posa:-5.022

From tinyG: [12:11:08] posa:-4.184

From tinyG: [12:11:08] posa:-3.353

From tinyG: [12:11:08] posa:-2.516

From tinyG: [12:11:08] posa:-1.672

From tinyG: [12:11:09] posa:-0.835

From tinyG: [12:11:09] posa:-0.081,vel:0.00,stat:6

From tinyG: [12:11:09] tinyg [mm] ok> 

From tinyG: [12:11:09] stat:3

From tinyG: [12:11:09] [di1fn] input function          0 [0=none,1=limit,2=interlock,3=shutdown]

From tinyG: [12:11:09] tinyg [mm] ok> 

Out > [12:11:09] $posa

From tinyG: [12:11:09] A position:         -0.081 deg

From tinyG: [12:11:09] tinyg [mm] ok> 

Out > [12:12:06] !%

Out > [12:12:06] $di1fn=2

Out > [12:12:06] g90 g0 a-15

From tinyG: [12:12:06] tinyg [mm] ok> 

From tinyG: [12:12:06] [di1fn] input function          2 [0=none,1=limit,2=interlock,3=shutdown]

From tinyG: [12:12:06] tinyg [mm] ok> 

From tinyG: [12:12:06] tinyg [mm] ok> 

From tinyG: [12:12:06] posa:-14.635,vel:1823.22,dist:0,momo:0,stat:5

From tinyG: [12:12:07] posa:-15.000,vel:0.00,stat:3

Out > [12:12:07] g91 g1 a30 f250

From tinyG: [12:12:07] tinyg [mm] ok> 

From tinyG: [12:12:07] posa:-14.209,vel:250.00,dist:1,momo:1,stat:5

From tinyG: [12:12:07] posa:-13.371

From tinyG: [12:12:07] posa:-12.540

From tinyG: [12:12:07] posa:-11.703

From tinyG: [12:12:08] posa:-10.872

From tinyG: [12:12:08] posa:-10.034

From tinyG: [12:12:08] posa:-9.203

From tinyG: [12:12:08] posa:-8.366

From tinyG: [12:12:08] posa:-7.534

From tinyG: [12:12:09] posa:-6.697

From tinyG: [12:12:09] posa:-5.866

From tinyG: [12:12:09] posa:-5.022

From tinyG: [12:12:09] posa:-4.184

From tinyG: [12:12:09] posa:-3.353

From tinyG: [12:12:10] posa:-2.516

From tinyG: [12:12:10] posa:-1.672

From tinyG: [12:12:10] posa:-0.835

From tinyG: [12:12:10] posa:-0.043,vel:1.78,stat:6

From tinyG: [12:12:10] vel:0.00

From tinyG: [12:12:10] stat:3

From tinyG: [12:12:10] [di1fn] input function          0 [0=none,1=limit,2=interlock,3=shutdown]

From tinyG: [12:12:10] tinyg [mm] ok> 

Out > [12:12:10] $posa

From tinyG: [12:12:10] A position:         -0.043 deg

From tinyG: [12:12:10] tinyg [mm] ok> 

Out > [12:12:12] !%

Out > [12:12:12] $di1fn=2

Out > [12:12:12] g90 g0 a-15

From tinyG: [12:12:12] tinyg [mm] ok> 

From tinyG: [12:12:12] [di1fn] input function          2 [0=none,1=limit,2=interlock,3=shutdown]

From tinyG: [12:12:12] tinyg [mm] ok> 

From tinyG: [12:12:12] tinyg [mm] ok> 

From tinyG: [12:12:12] posa:-14.605,vel:1916.61,dist:0,momo:0,stat:5

From tinyG: [12:12:12] posa:-15.000,vel:0.00,stat:3

Out > [12:12:12] g91 g1 a30 f250

From tinyG: [12:12:12] tinyg [mm] ok> 

From tinyG: [12:12:12] posa:-14.209,vel:250.00,dist:1,momo:1,stat:5

From tinyG: [12:12:12] posa:-13.371

From tinyG: [12:12:13] posa:-12.540

From tinyG: [12:12:13] posa:-11.703

From tinyG: [12:12:13] posa:-10.872

From tinyG: [12:12:13] posa:-10.034

From tinyG: [12:12:13] posa:-9.203

From tinyG: [12:12:14] posa:-8.366

From tinyG: [12:12:14] posa:-7.534

From tinyG: [12:12:14] posa:-6.691

From tinyG: [12:12:14] posa:-5.853

From tinyG: [12:12:14] posa:-5.016

From tinyG: [12:12:15] posa:-4.184

From tinyG: [12:12:15] posa:-3.341

From tinyG: [12:12:15] posa:-2.503

From tinyG: [12:12:15] posa:-1.672

From tinyG: [12:12:15] posa:-0.835

From tinyG: [12:12:16] posa:-0.050,vel:0.00,stat:6

From tinyG: [12:12:16] tinyg [mm] ok> 

From tinyG: [12:12:16] stat:3

From tinyG: [12:12:16] [di1fn] input function          0 [0=none,1=limit,2=interlock,3=shutdown]

From tinyG: [12:12:16] tinyg [mm] ok> 

Out > [12:12:16] $posa

From tinyG: [12:12:16] A position:         -0.050 deg

From tinyG: [12:12:16] tinyg [mm] ok> 

Out > [12:12:43] !%

Out > [12:12:43] $di1fn=2

Out > [12:12:43] g90 g0 a-25

From tinyG: [12:12:43] tinyg [mm] ok> 

From tinyG: [12:12:43] [di1fn] input function          2 [0=none,1=limit,2=interlock,3=shutdown]

From tinyG: [12:12:43] tinyg [mm] ok> 

From tinyG: [12:12:43] tinyg [mm] ok> 

From tinyG: [12:12:44] posa:-21.026,vel:7559.61,dist:0,momo:0,stat:5

From tinyG: [12:12:44] posa:-25.000,vel:0.00,stat:3

Out > [12:12:44] g90 g0 a-20

Out > [12:12:44] g90 g0 a-25

From tinyG: [12:12:44] tinyg [mm] ok> 

From tinyG: [12:12:44] tinyg [mm] ok> 

From tinyG: [12:12:44] posa:-21.115,vel:2609.07,stat:5

From tinyG: [12:12:44] posa:-25.000,vel:0.00,stat:3

Out > [12:12:44] g91 g1 a30 f250

From tinyG: [12:12:44] tinyg [mm] ok> 

From tinyG: [12:12:44] posa:-24.209,vel:250.00,dist:1,momo:1,stat:5

From tinyG: [12:12:45] posa:-23.371

From tinyG: [12:12:45] posa:-22.540

From tinyG: [12:12:45] posa:-21.702

From tinyG: [12:12:45] posa:-20.871

From tinyG: [12:12:45] posa:-20.033

From tinyG: [12:12:46] posa:-19.202

From tinyG: [12:12:46] posa:-18.365

From tinyG: [12:12:46] posa:-17.533

From tinyG: [12:12:46] posa:-16.696

From tinyG: [12:12:46] posa:-15.864

From tinyG: [12:12:47] posa:-15.021

From tinyG: [12:12:47] posa:-14.183

From tinyG: [12:12:47] posa:-13.346

From tinyG: [12:12:47] posa:-12.515

From tinyG: [12:12:47] posa:-11.671

From tinyG: [12:12:48] posa:-10.834

From tinyG: [12:12:48] posa:-10.003

From tinyG: [12:12:48] posa:-9.165

From tinyG: [12:12:48] posa:-8.321

From tinyG: [12:12:48] posa:-7.484

From tinyG: [12:12:49] posa:-6.653

From tinyG: [12:12:49] posa:-5.815

From tinyG: [12:12:49] posa:-4.971

From tinyG: [12:12:49] posa:-4.134

From tinyG: [12:12:49] posa:-3.303

From tinyG: [12:12:50] posa:-2.465

From tinyG: [12:12:50] posa:-1.634

From tinyG: [12:12:50] posa:-0.797

From tinyG: [12:12:50] posa:-0.043,vel:0.00,stat:6

From tinyG: [12:12:50] tinyg [mm] ok> 

From tinyG: [12:12:50] stat:3

From tinyG: [12:12:50] [di1fn] input function          0 [0=none,1=limit,2=interlock,3=shutdown]

From tinyG: [12:12:50] tinyg [mm] ok> 

Out > [12:12:50] $posa

From tinyG: [12:12:50] A position:         -0.043 deg

From tinyG: [12:12:50] tinyg [mm] ok> 

Out > [12:12:52] !%

Out > [12:12:52] $di1fn=2

Out > [12:12:52] g90 g0 a-25

From tinyG: [12:12:52] tinyg [mm] ok> 

From tinyG: [12:12:52] [di1fn] input function          2 [0=none,1=limit,2=interlock,3=shutdown]

From tinyG: [12:12:52] tinyg [mm] ok> 

From tinyG: [12:12:52] tinyg [mm] ok> 

From tinyG: [12:12:52] posa:-21.026,vel:7559.61,dist:0,momo:0,stat:5

From tinyG: [12:12:52] posa:-25.000,vel:0.00,stat:3

Out > [12:12:52] g90 g0 a-20

Out > [12:12:52] g90 g0 a-25

From tinyG: [12:12:52] tinyg [mm] ok> 

From tinyG: [12:12:52] tinyg [mm] ok> 

From tinyG: [12:12:52] posa:-21.115,vel:2609.07,stat:5

From tinyG: [12:12:53] posa:-25.000,vel:0.00,stat:3

Out > [12:12:53] g91 g1 a30 f250

From tinyG: [12:12:53] tinyg [mm] ok> 

From tinyG: [12:12:53] posa:-24.209,vel:250.00,dist:1,momo:1,stat:5

From tinyG: [12:12:53] posa:-23.371

From tinyG: [12:12:53] posa:-22.540

From tinyG: [12:12:54] posa:-21.702

From tinyG: [12:12:54] posa:-20.871

From tinyG: [12:12:54] posa:-20.033

From tinyG: [12:12:54] posa:-19.202

From tinyG: [12:12:54] posa:-18.365

From tinyG: [12:12:55] posa:-17.533

From tinyG: [12:12:55] posa:-16.696

From tinyG: [12:12:55] posa:-15.864

From tinyG: [12:12:55] posa:-15.027

From tinyG: [12:12:55] posa:-14.196

From tinyG: [12:12:56] posa:-13.352

From tinyG: [12:12:56] posa:-12.515

From tinyG: [12:12:56] posa:-11.684

From tinyG: [12:12:56] posa:-10.846

From tinyG: [12:12:56] posa:-10.003

From tinyG: [12:12:57] posa:-9.165

From tinyG: [12:12:57] posa:-8.334

From tinyG: [12:12:57] posa:-7.496

From tinyG: [12:12:57] posa:-6.653

From tinyG: [12:12:57] posa:-5.815

From tinyG: [12:12:58] posa:-4.984

From tinyG: [12:12:58] posa:-4.147

From tinyG: [12:12:58] posa:-3.303

From tinyG: [12:12:58] posa:-2.465

From tinyG: [12:12:58] posa:-1.634

From tinyG: [12:12:59] posa:-0.797

From tinyG: [12:12:59] posa:-0.055,vel:0.00,stat:6

From tinyG: [12:12:59] tinyg [mm] ok> 

From tinyG: [12:12:59] stat:3

From tinyG: [12:12:59] [di1fn] input function          0 [0=none,1=limit,2=interlock,3=shutdown]

From tinyG: [12:12:59] tinyg [mm] ok> 

Out > [12:12:59] $posa

From tinyG: [12:12:59] A position:         -0.055 deg

From tinyG: [12:12:59] tinyg [mm] ok> 

Out > [12:13:05] !%

Out > [12:13:05] $di1fn=2

Out > [12:13:05] g90 g0 a-25

From tinyG: [12:13:05] tinyg [mm] ok> 

From tinyG: [12:13:05] [di1fn] input function          2 [0=none,1=limit,2=interlock,3=shutdown]

From tinyG: [12:13:05] tinyg [mm] ok> 

From tinyG: [12:13:05] tinyg [mm] ok> 

From tinyG: [12:13:05] posa:-21.026,vel:7559.61,dist:0,momo:0,stat:5

From tinyG: [12:13:05] posa:-25.000,vel:0.00,stat:3

Out > [12:13:05] g90 g0 a-20

Out > [12:13:05] g90 g0 a-25

From tinyG: [12:13:05] tinyg [mm] ok> 

From tinyG: [12:13:05] tinyg [mm] ok> 

From tinyG: [12:13:05] posa:-21.115,vel:2609.07,stat:5

From tinyG: [12:13:06] posa:-25.000,vel:0.00,stat:3

Out > [12:13:06] g91 g1 a30 f250

From tinyG: [12:13:06] tinyg [mm] ok> 

From tinyG: [12:13:06] posa:-24.209,vel:250.00,dist:1,momo:1,stat:5

From tinyG: [12:13:06] posa:-23.371

From tinyG: [12:13:06] posa:-22.540

From tinyG: [12:13:06] posa:-21.702

From tinyG: [12:13:07] posa:-20.871

From tinyG: [12:13:07] posa:-20.033

From tinyG: [12:13:07] posa:-19.202

From tinyG: [12:13:07] posa:-18.365

From tinyG: [12:13:07] posa:-17.533

From tinyG: [12:13:08] posa:-16.696

From tinyG: [12:13:08] posa:-15.864

From tinyG: [12:13:08] posa:-15.021

From tinyG: [12:13:08] posa:-14.183

From tinyG: [12:13:08] posa:-13.346

From tinyG: [12:13:09] posa:-12.515

From tinyG: [12:13:09] posa:-11.671

From tinyG: [12:13:09] posa:-10.834

From tinyG: [12:13:09] posa:-10.003

From tinyG: [12:13:09] posa:-9.165

From tinyG: [12:13:10] posa:-8.321

From tinyG: [12:13:10] posa:-7.484

From tinyG: [12:13:10] posa:-6.653

From tinyG: [12:13:10] posa:-5.815

From tinyG: [12:13:10] posa:-4.971

From tinyG: [12:13:11] posa:-4.134

From tinyG: [12:13:11] posa:-3.303

From tinyG: [12:13:11] posa:-2.465

From tinyG: [12:13:11] posa:-1.634

From tinyG: [12:13:11] posa:-0.797

From tinyG: [12:13:12] posa:-0.055,vel:0.00,stat:6

From tinyG: [12:13:12] tinyg [mm] ok> 

From tinyG: [12:13:12] stat:3

From tinyG: [12:13:12] [di1fn] input function          0 [0=none,1=limit,2=interlock,3=shutdown]

From tinyG: [12:13:12] tinyg [mm] ok> 

Out > [12:13:12] $posa

From tinyG: [12:13:12] A position:         -0.055 deg

From tinyG: [12:13:12] tinyg [mm] ok> 

Out > [12:13:13] !%

Out > [12:13:13] $di1fn=2

Out > [12:13:13] g90 g0 a-25

From tinyG: [12:13:13] tinyg [mm] ok> 

From tinyG: [12:13:13] [di1fn] input function          2 [0=none,1=limit,2=interlock,3=shutdown]

From tinyG: [12:13:13] tinyg [mm] ok> 

From tinyG: [12:13:13] tinyg [mm] ok> 

From tinyG: [12:13:13] posa:-21.026,vel:7559.61,dist:0,momo:0,stat:5

From tinyG: [12:13:13] posa:-25.000,vel:0.00,stat:3

Out > [12:13:13] g90 g0 a-20

Out > [12:13:13] g90 g0 a-25

From tinyG: [12:13:13] tinyg [mm] ok> 

From tinyG: [12:13:13] tinyg [mm] ok> 

From tinyG: [12:13:14] posa:-21.115,vel:2609.07,stat:5

From tinyG: [12:13:14] posa:-25.000,vel:0.00,stat:3

Out > [12:13:14] g91 g1 a30 f250

From tinyG: [12:13:14] tinyg [mm] ok> 

From tinyG: [12:13:14] posa:-24.209,vel:250.00,dist:1,momo:1,stat:5

From tinyG: [12:13:14] posa:-23.371

From tinyG: [12:13:15] posa:-22.540

From tinyG: [12:13:15] posa:-21.702

From tinyG: [12:13:15] posa:-20.871

From tinyG: [12:13:15] posa:-20.033

From tinyG: [12:13:15] posa:-19.202

From tinyG: [12:13:16] posa:-18.365

From tinyG: [12:13:16] posa:-17.533

From tinyG: [12:13:16] posa:-16.696

From tinyG: [12:13:16] posa:-15.864

From tinyG: [12:13:16] posa:-15.027

From tinyG: [12:13:17] posa:-14.196

From tinyG: [12:13:17] posa:-13.358

From tinyG: [12:13:17] posa:-12.527

From tinyG: [12:13:17] posa:-11.684

From tinyG: [12:13:17] posa:-10.846

From tinyG: [12:13:18] posa:-10.015

From tinyG: [12:13:18] posa:-9.178

From tinyG: [12:13:18] posa:-8.334

From tinyG: [12:13:18] posa:-7.496

From tinyG: [12:13:18] posa:-6.665

From tinyG: [12:13:19] posa:-5.828

From tinyG: [12:13:19] posa:-4.984

From tinyG: [12:13:19] posa:-4.147

From tinyG: [12:13:19] posa:-3.315

From tinyG: [12:13:19] posa:-2.478

From tinyG: [12:13:20] posa:-1.634

From tinyG: [12:13:20] posa:-0.797

From tinyG: [12:13:20] posa:-0.062,vel:0.00,stat:6

From tinyG: [12:13:20] tinyg [mm] ok> 

From tinyG: [12:13:20] stat:3

From tinyG: [12:13:20] [di1fn] input function          0 [0=none,1=limit,2=interlock,3=shutdown]

From tinyG: [12:13:20] tinyg [mm] ok> 

Out > [12:13:20] $posa

From tinyG: [12:13:20] A position:         -0.062 deg

From tinyG: [12:13:20] tinyg [mm] ok> 

Out > [12:13:21] !%

Out > [12:13:21] $di1fn=2

Out > [12:13:21] g90 g0 a-25

From tinyG: [12:13:21] tinyg [mm] ok> 

From tinyG: [12:13:21] [di1fn] input function          2 [0=none,1=limit,2=interlock,3=shutdown]

From tinyG: [12:13:21] tinyg [mm] ok> 

From tinyG: [12:13:21] tinyg [mm] ok> 

From tinyG: [12:13:21] posa:-21.026,vel:7559.61,dist:0,momo:0,stat:5

From tinyG: [12:13:21] posa:-25.000,vel:0.00,stat:3

Out > [12:13:21] g90 g0 a-20

Out > [12:13:21] g90 g0 a-25

From tinyG: [12:13:21] tinyg [mm] ok> 

From tinyG: [12:13:21] tinyg [mm] ok> 

From tinyG: [12:13:21] posa:-21.115,vel:2609.07,stat:5

From tinyG: [12:13:22] posa:-25.000,vel:0.00,stat:3

Out > [12:13:22] g91 g1 a30 f250

From tinyG: [12:13:22] tinyg [mm] ok> 

From tinyG: [12:13:22] posa:-24.209,vel:250.00,dist:1,momo:1,stat:5

From tinyG: [12:13:22] posa:-23.371

From tinyG: [12:13:22] posa:-22.540

From tinyG: [12:13:23] posa:-21.702

From tinyG: [12:13:23] posa:-20.871

From tinyG: [12:13:23] posa:-20.033

From tinyG: [12:13:23] posa:-19.202

From tinyG: [12:13:23] posa:-18.365

From tinyG: [12:13:24] posa:-17.533

From tinyG: [12:13:24] posa:-16.696

From tinyG: [12:13:24] posa:-15.864

From tinyG: [12:13:24] posa:-15.027

From tinyG: [12:13:24] posa:-14.196

From tinyG: [12:13:25] posa:-13.352

From tinyG: [12:13:25] posa:-12.515

From tinyG: [12:13:25] posa:-11.684

From tinyG: [12:13:25] posa:-10.846

From tinyG: [12:13:25] posa:-10.003

From tinyG: [12:13:26] posa:-9.165

From tinyG: [12:13:26] posa:-8.334

From tinyG: [12:13:26] posa:-7.496

From tinyG: [12:13:26] posa:-6.653

From tinyG: [12:13:26] posa:-5.815

From tinyG: [12:13:27] posa:-4.984

From tinyG: [12:13:27] posa:-4.147

From tinyG: [12:13:27] posa:-3.303

From tinyG: [12:13:27] posa:-2.465

From tinyG: [12:13:27] posa:-1.634

From tinyG: [12:13:28] posa:-0.797

From tinyG: [12:13:28] posa:-0.074,vel:0.00,stat:6

From tinyG: [12:13:28] tinyg [mm] ok> 

From tinyG: [12:13:28] stat:3

From tinyG: [12:13:28] [di1fn] input function          0 [0=none,1=limit,2=interlock,3=shutdown]

From tinyG: [12:13:28] tinyg [mm] ok> 

Out > [12:13:28] $posa

From tinyG: [12:13:28] A position:         -0.074 deg

From tinyG: [12:13:28] tinyg [mm] ok> 

Out > [12:13:32] !%

Out > [12:13:32] $di1fn=2

Out > [12:13:32] g90 g0 a-25

From tinyG: [12:13:32] tinyg [mm] ok> 

From tinyG: [12:13:32] [di1fn] input function          2 [0=none,1=limit,2=interlock,3=shutdown]

From tinyG: [12:13:32] tinyg [mm] ok> 

From tinyG: [12:13:32] tinyg [mm] ok> 

From tinyG: [12:13:33] posa:-21.026,vel:7559.61,dist:0,momo:0,stat:5

From tinyG: [12:13:33] posa:-25.000,vel:0.00,stat:3

Out > [12:13:33] g90 g0 a-20

Out > [12:13:33] g90 g0 a-25

From tinyG: [12:13:33] tinyg [mm] ok> 

From tinyG: [12:13:33] tinyg [mm] ok> 

From tinyG: [12:13:33] posa:-21.115,vel:2609.07,stat:5

From tinyG: [12:13:33] posa:-25.000,vel:0.00,stat:3

Out > [12:13:33] g91 g1 a30 f250

From tinyG: [12:13:33] tinyg [mm] ok> 

From tinyG: [12:13:34] posa:-24.209,vel:250.00,dist:1,momo:1,stat:5

From tinyG: [12:13:34] posa:-23.371

From tinyG: [12:13:34] posa:-22.540

From tinyG: [12:13:34] posa:-21.702

From tinyG: [12:13:34] posa:-20.871

From tinyG: [12:13:35] posa:-20.033

From tinyG: [12:13:35] posa:-19.202

From tinyG: [12:13:35] posa:-18.365

From tinyG: [12:13:35] posa:-17.533

From tinyG: [12:13:35] posa:-16.696

From tinyG: [12:13:36] posa:-15.864

From tinyG: [12:13:36] posa:-15.021

From tinyG: [12:13:36] posa:-14.183

From tinyG: [12:13:36] posa:-13.346

From tinyG: [12:13:36] posa:-12.515

From tinyG: [12:13:37] posa:-11.671

From tinyG: [12:13:37] posa:-10.834

From tinyG: [12:13:37] sa:-10.003

From tinyG: [12:13:37] posa:-9.165

From tinyG: [12:13:37] posa:-8.321

From tinyG: [12:13:38] posa:-7.484

From tinyG: [12:13:38] posa:-6.653

From tinyG: [12:13:38] posa:-5.815

From tinyG: [12:13:38] posa:-4.971

From tinyG: [12:13:38] posa:-4.134

From tinyG: [12:13:39] posa:-3.303

From tinyG: [12:13:39] posa:-2.465

From tinyG: [12:13:39] posa:-1.622

From tinyG: [12:13:39] posa:-0.784

From tinyG: [12:13:39] posa:-0.068,vel:0.00,stat:6

From tinyG: [12:13:40] tinyg [mm] ok> 

From tinyG: [12:13:40] stat:3

From tinyG: [12:13:40] [di1fn] input function          0 [0=none,1=limit,2=interlock,3=shutdown]

From tinyG: [12:13:40] tinyg [mm] ok> 

Out > [12:13:40] $posa

From tinyG: [12:13:40] A position:         -0.068 deg

From tinyG: [12:13:40] tinyg [mm] ok> 

Out > [12:14:01] !%

Out > [12:14:01] $di1fn=2

Out > [12:14:01] g90 g0 a-25

From tinyG: [12:14:01] tinyg [mm] ok> 

From tinyG: [12:14:01] [di1fn] input function          2 [0=none,1=limit,2=interlock,3=shutdown]

From tinyG: [12:14:01] tinyg [mm] ok> 

From tinyG: [12:14:01] tinyg [mm] ok> 

From tinyG: [12:14:01] posa:-21.026,vel:7559.61,dist:0,momo:0,stat:5

From tinyG: [12:14:01] posa:-25.000,vel:0.00,stat:3

Out > [12:14:01] g90 g0 a-20

Out > [12:14:01] g90 g0 a-25

From tinyG: [12:14:01] tinyg [mm] ok> 

From tinyG: [12:14:01] tinyg [mm] ok> 

From tinyG: [12:14:01] posa:-21.115,vel:2609.07,stat:5

From tinyG: [12:14:02] posa:-25.000,vel:0.00,stat:3

Out > [12:14:02] g91 g1 a30 f250

From tinyG: [12:14:02] tinyg [mm] ok> 

From tinyG: [12:14:02] posa:-24.209,vel:250.00,dist:1,momo:1,stat:5

From tinyG: [12:14:02] posa:-23.371

From tinyG: [12:14:02] posa:-22.540

From tinyG: [12:14:02] posa:-21.702

From tinyG: [12:14:03] posa:-20.871

From tinyG: [12:14:03] posa:-20.033

From tinyG: [12:14:03] posa:-19.202

From tinyG: [12:14:03] posa:-18.365

From tinyG: [12:14:03] posa:-17.533

From tinyG: [12:14:04] posa:-16.696

From tinyG: [12:14:04] posa:-15.864

From tinyG: [12:14:04] posa:-15.021

From tinyG: [12:14:04] posa:-14.183

From tinyG: [12:14:04] posa:-13.346

From tinyG: [12:14:05] posa:-12.515

From tinyG: [12:14:05] posa:-11.671

From tinyG: [12:14:05] posa:-10.834

From tinyG: [12:14:05] posa:-10.003

From tinyG: [12:14:06] osa:-9.165

From tinyG: [12:14:06] posa:-8.321

From tinyG: [12:14:06] posa:-7.484

From tinyG: [12:14:06] posa:-6.653

From tinyG: [12:14:06] posa:-5.815

From tinyG: [12:14:07] posa:-4.971

From tinyG: [12:14:07] posa:-4.134

From tinyG: [12:14:07] posa:-3.303

From tinyG: [12:14:07] posa:-2.465

From tinyG: [12:14:07] posa:-1.622

From tinyG: [12:14:08] posa:-0.784

From tinyG: [12:14:08] posa:-0.055,vel:0.00,stat:6

From tinyG: [12:14:08] tinyg [mm] ok> 

From tinyG: [12:14:08] stat:3

From tinyG: [12:14:08] [di1fn] input function          0 [0=none,1=limit,2=interlock,3=shutdown]

From tinyG: [12:14:08] tinyg [mm] ok> 

Out > [12:14:08] $posa

From tinyG: [12:14:08] A position:         -0.055 deg

From tinyG: [12:14:08] tinyg [mm] ok> 

Out > [12:14:09] !%

Out > [12:14:09] $di1fn=2

Out > [12:14:09] g90 g0 a-25

From tinyG: [12:14:09] tinyg [mm] ok> 

From tinyG: [12:14:09] [di1fn] input function          2 [0=none,1=limit,2=interlock,3=shutdown]

From tinyG: [12:14:09] tinyg [mm] ok> 

From tinyG: [12:14:09] tinyg [mm] ok> 

From tinyG: [12:14:09] posa:-21.026,vel:7559.61,dist:0,momo:0,stat:5

From tinyG: [12:14:10] posa:-25.000,vel:0.00,stat:3

Out > [12:14:10] g90 g0 a-20

Out > [12:14:10] g90 g0 a-25

From tinyG: [12:14:10] tinyg [mm] ok> 

From tinyG: [12:14:10] tinyg [mm] ok> 

From tinyG: [12:14:10] posa:-21.115,vel:2609.07,stat:5

From tinyG: [12:14:10] posa:-25.000,vel:0.00,stat:3

Out > [12:14:10] g91 g1 a30 f250

From tinyG: [12:14:10] tinyg [mm] ok> 

From tinyG: [12:14:10] posa:-24.209,vel:250.00,dist:1,momo:1,stat:5

From tinyG: [12:14:10] posa:-23.371

From tinyG: [12:14:11] posa:-22.540

From tinyG: [12:14:11] posa:-21.702

From tinyG: [12:14:11] posa:-20.871

From tinyG: [12:14:11] posa:-20.033

From tinyG: [12:14:11] posa:-19.202

From tinyG: [12:14:12] posa:-18.365

From tinyG: [12:14:12] posa:-17.533

From tinyG: [12:14:12] posa:-16.696

From tinyG: [12:14:12] posa:-15.864

From tinyG: [12:14:12] posa:-15.027

From tinyG: [12:14:13] posa:-14.196

From tinyG: [12:14:13] posa:-13.358

From tinyG: [12:14:13] posa:-12.527

From tinyG: [12:14:13] posa:-11.684

From tinyG: [12:14:13] posa:-10.846

From tinyG: [12:14:14] posa:-10.015

From tinyG: [12:14:14] posa:-9.178

From tinyG: [12:14:14] posa:-8.334

From tinyG: [12:14:14] posa:-7.496

From tinyG: [12:14:15] posa:-6.665

From tinyG: [12:14:15] posa:-5.828

From tinyG: [12:14:15] posa:-4.984

From tinyG: [12:14:15] posa:-4.147

From tinyG: [12:14:15] posa:-3.315

From tinyG: [12:14:16] posa:-2.478

From tinyG: [12:14:16] posa:-1.634

From tinyG: [12:14:16] posa:-0.797

From tinyG: [12:14:16] posa:-0.068,vel:0.00,stat:6

From tinyG: [12:14:16] tinyg [mm] ok> 

From tinyG: [12:14:16] stat:3

From tinyG: [12:14:16] [di1fn] input function          0 [0=none,1=limit,2=interlock,3=shutdown]

From tinyG: [12:14:16] tinyg [mm] ok> 

Out > [12:14:16] $posa

From tinyG: [12:14:16] A position:         -0.068 deg

From tinyG: [12:14:16] tinyg [mm] ok> 

