[16:41:25] Starting Log file for session: 2020724-164125

From tinyG: [16:41:27] {r:{fv:0.98,fb:86.03,hp:3,hv:0,id:"0213-0215-0515",msg:"SYSTEM READY"},f:[1,0,1]}

From tinyG: [16:41:27] tinyg [mm] ok> 

From tinyG: [16:41:27] [ej]  enable json mode            0 [0=text,1=JSON]

From tinyG: [16:41:27] tinyg [mm] ok> 

Out > [16:41:33] G90 G0 Z-12

Out > [16:41:33] G28.2 A0

From tinyG: [16:41:33] tinyg [mm] ok> 

From tinyG: [16:41:33] tinyg [mm] ok> 

From tinyG: [16:41:33] line:0,posx:0.000,posy:0.000,posz:-12.000,posa:-11.289,feed:5000.00,vel:5000.00,unit:1,coor:0,dist:1,admo:1,frmo:1,momo:1,stat:9

Out > [16:41:33] G91 G0 A30

From tinyG: [16:41:34] posa:-18.134,feed:5000.00,vel:2843.43,stat:9

From tinyG: [16:41:34] posa:2.217,vel:4716.02

From tinyG: [16:41:34] posa:-0.740,vel:5000.00

From tinyG: [16:41:34] posa:-15.255,vel:0.01

From tinyG: [16:41:35] posa:-13.296,feed:500.00,vel:500.00

From tinyG: [16:41:35] posa:-11.197

From tinyG: [16:41:35] posa:-9.110

From tinyG: [16:41:35] posa:-7.023

From tinyG: [16:41:36] posa:-4.936

From tinyG: [16:41:36] posa:-2.850

From tinyG: [16:41:36] posa:-0.763

From tinyG: [16:41:36] tinyg [mm] ok> 

From tinyG: [16:41:36] posa:3.663,feed:250.00,vel:7343.68,momo:0,stat:5

From tinyG: [16:41:37] posa:30.000,vel:0.00,stat:3

Out > [16:41:37] $di1fn=2

Out > [16:41:37] G91 G0 A1

Out > [16:41:37] $di1ac=2

Out > [16:41:37] G91 G1 A-30 F250

From tinyG: [16:41:37] [di1fn] input function          2 [0=none,1=limit,2=interlock,3=shutdown]

From tinyG: [16:41:37] tinyg [mm] ok> 

From tinyG: [16:41:37] tinyg [mm] ok> 

From tinyG: [16:41:37] {er:{fb:86.03,st:9,msg:"File not open - write_persistent"}}

From tinyG: [16:41:37] [di1ac] input action            2 [0=none,1=stop,2=halt,3=stop_steps,4=panic,5=reset]

From tinyG: [16:41:37] tinyg [mm] ok> 

From tinyG: [16:41:37] tinyg [mm] ok> 

From tinyG: [16:41:37] posa:30.415,vel:250.00,momo:1,stat:5

From tinyG: [16:41:37] posa:29.371

From tinyG: [16:41:37] posa:28.334

From tinyG: [16:41:38] posa:27.284

From tinyG: [16:41:38] posa:26.240

From tinyG: [16:41:38] posa:25.196

From tinyG: [16:41:38] posa:24.152

From tinyG: [16:41:39] posa:23.108

From tinyG: [16:41:39] posa:22.064

From tinyG: [16:41:39] posa:21.021

From tinyG: [16:41:39] posa:19.977

From tinyG: [16:41:40] posa:18.933

From tinyG: [16:41:40] posa:17.889

From tinyG: [16:41:40] posa:16.852

From tinyG: [16:41:40] posa:15.802

From tinyG: [16:41:41] posa:14.758

From tinyG: [16:41:41] posa:13.714

From tinyG: [16:41:41] posa:12.671

From tinyG: [16:41:42] posa:12.436,vel:0.00,stat:6

Out > [16:41:42] $posa

From tinyG: [16:41:42] tinyg [mm] ok> 

From tinyG: [16:41:42] stat:3

From tinyG: [16:41:42] A position:         12.436 deg

From tinyG: [16:41:42] tinyg [mm] ok> 

Out > [16:41:42] $di1fn=2
0.0
Out > [16:41:42] $di1fn=2

Out > [16:41:42] G90 G0 A0

Out > [16:41:42] $di1ac=0

Out > [16:41:42] g90 g0 a6.218
From tinyG: [16:41:42] [di1fn] input function          2 [0=none,1=limit,2=interlock,3=shutdown]

From tinyG: [16:41:42] tinyg [mm] ok> 

From tinyG: [16:41:42] tinyg [mm] err[101]: Malformed command: 0.0$di1fn=2 

From tinyG: [16:41:42] tinyg [mm] ok> 

From tinyG: [16:41:42] {er:{fb:86.03,st:9,msg:"File not open - write_persistent"}}

From tinyG: [16:41:42] [di1ac] input action            0 [0=none,1=stop,2=halt,3=stop_steps,4=panic,5=reset]

From tinyG: [16:41:42] tinyg [mm] ok> 

Out > [16:41:42] G28.3 A0

From tinyG: [16:41:42] tinyg [mm] ok> 

From tinyG: [16:41:42] posa:0.000,dist:0,momo:0,stat:3

Out > [16:41:42] G0 Z0

From tinyG: [16:41:42] tinyg [mm] ok> 

From tinyG: [16:41:42] posz:-0.707,vel:2083.77,stat:5

From tinyG: [16:41:42] posz:0.000,vel:0.00,stat:3

