[13:30:33] Starting Log file for session: 2020724-133033

From tinyG: [13:30:34] {r:{fv:0.98,fb:86.03,hp:3,hv:0,id:"0213-0215-0515",msg:"SYSTEM READY"},f:[1,0,1]}

From tinyG: [13:30:34] tinyg [mm] ok> 

From tinyG: [13:30:36] {r:{tinygmo:null},f:[1,100,26]}

From tinyG: [13:30:36] {r:{baud:null},f:[1,100,11]}

From tinyG: [13:30:36] {r:{js:0},f:[1,0,9]}

From tinyG: [13:30:36] {r:{gpa:0},f:[1,0,10]}

From tinyG: [13:30:36] {r:{gun:1},f:[1,0,10]}

From tinyG: [13:30:36] {r:{ja:0.00},f:[1,0,9]}

From tinyG: [13:30:36] {r:{si:250},f:[1,0,11]}

From tinyG: [13:30:36] {r:{jv:5},f:[1,0,9]}

From tinyG: [13:30:36] {r:{mt:0},f:[1,0,11]}

From tinyG: [13:30:36] {r:{st:null},f:[1,100,9]}

From tinyG: [13:30:36] {r:{motorma:null},f:[1,100,20]}

From tinyG: [13:30:36] {r:{1ma:5},f:[1,0,10]}

From tinyG: [13:30:36] {r:{2ma:0},f:[1,0,10]}

From tinyG: [13:30:36] {r:{3ma:2},f:[1,0,10]}

From tinyG: [13:30:36] {r:{4ma:3},f:[1,0,10]}

From tinyG: [13:30:36] {r:{polarit:null},f:[1,100,18]}

From tinyG: [13:30:36] {r:{1po:1},f:[1,0,10]}

From tinyG: [13:30:36] {r:{2po:0},f:[1,0,10]}

From tinyG: [13:30:36] {r:{3po:1},f:[1,0,10]}

From tinyG: [13:30:36] {r:{4po:0},f:[1,0,10]}

From tinyG: [13:30:36] {r:{trvalue:null},f:[1,100,16]}

From tinyG: [13:30:36] {r:{1tr:60.0000},f:[1,0,11]}

From tinyG: [13:30:36] {r:{2tr:6.3500},f:[1,0,13]}

From tinyG: [13:30:36] {r:{3tr:5.0000},f:[1,0,10]}

From tinyG: [13:30:36] {r:{4tr:60.0000},f:[1,0,11]}

From tinyG: [13:30:36] {r:{powerse:null},f:[1,100,21]}

From tinyG: [13:30:36] {r:{1pl:1.000},f:[1,0,10]}

From tinyG: [13:30:36] {r:{2pl:1.000},f:[1,0,10]}

From tinyG: [13:30:36] {r:{3pl:0.000},f:[1,0,10]}

From tinyG: [13:30:36] {r:{4pl:0.000},f:[1,0,10]}

From tinyG: [13:30:36] {r:{1pm:2},f:[1,0,10]}

From tinyG: [13:30:36] {r:{2pm:2},f:[1,0,10]}

From tinyG: [13:30:36] {r:{3pm:2},f:[1,0,10]}

From tinyG: [13:30:36] {r:{4pm:2},f:[1,0,10]}

From tinyG: [13:30:36] {r:{motorse:null},f:[1,100,21]}

From tinyG: [13:30:36] {r:{1mi:16},f:[1,0,11]}

From tinyG: [13:30:36] {r:{2mi:32},f:[1,0,11]}

From tinyG: [13:30:36] {r:{3mi:10,msg:"*** WARNING *** Setting non-standard microstep value"},f:[1,0,11]}

From tinyG: [13:30:36] {r:{4mi:10,msg:"*** WARNING *** Setting non-standard microstep value"},f:[1,0,11]}

From tinyG: [13:30:36] {r:{1sa:1.800},f:[1,0,12]}

From tinyG: [13:30:36] {r:{2sa:1.800},f:[1,0,12]}

From tinyG: [13:30:36] {r:{3sa:1.800},f:[1,0,12]}

From tinyG: [13:30:36] {r:{4sa:1.800},f:[1,0,12]}

From tinyG: [13:30:36] {r:{axesset:null},f:[1,100,20]}

From tinyG: [13:30:36] {r:{xam:1},f:[1,0,10]}

From tinyG: [13:30:36] {r:{xvm:1500},f:[1,0,13]}

From tinyG: [13:30:36] {r:{xjm:5000},f:[1,0,13]}

From tinyG: [13:30:36] {r:{xfr:5000},f:[1,0,13]}

From tinyG: [13:30:36] {r:{xtn:-500.000},f:[1,0,13]}

From tinyG: [13:30:36] {r:{xtm:0.000},f:[1,0,10]}

From tinyG: [13:30:36] {r:{yam:0},f:[1,0,10]}

From tinyG: [13:30:36] {r:{yvm:0},f:[1,0,10]}

From tinyG: [13:30:36] {r:{yjm:0},f:[1,0,10]}

From tinyG: [13:30:36] {r:{yfr:0},f:[1,0,10]}

From tinyG: [13:30:36] {r:{zam:1},f:[1,0,10]}

From tinyG: [13:30:36] {r:{zvm:3750},f:[1,0,13]}

From tinyG: [13:30:36] {r:{zjm:5000},f:[1,0,13]}

From tinyG: [13:30:36] {r:{zfr:3750},f:[1,0,13]}

From tinyG: [13:30:36] {r:{ztn:-100.000},f:[1,0,13]}

From tinyG: [13:30:36] {r:{ztm:2.000},f:[1,0,10]}

From tinyG: [13:30:36] {r:{aam:1},f:[1,0,10]}

From tinyG: [13:30:36] {r:{avm:20000},f:[1,0,14]}

From tinyG: [13:30:36] {r:{ajm:10000},f:[1,0,14]}

From tinyG: [13:30:36] {r:{afr:15000},f:[1,0,14]}

From tinyG: [13:30:36] {r:{atn:-3600.000},f:[1,0,14]}

From tinyG: [13:30:36] {r:{atm:3600.000},f:[1,0,13]}

From tinyG: [13:30:36] {r:{cam:1},f:[1,0,10]}

From tinyG: [13:30:36] {r:{cvm:10000},f:[1,0,14]}

From tinyG: [13:30:36] {r:{cjm:5000},f:[1,0,13]}

From tinyG: [13:30:36] {r:{cfr:10000},f:[1,0,14]}

From tinyG: [13:30:36] {r:{ctn:-3600.000},f:[1,0,14]}

From tinyG: [13:30:36] {r:{ctm:3600.000},f:[1,0,13]}

From tinyG: [13:30:36] {r:{limitsw:null},f:[1,100,21]}

From tinyG: [13:30:36] {r:{sl:1},f:[1,0,9]}

From tinyG: [13:30:36] {r:{xsn:null},f:[1,100,10]}

From tinyG: [13:30:36] {r:{ahi:1},f:[1,0,10]}

From tinyG: [13:30:36] {r:{di1mo:1},f:[1,0,12]}

From tinyG: [13:30:36] {r:{di1ac:0},f:[1,0,12]}

From tinyG: [13:30:36] {r:{di1fn:0},f:[1,0,12]}

From tinyG: [13:30:36] {r:{xsx:null},f:[1,100,10]}

From tinyG: [13:30:36] {r:{xhi:2},f:[1,0,10]}

From tinyG: [13:30:36] {r:{di2mo:0},f:[1,0,12]}

From tinyG: [13:30:36] {r:{di2ac:0},f:[1,0,12]}

From tinyG: [13:30:36] {r:{di2fn:0},f:[1,0,12]}

From tinyG: [13:30:36] {r:{ysn:null},f:[1,100,10]}

From tinyG: [13:30:36] {r:{yhi:0},f:[1,0,10]}

From tinyG: [13:30:36] {r:{di3mo:-1},f:[1,0,13]}

From tinyG: [13:30:36] {r:{di3ac:0},f:[1,0,12]}

From tinyG: [13:30:36] {r:{di3fn:0},f:[1,0,12]}

From tinyG: [13:30:36] {r:{ysx:null},f:[1,100,10]}

From tinyG: [13:30:36] {r:{di4mo:-1},f:[1,0,13]}

From tinyG: [13:30:36] {r:{di4ac:0},f:[1,0,12]}

From tinyG: [13:30:36] {r:{di4fn:0},f:[1,0,12]}

From tinyG: [13:30:36] {r:{zsn:null},f:[1,100,10]}

From tinyG: [13:30:36] {r:{zhi:5},f:[1,0,10]}

From tinyG: [13:30:36] {r:{di5mo:0},f:[1,0,12]}

From tinyG: [13:30:36] {r:{di5ac:0},f:[1,0,12]}

From tinyG: [13:30:36] {r:{di5fn:0},f:[1,0,12]}

From tinyG: [13:30:36] {r:{zsx:null},f:[1,100,10]}

From tinyG: [13:30:36] {r:{di6mo:-1},f:[1,0,13]}

From tinyG: [13:30:36] {r:{di6ac:0},f:[1,0,12]}

From tinyG: [13:30:36] {r:{di6fn:0},f:[1,0,12]}

From tinyG: [13:30:36] {r:{asn:null},f:[1,100,10]}

From tinyG: [13:30:37] {r:{di7mo:-1},f:[1,0,13]}

From tinyG: [13:30:37] {r:{di7ac:0},f:[1,0,12]}

From tinyG: [13:30:37] {r:{di7fn:0},f:[1,0,12]}

From tinyG: [13:30:37] {r:{asx:null},f:[1,100,10]}

From tinyG: [13:30:37] {r:{di8mo:-1},f:[1,0,13]}

From tinyG: [13:30:37] {r:{di8ac:0},f:[1,0,12]}

From tinyG: [13:30:37] {r:{di8fn:0},f:[1,0,12]}

From tinyG: [13:30:37] {r:{di9mo:-1},f:[1,0,13]}

From tinyG: [13:30:37] {r:{di9ac:0},f:[1,0,12]}

From tinyG: [13:30:37] {r:{di9fn:0},f:[1,0,12]}

From tinyG: [13:30:37] {r:{homingc:null},f:[1,100,20]}

From tinyG: [13:30:37] {r:{st:null},f:[1,100,9]}

From tinyG: [13:30:37] {r:{xhd:1},f:[1,0,10]}

From tinyG: [13:30:37] {r:{xsv:1000},f:[1,0,13]}

From tinyG: [13:30:37] {r:{xlv:100.00},f:[1,0,12]}

From tinyG: [13:30:37] {r:{xlb:5.000},f:[1,0,10]}

From tinyG: [13:30:37] {r:{xzb:2.000},f:[1,0,10]}

From tinyG: [13:30:37] {r:{xjh:10000},f:[1,0,14]}

From tinyG: [13:30:37] {r:{zhd:0},f:[1,0,10]}

From tinyG: [13:30:37] {r:{zsv:1000},f:[1,0,13]}

From tinyG: [13:30:37] {r:{zlv:100.00},f:[1,0,12]}

From tinyG: [13:30:37] {r:{zlb:5.000},f:[1,0,10]}

From tinyG: [13:30:37] {r:{zzb:50.305},f:[1,0,15]}

From tinyG: [13:30:37] {r:{zjh:10000},f:[1,0,14]}

From tinyG: [13:30:37] {r:{ahd:1},f:[1,0,10]}

From tinyG: [13:30:37] {r:{asv:2000},f:[1,0,13]}

From tinyG: [13:30:37] {r:{alv:500.00},f:[1,0,12]}

From tinyG: [13:30:37] {r:{alb:20.000},f:[1,0,11]}

From tinyG: [13:30:37] {r:{azb:0.000},f:[1,0,10]}

From tinyG: [13:30:37] {r:{ajh:10000},f:[1,0,14]}

From tinyG: [13:30:37] {sr:{stat:3}}

Out > [13:30:39] $ej:0


From tinyG: [13:30:39] [ej]  enable json mode            0 [0=text,1=JSON]

From tinyG: [13:30:39] tinyg [mm] ok> 

Out > [13:30:41] G28.2 Z0 X0

From tinyG: [13:30:41] tinyg [mm] ok> 

From tinyG: [13:30:41] posz:-15.805,feed:1000.00,vel:1000.00,stat:9

From tinyG: [13:30:42] posz:-20.004

From tinyG: [13:30:42] posz:-24.179

From tinyG: [13:30:42] posz:-28.353

From tinyG: [13:30:42] posz:-32.528

From tinyG: [13:30:43] posz:-36.703

From tinyG: [13:30:43] posz:-40.852

From tinyG: [13:30:43] posz:-45.052

From tinyG: [13:30:43] posz:-49.227

From tinyG: [13:30:44] posz:-49.753

From tinyG: [13:30:44] posz:-45.766,vel:171.72

From tinyG: [13:30:44] posz:-46.053,feed:100.00,vel:100.00

From tinyG: [13:30:44] posz:-46.473

From tinyG: [13:30:45] posz:-46.890

From tinyG: [13:30:45] posz:-47.308

From tinyG: [13:30:45] posz:-47.725

From tinyG: [13:30:45] posz:-48.142

From tinyG: [13:30:46] posz:-48.559

From tinyG: [13:30:46] posz:-48.974

From tinyG: [13:30:46] posz:-49.394

From tinyG: [13:30:46] posz:-49.811

From tinyG: [13:30:47] posz:-50.228

From tinyG: [13:30:47] posz:-48.221,feed:1000.00,vel:1000.00

From tinyG: [13:30:47] posz:-44.046

From tinyG: [13:30:47] posz:-39.871

From tinyG: [13:30:48] posz:-35.697

From tinyG: [13:30:48] posz:-31.522

From tinyG: [13:30:48] posz:-27.348

From tinyG: [13:30:48] posz:-23.173

From tinyG: [13:30:49] posz:-18.998

From tinyG: [13:30:49] posz:-14.824

From tinyG: [13:30:49] posz:-10.649

From tinyG: [13:30:49] posz:-6.474

From tinyG: [13:30:50] posz:-2.300

From tinyG: [13:30:50] posx:0.235,posz:0.000,vel:934.38

From tinyG: [13:30:50] posx:2.054,vel:998.95

From tinyG: [13:30:50] posx:-2.111,vel:1000.00

From tinyG: [13:30:51] posx:-2.358,feed:100.00,vel:100.00

From tinyG: [13:30:51] posx:-1.941

From tinyG: [13:30:51] posx:-1.523

From tinyG: [13:30:51] posx:-1.106

From tinyG: [13:30:52] posx:-0.691

From tinyG: [13:30:52] posx:-0.271

From tinyG: [13:30:52] posx:0.146

From tinyG: [13:30:52] posx:0.563

From tinyG: [13:30:53] posx:0.981

From tinyG: [13:30:53] posx:1.396

From tinyG: [13:30:53] posx:1.815

From tinyG: [13:30:53] posx:1.050,feed:1000.00,vel:1000.00

From tinyG: [13:30:54] posx:0.000,feed:500.00,vel:0.00,momo:4,stat:3

Out > [13:30:54] G90 G0 Z-12

Out > [13:30:54] G28.2 A0

From tinyG: [13:30:54] tinyg [mm] ok> 

From tinyG: [13:30:54] tinyg [mm] ok> 

From tinyG: [13:30:54] posz:-11.293,vel:2083.77,dist:0,momo:0,stat:9

From tinyG: [13:30:54] posz:-12.000,posa:-3.368,feed:2000.00,vel:2000.00,dist:1,momo:1

From tinyG: [13:30:54] posa:-11.695

From tinyG: [13:30:55] posa:-19.844,vel:1000.00

From tinyG: [13:30:55] posa:-15.525,vel:2000.00

From tinyG: [13:30:55] posa:-7.126

From tinyG: [13:30:55] posa:1.043,vel:1000.00

From tinyG: [13:30:56] posa:-3.266,vel:2000.00

From tinyG: [13:30:56] posa:-11.593

From tinyG: [13:30:56] posa:-18.801,vel:0.03

From tinyG: [13:30:56] posa:-16.842,feed:500.00,vel:500.00

From tinyG: [13:30:57] posa:-14.743

From tinyG: [13:30:57] posa:-12.656

From tinyG: [13:30:57] posa:-10.569

From tinyG: [13:30:58] posa:-8.482

From tinyG: [13:30:58] posa:-6.395

From tinyG: [13:30:58] posa:-4.309

From tinyG: [13:30:58] posa:-2.234

From tinyG: [13:30:59] posa:-0.135

From tinyG: [13:30:59] posa:0.000,feed:1000.00,vel:0.00,momo:4,stat:3

Out > [13:30:59] G91 G0 A30

Out > [13:30:59] $di1fn=2

From tinyG: [13:30:59] tinyg [mm] ok> 

From tinyG: [13:30:59] {er:{fb:86.03,st:9,msg:"File not open - write_persistent"}}

From tinyG: [13:30:59] [di1fn] input function          2 [0=none,1=limit,2=interlock,3=shutdown]

From tinyG: [13:30:59] tinyg [mm] ok> 

Out > [13:30:59] G91 G0 A1

From tinyG: [13:30:59] tinyg [mm] ok> 

From tinyG: [13:30:59] posa:28.059,vel:3814.62,momo:0,stat:5

From tinyG: [13:30:59] posa:31.000,vel:0.00,stat:3

Out > [13:30:59] $di1ac=2

Out > [13:30:59] G91 G1 A-30 F500

From tinyG: [13:30:59] [di1ac] input action            2 [0=none,1=stop,2=halt,3=stop_steps,4=panic,5=reset]

From tinyG: [13:30:59] tinyg [mm] ok> 

From tinyG: [13:30:59] tinyg [mm] ok> 

From tinyG: [13:31:00] posa:29.041,feed:500.00,vel:500.00,momo:1,stat:5

From tinyG: [13:31:00] posa:26.942

From tinyG: [13:31:00] posa:24.855

From tinyG: [13:31:00] posa:22.768

From tinyG: [13:31:01] posa:20.681

From tinyG: [13:31:01] posa:18.594

From tinyG: [13:31:01] posa:16.507

From tinyG: [13:31:01] posa:14.420

From tinyG: [13:31:02] posa:12.333

From tinyG: [13:31:02] posa:12.136,vel:0.00,stat:6

From tinyG: [13:31:02] stat:3

From tinyG: [13:31:11] stat:3

