[19:16:28] Starting Log file for session: 2020724-191628

From tinyG: [19:16:30] {r:{fv:0.98,fb:86.03,hp:3,hv:0,id:"0213-0215-0515",msg:"SYSTEM READY"},f:[1,0,1]}

From tinyG: [19:16:30] tinyg [mm] ok> 

From tinyG: [19:16:30] [ej]  enable json mode            0 [0=text,1=JSON]

From tinyG: [19:16:30] tinyg [mm] ok> 

Out > [19:16:32] G90 G0 Z-12

Out > [19:16:32] G28.2 A0

Out > [19:16:32] G91 G0 A30

From tinyG: [19:16:32] tinyg [mm] ok> 

From tinyG: [19:16:32] tinyg [mm] ok> 

From tinyG: [19:16:33] line:0,posx:0.000,posy:0.000,posz:-12.000,posa:6.972,feed:5000.00,vel:5000.00,unit:1,coor:0,dist:1,admo:1,frmo:1,momo:1,stat:9

Out > [19:16:36] $di1fn=2

Out > [19:16:36] G91 G0 A1

From tinyG: [19:16:36] posa:0.121,feed:5000.00,vel:2705.88,momo:1,stat:9

From tinyG: [19:16:36] posa:-4.547,vel:5000.00

From tinyG: [19:16:36] posa:-18.320,vel:0.01

From tinyG: [19:16:36] posa:-16.361,feed:500.00,vel:500.00

From tinyG: [19:16:36] posa:-14.262

From tinyG: [19:16:36] posa:-12.175

From tinyG: [19:16:36] posa:-10.088

From tinyG: [19:16:36] posa:-8.001

From tinyG: [19:16:36] posa:-5.915

From tinyG: [19:16:36] posa:-3.828

From tinyG: [19:16:36] posa:-1.753

From tinyG: [19:16:36] tinyg [mm] ok> 

From tinyG: [19:16:36] {er:{fb:86.03,st:9,msg:"File not open - write_persistent"}}

From tinyG: [19:16:36] [di1fn] input function          2 [0=none,1=limit,2=interlock,3=shutdown]

From tinyG: [19:16:36] tinyg [mm] ok> 

From tinyG: [19:16:36] tinyg [mm] ok> 

Out > [19:16:36] G91 G1 A-30 F250

From tinyG: [19:16:36] tinyg [mm] ok> 

From tinyG: [19:16:36] posa:0.000,vel:0.00,stat:5

From tinyG: [19:16:36] posa:28.059,feed:250.00,vel:3814.62,momo:0

From tinyG: [19:16:36] posa:30.396,vel:250.00,momo:1

From tinyG: [19:16:36] posa:29.352

From tinyG: [19:16:37] posa:28.302

From tinyG: [19:16:37] posa:27.259

From tinyG: [19:16:37] posa:26.215

From tinyG: [19:16:37] posa:25.171

From tinyG: [19:16:38] posa:24.127

From tinyG: [19:16:38] posa:23.083

From tinyG: [19:16:38] posa:22.039

From tinyG: [19:16:38] posa:20.996

From tinyG: [19:16:39] posa:19.952

From tinyG: [19:16:39] posa:19.007

From tinyG: [19:16:39] posa:17.957

From tinyG: [19:16:39] posa:16.914

From tinyG: [19:16:40] posa:15.870

From tinyG: [19:16:40] posa:14.827

From tinyG: [19:16:40] posa:13.783

From tinyG: [19:16:40] posa:12.740

From tinyG: [19:16:41] posa:11.696

From tinyG: [19:16:41] posa:10.653

From tinyG: [19:16:41] posa:9.609

From tinyG: [19:16:41] posa:8.566

From tinyG: [19:16:42] posa:7.522

From tinyG: [19:16:42] posa:6.479

From tinyG: [19:16:42] posa:5.435

From tinyG: [19:16:42] posa:4.391

From tinyG: [19:16:43] posa:3.348

From tinyG: [19:16:43] posa:2.304

From tinyG: [19:16:43] posa:1.261

From tinyG: [19:16:43] posa:1.000,vel:0.00,stat:3

Out > [19:16:46] G90 G0 Z-12

Out > [19:16:46] G28.2 A0

Out > [19:16:46] G91 G0 A30

From tinyG: [19:16:46] tinyg [mm] ok> 

From tinyG: [19:16:46] tinyg [mm] ok> 

From tinyG: [19:16:46] line:0,posx:0.000,posy:0.000,posz:-12.000,posa:-11.165,feed:5000.00,vel:5000.00,unit:1,coor:0,dist:1,admo:1,frmo:1,momo:1,stat:9

Out > [19:16:49] $di1fn=2

Out > [19:16:49] G91 G0 A1

From tinyG: [19:16:49] posa:-18.205,feed:5000.00,vel:2706.53,stat:9

From tinyG: [19:16:49] posa:2.099,vel:4768.76

From tinyG: [19:16:49] posa:-0.616,vel:5000.00

From tinyG: [19:16:49] posa:-15.255,vel:0.01

From tinyG: [19:16:49] posa:-13.296,feed:500.00,vel:500.00

From tinyG: [19:16:49] posa:-11.197

From tinyG: [19:16:49] posa:-9.110

From tinyG: [19:16:49] posa:-7.023

From tinyG: [19:16:49] posa:-4.936

From tinyG: [19:16:49] posa:-2.850

From tinyG: [19:16:49] posa:-0.763

From tinyG: [19:16:49] tinyg [mm] ok> 

From tinyG: [19:16:49] {er:{fb:86.03,st:9,msg:"File not open - write_persistent"}}

From tinyG: [19:16:49] [di1fn] input function          2 [0=none,1=limit,2=interlock,3=shutdown]

From tinyG: [19:16:49] tinyg [mm] ok> 

From tinyG: [19:16:49] tinyg [mm] ok> 

Out > [19:16:49] G91 G1 A-30 F250

From tinyG: [19:16:49] tinyg [mm] ok> 

From tinyG: [19:16:50] posa:3.116,feed:250.00,vel:6668.86,momo:0,stat:5

From tinyG: [19:16:50] posa:30.993,vel:265.71

From tinyG: [19:16:50] posa:30.034,vel:250.00,momo:1

From tinyG: [19:16:50] posa:28.990

From tinyG: [19:16:51] posa:27.946

From tinyG: [19:16:51] posa:26.902

From tinyG: [19:16:51] posa:25.865

From tinyG: [19:16:51] posa:24.815

From tinyG: [19:16:52] posa:23.771

From tinyG: [19:16:52] posa:22.727

From tinyG: [19:16:52] posa:21.683

From tinyG: [19:16:52] posa:20.639

From tinyG: [19:16:53] posa:19.596

From tinyG: [19:16:53] posa:18.651

From tinyG: [19:16:53] posa:17.607

From tinyG: [19:16:53] posa:16.564

From tinyG: [19:16:54] posa:15.520

From tinyG: [19:16:54] posa:14.477

From tinyG: [19:16:54] posa:13.433

From tinyG: [19:16:54] posa:12.390

From tinyG: [19:16:55] posa:11.346

From tinyG: [19:16:55] posa:10.303

From tinyG: [19:16:55] posa:9.259

From tinyG: [19:16:55] posa:8.216

From tinyG: [19:16:56] posa:7.172

From tinyG: [19:16:56] posa:6.129

From tinyG: [19:16:56] posa:5.085

From tinyG: [19:16:56] posa:4.041

From tinyG: [19:16:57] posa:2.998

From tinyG: [19:16:57] posa:1.954

From tinyG: [19:16:57] posa:1.000,vel:0.00,stat:3

From tinyG: [19:17:12] {r:{tinygmo:null},f:[1,100,26]}

From tinyG: [19:17:12] {r:{baud:null},f:[1,100,11]}

From tinyG: [19:17:12] {r:{js:0},f:[1,0,9]}

From tinyG: [19:17:12] {r:{gpa:0},f:[1,0,10]}

From tinyG: [19:17:12] {r:{gun:1},f:[1,0,10]}

From tinyG: [19:17:12] {r:{ja:0.00},f:[1,0,9]}

From tinyG: [19:17:12] {r:{si:250},f:[1,0,11]}

From tinyG: [19:17:12] {r:{jv:5},f:[1,0,9]}

From tinyG: [19:17:12] {r:{mt:0},f:[1,0,11]}

From tinyG: [19:17:12] {r:{st:null},f:[1,100,9]}

From tinyG: [19:17:12] {r:{qv:0},f:[1,0,9]}

From tinyG: [19:17:12] {r:{tv:1},f:[1,0,9]}

From tinyG: [19:17:12] {r:{sv:1},f:[1,0,9]}

From tinyG: [19:17:12] {r:{motorma:null},f:[1,100,20]}

From tinyG: [19:17:12] r:{1ma:5},f:[1,0,10]}

From tinyG: [19:17:12] {r:{2ma:0},f:[1,0,10]}

From tinyG: [19:17:12] {r:{3ma:2},f:[1,0,10]}

From tinyG: [19:17:12] {r:{4ma:3},f:[1,0,10]}

From tinyG: [19:17:12] {r:{polarit:null},f:[1,100,18]}

From tinyG: [19:17:12] {r:{1po:1},f:[1,0,10]}

From tinyG: [19:17:12] {r:{2po:0},f:[1,0,10]}

From tinyG: [19:17:12] {r:{3po:1},f:[1,0,10]}

From tinyG: [19:17:12] {r:{4po:0},f:[1,0,10]}

From tinyG: [19:17:12] {r:{trvalue:null},f:[1,100,16]}

From tinyG: [19:17:12] {r:{1tr:60.0000},f:[1,0,11]}

From tinyG: [19:17:12] {r:{2tr:6.3500},f:[1,0,13]}

From tinyG: [19:17:12] {r:{3tr:5.0000},f:[1,0,10]}

From tinyG: [19:17:12] {r:{4tr:60.0000},f:[1,0,11]}

From tinyG: [19:17:12] {r:{powerse:null},f:[1,100,21]}

From tinyG: [19:17:12] {r:{1pl:1.000},f:[1,0,10]}

From tinyG: [19:17:12] {r:{2pl:1.000},f:[1,0,10]}

From tinyG: [19:17:12] {r:{3pl:0.000},f:[1,0,10]}

From tinyG: [19:17:12] {r:{4pl:0.000},f:[1,0,10]}

From tinyG: [19:17:12] {r:{1pm:2},f:[1,0,10]}

From tinyG: [19:17:12] {r:{2pm:2},f:[1,0,10]}

From tinyG: [19:17:12] {r:{3pm:2},f:[1,0,10]}

From tinyG: [19:17:12] {r:{4pm:2},f:[1,0,10]}

From tinyG: [19:17:12] {r:{motorse:null},f:[1,100,21]}

From tinyG: [19:17:12] {r:{1mi:16},f:[1,0,11]}

From tinyG: [19:17:12] {r:{2mi:32},f:[1,0,11]}

From tinyG: [19:17:12] {r:{3mi:10,msg:"*** WARNING *** Setting non-standard microstep value"},f:[1,0,11]}

From tinyG: [19:17:12] {r:{4mi:10,msg:"*** WARNING *** Setting non-standard microstep value"},f:[1,0,11]}

From tinyG: [19:17:12] {r:{1sa:1.800},f:[1,0,12]}

From tinyG: [19:17:12] {r:{2sa:1.800},f:[1,0,12]}

From tinyG: [19:17:12] {r:{3sa:1.800},f:[1,0,12]}

From tinyG: [19:17:12] {r:{4sa:1.800},f:[1,0,12]}

From tinyG: [19:17:12] {r:{axesset:null},f:[1,100,20]}

From tinyG: [19:17:12] {r:{xam:1},f:[1,0,10]}

From tinyG: [19:17:12] {r:{xvm:1500},f:[1,0,13]}

From tinyG: [19:17:12] {r:{xjm:5000},f:[1,0,13]}

From tinyG: [19:17:12] {r:{xfr:5000},f:[1,0,13]}

From tinyG: [19:17:12] {r:{xtn:-500.000},f:[1,0,13]}

From tinyG: [19:17:12] {r:{xtm:0.000},f:[1,0,10]}

From tinyG: [19:17:12] {r:{yam:0},f:[1,0,10]}

From tinyG: [19:17:12] {r:{yvm:0},f:[1,0,10]}

From tinyG: [19:17:12] {r:{yjm:0},f:[1,0,10]}

From tinyG: [19:17:12] {r:{yfr:0},f:[1,0,10]}

From tinyG: [19:17:12] {r:{zam:1},f:[1,0,10]}

From tinyG: [19:17:12] {r:{zvm:3750},f:[1,0,13]}

From tinyG: [19:17:12] {r:{zjm:5000},f:[1,0,13]}

From tinyG: [19:17:12] {r:{zfr:3750},f:[1,0,13]}

From tinyG: [19:17:12] {r:{ztn:-100.000},f:[1,0,13]}

From tinyG: [19:17:12] {r:{ztm:2.000},f:[1,0,10]}

From tinyG: [19:17:12] {r:{aam:1},f:[1,0,10]}

From tinyG: [19:17:12] {r:{avm:20000},f:[1,0,14]}

From tinyG: [19:17:12] {r:{ajm:10000},f:[1,0,14]}

From tinyG: [19:17:12] {r:{afr:15000},f:[1,0,14]}

From tinyG: [19:17:12] {r:{atn:-3600.000},f:[1,0,14]}

From tinyG: [19:17:12] {r:{atm:3600.000},f:[1,0,13]}

From tinyG: [19:17:12] {r:{cam:1},f:[1,0,10]}

From tinyG: [19:17:12] {r:{cvm:10000},f:[1,0,14]}

From tinyG: [19:17:12] {r:{cjm:5000},f:[1,0,13]}

From tinyG: [19:17:12] {r:{cfr:10000},f:[1,0,14]}

From tinyG: [19:17:12] {r:{ctn:-3600.000},f:[1,0,14]}

From tinyG: [19:17:12] {r:{ctm:3600.000},f:[1,0,13]}

From tinyG: [19:17:12] {r:{limitsw:null},f:[1,100,21]}

From tinyG: [19:17:12] {r:{sl:1},f:[1,0,9]}

From tinyG: [19:17:12] {r:{xsn:null},f:[1,100,10]}

From tinyG: [19:17:12] {r:{ahi:1},f:[1,0,10]}

From tinyG: [19:17:12] {r:{di1mo:1},f:[1,0,12]}

From tinyG: [19:17:12] {r:{di1ac:0},f:[1,0,12]}

From tinyG: [19:17:12] {r:{di1fn:0},f:[1,0,12]}

From tinyG: [19:17:12] {r:{xsx:null},f:[1,100,10]}

From tinyG: [19:17:12] {r:{xhi:2},f:[1,0,10]}

From tinyG: [19:17:12] {r:{di2mo:0},f:[1,0,12]}

From tinyG: [19:17:12] {r:{di2ac:0},f:[1,0,12]}

From tinyG: [19:17:12] {r:{di2fn:0},f:[1,0,12]}

From tinyG: [19:17:12] {r:{ysn:null},f:[1,100,10]}

From tinyG: [19:17:12] {r:{yhi:0},f:[1,0,10]}

From tinyG: [19:17:12] {r:{di3mo:-1},f:[1,0,13]}

From tinyG: [19:17:12] {r:{di3ac:0},f:[1,0,12]}

From tinyG: [19:17:12] {r:{di3fn:0},f:[1,0,12]}

From tinyG: [19:17:12] {r:{ysx:null},f:[1,100,10]}

From tinyG: [19:17:12] {r:{di4mo:-1},f:[1,0,13]}

From tinyG: [19:17:12] {r:{di4ac:0},f:[1,0,12]}

From tinyG: [19:17:12] {r:{di4fn:0},f:[1,0,12]}

From tinyG: [19:17:12] {r:{zsn:null},f:[1,100,10]}

From tinyG: [19:17:12] {r:{zhi:5},f:[1,0,10]}

From tinyG: [19:17:12] {r:{di5mo:0},f:[1,0,12]}

From tinyG: [19:17:12] {r:{di5ac:0},f:[1,0,12]}

From tinyG: [19:17:12] {r:{di5fn:0},f:[1,0,12]}

From tinyG: [19:17:12] {r:{zsx:null},f:[1,100,10]}

From tinyG: [19:17:12] {r:{di6mo:-1},f:[1,0,13]}

From tinyG: [19:17:12] {r:{di6ac:0},f:[1,0,12]}

From tinyG: [19:17:12] {r:{di6fn:0},f:[1,0,12]}

From tinyG: [19:17:12] {r:{asn:null},f:[1,100,10]}

From tinyG: [19:17:12] {r:{di7mo:-1},f:[1,0,13]}

From tinyG: [19:17:12] {r:{di7ac:0},f:[1,0,12]}

From tinyG: [19:17:12] {r:{di7fn:0},f:[1,0,12]}

From tinyG: [19:17:12] {r:{asx:null},f:[1,100,10]}

From tinyG: [19:17:12] {r:{di8mo:-1},f:[1,0,13]}

From tinyG: [19:17:12] {r:{di8ac:0},f:[1,0,12]}

From tinyG: [19:17:12] {r:{di8fn:0},f:[1,0,12]}

From tinyG: [19:17:12] {r:{di9mo:-1},f:[1,0,13]}

From tinyG: [19:17:12] {r:{di9ac:0},f:[1,0,12]}

From tinyG: [19:17:12] {r:{di9fn:0},f:[1,0,12]}

From tinyG: [19:17:12] {r:{homingc:null},f:[1,100,20]}

From tinyG: [19:17:12] {r:{st:null},f:[1,100,9]}

From tinyG: [19:17:12] {r:{xhd:1},f:[1,0,10]}

From tinyG: [19:17:12] {r:{xsv:1000},f:[1,0,13]}

From tinyG: [19:17:12] {r:{xlv:100.00},f:[1,0,12]}

From tinyG: [19:17:12] {r:{xlb:5.000},f:[1,0,10]}

From tinyG: [19:17:12] {r:{xzb:2.000},f:[1,0,10]}

From tinyG: [19:17:12] {r:{xjh:10000},f:[1,0,14]}

From tinyG: [19:17:12] {r:{zhd:0},f:[1,0,10]}

From tinyG: [19:17:12] {r:{zsv:1000},f:[1,0,13]}

From tinyG: [19:17:12] {r:{zlv:100.00},f:[1,0,12]}

From tinyG: [19:17:12] {r:{zlb:5.000},f:[1,0,10]}

From tinyG: [19:17:12] {r:{zzb:50.305},f:[1,0,15]}

From tinyG: [19:17:12] {r:{zjh:10000},f:[1,0,14]}

From tinyG: [19:17:12] {r:{ahd:1},f:[1,0,10]}

From tinyG: [19:17:12] {r:{asv:5000},f:[1,0,13]}

From tinyG: [19:17:12] {r:{alv:500.00},f:[1,0,12]}

From tinyG: [19:17:12] {r:{alb:20.000},f:[1,0,11]}

From tinyG: [19:17:12] {r:{azb:0.000},f:[1,0,10]}

From tinyG: [19:17:12] {r:{ajh:10000},f:[1,0,14]}

From tinyG: [19:17:12] [ej]  enable json mode            0 [0=text,1=JSON]

From tinyG: [19:17:12] tinyg [mm] ok> 

From tinyG: [19:17:12] stat:3

Out > [19:17:17] G90 G0 Z-12

Out > [19:17:17] G28.2 A0

Out > [19:17:17] G91 G0 A30

From tinyG: [19:17:17] tinyg [mm] ok> 

From tinyG: [19:17:17] tinyg [mm] ok> 

From tinyG: [19:17:17] line:0,posx:0.000,posy:0.000,posz:-12.000,posa:-11.289,feed:5000.00,vel:5000.00,unit:1,coor:0,dist:1,admo:1,frmo:1,momo:1,stat:9

Out > [19:17:20] $di1fn=2

Out > [19:17:20] G91 G0 A1

From tinyG: [19:17:20] posa:-18.134,feed:5000.00,vel:2843.43,stat:9

From tinyG: [19:17:20] posa:2.217,vel:4716.02

From tinyG: [19:17:20] posa:-0.740,vel:5000.00

From tinyG: [19:17:20] posa:-15.255,vel:0.01

From tinyG: [19:17:20] posa:-13.296,feed:500.00,vel:500.00

From tinyG: [19:17:20] posa:-11.197

From tinyG: [19:17:20] posa:-9.110

From tinyG: [19:17:20] posa:-7.023

From tinyG: [19:17:20] posa:-4.936

From tinyG: [19:17:20] posa:-2.850

From tinyG: [19:17:20] posa:-0.763

From tinyG: [19:17:20] tinyg [mm] ok> 

From tinyG: [19:17:20] {er:{fb:86.03,st:9,msg:"File not open - write_persistent"}}

From tinyG: [19:17:20] [di1fn] input function          2 [0=none,1=limit,2=interlock,3=shutdown]

From tinyG: [19:17:20] tinyg [mm] ok> 

From tinyG: [19:17:20] tinyg [mm] ok> 

Out > [19:17:20] G91 G1 A-30 F250

From tinyG: [19:17:20] tinyg [mm] ok> 

From tinyG: [19:17:20] posa:3.116,feed:250.00,vel:6668.86,momo:0,stat:5

From tinyG: [19:17:20] posa:30.993,vel:265.71

From tinyG: [19:17:20] posa:30.034,vel:250.00,momo:1

From tinyG: [19:17:21] posa:28.990

From tinyG: [19:17:21] posa:27.946

From tinyG: [19:17:21] posa:26.902

From tinyG: [19:17:21] posa:25.865

From tinyG: [19:17:22] posa:24.815

From tinyG: [19:17:22] posa:23.771

From tinyG: [19:17:22] posa:22.727

From tinyG: [19:17:22] posa:21.683

From tinyG: [19:17:23] posa:20.639

From tinyG: [19:17:23] posa:19.596

From tinyG: [19:17:23] posa:18.651

From tinyG: [19:17:23] posa:17.613

From tinyG: [19:17:24] posa:16.564

From tinyG: [19:17:24] posa:15.520

From tinyG: [19:17:24] posa:14.477

From tinyG: [19:17:24] posa:13.433

From tinyG: [19:17:25] posa:12.390

From tinyG: [19:17:25] posa:11.346

From tinyG: [19:17:25] posa:10.303

From tinyG: [19:17:25] posa:9.259

From tinyG: [19:17:26] posa:8.216

From tinyG: [19:17:26] posa:7.172

From tinyG: [19:17:26] posa:6.129

From tinyG: [19:17:26] posa:5.085

From tinyG: [19:17:27] posa:4.041

From tinyG: [19:17:27] posa:2.998

From tinyG: [19:17:27] posa:1.954

From tinyG: [19:17:27] posa:1.000,vel:0.00,stat:3

