[11:36:29] Starting Log file for session: 20201029-113629

From tinyG: [11:36:30] {"r":{"fv":0.98,"fb":86.03,"hp":3,"hv":0,"id":"0213-0215-0515","msg":"SYSTEM READY"},"f":[1,0,1]}

From tinyG: [11:36:30] tinyg [mm] ok> 

From tinyG: [11:36:30] [ej]  enable json mode            0 [0=text,1=JSON]

From tinyG: [11:36:30] tinyg [mm] ok> 

From tinyG: [11:36:39] {"r":{"js":1},"f":[1,0,9]}

From tinyG: [11:36:39] {"r":{"gpa":1},"f":[1,0,10]}

From tinyG: [11:36:39] {"r":{"gun":1},"f":[1,0,10]}

From tinyG: [11:36:39] {"r":{"ja":0.20},"f":[1,0,11]}

From tinyG: [11:36:39] {"r":{"si":200},"f":[1,0,11]}

From tinyG: [11:36:39] {"r":{"jv":5},"f":[1,0,9]}

From tinyG: [11:36:39] {"r":{"mt":1},"f":[1,0,9]}

From tinyG: [11:36:39] {"r":{"sl":1},"f":[1,0,9]}

From tinyG: [11:36:39] {"r":{"1ma":1},"f":[1,0,10]}

From tinyG: [11:36:39] {"r":{"1po":0},"f":[1,0,10]}

From tinyG: [11:36:39] {"r":{"1pl":0.000},"f":[1,0,10]}

From tinyG: [11:36:39] {"r":{"1pm":0},"f":[1,0,10]}

From tinyG: [11:36:39] {"r":{"1sa":0.000},"f":[1,0,10]}

From tinyG: [11:36:39] {"r":{"1mi":0,"msg":"*** WARNING *** Setting non-standard microstep value"},"f":[1,0,10]}

From tinyG: [11:36:39] {"r":{"2ma":2},"f":[1,0,10]}

From tinyG: [11:36:39] {"r":{"2po":0},"f":[1,0,10]}

From tinyG: [11:36:39] {"r":{"2tr":1.2500},"f":[1,0,13]}

From tinyG: [11:36:39] {"r":{"2pl":1.000},"f":[1,0,10]}

From tinyG: [11:36:40] {"r":{"2pm":2},"f":[1,0,10]}

From tinyG: [11:36:40] {"r":{"2sa":1.800},"f":[1,0,12]}

From tinyG: [11:36:40] {"r":{"2mi":8},"f":[1,0,10]}

From tinyG: [11:36:40] {"r":{"3ma":0},"f":[1,0,10]}

From tinyG: [11:36:40] {"r":{"3po":1},"f":[1,0,10]}

From tinyG: [11:36:40] {"r":{"3tr":15.9593},"f":[1,0,26]}

From tinyG: [11:36:40] {"r":{"3pl":0.000},"f":[1,0,10]}

From tinyG: [11:36:40] {"r":{"3pm":2},"f":[1,0,10]}

From tinyG: [11:36:40] {"r":{"3sa":1.800},"f":[1,0,12]}

From tinyG: [11:36:40] {"r":{"3mi":10,"msg":"*** WARNING *** Setting non-standard microstep value"},"f":[1,0,11]}

From tinyG: [11:36:40] {"r":{"4ma":3},"f":[1,0,10]}

From tinyG: [11:36:40] {"r":{"4po":1},"f":[1,0,10]}

From tinyG: [11:36:40] {"r":{"4tr":9.2000},"f":[1,0,12]}

From tinyG: [11:36:40] {"r":{"4pl":0.000},"f":[1,0,10]}

From tinyG: [11:36:40] {"r":{"4pm":2},"f":[1,0,10]}

From tinyG: [11:36:40] {"r":{"4sa":1.800},"f":[1,0,12]}

From tinyG: [11:36:40] {"r":{"4mi":10,"msg":"*** WARNING *** Setting non-standard microstep value"},"f":[1,0,11]}

From tinyG: [11:36:40] {"r":{"xam":1},"f":[1,0,10]}

From tinyG: [11:36:40] {"r":{"xvm":10000},"f":[1,0,14]}

From tinyG: [11:36:40] {"r":{"xfr":10000},"f":[1,0,14]}

From tinyG: [11:36:40] {"r":{"xjm":20000},"f":[1,0,14]}

From tinyG: [11:36:40] {"r":{"xhi":0},"f":[1,0,10]}

From tinyG: [11:36:40] {"r":{"xtm":120000.000},"f":[1,0,15]}

From tinyG: [11:36:40] {"r":{"xtn":-120000.000},"f":[1,0,16]}

From tinyG: [11:36:40] {"r":{"yam":0},"f":[1,0,10]}

From tinyG: [11:36:40] {"r":{"yhi":0},"f":[1,0,10]}

From tinyG: [11:36:40] {"r":{"zam":1},"f":[1,0,10]}

From tinyG: [11:36:40] {"r":{"zvm":800},"f":[1,0,12]}

From tinyG: [11:36:40] {"r":{"zfr":800},"f":[1,0,12]}

From tinyG: [11:36:40] {"r":{"zjm":1000},"f":[1,0,13]}

From tinyG: [11:36:40] {"r":{"zhi":2},"f":[1,0,10]}

From tinyG: [11:36:40] {"r":{"zhd":0},"f":[1,0,10]}

From tinyG: [11:36:40] {"r":{"zsv":500},"f":[1,0,12]}

From tinyG: [11:36:40] {"r":{"zlv":50.00},"f":[1,0,11]}

From tinyG: [11:36:40] {"r":{"zlb":1.000},"f":[1,0,10]}

From tinyG: [11:36:40] {"r":{"ztm":5.000},"f":[1,0,10]}

From tinyG: [11:36:40] {"r":{"ztn":-19.000},"f":[1,0,12]}

From tinyG: [11:36:40] {"r":{"zzb":12.090},"f":[1,0,14]}

From tinyG: [11:36:40] {"r":{"aam":1},"f":[1,0,10]}

From tinyG: [11:36:40] {"r":{"avm":10000},"f":[1,0,14]}

From tinyG: [11:36:40] {"r":{"afr":10000},"f":[1,0,14]}

From tinyG: [11:36:40] {"r":{"ajm":10000},"f":[1,0,14]}

From tinyG: [11:36:40] {"r":{"ahi":1},"f":[1,0,10]}

From tinyG: [11:36:40] {"r":{"ahd":1},"f":[1,0,10]}

From tinyG: [11:36:40] {"r":{"asv":2000},"f":[1,0,13]}

From tinyG: [11:36:40] {"r":{"alv":300.00},"f":[1,0,12]}

From tinyG: [11:36:40] {"r":{"alb":10.000},"f":[1,0,11]}

From tinyG: [11:36:40] {"r":{"ajh":10000},"f":[1,0,14]}

From tinyG: [11:36:40] {"r":{"ajh":10000},"f":[1,0,14]}

From tinyG: [11:36:40] {"r":{"atm":3600.000},"f":[1,0,13]}

From tinyG: [11:36:40] {"r":{"atn":-3600.000},"f":[1,0,14]}

From tinyG: [11:36:40] {"r":{"azb":0.000},"f":[1,0,10]}

From tinyG: [11:36:40] {"r":{"bhi":0},"f":[1,0,10]}

From tinyG: [11:36:40] {"r":{"chi":0},"f":[1,0,10]}

From tinyG: [11:36:40] {"r":{"di8mo":-1},"f":[1,0,13]}

From tinyG: [11:36:40] {"r":{"di1mo":1},"f":[1,0,12]}

From tinyG: [11:36:40] {"r":{"di1ac":0},"f":[1,0,12]}

From tinyG: [11:36:40] {"r":{"di1fn":0},"f":[1,0,12]}

From tinyG: [11:36:40] {"r":{"di2mo":0},"f":[1,0,12]}

From tinyG: [11:36:40] {"r":{"di2ac":0},"f":[1,0,12]}

From tinyG: [11:36:40] {"r":{"di2fn":0},"f":[1,0,12]}

From tinyG: [11:36:40] [ej]  enable json mode            0 [0=text,1=JSON]

From tinyG: [11:36:40] tinyg [mm] ok> 

Out > [11:36:58] !%

Out > [11:36:58] g90 g0 a-15

From tinyG: [11:36:58] tinyg [mm] ok> 

From tinyG: [11:36:58] tinyg [mm] ok> 

From tinyG: [11:36:59] posa:-14.604,vel:1920.31,momo:0,stat:5

From tinyG: [11:36:59] posa:-15.000,vel:0.00,stat:3

Out > [11:36:59] g91 g1 a30 f250

From tinyG: [11:36:59] tinyg [mm] ok> 

From tinyG: [11:36:59] posa:-14.209,feed:250.00,vel:250.00,dist:1,momo:1,stat:5

From tinyG: [11:36:59] posa:-13.371

From tinyG: [11:37:00] posa:-12.540

From tinyG: [11:37:00] posa:-11.703

From tinyG: [11:37:00] posa:-10.872

From tinyG: [11:37:00] posa:-10.034

From tinyG: [11:37:00] posa:-9.203

From tinyG: [11:37:01] posa:-8.366

From tinyG: [11:37:01] posa:-7.534

From tinyG: [11:37:01] posa:-6.697

From tinyG: [11:37:01] posa:-5.866

From tinyG: [11:37:01] posa:-5.022

From tinyG: [11:37:02] posa:-4.184

From tinyG: [11:37:02] posa:-3.353

From tinyG: [11:37:02] posa:-2.516

From tinyG: [11:37:02] posa:-1.672

From tinyG: [11:37:02] posa:-0.835

From tinyG: [11:37:03] posa:-0.003

From tinyG: [11:37:03] posa:0.834

From tinyG: [11:37:03] posa:1.678

From tinyG: [11:37:03] posa:2.515

From tinyG: [11:37:03] posa:3.346

From tinyG: [11:37:04] posa:4.184

From tinyG: [11:37:04] posa:5.028

From tinyG: [11:37:04] posa:5.865

From tinyG: [11:37:04] posa:6.696

From tinyG: [11:37:04] posa:7.534

From tinyG: [11:37:05] posa:8.378

From tinyG: [11:37:05] posa:9.215

From tinyG: [11:37:05] posa:10.046

From tinyG: [11:37:05] posa:10.884

From tinyG: [11:37:05] posa:11.715

From tinyG: [11:37:06] posa:12.552

From tinyG: [11:37:06] posa:13.383

From tinyG: [11:37:06] posa:14.221

From tinyG: [11:37:06] :15.000,vel:0.00,stat:3

Out > [11:37:20] g28.2a0

From tinyG: [11:37:20] tinyg [mm] ok> 

From tinyG: [11:37:20] posa:20.674,feed:2000.00,vel:2000.00,coor:0,stat:9

From tinyG: [11:37:20] posa:27.324

From tinyG: [11:37:20] posa:34.024

From tinyG: [11:37:20] posa:40.674

From tinyG: [11:37:21] posa:47.374

From tinyG: [11:37:21] posa:54.024

From tinyG: [11:37:21] posa:60.724

From tinyG: [11:37:21] posa:67.374

From tinyG: [11:37:21] posa:74.074

From tinyG: [11:37:22] posa:80.725

From tinyG: [11:37:22] posa:87.425

From tinyG: [11:37:22] posa:94.076

From tinyG: [11:37:22] posa:100.776

From tinyG: [11:37:22] posa:107.426

From tinyG: [11:37:23] posa:114.127

From tinyG: [11:37:23] posa:120.777

From tinyG: [11:37:23] posa:127.478

From tinyG: [11:37:23] posa:134.128

From tinyG: [11:37:23] posa:140.829

From tinyG: [11:37:24] posa:147.479

From tinyG: [11:37:24] posa:154.229

From tinyG: [11:37:24] posa:160.930

From tinyG: [11:37:24] posa:167.580

From tinyG: [11:37:24] posa:174.281

From tinyG: [11:37:25] posa:181.031

From tinyG: [11:37:25] posa:187.731

From tinyG: [11:37:25] posa:194.382

From tinyG: [11:37:25] posa:201.082

From tinyG: [11:37:25] posa:207.833

From tinyG: [11:37:26] posa:214.533

From tinyG: [11:37:26] posa:221.183

From tinyG: [11:37:26] posa:227.884

From tinyG: [11:37:26] posa:234.634

From tinyG: [11:37:26] posa:241.335

From tinyG: [11:37:27] posa:247.985

From tinyG: [11:37:27] posa:254.685

From tinyG: [11:37:27] posa:261.334

From tinyG: [11:37:27] posa:268.033

From tinyG: [11:37:27] posa:274.781

From tinyG: [11:37:28] posa:281.479

From tinyG: [11:37:28] posa:288.128

From tinyG: [11:37:28] posa:294.826

From tinyG: [11:37:28] posa:301.474

From tinyG: [11:37:28] posa:308.173

From tinyG: [11:37:29] posa:314.821

From tinyG: [11:37:29] posa:321.520

From tinyG: [11:37:29] posa:328.168

From tinyG: [11:37:29] posa:334.866

From tinyG: [11:37:29] posa:341.515

From tinyG: [11:37:30] posa:348.213

From tinyG: [11:37:30] posa:354.854,vel:1887.70

From tinyG: [11:37:30] posa:353.319,vel:2000.00

From tinyG: [11:37:30] posa:346.611

From tinyG: [11:37:30] posa:345.841,feed:300.00,vel:300.00

From tinyG: [11:37:31] posa:346.847

From tinyG: [11:37:31] posa:347.846

From tinyG: [11:37:31] posa:348.852

From tinyG: [11:37:31] posa:349.850

From tinyG: [11:37:31] posa:350.864

From tinyG: [11:37:32] posa:351.870

From tinyG: [11:37:32] posa:352.868

From tinyG: [11:37:32] posa:353.874

From tinyG: [11:37:32] posa:0.000,feed:250.00,vel:0.00,coor:1,momo:4,stat:3

Out > [11:37:38] !%

Out > [11:37:38] g90 g0 a-15

From tinyG: [11:37:38] tinyg [mm] ok> 

From tinyG: [11:37:38] tinyg [mm] ok> 

From tinyG: [11:37:38] posa:-14.604,vel:1920.31,dist:0,momo:0,stat:5

From tinyG: [11:37:38] posa:-15.000,vel:0.00,stat:3

Out > [11:37:38] g91 g1 a30 f250

From tinyG: [11:37:38] tinyg [mm] ok> 

From tinyG: [11:37:38] posa:-14.209,vel:250.00,dist:1,momo:1,stat:5

From tinyG: [11:37:39] posa:-13.371

From tinyG: [11:37:39] posa:-12.540

From tinyG: [11:37:39] posa:-11.703

From tinyG: [11:37:39] posa:-10.872

From tinyG: [11:37:39] posa:-10.034

From tinyG: [11:37:40] posa:-9.203

From tinyG: [11:37:40] posa:-8.366

From tinyG: [11:37:40] posa:-7.534

From tinyG: [11:37:40] posa:-6.697

From tinyG: [11:37:40] posa:-5.866

From tinyG: [11:37:41] posa:-5.028

From tinyG: [11:37:41] posa:-4.197

From tinyG: [11:37:41] posa:-3.359

From tinyG: [11:37:41] posa:-2.528

From tinyG: [11:37:41] posa:-1.685

From tinyG: [11:37:42] posa:-0.847

From tinyG: [11:37:42] posa:-0.010

From tinyG: [11:37:42] posa:0.822

From tinyG: [11:37:42] posa:1.665

From tinyG: [11:37:42] posa:2.503

From tinyG: [11:37:43] posa:3.334

From tinyG: [11:37:43] posa:4.171

From tinyG: [11:37:43] posa:5.015

From tinyG: [11:37:43] posa:5.853

From tinyG: [11:37:43] posa:6.684

From tinyG: [11:37:44] posa:7.521

From tinyG: [11:37:44] posa:8.365

From tinyG: [11:37:44] posa:9.203

From tinyG: [11:37:44] posa:10.034

From tinyG: [11:37:44] posa:10.871

From tinyG: [11:37:45] posa:11.715

From tinyG: [11:37:45] posa:12.552

From tinyG: [11:37:45] posa:13.383

From tinyG: [11:37:45] posa:14.221

From tinyG: [11:37:45] posa:15.000,vel:0.00,stat:3

Out > [11:38:19] g91 g0 a-20

From tinyG: [11:38:19] tinyg [mm] ok> 

From tinyG: [11:38:19] posa:-3.268,vel:4788.46,momo:0,stat:5

From tinyG: [11:38:20] posa:-5.000,vel:0.00,stat:3

Out > [11:38:22] !%

Out > [11:38:22] $di1fn=2

Out > [11:38:22] g90 g0 a-15

From tinyG: [11:38:22] tinyg [mm] ok> 

From tinyG: [11:38:22] [di1fn] input function          2 [0=none,1=limit,2=interlock,3=shutdown]

From tinyG: [11:38:22] tinyg [mm] ok> 

From tinyG: [11:38:22] tinyg [mm] ok> 

From tinyG: [11:38:23] posa:-14.995,vel:104.04,dist:0,stat:5

From tinyG: [11:38:23] posa:-15.000,vel:0.00,stat:3

Out > [11:38:23] g91 g1 a30 f250

From tinyG: [11:38:23] tinyg [mm] ok> 

From tinyG: [11:38:23] posa:-14.209,vel:250.00,dist:1,momo:1,stat:5

From tinyG: [11:38:23] posa:-13.371

From tinyG: [11:38:24] posa:-12.540

From tinyG: [11:38:24] posa:-11.703

From tinyG: [11:38:24] posa:-10.872

From tinyG: [11:38:24] posa:-10.034

From tinyG: [11:38:24] posa:-9.203

From tinyG: [11:38:25] posa:-8.366

From tinyG: [11:38:25] posa:-7.534

From tinyG: [11:38:25] posa:-6.697

From tinyG: [11:38:25] posa:-5.866

From tinyG: [11:38:25] posa:-5.028

From tinyG: [11:38:26] posa:-4.197

From tinyG: [11:38:26] posa:-3.353

From tinyG: [11:38:26] posa:-2.516

From tinyG: [11:38:26] posa:-1.685

From tinyG: [11:38:26] posa:-0.847

From tinyG: [11:38:27] posa:-0.032,vel:34.79,stat:6

From tinyG: [11:38:27] A position:         -0.031 deg

From tinyG: [11:38:27] tinyg [mm] ok> 

From tinyG: [11:38:27] vel:0.00,stat:3

From tinyG: [11:38:43] stat:3

From tinyG: [11:38:43] stat:3

