[18:30:02] Starting Log file for session: 2020724-18302

From tinyG: [18:30:03] {"r":{"fv":0.98,"fb":86.03,"hp":3,"hv":0,"id":"0213-0215-0515","msg":"SYSTEM READY"},"f":[1,0,1]}

From tinyG: [18:30:03] [ej]  enable json mode            0 [0=text,1=JSON]

From tinyG: [18:30:03] tinyg [mm] ok> 

From tinyG: [18:30:07] {"r":{"tinygmo":null},"f":[1,100,26]}

From tinyG: [18:30:07] {"r":{"baud":null},"f":[1,100,11]}

From tinyG: [18:30:07] r:{js:0},f:[1,0,9]}

From tinyG: [18:30:07] {r:{gpa:0},f:[1,0,10]}

From tinyG: [18:30:07] {r:{gun:1},f:[1,0,10]}

From tinyG: [18:30:07] {r:{ja:0.00},f:[1,0,9]}

From tinyG: [18:30:07] {r:{si:250},f:[1,0,11]}

From tinyG: [18:30:07] {r:{jv:5},f:[1,0,9]}

From tinyG: [18:30:07] {r:{mt:0},f:[1,0,11]}

From tinyG: [18:30:07] {r:{st:null},f:[1,100,9]}

From tinyG: [18:30:07] {r:{qv:0},f:[1,0,9]}

From tinyG: [18:30:07] {r:{tv:1},f:[1,0,9]}

From tinyG: [18:30:07] {r:{sv:1},f:[1,0,9]}

From tinyG: [18:30:07] {r:{motorma:null},f:[1,100,20]}

From tinyG: [18:30:07] {r:{1ma:5},f:[1,0,10]}

From tinyG: [18:30:07] {r:{2ma:0},f:[1,0,10]}

From tinyG: [18:30:07] {r:{3ma:2},f:[1,0,10]}

From tinyG: [18:30:07] {r:{4ma:3},f:[1,0,10]}

From tinyG: [18:30:07] {r:{polarit:null},f:[1,100,18]}

From tinyG: [18:30:07] {r:{1po:1},f:[1,0,10]}

From tinyG: [18:30:07] {r:{2po:0},f:[1,0,10]}

From tinyG: [18:30:07] {r:{3po:1},f:[1,0,10]}

From tinyG: [18:30:07] {r:{4po:0},f:[1,0,10]}

From tinyG: [18:30:07] {r:{trvalue:null},f:[1,100,16]}

From tinyG: [18:30:07] {r:{1tr:60.0000},f:[1,0,11]}

From tinyG: [18:30:07] {r:{2tr:6.3500},f:[1,0,13]}

From tinyG: [18:30:07] {r:{3tr:5.0000},f:[1,0,10]}

From tinyG: [18:30:07] {r:{4tr:60.0000},f:[1,0,11]}

From tinyG: [18:30:07] {r:{powerse:null},f:[1,100,21]}

From tinyG: [18:30:07] {r:{1pl:1.000},f:[1,0,10]}

From tinyG: [18:30:07] {r:{2pl:1.000},f:[1,0,10]}

From tinyG: [18:30:07] {r:{3pl:0.000},f:[1,0,10]}

From tinyG: [18:30:07] {r:{4pl:0.000},f:[1,0,10]}

From tinyG: [18:30:07] {r:{1pm:2},f:[1,0,10]}

From tinyG: [18:30:07] {r:{2pm:2},f:[1,0,10]}

From tinyG: [18:30:07] {r:{3pm:2},f:[1,0,10]}

From tinyG: [18:30:07] {r:{4pm:2},f:[1,0,10]}

From tinyG: [18:30:07] {r:{motorse:null},f:[1,100,21]}

From tinyG: [18:30:07] {r:{1mi:16},f:[1,0,11]}

From tinyG: [18:30:07] {r:{2mi:32},f:[1,0,11]}

From tinyG: [18:30:07] {r:{3mi:10,msg:"*** WARNING *** Setting non-standard microstep value"},f:[1,0,11]}

From tinyG: [18:30:07] {r:{4mi:10,msg:"*** WARNING *** Setting non-standard microstep value"},f:[1,0,11]}

From tinyG: [18:30:07] {r:{1sa:1.800},f:[1,0,12]}

From tinyG: [18:30:07] {r:{2sa:1.800},f:[1,0,12]}

From tinyG: [18:30:07] {r:{3sa:1.800},f:[1,0,12]}

From tinyG: [18:30:07] {r:{4sa:1.800},f:[1,0,12]}

From tinyG: [18:30:07] {r:{axesset:null},f:[1,100,20]}

From tinyG: [18:30:07] {r:{xam:1},f:[1,0,10]}

From tinyG: [18:30:07] {r:{xvm:1500},f:[1,0,13]}

From tinyG: [18:30:07] {r:{xjm:5000},f:[1,0,13]}

From tinyG: [18:30:07] {r:{xfr:5000},f:[1,0,13]}

From tinyG: [18:30:07] {r:{xtn:-500.000},f:[1,0,13]}

From tinyG: [18:30:07] {r:{xtm:0.000},f:[1,0,10]}

From tinyG: [18:30:07] {r:{yam:0},f:[1,0,10]}

From tinyG: [18:30:07] {r:{yvm:0},f:[1,0,10]}

From tinyG: [18:30:07] {r:{yjm:0},f:[1,0,10]}

From tinyG: [18:30:07] {r:{yfr:0},f:[1,0,10]}

From tinyG: [18:30:07] {r:{zam:1},f:[1,0,10]}

From tinyG: [18:30:07] {r:{zvm:3750},f:[1,0,13]}

From tinyG: [18:30:07] {r:{zjm:5000},f:[1,0,13]}

From tinyG: [18:30:07] {r:{zfr:3750},f:[1,0,13]}

From tinyG: [18:30:07] {r:{ztn:-100.000},f:[1,0,13]}

From tinyG: [18:30:07] {r:{ztm:2.000},f:[1,0,10]}

From tinyG: [18:30:07] {r:{aam:1},f:[1,0,10]}

From tinyG: [18:30:07] {r:{avm:20000},f:[1,0,14]}

From tinyG: [18:30:07] {r:{ajm:10000},f:[1,0,14]}

From tinyG: [18:30:07] {r:{afr:15000},f:[1,0,14]}

From tinyG: [18:30:07] {r:{atn:-3600.000},f:[1,0,14]}

From tinyG: [18:30:07] {r:{atm:3600.000},f:[1,0,13]}

From tinyG: [18:30:07] {r:{cam:1},f:[1,0,10]}

From tinyG: [18:30:07] {r:{cvm:10000},f:[1,0,14]}

From tinyG: [18:30:07] {r:{cjm:5000},f:[1,0,13]}

From tinyG: [18:30:07] {r:{cfr:10000},f:[1,0,14]}

From tinyG: [18:30:07] {r:{ctn:-3600.000},f:[1,0,14]}

From tinyG: [18:30:07] {r:{ctm:3600.000},f:[1,0,13]}

From tinyG: [18:30:07] {r:{limitsw:null},f:[1,100,21]}

From tinyG: [18:30:07] {r:{sl:1},f:[1,0,9]}

From tinyG: [18:30:07] {r:{xsn:null},f:[1,100,10]}

From tinyG: [18:30:07] {r:{ahi:1},f:[1,0,10]}

From tinyG: [18:30:07] {r:{di1mo:1},f:[1,0,12]}

From tinyG: [18:30:07] {r:{di1ac:0},f:[1,0,12]}

From tinyG: [18:30:07] {r:{di1fn:0},f:[1,0,12]}

From tinyG: [18:30:07] {r:{xsx:null},f:[1,100,10]}

From tinyG: [18:30:07] {r:{xhi:2},f:[1,0,10]}

From tinyG: [18:30:07] {r:{di2mo:0},f:[1,0,12]}

From tinyG: [18:30:07] {r:{di2ac:0},f:[1,0,12]}

From tinyG: [18:30:07] {r:{di2fn:0},f:[1,0,12]}

From tinyG: [18:30:07] {r:{ysn:null},f:[1,100,10]}

From tinyG: [18:30:07] {r:{yhi:0},f:[1,0,10]}

From tinyG: [18:30:07] {r:{di3mo:-1},f:[1,0,13]}

From tinyG: [18:30:07] {r:{di3ac:0},f:[1,0,12]}

From tinyG: [18:30:07] {r:{di3fn:0},f:[1,0,12]}

From tinyG: [18:30:07] {r:{ysx:null},f:[1,100,10]}

From tinyG: [18:30:07] {r:{di4mo:-1},f:[1,0,13]}

From tinyG: [18:30:07] {r:{di4ac:0},f:[1,0,12]}

From tinyG: [18:30:07] {r:{di4fn:0},f:[1,0,12]}

From tinyG: [18:30:07] {r:{zsn:null},f:[1,100,10]}

From tinyG: [18:30:07] {r:{zhi:5},f:[1,0,10]}

From tinyG: [18:30:07] {r:{di5mo:0},f:[1,0,12]}

From tinyG: [18:30:07] {r:{di5ac:0},f:[1,0,12]}

From tinyG: [18:30:07] {r:{di5fn:0},f:[1,0,12]}

From tinyG: [18:30:07] {r:{zsx:null},f:[1,100,10]}

From tinyG: [18:30:07] {r:{di6mo:-1},f:[1,0,13]}

From tinyG: [18:30:07] {r:{di6ac:0},f:[1,0,12]}

From tinyG: [18:30:07] {r:{di6fn:0},f:[1,0,12]}

From tinyG: [18:30:07] {r:{asn:null},f:[1,100,10]}

From tinyG: [18:30:07] {r:{di7mo:-1},f:[1,0,13]}

From tinyG: [18:30:07] {r:{di7ac:0},f:[1,0,12]}

From tinyG: [18:30:07] {r:{di7fn:0},f:[1,0,12]}

From tinyG: [18:30:07] {r:{asx:null},f:[1,100,10]}

From tinyG: [18:30:07] {r:{di8mo:-1},f:[1,0,13]}

From tinyG: [18:30:07] {r:{di8ac:0},f:[1,0,12]}

From tinyG: [18:30:07] {r:{di8fn:0},f:[1,0,12]}

From tinyG: [18:30:07] {r:{di9mo:-1},f:[1,0,13]}

From tinyG: [18:30:07] {r:{di9ac:0},f:[1,0,12]}

From tinyG: [18:30:07] {r:{di9fn:0},f:[1,0,12]}

From tinyG: [18:30:07] {r:{homingc:null},f:[1,100,20]}

From tinyG: [18:30:07] {r:{st:null},f:[1,100,9]}

From tinyG: [18:30:07] {r:{xhd:1},f:[1,0,10]}

From tinyG: [18:30:07] {r:{xsv:1000},f:[1,0,13]}

From tinyG: [18:30:07] {r:{xlv:100.00},f:[1,0,12]}

From tinyG: [18:30:07] {r:{xlb:5.000},f:[1,0,10]}

From tinyG: [18:30:07] {r:{xzb:2.000},f:[1,0,10]}

From tinyG: [18:30:07] {r:{xjh:10000},f:[1,0,14]}

From tinyG: [18:30:07] {r:{zhd:0},f:[1,0,10]}

From tinyG: [18:30:07] {r:{zsv:1000},f:[1,0,13]}

From tinyG: [18:30:07] {r:{zlv:100.00},f:[1,0,12]}

From tinyG: [18:30:07] {r:{zlb:5.000},f:[1,0,10]}

From tinyG: [18:30:07] {r:{zzb:50.305},f:[1,0,15]}

From tinyG: [18:30:07] {r:{zjh:10000},f:[1,0,14]}

From tinyG: [18:30:07] {r:{ahd:1},f:[1,0,10]}

From tinyG: [18:30:07] {r:{asv:5000},f:[1,0,13]}

From tinyG: [18:30:07] {r:{alv:500.00},f:[1,0,12]}

From tinyG: [18:30:07] {r:{alb:20.000},f:[1,0,11]}

From tinyG: [18:30:07] {r:{azb:0.000},f:[1,0,10]}

From tinyG: [18:30:07] {r:{ajh:10000},f:[1,0,14]}

From tinyG: [18:30:07] [ej]  enable json mode            0 [0=text,1=JSON]

From tinyG: [18:30:07] tinyg [mm] ok> 

From tinyG: [18:30:07] line:0,posx:0.000,posy:0.000,posz:0.000,posa:0.000,feed:0.00,vel:0.00,unit:1,coor:1,dist:0,admo:1,frmo:1,momo:4,stat:1

Out > [18:30:09] G28.2 X0

From tinyG: [18:30:09] tinyg [mm] ok> 

From tinyG: [18:30:10] posx:2.381,feed:1000.00,vel:95.19,coor:0,dist:1,momo:1,stat:9

From tinyG: [18:30:10] posx:-1.587,vel:1000.00

From tinyG: [18:30:10] posx:-2.438,feed:100.00,vel:100.00

From tinyG: [18:30:11] posx:-2.021

From tinyG: [18:30:11] posx:-1.603

From tinyG: [18:30:11] posx:-1.186

From tinyG: [18:30:11] posx:-0.771

From tinyG: [18:30:12] posx:-0.351

From tinyG: [18:30:12] posx:0.066

From tinyG: [18:30:12] posx:0.483

From tinyG: [18:30:12] posx:0.901

From tinyG: [18:30:13] posx:1.316

From tinyG: [18:30:13] posx:1.735

From tinyG: [18:30:13] posx:1.625,feed:1000.00,vel:998.95

From tinyG: [18:30:13] posx:0.000,feed:0.00,vel:0.00,coor:1,dist:0,momo:4,stat:3

Out > [18:30:21] g90 g0 a0

From tinyG: [18:30:21] tinyg [mm] ok> 

From tinyG: [18:30:22] line:0,posx:0.000,posy:0.000,posz:0.000,posa:0.000,feed:0.00,vel:0.00,unit:1,coor:1,dist:0,admo:1,frmo:1,momo:0,stat:3

Out > [18:30:36] stat

From tinyG: [18:30:36] tinyg [mm] err[102]: Bad number format: stat 

Out > [18:30:46] stat

From tinyG: [18:30:46] tinyg [mm] err[102]: Bad number format: stat 

From tinyG: [18:30:51] tinyg [mm] ok> 

Out > [18:30:54] G28.2 Z0

From tinyG: [18:30:54] tinyg [mm] ok> 

From tinyG: [18:30:55] posz:-3.805,feed:1000.00,vel:1000.00,coor:0,dist:1,momo:1,stat:9

From tinyG: [18:30:55] posz:-8.004

From tinyG: [18:30:55] posz:-12.179

From tinyG: [18:30:55] posz:-16.353

From tinyG: [18:30:56] posz:-20.528

From tinyG: [18:30:56] posz:-24.703

From tinyG: [18:30:56] posz:-28.877

From tinyG: [18:30:56] posz:-33.052

From tinyG: [18:30:57] posz:-37.227

From tinyG: [18:30:57] posz:-41.401

From tinyG: [18:30:57] posz:-45.576

From tinyG: [18:30:57] posz:-49.725

From tinyG: [18:30:58] posz:-49.228

From tinyG: [18:30:58] posz:-45.755,vel:0.04

From tinyG: [18:30:58] posz:-46.162,feed:100.00,vel:100.00

From tinyG: [18:30:58] posz:-46.582

From tinyG: [18:30:59] posz:-46.997

From tinyG: [18:30:59] posz:-47.416

From tinyG: [18:30:59] posz:-47.834

From tinyG: [18:30:59] posz:-48.251

From tinyG: [18:31:00] posz:-48.668

From tinyG: [18:31:00] posz:-49.083

From tinyG: [18:31:00] posz:-49.503

From tinyG: [18:31:00] posz:-49.920

From tinyG: [18:31:01] posz:-50.309,vel:0.00

From tinyG: [18:31:01] posz:-46.505,feed:1000.00,vel:1000.00

From tinyG: [18:31:01] posz:-42.305

From tinyG: [18:31:01] posz:-38.130

From tinyG: [18:31:02] posz:-33.956

From tinyG: [18:31:02] posz:-29.781

From tinyG: [18:31:02] posz:-25.607

From tinyG: [18:31:02] posz:-21.457

From tinyG: [18:31:03] posz:-17.257

From tinyG: [18:31:03] posz:-13.083

From tinyG: [18:31:03] posz:-8.908

From tinyG: [18:31:03] posz:-4.734

From tinyG: [18:31:04] posz:-0.584

From tinyG: [18:31:04] posz:0.000,feed:0.00,vel:0.00,coor:1,dist:0,momo:4,stat:3

