[19:27:43] Starting Log file for session: 2020724-192743

From tinyG: [19:27:44] {r:{fv:0.98,fb:86.03,hp:3,hv:0,id:"0213-0215-0515",msg:"SYSTEM READY"},f:[1,0,1]}

From tinyG: [19:27:44] tinyg [mm] ok> 

From tinyG: [19:27:44] [ej]  enable json mode            0 [0=text,1=JSON]

From tinyG: [19:27:44] tinyg [mm] ok> 

Out > [19:27:46] G90 G0 Z-12

Out > [19:27:46] G28.2 A0

From tinyG: [19:27:46] tinyg [mm] ok> 

From tinyG: [19:27:46] tinyg [mm] ok> 

From tinyG: [19:27:47] line:0,posx:0.000,posy:0.000,posz:-12.000,posa:31.339,feed:5000.00,vel:5000.00,unit:1,coor:0,dist:1,admo:1,frmo:1,momo:1,stat:9

Out > [19:27:47] G91 G0 A30

From tinyG: [19:27:47] posa:52.214,feed:5000.00,vel:5000.00,momo:1,stat:9

From tinyG: [19:27:47] posa:72.963

From tinyG: [19:27:48] posa:93.963

From tinyG: [19:27:48] posa:114.838

From tinyG: [19:27:48] posa:135.713

From tinyG: [19:27:48] posa:156.588

From tinyG: [19:27:49] posa:177.463

From tinyG: [19:27:49] posa:198.338

From tinyG: [19:27:49] posa:219.213

From tinyG: [19:27:49] posa:240.088

From tinyG: [19:27:50] posa:260.963

From tinyG: [19:27:50] posa:281.838

From tinyG: [19:27:50] posa:302.588

From tinyG: [19:27:50] posa:323.588

From tinyG: [19:27:51] posa:344.463

From tinyG: [19:27:51] posa:364.317,vel:1886.80

From tinyG: [19:27:51] posa:356.010,vel:5000.00

From tinyG: [19:27:51] posa:344.718,feed:500.00,vel:110.61

From tinyG: [19:27:52] posa:346.755,vel:500.00

From tinyG: [19:27:52] posa:348.839

From tinyG: [19:27:52] posa:350.924

From tinyG: [19:27:52] posa:353.008

From tinyG: [19:27:53] posa:355.093

From tinyG: [19:27:53] posa:357.177

From tinyG: [19:27:53] posa:359.262

From tinyG: [19:27:53] tinyg [mm] ok> 

From tinyG: [19:27:53] posa:3.302,feed:250.00,vel:6938.65,momo:0,stat:5

From tinyG: [19:27:54] posa:30.000,vel:0.00,stat:3

Out > [19:27:54] $di1fn=2

Out > [19:27:54] G91 G0 A1

Out > [19:27:54] G91 G1 A-30 F250

From tinyG: [19:27:54] [di1fn] input function          2 [0=none,1=limit,2=interlock,3=shutdown]

From tinyG: [19:27:54] tinyg [mm] ok> 

From tinyG: [19:27:54] tinyg [mm] ok> 

From tinyG: [19:27:54] tinyg [mm] ok> 

From tinyG: [19:27:54] posa:30.415,vel:250.00,momo:1,stat:5

From tinyG: [19:27:54] posa:29.371

From tinyG: [19:27:54] posa:28.327

From tinyG: [19:27:55] posa:27.284

From tinyG: [19:27:55] posa:26.240

From tinyG: [19:27:55] posa:25.196

From tinyG: [19:27:55] posa:24.152

From tinyG: [19:27:56] posa:23.108

From tinyG: [19:27:56] posa:22.064

From tinyG: [19:27:56] posa:21.021

From tinyG: [19:27:56] posa:19.977

From tinyG: [19:27:57] posa:19.042,vel:0.00,stat:6

From tinyG: [19:27:57] tinyg [mm] ok> 

From tinyG: [19:27:57] stat:3

From tinyG: [19:27:57] [di1fn] input function          0 [0=none,1=limit,2=interlock,3=shutdown]

From tinyG: [19:27:57] tinyg [mm] ok> 

Out > [19:27:57] $posa

From tinyG: [19:27:57] A position:         19.042 deg

From tinyG: [19:27:57] tinyg [mm] ok> 

Out > [19:27:57] G91 G0 A0

Out > [19:27:57] G90 G0 A9.521

From tinyG: [19:27:57] tinyg [mm] ok> 

From tinyG: [19:27:57] tinyg [mm] ok> 

From tinyG: [19:27:57] line:0,posx:0.000,posy:0.000,posz:-12.000,posa:9.524,feed:250.00,vel:76.75,unit:1,coor:0,dist:0,admo:1,frmo:1,momo:0,stat:5

From tinyG: [19:27:57] posa:9.521,dist:0,momo:0,stat:3

