[19:12:49] Starting Log file for session: 2020724-191249

From tinyG: [19:12:50] {r:{fv:0.98,fb:86.03,hp:3,hv:0,id:"0213-0215-0515",msg:"SYSTEM READY"},f:[1,0,1]}

From tinyG: [19:12:50] tinyg [mm] ok> 

From tinyG: [19:12:50] [ej]  enable json mode            0 [0=text,1=JSON]

From tinyG: [19:12:50] tinyg [mm] ok> 

Out > [19:12:51] G90 G0 Z-12

Out > [19:12:51] G28.2 A0

Out > [19:12:51] G91 G0 A30

From tinyG: [19:12:51] tinyg [mm] ok> 

From tinyG: [19:12:51] tinyg [mm] ok> 

From tinyG: [19:12:52] line:0,posx:0.000,posy:0.000,posz:-12.000,posa:6.991,feed:5000.00,vel:5000.00,unit:1,coor:0,dist:1,admo:1,frmo:1,momo:1,stat:9

Out > [19:12:55] $di1fn=2

Out > [19:12:55] G91 G0 A1

From tinyG: [19:12:55] posa:0.140,feed:5000.00,vel:2705.88,momo:1,stat:9

From tinyG: [19:12:55] posa:-4.528,vel:5000.00

From tinyG: [19:12:55] posa:-18.301,vel:0.01

From tinyG: [19:12:55] posa:-16.342,feed:500.00,vel:500.00

From tinyG: [19:12:55] posa:-14.243

From tinyG: [19:12:55] posa:-12.156

From tinyG: [19:12:55] posa:-10.069

From tinyG: [19:12:55] posa:-7.983

From tinyG: [19:12:55] posa:-5.896

From tinyG: [19:12:55] posa:-3.809

From tinyG: [19:12:55] posa:-1.735

From tinyG: [19:12:55] tinyg [mm] ok> 

From tinyG: [19:12:55] {er:{fb:86.03,st:9,msg:"File not open - write_persistent"}}

From tinyG: [19:12:55] [di1fn] input function          2 [0=none,1=limit,2=interlock,3=shutdown]

From tinyG: [19:12:55] tinyg [mm] ok> 

From tinyG: [19:12:55] tinyg [mm] ok> 

Out > [19:12:55] G91 G1 A-30 F250

From tinyG: [19:12:55] tinyg [mm] ok> 

From tinyG: [19:12:55] posa:0.000,vel:0.00,stat:5

From tinyG: [19:12:55] posa:28.059,feed:250.00,vel:3814.62,momo:0

From tinyG: [19:12:55] posa:30.396,vel:250.00,momo:1

From tinyG: [19:12:56] posa:29.352

From tinyG: [19:12:56] posa:28.302

From tinyG: [19:12:56] posa:27.259

From tinyG: [19:12:56] posa:26.215

From tinyG: [19:12:57] posa:25.171

From tinyG: [19:12:57] posa:24.127

From tinyG: [19:12:57] posa:23.083

From tinyG: [19:12:57] posa:22.039

From tinyG: [19:12:58] posa:20.996

From tinyG: [19:12:58] posa:19.952

From tinyG: [19:12:58] posa:19.007

From tinyG: [19:12:58] posa:17.957

From tinyG: [19:12:59] posa:16.914

From tinyG: [19:12:59] posa:15.870

From tinyG: [19:12:59] posa:14.827

From tinyG: [19:12:59] posa:13.783

From tinyG: [19:13:00] posa:12.740

From tinyG: [19:13:00] posa:11.696

From tinyG: [19:13:00] posa:10.653

From tinyG: [19:13:00] posa:9.609

From tinyG: [19:13:01] posa:8.566

From tinyG: [19:13:01] posa:7.522

From tinyG: [19:13:01] posa:6.479

From tinyG: [19:13:01] posa:5.435

From tinyG: [19:13:02] posa:4.391

From tinyG: [19:13:02] posa:3.348

From tinyG: [19:13:02] posa:2.304

From tinyG: [19:13:02] posa:1.261

From tinyG: [19:13:03] posa:1.000,vel:0.00,stat:3

Out > [19:13:06] G90 G0 Z-12

Out > [19:13:06] G28.2 A0

Out > [19:13:06] G91 G0 A30

From tinyG: [19:13:06] tinyg [mm] ok> 

From tinyG: [19:13:06] tinyg [mm] ok> 

From tinyG: [19:13:07] line:0,posx:0.000,posy:0.000,posz:-12.000,posa:-11.289,feed:5000.00,vel:5000.00,unit:1,coor:0,dist:1,admo:1,frmo:1,momo:1,stat:9

Out > [19:13:10] $di1fn=2

Out > [19:13:10] G91 G0 A1

From tinyG: [19:13:10] posa:-18.134,feed:5000.00,vel:2843.43,stat:9

From tinyG: [19:13:10] posa:2.217,vel:4716.02

From tinyG: [19:13:10] posa:-0.740,vel:5000.00

From tinyG: [19:13:10] posa:-15.255,vel:0.01

From tinyG: [19:13:10] posa:-13.296,feed:500.00,vel:500.00

From tinyG: [19:13:10] posa:-11.197

From tinyG: [19:13:10] posa:-9.110

From tinyG: [19:13:10] posa:-7.023

From tinyG: [19:13:10] posa:-4.936

From tinyG: [19:13:10] posa:-2.850

From tinyG: [19:13:10] posa:-0.763

From tinyG: [19:13:10] tinyg [mm] ok> 

From tinyG: [19:13:10] {er:{fb:86.03,st:9,msg:"File not open - write_persistent"}}

From tinyG: [19:13:10] [di1fn] input function          2 [0=none,1=limit,2=interlock,3=shutdown]

From tinyG: [19:13:10] tinyg [mm] ok> 

From tinyG: [19:13:10] tinyg [mm] ok> 

Out > [19:13:10] G91 G1 A-30 F250

From tinyG: [19:13:10] tinyg [mm] ok> 

From tinyG: [19:13:10] posa:3.116,feed:250.00,vel:6668.86,momo:0,stat:5

From tinyG: [19:13:10] posa:30.986,vel:399.09

From tinyG: [19:13:10] posa:30.046,vel:250.00,momo:1

From tinyG: [19:13:11] posa:28.996

From tinyG: [19:13:11] posa:27.952

From tinyG: [19:13:11] posa:26.909

From tinyG: [19:13:11] posa:25.865

From tinyG: [19:13:12] posa:24.821

From tinyG: [19:13:12] posa:23.777

From tinyG: [19:13:12] posa:22.733

From tinyG: [19:13:12] posa:21.689

From tinyG: [19:13:13] posa:20.646

From tinyG: [19:13:13] posa:19.602

From tinyG: [19:13:13] posa:18.657

From tinyG: [19:13:13] posa:17.607

From tinyG: [19:13:14] posa:16.564

From tinyG: [19:13:14] posa:15.520

From tinyG: [19:13:14] posa:14.477

From tinyG: [19:13:14] posa:13.433

From tinyG: [19:13:15] posa:12.390

From tinyG: [19:13:15] posa:11.346

From tinyG: [19:13:15] posa:10.303

From tinyG: [19:13:15] posa:9.259

From tinyG: [19:13:16] posa:8.216

From tinyG: [19:13:16] posa:7.172

From tinyG: [19:13:16] posa:6.129

From tinyG: [19:13:16] posa:5.085

From tinyG: [19:13:17] posa:4.041

From tinyG: [19:13:17] posa:2.998

From tinyG: [19:13:17] posa:1.954

From tinyG: [19:13:17] posa:1.000,vel:0.00,stat:3

