[19:10:31] Starting Log file for session: 20201029-191031

From tinyG: [19:10:32] {"r":{"fv":0.98,"fb":86.03,"hp":3,"hv":0,"id":"0213-0215-0515","msg":"SYSTEM READY"},"f":[1,0,1]}

From tinyG: [19:10:32] tinyg [mm] ok> 

From tinyG: [19:10:32] [ej]  enable json mode            0 [0=text,1=JSON]

From tinyG: [19:10:32] tinyg [mm] ok> 

Out > [19:10:38] g28.2a0

Out > [19:10:38] $di1fn=0

Out > [19:10:41] g90 g0 a30

From tinyG: [19:10:41] tinyg [mm] ok> 

From tinyG: [19:10:41] posa:-5.672,feed:2000.00,vel:2000.00,coor:0,dist:1,momo:1,stat:9

From tinyG: [19:10:41] posa:-10.026,vel:0.03

From tinyG: [19:10:41] posa:-4.351,vel:2000.00

From tinyG: [19:10:41] posa:1.223,vel:0.03

From tinyG: [19:10:41] vel:0.00

From tinyG: [19:10:41] posa:-4.423,vel:2000.00

From tinyG: [19:10:41] posa:-8.777,vel:0.03

From tinyG: [19:10:41] posa:-7.829,feed:300.00,vel:300.00

From tinyG: [19:10:41] posa:-6.825

From tinyG: [19:10:41] posa:-5.820

From tinyG: [19:10:41] posa:-4.823

From tinyG: [19:10:41] posa:-3.818

From tinyG: [19:10:41] posa:-2.821

From tinyG: [19:10:41] posa:-1.816

From tinyG: [19:10:41] posa:-0.819

From tinyG: [19:10:41] [di1fn] input function          0 [0=none,1=limit,2=interlock,3=shutdown]

From tinyG: [19:10:41] tinyg [mm] ok> 

From tinyG: [19:10:41] tinyg [mm] ok> 

Out > [19:10:41] g90 g0 a-20 z-9

From tinyG: [19:10:41] posa:0.000,vel:0.00,stat:5

From tinyG: [19:10:41] tinyg [mm] ok> 

From tinyG: [19:10:41] posa:21.384,feed:250.00,vel:9671.33,coor:1,dist:0,momo:0

Out > [19:10:41] g90 g0 a30

From tinyG: [19:10:41] tinyg [mm] ok> 

From tinyG: [19:10:41] posz:-0.593,posa:26.704,vel:4221.90

From tinyG: [19:10:41] posz:-3.245,posa:11.974,vel:4515.87

From tinyG: [19:10:42] posz:-5.922,posa:-2.902

From tinyG: [19:10:42] posz:-8.567,posa:-17.594,vel:4048.41

From tinyG: [19:10:42] posz:-9.000,posa:-14.207,vel:8705.25

From tinyG: [19:10:42] posa:18.977,vel:9995.55

From tinyG: [19:10:43] posa:30.000,vel:0.00,stat:3

Out > [19:10:43] g90 g0 z0

Out > [19:10:43] g90 g0 a-30

From tinyG: [19:10:43] tinyg [mm] ok> 

From tinyG: [19:10:43] tinyg [mm] ok> 

From tinyG: [19:10:43] posz:-7.182,vel:800.00,stat:5

From tinyG: [19:10:43] posz:-4.506

From tinyG: [19:10:43] posz:-1.809

From tinyG: [19:10:43] posz:0.000,posa:29.897,vel:465.80

From tinyG: [19:10:44] posa:4.423,vel:10000.00

From tinyG: [19:10:44] posa:-27.660,vel:5769.70

From tinyG: [19:10:44] posa:-30.000,vel:0.00,stat:3

Out > [19:10:44] g90 g0 a20 z-9

Out > [19:10:44] g90 g0 a-30

From tinyG: [19:10:44] tinyg [mm] ok> 

From tinyG: [19:10:44] tinyg [mm] ok> 

From tinyG: [19:10:44] posz:-1.819,posa:-19.896,vel:4515.87,stat:5

From tinyG: [19:10:44] posz:-4.496,posa:-5.020

From tinyG: [19:10:45] posz:-7.154,posa:9.745

From tinyG: [19:10:45] posz:-9.000,posa:19.658,vel:1190.04

From tinyG: [19:10:45] posa:-6.261,vel:10000.00

From tinyG: [19:10:45] posa:-29.994,vel:107.13

From tinyG: [19:10:45] posa:-30.000,vel:0.00,stat:3

Out > [19:10:45] g90 g0 z0

Out > [19:10:45] $di1fn=2

Out > [19:10:45] g90 g0 a-15

From tinyG: [19:10:45] tinyg [mm] ok> 

From tinyG: [19:10:45] {"er":{"fb":86.03,"st":9,"msg":"File not open - write_persistent"}}

From tinyG: [19:10:45] [di1fn] input function          2 [0=none,1=limit,2=interlock,3=shutdown]

From tinyG: [19:10:45] tinyg [mm] ok> 

From tinyG: [19:10:45] tinyg [mm] ok> 

From tinyG: [19:10:46] posz:-7.182,vel:800.00,stat:5

From tinyG: [19:10:46] posz:-4.506

From tinyG: [19:10:46] posz:-1.809

From tinyG: [19:10:46] posz:0.000,posa:-29.892,vel:503.18

From tinyG: [19:10:47] posa:-15.041,vel:349.30

From tinyG: [19:10:47] posa:-15.000,vel:0.00,stat:3

Out > [19:10:47] g90 g0 a-10

Out > [19:10:47] g90 g0 a-15

From tinyG: [19:10:47] tinyg [mm] ok> 

From tinyG: [19:10:47] tinyg [mm] ok> 

From tinyG: [19:10:47] posa:-11.115,vel:2609.07,stat:5

From tinyG: [19:10:47] posa:-15.000,vel:0.00,stat:3

Out > [19:10:47] g91 g1 a30 f250

Out > [19:10:47] g90 g0 z-5

From tinyG: [19:10:47] tinyg [mm] ok> 

From tinyG: [19:10:47] tinyg [mm] ok> 

From tinyG: [19:10:48] posa:-14.209,vel:250.00,dist:1,momo:1,stat:5

From tinyG: [19:10:48] posa:-13.365

From tinyG: [19:10:48] posa:-12.528

From tinyG: [19:10:48] posa:-11.697

From tinyG: [19:10:48] posa:-10.859

From tinyG: [19:10:49] posa:-10.028

From tinyG: [19:10:49] posa:-9.191

From tinyG: [19:10:49] posa:-8.347

From tinyG: [19:10:49] posa:-7.509

From tinyG: [19:10:49] posa:-6.678

From tinyG: [19:10:50] posa:-5.841

From tinyG: [19:10:50] posa:-5.010

From tinyG: [19:10:50] posa:-4.173

From tinyG: [19:10:50] posa:-3.341

From tinyG: [19:10:50] posa:-2.504

From tinyG: [19:10:51] posa:-1.660

From tinyG: [19:10:51] posa:-0.823

From tinyG: [19:10:51] posa:-0.032,vel:1.78,stat:6

From tinyG: [19:10:51] vel:0.00

From tinyG: [19:10:51] tinyg [mm] ok> 

From tinyG: [19:10:51] dist:0,momo:0,stat:3

From tinyG: [19:10:51] [di1fn] input function          0 [0=none,1=limit,2=interlock,3=shutdown]

From tinyG: [19:10:51] tinyg [mm] ok> 

From tinyG: [19:10:51] A position:         -0.032 deg

From tinyG: [19:10:51] tinyg [mm] ok> 

Out > [19:10:51] g90 g0 z1

Out > [19:10:51] g90 g0 z0

From tinyG: [19:10:51] tinyg [mm] ok> 

From tinyG: [19:10:51] tinyg [mm] ok> 

From tinyG: [19:10:51] posz:0.990,vel:100.54,stat:5

From tinyG: [19:10:52] posz:0.000,vel:6.26

From tinyG: [19:10:52] vel:0.00,stat:3

Out > [19:10:52] EOF

Out > [19:10:52] 

