[19:21:18] Starting Log file for session: 2020724-192118

From tinyG: [19:21:19] {r:{fv:0.98,fb:86.03,hp:3,hv:0,id:"0213-0215-0515",msg:"SYSTEM READY"},f:[1,0,1]}

From tinyG: [19:21:19] tinyg [mm] ok> 

From tinyG: [19:21:19] [ej]  enable json mode            0 [0=text,1=JSON]

From tinyG: [19:21:19] tinyg [mm] ok> 

Out > [19:21:21] G90 G0 Z-12

Out > [19:21:21] G28.2 A0

From tinyG: [19:21:21] tinyg [mm] ok> 

From tinyG: [19:21:21] tinyg [mm] ok> 

From tinyG: [19:21:21] line:0,posx:0.000,posy:0.000,posz:-12.000,posa:31.502,feed:5000.00,vel:5000.00,unit:1,coor:0,dist:1,admo:1,frmo:1,momo:1,stat:9

Out > [19:21:21] G91 G0 A30

From tinyG: [19:21:22] posa:52.376,feed:5000.00,vel:5000.00,momo:1,stat:9

From tinyG: [19:21:22] posa:73.251

From tinyG: [19:21:22] posa:94.126

From tinyG: [19:21:22] posa:115.001

From tinyG: [19:21:23] posa:135.876

From tinyG: [19:21:23] posa:156.751

From tinyG: [19:21:23] posa:177.626

From tinyG: [19:21:23] posa:198.501

From tinyG: [19:21:24] posa:219.376

From tinyG: [19:21:24] posa:240.126

From tinyG: [19:21:24] posa:261.126

From tinyG: [19:21:24] posa:282.001

From tinyG: [19:21:25] posa:302.876

From tinyG: [19:21:25] posa:323.751

From tinyG: [19:21:25] posa:344.626

From tinyG: [19:21:25] posa:364.273,vel:1625.45

From tinyG: [19:21:26] posa:355.798,vel:5000.00

From tinyG: [19:21:26] posa:344.639,feed:500.00,vel:186.87

From tinyG: [19:21:26] posa:346.693,vel:500.00

From tinyG: [19:21:26] posa:348.777

From tinyG: [19:21:27] posa:350.861

From tinyG: [19:21:27] posa:352.946

From tinyG: [19:21:27] posa:355.030

From tinyG: [19:21:27] posa:357.115

From tinyG: [19:21:28] posa:359.199

From tinyG: [19:21:28] tinyg [mm] ok> 

From tinyG: [19:21:28] posa:3.850,feed:250.00,vel:7739.62,momo:0,stat:5

From tinyG: [19:21:28] posa:30.000,vel:0.00,stat:3

Out > [19:21:28] $di1fn=2

Out > [19:21:28] G91 G0 A1

Out > [19:21:28] G91 G1 A-30 F250

From tinyG: [19:21:28] [di1fn] input function          2 [0=none,1=limit,2=interlock,3=shutdown]

From tinyG: [19:21:28] tinyg [mm] ok> 

From tinyG: [19:21:28] tinyg [mm] ok> 

From tinyG: [19:21:28] tinyg [mm] ok> 

From tinyG: [19:21:28] posa:30.415,vel:250.00,momo:1,stat:5

From tinyG: [19:21:29] posa:29.371

From tinyG: [19:21:29] posa:28.334

From tinyG: [19:21:29] posa:27.284

From tinyG: [19:21:29] posa:26.240

From tinyG: [19:21:30] posa:25.196

From tinyG: [19:21:30] posa:24.152

From tinyG: [19:21:30] posa:23.108

From tinyG: [19:21:30] posa:22.064

From tinyG: [19:21:31] posa:21.021

From tinyG: [19:21:31] posa:19.977

From tinyG: [19:21:31] posa:19.167,vel:0.00,stat:6

From tinyG: [19:21:31] tinyg [mm] ok> 

From tinyG: [19:21:31] stat:3

From tinyG: [19:21:31] [di1fn] input function          0 [0=none,1=limit,2=interlock,3=shutdown]

From tinyG: [19:21:31] tinyg [mm] ok> 

Out > [19:21:31] $posa

From tinyG: [19:21:31] A position:         19.167 deg

From tinyG: [19:21:31] tinyg [mm] ok> 

Out > [19:21:31] G90 G0 A9.5835
From tinyG: [19:21:35] stat:3

Out > [19:21:57] g90 g0 a9.5835

From tinyG: [19:21:57] tinyg [mm] ok> 

From tinyG: [19:21:57] posa:9.583,dist:0,momo:0,stat:3

