[16:35:52] Starting Log file for session: 2020724-163552

From tinyG: [16:35:53] {r:{fv:0.98,fb:86.03,hp:3,hv:0,id:"0213-0215-0515",msg:"SYSTEM READY"},f:[1,0,1]}

From tinyG: [16:35:53] tinyg [mm] ok> 

From tinyG: [16:35:53] [ej]  enable json mode            0 [0=text,1=JSON]

From tinyG: [16:35:53] tinyg [mm] ok> 

Out > [16:35:55] G90 G0 Z-12

Out > [16:35:55] G28.2 A0

From tinyG: [16:35:55] tinyg [mm] ok> 

From tinyG: [16:35:55] tinyg [mm] ok> 

From tinyG: [16:35:56] line:0,posx:0.000,posy:0.000,posz:-12.000,posa:24.633,feed:5000.00,vel:5000.00,unit:1,coor:0,dist:1,admo:1,frmo:1,momo:1,stat:9

Out > [16:35:56] G91 G0 A30

From tinyG: [16:35:56] posa:45.508,feed:5000.00,vel:5000.00,stat:9

From tinyG: [16:35:56] posa:66.257

From tinyG: [16:35:56] posa:87.257

From tinyG: [16:35:57] posa:108.132

From tinyG: [16:35:57] posa:129.007

From tinyG: [16:35:57] posa:149.882

From tinyG: [16:35:57] posa:170.757

From tinyG: [16:35:58] posa:191.632

From tinyG: [16:35:58] posa:212.507

From tinyG: [16:35:58] posa:233.382

From tinyG: [16:35:58] posa:254.257

From tinyG: [16:35:59] posa:275.132

From tinyG: [16:35:59] posa:295.882

From tinyG: [16:35:59] posa:316.882

From tinyG: [16:35:59] posa:337.757

From tinyG: [16:36:00] posa:358.632

From tinyG: [16:36:00] posa:362.791,vel:4269.92

From tinyG: [16:36:00] posa:344.771,vel:231.23

From tinyG: [16:36:00] posa:346.137,feed:500.00,vel:500.00

From tinyG: [16:36:01] posa:348.222

From tinyG: [16:36:01] posa:350.306

From tinyG: [16:36:01] posa:352.391

From tinyG: [16:36:01] posa:354.475

From tinyG: [16:36:02] posa:356.560

From tinyG: [16:36:02] posa:358.644

From tinyG: [16:36:02] tinyg [mm] ok> 

From tinyG: [16:36:02] posa:0.000,feed:250.00,vel:8.79,momo:0,stat:5

From tinyG: [16:36:02] posa:29.319,vel:2744.10

From tinyG: [16:36:03] posa:30.000,vel:0.00,stat:3

Out > [16:36:03] $di1fn=2

Out > [16:36:03] G91 G0 A1

Out > [16:36:03] $di1ac=2

Out > [16:36:03] G91 G1 A-30 F250

From tinyG: [16:36:03] [di1fn] input function          2 [0=none,1=limit,2=interlock,3=shutdown]

From tinyG: [16:36:03] tinyg [mm] ok> 

From tinyG: [16:36:03] tinyg [mm] ok> 

From tinyG: [16:36:03] {er:{fb:86.03,st:9,msg:"File not open - write_persistent"}}

From tinyG: [16:36:03] [di1ac] input action            2 [0=none,1=stop,2=halt,3=stop_steps,4=panic,5=reset]

From tinyG: [16:36:03] tinyg [mm] ok> 

From tinyG: [16:36:03] tinyg [mm] ok> 

From tinyG: [16:36:03] posa:30.415,vel:250.00,momo:1,stat:5

From tinyG: [16:36:03] posa:29.371

From tinyG: [16:36:03] posa:28.327

From tinyG: [16:36:04] posa:27.284

From tinyG: [16:36:04] posa:26.240

From tinyG: [16:36:04] posa:25.196

From tinyG: [16:36:04] posa:24.152

From tinyG: [16:36:05] posa:23.108

From tinyG: [16:36:05] posa:22.064

From tinyG: [16:36:05] posa:21.021

From tinyG: [16:36:05] posa:19.977

From tinyG: [16:36:06] posa:18.933

From tinyG: [16:36:06] posa:17.889

From tinyG: [16:36:06] posa:16.852

From tinyG: [16:36:06] posa:15.802

From tinyG: [16:36:07] posa:14.758

From tinyG: [16:36:07] posa:13.714

From tinyG: [16:36:07] posa:12.671

From tinyG: [16:36:07] posa:12.142,vel:0.00,stat:6

Out > [16:36:07] $posa

From tinyG: [16:36:07] tinyg [mm] ok> 

From tinyG: [16:36:07] stat:3

From tinyG: [16:36:07] A position:         12.142 deg

From tinyG: [16:36:07] tinyg [mm] ok> 

Out > [16:36:07] $di1fn=2
0.0
Out > [16:36:07] $di1fn=2

Out > [16:36:07] $di1ac=0

Out > [16:36:07] g90 g0 a
Out > [16:36:07] G28.3 A0

From tinyG: [16:36:07] [di1fn] input function          2 [0=none,1=limit,2=interlock,3=shutdown]

From tinyG: [16:36:07] tinyg [mm] ok> 

From tinyG: [16:36:07] tinyg [mm] err[101]: Malformed command: 0.0$di1fn=2 

From tinyG: [16:36:07] [di1ac] input action            0 [0=none,1=stop,2=halt,3=stop_steps,4=panic,5=reset]

From tinyG: [16:36:07] tinyg [mm] ok> 

From tinyG: [16:36:07] tinyg [mm] err[102]: Bad number format: g90 g0 aG28.3 A0 

From tinyG: [16:36:10] stat:3

