[15:14:07] Starting Log file for session: 20201030-15147

From tinyG: [15:14:10] {"r":{"fv":0.98,"fb":86.03,"hp":3,"hv":0,"id":"0213-0215-0515","msg":"SYSTEM READY"},"f":[1,0,1]}

From tinyG: [15:14:10] tinyg [mm] ok> 

From tinyG: [15:14:10] {"er":{"fb":86.03,"st":9,"msg":"File not open - write_persistent"}}

From tinyG: [15:14:10] [ej]  enable json mode            0 [0=text,1=JSON]

From tinyG: [15:14:10] tinyg [mm] ok> 

Out > [15:14:15] g28.2a0

Out > [15:14:15] $di1fn=0

Out > [15:14:18] g90 g0 a30

From tinyG: [15:14:18] tinyg [mm] ok> 

From tinyG: [15:14:18] coor:0,dist:1,stat:9

From tinyG: [15:14:18] posa:-5.687,feed:2000.00,vel:2000.00,momo:1

From tinyG: [15:14:18] posa:-10.042,vel:0.03

From tinyG: [15:14:18] posa:-4.367,vel:2000.00

From tinyG: [15:14:18] posa:1.258,vel:0.81

From tinyG: [15:14:18] vel:0.00

From tinyG: [15:14:18] posa:-4.388,vel:2000.00

From tinyG: [15:14:18] posa:-8.742,vel:0.03

From tinyG: [15:14:18] posa:-7.795,feed:300.00,vel:300.00

From tinyG: [15:14:18] posa:-6.790

From tinyG: [15:14:18] posa:-5.786

From tinyG: [15:14:18] posa:-4.788

From tinyG: [15:14:18] posa:-3.784

From tinyG: [15:14:18] posa:-2.786

From tinyG: [15:14:18] posa:-1.782

From tinyG: [15:14:18] posa:-0.784

From tinyG: [15:14:18] [di1fn] input function          0 [0=none,1=limit,2=interlock,3=shutdown]

From tinyG: [15:14:18] tinyg [mm] ok> 

From tinyG: [15:14:18] tinyg [mm] ok> 

Out > [15:14:18] g90 g0 a-20 z-9

From tinyG: [15:14:18] tinyg [mm] ok> 

From tinyG: [15:14:18] posa:0.000,vel:0.00,stat:5

From tinyG: [15:14:18] posa:21.383,feed:250.00,vel:9671.40,coor:1,dist:0,momo:0

Out > [15:14:18] g90 g0 a30

From tinyG: [15:14:18] tinyg [mm] ok> 

From tinyG: [15:14:18] posz:0.383,posa:26.917,vel:3850.75

From tinyG: [15:14:18] posz:-2.287,posa:13.563,vel:4079.22

From tinyG: [15:14:19] posz:-4.944,posa:0.179

From tinyG: [15:14:19] posz:-7.621,posa:-13.105

From tinyG: [15:14:19] posz:-9.000,posa:-19.860,vel:854.10

From tinyG: [15:14:19] posa:6.998,vel:10000.00

From tinyG: [15:14:19] posa:29.999,vel:41.02

From tinyG: [15:14:20] posa:30.000,vel:0.00,stat:3

Out > [15:14:20] g90 g0 z0

Out > [15:14:20] g90 g0 a-30

From tinyG: [15:14:20] tinyg [mm] ok> 

From tinyG: [15:14:20] tinyg [mm] ok> 

From tinyG: [15:14:20] posz:-7.182,vel:800.00,stat:5

From tinyG: [15:14:20] posz:-4.506

From tinyG: [15:14:20] posz:-1.829

From tinyG: [15:14:20] posz:0.000,posa:29.909,vel:418.28

From tinyG: [15:14:21] posa:4.921,vel:10000.00

From tinyG: [15:14:21] posa:-27.370,vel:6148.01

From tinyG: [15:14:21] posa:-30.000,vel:0.00,stat:3

Out > [15:14:21] g90 g0 a20 z-9

Out > [15:14:21] g90 g0 a-30

From tinyG: [15:14:21] tinyg [mm] ok> 

From tinyG: [15:14:21] tinyg [mm] ok> 

From tinyG: [15:14:21] posz:-1.819,posa:-19.896,vel:4515.87,stat:5

From tinyG: [15:14:21] posz:-4.496,posa:-5.020

From tinyG: [15:14:22] posz:-7.154,posa:9.745

From tinyG: [15:14:22] posz:-9.000,posa:19.658,vel:1190.04

From tinyG: [15:14:22] posa:-6.261,vel:10000.00

From tinyG: [15:14:22] posa:-29.994,vel:107.13

From tinyG: [15:14:22] posa:-30.000,vel:0.00,stat:3

Out > [15:14:22] g90 g0 z0

Out > [15:14:22] $di1fn=2

Out > [15:14:23] g90 g0 a-15

From tinyG: [15:14:23] tinyg [mm] ok> 

From tinyG: [15:14:23] {"er":{"fb":86.03,"st":9,"msg":"File not open - write_persistent"}}

From tinyG: [15:14:23] [di1fn] input function          2 [0=none,1=limit,2=interlock,3=shutdown]

From tinyG: [15:14:23] tinyg [mm] ok> 

From tinyG: [15:14:23] tinyg [mm] ok> 

From tinyG: [15:14:23] posz:-7.182,vel:800.00,stat:5

From tinyG: [15:14:23] posz:-4.506

From tinyG: [15:14:23] posz:-1.809

From tinyG: [15:14:23] posz:0.000,posa:-29.892,vel:503.18

From tinyG: [15:14:24] posa:-15.032,vel:349.30

From tinyG: [15:14:24] posa:-15.000,vel:0.00,stat:3

Out > [15:14:24] g90 g0 a-10

Out > [15:14:24] g90 g0 a-15

From tinyG: [15:14:24] tinyg [mm] ok> 

From tinyG: [15:14:24] tinyg [mm] ok> 

From tinyG: [15:14:24] posa:-11.115,vel:2609.07,stat:5

From tinyG: [15:14:24] posa:-15.000,vel:0.00,stat:3

Out > [15:14:24] g91 g1 a30 f250

Out > [15:14:24] g90 g0 z-5

From tinyG: [15:14:24] tinyg [mm] ok> 

From tinyG: [15:14:24] tinyg [mm] ok> 

From tinyG: [15:14:25] posa:-14.209,vel:250.00,dist:1,momo:1,stat:5

From tinyG: [15:14:25] posa:-13.365

From tinyG: [15:14:25] posa:-12.528

From tinyG: [15:14:25] posa:-11.697

From tinyG: [15:14:25] posa:-10.859

From tinyG: [15:14:26] posa:-10.015

From tinyG: [15:14:26] posa:-9.178

From tinyG: [15:14:26] posa:-8.347

From tinyG: [15:14:26] posa:-7.509

From tinyG: [15:14:26] posa:-6.678

From tinyG: [15:14:27] posa:-5.841

From tinyG: [15:14:27] posa:-5.010

From tinyG: [15:14:27] posa:-4.173

From tinyG: [15:14:27] posa:-3.341

From tinyG: [15:14:27] posa:-2.504

From tinyG: [15:14:28] posa:-1.673

From tinyG: [15:14:28] posa:-0.836

From tinyG: [15:14:28] posa:-0.051,vel:0.07,stat:6

From tinyG: [15:14:28] vel:0.00

From tinyG: [15:14:28] tinyg [mm] ok> 

From tinyG: [15:14:28] dist:0,momo:0,stat:3

From tinyG: [15:14:28] [di1fn] input function          0 [0=none,1=limit,2=interlock,3=shutdown]

From tinyG: [15:14:28] tinyg [mm] ok> 

From tinyG: [15:14:28] A position:         -0.051 deg

From tinyG: [15:14:28] tinyg [mm] ok> 

Out > [15:14:28] g90 g0 z1

Out > [15:14:28] g90 g0 z0

From tinyG: [15:14:28] tinyg [mm] ok> 

From tinyG: [15:14:28] tinyg [mm] ok> 

From tinyG: [15:14:28] posz:0.990,vel:101.13,stat:5

From tinyG: [15:14:29] posz:0.000,vel:6.26

From tinyG: [15:14:29] vel:0.00,stat:3

Out > [15:14:29] EOF

Out > [15:14:29] !%~

From tinyG: [15:14:29] tinyg [mm] ok> 

