[18:16:07] Starting Log file for session: 2020723-18167

From tinyG: [18:16:08] {r:{fv:0.98,fb:86.03,hp:3,hv:0,id:"0213-0215-0515",msg:"SYSTEM READY"},f:[1,0,1]}

From tinyG: [18:16:21] {r:{tinygmo:null},f:[1,100,26]}

From tinyG: [18:16:21] {r:{baud:null},f:[1,100,11]}

From tinyG: [18:16:21] {r:{js:0},f:[1,0,9]}

From tinyG: [18:16:21] {r:{gpa:0},f:[1,0,10]}

From tinyG: [18:16:21] {r:{gun:1},f:[1,0,10]}

From tinyG: [18:16:21] {r:{ja:0.00},f:[1,0,9]}

From tinyG: [18:16:21] {r:{si:250},f:[1,0,11]}

From tinyG: [18:16:21] {r:{jv:5},f:[1,0,9]}

From tinyG: [18:16:21] {r:{mt:0},f:[1,0,11]}

From tinyG: [18:16:21] {r:{st:null},f:[1,100,9]}

From tinyG: [18:16:21] {r:{motorma:null},f:[1,100,20]}

From tinyG: [18:16:21] {r:{1ma:5},f:[1,0,10]}

From tinyG: [18:16:21] {r:{2ma:0},f:[1,0,10]}

From tinyG: [18:16:21] {r:{3ma:2},f:[1,0,10]}

From tinyG: [18:16:21] {r:{4ma:3},f:[1,0,10]}

From tinyG: [18:16:21] {r:{polarit:null},f:[1,100,18]}

From tinyG: [18:16:21] {r:{1po:1},f:[1,0,10]}

From tinyG: [18:16:21] {r:{2po:0},f:[1,0,10]}

From tinyG: [18:16:21] {r:{3po:1},f:[1,0,10]}

From tinyG: [18:16:21] {r:{4po:0},f:[1,0,10]}

From tinyG: [18:16:21] {r:{trvalue:null},f:[1,100,16]}

From tinyG: [18:16:21] {r:{1tr:60.0000},f:[1,0,11]}

From tinyG: [18:16:21] {r:{2tr:6.3500},f:[1,0,13]}

From tinyG: [18:16:21] {r:{3tr:5.0000},f:[1,0,10]}

From tinyG: [18:16:21] {r:{4tr:60.0000},f:[1,0,11]}

From tinyG: [18:16:21] {r:{powerse:null},f:[1,100,21]}

From tinyG: [18:16:21] {r:{1pl:1.000},f:[1,0,10]}

From tinyG: [18:16:21] {r:{2pl:1.000},f:[1,0,10]}

From tinyG: [18:16:21] {r:{3pl:0.000},f:[1,0,10]}

From tinyG: [18:16:21] {r:{4pl:0.000},f:[1,0,10]}

From tinyG: [18:16:21] {r:{1pm:2},f:[1,0,10]}

From tinyG: [18:16:21] {r:{2pm:2},f:[1,0,10]}

From tinyG: [18:16:21] {r:{3pm:2},f:[1,0,10]}

From tinyG: [18:16:21] {r:{4pm:2},f:[1,0,10]}

From tinyG: [18:16:21] {r:{motorse:null},f:[1,100,21]}

From tinyG: [18:16:21] {r:{1mi:16},f:[1,0,11]}

From tinyG: [18:16:21] {r:{2mi:32},f:[1,0,11]}

From tinyG: [18:16:21] {r:{3mi:10,msg:"*** WARNING *** Setting non-standard microstep value"},f:[1,0,11]}

From tinyG: [18:16:21] {r:{4mi:10,msg:"*** WARNING *** Setting non-standard microstep value"},f:[1,0,11]}

From tinyG: [18:16:21] {r:{1sa:1.800},f:[1,0,12]}

From tinyG: [18:16:21] {r:{2sa:1.800},f:[1,0,12]}

From tinyG: [18:16:21] {r:{3sa:1.800},f:[1,0,12]}

From tinyG: [18:16:21] {r:{4sa:1.800},f:[1,0,12]}

From tinyG: [18:16:21] {r:{axesset:null},f:[1,100,20]}

From tinyG: [18:16:21] {r:{xam:1},f:[1,0,10]}

From tinyG: [18:16:21] {r:{xvm:1500},f:[1,0,13]}

From tinyG: [18:16:21] {r:{xjm:5000},f:[1,0,13]}

From tinyG: [18:16:21] {r:{xfr:5000},f:[1,0,13]}

From tinyG: [18:16:21] {r:{xtn:-500.000},f:[1,0,13]}

From tinyG: [18:16:21] {r:{xtm:0.000},f:[1,0,10]}

From tinyG: [18:16:21] {r:{yam:0},f:[1,0,10]}

From tinyG: [18:16:21] {r:{yvm:0},f:[1,0,10]}

From tinyG: [18:16:21] {r:{yjm:0},f:[1,0,10]}

From tinyG: [18:16:21] {r:{yfr:0},f:[1,0,10]}

From tinyG: [18:16:21] {r:{zam:1},f:[1,0,10]}

From tinyG: [18:16:21] {r:{zvm:3750},f:[1,0,13]}

From tinyG: [18:16:21] {r:{zjm:5000},f:[1,0,13]}

From tinyG: [18:16:21] {r:{zfr:3750},f:[1,0,13]}

From tinyG: [18:16:21] {r:{ztn:-100.000},f:[1,0,13]}

From tinyG: [18:16:21] {r:{ztm:2.000},f:[1,0,10]}

From tinyG: [18:16:21] {r:{aam:1},f:[1,0,10]}

From tinyG: [18:16:21] {r:{avm:20000},f:[1,0,14]}

From tinyG: [18:16:21] {r:{ajm:10000},f:[1,0,14]}

From tinyG: [18:16:21] {r:{afr:15000},f:[1,0,14]}

From tinyG: [18:16:21] {r:{atn:-3600.000},f:[1,0,14]}

From tinyG: [18:16:21] {r:{atm:3600.000},f:[1,0,13]}

From tinyG: [18:16:21] {r:{cam:1},f:[1,0,10]}

From tinyG: [18:16:21] {r:{cvm:10000},f:[1,0,14]}

From tinyG: [18:16:21] {r:{cjm:5000},f:[1,0,13]}

From tinyG: [18:16:21] {r:{cfr:10000},f:[1,0,14]}

From tinyG: [18:16:21] {r:{ctn:-3600.000},f:[1,0,14]}

From tinyG: [18:16:21] {r:{ctm:3600.000},f:[1,0,13]}

From tinyG: [18:16:21] {r:{limitsw:null},f:[1,100,21]}

From tinyG: [18:16:21] {r:{sl:1},f:[1,0,9]}

From tinyG: [18:16:21] {r:{xsn:null},f:[1,100,10]}

From tinyG: [18:16:21] {r:{ahi:1},f:[1,0,10]}

From tinyG: [18:16:21] {r:{di1mo:1},f:[1,0,12]}

From tinyG: [18:16:21] {r:{di1ac:0},f:[1,0,12]}

From tinyG: [18:16:21] {r:{di1fn:0},f:[1,0,12]}

From tinyG: [18:16:21] {r:{xsx:null},f:[1,100,10]}

From tinyG: [18:16:21] {r:{xhi:2},f:[1,0,10]}

From tinyG: [18:16:21] {r:{di2mo:0},f:[1,0,12]}

From tinyG: [18:16:21] {r:{di2ac:0},f:[1,0,12]}

From tinyG: [18:16:21] {r:{di2fn:0},f:[1,0,12]}

From tinyG: [18:16:21] {r:{ysn:null},f:[1,100,10]}

From tinyG: [18:16:21] {r:{yhi:0},f:[1,0,10]}

From tinyG: [18:16:21] {r:{di3mo:-1},f:[1,0,13]}

From tinyG: [18:16:21] {r:{di3ac:0},f:[1,0,12]}

From tinyG: [18:16:21] {r:{di3fn:0},f:[1,0,12]}

From tinyG: [18:16:21] {r:{ysx:null},f:[1,100,10]}

From tinyG: [18:16:21] {r:{di4mo:-1},f:[1,0,13]}

From tinyG: [18:16:21] {r:{di4ac:0},f:[1,0,12]}

From tinyG: [18:16:21] {r:{di4fn:0},f:[1,0,12]}

From tinyG: [18:16:21] {r:{zsn:null},f:[1,100,10]}

From tinyG: [18:16:21] {r:{zhi:5},f:[1,0,10]}

From tinyG: [18:16:21] {r:{di5mo:0},f:[1,0,12]}

From tinyG: [18:16:21] {r:{di5ac:0},f:[1,0,12]}

From tinyG: [18:16:21] {r:{di5fn:0},f:[1,0,12]}

From tinyG: [18:16:21] {r:{zsx:null},f:[1,100,10]}

From tinyG: [18:16:21] {r:{di6mo:-1},f:[1,0,13]}

From tinyG: [18:16:21] {r:{di6ac:0},f:[1,0,12]}

From tinyG: [18:16:21] {r:{di6fn:0},f:[1,0,12]}

From tinyG: [18:16:21] {r:{asn:null},f:[1,100,10]}

From tinyG: [18:16:21] {r:{di7mo:-1},f:[1,0,13]}

From tinyG: [18:16:21] {r:{di7ac:0},f:[1,0,12]}

From tinyG: [18:16:21] {r:{di7fn:0},f:[1,0,12]}

From tinyG: [18:16:21] {r:{asx:null},f:[1,100,10]}

From tinyG: [18:16:21] {r:{di8mo:-1},f:[1,0,13]}

From tinyG: [18:16:21] {r:{di8ac:0},f:[1,0,12]}

From tinyG: [18:16:21] {r:{di8fn:0},f:[1,0,12]}

From tinyG: [18:16:21] {r:{di9mo:-1},f:[1,0,13]}

From tinyG: [18:16:21] {r:{di9ac:0},f:[1,0,12]}

From tinyG: [18:16:21] {r:{di9fn:0},f:[1,0,12]}

From tinyG: [18:16:21] {r:{homingc:null},f:[1,100,20]}

From tinyG: [18:16:21] {r:{st:null},f:[1,100,9]}

From tinyG: [18:16:21] {r:{xhd:1},f:[1,0,10]}

From tinyG: [18:16:21] {r:{xsv:1000},f:[1,0,13]}

From tinyG: [18:16:21] {r:{xlv:100.00},f:[1,0,12]}

From tinyG: [18:16:21] {r:{xlb:5.000},f:[1,0,10]}

From tinyG: [18:16:21] {r:{xzb:2.000},f:[1,0,10]}

From tinyG: [18:16:21] {r:{xjh:10000},f:[1,0,14]}

From tinyG: [18:16:21] {r:{zhd:0},f:[1,0,10]}

From tinyG: [18:16:21] {r:{zsv:1000},f:[1,0,13]}

From tinyG: [18:16:21] {r:{zlv:100.00},f:[1,0,12]}

From tinyG: [18:16:21] {r:{zlb:5.000},f:[1,0,10]}

From tinyG: [18:16:21] {r:{zzb:50.305},f:[1,0,15]}

From tinyG: [18:16:21] {r:{zjh:10000},f:[1,0,14]}

From tinyG: [18:16:21] {r:{ahd:1},f:[1,0,10]}

From tinyG: [18:16:21] {r:{asv:2000},f:[1,0,13]}

From tinyG: [18:16:21] {r:{alv:500.00},f:[1,0,12]}

From tinyG: [18:16:21] {r:{alb:20.000},f:[1,0,11]}

From tinyG: [18:16:21] {r:{azb:0.000},f:[1,0,10]}

From tinyG: [18:16:21] {r:{ajh:10000},f:[1,0,14]}

From tinyG: [18:16:21] {sr:{stat:3}}

Out > [18:16:33] g91 g0 a10

From tinyG: [18:16:33] {r:{gc:"G91G0A10"},f:[1,0,11]}

From tinyG: [18:16:33] {sr:{posa:32.582,vel:76.25,stat:5}}

From tinyG: [18:16:34] {sr:{posa:32.586,vel:0.00,stat:3}}

Out > [18:16:57] (TEST BEND #1)

Out > [18:16:57] (DESCRIPTION: SIMPLE U, THEN ROTATE C, THEN FINISH)

From tinyG: [18:16:57] {r:{gc:""},f:[1,0,15]}

From tinyG: [18:16:57] {r:{gc:""},f:[1,0,52]}

From tinyG: [18:16:57] {sr:{stat:3}}

Out > [18:16:57] (MATERIAL: Galvy | DIA: 1.59mm | TOOL: Nose bender)

Out > [18:16:57] 

From tinyG: [18:16:57] {r:{gc:""},f:[1,0,52]}

From tinyG: [18:16:58] {sr:{stat:3}}

Out > [18:16:58] (home C first)

Out > [18:16:58] g28.3 c0

From tinyG: [18:16:58] {r:{gc:""},f:[1,0,15]}

From tinyG: [18:16:58] {r:{gc:"G28.3C0"},f:[1,0,9]}

From tinyG: [18:16:58] {sr:{stat:3}}

Out > [18:16:58] 

Out > [18:16:58] (full retract with a pause)

From tinyG: [18:16:58] {r:{gc:""},f:[1,0,28]}

From tinyG: [18:16:58] {sr:{stat:3}}

Out > [18:16:58] g90 g0 z-6 x-120 a-20

Out > [18:16:58] g4p2.0

From tinyG: [18:16:58] {r:{gc:"G90G0Z-6X-120A-20"},f:[1,0,22]}

From tinyG: [18:16:58] {r:{gc:"G4P2.0"},f:[1,0,7]}

From tinyG: [18:16:59] {sr:{posx:-4.099,posz:-11.795,posa:30.789,vel:1639.42,dist:0,stat:5}}

From tinyG: [18:16:59] {sr:{posx:-10.323,posz:-11.484,posa:28.062}}

From tinyG: [18:16:59] {sr:{posx:-16.584,posz:-11.171,posa:25.318}}

From tinyG: [18:16:59] {sr:{posx:-22.883,posz:-10.856,posa:22.558}}

From tinyG: [18:17:00] {sr:{posx:-29.144,posz:-10.543,posa:19.814}}

From tinyG: [18:17:00] {sr:{posx:-35.405,posz:-10.229,posa:17.070}}

From tinyG: [18:17:00] {sr:{posx:-41.666,posz:-9.916,posa:14.327}}

From tinyG: [18:17:00] {sr:{posx:-47.927,posz:-9.603,posa:11.583}}

From tinyG: [18:17:01] {sr:{posx:-54.188,posz:-9.290,posa:8.839}}

From tinyG: [18:17:01] {sr:{posx:-60.412,posz:-8.977,posa:6.095}}

From tinyG: [18:17:01] {sr:{posx:-66.673,posz:-8.666,posa:3.352}}

From tinyG: [18:17:01] {sr:{posx:-72.933,posz:-8.353,posa:0.624}}

From tinyG: [18:17:02] {sr:{posx:-79.194,posz:-8.040,posa:-2.120}}

From tinyG: [18:17:02] {sr:{posx:-85.455,posz:-7.727,posa:-4.863}}

From tinyG: [18:17:02] {sr:{posx:-91.754,posz:-7.412,posa:-7.623}}

From tinyG: [18:17:02] {sr:{posx:-98.015,posz:-7.099,posa:-10.367}}

From tinyG: [18:17:03] {sr:{posx:-104.276,posz:-6.786,posa:-13.111}}

From tinyG: [18:17:03] {sr:{posx:-110.537,posz:-6.473,posa:-15.855}}

From tinyG: [18:17:03] {sr:{posx:-116.798,posz:-6.159,posa:-18.599}}

From tinyG: [18:17:03] {sr:{posx:-120.000,posz:-6.000,posa:-20.000,vel:0.00,stat:3}}

Out > [18:17:03] 

Out > [18:17:03] 

