[17:44:56] Starting Log file for session: 2020724-174456

From tinyG: [17:44:57] {r:{fv:0.98,fb:86.03,hp:3,hv:0,id:"0213-0215-0515",msg:"SYSTEM READY"},f:[1,0,1]}

From tinyG: [17:44:57] tinyg [mm] ok> 

From tinyG: [17:44:57] [ej]  enable json mode            0 [0=text,1=JSON]

From tinyG: [17:44:57] tinyg [mm] ok> 

From tinyG: [17:44:57] {r:{fv:0.98,fb:86.03,hp:3,hv:0,id:"0213-0215-0515",msg:"SYSTEM READY"},f:[1,0,1]}

From tinyG: [17:44:57] tinyg [mm] ok> 

From tinyG: [17:44:57] [ej]  enable json mode            0 [0=text,1=JSON]

From tinyG: [17:44:57] tinyg [mm] ok> 

Out > [17:45:01] G28.2 X0

From tinyG: [17:45:01] tinyg [mm] ok> 

From tinyG: [17:45:01] posx:2.381,feed:1000.00,vel:95.19,momo:1,stat:9

From tinyG: [17:45:02] posx:-1.587,vel:1000.00

From tinyG: [17:45:02] posx:-2.438,feed:100.00,vel:100.00

From tinyG: [17:45:02] posx:-2.021

From tinyG: [17:45:02] posx:-1.603

From tinyG: [17:45:03] posx:-1.186

From tinyG: [17:45:03] posx:-0.771

From tinyG: [17:45:03] posx:-0.351

From tinyG: [17:45:03] posx:0.066

From tinyG: [17:45:04] posx:0.483

From tinyG: [17:45:04] posx:0.901

From tinyG: [17:45:04] posx:1.316

From tinyG: [17:45:04] posx:1.735

From tinyG: [17:45:05] posx:1.625,feed:1000.00,vel:998.95

From tinyG: [17:45:05] posx:0.000,feed:250.00,vel:0.00,momo:4,stat:3

From tinyG: [17:47:11] stat:3

