[18:11:04] Starting Log file for session: 20201029-18114

From tinyG: [18:11:05] {"r":{"fv":0.98,"fb":86.03,"hp":3,"hv":0,"id":"0213-0215-0515","msg":"SYSTEM READY"},"f":[1,0,1]}

From tinyG: [18:11:05] tinyg [mm] ok> 

From tinyG: [18:11:05] [ej]  enable json mode            0 [0=text,1=JSON]

From tinyG: [18:11:05] tinyg [mm] ok> 

Out > [18:11:09] g28.2a0

Out > [18:11:09] $di1fn=0

Out > [18:11:12] g90 g0 a30

From tinyG: [18:11:12] tinyg [mm] ok> 

From tinyG: [18:11:12] posa:-5.665,feed:2000.00,vel:2000.00,coor:0,dist:1,momo:1,stat:9

From tinyG: [18:11:12] posa:-10.019,vel:0.03

From tinyG: [18:11:12] posa:-4.345,vel:2000.00

From tinyG: [18:11:12] posa:1.230,vel:0.03

From tinyG: [18:11:12] vel:0.00

From tinyG: [18:11:12] posa:-4.416,vel:2000.00

From tinyG: [18:11:12] posa:-8.770,vel:0.03

From tinyG: [18:11:12] posa:-7.823,feed:300.00,vel:300.00

From tinyG: [18:11:12] posa:-6.818

From tinyG: [18:11:12] posa:-5.814

From tinyG: [18:11:12] posa:-4.816

From tinyG: [18:11:12] posa:-3.812

From tinyG: [18:11:12] posa:-2.814

From tinyG: [18:11:12] posa:-1.810

From tinyG: [18:11:12] posa:-0.812

From tinyG: [18:11:12] [di1fn] input function          0 [0=none,1=limit,2=interlock,3=shutdown]

From tinyG: [18:11:12] tinyg [mm] ok> 

From tinyG: [18:11:12] tinyg [mm] ok> 

From tinyG: [18:11:12] posa:0.000,vel:0.00,stat:5

Out > [18:11:12] g90 g0 a-20 z-9

From tinyG: [18:11:12] tinyg [mm] ok> 

From tinyG: [18:11:12] posa:21.384,feed:250.00,vel:9671.33,coor:1,dist:0,momo:0

Out > [18:11:12] g90 g0 a30

From tinyG: [18:11:12] tinyg [mm] ok> 

From tinyG: [18:11:13] posz:-0.593,posa:26.704,vel:4221.90

From tinyG: [18:11:13] posz:-3.245,posa:11.974,vel:4515.87

From tinyG: [18:11:13] posz:-5.922,posa:-2.902

From tinyG: [18:11:13] posz:-8.567,posa:-17.594,vel:4048.41

From tinyG: [18:11:13] posz:-9.000,posa:-14.207,vel:8705.25

From tinyG: [18:11:14] posa:19.224,vel:9990.70

From tinyG: [18:11:14] posa:30.000,vel:0.00,stat:3

Out > [18:11:14] g90 g0 z0

Out > [18:11:14] g90 g0 a-30

From tinyG: [18:11:14] tinyg [mm] ok> 

From tinyG: [18:11:14] tinyg [mm] ok> 

From tinyG: [18:11:14] posz:-7.182,vel:800.00,stat:5

From tinyG: [18:11:14] posz:-4.506

From tinyG: [18:11:14] posz:-1.809

From tinyG: [18:11:15] posz:0.000,posa:29.897,vel:465.80

From tinyG: [18:11:15] posa:4.423,vel:10000.00

From tinyG: [18:11:15] posa:-27.660,vel:5769.70

From tinyG: [18:11:15] posa:-30.000,vel:0.00,stat:3

Out > [18:11:15] g90 g0 a20 z-9

Out > [18:11:15] g90 g0 a-30

From tinyG: [18:11:15] tinyg [mm] ok> 

From tinyG: [18:11:15] tinyg [mm] ok> 

From tinyG: [18:11:16] posz:-1.819,posa:-19.896,vel:4515.87,stat:5

From tinyG: [18:11:16] posz:-4.496,posa:-5.020

From tinyG: [18:11:16] posz:-7.154,posa:9.745

From tinyG: [18:11:16] posz:-9.000,posa:19.658,vel:1190.04

From tinyG: [18:11:16] posa:-6.261,vel:10000.00

From tinyG: [18:11:17] posa:-29.994,vel:107.13

From tinyG: [18:11:17] posa:-30.000,vel:0.00,stat:3

Out > [18:11:17] g90 g0 z0

Out > [18:11:17] $di1fn=2

Out > [18:11:17] g90 g0 a-15

From tinyG: [18:11:17] tinyg [mm] ok> 

From tinyG: [18:11:17] {"er":{"fb":86.03,"st":9,"msg":"File not open - write_persistent"}}

From tinyG: [18:11:17] [di1fn] input function          2 [0=none,1=limit,2=interlock,3=shutdown]

From tinyG: [18:11:17] tinyg [mm] ok> 

From tinyG: [18:11:17] tinyg [mm] ok> 

From tinyG: [18:11:17] posz:-7.182,vel:800.00,stat:5

From tinyG: [18:11:17] posz:-4.506

From tinyG: [18:11:17] posz:-1.849

From tinyG: [18:11:18] posz:0.000,posa:-29.905,vel:449.88

From tinyG: [18:11:18] posa:-15.041,vel:412.67

From tinyG: [18:11:18] posa:-15.000,vel:0.00,stat:3

Out > [18:11:18] g90 g0 a-10

Out > [18:11:18] g90 g0 a-15

From tinyG: [18:11:18] tinyg [mm] ok> 

From tinyG: [18:11:18] tinyg [mm] ok> 

From tinyG: [18:11:18] posa:-11.115,vel:2609.07,stat:5

From tinyG: [18:11:19] posa:-15.000,vel:0.00,stat:3

Out > [18:11:19] g91 g1 a30 f250

Out > [18:11:19] g90 g0 z-5

From tinyG: [18:11:19] tinyg [mm] ok> 

From tinyG: [18:11:19] tinyg [mm] ok> 

From tinyG: [18:11:19] posa:-14.209,vel:250.00,dist:1,momo:1,stat:5

From tinyG: [18:11:19] posa:-13.365

From tinyG: [18:11:19] posa:-12.528

From tinyG: [18:11:19] posa:-11.697

From tinyG: [18:11:20] posa:-10.859

From tinyG: [18:11:20] posa:-10.015

From tinyG: [18:11:20] posa:-9.178

From tinyG: [18:11:20] posa:-8.347

From tinyG: [18:11:20] posa:-7.509

From tinyG: [18:11:21] posa:-6.678

From tinyG: [18:11:21] posa:-5.841

From tinyG: [18:11:21] posa:-5.010

From tinyG: [18:11:21] posa:-4.173

From tinyG: [18:11:21] posa:-3.341

From tinyG: [18:11:22] posa:-2.504

From tinyG: [18:11:22] posa:-1.673

From tinyG: [18:11:22] posa:-0.836

From tinyG: [18:11:22] posa:-0.021,vel:56.39,stat:6

From tinyG: [18:11:22] [di1fn] input function          0 [0=none,1=limit,2=interlock,3=shutdown]

From tinyG: [18:11:22] tinyg [mm] ok> 

Out > [18:11:22] g90 g0 z0

Out > [18:11:22] $posa

From tinyG: [18:11:22] tinyg [mm] ok> 

From tinyG: [18:11:22] A position:         -0.019 deg

From tinyG: [18:11:22] tinyg [mm] ok> 

From tinyG: [18:11:22] posa:-0.019,vel:0.00,dist:0,momo:0,stat:3

