[12:20:07] Starting Log file for session: 2020724-12207

From tinyG: [12:20:08] {"r":{"fv":0.98,"fb":86.03,"hp":3,"hv":0,"id":"0213-0215-0515","msg":"SYSTEM READY"},"f":[1,0,1]}

From tinyG: [12:20:12] {"r":{"tinygmo":null},"f":[1,100,26]}

From tinyG: [12:20:12] {"r":{"baud":null},"f":[1,100,11]}

From tinyG: [12:20:12] {r:{js:0},f:[1,0,9]}

From tinyG: [12:20:12] {r:{gpa:0},f:[1,0,10]}

From tinyG: [12:20:12] {r:{gun:1},f:[1,0,10]}

From tinyG: [12:20:12] {r:{ja:0.00},f:[1,0,9]}

From tinyG: [12:20:12] {r:{si:250},f:[1,0,11]}

From tinyG: [12:20:12] {r:{jv:5},f:[1,0,9]}

From tinyG: [12:20:12] {r:{mt:0},f:[1,0,11]}

From tinyG: [12:20:12] {r:{st:null},f:[1,100,9]}

From tinyG: [12:20:12] {r:{motorma:null},f:[1,100,20]}

From tinyG: [12:20:12] {r:{1ma:5},f:[1,0,10]}

From tinyG: [12:20:12] {r:{2ma:0},f:[1,0,10]}

From tinyG: [12:20:12] {r:{3ma:2},f:[1,0,10]}

From tinyG: [12:20:12] {r:{4ma:3},f:[1,0,10]}

From tinyG: [12:20:12] {r:{polarit:null},f:[1,100,18]}

From tinyG: [12:20:12] {r:{1po:1},f:[1,0,10]}

From tinyG: [12:20:12] {r:{2po:0},f:[1,0,10]}

From tinyG: [12:20:12] {r:{3po:1},f:[1,0,10]}

From tinyG: [12:20:12] {r:{4po:0},f:[1,0,10]}

From tinyG: [12:20:12] {r:{trvalue:null},f:[1,100,16]}

From tinyG: [12:20:12] {r:{1tr:60.0000},f:[1,0,11]}

From tinyG: [12:20:12] {r:{2tr:6.3500},f:[1,0,13]}

From tinyG: [12:20:12] {r:{3tr:5.0000},f:[1,0,10]}

From tinyG: [12:20:12] {r:{4tr:60.0000},f:[1,0,11]}

From tinyG: [12:20:12] {r:{powerse:null},f:[1,100,21]}

From tinyG: [12:20:12] {r:{1pl:1.000},f:[1,0,10]}

From tinyG: [12:20:12] {r:{2pl:1.000},f:[1,0,10]}

From tinyG: [12:20:12] {r:{3pl:0.000},f:[1,0,10]}

From tinyG: [12:20:12] {r:{4pl:0.000},f:[1,0,10]}

From tinyG: [12:20:12] {r:{1pm:2},f:[1,0,10]}

From tinyG: [12:20:12] {r:{2pm:2},f:[1,0,10]}

From tinyG: [12:20:12] {r:{3pm:2},f:[1,0,10]}

From tinyG: [12:20:12] {r:{4pm:2},f:[1,0,10]}

From tinyG: [12:20:12] {r:{motorse:null},f:[1,100,21]}

From tinyG: [12:20:12] {r:{1mi:16},f:[1,0,11]}

From tinyG: [12:20:12] {r:{2mi:32},f:[1,0,11]}

From tinyG: [12:20:12] {r:{3mi:10,msg:"*** WARNING *** Setting non-standard microstep value"},f:[1,0,11]}

From tinyG: [12:20:12] {r:{4mi:10,msg:"*** WARNING *** Setting non-standard microstep value"},f:[1,0,11]}

From tinyG: [12:20:12] {r:{1sa:1.800},f:[1,0,12]}

From tinyG: [12:20:12] {r:{2sa:1.800},f:[1,0,12]}

From tinyG: [12:20:12] {r:{3sa:1.800},f:[1,0,12]}

From tinyG: [12:20:12] {r:{4sa:1.800},f:[1,0,12]}

From tinyG: [12:20:12] {r:{axesset:null},f:[1,100,20]}

From tinyG: [12:20:12] {r:{xam:1},f:[1,0,10]}

From tinyG: [12:20:12] {r:{xvm:1500},f:[1,0,13]}

From tinyG: [12:20:12] {r:{xjm:5000},f:[1,0,13]}

From tinyG: [12:20:12] {r:{xfr:5000},f:[1,0,13]}

From tinyG: [12:20:12] {r:{xtn:-500.000},f:[1,0,13]}

From tinyG: [12:20:12] {r:{xtm:0.000},f:[1,0,10]}

From tinyG: [12:20:12] {r:{yam:0},f:[1,0,10]}

From tinyG: [12:20:12] {r:{yvm:0},f:[1,0,10]}

From tinyG: [12:20:12] {r:{yjm:0},f:[1,0,10]}

From tinyG: [12:20:12] {r:{yfr:0},f:[1,0,10]}

From tinyG: [12:20:12] {r:{zam:1},f:[1,0,10]}

From tinyG: [12:20:12] {r:{zvm:3750},f:[1,0,13]}

From tinyG: [12:20:12] {r:{zjm:5000},f:[1,0,13]}

From tinyG: [12:20:12] {r:{zfr:3750},f:[1,0,13]}

From tinyG: [12:20:12] {r:{ztn:-100.000},f:[1,0,13]}

From tinyG: [12:20:12] {r:{ztm:2.000},f:[1,0,10]}

From tinyG: [12:20:12] {r:{aam:1},f:[1,0,10]}

From tinyG: [12:20:12] {r:{avm:20000},f:[1,0,14]}

From tinyG: [12:20:12] {r:{ajm:10000},f:[1,0,14]}

From tinyG: [12:20:12] {r:{afr:15000},f:[1,0,14]}

From tinyG: [12:20:12] {r:{atn:-3600.000},f:[1,0,14]}

From tinyG: [12:20:12] {r:{atm:3600.000},f:[1,0,13]}

From tinyG: [12:20:12] {r:{cam:1},f:[1,0,10]}

From tinyG: [12:20:12] {r:{cvm:10000},f:[1,0,14]}

From tinyG: [12:20:12] {r:{cjm:5000},f:[1,0,13]}

From tinyG: [12:20:12] {r:{cfr:10000},f:[1,0,14]}

From tinyG: [12:20:12] {r:{ctn:-3600.000},f:[1,0,14]}

From tinyG: [12:20:12] {r:{ctm:3600.000},f:[1,0,13]}

From tinyG: [12:20:12] {r:{limitsw:null},f:[1,100,21]}

From tinyG: [12:20:12] {r:{sl:1},f:[1,0,9]}

From tinyG: [12:20:12] {r:{xsn:null},f:[1,100,10]}

From tinyG: [12:20:12] {r:{ahi:1},f:[1,0,10]}

From tinyG: [12:20:12] {r:{di1mo:1},f:[1,0,12]}

From tinyG: [12:20:12] {r:{di1ac:0},f:[1,0,12]}

From tinyG: [12:20:12] {r:{di1fn:0},f:[1,0,12]}

From tinyG: [12:20:12] {r:{xsx:null},f:[1,100,10]}

From tinyG: [12:20:12] {r:{xhi:2},f:[1,0,10]}

From tinyG: [12:20:12] {r:{di2mo:0},f:[1,0,12]}

From tinyG: [12:20:12] {r:{di2ac:0},f:[1,0,12]}

From tinyG: [12:20:12] {r:{di2fn:0},f:[1,0,12]}

From tinyG: [12:20:12] {r:{ysn:null},f:[1,100,10]}

From tinyG: [12:20:12] {r:{yhi:0},f:[1,0,10]}

From tinyG: [12:20:12] {r:{di3mo:-1},f:[1,0,13]}

From tinyG: [12:20:12] {r:{di3ac:0},f:[1,0,12]}

From tinyG: [12:20:12] {r:{di3fn:0},f:[1,0,12]}

From tinyG: [12:20:12] {r:{ysx:null},f:[1,100,10]}

From tinyG: [12:20:13] {r:{di4mo:-1},f:[1,0,13]}

From tinyG: [12:20:13] {r:{di4ac:0},f:[1,0,12]}

From tinyG: [12:20:13] {r:{di4fn:0},f:[1,0,12]}

From tinyG: [12:20:13] {r:{zsn:null},f:[1,100,10]}

From tinyG: [12:20:13] {r:{zhi:5},f:[1,0,10]}

From tinyG: [12:20:13] {r:{di5mo:0},f:[1,0,12]}

From tinyG: [12:20:13] {r:{di5ac:0},f:[1,0,12]}

From tinyG: [12:20:13] {r:{di5fn:0},f:[1,0,12]}

From tinyG: [12:20:13] {r:{zsx:null},f:[1,100,10]}

From tinyG: [12:20:13] {r:{di6mo:-1},f:[1,0,13]}

From tinyG: [12:20:13] {r:{di6ac:0},f:[1,0,12]}

From tinyG: [12:20:13] {r:{di6fn:0},f:[1,0,12]}

From tinyG: [12:20:13] {r:{asn:null},f:[1,100,10]}

From tinyG: [12:20:13] {r:{di7mo:-1},f:[1,0,13]}

From tinyG: [12:20:13] {r:{di7ac:0},f:[1,0,12]}

From tinyG: [12:20:13] {r:{di7fn:0},f:[1,0,12]}

From tinyG: [12:20:13] {r:{asx:null},f:[1,100,10]}

From tinyG: [12:20:13] {r:{di8mo:-1},f:[1,0,13]}

From tinyG: [12:20:13] {r:{di8ac:0},f:[1,0,12]}

From tinyG: [12:20:13] {r:{di8fn:0},f:[1,0,12]}

From tinyG: [12:20:13] {r:{di9mo:-1},f:[1,0,13]}

From tinyG: [12:20:13] {r:{di9ac:0},f:[1,0,12]}

From tinyG: [12:20:13] {r:{di9fn:0},f:[1,0,12]}

From tinyG: [12:20:13] {r:{homingc:null},f:[1,100,20]}

From tinyG: [12:20:13] {r:{st:null},f:[1,100,9]}

From tinyG: [12:20:13] {r:{xhd:1},f:[1,0,10]}

From tinyG: [12:20:13] {r:{xsv:1000},f:[1,0,13]}

From tinyG: [12:20:13] {r:{xlv:100.00},f:[1,0,12]}

From tinyG: [12:20:13] {r:{xlb:5.000},f:[1,0,10]}

From tinyG: [12:20:13] {r:{xzb:2.000},f:[1,0,10]}

From tinyG: [12:20:13] {r:{xjh:10000},f:[1,0,14]}

From tinyG: [12:20:13] {r:{zhd:0},f:[1,0,10]}

From tinyG: [12:20:13] {r:{zsv:1000},f:[1,0,13]}

From tinyG: [12:20:13] {r:{zlv:100.00},f:[1,0,12]}

From tinyG: [12:20:13] {r:{zlb:5.000},f:[1,0,10]}

From tinyG: [12:20:13] {r:{zzb:50.305},f:[1,0,15]}

From tinyG: [12:20:13] {r:{zjh:10000},f:[1,0,14]}

From tinyG: [12:20:13] {r:{ahd:1},f:[1,0,10]}

From tinyG: [12:20:13] {r:{asv:2000},f:[1,0,13]}

From tinyG: [12:20:13] {r:{alv:500.00},f:[1,0,12]}

From tinyG: [12:20:13] {r:{alb:20.000},f:[1,0,11]}

From tinyG: [12:20:13] {r:{azb:0.000},f:[1,0,10]}

From tinyG: [12:20:13] {r:{ajh:10000},f:[1,0,14]}

From tinyG: [12:20:13] {sr:{line:0,posx:0.000,posy:0.000,posz:0.000,posa:0.000,feed:0.00,vel:0.00,unit:1,coor:1,dist:0,admo:1,frmo:1,momo:4,stat:1}}

Out > [12:20:18] G28.2 Z0 X0

Out > [12:20:18] G90 G0 Z-12

From tinyG: [12:20:18] {r:{gc:"G28.2Z0X0"},f:[1,0,12]}

Out > [12:20:30] G28.2 A0

From tinyG: [12:20:30] {sr:{posz:-2.955,feed:1000.00,vel:1000.00,coor:0,dist:1,momo:1,stat:9}}

From tinyG: [12:20:30] {sr:{posz:-7.129}}

From tinyG: [12:20:30] {sr:{posz:-11.304}}

From tinyG: [12:20:30] {sr:{posz:-15.454}}

From tinyG: [12:20:30] {sr:{posz:-19.653}}

From tinyG: [12:20:30] {sr:{posz:-23.828}}

From tinyG: [12:20:30] {sr:{posz:-28.002}}

From tinyG: [12:20:30] {sr:{posz:-32.177}}

From tinyG: [12:20:30] {sr:{posz:-36.327}}

From tinyG: [12:20:30] {sr:{posz:-38.652,vel:731.41}}

From tinyG: [12:20:30] {sr:{posz:-34.511,vel:1000.00}}

From tinyG: [12:20:30] {sr:{posz:-33.988,feed:100.00,vel:100.00}}

From tinyG: [12:20:30] {sr:{posz:-34.406}}

From tinyG: [12:20:30] {sr:{posz:-34.823}}

From tinyG: [12:20:30] {sr:{posz:-35.240}}

From tinyG: [12:20:30] {sr:{posz:-35.655}}

From tinyG: [12:20:30] {sr:{posz:-36.075}}

From tinyG: [12:20:30] {sr:{posz:-36.492}}

From tinyG: [12:20:30] {sr:{posz:-36.909}}

From tinyG: [12:20:30] {sr:{posz:-37.326}}

From tinyG: [12:20:30] {sr:{posz:-37.741}}

From tinyG: [12:20:30] {sr:{posz:-38.161}}

From tinyG: [12:20:30] {sr:{posz:-36.978,feed:1000.00,vel:1000.00}}

From tinyG: [12:20:30] {sr:{posz:-32.803}}

From tinyG: [12:20:30] {sr:{posz:-28.629}}

From tinyG: [12:20:30] {sr:{posz:-24.454}}

From tinyG: [12:20:30] {sr:{posz:-20.280}}

From tinyG: [12:20:30] {sr:{posz:-16.130}}

From tinyG: [12:20:30] {sr:{posz:-11.930}}

From tinyG: [12:20:30] {sr:{posz:-7.756}}

From tinyG: [12:20:30] {sr:{posz:-3.581}}

From tinyG: [12:20:30] {sr:{posz:0.593}}

From tinyG: [12:20:30] {sr:{posz:4.743}}

From tinyG: [12:20:30] {sr:{posz:8.943}}

From tinyG: [12:20:30] {sr:{posz:0.000,vel:0.04}}

From tinyG: [12:20:30] {sr:{posx:2.381,vel:95.19}}

From tinyG: [12:20:30] {sr:{posx:-1.587,vel:1000.00}}

From tinyG: [12:20:30] {sr:{posx:-2.438,feed:100.00,vel:100.00}}

From tinyG: [12:20:30] {sr:{posx:-2.021}}

From tinyG: [12:20:30] {sr:{posx:-1.603}}

From tinyG: [12:20:30] {sr:{posx:-1.186}}

From tinyG: [12:20:30] {sr:{posx:-0.771}}

From tinyG: [12:20:30] {sr:{posx:-0.351}}

From tinyG: [12:20:30] {sr:{posx:0.066}}

From tinyG: [12:20:30] {sr:{posx:0.483}}

From tinyG: [12:20:30] {sr:{posx:0.901}}

From tinyG: [12:20:30] {sr:{posx:1.316}}

From tinyG: [12:20:30] {sr:{posx:1.735}}

From tinyG: [12:20:30] {sr:{posx:1.625,feed:1000.00,vel:998.95}}

From tinyG: [12:20:30] {r:{gc:"G90G0Z-12"},f:[1,0,12]}

From tinyG: [12:20:30] {r:{gc:"G28.2A0"},f:[1,0,9]}

Out > [12:20:30] G91 G0 A30

Out > [12:20:34] $di1fn=2

From tinyG: [12:20:34] {sr:{posx:0.000,posz:-1.176,feed:0.00,vel:2643.49,coor:1,dist:0,momo:0}}

From tinyG: [12:20:34] {sr:{posz:-12.000,vel:0.00}}

From tinyG: [12:20:34] {sr:{posa:7.325,feed:2000.00,vel:2000.00,coor:0,dist:1,momo:1}}

From tinyG: [12:20:34] {sr:{posa:11.986,vel:503.28}}

From tinyG: [12:20:34] {sr:{posa:3.994,vel:2000.00}}

From tinyG: [12:20:34] {sr:{posa:-4.333}}

From tinyG: [12:20:34] {sr:{posa:-7.617,feed:500.00,vel:500.00}}

From tinyG: [12:20:34] {sr:{posa:-5.517}}

From tinyG: [12:20:34] {sr:{posa:-3.431}}

From tinyG: [12:20:34] {sr:{posa:-1.344}}

From tinyG: [12:20:34] {sr:{posa:0.743}}

From tinyG: [12:20:34] {sr:{posa:2.830}}

From tinyG: [12:20:34] {sr:{posa:4.917}}

From tinyG: [12:20:34] {sr:{posa:7.004}}

From tinyG: [12:20:34] {sr:{posa:9.090}}

From tinyG: [12:20:34] {r:{gc:"G91G0A30"},f:[1,0,11]}

From tinyG: [12:20:34] {sr:{posa:0.000,vel:0.00,stat:5}}

Out > [12:20:34] $di1ac=2

Out > [12:20:34] G91 G1 A-30 F500

From tinyG: [12:20:34] {er:{fb:86.03,st:9,msg:"File not open - write_persistent"}}

From tinyG: [12:20:34] [di1fn] input function          2 [0=none,1=limit,2=interlock,3=shutdown]

From tinyG: [12:20:34] tinyg [mm] ok> 

From tinyG: [12:20:34] {er:{fb:86.03,st:9,msg:"File not open - write_persistent"}}

From tinyG: [12:20:34] [di1ac] input action            2 [0=none,1=stop,2=halt,3=stop_steps,4=panic,5=reset]

From tinyG: [12:20:34] tinyg [mm] ok> 

From tinyG: [12:20:34] tinyg [mm] ok> 

From tinyG: [12:20:34] posa:29.019,feed:1000.00,vel:3470.70,momo:0

From tinyG: [12:20:35] posa:28.529,feed:500.00,vel:500.00,momo:1

From tinyG: [12:20:35] posa:26.442

From tinyG: [12:20:35] posa:24.355

From tinyG: [12:20:35] posa:22.268

From tinyG: [12:20:36] posa:20.193

From tinyG: [12:20:36] posa:18.094

From tinyG: [12:20:36] posa:16.007

From tinyG: [12:20:36] posa:13.920

From tinyG: [12:20:37] posa:12.102

From tinyG: [12:20:37] posa:10.016

From tinyG: [12:20:37] posa:7.930

From tinyG: [12:20:37] posa:5.843

From tinyG: [12:20:38] posa:3.770

From tinyG: [12:20:38] posa:1.671

From tinyG: [12:20:38] posa:0.000,vel:0.00,stat:3

From tinyG: [12:20:42] stat:3

From tinyG: [12:20:46] stat:3

