[17:57:24] Starting Log file for session: 2020724-175724

From tinyG: [17:57:25] {"r":{"fv":0.98,"fb":86.03,"hp":3,"hv":0,"id":"0213-0215-0515","msg":"SYSTEM READY"},"f":[1,0,1]}

From tinyG: [17:57:25] [ej]  enable json mode            0 [0=text,1=JSON]

From tinyG: [17:57:25] tinyg [mm] ok> 

From tinyG: [17:57:29] {"r":{"tinygmo":null},"f":[1,100,26]}

From tinyG: [17:57:29] {"r":{"baud":null},"f":[1,100,11]}

From tinyG: [17:57:29] {r:{js:0},f:[1,0,9]}

From tinyG: [17:57:29] {r:{gpa:0},f:[1,0,10]}

From tinyG: [17:57:29] {r:{gun:1},f:[1,0,10]}

From tinyG: [17:57:29] {r:{ja:0.00},f:[1,0,9]}

From tinyG: [17:57:29] {r:{si:250},f:[1,0,11]}

From tinyG: [17:57:29] {r:{jv:5},f:[1,0,9]}

From tinyG: [17:57:29] {r:{mt:0},f:[1,0,11]}

From tinyG: [17:57:29] {r:{st:null},f:[1,100,9]}

From tinyG: [17:57:29] {r:{motorma:null},f:[1,100,20]}

From tinyG: [17:57:29] {r:{1ma:5},f:[1,0,10]}

From tinyG: [17:57:29] {r:{2ma:0},f:[1,0,10]}

From tinyG: [17:57:29] {r:{3ma:2},f:[1,0,10]}

From tinyG: [17:57:29] {r:{4ma:3},f:[1,0,10]}

From tinyG: [17:57:29] {r:{polarit:null},f:[1,100,18]}

From tinyG: [17:57:29] {r:{1po:1},f:[1,0,10]}

From tinyG: [17:57:29] {r:{2po:0},f:[1,0,10]}

From tinyG: [17:57:29] {r:{3po:1},f:[1,0,10]}

From tinyG: [17:57:29] {r:{4po:0},f:[1,0,10]}

From tinyG: [17:57:29] {r:{trvalue:null},f:[1,100,16]}

From tinyG: [17:57:29] {r:{1tr:60.0000},f:[1,0,11]}

From tinyG: [17:57:29] {r:{2tr:6.3500},f:[1,0,13]}

From tinyG: [17:57:29] {r:{3tr:5.0000},f:[1,0,10]}

From tinyG: [17:57:29] {r:{4tr:60.0000},f:[1,0,11]}

From tinyG: [17:57:29] {r:{powerse:null},f:[1,100,21]}

From tinyG: [17:57:29] {r:{1pl:1.000},f:[1,0,10]}

From tinyG: [17:57:29] {r:{2pl:1.000},f:[1,0,10]}

From tinyG: [17:57:29] {r:{3pl:0.000},f:[1,0,10]}

From tinyG: [17:57:29] {r:{4pl:0.000},f:[1,0,10]}

From tinyG: [17:57:29] {r:{1pm:2},f:[1,0,10]}

From tinyG: [17:57:29] {r:{2pm:2},f:[1,0,10]}

From tinyG: [17:57:29] {r:{3pm:2},f:[1,0,10]}

From tinyG: [17:57:29] {r:{4pm:2},f:[1,0,10]}

From tinyG: [17:57:29] {r:{motorse:null},f:[1,100,21]}

From tinyG: [17:57:29] {r:{1mi:16},f:[1,0,11]}

From tinyG: [17:57:29] {r:{2mi:32},f:[1,0,11]}

From tinyG: [17:57:29] {r:{3mi:10,msg:"*** WARNING *** Setting non-standard microstep value"},f:[1,0,11]}

From tinyG: [17:57:29] {r:{4mi:10,msg:"*** WARNING *** Setting non-standard microstep value"},f:[1,0,11]}

From tinyG: [17:57:29] {r:{1sa:1.800},f:[1,0,12]}

From tinyG: [17:57:29] {r:{2sa:1.800},f:[1,0,12]}

From tinyG: [17:57:29] {r:{3sa:1.800},f:[1,0,12]}

From tinyG: [17:57:29] {r:{4sa:1.800},f:[1,0,12]}

From tinyG: [17:57:29] {r:{axesset:null},f:[1,100,20]}

From tinyG: [17:57:29] {r:{xam:1},f:[1,0,10]}

From tinyG: [17:57:29] {r:{xvm:1500},f:[1,0,13]}

From tinyG: [17:57:29] {r:{xjm:5000},f:[1,0,13]}

From tinyG: [17:57:29] {r:{xfr:5000},f:[1,0,13]}

From tinyG: [17:57:29] {r:{xtn:-500.000},f:[1,0,13]}

From tinyG: [17:57:29] {r:{xtm:0.000},f:[1,0,10]}

From tinyG: [17:57:29] {r:{yam:0},f:[1,0,10]}

From tinyG: [17:57:29] {r:{yvm:0},f:[1,0,10]}

From tinyG: [17:57:29] {r:{yjm:0},f:[1,0,10]}

From tinyG: [17:57:29] {r:{yfr:0},f:[1,0,10]}

From tinyG: [17:57:29] {r:{zam:1},f:[1,0,10]}

From tinyG: [17:57:29] {r:{zvm:3750},f:[1,0,13]}

From tinyG: [17:57:29] {r:{zjm:5000},f:[1,0,13]}

From tinyG: [17:57:29] {r:{zfr:3750},f:[1,0,13]}

From tinyG: [17:57:29] {r:{ztn:-100.000},f:[1,0,13]}

From tinyG: [17:57:29] {r:{ztm:2.000},f:[1,0,10]}

From tinyG: [17:57:29] {r:{aam:1},f:[1,0,10]}

From tinyG: [17:57:29] {r:{avm:20000},f:[1,0,14]}

From tinyG: [17:57:29] {r:{ajm:10000},f:[1,0,14]}

From tinyG: [17:57:29] {r:{afr:15000},f:[1,0,14]}

From tinyG: [17:57:29] {r:{atn:-3600.000},f:[1,0,14]}

From tinyG: [17:57:29] {r:{atm:3600.000},f:[1,0,13]}

From tinyG: [17:57:29] {r:{cam:1},f:[1,0,10]}

From tinyG: [17:57:29] {r:{cvm:10000},f:[1,0,14]}

From tinyG: [17:57:29] {r:{cjm:5000},f:[1,0,13]}

From tinyG: [17:57:29] {r:{cfr:10000},f:[1,0,14]}

From tinyG: [17:57:29] {r:{ctn:-3600.000},f:[1,0,14]}

From tinyG: [17:57:29] {r:{ctm:3600.000},f:[1,0,13]}

From tinyG: [17:57:29] {r:{limitsw:null},f:[1,100,21]}

From tinyG: [17:57:29] {r:{sl:1},f:[1,0,9]}

From tinyG: [17:57:29] {r:{xsn:null},f:[1,100,10]}

From tinyG: [17:57:29] {r:{ahi:1},f:[1,0,10]}

From tinyG: [17:57:29] {r:{di1mo:1},f:[1,0,12]}

From tinyG: [17:57:29] {r:{di1ac:0},f:[1,0,12]}

From tinyG: [17:57:29] {r:{di1fn:0},f:[1,0,12]}

From tinyG: [17:57:29] {r:{xsx:null},f:[1,100,10]}

From tinyG: [17:57:29] {r:{xhi:2},f:[1,0,10]}

From tinyG: [17:57:29] {r:{di2mo:0},f:[1,0,12]}

From tinyG: [17:57:29] {r:{di2ac:0},f:[1,0,12]}

From tinyG: [17:57:29] {r:{di2fn:0},f:[1,0,12]}

From tinyG: [17:57:29] {r:{ysn:null},f:[1,100,10]}

From tinyG: [17:57:29] {r:{yhi:0},f:[1,0,10]}

From tinyG: [17:57:29] {r:{di3mo:-1},f:[1,0,13]}

From tinyG: [17:57:29] {r:{di3ac:0},f:[1,0,12]}

From tinyG: [17:57:29] {r:{di3fn:0},f:[1,0,12]}

From tinyG: [17:57:29] {r:{ysx:null},f:[1,100,10]}

From tinyG: [17:57:29] {r:{di4mo:-1},f:[1,0,13]}

From tinyG: [17:57:29] {r:{di4ac:0},f:[1,0,12]}

From tinyG: [17:57:29] {r:{di4fn:0},f:[1,0,12]}

From tinyG: [17:57:29] {r:{zsn:null},f:[1,100,10]}

From tinyG: [17:57:29] {r:{zhi:5},f:[1,0,10]}

From tinyG: [17:57:29] {r:{di5mo:0},f:[1,0,12]}

From tinyG: [17:57:29] {r:{di5ac:0},f:[1,0,12]}

From tinyG: [17:57:29] {r:{di5fn:0},f:[1,0,12]}

From tinyG: [17:57:29] {r:{zsx:null},f:[1,100,10]}

From tinyG: [17:57:29] {r:{di6mo:-1},f:[1,0,13]}

From tinyG: [17:57:29] {r:{di6ac:0},f:[1,0,12]}

From tinyG: [17:57:29] {r:{di6fn:0},f:[1,0,12]}

From tinyG: [17:57:29] {r:{asn:null},f:[1,100,10]}

From tinyG: [17:57:29] {r:{di7mo:-1},f:[1,0,13]}

From tinyG: [17:57:29] {r:{di7ac:0},f:[1,0,12]}

From tinyG: [17:57:29] {r:{di7fn:0},f:[1,0,12]}

From tinyG: [17:57:29] {r:{asx:null},f:[1,100,10]}

From tinyG: [17:57:29] {r:{di8mo:-1},f:[1,0,13]}

From tinyG: [17:57:29] {r:{di8ac:0},f:[1,0,12]}

From tinyG: [17:57:29] {r:{di8fn:0},f:[1,0,12]}

From tinyG: [17:57:29] {r:{di9mo:-1},f:[1,0,13]}

From tinyG: [17:57:29] {r:{di9ac:0},f:[1,0,12]}

From tinyG: [17:57:29] {r:{di9fn:0},f:[1,0,12]}

From tinyG: [17:57:29] {r:{homingc:null},f:[1,100,20]}

From tinyG: [17:57:29] {r:{st:null},f:[1,100,9]}

From tinyG: [17:57:29] {r:{xhd:1},f:[1,0,10]}

From tinyG: [17:57:29] {r:{xsv:1000},f:[1,0,13]}

From tinyG: [17:57:29] {r:{xlv:100.00},f:[1,0,12]}

From tinyG: [17:57:29] {r:{xlb:5.000},f:[1,0,10]}

From tinyG: [17:57:29] {r:{xzb:2.000},f:[1,0,10]}

From tinyG: [17:57:29] {r:{xjh:10000},f:[1,0,14]}

From tinyG: [17:57:29] {r:{zhd:0},f:[1,0,10]}

From tinyG: [17:57:29] {r:{zsv:1000},f:[1,0,13]}

From tinyG: [17:57:29] {r:{zlv:100.00},f:[1,0,12]}

From tinyG: [17:57:29] {r:{zlb:5.000},f:[1,0,10]}

From tinyG: [17:57:29] {r:{zzb:50.305},f:[1,0,15]}

From tinyG: [17:57:29] {r:{zjh:10000},f:[1,0,14]}

From tinyG: [17:57:29] {r:{ahd:1},f:[1,0,10]}

From tinyG: [17:57:29] {r:{asv:5000},f:[1,0,13]}

From tinyG: [17:57:29] {r:{alv:500.00},f:[1,0,12]}

From tinyG: [17:57:29] {r:{alb:20.000},f:[1,0,11]}

From tinyG: [17:57:29] {r:{azb:0.000},f:[1,0,10]}

From tinyG: [17:57:29] {r:{ajh:10000},f:[1,0,14]}

From tinyG: [17:57:29] [ej]  enable json mode            0 [0=text,1=JSON]

From tinyG: [17:57:29] tinyg [mm] ok> 

From tinyG: [17:57:29] line:0,posx:0.000,posy:0.000,posz:0.000,posa:0.000,feed:0.00,vel:0.00,unit:1,coor:1,dist:0,admo:1,frmo:1,momo:4,stat:1

Out > [17:57:34] G28.2 Z0

From tinyG: [17:57:34] tinyg [mm] ok> 

From tinyG: [17:57:34] posz:-3.805,feed:1000.00,vel:1000.00,coor:0,dist:1,momo:1,stat:9

From tinyG: [17:57:35] posz:-8.004

From tinyG: [17:57:35] posz:-12.179

From tinyG: [17:57:35] posz:-16.353

From tinyG: [17:57:35] posz:-20.528

From tinyG: [17:57:36] posz:-24.703

From tinyG: [17:57:36] posz:-28.852

From tinyG: [17:57:36] posz:-33.052

From tinyG: [17:57:36] posz:-37.227

From tinyG: [17:57:37] posz:-37.753

From tinyG: [17:57:37] posz:-33.766,vel:171.72

From tinyG: [17:57:37] posz:-34.053,feed:100.00,vel:100.00

From tinyG: [17:57:37] posz:-34.473

From tinyG: [17:57:38] posz:-34.890

From tinyG: [17:57:38] posz:-35.308

From tinyG: [17:57:38] posz:-35.725

From tinyG: [17:57:39] posz:-36.142

From tinyG: [17:57:39] posz:-36.559

From tinyG: [17:57:39] posz:-36.977

From tinyG: [17:57:39] posz:-37.394

From tinyG: [17:57:40] posz:-37.811

From tinyG: [17:57:40] posz:-38.228

From tinyG: [17:57:40] posz:-36.276,feed:1000.00,vel:1000.00

From tinyG: [17:57:40] posz:-32.101

From tinyG: [17:57:41] posz:-27.926

From tinyG: [17:57:41] posz:-23.752

From tinyG: [17:57:41] posz:-19.577

From tinyG: [17:57:41] posz:-15.403

From tinyG: [17:57:42] posz:-11.228

From tinyG: [17:57:42] posz:-7.053

From tinyG: [17:57:42] posz:-2.879

From tinyG: [17:57:42] posz:1.296

From tinyG: [17:57:43] posz:5.470

From tinyG: [17:57:43] posz:9.645

From tinyG: [17:57:43] posz:0.000,feed:0.00,vel:0.00,coor:1,dist:0,momo:4,stat:3

