[16:12:36] Starting Log file for session: 2020724-161236

From tinyG: [16:12:37] {"r":{"fv":0.98,"fb":86.03,"hp":3,"hv":0,"id":"0213-0215-0515","msg":"SYSTEM READY"},"f":[1,0,1]}

From tinyG: [16:12:37] [ej]  enable json mode            0 [0=text,1=JSON]

From tinyG: [16:12:37] tinyg [mm] ok> 

From tinyG: [16:12:41] {"r":{"tinygmo":null},"f":[1,100,26]}

From tinyG: [16:12:41] {"r":{"baud":null},"f":[1,100,11]}

From tinyG: [16:12:41] {r:{js:0},f:[1,0,9]}

From tinyG: [16:12:41] {r:{gpa:0},f:[1,0,10]}

From tinyG: [16:12:41] {r:{gun:1},f:[1,0,10]}

From tinyG: [16:12:41] {r:{ja:0.00},f:[1,0,9]}

From tinyG: [16:12:41] {r:{si:250},f:[1,0,11]}

From tinyG: [16:12:41] {r:{jv:5},f:[1,0,9]}

From tinyG: [16:12:41] {r:{mt:0},f:[1,0,11]}

From tinyG: [16:12:41] {r:{st:null},f:[1,100,9]}

From tinyG: [16:12:41] {r:{motorma:null},f:[1,100,20]}

From tinyG: [16:12:41] {r:{1ma:5},f:[1,0,10]}

From tinyG: [16:12:41] {r:{2ma:0},f:[1,0,10]}

From tinyG: [16:12:41] {r:{3ma:2},f:[1,0,10]}

From tinyG: [16:12:41] {r:{4ma:3},f:[1,0,10]}

From tinyG: [16:12:41] {r:{polarit:null},f:[1,100,18]}

From tinyG: [16:12:41] :{1po:1},f:[1,0,10]}

From tinyG: [16:12:41] {r:{2po:0},f:[1,0,10]}

From tinyG: [16:12:41] {r:{3po:1},f:[1,0,10]}

From tinyG: [16:12:41] {r:{4po:0},f:[1,0,10]}

From tinyG: [16:12:41] {r:{trvalue:null},f:[1,100,16]}

From tinyG: [16:12:41] {r:{1tr:60.0000},f:[1,0,11]}

From tinyG: [16:12:41] {r:{2tr:6.3500},f:[1,0,13]}

From tinyG: [16:12:41] {r:{3tr:5.0000},f:[1,0,10]}

From tinyG: [16:12:41] {r:{4tr:60.0000},f:[1,0,11]}

From tinyG: [16:12:41] {r:{powerse:null},f:[1,100,21]}

From tinyG: [16:12:41] {r:{1pl:1.000},f:[1,0,10]}

From tinyG: [16:12:41] {r:{2pl:1.000},f:[1,0,10]}

From tinyG: [16:12:41] {r:{3pl:0.000},f:[1,0,10]}

From tinyG: [16:12:41] {r:{4pl:0.000},f:[1,0,10]}

From tinyG: [16:12:41] {r:{1pm:2},f:[1,0,10]}

From tinyG: [16:12:41] {r:{2pm:2},f:[1,0,10]}

From tinyG: [16:12:41] {r:{3pm:2},f:[1,0,10]}

From tinyG: [16:12:41] {r:{4pm:2},f:[1,0,10]}

From tinyG: [16:12:41] {r:{motorse:null},f:[1,100,21]}

From tinyG: [16:12:41] {r:{1mi:16},f:[1,0,11]}

From tinyG: [16:12:41] {r:{2mi:32},f:[1,0,11]}

From tinyG: [16:12:41] {r:{3mi:10,msg:"*** WARNING *** Setting non-standard microstep value"},f:[1,0,11]}

From tinyG: [16:12:41] {r:{4mi:10,msg:"*** WARNING *** Setting non-standard microstep value"},f:[1,0,11]}

From tinyG: [16:12:41] {r:{1sa:1.800},f:[1,0,12]}

From tinyG: [16:12:41] {r:{2sa:1.800},f:[1,0,12]}

From tinyG: [16:12:41] {r:{3sa:1.800},f:[1,0,12]}

From tinyG: [16:12:41] {r:{4sa:1.800},f:[1,0,12]}

From tinyG: [16:12:41] {r:{axesset:null},f:[1,100,20]}

From tinyG: [16:12:41] {r:{xam:1},f:[1,0,10]}

From tinyG: [16:12:41] {r:{xvm:1500},f:[1,0,13]}

From tinyG: [16:12:41] {r:{xjm:5000},f:[1,0,13]}

From tinyG: [16:12:41] {r:{xfr:5000},f:[1,0,13]}

From tinyG: [16:12:41] {r:{xtn:-500.000},f:[1,0,13]}

From tinyG: [16:12:41] {r:{xtm:0.000},f:[1,0,10]}

From tinyG: [16:12:41] {r:{yam:0},f:[1,0,10]}

From tinyG: [16:12:41] {r:{yvm:0},f:[1,0,10]}

From tinyG: [16:12:41] {r:{yjm:0},f:[1,0,10]}

From tinyG: [16:12:41] {r:{yfr:0},f:[1,0,10]}

From tinyG: [16:12:41] {r:{zam:1},f:[1,0,10]}

From tinyG: [16:12:41] {r:{zvm:3750},f:[1,0,13]}

From tinyG: [16:12:41] {r:{zjm:5000},f:[1,0,13]}

From tinyG: [16:12:41] {r:{zfr:3750},f:[1,0,13]}

From tinyG: [16:12:41] {r:{ztn:-100.000},f:[1,0,13]}

From tinyG: [16:12:41] {r:{ztm:2.000},f:[1,0,10]}

From tinyG: [16:12:41] {r:{aam:1},f:[1,0,10]}

From tinyG: [16:12:41] {r:{avm:20000},f:[1,0,14]}

From tinyG: [16:12:41] {r:{ajm:10000},f:[1,0,14]}

From tinyG: [16:12:41] {r:{afr:15000},f:[1,0,14]}

From tinyG: [16:12:41] {r:{atn:-3600.000},f:[1,0,14]}

From tinyG: [16:12:41] {r:{atm:3600.000},f:[1,0,13]}

From tinyG: [16:12:41] {r:{cam:1},f:[1,0,10]}

From tinyG: [16:12:41] {r:{cvm:10000},f:[1,0,14]}

From tinyG: [16:12:41] {r:{cjm:5000},f:[1,0,13]}

From tinyG: [16:12:41] {r:{cfr:10000},f:[1,0,14]}

From tinyG: [16:12:41] {r:{ctn:-3600.000},f:[1,0,14]}

From tinyG: [16:12:41] {r:{ctm:3600.000},f:[1,0,13]}

From tinyG: [16:12:41] {r:{limitsw:null},f:[1,100,21]}

From tinyG: [16:12:41] {r:{sl:1},f:[1,0,9]}

From tinyG: [16:12:41] {r:{xsn:null},f:[1,100,10]}

From tinyG: [16:12:41] {r:{ahi:1},f:[1,0,10]}

From tinyG: [16:12:41] {r:{di1mo:1},f:[1,0,12]}

From tinyG: [16:12:41] {r:{di1ac:0},f:[1,0,12]}

From tinyG: [16:12:41] {r:{di1fn:0},f:[1,0,12]}

From tinyG: [16:12:41] {r:{xsx:null},f:[1,100,10]}

From tinyG: [16:12:41] {r:{xhi:2},f:[1,0,10]}

From tinyG: [16:12:41] {r:{di2mo:0},f:[1,0,12]}

From tinyG: [16:12:41] {r:{di2ac:0},f:[1,0,12]}

From tinyG: [16:12:41] {r:{di2fn:0},f:[1,0,12]}

From tinyG: [16:12:41] {r:{ysn:null},f:[1,100,10]}

From tinyG: [16:12:41] {r:{yhi:0},f:[1,0,10]}

From tinyG: [16:12:41] {r:{di3mo:-1},f:[1,0,13]}

From tinyG: [16:12:41] {r:{di3ac:0},f:[1,0,12]}

From tinyG: [16:12:41] {r:{di3fn:0},f:[1,0,12]}

From tinyG: [16:12:41] {r:{ysx:null},f:[1,100,10]}

From tinyG: [16:12:41] {r:{di4mo:-1},f:[1,0,13]}

From tinyG: [16:12:41] {r:{di4ac:0},f:[1,0,12]}

From tinyG: [16:12:41] {r:{di4fn:0},f:[1,0,12]}

From tinyG: [16:12:41] {r:{zsn:null},f:[1,100,10]}

From tinyG: [16:12:41] {r:{zhi:5},f:[1,0,10]}

From tinyG: [16:12:41] {r:{di5mo:0},f:[1,0,12]}

From tinyG: [16:12:41] {r:{di5ac:0},f:[1,0,12]}

From tinyG: [16:12:41] {r:{di5fn:0},f:[1,0,12]}

From tinyG: [16:12:41] {r:{zsx:null},f:[1,100,10]}

From tinyG: [16:12:41] {r:{di6mo:-1},f:[1,0,13]}

From tinyG: [16:12:41] {r:{di6ac:0},f:[1,0,12]}

From tinyG: [16:12:41] {r:{di6fn:0},f:[1,0,12]}

From tinyG: [16:12:41] {r:{asn:null},f:[1,100,10]}

From tinyG: [16:12:41] {r:{di7mo:-1},f:[1,0,13]}

From tinyG: [16:12:41] {r:{di7ac:0},f:[1,0,12]}

From tinyG: [16:12:41] {r:{di7fn:0},f:[1,0,12]}

From tinyG: [16:12:41] {r:{asx:null},f:[1,100,10]}

From tinyG: [16:12:41] {r:{di8mo:-1},f:[1,0,13]}

From tinyG: [16:12:41] {r:{di8ac:0},f:[1,0,12]}

From tinyG: [16:12:41] {r:{di8fn:0},f:[1,0,12]}

From tinyG: [16:12:41] {r:{di9mo:-1},f:[1,0,13]}

From tinyG: [16:12:41] {r:{di9ac:0},f:[1,0,12]}

From tinyG: [16:12:41] {r:{di9fn:0},f:[1,0,12]}

From tinyG: [16:12:41] {r:{homingc:null},f:[1,100,20]}

From tinyG: [16:12:41] {r:{st:null},f:[1,100,9]}

From tinyG: [16:12:41] {r:{xhd:1},f:[1,0,10]}

From tinyG: [16:12:41] {r:{xsv:1000},f:[1,0,13]}

From tinyG: [16:12:41] {r:{xlv:100.00},f:[1,0,12]}

From tinyG: [16:12:41] {r:{xlb:5.000},f:[1,0,10]}

From tinyG: [16:12:41] {r:{xzb:2.000},f:[1,0,10]}

From tinyG: [16:12:41] {r:{xjh:10000},f:[1,0,14]}

From tinyG: [16:12:41] {r:{zhd:0},f:[1,0,10]}

From tinyG: [16:12:41] {r:{zsv:1000},f:[1,0,13]}

From tinyG: [16:12:41] {r:{zlv:100.00},f:[1,0,12]}

From tinyG: [16:12:41] {r:{zlb:5.000},f:[1,0,10]}

From tinyG: [16:12:41] {r:{zzb:50.305},f:[1,0,15]}

From tinyG: [16:12:41] {r:{zjh:10000},f:[1,0,14]}

From tinyG: [16:12:41] {r:{ahd:1},f:[1,0,10]}

From tinyG: [16:12:41] {r:{asv:2000},f:[1,0,13]}

From tinyG: [16:12:41] {r:{alv:500.00},f:[1,0,12]}

From tinyG: [16:12:41] {r:{alb:20.000},f:[1,0,11]}

From tinyG: [16:12:41] {r:{azb:0.000},f:[1,0,10]}

From tinyG: [16:12:41] {r:{ajh:10000},f:[1,0,14]}

From tinyG: [16:12:41] [ej]  enable json mode            0 [0=text,1=JSON]

From tinyG: [16:12:41] tinyg [mm] ok> 

From tinyG: [16:12:41] line:0,posx:0.000,posy:0.000,posz:0.000,posa:0.000,feed:0.00,vel:0.00,unit:1,coor:1,dist:0,admo:1,frmo:1,momo:4,stat:1

Out > [16:12:45] G28.2 X0

From tinyG: [16:12:45] tinyg [mm] ok> 

From tinyG: [16:12:45] posx:2.381,feed:1000.00,vel:95.19,coor:0,dist:1,momo:1,stat:9

From tinyG: [16:12:46] posx:-1.587,vel:1000.00

From tinyG: [16:12:46] posx:-2.438,feed:100.00,vel:100.00

From tinyG: [16:12:46] posx:-2.021

From tinyG: [16:12:46] posx:-1.603

From tinyG: [16:12:47] posx:-1.186

From tinyG: [16:12:47] posx:-0.771

From tinyG: [16:12:47] posx:-0.351

From tinyG: [16:12:47] posx:0.066

From tinyG: [16:12:48] posx:0.483

From tinyG: [16:12:48] posx:0.901

From tinyG: [16:12:48] posx:1.316

From tinyG: [16:12:48] posx:1.735

From tinyG: [16:12:49] posx:1.625,feed:1000.00,vel:998.95

From tinyG: [16:12:49] posx:0.000,feed:0.00,vel:0.00,coor:1,dist:0,momo:4,stat:3

Out > [16:12:52] G28.2 Z0

From tinyG: [16:12:52] tinyg [mm] ok> 

From tinyG: [16:12:52] posz:-3.805,feed:1000.00,vel:1000.00,coor:0,dist:1,momo:1,stat:9

From tinyG: [16:12:52] posz:-8.004

From tinyG: [16:12:53] posz:-12.179

From tinyG: [16:12:53] posz:-16.353

From tinyG: [16:12:53] posz:-20.528

From tinyG: [16:12:53] posz:-24.703

From tinyG: [16:12:54] posz:-28.852

From tinyG: [16:12:54] posz:-33.052

From tinyG: [16:12:54] posz:-37.227

From tinyG: [16:12:54] posz:-37.803

From tinyG: [16:12:55] posz:-33.795,vel:217.90

From tinyG: [16:12:55] posz:-34.076,feed:100.00,vel:100.00

From tinyG: [16:12:55] posz:-34.493

From tinyG: [16:12:55] posz:-34.910

From tinyG: [16:12:56] posz:-35.328

From tinyG: [16:12:56] posz:-35.745

From tinyG: [16:12:56] posz:-36.162

From tinyG: [16:12:56] posz:-36.579

From tinyG: [16:12:57] posz:-36.994

From tinyG: [16:12:57] posz:-37.414

From tinyG: [16:12:57] posz:-37.831

From tinyG: [16:12:57] posz:-38.248

From tinyG: [16:12:58] posz:-36.158,feed:1000.00,vel:1000.00

From tinyG: [16:12:58] posz:-31.959

From tinyG: [16:12:58] posz:-27.784

From tinyG: [16:12:58] posz:-23.609

From tinyG: [16:12:59] posz:-19.435

From tinyG: [16:12:59] posz:-15.285

From tinyG: [16:12:59] posz:-11.085

From tinyG: [16:12:59] posz:-6.911

From tinyG: [16:13:00] posz:-2.736

From tinyG: [16:13:00] posz:1.438

From tinyG: [16:13:00] posz:5.613

From tinyG: [16:13:00] posz:9.788

From tinyG: [16:13:01] posz:0.000,feed:0.00,vel:0.00,coor:1,dist:0,momo:4,stat:3

Out > [16:13:03] G90 G0 Z-12

Out > [16:13:03] G28.2 A0

From tinyG: [16:13:03] tinyg [mm] ok> 

From tinyG: [16:13:03] tinyg [mm] ok> 

From tinyG: [16:13:03] posz:-11.293,vel:2083.77,momo:0,stat:9

From tinyG: [16:13:03] posz:-12.000,posa:-3.368,feed:2000.00,vel:2000.00,coor:0,dist:1,momo:1

Out > [16:13:03] G91 G0 A30

From tinyG: [16:13:04] posa:-11.695

From tinyG: [16:13:04] posa:-19.844,vel:1000.00

From tinyG: [16:13:04] posa:-15.525,vel:2000.00

From tinyG: [16:13:04] posa:-7.126

From tinyG: [16:13:05] posa:0.199,vel:0.81

From tinyG: [16:13:05] vel:0.00

From tinyG: [16:13:05] posa:-7.108,vel:2000.00

From tinyG: [16:13:05] posa:-15.436

From tinyG: [16:13:06] posa:-19.642,feed:500.00,vel:500.00

From tinyG: [16:13:06] posa:-17.555

From tinyG: [16:13:06] posa:-15.468

From tinyG: [16:13:06] posa:-13.381

From tinyG: [16:13:07] posa:-11.294

From tinyG: [16:13:07] posa:-9.207

From tinyG: [16:13:07] posa:-7.120

From tinyG: [16:13:07] posa:-5.034

From tinyG: [16:13:08] posa:-2.959

From tinyG: [16:13:08] posa:-0.891,vel:228.72

From tinyG: [16:13:08] tinyg [mm] ok> 

From tinyG: [16:13:08] posa:20.138,feed:1000.00,vel:11172.53,momo:0,stat:5

From tinyG: [16:13:08] posa:30.000,vel:0.00,stat:3

Out > [16:13:08] $di1fn=2

Out > [16:13:08] G91 G0 A1

Out > [16:13:08] $di1ac=2

Out > [16:13:08] G91 G1 A-30 F250

From tinyG: [16:13:08] [di1fn] input function          2 [0=none,1=limit,2=interlock,3=shutdown]

From tinyG: [16:13:08] tinyg [mm] ok> 

From tinyG: [16:13:08] tinyg [mm] ok> 

From tinyG: [16:13:08] {er:{fb:86.03,st:9,msg:"File not open - write_persistent"}}

From tinyG: [16:13:08] [di1ac] input action            2 [0=none,1=stop,2=halt,3=stop_steps,4=panic,5=reset]

From tinyG: [16:13:08] tinyg [mm] ok> 

From tinyG: [16:13:08] tinyg [mm] ok> 

From tinyG: [16:13:09] posa:30.415,feed:250.00,vel:250.00,momo:1,stat:5

From tinyG: [16:13:09] posa:29.371

From tinyG: [16:13:09] posa:28.334

From tinyG: [16:13:09] posa:27.284

From tinyG: [16:13:10] posa:26.240

From tinyG: [16:13:10] posa:25.196

From tinyG: [16:13:10] posa:24.152

From tinyG: [16:13:10] posa:23.108

From tinyG: [16:13:11] posa:22.064

From tinyG: [16:13:11] posa:21.021

From tinyG: [16:13:11] posa:19.977

From tinyG: [16:13:11] posa:18.933

From tinyG: [16:13:12] posa:17.889

From tinyG: [16:13:12] posa:16.852

From tinyG: [16:13:12] posa:15.802

From tinyG: [16:13:12] posa:14.758

From tinyG: [16:13:13] posa:13.714

From tinyG: [16:13:13] posa:13.548,vel:0.00,stat:6

From tinyG: [16:13:13] stat:3

From tinyG: [16:13:13] stat:3

From tinyG: [16:13:26] {r:{tinygmo:null},f:[1,100,26]}

From tinyG: [16:13:26] {r:{baud:null},f:[1,100,11]}

From tinyG: [16:13:26] {r:{js:0},f:[1,0,9]}

From tinyG: [16:13:26] {r:{gpa:0},f:[1,0,10]}

From tinyG: [16:13:26] {r:{gun:1},f:[1,0,10]}

From tinyG: [16:13:26] {r:{ja:0.00},f:[1,0,9]}

From tinyG: [16:13:26] {r:{si:250},f:[1,0,11]}

From tinyG: [16:13:26] {r:{jv:5},f:[1,0,9]}

From tinyG: [16:13:26] {r:{mt:0},f:[1,0,11]}

From tinyG: [16:13:26] {r:{st:null},f:[1,100,9]}

From tinyG: [16:13:26] {r:{motorma:null},f:[1,100,20]}

From tinyG: [16:13:26] {r:{1ma:5},f:[1,0,10]}

From tinyG: [16:13:26] {r:{2ma:0},f:[1,0,10]}

From tinyG: [16:13:26] {r:{3ma:2},f:[1,0,10]}

From tinyG: [16:13:26] {r:{4ma:3},f:[1,0,10]}

From tinyG: [16:13:26] {r:{polarit:null},f:[1,100,18]}

From tinyG: [16:13:26] {r:{1po:1},f:[1,0,10]}

From tinyG: [16:13:26] {r:{2po:0},f:[1,0,10]}

From tinyG: [16:13:26] {r:{3po:1},f:[1,0,10]}

From tinyG: [16:13:26] {r:{4po:0},f:[1,0,10]}

From tinyG: [16:13:26] {r:{trvalue:null},f:[1,100,16]}

From tinyG: [16:13:26] {r:{1tr:60.0000},f:[1,0,11]}

From tinyG: [16:13:26] {r:{2tr:6.3500},f:[1,0,13]}

From tinyG: [16:13:26] {r:{3tr:5.0000},f:[1,0,10]}

From tinyG: [16:13:26] {r:{4tr:60.0000},f:[1,0,11]}

From tinyG: [16:13:26] {r:{powerse:null},f:[1,100,21]}

From tinyG: [16:13:26] {r:{1pl:1.000},f:[1,0,10]}

From tinyG: [16:13:26] {r:{2pl:1.000},f:[1,0,10]}

From tinyG: [16:13:26] {r:{3pl:0.000},f:[1,0,10]}

From tinyG: [16:13:26] {r:{4pl:0.000},f:[1,0,10]}

From tinyG: [16:13:26] {r:{1pm:2},f:[1,0,10]}

From tinyG: [16:13:26] {r:{2pm:2},f:[1,0,10]}

From tinyG: [16:13:26] {r:{3pm:2},f:[1,0,10]}

From tinyG: [16:13:26] {r:{4pm:2},f:[1,0,10]}

From tinyG: [16:13:26] {r:{motorse:null},f:[1,100,21]}

From tinyG: [16:13:26] {r:{1mi:16},f:[1,0,11]}

From tinyG: [16:13:26] {r:{2mi:32},f:[1,0,11]}

From tinyG: [16:13:26] {r:{3mi:10,msg:"*** WARNING *** Setting non-standard microstep value"},f:[1,0,11]}

From tinyG: [16:13:26] {r:{4mi:10,msg:"*** WARNING *** Setting non-standard microstep value"},f:[1,0,11]}

From tinyG: [16:13:26] {r:{1sa:1.800},f:[1,0,12]}

From tinyG: [16:13:26] {r:{2sa:1.800},f:[1,0,12]}

From tinyG: [16:13:26] {r:{3sa:1.800},f:[1,0,12]}

From tinyG: [16:13:26] {r:{4sa:1.800},f:[1,0,12]}

From tinyG: [16:13:26] {r:{axesset:null},f:[1,100,20]}

From tinyG: [16:13:26] {r:{xam:1},f:[1,0,10]}

From tinyG: [16:13:26] {r:{xvm:1500},f:[1,0,13]}

From tinyG: [16:13:26] {r:{xjm:5000},f:[1,0,13]}

From tinyG: [16:13:26] {r:{xfr:5000},f:[1,0,13]}

From tinyG: [16:13:26] {r:{xtn:-500.000},f:[1,0,13]}

From tinyG: [16:13:26] {r:{xtm:0.000},f:[1,0,10]}

From tinyG: [16:13:26] {r:{yam:0},f:[1,0,10]}

From tinyG: [16:13:26] {r:{yvm:0},f:[1,0,10]}

From tinyG: [16:13:26] {r:{yjm:0},f:[1,0,10]}

From tinyG: [16:13:26] {r:{yfr:0},f:[1,0,10]}

From tinyG: [16:13:26] {r:{zam:1},f:[1,0,10]}

From tinyG: [16:13:26] {r:{zvm:3750},f:[1,0,13]}

From tinyG: [16:13:26] {r:{zjm:5000},f:[1,0,13]}

From tinyG: [16:13:26] {r:{zfr:3750},f:[1,0,13]}

From tinyG: [16:13:26] {r:{ztn:-100.000},f:[1,0,13]}

From tinyG: [16:13:26] {r:{ztm:2.000},f:[1,0,10]}

From tinyG: [16:13:26] {r:{aam:1},f:[1,0,10]}

From tinyG: [16:13:26] {r:{avm:20000},f:[1,0,14]}

From tinyG: [16:13:26] {r:{ajm:10000},f:[1,0,14]}

From tinyG: [16:13:26] {r:{afr:15000},f:[1,0,14]}

From tinyG: [16:13:26] {r:{atn:-3600.000},f:[1,0,14]}

From tinyG: [16:13:26] {r:{atm:3600.000},f:[1,0,13]}

From tinyG: [16:13:26] {r:{cam:1},f:[1,0,10]}

From tinyG: [16:13:26] {r:{cvm:10000},f:[1,0,14]}

From tinyG: [16:13:26] {r:{cjm:5000},f:[1,0,13]}

From tinyG: [16:13:26] {r:{cfr:10000},f:[1,0,14]}

From tinyG: [16:13:26] {r:{ctn:-3600.000},f:[1,0,14]}

From tinyG: [16:13:26] {r:{ctm:3600.000},f:[1,0,13]}

From tinyG: [16:13:26] {r:{limitsw:null},f:[1,100,21]}

From tinyG: [16:13:26] {r:{sl:1},f:[1,0,9]}

From tinyG: [16:13:26] {r:{xsn:null},f:[1,100,10]}

From tinyG: [16:13:26] {r:{ahi:1},f:[1,0,10]}

From tinyG: [16:13:26] {r:{di1mo:1},f:[1,0,12]}

From tinyG: [16:13:26] {r:{di1ac:0},f:[1,0,12]}

From tinyG: [16:13:26] {r:{di1fn:0},f:[1,0,12]}

From tinyG: [16:13:26] {r:{xsx:null},f:[1,100,10]}

From tinyG: [16:13:26] {r:{xhi:2},f:[1,0,10]}

From tinyG: [16:13:26] {r:{di2mo:0},f:[1,0,12]}

From tinyG: [16:13:26] {r:{di2ac:0},f:[1,0,12]}

From tinyG: [16:13:26] {r:{di2fn:0},f:[1,0,12]}

From tinyG: [16:13:26] {r:{ysn:null},f:[1,100,10]}

From tinyG: [16:13:26] {r:{yhi:0},f:[1,0,10]}

From tinyG: [16:13:26] {r:{di3mo:-1},f:[1,0,13]}

From tinyG: [16:13:26] {r:{di3ac:0},f:[1,0,12]}

From tinyG: [16:13:26] {r:{di3fn:0},f:[1,0,12]}

From tinyG: [16:13:26] {r:{ysx:null},f:[1,100,10]}

From tinyG: [16:13:26] {r:{di4mo:-1},f:[1,0,13]}

From tinyG: [16:13:26] {r:{di4ac:0},f:[1,0,12]}

From tinyG: [16:13:26] {r:{di4fn:0},f:[1,0,12]}

From tinyG: [16:13:26] {r:{zsn:null},f:[1,100,10]}

From tinyG: [16:13:26] {r:{zhi:5},f:[1,0,10]}

From tinyG: [16:13:26] {r:{di5mo:0},f:[1,0,12]}

From tinyG: [16:13:26] {r:{di5ac:0},f:[1,0,12]}

From tinyG: [16:13:26] {r:{di5fn:0},f:[1,0,12]}

From tinyG: [16:13:26] {r:{zsx:null},f:[1,100,10]}

From tinyG: [16:13:26] {r:{di6mo:-1},f:[1,0,13]}

From tinyG: [16:13:26] {r:{di6ac:0},f:[1,0,12]}

From tinyG: [16:13:26] {r:{di6fn:0},f:[1,0,12]}

From tinyG: [16:13:26] {r:{asn:null},f:[1,100,10]}

From tinyG: [16:13:26] {r:{di7mo:-1},f:[1,0,13]}

From tinyG: [16:13:26] {r:{di7ac:0},f:[1,0,12]}

From tinyG: [16:13:26] {r:{di7fn:0},f:[1,0,12]}

From tinyG: [16:13:26] {r:{asx:null},f:[1,100,10]}

From tinyG: [16:13:26] {r:{di8mo:-1},f:[1,0,13]}

From tinyG: [16:13:26] {r:{di8ac:0},f:[1,0,12]}

From tinyG: [16:13:26] {r:{di8fn:0},f:[1,0,12]}

From tinyG: [16:13:26] {r:{di9mo:-1},f:[1,0,13]}

From tinyG: [16:13:26] {r:{di9ac:0},f:[1,0,12]}

From tinyG: [16:13:26] {r:{di9fn:0},f:[1,0,12]}

From tinyG: [16:13:26] {r:{homingc:null},f:[1,100,20]}

From tinyG: [16:13:26] {r:{st:null},f:[1,100,9]}

From tinyG: [16:13:26] {r:{xhd:1},f:[1,0,10]}

From tinyG: [16:13:26] {r:{xsv:1000},f:[1,0,13]}

From tinyG: [16:13:26] {r:{xlv:100.00},f:[1,0,12]}

From tinyG: [16:13:26] {r:{xlb:5.000},f:[1,0,10]}

From tinyG: [16:13:26] {r:{xzb:2.000},f:[1,0,10]}

From tinyG: [16:13:26] {r:{xjh:10000},f:[1,0,14]}

From tinyG: [16:13:26] {r:{zhd:0},f:[1,0,10]}

From tinyG: [16:13:26] {r:{zsv:1000},f:[1,0,13]}

From tinyG: [16:13:26] {r:{zlv:100.00},f:[1,0,12]}

From tinyG: [16:13:26] {r:{zlb:5.000},f:[1,0,10]}

From tinyG: [16:13:26] {r:{zzb:50.305},f:[1,0,15]}

From tinyG: [16:13:26] {r:{zjh:10000},f:[1,0,14]}

From tinyG: [16:13:26] {r:{ahd:1},f:[1,0,10]}

From tinyG: [16:13:26] {r:{asv:2000},f:[1,0,13]}

From tinyG: [16:13:26] {r:{alv:500.00},f:[1,0,12]}

From tinyG: [16:13:26] {r:{alb:20.000},f:[1,0,11]}

From tinyG: [16:13:26] {r:{azb:0.000},f:[1,0,10]}

From tinyG: [16:13:26] {r:{ajh:10000},f:[1,0,14]}

From tinyG: [16:13:26] [ej]  enable json mode            0 [0=text,1=JSON]

From tinyG: [16:13:26] tinyg [mm] ok> 

From tinyG: [16:13:26] stat:3

Out > [16:13:28] G28.2 Z0 X0

Out > [16:13:28] G90 G0 Z-12

From tinyG: [16:13:28] tinyg [mm] ok> 

From tinyG: [16:13:28] posz:-15.805,feed:1000.00,vel:1000.00,stat:9

From tinyG: [16:13:28] posz:-20.004

From tinyG: [16:13:29] posz:-24.179

From tinyG: [16:13:29] posz:-28.353

From tinyG: [16:13:29] posz:-32.528

From tinyG: [16:13:29] posz:-36.703

From tinyG: [16:13:30] posz:-40.852

From tinyG: [16:13:30] posz:-45.052

From tinyG: [16:13:30] posz:-49.227

From tinyG: [16:13:30] posz:-49.753

From tinyG: [16:13:31] posz:-45.766,vel:171.72

From tinyG: [16:13:31] posz:-46.053,feed:100.00,vel:100.00

From tinyG: [16:13:31] posz:-46.473

From tinyG: [16:13:31] posz:-46.890

From tinyG: [16:13:32] posz:-47.308

From tinyG: [16:13:32] posz:-47.725

From tinyG: [16:13:32] posz:-48.142

From tinyG: [16:13:33] posz:-48.559

From tinyG: [16:13:33] posz:-48.977

From tinyG: [16:13:33] posz:-49.394

From tinyG: [16:13:33] posz:-49.811

From tinyG: [16:13:34] posz:-50.228

From tinyG: [16:13:34] posz:-48.193,feed:1000.00,vel:1000.00

From tinyG: [16:13:34] posz:-43.994

From tinyG: [16:13:34] posz:-39.819

From tinyG: [16:13:35] posz:-35.644

From tinyG: [16:13:35] posz:-31.470

From tinyG: [16:13:35] posz:-27.320

From tinyG: [16:13:35] posz:-23.120

From tinyG: [16:13:36] posz:-18.946

From tinyG: [16:13:36] posz:-14.771

From tinyG: [16:13:36] posz:-10.597

From tinyG: [16:13:36] posz:-6.422

From tinyG: [16:13:37] posz:-2.247

From tinyG: [16:13:37] posx:0.282,posz:0.000,vel:975.69

From tinyG: [16:13:37] posx:2.005,vel:1000.00

From tinyG: [16:13:37] posx:-2.160

From tinyG: [16:13:38] posx:-2.353,feed:100.00,vel:100.00

From tinyG: [16:13:38] posx:-1.936

From tinyG: [16:13:38] posx:-1.518

From tinyG: [16:13:38] posx:-1.101

From tinyG: [16:13:39] posx:-0.686

From tinyG: [16:13:39] posx:-0.266

From tinyG: [16:13:39] posx:0.151

From tinyG: [16:13:39] posx:0.568

From tinyG: [16:13:40] posx:0.986

From tinyG: [16:13:40] posx:1.401

From tinyG: [16:13:40] posx:1.820

From tinyG: [16:13:40] posx:1.000,feed:1000.00,vel:1000.00

From tinyG: [16:13:40] tinyg [mm] ok> 

From tinyG: [16:13:41] posx:0.000,posz:-3.252,feed:250.00,vel:3726.76,dist:0,momo:0,stat:5

From tinyG: [16:13:41] posz:-12.000,vel:0.00,stat:3

Out > [16:13:41] G28.2 A0

Out > [16:13:41] G91 G0 A30

From tinyG: [16:13:41] tinyg [mm] ok> 

From tinyG: [16:13:41] posa:8.285,feed:2000.00,vel:2000.00,dist:1,momo:1,stat:9

From tinyG: [16:13:41] posa:-0.042

From tinyG: [16:13:42] posa:-6.452,vel:0.03

From tinyG: [16:13:42] posa:0.810,vel:1496.72

From tinyG: [16:13:42] posa:-3.019,vel:2000.00

From tinyG: [16:13:42] posa:-11.396

From tinyG: [16:13:43] posa:-18.852,vel:19.48

From tinyG: [16:13:43] posa:-17.394,feed:500.00,vel:500.00

From tinyG: [16:13:43] posa:-15.307

From tinyG: [16:13:43] posa:-13.208

From tinyG: [16:13:44] posa:-11.121

From tinyG: [16:13:44] posa:-9.034

From tinyG: [16:13:44] posa:-6.947

From tinyG: [16:13:44] posa:-4.860

From tinyG: [16:13:45] posa:-2.773

From tinyG: [16:13:45] posa:-0.687

From tinyG: [16:13:45] tinyg [mm] ok> 

From tinyG: [16:13:45] posa:4.442,feed:250.00,vel:8124.22,momo:0,stat:5

From tinyG: [16:13:45] posa:30.000,vel:0.00,stat:3

Out > [16:13:45] $di1fn=2

Out > [16:13:45] G91 G0 A1

Out > [16:13:45] $di1ac=2

Out > [16:13:45] G91 G1 A-30 F250

From tinyG: [16:13:45] [di1fn] input function          2 [0=none,1=limit,2=interlock,3=shutdown]

From tinyG: [16:13:45] tinyg [mm] ok> 

From tinyG: [16:13:45] tinyg [mm] ok> 

From tinyG: [16:13:45] {er:{fb:86.03,st:9,msg:"File not open - write_persistent"}}

From tinyG: [16:13:45] [di1ac] input action            2 [0=none,1=stop,2=halt,3=stop_steps,4=panic,5=reset]

From tinyG: [16:13:45] tinyg [mm] ok> 

From tinyG: [16:13:45] tinyg [mm] ok> 

From tinyG: [16:13:46] posa:30.415,vel:250.00,momo:1,stat:5

From tinyG: [16:13:46] posa:29.371

From tinyG: [16:13:46] posa:28.334

From tinyG: [16:13:46] posa:27.284

From tinyG: [16:13:47] posa:26.240

From tinyG: [16:13:47] posa:25.196

From tinyG: [16:13:47] posa:24.152

From tinyG: [16:13:47] posa:23.108

From tinyG: [16:13:48] posa:22.064

From tinyG: [16:13:48] posa:21.021

From tinyG: [16:13:48] posa:19.977

From tinyG: [16:13:48] posa:18.933

From tinyG: [16:13:49] posa:17.889

From tinyG: [16:13:49] posa:16.852

From tinyG: [16:13:49] posa:15.802

From tinyG: [16:13:49] posa:14.758

From tinyG: [16:13:50] posa:13.714

From tinyG: [16:13:50] posa:13.461,vel:0.00,stat:6

From tinyG: [16:13:50] stat:3

From tinyG: [16:13:50] stat:3

