[13:32:01] Starting Log file for session: 2020724-13321

From tinyG: [13:32:03] {r:{fv:0.98,fb:86.03,hp:3,hv:0,id:"0213-0215-0515",msg:"SYSTEM READY"},f:[1,0,1]}

From tinyG: [13:32:03] tinyg [mm] ok> 

From tinyG: [13:32:05] {r:{tinygmo:null},f:[1,100,26]}

From tinyG: [13:32:05] {r:{baud:null},f:[1,100,11]}

From tinyG: [13:32:05] {r:{js:0},f:[1,0,9]}

From tinyG: [13:32:05] {r:{gpa:0},f:[1,0,10]}

From tinyG: [13:32:05] {r:{gun:1},f:[1,0,10]}

From tinyG: [13:32:05] {r:{ja:0.00},f:[1,0,9]}

From tinyG: [13:32:05] {r:{si:250},f:[1,0,11]}

From tinyG: [13:32:05] {r:{jv:5},f:[1,0,9]}

From tinyG: [13:32:05] {r:{mt:0},f:[1,0,11]}

From tinyG: [13:32:05] {r:{st:null},f:[1,100,9]}

From tinyG: [13:32:05] {r:{motorma:null},f:[1,100,20]}

From tinyG: [13:32:05] {r:{1ma:5},f:[1,0,10]}

From tinyG: [13:32:05] {r:{2ma:0},f:[1,0,10]}

From tinyG: [13:32:05] {r:{3ma:2},f:[1,0,10]}

From tinyG: [13:32:05] {r:{4ma:3},f:[1,0,10]}

From tinyG: [13:32:05] {r:{polarit:null},f:[1,100,18]}

From tinyG: [13:32:05] {r:{1po:1},f:[1,0,10]}

From tinyG: [13:32:05] {r:{2po:0},f:[1,0,10]}

From tinyG: [13:32:05] {r:{3po:1},f:[1,0,10]}

From tinyG: [13:32:05] {r:{4po:0},f:[1,0,10]}

From tinyG: [13:32:05] {r:{trvalue:null},f:[1,100,16]}

From tinyG: [13:32:05] {r:{1tr:60.0000},f:[1,0,11]}

From tinyG: [13:32:05] {r:{2tr:6.3500},f:[1,0,13]}

From tinyG: [13:32:05] {r:{3tr:5.0000},f:[1,0,10]}

From tinyG: [13:32:05] {r:{4tr:60.0000},f:[1,0,11]}

From tinyG: [13:32:05] {r:{powerse:null},f:[1,100,21]}

From tinyG: [13:32:05] {r:{1pl:1.000},f:[1,0,10]}

From tinyG: [13:32:05] {r:{2pl:1.000},f:[1,0,10]}

From tinyG: [13:32:05] {r:{3pl:0.000},f:[1,0,10]}

From tinyG: [13:32:05] {r:{4pl:0.000},f:[1,0,10]}

From tinyG: [13:32:05] {r:{1pm:2},f:[1,0,10]}

From tinyG: [13:32:05] {r:{2pm:2},f:[1,0,10]}

From tinyG: [13:32:05] {r:{3pm:2},f:[1,0,10]}

From tinyG: [13:32:05] {r:{4pm:2},f:[1,0,10]}

From tinyG: [13:32:05] {r:{motorse:null},f:[1,100,21]}

From tinyG: [13:32:05] {r:{1mi:16},f:[1,0,11]}

From tinyG: [13:32:05] {r:{2mi:32},f:[1,0,11]}

From tinyG: [13:32:05] {r:{3mi:10,msg:"*** WARNING *** Setting non-standard microstep value"},f:[1,0,11]}

From tinyG: [13:32:05] {r:{4mi:10,msg:"*** WARNING *** Setting non-standard microstep value"},f:[1,0,11]}

From tinyG: [13:32:05] {r:{1sa:1.800},f:[1,0,12]}

From tinyG: [13:32:05] {r:{2sa:1.800},f:[1,0,12]}

From tinyG: [13:32:05] {r:{3sa:1.800},f:[1,0,12]}

From tinyG: [13:32:05] {r:{4sa:1.800},f:[1,0,12]}

From tinyG: [13:32:05] {r:{axesset:null},f:[1,100,20]}

From tinyG: [13:32:05] {r:{xam:1},f:[1,0,10]}

From tinyG: [13:32:05] {r:{xvm:1500},f:[1,0,13]}

From tinyG: [13:32:05] {r:{xjm:5000},f:[1,0,13]}

From tinyG: [13:32:05] {r:{xfr:5000},f:[1,0,13]}

From tinyG: [13:32:05] {r:{xtn:-500.000},f:[1,0,13]}

From tinyG: [13:32:05] {r:{xtm:0.000},f:[1,0,10]}

From tinyG: [13:32:05] {r:{yam:0},f:[1,0,10]}

From tinyG: [13:32:05] {r:{yvm:0},f:[1,0,10]}

From tinyG: [13:32:05] {r:{yjm:0},f:[1,0,10]}

From tinyG: [13:32:05] {r:{yfr:0},f:[1,0,10]}

From tinyG: [13:32:05] {r:{zam:1},f:[1,0,10]}

From tinyG: [13:32:05] {r:{zvm:3750},f:[1,0,13]}

From tinyG: [13:32:05] {r:{zjm:5000},f:[1,0,13]}

From tinyG: [13:32:05] {r:{zfr:3750},f:[1,0,13]}

From tinyG: [13:32:05] {r:{ztn:-100.000},f:[1,0,13]}

From tinyG: [13:32:05] {r:{ztm:2.000},f:[1,0,10]}

From tinyG: [13:32:05] {r:{aam:1},f:[1,0,10]}

From tinyG: [13:32:05] {r:{avm:20000},f:[1,0,14]}

From tinyG: [13:32:05] {r:{ajm:10000},f:[1,0,14]}

From tinyG: [13:32:05] {r:{afr:15000},f:[1,0,14]}

From tinyG: [13:32:05] {r:{atn:-3600.000},f:[1,0,14]}

From tinyG: [13:32:05] {r:{atm:3600.000},f:[1,0,13]}

From tinyG: [13:32:05] {r:{cam:1},f:[1,0,10]}

From tinyG: [13:32:05] {r:{cvm:10000},f:[1,0,14]}

From tinyG: [13:32:05] {r:{cjm:5000},f:[1,0,13]}

From tinyG: [13:32:05] {r:{cfr:10000},f:[1,0,14]}

From tinyG: [13:32:05] {r:{ctn:-3600.000},f:[1,0,14]}

From tinyG: [13:32:05] {r:{ctm:3600.000},f:[1,0,13]}

From tinyG: [13:32:05] {r:{limitsw:null},f:[1,100,21]}

From tinyG: [13:32:05] {r:{sl:1},f:[1,0,9]}

From tinyG: [13:32:05] {r:{xsn:null},f:[1,100,10]}

From tinyG: [13:32:05] {r:{ahi:1},f:[1,0,10]}

From tinyG: [13:32:05] {r:{di1mo:1},f:[1,0,12]}

From tinyG: [13:32:05] {r:{di1ac:0},f:[1,0,12]}

From tinyG: [13:32:05] {r:{di1fn:0},f:[1,0,12]}

From tinyG: [13:32:05] {r:{xsx:null},f:[1,100,10]}

From tinyG: [13:32:05] {r:{xhi:2},f:[1,0,10]}

From tinyG: [13:32:05] {r:{di2mo:0},f:[1,0,12]}

From tinyG: [13:32:05] {r:{di2ac:0},f:[1,0,12]}

From tinyG: [13:32:05] {r:{di2fn:0},f:[1,0,12]}

From tinyG: [13:32:05] {r:{ysn:null},f:[1,100,10]}

From tinyG: [13:32:05] {r:{yhi:0},f:[1,0,10]}

From tinyG: [13:32:05] {r:{di3mo:-1},f:[1,0,13]}

From tinyG: [13:32:05] {r:{di3ac:0},f:[1,0,12]}

From tinyG: [13:32:05] {r:{di3fn:0},f:[1,0,12]}

From tinyG: [13:32:05] {r:{ysx:null},f:[1,100,10]}

From tinyG: [13:32:05] {r:{di4mo:-1},f:[1,0,13]}

From tinyG: [13:32:05] {r:{di4ac:0},f:[1,0,12]}

From tinyG: [13:32:05] {r:{di4fn:0},f:[1,0,12]}

From tinyG: [13:32:05] {r:{zsn:null},f:[1,100,10]}

From tinyG: [13:32:05] {r:{zhi:5},f:[1,0,10]}

From tinyG: [13:32:05] {r:{di5mo:0},f:[1,0,12]}

From tinyG: [13:32:05] {r:{di5ac:0},f:[1,0,12]}

From tinyG: [13:32:05] {r:{di5fn:0},f:[1,0,12]}

From tinyG: [13:32:05] {r:{zsx:null},f:[1,100,10]}

From tinyG: [13:32:05] {r:{di6mo:-1},f:[1,0,13]}

From tinyG: [13:32:05] {r:{di6ac:0},f:[1,0,12]}

From tinyG: [13:32:05] {r:{di6fn:0},f:[1,0,12]}

From tinyG: [13:32:05] {r:{asn:null},f:[1,100,10]}

From tinyG: [13:32:05] {r:{di7mo:-1},f:[1,0,13]}

From tinyG: [13:32:05] {r:{di7ac:0},f:[1,0,12]}

From tinyG: [13:32:05] {r:{di7fn:0},f:[1,0,12]}

From tinyG: [13:32:05] {r:{asx:null},f:[1,100,10]}

From tinyG: [13:32:05] {r:{di8mo:-1},f:[1,0,13]}

From tinyG: [13:32:05] {r:{di8ac:0},f:[1,0,12]}

From tinyG: [13:32:05] {r:{di8fn:0},f:[1,0,12]}

From tinyG: [13:32:05] {r:{di9mo:-1},f:[1,0,13]}

From tinyG: [13:32:05] {r:{di9ac:0},f:[1,0,12]}

From tinyG: [13:32:05] {r:{di9fn:0},f:[1,0,12]}

From tinyG: [13:32:05] {r:{homingc:null},f:[1,100,20]}

From tinyG: [13:32:05] {r:{st:null},f:[1,100,9]}

From tinyG: [13:32:05] {r:{xhd:1},f:[1,0,10]}

From tinyG: [13:32:05] {r:{xsv:1000},f:[1,0,13]}

From tinyG: [13:32:05] {r:{xlv:100.00},f:[1,0,12]}

From tinyG: [13:32:05] {r:{xlb:5.000},f:[1,0,10]}

From tinyG: [13:32:05] {r:{xzb:2.000},f:[1,0,10]}

From tinyG: [13:32:05] {r:{xjh:10000},f:[1,0,14]}

From tinyG: [13:32:05] {r:{zhd:0},f:[1,0,10]}

From tinyG: [13:32:05] {r:{zsv:1000},f:[1,0,13]}

From tinyG: [13:32:05] {r:{zlv:100.00},f:[1,0,12]}

From tinyG: [13:32:05] {r:{zlb:5.000},f:[1,0,10]}

From tinyG: [13:32:05] {r:{zzb:50.305},f:[1,0,15]}

From tinyG: [13:32:05] {r:{zjh:10000},f:[1,0,14]}

From tinyG: [13:32:05] {r:{ahd:1},f:[1,0,10]}

From tinyG: [13:32:05] {r:{asv:2000},f:[1,0,13]}

From tinyG: [13:32:05] {r:{alv:500.00},f:[1,0,12]}

From tinyG: [13:32:05] {r:{alb:20.000},f:[1,0,11]}

From tinyG: [13:32:05] {r:{azb:0.000},f:[1,0,10]}

From tinyG: [13:32:05] {r:{ajh:10000},f:[1,0,14]}

From tinyG: [13:32:05] {sr:{stat:3}}

Out > [13:32:07] $ej:0


From tinyG: [13:32:07] [ej]  enable json mode            0 [0=text,1=JSON]

From tinyG: [13:32:07] tinyg [mm] ok> 

Out > [13:32:08] G28.2 Z0 X0

From tinyG: [13:32:09] tinyg [mm] ok> 

From tinyG: [13:32:09] posz:-15.805,feed:1000.00,vel:1000.00,stat:9

From tinyG: [13:32:09] posz:-20.004

From tinyG: [13:32:09] posz:-24.179

From tinyG: [13:32:10] posz:-28.353

From tinyG: [13:32:10] posz:-32.528

From tinyG: [13:32:10] posz:-36.703

From tinyG: [13:32:10] posz:-40.852

From tinyG: [13:32:11] posz:-45.052

From tinyG: [13:32:11] posz:-49.227

From tinyG: [13:32:11] posz:-49.803

From tinyG: [13:32:11] posz:-45.795,vel:217.90

From tinyG: [13:32:12] posz:-46.073,feed:100.00,vel:100.00

From tinyG: [13:32:12] posz:-46.493

From tinyG: [13:32:12] posz:-46.910

From tinyG: [13:32:12] posz:-47.328

From tinyG: [13:32:13] posz:-47.745

From tinyG: [13:32:13] posz:-48.162

From tinyG: [13:32:13] posz:-48.579

From tinyG: [13:32:13] posz:-48.994

From tinyG: [13:32:14] posz:-49.414

From tinyG: [13:32:14] posz:-49.831

From tinyG: [13:32:14] posz:-50.248

From tinyG: [13:32:14] posz:-48.186,feed:1000.00,vel:1000.00

From tinyG: [13:32:15] posz:-44.011

From tinyG: [13:32:15] posz:-39.836

From tinyG: [13:32:15] posz:-35.662

From tinyG: [13:32:15] posz:-31.487

From tinyG: [13:32:16] posz:-27.338

From tinyG: [13:32:16] posz:-23.138

From tinyG: [13:32:16] posz:-18.963

From tinyG: [13:32:16] posz:-14.789

From tinyG: [13:32:17] posz:-10.614

From tinyG: [13:32:17] posz:-6.439

From tinyG: [13:32:17] posz:-2.265

From tinyG: [13:32:17] posx:0.282,posz:0.000,vel:975.69

From tinyG: [13:32:18] posx:2.005,vel:1000.00

From tinyG: [13:32:18] posx:-2.160

From tinyG: [13:32:18] posx:-2.353,feed:100.00,vel:100.00

From tinyG: [13:32:18] posx:-1.936

From tinyG: [13:32:19] posx:-1.518

From tinyG: [13:32:19] posx:-1.101

From tinyG: [13:32:19] posx:-0.686

From tinyG: [13:32:19] posx:-0.266

From tinyG: [13:32:20] posx:0.151

From tinyG: [13:32:20] posx:0.568

From tinyG: [13:32:20] posx:0.986

From tinyG: [13:32:20] posx:1.401

From tinyG: [13:32:21] posx:1.820

From tinyG: [13:32:21] posx:1.000,feed:1000.00,vel:1000.00

From tinyG: [13:32:21] posx:0.000,feed:500.00,vel:0.00,momo:4,stat:3

Out > [13:32:21] G90 G0 Z-12

Out > [13:32:21] G28.2 A0

From tinyG: [13:32:21] tinyg [mm] ok> 

From tinyG: [13:32:21] tinyg [mm] ok> 

From tinyG: [13:32:21] posz:-11.293,vel:2083.77,dist:0,momo:0,stat:9

From tinyG: [13:32:22] posz:-12.000,posa:12.246,vel:493.86,dist:1,momo:1

From tinyG: [13:32:22] posa:0.000,feed:1000.00,vel:0.00,momo:4,stat:3

Out > [13:32:22] G91 G0 A30

Out > [13:32:22] $di1fn=2

From tinyG: [13:32:22] tinyg [mm] ok> 

From tinyG: [13:32:22] {er:{fb:86.03,st:9,msg:"File not open - write_persistent"}}

From tinyG: [13:32:22] [di1fn] input function          2 [0=none,1=limit,2=interlock,3=shutdown]

From tinyG: [13:32:22] tinyg [mm] ok> 

Out > [13:32:22] G91 G0 A1

From tinyG: [13:32:22] tinyg [mm] ok> 

From tinyG: [13:32:22] posa:28.059,vel:3814.62,momo:0,stat:5

From tinyG: [13:32:23] posa:31.000,vel:0.00,stat:3

Out > [13:32:23] $di1ac=2

Out > [13:32:23] G91 G1 A-30 F500

From tinyG: [13:32:23] [di1ac] input action            2 [0=none,1=stop,2=halt,3=stop_steps,4=panic,5=reset]

From tinyG: [13:32:23] tinyg [mm] ok> 

From tinyG: [13:32:23] tinyg [mm] ok> 

From tinyG: [13:32:23] posa:29.041,feed:500.00,vel:500.00,momo:1,stat:5

From tinyG: [13:32:23] posa:26.942

From tinyG: [13:32:23] posa:24.855

From tinyG: [13:32:24] posa:22.768

From tinyG: [13:32:24] posa:20.681

From tinyG: [13:32:24] posa:18.594

From tinyG: [13:32:24] posa:16.507

From tinyG: [13:32:25] posa:14.432

From tinyG: [13:32:25] posa:12.333

From tinyG: [13:32:25] posa:10.246

From tinyG: [13:32:25] posa:8.159

From tinyG: [13:32:26] posa:6.072

From tinyG: [13:32:26] posa:3.985

From tinyG: [13:32:26] posa:1.898

From tinyG: [13:32:26] posa:1.000,vel:0.00,stat:3

Out > [13:32:36] 

Out > [13:32:36] 

From tinyG: [13:32:51] {r:{tinygmo:null},f:[1,100,26]}

From tinyG: [13:32:51] {r:{baud:null},f:[1,100,11]}

From tinyG: [13:32:51] {r:{js:0},f:[1,0,9]}

From tinyG: [13:32:51] {r:{gpa:0},f:[1,0,10]}

From tinyG: [13:32:51] {r:{gun:1},f:[1,0,10]}

From tinyG: [13:32:51] {r:{ja:0.00},f:[1,0,9]}

From tinyG: [13:32:51] {r:{si:250},f:[1,0,11]}

From tinyG: [13:32:51] {r:{jv:5},f:[1,0,9]}

From tinyG: [13:32:51] {r:{mt:0},f:[1,0,11]}

From tinyG: [13:32:51] {r:{st:null},f:[1,100,9]}

From tinyG: [13:32:51] {r:{motorma:null},f:[1,100,20]}

From tinyG: [13:32:51] {r:{1ma:5},f:[1,0,10]}

From tinyG: [13:32:51] {r:{2ma:0},f:[1,0,10]}

From tinyG: [13:32:51] {r:{3ma:2},f:[1,0,10]}

From tinyG: [13:32:51] {r:{4ma:3},f:[1,0,10]}

From tinyG: [13:32:51] {r:{polarit:null},f:[1,100,18]}

From tinyG: [13:32:51] {r:{1po:1},f:[1,0,10]}

From tinyG: [13:32:51] {r:{2po:0},f:[1,0,10]}

From tinyG: [13:32:51] {r:{3po:1},f:[1,0,10]}

From tinyG: [13:32:51] {r:{4po:0},f:[1,0,10]}

From tinyG: [13:32:51] {r:{trvalue:null},f:[1,100,16]}

From tinyG: [13:32:51] {r:{1tr:60.0000},f:[1,0,11]}

From tinyG: [13:32:51] {r:{2tr:6.3500},f:[1,0,13]}

From tinyG: [13:32:51] {r:{3tr:5.0000},f:[1,0,10]}

From tinyG: [13:32:51] {r:{4tr:60.0000},f:[1,0,11]}

From tinyG: [13:32:51] {r:{powerse:null},f:[1,100,21]}

From tinyG: [13:32:51] {r:{1pl:1.000},f:[1,0,10]}

From tinyG: [13:32:51] {r:{2pl:1.000},f:[1,0,10]}

From tinyG: [13:32:51] {r:{3pl:0.000},f:[1,0,10]}

From tinyG: [13:32:51] {r:{4pl:0.000},f:[1,0,10]}

From tinyG: [13:32:51] {r:{1pm:2},f:[1,0,10]}

From tinyG: [13:32:51] {r:{2pm:2},f:[1,0,10]}

From tinyG: [13:32:51] {r:{3pm:2},f:[1,0,10]}

From tinyG: [13:32:51] {r:{4pm:2},f:[1,0,10]}

From tinyG: [13:32:51] {r:{motorse:null},f:[1,100,21]}

From tinyG: [13:32:51] {r:{1mi:16},f:[1,0,11]}

From tinyG: [13:32:51] {r:{2mi:32},f:[1,0,11]}

From tinyG: [13:32:51] {r:{3mi:10,msg:"*** WARNING *** Setting non-standard microstep value"},f:[1,0,11]}

From tinyG: [13:32:51] {r:{4mi:10,msg:"*** WARNING *** Setting non-standard microstep value"},f:[1,0,11]}

From tinyG: [13:32:51] {r:{1sa:1.800},f:[1,0,12]}

From tinyG: [13:32:51] {r:{2sa:1.800},f:[1,0,12]}

From tinyG: [13:32:51] {r:{3sa:1.800},f:[1,0,12]}

From tinyG: [13:32:51] {r:{4sa:1.800},f:[1,0,12]}

From tinyG: [13:32:51] {r:{axesset:null},f:[1,100,20]}

From tinyG: [13:32:51] {r:{xam:1},f:[1,0,10]}

From tinyG: [13:32:51] {r:{xvm:1500},f:[1,0,13]}

From tinyG: [13:32:51] {r:{xjm:5000},f:[1,0,13]}

From tinyG: [13:32:51] {r:{xfr:5000},f:[1,0,13]}

From tinyG: [13:32:51] {r:{xtn:-500.000},f:[1,0,13]}

From tinyG: [13:32:51] {r:{xtm:0.000},f:[1,0,10]}

From tinyG: [13:32:51] {r:{yam:0},f:[1,0,10]}

From tinyG: [13:32:51] {r:{yvm:0},f:[1,0,10]}

From tinyG: [13:32:51] {r:{yjm:0},f:[1,0,10]}

From tinyG: [13:32:51] {r:{yfr:0},f:[1,0,10]}

From tinyG: [13:32:51] {r:{zam:1},f:[1,0,10]}

From tinyG: [13:32:51] {r:{zvm:3750},f:[1,0,13]}

From tinyG: [13:32:51] {r:{zjm:5000},f:[1,0,13]}

From tinyG: [13:32:51] {r:{zfr:3750},f:[1,0,13]}

From tinyG: [13:32:51] {r:{ztn:-100.000},f:[1,0,13]}

From tinyG: [13:32:51] {r:{ztm:2.000},f:[1,0,10]}

From tinyG: [13:32:51] {r:{aam:1},f:[1,0,10]}

From tinyG: [13:32:51] {r:{avm:20000},f:[1,0,14]}

From tinyG: [13:32:51] {r:{ajm:10000},f:[1,0,14]}

From tinyG: [13:32:51] {r:{afr:15000},f:[1,0,14]}

From tinyG: [13:32:51] {r:{atn:-3600.000},f:[1,0,14]}

From tinyG: [13:32:51] {r:{atm:3600.000},f:[1,0,13]}

From tinyG: [13:32:51] {r:{cam:1},f:[1,0,10]}

From tinyG: [13:32:51] {r:{cvm:10000},f:[1,0,14]}

From tinyG: [13:32:51] {r:{cjm:5000},f:[1,0,13]}

From tinyG: [13:32:51] {r:{cfr:10000},f:[1,0,14]}

From tinyG: [13:32:51] {r:{ctn:-3600.000},f:[1,0,14]}

From tinyG: [13:32:51] {r:{ctm:3600.000},f:[1,0,13]}

From tinyG: [13:32:51] {r:{limitsw:null},f:[1,100,21]}

From tinyG: [13:32:51] {r:{sl:1},f:[1,0,9]}

From tinyG: [13:32:51] {r:{xsn:null},f:[1,100,10]}

From tinyG: [13:32:51] {r:{ahi:1},f:[1,0,10]}

From tinyG: [13:32:51] {r:{di1mo:1},f:[1,0,12]}

From tinyG: [13:32:51] {r:{di1ac:0},f:[1,0,12]}

From tinyG: [13:32:51] {r:{di1fn:0},f:[1,0,12]}

From tinyG: [13:32:51] {r:{xsx:null},f:[1,100,10]}

From tinyG: [13:32:51] {r:{xhi:2},f:[1,0,10]}

From tinyG: [13:32:51] {r:{di2mo:0},f:[1,0,12]}

From tinyG: [13:32:51] {r:{di2ac:0},f:[1,0,12]}

From tinyG: [13:32:51] {r:{di2fn:0},f:[1,0,12]}

From tinyG: [13:32:51] {r:{ysn:null},f:[1,100,10]}

From tinyG: [13:32:51] {r:{yhi:0},f:[1,0,10]}

From tinyG: [13:32:51] {r:{di3mo:-1},f:[1,0,13]}

From tinyG: [13:32:51] {r:{di3ac:0},f:[1,0,12]}

From tinyG: [13:32:51] {r:{di3fn:0},f:[1,0,12]}

From tinyG: [13:32:51] {r:{ysx:null},f:[1,100,10]}

From tinyG: [13:32:51] {r:{di4mo:-1},f:[1,0,13]}

From tinyG: [13:32:51] {r:{di4ac:0},f:[1,0,12]}

From tinyG: [13:32:51] {r:{di4fn:0},f:[1,0,12]}

From tinyG: [13:32:51] {r:{zsn:null},f:[1,100,10]}

From tinyG: [13:32:51] {r:{zhi:5},f:[1,0,10]}

From tinyG: [13:32:51] {r:{di5mo:0},f:[1,0,12]}

From tinyG: [13:32:51] {r:{di5ac:0},f:[1,0,12]}

From tinyG: [13:32:51] {r:{di5fn:0},f:[1,0,12]}

From tinyG: [13:32:51] {r:{zsx:null},f:[1,100,10]}

From tinyG: [13:32:51] {r:{di6mo:-1},f:[1,0,13]}

From tinyG: [13:32:51] {r:{di6ac:0},f:[1,0,12]}

From tinyG: [13:32:51] {r:{di6fn:0},f:[1,0,12]}

From tinyG: [13:32:51] {r:{asn:null},f:[1,100,10]}

From tinyG: [13:32:51] {r:{di7mo:-1},f:[1,0,13]}

From tinyG: [13:32:51] {r:{di7ac:0},f:[1,0,12]}

From tinyG: [13:32:51] {r:{di7fn:0},f:[1,0,12]}

From tinyG: [13:32:51] {r:{asx:null},f:[1,100,10]}

From tinyG: [13:32:51] {r:{di8mo:-1},f:[1,0,13]}

From tinyG: [13:32:51] {r:{di8ac:0},f:[1,0,12]}

From tinyG: [13:32:51] {r:{di8fn:0},f:[1,0,12]}

From tinyG: [13:32:51] {r:{di9mo:-1},f:[1,0,13]}

From tinyG: [13:32:51] {r:{di9ac:0},f:[1,0,12]}

From tinyG: [13:32:51] {r:{di9fn:0},f:[1,0,12]}

From tinyG: [13:32:51] {r:{homingc:null},f:[1,100,20]}

From tinyG: [13:32:51] {r:{st:null},f:[1,100,9]}

From tinyG: [13:32:51] {r:{xhd:1},f:[1,0,10]}

From tinyG: [13:32:51] {r:{xsv:1000},f:[1,0,13]}

From tinyG: [13:32:51] {r:{xlv:100.00},f:[1,0,12]}

From tinyG: [13:32:51] {r:{xlb:5.000},f:[1,0,10]}

From tinyG: [13:32:51] {r:{xzb:2.000},f:[1,0,10]}

From tinyG: [13:32:51] {r:{xjh:10000},f:[1,0,14]}

From tinyG: [13:32:51] {r:{zhd:0},f:[1,0,10]}

From tinyG: [13:32:51] {r:{zsv:1000},f:[1,0,13]}

From tinyG: [13:32:51] {r:{zlv:100.00},f:[1,0,12]}

From tinyG: [13:32:51] {r:{zlb:5.000},f:[1,0,10]}

From tinyG: [13:32:51] {r:{zzb:50.305},f:[1,0,15]}

From tinyG: [13:32:51] {r:{zjh:10000},f:[1,0,14]}

From tinyG: [13:32:51] {r:{ahd:1},f:[1,0,10]}

From tinyG: [13:32:51] {r:{asv:2000},f:[1,0,13]}

From tinyG: [13:32:51] {r:{alv:500.00},f:[1,0,12]}

From tinyG: [13:32:51] {r:{alb:20.000},f:[1,0,11]}

From tinyG: [13:32:51] {r:{azb:0.000},f:[1,0,10]}

From tinyG: [13:32:51] {r:{ajh:10000},f:[1,0,14]}

From tinyG: [13:32:51] {sr:{stat:3}}

Out > [13:32:53] G28.2 Z0 X0

Out > [13:32:53] G90 G0 Z-12

From tinyG: [13:32:53] {r:{gc:"G28.2Z0X0"},f:[1,0,12]}

Out > [13:33:06] G28.2 A0

From tinyG: [13:33:06] {sr:{posz:-14.955,feed:1000.00,vel:1000.00,stat:9}}

From tinyG: [13:33:06] {sr:{posz:-19.154}}

From tinyG: [13:33:06] {sr:{posz:-23.329}}

From tinyG: [13:33:06] {sr:{posz:-27.504}}

From tinyG: [13:33:06] {sr:{posz:-31.678}}

From tinyG: [13:33:06] {sr:{posz:-35.853}}

From tinyG: [13:33:06] {sr:{posz:-40.027}}

From tinyG: [13:33:06] {sr:{posz:-44.202}}

From tinyG: [13:33:06] {sr:{posz:-48.377}}

From tinyG: [13:33:06] {sr:{posz:-50.588,vel:828.28}}

From tinyG: [13:33:06] {sr:{posz:-46.436,vel:1000.00}}

From tinyG: [13:33:06] {sr:{posz:-45.968,feed:100.00,vel:100.00}}

From tinyG: [13:33:06] {sr:{posz:-46.386}}

From tinyG: [13:33:06] {sr:{posz:-46.803}}

From tinyG: [13:33:06] {sr:{posz:-47.220}}

From tinyG: [13:33:06] {sr:{posz:-47.635}}

From tinyG: [13:33:06] {sr:{posz:-48.055}}

From tinyG: [13:33:06] {sr:{posz:-48.472}}

From tinyG: [13:33:06] {sr:{posz:-48.889}}

From tinyG: [13:33:06] {sr:{posz:-49.306}}

From tinyG: [13:33:06] {sr:{posz:-49.721}}

From tinyG: [13:33:06] {sr:{posz:-50.141}}

From tinyG: [13:33:06] {sr:{posz:-49.151,feed:1000.00,vel:1000.00}}

From tinyG: [13:33:06] {sr:{posz:-44.976}}

From tinyG: [13:33:06] {sr:{posz:-40.826}}

From tinyG: [13:33:06] {sr:{posz:-36.627}}

From tinyG: [13:33:06] {sr:{posz:-32.452}}

From tinyG: [13:33:06] {sr:{posz:-28.277}}

From tinyG: [13:33:06] {sr:{posz:-24.103}}

From tinyG: [13:33:06] {sr:{posz:-19.928}}

From tinyG: [13:33:06] {sr:{posz:-15.754}}

From tinyG: [13:33:06] {sr:{posz:-11.579}}

From tinyG: [13:33:06] {sr:{posz:-7.404}}

From tinyG: [13:33:06] {sr:{posz:-3.230}}

From tinyG: [13:33:06] {sr:{posz:0.000,vel:0.04}}

From tinyG: [13:33:06] {sr:{posx:2.408,vel:42.04}}

From tinyG: [13:33:06] {sr:{posx:-1.512,vel:1000.00}}

From tinyG: [13:33:06] {sr:{posx:-2.418,feed:100.00,vel:100.00}}

From tinyG: [13:33:06] {sr:{posx:-2.001}}

From tinyG: [13:33:06] {sr:{posx:-1.583}}

From tinyG: [13:33:06] {sr:{posx:-1.166}}

From tinyG: [13:33:06] {sr:{posx:-0.751}}

From tinyG: [13:33:06] {sr:{posx:-0.331}}

From tinyG: [13:33:06] {sr:{posx:0.086}}

From tinyG: [13:33:06] {sr:{posx:0.503}}

From tinyG: [13:33:06] {sr:{posx:0.921}}

From tinyG: [13:33:06] {sr:{posx:1.336}}

From tinyG: [13:33:06] {sr:{posx:1.755}}

From tinyG: [13:33:06] {sr:{posx:1.645,feed:1000.00,vel:998.95}}

From tinyG: [13:33:06] {r:{gc:"G90G0Z-12"},f:[1,0,12]}

From tinyG: [13:33:06] {r:{gc:"G28.2A0"},f:[1,0,9]}

Out > [13:33:06] G91 G0 A30

Out > [13:33:20] $di1fn=2

From tinyG: [13:33:20] {sr:{posx:0.000,posz:-1.176,feed:500.00,vel:2643.49,dist:0,momo:0}}

From tinyG: [13:33:20] {sr:{posz:-12.000,vel:0.00}}

From tinyG: [13:33:20] {sr:{posa:8.325,feed:2000.00,vel:2000.00,dist:1,momo:1}}

From tinyG: [13:33:20] {sr:{posa:16.674}}

From tinyG: [13:33:20] {sr:{posa:25.024}}

From tinyG: [13:33:20] {sr:{posa:33.374}}

From tinyG: [13:33:20] {sr:{posa:41.724}}

From tinyG: [13:33:20] {sr:{posa:50.074}}

From tinyG: [13:33:20] {sr:{posa:58.424}}

From tinyG: [13:33:20] {sr:{posa:66.774}}

From tinyG: [13:33:20] {sr:{posa:75.124}}

From tinyG: [13:33:20] {sr:{posa:83.475}}

From tinyG: [13:33:20] {sr:{posa:91.825}}

From tinyG: [13:33:20] {sr:{posa:100.176}}

From tinyG: [13:33:20] {sr:{posa:108.526}}

From tinyG: [13:33:20] {sr:{posa:116.877}}

From tinyG: [13:33:20] {sr:{posa:125.227}}

From tinyG: [13:33:20] {sr:{posa:133.578}}

From tinyG: [13:33:20] {sr:{posa:141.928}}

From tinyG: [13:33:20] {sr:{posa:150.279}}

From tinyG: [13:33:20] {sr:{posa:158.629}}

From tinyG: [13:33:20] {sr:{posa:166.930}}

From tinyG: [13:33:20] {sr:{posa:175.330}}

From tinyG: [13:33:20] {sr:{posa:183.681}}

From tinyG: [13:33:20] {sr:{posa:192.031}}

From tinyG: [13:33:20] {sr:{posa:200.382}}

From tinyG: [13:33:20] {sr:{posa:208.733}}

From tinyG: [13:33:20] {sr:{posa:217.083}}

From tinyG: [13:33:20] {sr:{posa:225.434}}

From tinyG: [13:33:20] {sr:{posa:233.784}}

From tinyG: [13:33:20] {sr:{posa:242.135}}

From tinyG: [13:33:20] {sr:{posa:250.485}}

From tinyG: [13:33:20] {sr:{posa:258.785}}

From tinyG: [13:33:20] {sr:{posa:267.183}}

From tinyG: [13:33:20] {sr:{posa:275.531}}

From tinyG: [13:33:20] {sr:{posa:283.879}}

From tinyG: [13:33:20] {sr:{posa:292.227}}

From tinyG: [13:33:20] {sr:{posa:300.575}}

From tinyG: [13:33:20] {sr:{posa:308.922}}

From tinyG: [13:33:20] {sr:{posa:317.270}}

From tinyG: [13:33:20] {sr:{posa:325.618}}

From tinyG: [13:33:20] {sr:{posa:333.966}}

From tinyG: [13:33:20] {sr:{posa:342.314}}

From tinyG: [13:33:20] {sr:{posa:348.788,vel:0.00}}

From tinyG: [13:33:20] {sr:{posa:341.480,vel:2000.00}}

From tinyG: [13:33:20] {sr:{posa:333.152}}

From tinyG: [13:33:20] {sr:{posa:328.947,feed:500.00,vel:500.00}}

From tinyG: [13:33:20] {sr:{posa:331.031}}

From tinyG: [13:33:20] {sr:{posa:333.116}}

From tinyG: [13:33:20] {sr:{posa:335.200}}

From tinyG: [13:33:20] {sr:{posa:337.285}}

From tinyG: [13:33:20] {sr:{posa:339.369}}

From tinyG: [13:33:20] {sr:{posa:341.454}}

From tinyG: [13:33:20] {sr:{posa:343.538}}

From tinyG: [13:33:20] {sr:{posa:345.610}}

From tinyG: [13:33:20] {sr:{posa:347.650,vel:110.61}}

From tinyG: [13:33:20] {r:{gc:"G91G0A30"},f:[1,0,11]}

From tinyG: [13:33:20] {er:{fb:86.03,st:9,msg:"File not open - write_persistent"}}

From tinyG: [13:33:20] [di1fn] input function          2 [0=none,1=limit,2=interlock,3=shutdown]

From tinyG: [13:33:20] tinyg [mm] ok> 

Out > [13:33:20] G91 G0 A1

Out > [13:33:20] $di1ac=2

From tinyG: [13:33:20] tinyg [mm] ok> 

From tinyG: [13:33:20] {er:{fb:86.03,st:9,msg:"File not open - write_persistent"}}

From tinyG: [13:33:20] [di1ac] input action            2 [0=none,1=stop,2=halt,3=stop_steps,4=panic,5=reset]

From tinyG: [13:33:20] tinyg [mm] ok> 

Out > [13:33:20] G91 G1 A-30 F500

From tinyG: [13:33:20] tinyg [mm] ok> 

From tinyG: [13:33:20] posa:20.324,feed:1000.00,vel:10343.42,momo:0,stat:5

From tinyG: [13:33:20] posa:30.366,feed:500.00,vel:500.00,momo:1

From tinyG: [13:33:20] posa:28.266

From tinyG: [13:33:21] posa:26.179

From tinyG: [13:33:21] posa:24.092

From tinyG: [13:33:21] posa:22.005

From tinyG: [13:33:21] posa:19.918

From tinyG: [13:33:22] posa:17.844

From tinyG: [13:33:22] posa:15.744

From tinyG: [13:33:22] posa:13.657

From tinyG: [13:33:22] posa:11.852

From tinyG: [13:33:23] posa:9.753

From tinyG: [13:33:23] posa:7.667

From tinyG: [13:33:23] posa:5.581

From tinyG: [13:33:23] posa:3.495

From tinyG: [13:33:24] posa:1.409

From tinyG: [13:33:24] posa:1.000,vel:0.00,stat:3

