[17:04:59] Starting Log file for session: 2020724-17459

From tinyG: [17:05:01] {r:{fv:0.98,fb:86.03,hp:3,hv:0,id:"0213-0215-0515",msg:"SYSTEM READY"},f:[1,0,1]}

From tinyG: [17:05:01] tinyg [mm] ok> 

From tinyG: [17:05:01] [ej]  enable json mode            0 [0=text,1=JSON]

From tinyG: [17:05:01] tinyg [mm] ok> 

Out > [17:05:04] G90 G0 Z-12

Out > [17:05:04] G28.2 A0

From tinyG: [17:05:04] tinyg [mm] ok> 

From tinyG: [17:05:04] tinyg [mm] ok> 

From tinyG: [17:05:04] line:0,posx:0.000,posy:0.000,posz:-12.000,posa:31.583,feed:5000.00,vel:5000.00,unit:1,coor:0,dist:1,admo:1,frmo:1,momo:1,stat:9

Out > [17:05:04] G91 G0 A30

From tinyG: [17:05:04] posa:52.457,feed:5000.00,vel:5000.00,stat:9

From tinyG: [17:05:04] posa:73.332

From tinyG: [17:05:05] posa:94.207

From tinyG: [17:05:05] posa:115.082

From tinyG: [17:05:05] posa:135.832

From tinyG: [17:05:05] posa:156.832

From tinyG: [17:05:06] posa:177.707

From tinyG: [17:05:06] posa:198.582

From tinyG: [17:05:06] posa:219.457

From tinyG: [17:05:06] posa:240.332

From tinyG: [17:05:07] posa:261.207

From tinyG: [17:05:07] posa:282.082

From tinyG: [17:05:07] posa:302.957

From tinyG: [17:05:07] posa:323.832

From tinyG: [17:05:08] posa:344.707

From tinyG: [17:05:08] posa:364.270,vel:1499.04

From tinyG: [17:05:08] posa:355.631,vel:5000.00

From tinyG: [17:05:08] posa:344.601,feed:500.00,vel:228.72

From tinyG: [17:05:09] posa:346.661,vel:500.00

From tinyG: [17:05:09] posa:348.758

From tinyG: [17:05:09] posa:350.843

From tinyG: [17:05:09] posa:352.927

From tinyG: [17:05:10] posa:355.012

From tinyG: [17:05:10] posa:357.096

From tinyG: [17:05:10] posa:359.180

From tinyG: [17:05:10] tinyg [mm] ok> 

From tinyG: [17:05:10] posa:3.663,feed:250.00,vel:7343.68,momo:0,stat:5

From tinyG: [17:05:11] posa:30.000,vel:0.00,stat:3

Out > [17:05:11] $di1fn=2

Out > [17:05:11] G91 G0 A1

Out > [17:05:11] G91 G1 A-30 F250

From tinyG: [17:05:11] [di1fn] input function          2 [0=none,1=limit,2=interlock,3=shutdown]

From tinyG: [17:05:11] tinyg [mm] ok> 

From tinyG: [17:05:11] tinyg [mm] ok> 

From tinyG: [17:05:11] tinyg [mm] ok> 

From tinyG: [17:05:11] posa:30.415,vel:250.00,momo:1,stat:5

From tinyG: [17:05:11] posa:29.371

From tinyG: [17:05:11] posa:28.334

From tinyG: [17:05:12] posa:27.284

From tinyG: [17:05:12] posa:26.240

From tinyG: [17:05:12] posa:25.196

From tinyG: [17:05:12] posa:24.152

From tinyG: [17:05:13] posa:23.108

From tinyG: [17:05:13] posa:22.064

From tinyG: [17:05:13] posa:21.021

From tinyG: [17:05:13] posa:19.977

From tinyG: [17:05:14] posa:19.192,vel:0.00,stat:6

Out > [17:05:14] $posa

From tinyG: [17:05:14] tinyg [mm] ok> 

From tinyG: [17:05:14] stat:3

From tinyG: [17:05:14] A position:         19.192 deg

From tinyG: [17:05:14] tinyg [mm] ok> 

Out > [17:05:14] $di1fn=0
0.0
Out > [17:05:14] $di1fn=0

Out > [17:05:14] G90 G0 A0

Out > [17:05:14] G91 G0 A9.596
From tinyG: [17:05:14] [di1fn] input function          0 [0=none,1=limit,2=interlock,3=shutdown]

From tinyG: [17:05:14] tinyg [mm] ok> 

From tinyG: [17:05:14] tinyg [mm] err[101]: Malformed command: 0.0$di1fn=0 

From tinyG: [17:05:14] tinyg [mm] ok> 

From tinyG: [17:05:14] posa:0.009,vel:146.95,dist:0,momo:0,stat:5

From tinyG: [17:05:14] posa:0.000,vel:0.00,stat:3

