[18:37:58] Starting Log file for session: 20201029-183758

From tinyG: [18:37:58] {"r":{"fv":0.98,"fb":86.03,"hp":3,"hv":0,"id":"0213-0215-0515","msg":"SYSTEM READY"},"f":[1,0,1]}

From tinyG: [18:37:58] tinyg [mm] ok> 

From tinyG: [18:37:58] [ej]  enable json mode            0 [0=text,1=JSON]

From tinyG: [18:37:58] tinyg [mm] ok> 

Out > [18:38:01] g28.2a0

Out > [18:38:01] $di1fn=0

Out > [18:38:04] g90 g0 a30

From tinyG: [18:38:04] tinyg [mm] ok> 

From tinyG: [18:38:04] posa:-5.646,feed:2000.00,vel:2000.00,coor:0,dist:1,momo:1,stat:9

From tinyG: [18:38:04] posa:-10.000,vel:0.03

From tinyG: [18:38:04] posa:-4.325,vel:2000.00

From tinyG: [18:38:04] posa:1.249,vel:0.03

From tinyG: [18:38:04] vel:0.00

From tinyG: [18:38:04] posa:-4.397,vel:2000.00

From tinyG: [18:38:04] posa:-8.751,vel:0.03

From tinyG: [18:38:04] posa:-7.804,feed:300.00,vel:300.00

From tinyG: [18:38:04] posa:-6.799

From tinyG: [18:38:04] posa:-5.794

From tinyG: [18:38:04] posa:-4.797

From tinyG: [18:38:04] posa:-3.792

From tinyG: [18:38:04] posa:-2.795

From tinyG: [18:38:04] posa:-1.790

From tinyG: [18:38:04] posa:-0.793

From tinyG: [18:38:04] [di1fn] input function          0 [0=none,1=limit,2=interlock,3=shutdown]

From tinyG: [18:38:04] tinyg [mm] ok> 

From tinyG: [18:38:04] tinyg [mm] ok> 

Out > [18:38:04] g90 g0 a-20 z-9

From tinyG: [18:38:04] tinyg [mm] ok> 

From tinyG: [18:38:04] posa:0.000,vel:0.00,stat:5

From tinyG: [18:38:04] posa:21.384,feed:250.00,vel:9671.33,coor:1,dist:0,momo:0

Out > [18:38:04] g90 g0 a30

From tinyG: [18:38:05] tinyg [mm] ok> 

From tinyG: [18:38:05] posz:-0.593,posa:26.704,vel:4221.90

From tinyG: [18:38:05] posz:-3.245,posa:11.974,vel:4515.87

From tinyG: [18:38:05] posz:-5.922,posa:-2.902

From tinyG: [18:38:05] posz:-8.567,posa:-17.594,vel:4048.41

From tinyG: [18:38:05] posz:-9.000,posa:-14.207,vel:8705.25

From tinyG: [18:38:06] posa:18.977,vel:9995.55

From tinyG: [18:38:06] posa:30.000,vel:0.00,stat:3

Out > [18:38:06] g90 g0 z0

Out > [18:38:06] g90 g0 a-30

From tinyG: [18:38:06] tinyg [mm] ok> 

From tinyG: [18:38:06] tinyg [mm] ok> 

From tinyG: [18:38:06] posz:-7.182,vel:800.00,stat:5

From tinyG: [18:38:06] posz:-4.506

From tinyG: [18:38:07] posz:-1.809

From tinyG: [18:38:07] posz:0.000,posa:29.897,vel:465.80

From tinyG: [18:38:07] posa:4.672,vel:10000.00

From tinyG: [18:38:07] posa:-27.370,vel:6148.01

From tinyG: [18:38:07] posa:-30.000,vel:0.00,stat:3

Out > [18:38:07] g90 g0 a20 z-9

Out > [18:38:07] g90 g0 a-30

From tinyG: [18:38:07] tinyg [mm] ok> 

From tinyG: [18:38:07] tinyg [mm] ok> 

From tinyG: [18:38:08] posz:-1.819,posa:-19.896,vel:4515.87,stat:5

From tinyG: [18:38:08] posz:-4.496,posa:-5.020

From tinyG: [18:38:08] posz:-7.154,posa:9.745

From tinyG: [18:38:08] posz:-9.000,posa:19.658,vel:1190.04

From tinyG: [18:38:08] posa:-6.261,vel:10000.00

From tinyG: [18:38:09] posa:-29.994,vel:107.13

From tinyG: [18:38:09] posa:-30.000,vel:0.00,stat:3

Out > [18:38:09] g90 g0 z0

Out > [18:38:09] $di1fn=2

Out > [18:38:09] g90 g0 a-15

From tinyG: [18:38:09] tinyg [mm] ok> 

From tinyG: [18:38:09] {"er":{"fb":86.03,"st":9,"msg":"File not open - write_persistent"}}

From tinyG: [18:38:09] [di1fn] input function          2 [0=none,1=limit,2=interlock,3=shutdown]

From tinyG: [18:38:09] tinyg [mm] ok> 

From tinyG: [18:38:09] tinyg [mm] ok> 

From tinyG: [18:38:09] posz:-7.182,vel:800.00,stat:5

From tinyG: [18:38:09] posz:-4.506

From tinyG: [18:38:10] posz:-1.849

From tinyG: [18:38:10] posz:0.000,posa:-29.905,vel:449.88

From tinyG: [18:38:10] posa:-15.041,vel:412.67

From tinyG: [18:38:10] posa:-15.000,vel:0.00,stat:3

Out > [18:38:10] g90 g0 a-10

Out > [18:38:10] g90 g0 a-15

From tinyG: [18:38:10] tinyg [mm] ok> 

From tinyG: [18:38:10] tinyg [mm] ok> 

From tinyG: [18:38:10] posa:-11.115,vel:2609.07,stat:5

From tinyG: [18:38:11] posa:-15.000,vel:0.00,stat:3

Out > [18:38:11] g91 g1 a30 f250

Out > [18:38:11] g90 g0 z-5

From tinyG: [18:38:11] tinyg [mm] ok> 

From tinyG: [18:38:11] tinyg [mm] ok> 

From tinyG: [18:38:11] posa:-14.209,vel:250.00,dist:1,momo:1,stat:5

From tinyG: [18:38:11] posa:-13.365

From tinyG: [18:38:11] posa:-12.528

From tinyG: [18:38:11] posa:-11.697

From tinyG: [18:38:12] posa:-10.859

From tinyG: [18:38:12] posa:-10.015

From tinyG: [18:38:12] posa:-9.178

From tinyG: [18:38:12] posa:-8.347

From tinyG: [18:38:12] posa:-7.509

From tinyG: [18:38:13] posa:-6.678

From tinyG: [18:38:13] posa:-5.841

From tinyG: [18:38:13] posa:-4.997

From tinyG: [18:38:13] posa:-4.160

From tinyG: [18:38:14] posa:-3.329

From tinyG: [18:38:14] posa:-2.492

From tinyG: [18:38:14] posa:-1.660

From tinyG: [18:38:14] posa:-0.823

From tinyG: [18:38:14] posa:-0.026,vel:1.78,stat:6

From tinyG: [18:38:14] vel:0.00

From tinyG: [18:38:14] tinyg [mm] ok> 

From tinyG: [18:38:14] dist:0,momo:0,stat:3

From tinyG: [18:38:14] [di1fn] input function          0 [0=none,1=limit,2=interlock,3=shutdown]

From tinyG: [18:38:14] tinyg [mm] ok> 

From tinyG: [18:38:14] A position:         -0.026 deg

From tinyG: [18:38:14] tinyg [mm] ok> 

Out > [18:38:14] g90 g0 z1

Out > [18:38:14] g90 g0 z0

From tinyG: [18:38:14] tinyg [mm] ok> 

From tinyG: [18:38:14] tinyg [mm] ok> 

From tinyG: [18:38:15] posz:0.990,vel:100.54,stat:5

From tinyG: [18:38:15] posz:0.000,vel:6.26

From tinyG: [18:38:15] vel:0.00,stat:3

