[12:50:56] Starting Log file for session: 20201030-125056

From tinyG: [12:50:57] {"r":{"fv":0.98,"fb":86.03,"hp":3,"hv":0,"id":"0213-0215-0515","msg":"SYSTEM READY"},"f":[1,0,1]}

From tinyG: [12:50:57] tinyg [mm] ok> 

From tinyG: [12:50:57] [ej]  enable json mode            0 [0=text,1=JSON]

From tinyG: [12:50:57] tinyg [mm] ok> 

Out > [12:51:01] g28.2a0

Out > [12:51:01] $di1fn=0

Out > [12:51:04] g90 g0 a30

From tinyG: [12:51:04] tinyg [mm] ok> 

From tinyG: [12:51:04] posa:-5.646,feed:2000.00,vel:2000.00,coor:0,dist:1,momo:1,stat:9

From tinyG: [12:51:04] posa:-10.000,vel:0.03

From tinyG: [12:51:04] posa:-4.325,vel:2000.00

From tinyG: [12:51:04] posa:1.299,vel:0.81

From tinyG: [12:51:04] vel:0.00

From tinyG: [12:51:04] posa:-4.347,vel:2000.00

From tinyG: [12:51:04] posa:-8.701,vel:0.03

From tinyG: [12:51:04] posa:-7.754,feed:300.00,vel:300.00

From tinyG: [12:51:04] posa:-6.749

From tinyG: [12:51:04] posa:-5.744

From tinyG: [12:51:04] posa:-4.747

From tinyG: [12:51:04] posa:-3.742

From tinyG: [12:51:04] posa:-2.745

From tinyG: [12:51:04] posa:-1.740

From tinyG: [12:51:04] posa:-0.743

From tinyG: [12:51:04] [di1fn] input function          0 [0=none,1=limit,2=interlock,3=shutdown]

From tinyG: [12:51:04] tinyg [mm] ok> 

From tinyG: [12:51:04] tinyg [mm] ok> 

From tinyG: [12:51:04] posa:0.000,vel:0.00,stat:5

Out > [12:51:04] g90 g0 a-20 z-9

From tinyG: [12:51:04] tinyg [mm] ok> 

From tinyG: [12:51:04] posa:21.384,feed:250.00,vel:9671.33,coor:1,dist:0,momo:0

Out > [12:51:04] g90 g0 a30

From tinyG: [12:51:04] tinyg [mm] ok> 

From tinyG: [12:51:04] posz:-0.593,posa:26.704,vel:4221.90

From tinyG: [12:51:04] posz:-3.245,posa:11.974,vel:4515.87

From tinyG: [12:51:05] posz:-5.922,posa:-2.902

From tinyG: [12:51:05] posz:-8.567,posa:-17.594,vel:4048.41

From tinyG: [12:51:05] posz:-9.000,posa:-14.207,vel:8705.25

From tinyG: [12:51:05] posa:18.977,vel:9995.55

From tinyG: [12:51:05] posa:30.000,vel:0.00,stat:3

Out > [12:51:05] g90 g0 z0

Out > [12:51:05] g90 g0 a-30

From tinyG: [12:51:05] tinyg [mm] ok> 

From tinyG: [12:51:05] tinyg [mm] ok> 

From tinyG: [12:51:06] posz:-7.182,vel:800.00,stat:5

From tinyG: [12:51:06] posz:-4.506

From tinyG: [12:51:06] posz:-1.809

From tinyG: [12:51:06] posz:0.000,posa:29.897,vel:465.80

From tinyG: [12:51:06] posa:4.672,vel:10000.00

From tinyG: [12:51:07] posa:-27.370,vel:6148.01

From tinyG: [12:51:07] posa:-30.000,vel:0.00,stat:3

Out > [12:51:07] g90 g0 a20 z-9

Out > [12:51:07] g90 g0 a-30

From tinyG: [12:51:07] tinyg [mm] ok> 

From tinyG: [12:51:07] tinyg [mm] ok> 

From tinyG: [12:51:07] posz:-1.819,posa:-19.896,vel:4515.87,stat:5

From tinyG: [12:51:07] posz:-4.496,posa:-5.020

From tinyG: [12:51:07] posz:-7.154,posa:9.745

From tinyG: [12:51:08] posz:-9.000,posa:19.658,vel:1190.04

From tinyG: [12:51:08] posa:-6.261,vel:10000.00

From tinyG: [12:51:08] posa:-29.994,vel:107.13

From tinyG: [12:51:08] posa:-30.000,vel:0.00,stat:3

Out > [12:51:08] g90 g0 z0

Out > [12:51:08] $di1fn=2

Out > [12:51:08] g90 g0 a-15

From tinyG: [12:51:08] tinyg [mm] ok> 

From tinyG: [12:51:08] {"er":{"fb":86.03,"st":9,"msg":"File not open - write_persistent"}}

From tinyG: [12:51:08] [di1fn] input function          2 [0=none,1=limit,2=interlock,3=shutdown]

From tinyG: [12:51:08] tinyg [mm] ok> 

From tinyG: [12:51:08] tinyg [mm] ok> 

From tinyG: [12:51:09] posz:-7.182,vel:800.00,stat:5

From tinyG: [12:51:09] posz:-4.506

From tinyG: [12:51:09] posz:-1.809

From tinyG: [12:51:09] posz:0.000,posa:-29.892,vel:503.18

From tinyG: [12:51:09] posa:-15.032,vel:349.30

From tinyG: [12:51:10] posa:-15.000,vel:0.00,stat:3

Out > [12:51:10] g90 g0 a-10

Out > [12:51:10] g90 g0 a-15

From tinyG: [12:51:10] tinyg [mm] ok> 

From tinyG: [12:51:10] tinyg [mm] ok> 

From tinyG: [12:51:10] posa:-11.115,vel:2609.07,stat:5

From tinyG: [12:51:10] posa:-15.000,vel:0.00,stat:3

Out > [12:51:10] g91 g1 a30 f250

Out > [12:51:10] g90 g0 z-5

From tinyG: [12:51:10] tinyg [mm] ok> 

From tinyG: [12:51:10] tinyg [mm] ok> 

From tinyG: [12:51:10] posa:-14.209,vel:250.00,dist:1,momo:1,stat:5

From tinyG: [12:51:11] posa:-13.365

From tinyG: [12:51:11] posa:-12.528

From tinyG: [12:51:11] posa:-11.697

From tinyG: [12:51:11] posa:-10.859

From tinyG: [12:51:11] posa:-10.015

From tinyG: [12:51:12] posa:-9.178

From tinyG: [12:51:12] posa:-8.347

From tinyG: [12:51:12] posa:-7.509

From tinyG: [12:51:12] posa:-6.666

From tinyG: [12:51:12] posa:-5.829

From tinyG: [12:51:13] posa:-4.997

From tinyG: [12:51:13] posa:-4.160

From tinyG: [12:51:13] posa:-3.329

From tinyG: [12:51:13] posa:-2.492

From tinyG: [12:51:13] posa:-1.660

From tinyG: [12:51:14] posa:-0.823

From tinyG: [12:51:14] posa:-0.020,vel:18.33,stat:6

From tinyG: [12:51:14] tinyg [mm] ok> 

From tinyG: [12:51:14] [di1fn] input function          0 [0=none,1=limit,2=interlock,3=shutdown]

From tinyG: [12:51:14] tinyg [mm] ok> 

From tinyG: [12:51:14] A position:         -0.019 deg

From tinyG: [12:51:14] tinyg [mm] ok> 

Out > [12:51:14] g90 g0 z1

Out > [12:51:14] g90 g0 z0

From tinyG: [12:51:14] tinyg [mm] ok> 

From tinyG: [12:51:14] tinyg [mm] ok> 

From tinyG: [12:51:14] posz:0.012,vel:79.10,dist:0,momo:0,stat:5

From tinyG: [12:51:14] posz:0.952,vel:148.43

From tinyG: [12:51:14] posz:0.000,vel:0.00,stat:3

Out > [12:51:14] EOF

Out > [12:51:14] !%~

Out > [12:51:14] g28.2a0

From tinyG: [12:51:14] tinyg [mm] ok> 

From tinyG: [12:51:14] tinyg [mm] ok> 

From tinyG: [12:51:15] posa:-5.665,feed:2000.00,vel:2000.00,coor:0,dist:1,momo:1,stat:9

Out > [12:51:15] $di1fn=0

Out > [12:51:17] g90 g0 a30

From tinyG: [12:51:17] posa:-10.019,vel:0.03

From tinyG: [12:51:17] posa:-4.345,vel:2000.00

From tinyG: [12:51:17] posa:1.230,vel:0.03

From tinyG: [12:51:17] vel:0.00

From tinyG: [12:51:17] posa:-4.416,vel:2000.00

From tinyG: [12:51:17] posa:-8.770,vel:0.03

From tinyG: [12:51:17] posa:-7.823,feed:300.00,vel:300.00

From tinyG: [12:51:17] posa:-6.818

From tinyG: [12:51:17] posa:-5.814

From tinyG: [12:51:17] posa:-4.816

From tinyG: [12:51:17] posa:-3.812

From tinyG: [12:51:17] posa:-2.814

From tinyG: [12:51:17] posa:-1.810

From tinyG: [12:51:17] posa:-0.812

From tinyG: [12:51:17] [di1fn] input function          0 [0=none,1=limit,2=interlock,3=shutdown]

From tinyG: [12:51:17] tinyg [mm] ok> 

From tinyG: [12:51:17] tinyg [mm] ok> 

From tinyG: [12:51:18] posa:0.000,vel:0.00,stat:5

From tinyG: [12:51:18] posa:21.432,feed:250.00,vel:9783.57,coor:1,dist:0,momo:0

Out > [12:51:18] g90 g0 a-20 z-9

From tinyG: [12:51:18] tinyg [mm] ok> 

From tinyG: [12:51:18] posz:-0.242,posa:28.657,vel:3073.27

From tinyG: [12:51:18] posz:-2.834,posa:14.142,vel:4515.87

From tinyG: [12:51:18] posz:-5.507,posa:-0.596

From tinyG: [12:51:19] posz:-8.160,posa:-15.335,vel:4515.86

From tinyG: [12:51:19] posz:-9.000,posa:-20.000,vel:0.00,stat:3

Out > [12:51:19] g90 g0 a30

Out > [12:51:19] g90 g0 z0

From tinyG: [12:51:19] tinyg [mm] ok> 

From tinyG: [12:51:19] tinyg [mm] ok> 

From tinyG: [12:51:19] posa:1.461,vel:10000.00,stat:5

From tinyG: [12:51:19] posa:29.613,vel:1627.20

From tinyG: [12:51:19] posz:-7.410,posa:30.000,vel:800.00

From tinyG: [12:51:20] posz:-4.734

From tinyG: [12:51:20] posz:-2.058

From tinyG: [12:51:20] posz:-0.002,vel:24.12

From tinyG: [12:51:20] posz:0.000,vel:0.00,stat:3

Out > [12:51:20] g90 g0 a-30

Out > [12:51:20] g90 g0 a20 z-9

From tinyG: [12:51:20] tinyg [mm] ok> 

From tinyG: [12:51:20] tinyg [mm] ok> 

From tinyG: [12:51:21] posa:8.501,vel:10000.00,stat:5

From tinyG: [12:51:21] posa:-24.512,vel:8278.45

From tinyG: [12:51:21] posz:-0.847,posa:-25.294,vel:4509.22

From tinyG: [12:51:21] posz:-3.504,posa:-10.531,vel:4515.87

From tinyG: [12:51:21] posz:-6.182,posa:4.345

From tinyG: [12:51:22] posz:-8.772,posa:18.733,vel:3073.27

From tinyG: [12:51:22] posz:-9.000,posa:20.000,vel:0.00,stat:3

Out > [12:51:22] g90 g0 a-30

Out > [12:51:22] g90 g0 z0

From tinyG: [12:51:22] tinyg [mm] ok> 

From tinyG: [12:51:22] tinyg [mm] ok> 

From tinyG: [12:51:22] posa:-1.461,vel:10000.00,stat:5

From tinyG: [12:51:22] posa:-29.613,vel:1627.20

From tinyG: [12:51:22] posz:-7.410,posa:-30.000,vel:800.00

From tinyG: [12:51:23] posz:-4.734

From tinyG: [12:51:23] posz:-2.058

From tinyG: [12:51:23] posz:-0.002,vel:24.12

From tinyG: [12:51:23] posz:0.000,vel:0.00,stat:3

Out > [12:51:23] $di1fn=2

Out > [12:51:23] g90 g0 a-15

Out > [12:51:23] g90 g0 a-10

From tinyG: [12:51:23] [di1fn] input function          2 [0=none,1=limit,2=interlock,3=shutdown]

From tinyG: [12:51:23] tinyg [mm] ok> 

From tinyG: [12:51:23] tinyg [mm] ok> 

From tinyG: [12:51:23] tinyg [mm] ok> 

From tinyG: [12:51:23] posa:-13.775,vel:5721.53,stat:5

From tinyG: [12:51:24] posa:-10.000,vel:0.00,stat:3

Out > [12:51:24] g90 g0 a-15

Out > [12:51:24] g91 g1 a30 f250

From tinyG: [12:51:24] tinyg [mm] ok> 

From tinyG: [12:51:24] tinyg [mm] ok> 

From tinyG: [12:51:24] posa:-14.863,vel:250.00,dist:1,momo:1,stat:5

From tinyG: [12:51:24] posa:-14.025

From tinyG: [12:51:24] posa:-13.188

From tinyG: [12:51:25] posa:-12.350

From tinyG: [12:51:25] posa:-11.519

From tinyG: [12:51:25] posa:-10.675

From tinyG: [12:51:25] posa:-9.838

From tinyG: [12:51:25] posa:-9.007

From tinyG: [12:51:26] posa:-8.169

From tinyG: [12:51:26] posa:-7.326

From tinyG: [12:51:26] posa:-6.488

From tinyG: [12:51:26] posa:-5.657

From tinyG: [12:51:26] posa:-4.820

From tinyG: [12:51:27] posa:-3.989

From tinyG: [12:51:27] posa:-3.151

From tinyG: [12:51:27] posa:-2.320

From tinyG: [12:51:27] posa:-1.483

From tinyG: [12:51:27] posa:-0.651

From tinyG: [12:51:28] posa:-0.042,vel:0.00,stat:6

From tinyG: [12:51:28] tinyg [mm] ok> 

From tinyG: [12:51:28] stat:3

From tinyG: [12:51:28] [di1fn] input function          0 [0=none,1=limit,2=interlock,3=shutdown]

From tinyG: [12:51:28] tinyg [mm] ok> 

From tinyG: [12:51:28] A position:         -0.042 deg

From tinyG: [12:51:28] tinyg [mm] ok> 

Out > [12:51:28] g90 g0 z-5

Out > [12:51:28] g90 g0 z1

From tinyG: [12:51:28] tinyg [mm] ok> 

From tinyG: [12:51:28] tinyg [mm] ok> 

From tinyG: [12:51:28] posz:-1.818,vel:800.00,dist:0,momo:0,stat:5

From tinyG: [12:51:28] posz:-4.483,vel:734.21

From tinyG: [12:51:28] posz:-4.234,vel:795.19

From tinyG: [12:51:29] posz:-1.578,vel:800.00

From tinyG: [12:51:29] posz:0.910,vel:322.08

From tinyG: [12:51:29] posz:1.000,vel:0.00,stat:3

Out > [12:51:29] g90 g0 z0

Out > [12:51:29] EOF

Out > [12:51:29] !%~

From tinyG: [12:51:29] tinyg [mm] ok> 

