[11:58:21] Starting Log file for session: 20201030-115821

From tinyG: [11:58:22] {"r":{"fv":0.98,"fb":86.03,"hp":3,"hv":0,"id":"0213-0215-0515","msg":"SYSTEM READY"},"f":[1,0,1]}

From tinyG: [11:58:22] tinyg [mm] ok> 

From tinyG: [11:58:22] {"er":{"fb":86.03,"st":9,"msg":"File not open - write_persistent"}}

From tinyG: [11:58:22] [ej]  enable json mode            0 [0=text,1=JSON]

From tinyG: [11:58:22] tinyg [mm] ok> 

Out > [11:58:26] g28.2a0

Out > [11:58:26] $di1fn=0

From tinyG: [11:58:26] tinyg [mm] ok> 

From tinyG: [11:58:26] coor:0,dist:1,stat:9

Out > [11:58:40] g90 g0 a30

Out > [11:58:40] g90 g0 a-20 z-9

From tinyG: [11:58:40] posa:-5.687,feed:2000.00,vel:2000.00,momo:1

From tinyG: [11:58:40] posa:-10.042,vel:0.03

From tinyG: [11:58:40] posa:-4.367,vel:2000.00

From tinyG: [11:58:40] posa:2.283

From tinyG: [11:58:40] posa:8.983

From tinyG: [11:58:40] posa:15.733

From tinyG: [11:58:40] posa:22.433

From tinyG: [11:58:40] posa:29.083

From tinyG: [11:58:40] posa:35.783

From tinyG: [11:58:40] posa:42.432

From tinyG: [11:58:40] posa:49.132

From tinyG: [11:58:40] posa:55.782

From tinyG: [11:58:40] posa:62.482

From tinyG: [11:58:40] posa:69.132

From tinyG: [11:58:40] posa:75.833

From tinyG: [11:58:40] posa:82.483

From tinyG: [11:58:40] posa:89.184

From tinyG: [11:58:40] posa:95.834

From tinyG: [11:58:40] posa:102.534

From tinyG: [11:58:40] posa:109.185

From tinyG: [11:58:40] posa:115.885

From tinyG: [11:58:40] posa:122.536

From tinyG: [11:58:40] posa:129.236

From tinyG: [11:58:40] posa:135.886

From tinyG: [11:58:40] posa:142.637

From tinyG: [11:58:40] posa:149.337

From tinyG: [11:58:40] posa:155.988

From tinyG: [11:58:40] posa:162.688

From tinyG: [11:58:40] posa:169.439

From tinyG: [11:58:40] posa:176.139

From tinyG: [11:58:40] posa:182.789

From tinyG: [11:58:40] posa:189.490

From tinyG: [11:58:40] posa:196.240

From tinyG: [11:58:40] posa:202.941

From tinyG: [11:58:40] posa:209.591

From tinyG: [11:58:40] posa:216.291

From tinyG: [11:58:40] posa:223.042

From tinyG: [11:58:40] posa:229.742

From tinyG: [11:58:40] posa:236.393

From tinyG: [11:58:40] posa:243.093

From tinyG: [11:58:40] posa:249.843

From tinyG: [11:58:40] posa:256.544

From tinyG: [11:58:40] posa:263.192

From tinyG: [11:58:40] posa:269.890

From tinyG: [11:58:40] posa:276.539

From tinyG: [11:58:40] posa:283.237

From tinyG: [11:58:40] posa:289.986

From tinyG: [11:58:40] posa:296.684

From tinyG: [11:58:40] posa:303.332

From tinyG: [11:58:40] posa:310.031

From tinyG: [11:58:40] posa:316.679

From tinyG: [11:58:40] posa:323.377

From tinyG: [11:58:40] posa:330.026

From tinyG: [11:58:40] posa:336.724

From tinyG: [11:58:40] posa:343.372

From tinyG: [11:58:40] posa:350.071

From tinyG: [11:58:40] posa:356.719

From tinyG: [11:58:40] posa:361.143,vel:0.00

From tinyG: [11:58:40] posa:355.498,vel:2000.00

From tinyG: [11:58:40] posa:351.143,vel:0.03

From tinyG: [11:58:40] posa:352.091,feed:300.00,vel:300.00

From tinyG: [11:58:40] posa:353.097

From tinyG: [11:58:40] posa:354.103

From tinyG: [11:58:40] posa:355.102

From tinyG: [11:58:40] posa:356.108

From tinyG: [11:58:40] posa:357.106

From tinyG: [11:58:40] posa:358.112

From tinyG: [11:58:40] posa:359.111

From tinyG: [11:58:40] [di1fn] input function          0 [0=none,1=limit,2=interlock,3=shutdown]

From tinyG: [11:58:40] tinyg [mm] ok> 

From tinyG: [11:58:40] tinyg [mm] ok> 

From tinyG: [11:58:40] tinyg [mm] ok> 

From tinyG: [11:58:40] posa:0.000,vel:0.00,stat:5

From tinyG: [11:58:40] posa:21.383,feed:250.00,vel:9671.40,coor:1,dist:0,momo:0

Out > [11:58:40] g90 g0 a30

From tinyG: [11:58:40] tinyg [mm] ok> 

From tinyG: [11:58:40] posz:0.383,posa:26.917,vel:3850.75

From tinyG: [11:58:40] posz:-2.287,posa:13.563,vel:4079.22

From tinyG: [11:58:40] posz:-4.944,posa:0.279

From tinyG: [11:58:41] posz:-7.621,posa:-13.105

From tinyG: [11:58:41] posz:-9.000,posa:-19.900,vel:670.00

From tinyG: [11:58:41] posa:6.748,vel:10000.00

From tinyG: [11:58:41] posa:29.997,vel:58.74

From tinyG: [11:58:41] posa:30.000,vel:0.00,stat:3

Out > [11:58:41] g90 g0 z0

Out > [11:58:41] g90 g0 a-30

From tinyG: [11:58:41] tinyg [mm] ok> 

From tinyG: [11:58:41] tinyg [mm] ok> 

From tinyG: [11:58:42] posz:-7.182,vel:800.00,stat:5

From tinyG: [11:58:42] posz:-4.506

From tinyG: [11:58:42] posz:-1.829

From tinyG: [11:58:42] posz:0.000,posa:29.909,vel:418.28

From tinyG: [11:58:42] posa:4.672,vel:10000.00

From tinyG: [11:58:43] posa:-27.370,vel:6148.01

From tinyG: [11:58:43] posa:-30.000,vel:0.00,stat:3

Out > [11:58:43] g90 g0 a20 z-9

Out > [11:58:43] g90 g0 a-30

From tinyG: [11:58:43] tinyg [mm] ok> 

From tinyG: [11:58:43] tinyg [mm] ok> 

From tinyG: [11:58:43] posz:-1.819,posa:-19.896,vel:4515.87,stat:5

From tinyG: [11:58:43] posz:-4.496,posa:-5.020

From tinyG: [11:58:44] posz:-7.154,posa:9.745

From tinyG: [11:58:44] posz:-9.000,posa:19.716,vel:1119.81

From tinyG: [11:58:44] posa:-6.012,vel:10000.00

From tinyG: [11:58:44] posa:-29.991,vel:138.40

From tinyG: [11:58:44] posa:-30.000,vel:0.00,stat:3

Out > [11:58:44] g90 g0 z0

Out > [11:58:44] $di1fn=2

Out > [11:58:44] g90 g0 a-15

From tinyG: [11:58:44] tinyg [mm] ok> 

From tinyG: [11:58:44] {"er":{"fb":86.03,"st":9,"msg":"File not open - write_persistent"}}

From tinyG: [11:58:44] [di1fn] input function          2 [0=none,1=limit,2=interlock,3=shutdown]

From tinyG: [11:58:44] tinyg [mm] ok> 

From tinyG: [11:58:44] tinyg [mm] ok> 

From tinyG: [11:58:45] posz:-7.182,vel:800.00,stat:5

From tinyG: [11:58:45] posz:-4.506

From tinyG: [11:58:45] posz:-1.849

From tinyG: [11:58:45] posz:0.000,posa:-29.905,vel:449.88

From tinyG: [11:58:45] posa:-15.041,vel:412.67

From tinyG: [11:58:46] posa:-15.000,vel:0.00,stat:3

Out > [11:58:46] g90 g0 a-10

Out > [11:58:46] g90 g0 a-15

From tinyG: [11:58:46] tinyg [mm] ok> 

From tinyG: [11:58:46] tinyg [mm] ok> 

From tinyG: [11:58:46] posa:-11.115,vel:2609.07,stat:5

From tinyG: [11:58:46] posa:-15.000,vel:0.00,stat:3

Out > [11:58:46] g91 g1 a30 f250

Out > [11:58:46] g90 g0 z-5

From tinyG: [11:58:46] tinyg [mm] ok> 

From tinyG: [11:58:46] tinyg [mm] ok> 

From tinyG: [11:58:46] posa:-14.209,vel:250.00,dist:1,momo:1,stat:5

From tinyG: [11:58:47] posa:-13.365

From tinyG: [11:58:47] posa:-12.528

From tinyG: [11:58:47] posa:-11.697

From tinyG: [11:58:47] posa:-10.859

From tinyG: [11:58:47] posa:-10.015

From tinyG: [11:58:48] posa:-9.178

From tinyG: [11:58:48] posa:-8.347

From tinyG: [11:58:48] posa:-7.509

From tinyG: [11:58:48] posa:-6.666

From tinyG: [11:58:48] posa:-5.829

From tinyG: [11:58:49] posa:-4.997

From tinyG: [11:58:49] posa:-4.160

From tinyG: [11:58:49] posa:-3.329

From tinyG: [11:58:49] posa:-2.492

From tinyG: [11:58:49] posa:-1.660

From tinyG: [11:58:50] posa:-0.823

From tinyG: [11:58:50] posa:-0.026,vel:7.44,stat:6

From tinyG: [11:58:50] tinyg [mm] ok> 

From tinyG: [11:58:50] [di1fn] input function          0 [0=none,1=limit,2=interlock,3=shutdown]

From tinyG: [11:58:50] tinyg [mm] ok> 

Out > [11:58:50] g90 g0 z1

Out > [11:58:50] g90 g0 z0

From tinyG: [11:58:50] A position:         -0.026 deg

From tinyG: [11:58:50] tinyg [mm] ok> 

From tinyG: [11:58:50] tinyg [mm] ok> 

From tinyG: [11:58:50] tinyg [mm] ok> 

From tinyG: [11:58:50] posz:0.007,vel:53.18,dist:0,momo:0,stat:5

From tinyG: [11:58:50] posz:0.962,vel:128.85

From tinyG: [11:58:50] posz:0.000,vel:0.00,stat:3

Out > [11:58:50] EOF

Out > [11:58:50] !%

From tinyG: [11:58:50] tinyg [mm] ok> 

From tinyG: [12:00:11] stat:3

From tinyG: [12:00:30] stat:3

From tinyG: [12:00:30] stat:3

From tinyG: [12:00:30] stat:3

From tinyG: [12:00:33] stat:3

From tinyG: [12:00:34] stat:3

From tinyG: [12:00:34] stat:3

From tinyG: [12:00:34] stat:3

From tinyG: [12:00:35] stat:3

From tinyG: [12:00:36] stat:3

From tinyG: [12:00:36] stat:3

From tinyG: [12:00:37] stat:3

From tinyG: [12:00:38] stat:3

From tinyG: [12:00:38] stat:3

