[11:45:36] Starting Log file for session: 20201030-114536

From tinyG: [11:45:39] {"r":{"fv":0.98,"fb":86.03,"hp":3,"hv":0,"id":"0213-0215-0515","msg":"SYSTEM READY"},"f":[1,0,1]}

From tinyG: [11:45:39] tinyg [mm] ok> 

From tinyG: [11:45:39] [ej]  enable json mode            0 [0=text,1=JSON]

From tinyG: [11:45:39] tinyg [mm] ok> 

Out > [11:45:44] g28.2a0

From tinyG: [11:45:44] tinyg [mm] ok> 

Out > [11:45:44] $di1fn=0

Out > [11:45:47] g90 g0 a30

From tinyG: [11:45:48] posa:-5.634,feed:2000.00,vel:2000.00,coor:0,dist:1,momo:1,stat:9

From tinyG: [11:45:48] posa:-9.988,vel:0.03

From tinyG: [11:45:48] posa:-4.314,vel:2000.00

From tinyG: [11:45:48] posa:1.311,vel:0.81

From tinyG: [11:45:48] vel:0.00

From tinyG: [11:45:48] posa:-4.335,vel:2000.00

From tinyG: [11:45:48] posa:-8.689,vel:0.03

From tinyG: [11:45:48] posa:-7.742,feed:300.00,vel:300.00

From tinyG: [11:45:48] posa:-6.737

From tinyG: [11:45:48] posa:-5.732

From tinyG: [11:45:48] posa:-4.735

From tinyG: [11:45:48] posa:-3.730

From tinyG: [11:45:48] posa:-2.733

From tinyG: [11:45:48] posa:-1.728

From tinyG: [11:45:48] posa:-0.731

From tinyG: [11:45:48] [di1fn] input function          0 [0=none,1=limit,2=interlock,3=shutdown]

From tinyG: [11:45:48] tinyg [mm] ok> 

From tinyG: [11:45:48] tinyg [mm] ok> 

From tinyG: [11:45:48] posa:0.000,vel:0.00,stat:5

Out > [11:45:48] g90 g0 a-20 z-9

From tinyG: [11:45:48] tinyg [mm] ok> 

From tinyG: [11:45:48] posa:21.432,feed:250.00,vel:9783.57,coor:1,dist:0,momo:0

Out > [11:45:48] g90 g0 a30

From tinyG: [11:45:48] tinyg [mm] ok> 

From tinyG: [11:45:48] posz:-0.242,posa:28.657,vel:3073.27

From tinyG: [11:45:48] posz:-2.838,posa:14.123,vel:4515.87

From tinyG: [11:45:48] posz:-5.516,posa:-0.642

From tinyG: [11:45:49] posz:-8.213,posa:-15.626,vel:4496.64

From tinyG: [11:45:49] posz:-9.000,posa:-13.887,vel:8546.48

From tinyG: [11:45:49] posa:19.224,vel:9990.70

From tinyG: [11:45:49] posa:30.000,vel:0.00,stat:3

Out > [11:45:49] g90 g0 z0

Out > [11:45:49] g90 g0 a-30

From tinyG: [11:45:49] tinyg [mm] ok> 

From tinyG: [11:45:49] tinyg [mm] ok> 

From tinyG: [11:45:49] posz:-7.162,vel:800.00,stat:5

From tinyG: [11:45:50] posz:-4.506

From tinyG: [11:45:50] posz:-1.809

From tinyG: [11:45:50] posz:0.000,posa:29.897,vel:465.80

From tinyG: [11:45:50] posa:4.672,vel:10000.00

From tinyG: [11:45:50] posa:-27.370,vel:6148.01

From tinyG: [11:45:51] posa:-30.000,vel:0.00,stat:3

Out > [11:45:51] g90 g0 a20 z-9

Out > [11:45:51] g90 g0 a-30

From tinyG: [11:45:51] tinyg [mm] ok> 

From tinyG: [11:45:51] tinyg [mm] ok> 

From tinyG: [11:45:51] posz:-1.819,posa:-19.896,vel:4515.87,stat:5

From tinyG: [11:45:51] posz:-4.496,posa:-5.020

From tinyG: [11:45:51] posz:-7.154,posa:9.745

From tinyG: [11:45:52] posz:-9.000,posa:19.716,vel:1119.81

From tinyG: [11:45:52] posa:-6.012,vel:10000.00

From tinyG: [11:45:52] posa:-29.991,vel:138.40

From tinyG: [11:45:52] posa:-30.000,vel:0.00,stat:3

Out > [11:45:52] g90 g0 z0

Out > [11:45:52] $di1fn=2

Out > [11:45:52] g90 g0 a-15

From tinyG: [11:45:52] tinyg [mm] ok> 

From tinyG: [11:45:52] {"er":{"fb":86.03,"st":9,"msg":"File not open - write_persistent"}}

From tinyG: [11:45:52] [di1fn] input function          2 [0=none,1=limit,2=interlock,3=shutdown]

From tinyG: [11:45:52] tinyg [mm] ok> 

From tinyG: [11:45:52] tinyg [mm] ok> 

From tinyG: [11:45:52] posz:-7.182,vel:800.00,stat:5

From tinyG: [11:45:53] posz:-4.506

From tinyG: [11:45:53] posz:-1.849

From tinyG: [11:45:53] posz:0.000,posa:-29.905,vel:449.88

From tinyG: [11:45:53] posa:-15.041,vel:412.67

From tinyG: [11:45:53] posa:-15.000,vel:0.00,stat:3

Out > [11:45:53] g90 g0 a-10

Out > [11:45:53] g90 g0 a-15

From tinyG: [11:45:53] tinyg [mm] ok> 

From tinyG: [11:45:54] tinyg [mm] ok> 

From tinyG: [11:45:54] posa:-11.115,vel:2609.07,stat:5

From tinyG: [11:45:54] posa:-15.000,vel:0.00,stat:3

Out > [11:45:54] g91 g1 a30 f250

Out > [11:45:54] g90 g0 z-5

From tinyG: [11:45:54] tinyg [mm] ok> 

From tinyG: [11:45:54] tinyg [mm] ok> 

From tinyG: [11:45:54] posa:-14.209,vel:250.00,dist:1,momo:1,stat:5

From tinyG: [11:45:54] posa:-13.365

From tinyG: [11:45:55] posa:-12.528

From tinyG: [11:45:55] posa:-11.697

From tinyG: [11:45:55] posa:-10.859

From tinyG: [11:45:55] posa:-10.015

From tinyG: [11:45:55] posa:-9.178

From tinyG: [11:45:56] posa:-8.347

From tinyG: [11:45:56] posa:-7.509

From tinyG: [11:45:56] posa:-6.678

From tinyG: [11:45:56] posa:-5.841

From tinyG: [11:45:56] posa:-5.010

From tinyG: [11:45:57] posa:-4.173

From tinyG: [11:45:57] posa:-3.341

From tinyG: [11:45:57] posa:-2.504

From tinyG: [11:45:57] posa:-1.673

From tinyG: [11:45:57] posa:-0.836

From tinyG: [11:45:58] posa:-0.026,vel:34.79,stat:6

From tinyG: [11:45:58] tinyg [mm] ok> 

From tinyG: [11:45:58] [di1fn] input function          0 [0=none,1=limit,2=interlock,3=shutdown]

From tinyG: [11:45:58] tinyg [mm] ok> 

From tinyG: [11:45:58] A position:         -0.026 deg

From tinyG: [11:45:58] tinyg [mm] ok> 

Out > [11:45:58] g90 g0 z1

Out > [11:45:58] g90 g0 z0

From tinyG: [11:45:58] tinyg [mm] ok> 

From tinyG: [11:45:58] tinyg [mm] ok> 

From tinyG: [11:45:58] vel:0.00,stat:5

From tinyG: [11:45:58] posz:0.990,vel:100.54,dist:0,momo:0

From tinyG: [11:45:58] posz:0.000,vel:6.26

From tinyG: [11:45:58] vel:0.00,stat:3

Out > [11:45:58] EOF

Out > [11:45:58] !%

Out > [11:45:58] g28.2a0

From tinyG: [11:45:58] tinyg [mm] ok> 

From tinyG: [11:45:58] tinyg [mm] ok> 

From tinyG: [11:45:59] posa:-5.672,feed:2000.00,vel:2000.00,coor:0,dist:1,momo:1,stat:9

Out > [11:45:59] $di1fn=0

Out > [11:46:02] g90 g0 a30

From tinyG: [11:46:02] posa:-10.026,vel:0.03

From tinyG: [11:46:02] posa:-4.351,vel:2000.00

From tinyG: [11:46:02] posa:1.223,vel:0.03

From tinyG: [11:46:02] vel:0.00

From tinyG: [11:46:02] posa:-4.423,vel:2000.00

From tinyG: [11:46:02] posa:-8.777,vel:0.03

From tinyG: [11:46:02] posa:-7.829,feed:300.00,vel:300.00

From tinyG: [11:46:02] posa:-6.825

From tinyG: [11:46:02] posa:-5.820

From tinyG: [11:46:02] posa:-4.823

From tinyG: [11:46:02] posa:-3.818

From tinyG: [11:46:02] posa:-2.821

From tinyG: [11:46:02] posa:-1.816

From tinyG: [11:46:02] posa:-0.819

From tinyG: [11:46:02] [di1fn] input function          0 [0=none,1=limit,2=interlock,3=shutdown]

From tinyG: [11:46:02] tinyg [mm] ok> 

From tinyG: [11:46:02] tinyg [mm] ok> 

From tinyG: [11:46:02] posa:0.000,vel:0.00,stat:5

From tinyG: [11:46:02] posa:21.432,feed:250.00,vel:9783.57,coor:1,dist:0,momo:0

Out > [11:46:02] g90 g0 a-20 z-9

From tinyG: [11:46:02] tinyg [mm] ok> 

From tinyG: [11:46:02] posz:-0.242,posa:28.657,vel:3073.27

From tinyG: [11:46:02] posz:-2.834,posa:14.142,vel:4515.87

From tinyG: [11:46:02] posz:-5.507,posa:-0.596

From tinyG: [11:46:03] posz:-8.160,posa:-15.335,vel:4515.86

From tinyG: [11:46:03] posz:-9.000,posa:-20.000,vel:0.00,stat:3

Out > [11:46:03] g90 g0 a30

Out > [11:46:03] g90 g0 z0

From tinyG: [11:46:03] tinyg [mm] ok> 

From tinyG: [11:46:03] tinyg [mm] ok> 

From tinyG: [11:46:03] posa:1.461,vel:10000.00,stat:5

From tinyG: [11:46:03] posa:29.573,vel:1757.91

From tinyG: [11:46:04] posz:-7.450,posa:30.000,vel:800.00

From tinyG: [11:46:04] posz:-4.774

From tinyG: [11:46:04] posz:-2.098

From tinyG: [11:46:04] posz:-0.003,vel:35.09

From tinyG: [11:46:04] posz:0.000,vel:0.00,stat:3

Out > [11:46:04] g90 g0 a-30

Out > [11:46:04] g90 g0 a20 z-9

From tinyG: [11:46:04] tinyg [mm] ok> 

From tinyG: [11:46:04] tinyg [mm] ok> 

From tinyG: [11:46:05] posa:8.501,vel:10000.00,stat:5

From tinyG: [11:46:05] posa:-24.307,vel:8415.06

From tinyG: [11:46:05] posz:-0.847,posa:-25.294,vel:4509.22

From tinyG: [11:46:05] posz:-3.504,posa:-10.531,vel:4515.87

From tinyG: [11:46:05] posz:-6.182,posa:4.345

From tinyG: [11:46:06] posz:-8.772,posa:18.733,vel:3073.27

From tinyG: [11:46:06] posz:-9.000,posa:20.000,vel:0.00,stat:3

Out > [11:46:06] g90 g0 a-30

Out > [11:46:06] g90 g0 z0

From tinyG: [11:46:06] tinyg [mm] ok> 

From tinyG: [11:46:06] tinyg [mm] ok> 

From tinyG: [11:46:06] posa:-1.461,vel:10000.00,stat:5

From tinyG: [11:46:06] posa:-29.573,vel:1757.91

From tinyG: [11:46:07] posz:-7.450,posa:-30.000,vel:800.00

From tinyG: [11:46:07] posz:-4.774

From tinyG: [11:46:07] posz:-2.098

From tinyG: [11:46:07] posz:-0.003,vel:35.09

From tinyG: [11:46:07] posz:0.000,vel:0.00,stat:3

Out > [11:46:07] $di1fn=2

Out > [11:46:07] g90 g0 a-15

Out > [11:46:07] g90 g0 a-10

From tinyG: [11:46:07] [di1fn] input function          2 [0=none,1=limit,2=interlock,3=shutdown]

From tinyG: [11:46:07] tinyg [mm] ok> 

From tinyG: [11:46:07] tinyg [mm] ok> 

From tinyG: [11:46:07] tinyg [mm] ok> 

From tinyG: [11:46:08] posa:-13.775,vel:5721.53,stat:5

From tinyG: [11:46:08] posa:-10.000,vel:0.00,stat:3

Out > [11:46:08] g90 g0 a-15

Out > [11:46:08] g91 g1 a30 f250

From tinyG: [11:46:08] tinyg [mm] ok> 

From tinyG: [11:46:08] tinyg [mm] ok> 

From tinyG: [11:46:08] posa:-14.863,vel:250.00,dist:1,momo:1,stat:5

From tinyG: [11:46:08] posa:-14.025

From tinyG: [11:46:08] posa:-13.188

From tinyG: [11:46:09] posa:-12.356

From tinyG: [11:46:09] posa:-11.519

From tinyG: [11:46:09] posa:-10.675

From tinyG: [11:46:09] posa:-9.838

From tinyG: [11:46:09] posa:-9.007

From tinyG: [11:46:10] posa:-8.169

From tinyG: [11:46:10] posa:-7.326

From tinyG: [11:46:10] posa:-6.488

From tinyG: [11:46:10] posa:-5.657

From tinyG: [11:46:10] posa:-4.820

From tinyG: [11:46:11] posa:-3.976

From tinyG: [11:46:11] posa:-3.139

From tinyG: [11:46:11] posa:-2.307

From tinyG: [11:46:11] posa:-1.470

From tinyG: [11:46:11] posa:-0.626

From tinyG: [11:46:12] posa:-0.035,vel:0.00,stat:6

From tinyG: [11:46:12] tinyg [mm] ok> 

From tinyG: [11:46:12] stat:3

From tinyG: [11:46:12] [di1fn] input function          0 [0=none,1=limit,2=interlock,3=shutdown]

From tinyG: [11:46:12] tinyg [mm] ok> 

From tinyG: [11:46:12] A position:         -0.035 deg

From tinyG: [11:46:12] tinyg [mm] ok> 

Out > [11:46:12] g90 g0 z-5

Out > [11:46:12] g90 g0 z1

From tinyG: [11:46:12] tinyg [mm] ok> 

From tinyG: [11:46:12] tinyg [mm] ok> 

From tinyG: [11:46:12] posz:-1.818,vel:800.00,dist:0,momo:0,stat:5

From tinyG: [11:46:12] posz:-4.483,vel:734.21

From tinyG: [11:46:12] posz:-4.234,vel:795.19

From tinyG: [11:46:13] posz:-1.578,vel:800.00

From tinyG: [11:46:13] posz:0.910,vel:322.08

From tinyG: [11:46:13] posz:1.000,vel:0.00,stat:3

Out > [11:46:13] g90 g0 z0

Out > [11:46:13] EOF

Out > [11:46:13] !%

From tinyG: [11:46:13] tinyg [mm] ok> 

