[19:23:20] Starting Log file for session: 2020724-192320

From tinyG: [19:23:21] {r:{fv:0.98,fb:86.03,hp:3,hv:0,id:"0213-0215-0515",msg:"SYSTEM READY"},f:[1,0,1]}

From tinyG: [19:23:21] tinyg [mm] ok> 

From tinyG: [19:23:21] [ej]  enable json mode            0 [0=text,1=JSON]

From tinyG: [19:23:21] tinyg [mm] ok> 

Out > [19:23:23] G90 G0 Z-12

Out > [19:23:23] G28.2 A0

From tinyG: [19:23:23] tinyg [mm] ok> 

From tinyG: [19:23:23] tinyg [mm] ok> 

From tinyG: [19:23:23] line:0,posx:0.000,posy:0.000,posz:-12.000,posa:-2.581,feed:5000.00,vel:5000.00,unit:1,coor:0,dist:1,admo:1,frmo:1,momo:1,stat:9

Out > [19:23:23] G91 G0 A30

From tinyG: [19:23:23] posa:-9.621,feed:5000.00,vel:2706.53,dist:1,momo:1,stat:9

From tinyG: [19:23:24] posa:4.704,vel:0.00

From tinyG: [19:23:24] posa:-12.045,vel:4943.52

From tinyG: [19:23:24] posa:-14.525,feed:500.00,vel:500.00

From tinyG: [19:23:24] posa:-12.438

From tinyG: [19:23:25] posa:-10.351

From tinyG: [19:23:25] posa:-8.264

From tinyG: [19:23:25] posa:-6.177

From tinyG: [19:23:25] posa:-4.091

From tinyG: [19:23:26] posa:-2.016

From tinyG: [19:23:26] posa:0.025,vel:110.61

From tinyG: [19:23:26] tinyg [mm] ok> 

From tinyG: [19:23:26] posa:20.961,feed:250.00,vel:10948.75,momo:0,stat:5

From tinyG: [19:23:26] posa:30.000,vel:0.00,stat:3

Out > [19:23:26] $di1fn=2

Out > [19:23:26] G91 G0 A1

Out > [19:23:26] G91 G1 A-30 F250

From tinyG: [19:23:26] [di1fn] input function          2 [0=none,1=limit,2=interlock,3=shutdown]

From tinyG: [19:23:26] tinyg [mm] ok> 

From tinyG: [19:23:26] tinyg [mm] ok> 

From tinyG: [19:23:26] tinyg [mm] ok> 

From tinyG: [19:23:27] posa:30.415,vel:250.00,momo:1,stat:5

From tinyG: [19:23:27] posa:29.371

From tinyG: [19:23:27] posa:28.334

From tinyG: [19:23:27] posa:27.284

From tinyG: [19:23:28] posa:26.240

From tinyG: [19:23:28] posa:25.196

From tinyG: [19:23:28] posa:24.152

From tinyG: [19:23:28] posa:23.108

From tinyG: [19:23:29] posa:22.064

From tinyG: [19:23:29] posa:21.021

From tinyG: [19:23:29] posa:19.977

From tinyG: [19:23:29] posa:19.098,vel:0.00,stat:6

From tinyG: [19:23:30] tinyg [mm] ok> 

From tinyG: [19:23:30] stat:3

From tinyG: [19:23:30] [di1fn] input function          0 [0=none,1=limit,2=interlock,3=shutdown]

From tinyG: [19:23:30] tinyg [mm] ok> 

Out > [19:23:30] $posa

From tinyG: [19:23:30] A position:         19.098 deg

From tinyG: [19:23:30] tinyg [mm] ok> 

Out > [19:23:30] G90 G0 A9.549
Out > [19:23:51] ~

From tinyG: [19:23:51] tinyg [mm] ok> 

From tinyG: [19:23:51] posa:9.549,dist:0,momo:0,stat:3

