[13:13:19] Starting Log file for session: 20201029-131319

From tinyG: [13:14:12] {"r":{"fv":0.98,"fb":86.03,"hp":3,"hv":0,"id":"0213-0215-0515","msg":"SYSTEM READY"},"f":[1,0,1]}

From tinyG: [13:14:12] tinyg [mm] ok> 

From tinyG: [13:14:12] [ej]  enable json mode            0 [0=text,1=JSON]

From tinyG: [13:14:12] tinyg [mm] ok> 

Out > [13:14:18] $di1fn=2

Out > [13:14:18] g90 g0 a-25

Out > [13:14:18] g90 g0 a-20

From tinyG: [13:14:18] [di1fn] input function          2 [0=none,1=limit,2=interlock,3=shutdown]

From tinyG: [13:14:18] tinyg [mm] ok> 

From tinyG: [13:14:18] tinyg [mm] ok> 

From tinyG: [13:14:18] tinyg [mm] ok> 

From tinyG: [13:14:18] posa:-20.849,vel:7193.61,dist:0,momo:0,stat:5

From tinyG: [13:14:18] posa:-20.296,vel:1456.54

From tinyG: [13:14:18] posa:-20.000,vel:0.00,stat:3

Out > [13:14:18] g90 g0 a-25

Out > [13:14:18] g91 g1 a30 f250

From tinyG: [13:14:18] tinyg [mm] ok> 

From tinyG: [13:14:18] tinyg [mm] ok> 

From tinyG: [13:14:18] posa:-24.863,vel:250.00,dist:1,momo:1,stat:5

From tinyG: [13:14:19] posa:-24.031

From tinyG: [13:14:19] posa:-23.200

From tinyG: [13:14:19] posa:-22.357

From tinyG: [13:14:19] posa:-21.520

From tinyG: [13:14:19] posa:-20.682

From tinyG: [13:14:20] posa:-19.851

From tinyG: [13:14:20] posa:-19.008

From tinyG: [13:14:20] posa:-18.170

From tinyG: [13:14:20] posa:-17.339

From tinyG: [13:14:20] posa:-16.502

From tinyG: [13:14:21] posa:-15.658

From tinyG: [13:14:21] posa:-14.821

From tinyG: [13:14:21] posa:-13.990

From tinyG: [13:14:21] posa:-13.152

From tinyG: [13:14:21] posa:-12.309

From tinyG: [13:14:22] posa:-11.471

From tinyG: [13:14:22] posa:-10.640

From tinyG: [13:14:22] posa:-9.803

From tinyG: [13:14:22] posa:-8.959

From tinyG: [13:14:22] posa:-8.122

From tinyG: [13:14:23] posa:-7.290

From tinyG: [13:14:23] posa:-6.453

From tinyG: [13:14:23] posa:-5.622

From tinyG: [13:14:23] posa:-4.784

From tinyG: [13:14:23] posa:-3.953

From tinyG: [13:14:24] posa:-3.116

From tinyG: [13:14:24] posa:-2.285

From tinyG: [13:14:24] posa:-1.447

From tinyG: [13:14:24] posa:-0.616

From tinyG: [13:14:24] posa:0.006,vel:0.00,stat:6

From tinyG: [13:14:25] tinyg [mm] ok> 

From tinyG: [13:14:25] stat:3

From tinyG: [13:14:25] [di1fn] input function          0 [0=none,1=limit,2=interlock,3=shutdown]

From tinyG: [13:14:25] tinyg [mm] ok> 

Out > [13:14:25] 

Out > [13:14:25] $posa

From tinyG: [13:14:25] A position:          0.006 deg

From tinyG: [13:14:25] tinyg [mm] ok> 

Out > [13:14:27] $di1fn=2

Out > [13:14:27] g90 g0 a-25

From tinyG: [13:14:27] [di1fn] input function          2 [0=none,1=limit,2=interlock,3=shutdown]

From tinyG: [13:14:27] tinyg [mm] ok> 

From tinyG: [13:14:27] tinyg [mm] ok> 

From tinyG: [13:14:28] posa:-21.026,vel:7559.61,dist:0,momo:0,stat:5

From tinyG: [13:14:28] posa:-25.000,vel:0.00,stat:3

Out > [13:14:28] g90 g0 a-20

Out > [13:14:28] g90 g0 a-25

From tinyG: [13:14:28] tinyg [mm] ok> 

From tinyG: [13:14:28] tinyg [mm] ok> 

From tinyG: [13:14:28] posa:-21.115,vel:2609.07,stat:5

From tinyG: [13:14:28] posa:-25.000,vel:0.00,stat:3

Out > [13:14:28] g91 g1 a30 f250

Out > [13:14:28] 

From tinyG: [13:14:28] tinyg [mm] ok> 

From tinyG: [13:14:29] posa:-24.209,vel:250.00,dist:1,momo:1,stat:5

From tinyG: [13:14:29] posa:-23.371

From tinyG: [13:14:29] posa:-22.540

From tinyG: [13:14:29] posa:-21.702

From tinyG: [13:14:29] posa:-20.871

From tinyG: [13:14:30] posa:-20.033

From tinyG: [13:14:30] posa:-19.202

From tinyG: [13:14:30] posa:-18.365

From tinyG: [13:14:30] posa:-17.533

From tinyG: [13:14:30] posa:-16.696

From tinyG: [13:14:31] posa:-15.864

From tinyG: [13:14:31] posa:-15.021

From tinyG: [13:14:31] posa:-14.183

From tinyG: [13:14:31] posa:-13.352

From tinyG: [13:14:31] posa:-12.515

From tinyG: [13:14:32] posa:-11.671

From tinyG: [13:14:32] posa:-10.834

From tinyG: [13:14:32] posa:-10.003

From tinyG: [13:14:32] posa:-9.165

From tinyG: [13:14:32] posa:-8.321

From tinyG: [13:14:33] posa:-7.484

From tinyG: [13:14:33] posa:-6.653

From tinyG: [13:14:33] posa:-5.815

From tinyG: [13:14:33] posa:-4.971

From tinyG: [13:14:33] posa:-4.134

From tinyG: [13:14:34] posa:-3.303

From tinyG: [13:14:34] posa:-2.465

From tinyG: [13:14:34] posa:-1.622

From tinyG: [13:14:34] posa:-0.784

From tinyG: [13:14:34] posa:-0.005,vel:0.07,stat:6

From tinyG: [13:14:35] tinyg [mm] ok> 

From tinyG: [13:14:35] vel:0.00,stat:3

From tinyG: [13:14:35] [di1fn] input function          0 [0=none,1=limit,2=interlock,3=shutdown]

From tinyG: [13:14:35] tinyg [mm] ok> 

Out > [13:14:35] $posa

From tinyG: [13:14:35] position:         -0.005 deg

From tinyG: [13:14:35] tinyg [mm] ok> 

Out > [13:14:41] $di1fn=2

Out > [13:14:41] g90 g0 a-25

Out > [13:14:41] g90 g0 a-20

From tinyG: [13:14:41] [di1fn] input function          2 [0=none,1=limit,2=interlock,3=shutdown]

From tinyG: [13:14:41] tinyg [mm] ok> 

From tinyG: [13:14:41] tinyg [mm] ok> 

From tinyG: [13:14:41] tinyg [mm] ok> 

From tinyG: [13:14:41] posa:-20.671,vel:7193.61,dist:0,momo:0,stat:5

From tinyG: [13:14:42] posa:-20.296,vel:1456.54

From tinyG: [13:14:42] posa:-20.000,vel:0.00,stat:3

Out > [13:14:42] g90 g0 a-25

Out > [13:14:42] g91 g1 a30 f250

From tinyG: [13:14:42] tinyg [mm] ok> 

From tinyG: [13:14:42] tinyg [mm] ok> 

From tinyG: [13:14:42] posa:-24.863,vel:250.00,dist:1,momo:1,stat:5

From tinyG: [13:14:42] posa:-24.025

From tinyG: [13:14:42] posa:-23.188

From tinyG: [13:14:43] posa:-22.351

From tinyG: [13:14:43] posa:-21.520

From tinyG: [13:14:43] posa:-20.676

From tinyG: [13:14:43] posa:-19.839

From tinyG: [13:14:43] posa:-19.008

From tinyG: [13:14:44] posa:-18.170

From tinyG: [13:14:44] posa:-17.327

From tinyG: [13:14:44] posa:-16.490

From tinyG: [13:14:44] posa:-15.658

From tinyG: [13:14:44] posa:-14.821

From tinyG: [13:14:45] posa:-13.977

From tinyG: [13:14:45] posa:-13.140

From tinyG: [13:14:45] posa:-12.309

From tinyG: [13:14:45] posa:-11.471

From tinyG: [13:14:45] posa:-10.640

From tinyG: [13:14:46] posa:-9.803

From tinyG: [13:14:46] posa:-8.972

From tinyG: [13:14:46] posa:-8.134

From tinyG: [13:14:46] posa:-7.303

From tinyG: [13:14:46] posa:-6.466

From tinyG: [13:14:47] posa:-5.622

From tinyG: [13:14:47] posa:-4.784

From tinyG: [13:14:47] posa:-3.953

From tinyG: [13:14:47] posa:-3.116

From tinyG: [13:14:47] posa:-2.285

From tinyG: [13:14:48] posa:-1.447

From tinyG: [13:14:48] posa:-0.616

From tinyG: [13:14:48] posa:-0.000,vel:0.00,stat:6

From tinyG: [13:14:48] tinyg [mm] ok> 

From tinyG: [13:14:48] stat:3

From tinyG: [13:14:48] [di1fn] input function          0 [0=none,1=limit,2=interlock,3=shutdown]

From tinyG: [13:14:48] tinyg [mm] ok> 

Out > [13:14:48] 

Out > [13:14:48] $posa

From tinyG: [13:14:48] A position:         -0.000 deg

From tinyG: [13:14:48] tinyg [mm] ok> 

Out > [13:14:54] $di1fn=2

Out > [13:14:54] g90 g0 a-25

From tinyG: [13:14:54] [di1fn] input function          2 [0=none,1=limit,2=interlock,3=shutdown]

From tinyG: [13:14:54] tinyg [mm] ok> 

From tinyG: [13:14:54] tinyg [mm] ok> 

From tinyG: [13:14:55] posa:-21.026,vel:7559.61,dist:0,momo:0,stat:5

From tinyG: [13:14:55] posa:-25.000,vel:0.00,stat:3

Out > [13:14:55] g90 g0 a-20

Out > [13:14:55] g90 g0 a-25

From tinyG: [13:14:55] tinyg [mm] ok> 

From tinyG: [13:14:55] tinyg [mm] ok> 

From tinyG: [13:14:55] posa:-21.115,vel:2609.07,stat:5

From tinyG: [13:14:55] posa:-25.000,vel:0.00,stat:3

Out > [13:14:55] g91 g1 a30 f250

Out > [13:14:55] 

From tinyG: [13:14:55] tinyg [mm] ok> 

From tinyG: [13:14:56] posa:-24.209,vel:250.00,dist:1,momo:1,stat:5

From tinyG: [13:14:56] posa:-23.371

From tinyG: [13:14:56] posa:-22.540

From tinyG: [13:14:56] posa:-21.702

From tinyG: [13:14:56] posa:-20.871

From tinyG: [13:14:57] posa:-20.033

From tinyG: [13:14:57] posa:-19.202

From tinyG: [13:14:57] posa:-18.365

From tinyG: [13:14:57] posa:-17.533

From tinyG: [13:14:57] posa:-16.696

From tinyG: [13:14:58] posa:-15.864

From tinyG: [13:14:58] posa:-15.027

From tinyG: [13:14:58] posa:-14.196

From tinyG: [13:14:58] posa:-13.352

From tinyG: [13:14:58] posa:-12.515

From tinyG: [13:14:59] posa:-11.677

From tinyG: [13:14:59] posa:-10.846

From tinyG: [13:14:59] posa:-10.003

From tinyG: [13:14:59] posa:-9.165

From tinyG: [13:14:59] posa:-8.334

From tinyG: [13:15:00] posa:-7.496

From tinyG: [13:15:00] posa:-6.653

From tinyG: [13:15:00] posa:-5.815

From tinyG: [13:15:00] posa:-4.984

From tinyG: [13:15:00] posa:-4.147

From tinyG: [13:15:01] posa:-3.303

From tinyG: [13:15:01] posa:-2.465

From tinyG: [13:15:01] posa:-1.634

From tinyG: [13:15:01] posa:-0.797

From tinyG: [13:15:01] posa:-0.012,vel:0.07,stat:6

From tinyG: [13:15:01] vel:0.00

From tinyG: [13:15:01] tinyg [mm] ok> 

From tinyG: [13:15:01] stat:3

From tinyG: [13:15:01] [di1fn] input function          0 [0=none,1=limit,2=interlock,3=shutdown]

From tinyG: [13:15:01] tinyg [mm] ok> 

Out > [13:15:01] $posa

From tinyG: [13:15:01] A position:         -0.012 deg

From tinyG: [13:15:01] tinyg [mm] ok> 

