[18:20:29] Starting Log file for session: 20201029-182029

From tinyG: [18:20:29] {"r":{"fv":0.98,"fb":86.03,"hp":3,"hv":0,"id":"0213-0215-0515","msg":"SYSTEM READY"},"f":[1,0,1]}

From tinyG: [18:20:29] tinyg [mm] ok> 

From tinyG: [18:20:29] [ej]  enable json mode            0 [0=text,1=JSON]

From tinyG: [18:20:29] tinyg [mm] ok> 

Out > [18:20:32] g28.2a0

Out > [18:20:32] $di1fn=0

Out > [18:20:36] g90 g0 a30

From tinyG: [18:20:36] tinyg [mm] ok> 

From tinyG: [18:20:36] posa:-5.659,feed:2000.00,vel:2000.00,coor:0,dist:1,momo:1,stat:9

From tinyG: [18:20:36] posa:-10.013,vel:0.03

From tinyG: [18:20:36] posa:-4.339,vel:2000.00

From tinyG: [18:20:36] posa:1.236,vel:0.03

From tinyG: [18:20:36] vel:0.00

From tinyG: [18:20:36] posa:-4.410,vel:2000.00

From tinyG: [18:20:36] posa:-8.764,vel:0.03

From tinyG: [18:20:36] posa:-7.817,feed:300.00,vel:300.00

From tinyG: [18:20:36] posa:-6.812

From tinyG: [18:20:36] posa:-5.807

From tinyG: [18:20:36] posa:-4.810

From tinyG: [18:20:36] posa:-3.805

From tinyG: [18:20:36] posa:-2.808

From tinyG: [18:20:36] posa:-1.803

From tinyG: [18:20:36] posa:-0.806

From tinyG: [18:20:36] [di1fn] input function          0 [0=none,1=limit,2=interlock,3=shutdown]

From tinyG: [18:20:36] tinyg [mm] ok> 

From tinyG: [18:20:36] tinyg [mm] ok> 

Out > [18:20:36] g90 g0 a-20 z-9

From tinyG: [18:20:36] tinyg [mm] ok> 

From tinyG: [18:20:36] posa:0.000,vel:0.00,stat:5

From tinyG: [18:20:36] posa:21.383,feed:250.00,vel:9671.40,coor:1,dist:0,momo:0

Out > [18:20:36] g90 g0 a30

From tinyG: [18:20:36] tinyg [mm] ok> 

From tinyG: [18:20:36] posz:0.383,posa:26.917,vel:3850.75

From tinyG: [18:20:36] posz:-2.287,posa:13.563,vel:4079.22

From tinyG: [18:20:36] posz:-4.964,posa:0.179

From tinyG: [18:20:37] posz:-7.621,posa:-13.105

From tinyG: [18:20:37] posz:-9.000,posa:-19.860,vel:854.10

From tinyG: [18:20:37] posa:6.998,vel:10000.00

From tinyG: [18:20:37] posa:29.999,vel:41.02

From tinyG: [18:20:37] posa:30.000,vel:0.00,stat:3

Out > [18:20:38] g90 g0 z0

Out > [18:20:38] g90 g0 a-30

From tinyG: [18:20:38] tinyg [mm] ok> 

From tinyG: [18:20:38] tinyg [mm] ok> 

From tinyG: [18:20:38] posz:-7.182,vel:800.00,stat:5

From tinyG: [18:20:38] posz:-4.506

From tinyG: [18:20:38] posz:-1.809

From tinyG: [18:20:38] posz:0.000,posa:29.897,vel:465.80

From tinyG: [18:20:39] posa:4.672,vel:10000.00

From tinyG: [18:20:39] posa:-27.370,vel:6148.01

From tinyG: [18:20:39] posa:-30.000,vel:0.00,stat:3

Out > [18:20:39] g90 g0 a20 z-9

Out > [18:20:39] g90 g0 a-30

From tinyG: [18:20:39] tinyg [mm] ok> 

From tinyG: [18:20:39] tinyg [mm] ok> 

From tinyG: [18:20:39] posz:-1.819,posa:-19.896,vel:4515.87,stat:5

From tinyG: [18:20:39] posz:-4.496,posa:-5.020

From tinyG: [18:20:40] posz:-7.154,posa:9.745

From tinyG: [18:20:40] posz:-9.000,posa:19.658,vel:1190.04

From tinyG: [18:20:40] posa:-6.261,vel:10000.00

From tinyG: [18:20:40] posa:-29.994,vel:107.13

From tinyG: [18:20:40] posa:-30.000,vel:0.00,stat:3

Out > [18:20:40] g90 g0 z0

Out > [18:20:40] $di1fn=2

Out > [18:20:40] g90 g0 a-15

From tinyG: [18:20:40] tinyg [mm] ok> 

From tinyG: [18:20:40] {"er":{"fb":86.03,"st":9,"msg":"File not open - write_persistent"}}

From tinyG: [18:20:40] [di1fn] input function          2 [0=none,1=limit,2=interlock,3=shutdown]

From tinyG: [18:20:40] tinyg [mm] ok> 

From tinyG: [18:20:40] tinyg [mm] ok> 

From tinyG: [18:20:41] posz:-7.182,vel:800.00,stat:5

From tinyG: [18:20:41] posz:-4.506

From tinyG: [18:20:41] posz:-1.809

From tinyG: [18:20:41] posz:0.000,posa:-29.892,vel:503.18

From tinyG: [18:20:42] posa:-15.032,vel:349.30

From tinyG: [18:20:42] posa:-15.000,vel:0.00,stat:3

Out > [18:20:42] g90 g0 a-10

Out > [18:20:42] g90 g0 a-15

From tinyG: [18:20:42] tinyg [mm] ok> 

From tinyG: [18:20:42] tinyg [mm] ok> 

From tinyG: [18:20:42] posa:-11.115,vel:2609.07,stat:5

From tinyG: [18:20:42] posa:-15.000,vel:0.00,stat:3

Out > [18:20:42] g91 g1 a30 f250

Out > [18:20:42] g90 g0 z-5

From tinyG: [18:20:42] tinyg [mm] ok> 

From tinyG: [18:20:42] tinyg [mm] ok> 

From tinyG: [18:20:43] posa:-14.209,vel:250.00,dist:1,momo:1,stat:5

From tinyG: [18:20:43] posa:-13.365

From tinyG: [18:20:43] posa:-12.528

From tinyG: [18:20:43] posa:-11.697

From tinyG: [18:20:43] posa:-10.859

From tinyG: [18:20:44] posa:-10.028

From tinyG: [18:20:44] posa:-9.191

From tinyG: [18:20:44] posa:-8.347

From tinyG: [18:20:44] posa:-7.509

From tinyG: [18:20:44] posa:-6.678

From tinyG: [18:20:45] posa:-5.841

From tinyG: [18:20:45] posa:-5.010

From tinyG: [18:20:45] posa:-4.173

From tinyG: [18:20:45] posa:-3.341

From tinyG: [18:20:45] posa:-2.504

From tinyG: [18:20:46] posa:-1.673

From tinyG: [18:20:46] posa:-0.836

From tinyG: [18:20:46] posa:-0.057,vel:0.00,stat:6

From tinyG: [18:20:46] tinyg [mm] ok> 

From tinyG: [18:20:46] dist:0,momo:0,stat:3

From tinyG: [18:20:46] [di1fn] input function          0 [0=none,1=limit,2=interlock,3=shutdown]

From tinyG: [18:20:46] tinyg [mm] ok> 

Out > [18:20:46] g90 g0 z1

Out > [18:20:46] g90 g0 z0

From tinyG: [18:20:46] tinyg [mm] ok> 

From tinyG: [18:20:46] tinyg [mm] ok> 

From tinyG: [18:20:46] posz:0.990,vel:101.13,stat:5

From tinyG: [18:20:46] posz:0.000,vel:6.26

From tinyG: [18:20:47] vel:0.00,stat:3

Out > [18:20:47] $posa

From tinyG: [18:20:47] A position:         -0.057 deg

From tinyG: [18:20:47] tinyg [mm] ok> 

