[16:19:09] Starting Log file for session: 2020724-16199

From tinyG: [16:19:11] {r:{fv:0.98,fb:86.03,hp:3,hv:0,id:"0213-0215-0515",msg:"SYSTEM READY"},f:[1,0,1]}

From tinyG: [16:19:11] tinyg [mm] ok> 

From tinyG: [16:19:11] [ej]  enable json mode            0 [0=text,1=JSON]

From tinyG: [16:19:11] tinyg [mm] ok> 

Out > [16:19:13] G90 G0 Z-12

Out > [16:19:13] G28.2 A0

From tinyG: [16:19:13] tinyg [mm] ok> 

From tinyG: [16:19:13] tinyg [mm] ok> 

From tinyG: [16:19:13] line:0,posx:0.000,posy:0.000,posz:-12.000,posa:25.089,feed:5000.00,vel:5000.00,unit:1,coor:0,dist:1,admo:1,frmo:1,momo:1,stat:9

Out > [16:19:13] G91 G0 A30

From tinyG: [16:19:14] posa:46.089,feed:5000.00,vel:5000.00,stat:9

From tinyG: [16:19:14] posa:66.838

From tinyG: [16:19:14] posa:87.838

From tinyG: [16:19:14] posa:108.713

From tinyG: [16:19:15] posa:129.588

From tinyG: [16:19:15] posa:150.463

From tinyG: [16:19:15] posa:171.338

From tinyG: [16:19:15] posa:192.213

From tinyG: [16:19:16] posa:213.088

From tinyG: [16:19:16] posa:233.963

From tinyG: [16:19:16] posa:254.838

From tinyG: [16:19:16] posa:275.713

From tinyG: [16:19:17] posa:296.463

From tinyG: [16:19:17] posa:317.463

From tinyG: [16:19:17] posa:338.338

From tinyG: [16:19:17] posa:359.213

From tinyG: [16:19:18] posa:361.940,vel:4716.02

From tinyG: [16:19:18] posa:344.587,vel:37.64

From tinyG: [16:19:18] posa:346.043,feed:500.00,vel:500.00

From tinyG: [16:19:18] posa:348.128

From tinyG: [16:19:19] posa:350.212

From tinyG: [16:19:19] posa:352.297

From tinyG: [16:19:19] posa:354.369

From tinyG: [16:19:19] posa:356.466

From tinyG: [16:19:20] posa:358.550

From tinyG: [16:19:20] tinyg [mm] ok> 

From tinyG: [16:19:20] posa:0.000,feed:250.00,vel:1.55,momo:0,stat:5

From tinyG: [16:19:20] posa:29.178,vel:3099.62

From tinyG: [16:19:20] posa:30.000,vel:0.00,stat:3

Out > [16:19:20] $di1fn=2

Out > [16:19:20] G91 G0 A1

Out > [16:19:20] $di1ac=2

Out > [16:19:20] G91 G1 A-30 F250

From tinyG: [16:19:20] [di1fn] input function          2 [0=none,1=limit,2=interlock,3=shutdown]

From tinyG: [16:19:20] tinyg [mm] ok> 

From tinyG: [16:19:20] tinyg [mm] ok> 

From tinyG: [16:19:20] {er:{fb:86.03,st:9,msg:"File not open - write_persistent"}}

From tinyG: [16:19:20] [di1ac] input action            2 [0=none,1=stop,2=halt,3=stop_steps,4=panic,5=reset]

From tinyG: [16:19:20] tinyg [mm] ok> 

From tinyG: [16:19:20] tinyg [mm] ok> 

From tinyG: [16:19:21] posa:30.415,vel:250.00,momo:1,stat:5

From tinyG: [16:19:21] posa:29.371

From tinyG: [16:19:21] posa:28.327

From tinyG: [16:19:21] posa:27.284

From tinyG: [16:19:22] posa:26.240

From tinyG: [16:19:22] posa:25.196

From tinyG: [16:19:22] posa:24.152

From tinyG: [16:19:22] posa:23.108

From tinyG: [16:19:23] posa:22.064

From tinyG: [16:19:23] posa:21.021

From tinyG: [16:19:23] posa:19.977

From tinyG: [16:19:23] posa:18.933

From tinyG: [16:19:24] posa:17.889

From tinyG: [16:19:24] posa:16.852

From tinyG: [16:19:24] posa:15.802

From tinyG: [16:19:24] posa:14.758

From tinyG: [16:19:25] posa:13.714

From tinyG: [16:19:25] posa:12.779,vel:0.00,stat:6

Out > [16:19:25] $posa

From tinyG: [16:19:25] tinyg [mm] ok> 

From tinyG: [16:19:25] stat:3

From tinyG: [16:19:25] A position:         12.779 deg

From tinyG: [16:19:25] tinyg [mm] ok> 

From tinyG: [16:19:26] stat:3

