[11:03:31] Starting Log file for session: 20201029-11331

From tinyG: [11:03:33] {"r":{"fv":0.98,"fb":86.03,"hp":3,"hv":0,"id":"0213-0215-0515","msg":"SYSTEM READY"},"f":[1,0,1]}

From tinyG: [11:03:33] [ej]  enable json mode            0 [0=text,1=JSON]

From tinyG: [11:03:33] tinyg [mm] ok> 

From tinyG: [11:03:45] {"r":{"js":1},"f":[1,0,9]}

From tinyG: [11:03:45] {"r":{"gpa":1},"f":[1,0,10]}

From tinyG: [11:03:45] {"r":{"gun":1},"f":[1,0,10]}

From tinyG: [11:03:45] {"r":{"ja":0.20},"f":[1,0,11]}

From tinyG: [11:03:45] {"r":{"si":200},"f":[1,0,11]}

From tinyG: [11:03:45] {"r":{"jv":5},"f":[1,0,9]}

From tinyG: [11:03:45] {"r":{"mt":1},"f":[1,0,9]}

From tinyG: [11:03:45] {"r":{"sl":1},"f":[1,0,9]}

From tinyG: [11:03:45] {"r":{"1ma":1},"f":[1,0,10]}

From tinyG: [11:03:45] {"r":{"1po":0},"f":[1,0,10]}

From tinyG: [11:03:45] {"r":{"1pl":0.000},"f":[1,0,10]}

From tinyG: [11:03:45] {"r":{"1pm":0},"f":[1,0,10]}

From tinyG: [11:03:45] {"r":{"1sa":0.000},"f":[1,0,10]}

From tinyG: [11:03:45] {"r":{"1mi":0,"msg":"*** WARNING *** Setting non-standard microstep value"},"f":[1,0,10]}

From tinyG: [11:03:45] {"r":{"2ma":2},"f":[1,0,10]}

From tinyG: [11:03:45] {"r":{"2po":0},"f":[1,0,10]}

From tinyG: [11:03:45] {"r":{"2tr":1.2500},"f":[1,0,13]}

From tinyG: [11:03:45] {"r":{"2pl":1.000},"f":[1,0,10]}

From tinyG: [11:03:45] {"r":{"2pm":2},"f":[1,0,10]}

From tinyG: [11:03:45] {"r":{"2sa":1.800},"f":[1,0,12]}

From tinyG: [11:03:45] {"r":{"2mi":8},"f":[1,0,10]}

From tinyG: [11:03:45] {"r":{"3ma":0},"f":[1,0,10]}

From tinyG: [11:03:45] {"r":{"3po":1},"f":[1,0,10]}

From tinyG: [11:03:45] {"r":{"3tr":15.9593},"f":[1,0,26]}

From tinyG: [11:03:45] {"r":{"3pl":0.000},"f":[1,0,10]}

From tinyG: [11:03:45] {"r":{"3pm":2},"f":[1,0,10]}

From tinyG: [11:03:45] {"r":{"3sa":1.800},"f":[1,0,12]}

From tinyG: [11:03:45] {"r":{"3mi":10,"msg":"*** WARNING *** Setting non-standard microstep value"},"f":[1,0,11]}

From tinyG: [11:03:45] {"r":{"4ma":3},"f":[1,0,10]}

From tinyG: [11:03:45] {"r":{"4po":1},"f":[1,0,10]}

From tinyG: [11:03:45] {"r":{"4tr":9.2000},"f":[1,0,12]}

From tinyG: [11:03:45] {"r":{"4pl":0.000},"f":[1,0,10]}

From tinyG: [11:03:45] {"r":{"4pm":2},"f":[1,0,10]}

From tinyG: [11:03:45] {"r":{"4sa":1.800},"f":[1,0,12]}

From tinyG: [11:03:45] {"r":{"4mi":10,"msg":"*** WARNING *** Setting non-standard microstep value"},"f":[1,0,11]}

From tinyG: [11:03:45] {"r":{"xam":1},"f":[1,0,10]}

From tinyG: [11:03:45] {"r":{"xvm":10000},"f":[1,0,14]}

From tinyG: [11:03:45] {"r":{"xfr":10000},"f":[1,0,14]}

From tinyG: [11:03:45] {"r":{"xjm":20000},"f":[1,0,14]}

From tinyG: [11:03:45] {"r":{"xhi":0},"f":[1,0,10]}

From tinyG: [11:03:45] {"r":{"xtm":120000.000},"f":[1,0,15]}

From tinyG: [11:03:45] {"r":{"xtn":-120000.000},"f":[1,0,16]}

From tinyG: [11:03:45] {"r":{"yam":0},"f":[1,0,10]}

From tinyG: [11:03:45] {"r":{"yhi":0},"f":[1,0,10]}

From tinyG: [11:03:45] {"r":{"zam":1},"f":[1,0,10]}

From tinyG: [11:03:45] {"r":{"zvm":800},"f":[1,0,12]}

From tinyG: [11:03:45] {"r":{"zfr":800},"f":[1,0,12]}

From tinyG: [11:03:45] {"r":{"zjm":1000},"f":[1,0,13]}

From tinyG: [11:03:45] {"r":{"zhi":2},"f":[1,0,10]}

From tinyG: [11:03:45] {"r":{"zhd":0},"f":[1,0,10]}

From tinyG: [11:03:45] {"r":{"zsv":500},"f":[1,0,12]}

From tinyG: [11:03:45] {"r":{"zlv":50.00},"f":[1,0,11]}

From tinyG: [11:03:45] {"r":{"zlb":1.000},"f":[1,0,10]}

From tinyG: [11:03:45] {"r":{"ztm":5.000},"f":[1,0,10]}

From tinyG: [11:03:45] {"r":{"ztn":-19.000},"f":[1,0,12]}

From tinyG: [11:03:45] {"r":{"zzb":12.090},"f":[1,0,14]}

From tinyG: [11:03:45] {"r":{"aam":1},"f":[1,0,10]}

From tinyG: [11:03:45] {"r":{"avm":10000},"f":[1,0,14]}

From tinyG: [11:03:45] {"r":{"afr":10000},"f":[1,0,14]}

From tinyG: [11:03:45] {"r":{"ajm":10000},"f":[1,0,14]}

From tinyG: [11:03:45] {"r":{"ahi":1},"f":[1,0,10]}

From tinyG: [11:03:45] {"r":{"ahd":1},"f":[1,0,10]}

From tinyG: [11:03:45] {"r":{"asv":2000},"f":[1,0,13]}

From tinyG: [11:03:45] {"r":{"alv":300.00},"f":[1,0,12]}

From tinyG: [11:03:45] {"r":{"alb":10.000},"f":[1,0,11]}

From tinyG: [11:03:45] {"r":{"ajh":10000},"f":[1,0,14]}

From tinyG: [11:03:45] {"r":{"ajh":10000},"f":[1,0,14]}

From tinyG: [11:03:45] {"r":{"atm":3600.000},"f":[1,0,13]}

From tinyG: [11:03:45] {"r":{"atn":-3600.000},"f":[1,0,14]}

From tinyG: [11:03:45] {"r":{"azb":0.000},"f":[1,0,10]}

From tinyG: [11:03:45] {"r":{"bhi":0},"f":[1,0,10]}

From tinyG: [11:03:45] {"r":{"chi":0},"f":[1,0,10]}

From tinyG: [11:03:45] {"r":{"di8mo":-1},"f":[1,0,13]}

From tinyG: [11:03:45] {"r":{"di1mo":1},"f":[1,0,12]}

From tinyG: [11:03:45] {"r":{"di1ac":0},"f":[1,0,12]}

From tinyG: [11:03:45] {"r":{"di1fn":0},"f":[1,0,12]}

From tinyG: [11:03:45] {"r":{"di2mo":0},"f":[1,0,12]}

From tinyG: [11:03:45] {"r":{"di2ac":0},"f":[1,0,12]}

From tinyG: [11:03:45] {"r":{"di2fn":0},"f":[1,0,12]}

From tinyG: [11:03:45] [ej]  enable json mode            0 [0=text,1=JSON]

From tinyG: [11:03:45] tinyg [mm] ok> 

