[18:17:40] Starting Log file for session: 20201029-181740

From tinyG: [18:17:41] {"r":{"fv":0.98,"fb":86.03,"hp":3,"hv":0,"id":"0213-0215-0515","msg":"SYSTEM READY"},"f":[1,0,1]}

From tinyG: [18:17:41] tinyg [mm] ok> 

From tinyG: [18:17:41] [ej]  enable json mode            0 [0=text,1=JSON]

From tinyG: [18:17:41] tinyg [mm] ok> 

Out > [18:17:53] g28.2a0

Out > [18:17:53] $di1fn=0

Out > [18:17:56] g90 g0 a30

From tinyG: [18:17:56] tinyg [mm] ok> 

From tinyG: [18:17:56] posa:-5.665,feed:2000.00,vel:2000.00,coor:0,dist:1,momo:1,stat:9

From tinyG: [18:17:56] posa:-10.019,vel:0.03

From tinyG: [18:17:57] posa:-4.345,vel:2000.00

From tinyG: [18:17:57] posa:1.230,vel:0.03

From tinyG: [18:17:57] vel:0.00

From tinyG: [18:17:57] posa:-4.416,vel:2000.00

From tinyG: [18:17:57] posa:-8.770,vel:0.03

From tinyG: [18:17:57] posa:-7.823,feed:300.00,vel:300.00

From tinyG: [18:17:57] posa:-6.818

From tinyG: [18:17:57] posa:-5.814

From tinyG: [18:17:57] posa:-4.816

From tinyG: [18:17:57] posa:-3.812

From tinyG: [18:17:57] posa:-2.814

From tinyG: [18:17:57] posa:-1.810

From tinyG: [18:17:57] posa:-0.812

From tinyG: [18:17:57] [di1fn] input function          0 [0=none,1=limit,2=interlock,3=shutdown]

From tinyG: [18:17:57] tinyg [mm] ok> 

From tinyG: [18:17:57] tinyg [mm] ok> 

From tinyG: [18:17:57] posa:0.000,vel:0.00,stat:5

Out > [18:17:57] g90 g0 a-20 z-9

From tinyG: [18:17:57] tinyg [mm] ok> 

From tinyG: [18:17:57] posa:21.384,feed:250.00,vel:9671.33,coor:1,dist:0,momo:0

Out > [18:17:57] g90 g0 a30

From tinyG: [18:17:57] tinyg [mm] ok> 

From tinyG: [18:17:57] posz:-0.593,posa:26.704,vel:4221.90

From tinyG: [18:17:57] posz:-3.245,posa:11.974,vel:4515.87

From tinyG: [18:17:57] posz:-5.922,posa:-2.902

From tinyG: [18:17:58] posz:-8.567,posa:-17.594,vel:4048.41

From tinyG: [18:17:58] posz:-9.000,posa:-14.207,vel:8705.25

From tinyG: [18:17:58] posa:18.977,vel:9995.55

From tinyG: [18:17:58] posa:30.000,vel:0.00,stat:3

Out > [18:17:58] g90 g0 z0

Out > [18:17:58] g90 g0 a-30

From tinyG: [18:17:58] tinyg [mm] ok> 

From tinyG: [18:17:58] tinyg [mm] ok> 

From tinyG: [18:17:58] posz:-7.182,vel:800.00,stat:5

From tinyG: [18:17:59] posz:-4.506

From tinyG: [18:17:59] posz:-1.809

From tinyG: [18:17:59] posz:0.000,posa:29.897,vel:465.80

From tinyG: [18:17:59] posa:4.423,vel:10000.00

From tinyG: [18:17:59] posa:-27.660,vel:5769.70

From tinyG: [18:18:00] posa:-30.000,vel:0.00,stat:3

Out > [18:18:00] g90 g0 a20 z-9

Out > [18:18:00] g90 g0 a-30

From tinyG: [18:18:00] tinyg [mm] ok> 

From tinyG: [18:18:00] tinyg [mm] ok> 

From tinyG: [18:18:00] posz:-1.819,posa:-19.896,vel:4515.87,stat:5

From tinyG: [18:18:00] posz:-4.496,posa:-5.020

From tinyG: [18:18:00] posz:-7.154,posa:9.745

From tinyG: [18:18:01] posz:-9.000,posa:19.658,vel:1190.04

From tinyG: [18:18:01] posa:-6.261,vel:10000.00

From tinyG: [18:18:01] posa:-29.994,vel:107.13

From tinyG: [18:18:01] posa:-30.000,vel:0.00,stat:3

Out > [18:18:01] g90 g0 z0

Out > [18:18:01] $di1fn=2

Out > [18:18:01] g90 g0 a-15

From tinyG: [18:18:01] tinyg [mm] ok> 

From tinyG: [18:18:01] {"er":{"fb":86.03,"st":9,"msg":"File not open - write_persistent"}}

From tinyG: [18:18:01] [di1fn] input function          2 [0=none,1=limit,2=interlock,3=shutdown]

From tinyG: [18:18:01] tinyg [mm] ok> 

From tinyG: [18:18:01] tinyg [mm] ok> 

From tinyG: [18:18:01] posz:-7.182,vel:800.00,stat:5

From tinyG: [18:18:02] posz:-4.506

From tinyG: [18:18:02] posz:-1.809

From tinyG: [18:18:02] posz:0.000,posa:-29.892,vel:503.18

From tinyG: [18:18:02] posa:-15.041,vel:349.30

From tinyG: [18:18:02] posa:-15.000,vel:0.00,stat:3

Out > [18:18:02] g90 g0 a-10

Out > [18:18:02] g90 g0 a-15

From tinyG: [18:18:02] tinyg [mm] ok> 

From tinyG: [18:18:02] tinyg [mm] ok> 

From tinyG: [18:18:03] posa:-11.115,vel:2609.07,stat:5

From tinyG: [18:18:03] posa:-15.000,vel:0.00,stat:3

Out > [18:18:03] g91 g1 a30 f250

Out > [18:18:03] g90 g0 z-5

From tinyG: [18:18:03] tinyg [mm] ok> 

From tinyG: [18:18:03] tinyg [mm] ok> 

From tinyG: [18:18:03] posa:-14.209,vel:250.00,dist:1,momo:1,stat:5

From tinyG: [18:18:03] posa:-13.365

From tinyG: [18:18:04] posa:-12.528

From tinyG: [18:18:04] posa:-11.697

From tinyG: [18:18:04] posa:-10.859

From tinyG: [18:18:04] posa:-10.028

From tinyG: [18:18:04] posa:-9.191

From tinyG: [18:18:05] posa:-8.359

From tinyG: [18:18:05] posa:-7.522

From tinyG: [18:18:05] posa:-6.678

From tinyG: [18:18:05] posa:-5.841

From tinyG: [18:18:05] posa:-5.010

From tinyG: [18:18:06] posa:-4.173

From tinyG: [18:18:06] posa:-3.329

From tinyG: [18:18:06] posa:-2.492

From tinyG: [18:18:06] posa:-1.660

From tinyG: [18:18:06] posa:-0.823

From tinyG: [18:18:07] posa:-0.020,vel:18.33,stat:6

From tinyG: [18:18:07] tinyg [mm] ok> 

From tinyG: [18:18:07] [di1fn] input function          0 [0=none,1=limit,2=interlock,3=shutdown]

From tinyG: [18:18:07] tinyg [mm] ok> 

Out > [18:18:07] g90 g0 z0

Out > [18:18:07] $posa

From tinyG: [18:18:07] tinyg [mm] ok> 

From tinyG: [18:18:07] A position:         -0.019 deg

From tinyG: [18:18:07] tinyg [mm] ok> 

From tinyG: [18:18:07] vel:0.00,dist:0,momo:0,stat:3

