[12:53:49] Starting Log file for session: 20201029-125349

From tinyG: [12:53:50] {"r":{"fv":0.98,"fb":86.03,"hp":3,"hv":0,"id":"0213-0215-0515","msg":"SYSTEM READY"},"f":[1,0,1]}

From tinyG: [12:53:50] tinyg [mm] ok> 

From tinyG: [12:53:50] [ej]  enable json mode            0 [0=text,1=JSON]

From tinyG: [12:53:50] tinyg [mm] ok> 

Out > [12:53:53] $di1fn=2

Out > [12:53:53] g90 g0 a-25

Out > [12:53:53] g90 g0 a-20

From tinyG: [12:53:53] [di1fn] input function          2 [0=none,1=limit,2=interlock,3=shutdown]

From tinyG: [12:53:53] tinyg [mm] ok> 

From tinyG: [12:53:53] tinyg [mm] ok> 

From tinyG: [12:53:53] tinyg [mm] ok> 

From tinyG: [12:53:53] posa:-20.671,vel:7360.10,dist:0,momo:0,stat:5

From tinyG: [12:53:53] posa:-20.332,vel:1558.08

From tinyG: [12:53:54] posa:-20.000,vel:0.00,stat:3

Out > [12:53:54] g90 g0 a-25

Out > [12:53:54] g91 g1 a30 f250

From tinyG: [12:53:54] tinyg [mm] ok> 

From tinyG: [12:53:54] tinyg [mm] ok> 

From tinyG: [12:53:54] posa:-24.863,vel:250.00,dist:1,momo:1,stat:5

From tinyG: [12:53:54] posa:-24.025

From tinyG: [12:53:54] posa:-23.188

From tinyG: [12:53:55] posa:-22.357

From tinyG: [12:53:55] posa:-21.520

From tinyG: [12:53:55] posa:-20.676

From tinyG: [12:53:55] posa:-19.839

From tinyG: [12:53:55] posa:-19.008

From tinyG: [12:53:56] posa:-18.170

From tinyG: [12:53:56] posa:-17.327

From tinyG: [12:53:56] posa:-16.490

From tinyG: [12:53:56] posa:-15.658

From tinyG: [12:53:56] posa:-14.821

From tinyG: [12:53:57] posa:-13.977

From tinyG: [12:53:57] posa:-13.140

From tinyG: [12:53:57] posa:-12.309

From tinyG: [12:53:57] posa:-11.471

From tinyG: [12:53:57] posa:-10.640

From tinyG: [12:53:58] posa:-9.803

From tinyG: [12:53:58] posa:-8.972

From tinyG: [12:53:58] posa:-8.134

From tinyG: [12:53:58] posa:-7.290

From tinyG: [12:53:58] posa:-6.453

From tinyG: [12:53:59] posa:-5.622

From tinyG: [12:53:59] posa:-4.784

From tinyG: [12:53:59] posa:-3.953

From tinyG: [12:53:59] posa:-3.116

From tinyG: [12:53:59] posa:-2.285

From tinyG: [12:54:00] posa:-1.447

From tinyG: [12:54:00] posa:-0.616

From tinyG: [12:54:00] posa:0.062,vel:0.00,stat:6

Out > [12:54:00] !%~

From tinyG: [12:54:00] stat:3

From tinyG: [12:54:00] tinyg [mm] ok> 

Out > [12:54:14] $di1fn=2

Out > [12:54:14] g90 g0 a-25

Out > [12:54:14] g90 g0 a-20

From tinyG: [12:54:14] [di1fn] input function          2 [0=none,1=limit,2=interlock,3=shutdown]

From tinyG: [12:54:14] tinyg [mm] ok> 

From tinyG: [12:54:14] tinyg [mm] ok> 

From tinyG: [12:54:14] tinyg [mm] ok> 

From tinyG: [12:54:15] posa:-20.671,vel:7360.10,dist:0,momo:0,stat:5

From tinyG: [12:54:15] posa:-20.332,vel:1558.08

From tinyG: [12:54:15] posa:-20.000,vel:0.00,stat:3

Out > [12:54:15] g90 g0 a-25

Out > [12:54:15] g91 g1 a30 f250

From tinyG: [12:54:15] tinyg [mm] ok> 

From tinyG: [12:54:15] tinyg [mm] ok> 

From tinyG: [12:54:15] posa:-24.863,vel:250.00,dist:1,momo:1,stat:5

From tinyG: [12:54:16] posa:-24.025

From tinyG: [12:54:16] posa:-23.188

From tinyG: [12:54:16] posa:-22.351

From tinyG: [12:54:16] posa:-21.520

From tinyG: [12:54:16] posa:-20.676

From tinyG: [12:54:17] posa:-19.839

From tinyG: [12:54:17] posa:-19.008

From tinyG: [12:54:17] posa:-18.170

From tinyG: [12:54:17] posa:-17.327

From tinyG: [12:54:17] posa:-16.490

From tinyG: [12:54:18] posa:-15.658

From tinyG: [12:54:18] posa:-14.821

From tinyG: [12:54:18] posa:-13.977

From tinyG: [12:54:18] posa:-13.140

From tinyG: [12:54:18] posa:-12.309

From tinyG: [12:54:19] posa:-11.471

From tinyG: [12:54:19] posa:-10.628

From tinyG: [12:54:19] posa:-9.790

From tinyG: [12:54:19] posa:-8.959

From tinyG: [12:54:19] posa:-8.122

From tinyG: [12:54:20] posa:-7.278

From tinyG: [12:54:20] posa:-6.441

From tinyG: [12:54:20] posa:-5.609

From tinyG: [12:54:20] posa:-4.772

From tinyG: [12:54:20] posa:-3.941

From tinyG: [12:54:21] posa:-3.103

From tinyG: [12:54:21] posa:-2.272

From tinyG: [12:54:21] posa:-1.435

From tinyG: [12:54:21] posa:-0.604

From tinyG: [12:54:21] posa:0.056,vel:0.00,stat:6

From tinyG: [12:54:22] tinyg [mm] ok> 

From tinyG: [12:54:22] stat:3

From tinyG: [12:54:22] [di1fn] input function          0 [0=none,1=limit,2=interlock,3=shutdown]

From tinyG: [12:54:22] tinyg [mm] ok> 

Out > [12:54:22] !%~

Out > [12:54:22] $posa

From tinyG: [12:54:22] tinyg [mm] ok> 

From tinyG: [12:54:22] A position:          0.056 deg

From tinyG: [12:54:22] tinyg [mm] ok> 

