[21:18:17] Starting Log file for session: 2020724-211817

[20:52:14] Terminal cleared and ready...
[20:57:14] > g90 g0 x-200
[20:57:14] < tinyg [mm] ok> 
[20:57:15] < posx:-5.299,vel:1500.00,stat:5
[20:57:15] < posx:-11.599
[20:57:15] < posx:-17.824
[20:57:15] < posx:-24.123
[20:57:16] < posx:-30.386
[20:57:16] < posx:-36.648
[20:57:16] < posx:-42.910
[20:57:16] < posx:-49.172
[20:57:17] < posx:-55.435
[20:57:17] < posx:-61.697
[20:57:17] < posx:-67.959
[20:57:17] < posx:-74.221
[20:57:18] < posx:-80.484
[20:57:18] < posx:-86.708
[20:57:18] < posx:-93.008
[20:57:18] < posx:-99.270
[20:57:19] < posx:-105.532
[20:57:19] < posx:-111.795
[20:57:19] < posx:-118.019
[20:57:19] < posx:-124.319
[20:57:20] < posx:-130.581
[20:57:20] < posx:-136.842
[20:57:20] < posx:-143.103
[20:57:20] < posx:-149.326
[20:57:21] < posx:-155.625
[20:57:21] < posx:-161.886
[20:57:21] < posx:-168.147
[20:57:21] < posx:-174.408
[20:57:22] < posx:-180.631
[20:57:22] < posx:-186.930
[20:57:22] < posx:-193.191
[20:57:22] < posx:-199.450,vel:1392.31
[20:57:23] < posx:-200.000,vel:0.00,stat:3
[20:57:23] Machine is homed. 
[21:14:44] > g90 g0 x10
[21:14:44] < {er:{fb:86.03,st:222,msg:"Soft limit - X max - soft_limits"}}
[21:14:44] < tinyg [mm] err[222]: Soft limit - X max: g90 g0 x10 
[21:18:14] > $clear
[21:18:14] TinyG Command received 
[21:18:14] < tinyg [mm] ok> 


