[18:23:44] Starting Log file for session: 20201014-182344

[18:12:10] Terminal cleared and ready...
[18:14:44] Loading file...
[18:14:53] File to load: C:\Users\Oscar\Desktop\A-axis first run.cnc
[18:14:53] Loading File... 
[18:14:53] Adding 61 lines to the queue... 
[18:14:53] Sending the file 1 time(s)... 
[18:14:53] > g91 g1 a360 F500
[18:14:53] > g91 g1 a-360
[18:14:53] < tinyg [mm] ok> 
[18:14:53] < tinyg [mm] ok> 
[18:14:53] File added to the queue. 
[18:14:53] Sending the file 1 more times...
[18:14:53] < posa:1.547,feed:500.00,vel:500.00,dist:1,momo:1,stat:5
[18:14:53] < posa:3.222
[18:14:53] < posa:4.897
[18:14:53] < posa:6.559
[18:14:54] < posa:8.234
[18:14:54] < posa:9.922
[18:14:54] < posa:11.597
[18:14:54] < posa:13.259
[18:14:54] < posa:14.934
[18:14:55] < posa:16.621
[18:14:55] < posa:18.296
[18:14:55] < posa:19.959
[18:14:55] < posa:21.634
[18:14:55] < posa:23.296
[18:14:56] < posa:24.971
[18:14:56] < posa:26.633
[18:14:56] < posa:28.308
[18:14:56] < posa:29.995
[18:14:56] < posa:31.670
[18:14:57] < posa:33.333
[18:14:57] < posa:35.008
[18:14:57] < posa:36.670
[18:14:57] < posa:38.345
[18:14:57] < posa:40.008
[18:14:58] < posa:41.683
[18:14:58] < posa:43.346
[18:14:58] < posa:45.021
[18:14:58] < posa:46.683
[18:14:58] < posa:48.359
[18:14:59] < posa:50.021
[18:14:59] < posa:51.696
[18:14:59] < posa:53.359
[18:14:59] < posa:55.034
[18:14:59] < posa:56.697
[18:15:00] < posa:58.384
[18:15:00] < posa:60.059
[18:15:00] < posa:61.722
[18:15:00] < posa:63.397
[18:15:00] < posa:65.084
[18:15:01] < posa:66.759
[18:15:01] < posa:68.421
[18:15:01] < posa:70.096
[18:15:01] < posa:71.783
[18:15:01] < posa:73.457
[18:15:02] < posa:75.119
[18:15:02] < posa:76.794
[18:15:02] < posa:78.481
[18:15:02] < posa:80.156
[18:15:02] < posa:81.818
[18:15:03] < posa:83.492
[18:15:03] < posa:85.179
[18:15:03] < posa:86.854
[18:15:03] < posa:88.516
[18:15:03] < posa:90.191
[18:15:04] < posa:91.878
[18:15:04] < posa:93.552
[18:15:04] < posa:95.214
[18:15:04] < posa:96.889
[18:15:04] < posa:98.551
[18:15:05] < posa:100.226
[18:15:05] < posa:101.888
[18:15:05] < posa:103.562
[18:15:05] < posa:105.224
[18:15:05] < posa:106.899
[18:15:06] < posa:108.561
[18:15:06] < posa:110.236
[18:15:06] < posa:111.898
[18:15:06] < posa:113.572
[18:15:06] < posa:115.234
[18:15:07] < posa:116.909
[18:15:07] < posa:118.571
[18:15:07] < posa:120.246
[18:15:07] < posa:121.908
[18:15:07] < posa:123.595
[18:15:08] < posa:125.270
[18:15:08] < posa:126.932
[18:15:08] < posa:128.606
[18:15:08] < posa:130.293
[18:15:08] < posa:131.968
[18:15:09] < posa:133.630
[18:15:09] < posa:135.305
[18:15:09] < posa:136.992
[18:15:09] < posa:138.666
[18:15:09] < posa:140.328
[18:15:10] < posa:142.003
[18:15:10] < posa:143.690
[18:15:10] < posa:145.365
[18:15:10] < posa:147.027
[18:15:10] < posa:148.701
[18:15:11] < posa:150.388
[18:15:11] < posa:152.063
[18:15:11] < posa:153.725
[18:15:11] < posa:155.400
[18:15:11] < posa:157.062
[18:15:12] < posa:158.736
[18:15:12] < posa:160.398
[18:15:12] < posa:162.073
[18:15:12] < posa:163.735
[18:15:12] < posa:165.410
[18:15:13] < posa:167.072
[18:15:13] < posa:168.746
[18:15:13] < posa:170.409
[18:15:13] < posa:172.083
[18:15:13] < posa:173.745
[18:15:14] < posa:175.420
[18:15:14] < posa:177.082
[18:15:14] < posa:178.756
[18:15:14] < posa:180.419
[18:15:15] < posa:182.093
[18:15:15] < posa:183.755
[18:15:15] < posa:185.442
[18:15:15] < posa:187.117
[18:15:15] < posa:188.779
[18:15:16] < posa:190.454
[18:15:16] < posa:192.141
[18:15:16] < posa:193.815
[18:15:16] < posa:195.477
[18:15:16] < posa:197.152
[18:15:17] < posa:198.839
[18:15:17] < posa:200.514
[18:15:17] < posa:202.176
[18:15:17] < posa:203.850
[18:15:17] < posa:205.537
[18:15:18] < posa:207.212
[18:15:18] < posa:208.874
[18:15:18] < posa:210.549
[18:15:18] < posa:212.236
[18:15:18] < posa:213.910
[18:15:19] < posa:215.572
[18:15:19] < posa:217.247
[18:15:19] < posa:218.909
[18:15:19] < posa:220.584
[18:15:19] < posa:222.246
[18:15:20] < posa:223.920
[18:15:20] < posa:225.583
[18:15:20] < posa:227.257
[18:15:20] < posa:228.919
[18:15:20] < posa:230.594
[18:15:21] < posa:232.256
[18:15:21] < posa:233.931
[18:15:21] < posa:235.593
[18:15:21] < posa:237.267
[18:15:21] < posa:238.929
[18:15:22] < posa:240.604
[18:15:22] < posa:242.266
[18:15:22] < posa:243.941
[18:15:22] < posa:245.603
[18:15:22] < posa:247.277
[18:15:23] < posa:248.939
[18:15:23] < posa:250.626
[18:15:23] < posa:252.301
[18:15:23] < posa:253.963
[18:15:23] < posa:255.638
[18:15:24] < posa:257.326
[18:15:24] < posa:259.003
[18:15:24] < posa:260.667
[18:15:24] < posa:262.344
[18:15:24] < posa:264.033
[18:15:25] < posa:265.710
[18:15:25] < posa:267.374
[18:15:25] < posa:269.050
[18:15:25] < posa:270.740
[18:15:25] < posa:272.416
[18:15:26] < posa:274.080
[18:15:26] < posa:275.757
[18:15:26] < posa:277.446
[18:15:26] < posa:279.123
[18:15:26] < posa:280.787
[18:15:27] < posa:282.463
[18:15:27] < posa:284.128
[18:15:27] < posa:285.804
[18:15:27] < posa:287.468
[18:15:27] < posa:289.145
[18:15:28] < posa:290.809
[18:15:28] < posa:292.486
[18:15:28] < posa:294.150
[18:15:28] < posa:295.826
[18:15:28] < posa:297.491
[18:15:29] < posa:299.167
[18:15:29] < posa:300.831
[18:15:29] < posa:302.508
[18:15:29] < posa:304.172
[18:15:29] < posa:305.849
[18:15:30] < posa:307.513
[18:15:30] < posa:309.190
[18:15:30] < posa:310.854
[18:15:30] < posa:312.530
[18:15:30] < posa:314.194
[18:15:31] < posa:315.884
[18:15:31] < posa:317.560
[18:15:31] < posa:319.224
[18:15:31] < posa:320.901
[18:15:31] < posa:322.590
[18:15:32] < posa:324.267
[18:15:32] < posa:325.931
[18:15:32] < posa:327.607
[18:15:32] < posa:329.297
[18:15:32] < posa:330.973
[18:15:33] < posa:332.637
[18:15:33] < posa:334.314
[18:15:33] < posa:336.003
[18:15:33] < posa:337.680
[18:15:33] < posa:339.344
[18:15:34] < posa:341.021
[18:15:34] < posa:342.710
[18:15:34] < posa:344.386
[18:15:34] < posa:346.050
[18:15:34] < posa:347.727
[18:15:35] < posa:349.416
[18:15:35] < posa:351.093
[18:15:35] < posa:352.757
[18:15:35] < posa:354.434
[18:15:35] < posa:356.098
[18:15:36] < posa:357.774
[18:15:36] < posa:359.439
[18:15:36] < posa:358.949
[18:15:36] < posa:357.285
[18:15:36] < posa:355.608
[18:15:37] < posa:353.944
[18:15:37] < posa:352.267
[18:15:37] < posa:350.603
[18:15:37] < posa:348.927
[18:15:37] < posa:347.263
[18:15:38] < posa:345.586
[18:15:38] < posa:343.922
[18:15:38] < posa:342.233
[18:15:38] < posa:340.556
[18:15:38] < posa:338.879
[18:15:39] < posa:337.215
[18:15:39] < posa:335.526
[18:15:39] < posa:333.849
[18:15:39] < posa:332.185
[18:15:39] < posa:330.509
[18:15:40] < posa:328.820
[18:15:40] < posa:327.143
[18:15:40] < posa:325.479
[18:15:40] < posa:323.802
[18:15:40] < posa:322.113
[18:15:41] < posa:320.436
[18:15:41] < posa:318.772
[18:15:41] < posa:317.096
[18:15:41] < posa:315.406
[18:15:41] < posa:313.730
[18:15:42] < posa:312.066
[18:15:42] < posa:310.389
[18:15:42] < posa:308.700
[18:15:42] < posa:307.023
[18:15:42] < posa:305.359
[18:15:43] < posa:303.683
[18:15:43] < posa:302.018
[18:15:43] < posa:300.342
[18:15:43] < posa:298.678
[18:15:43] < posa:297.001
[18:15:44] < posa:295.337
[18:15:44] < posa:293.660
[18:15:44] < posa:291.996
[18:15:44] < posa:290.320
[18:15:44] < posa:288.655
[18:15:45] < posa:286.979
[18:15:45] < posa:285.315
[18:15:45] < posa:283.638
[18:15:45] < posa:281.974
[18:15:45] < posa:280.297
[18:15:46] < posa:278.633
[18:15:46] < posa:276.944
[18:15:46] < posa:275.267
[18:15:46] < posa:273.591
[18:15:46] < posa:271.927
[18:15:47] < posa:270.237
[18:15:47] < posa:268.561
[18:15:47] < posa:266.897
[18:15:47] < posa:265.220
[18:15:47] < posa:263.531
[18:15:48] < posa:261.854
[18:15:48] < posa:260.190
[18:15:48] < posa:258.513
[18:15:48] < posa:256.824
[18:15:48] < posa:255.149
[18:15:49] < posa:253.487
[18:15:49] < posa:251.812
[18:15:49] < posa:250.125
[18:15:49] < posa:248.450
[18:15:49] < posa:246.788
[18:15:50] < posa:245.114
[18:15:50] < posa:243.427
[18:15:50] < posa:241.752
[18:15:50] < posa:240.090
[18:15:50] < posa:238.415
[18:15:51] < posa:236.753
[18:15:51] < posa:235.079
[18:15:51] < posa:233.417
[18:15:51] < posa:231.742
[18:15:51] < posa:230.080
[18:15:52] < posa:228.405
[18:15:52] < posa:226.743
[18:15:52] < posa:225.069
[18:15:52] < posa:223.407
[18:15:52] < posa:221.732
[18:15:53] < posa:220.070
[18:15:53] < posa:218.395
[18:15:53] < posa:216.733
[18:15:53] < posa:215.059
[18:15:53] < posa:213.396
[18:15:54] < posa:211.709
[18:15:54] < posa:210.035
[18:15:54] < posa:208.360
[18:15:54] < posa:206.698
[18:15:54] < posa:205.011
[18:15:55] < posa:203.336
[18:15:55] < posa:201.674
[18:15:55] < posa:200.000
[18:15:55] < posa:198.313
[18:15:55] < posa:196.638
[18:15:56] < posa:194.976
[18:15:56] < posa:193.301
[18:15:56] < posa:191.614
[18:15:56] < posa:189.940
[18:15:57] < posa:188.278
[18:15:57] < posa:186.603
[18:15:57] < posa:184.916
[18:15:57] < posa:183.241
[18:15:57] < posa:181.579
[18:15:58] < posa:179.905
[18:15:58] < posa:178.243
[18:15:58] < posa:176.568
[18:15:58] < posa:174.906
[18:15:58] < posa:173.231
[18:15:59] < posa:171.569
[18:15:59] < posa:169.895
[18:15:59] < posa:168.232
[18:15:59] < posa:166.558
[18:15:59] < posa:164.896
[18:16:00] < posa:163.221
[18:16:00] < posa:161.559
[18:16:00] < posa:159.885
[18:16:00] < posa:158.222
[18:16:00] < posa:156.548
[18:16:01] < posa:154.886
[18:16:01] < posa:153.211
[18:16:01] < posa:151.549
[18:16:01] < posa:149.874
[18:16:01] < posa:148.212
[18:16:02] < posa:146.525
[18:16:02] < posa:144.851
[18:16:02] < posa:143.189
[18:16:02] < posa:141.514
[18:16:02] < posa:139.827
[18:16:03] < posa:138.152
[18:16:03] < posa:136.490
[18:16:03] < posa:134.816
[18:16:03] < posa:133.129
[18:16:03] < posa:131.454
[18:16:04] < posa:129.792
[18:16:04] < posa:128.117
[18:16:04] < posa:126.430
[18:16:04] < posa:124.756
[18:16:04] < posa:123.094
[18:16:05] < posa:121.419
[18:16:05] < posa:119.732
[18:16:05] < posa:118.057
[18:16:05] < posa:116.395
[18:16:05] < posa:114.721
[18:16:06] < posa:113.033
[18:16:06] < posa:111.359
[18:16:06] < posa:109.697
[18:16:06] < posa:108.022
[18:16:06] < posa:106.360
[18:16:07] < posa:104.686
[18:16:07] < posa:103.023
[18:16:07] < posa:101.349
[18:16:07] < posa:99.687
[18:16:07] < posa:98.012
[18:16:08] < posa:96.350
[18:16:08] < posa:94.675
[18:16:08] < posa:93.013
[18:16:08] < posa:91.339
[18:16:08] < posa:89.677
[18:16:09] < posa:88.002
[18:16:09] < posa:86.340
[18:16:09] < posa:84.665
[18:16:09] < posa:83.003
[18:16:09] < posa:81.316
[18:16:10] < posa:79.642
[18:16:10] < posa:77.967
[18:16:10] < posa:76.305
[18:16:10] < posa:74.618
[18:16:10] < posa:72.943
[18:16:11] < posa:71.281
[18:16:11] < posa:69.607
[18:16:11] < posa:67.919
[18:16:11] < posa:66.245
[18:16:11] < posa:64.583
[18:16:12] < posa:62.908
[18:16:12] < posa:61.220
[18:16:12] < posa:59.545
[18:16:12] < posa:57.883
[18:16:12] < posa:56.207
[18:16:13] < posa:54.520
[18:16:13] < posa:52.845
[18:16:13] < posa:51.182
[18:16:13] < posa:49.507
[18:16:13] < posa:47.819
[18:16:14] < posa:46.144
[18:16:14] < posa:44.482
[18:16:14] < posa:42.807
[18:16:14] < posa:41.119
[18:16:14] < posa:39.444
[18:16:15] < posa:37.781
[18:16:15] < posa:36.106
[18:16:15] < posa:34.444
[18:16:15] < posa:32.769
[18:16:15] < posa:31.106
[18:16:16] < posa:29.431
[18:16:16] < posa:27.769
[18:16:16] < posa:26.094
[18:16:16] < posa:24.432
[18:16:16] < posa:22.757
[18:16:17] < posa:21.094
[18:16:17] < posa:19.420
[18:16:17] < posa:17.757
[18:16:17] < posa:16.070
[18:16:17] < posa:14.395
[18:16:18] < posa:12.732
[18:16:18] < posa:11.058
[18:16:18] < posa:9.370
[18:16:18] < posa:7.695
[18:16:18] < posa:6.033
[18:16:19] < posa:4.358
[18:16:19] < posa:2.670
[18:16:19] < posa:0.995
[18:16:19] < posa:0.000,vel:0.00,stat:3
[18:16:19] Machine is homed. 
[18:16:19] > g91 g1 a360 f1000
[18:16:19] > g91 g1 a-360 f1000
[18:16:19] < tinyg [mm] ok> 
[18:16:19] < tinyg [mm] ok> 
[18:16:19] < posa:2.980,feed:1000.00,vel:1000.00,stat:5
[18:16:20] < posa:6.305
[18:16:20] < posa:9.630
[18:16:20] < posa:12.980
[18:16:20] < posa:16.305
[18:16:20] < posa:19.655
[18:16:21] < posa:22.980
[18:16:21] < posa:26.330
[18:16:21] < posa:29.654
[18:16:21] < posa:33.005
[18:16:21] < posa:36.330
[18:16:22] < posa:39.680
[18:16:22] < posa:43.005
[18:16:22] < posa:46.355
[18:16:22] < posa:49.681
[18:16:22] < posa:53.056
[18:16:23] < posa:56.406
[18:16:23] < posa:59.756
[18:16:23] < posa:63.081
[18:16:23] < posa:66.457
[18:16:24] < posa:69.807
[18:16:24] < posa:73.132
[18:16:24] < posa:76.482
[18:16:24] < posa:79.857
[18:16:24] < posa:83.208
[18:16:25] < posa:86.533
[18:16:25] < posa:89.883
[18:16:25] < posa:93.258
[18:16:25] < posa:96.608
[18:16:25] < posa:99.934
[18:16:26] < posa:103.284
[18:16:26] < posa:106.609
[18:16:26] < posa:109.959
[18:16:26] < posa:113.284
[18:16:26] < posa:116.635
[18:16:27] < posa:119.960
[18:16:27] < posa:123.310
[18:16:27] < posa:126.685
[18:16:27] < posa:130.035
[18:16:27] < posa:133.359
[18:16:28] < posa:136.708
[18:16:28] < posa:140.032
[18:16:28] < posa:143.382
[18:16:28] < posa:146.706
[18:16:28] < posa:150.055
[18:16:29] < posa:153.379
[18:16:29] < posa:156.728
[18:16:29] < posa:160.052
[18:16:29] < posa:163.402
[18:16:29] < posa:166.726
[18:16:30] < posa:170.075
[18:16:30] < posa:173.399
[18:16:30] < posa:176.773
[18:16:30] < posa:180.123
[18:16:30] < posa:183.472
[18:16:31] < posa:186.796
[18:16:31] < posa:190.170
[18:16:31] < posa:193.519
[18:16:31] < posa:196.843
[18:16:31] < posa:200.193
[18:16:32] < posa:203.567
[18:16:32] < posa:206.916
[18:16:32] < posa:210.240
[18:16:32] < posa:213.589
[18:16:32] < posa:216.964
[18:16:33] < posa:220.313
[18:16:33] < posa:223.637
[18:16:33] < posa:226.986
[18:16:33] < posa:230.310
[18:16:33] < posa:233.660
[18:16:34] < posa:236.984
[18:16:34] < posa:240.333
[18:16:34] < posa:243.707
[18:16:34] < posa:247.056
[18:16:34] < posa:250.380
[18:16:35] < posa:253.730
[18:16:35] < posa:257.054
[18:16:35] < posa:260.403
[18:16:35] < posa:263.727
[18:16:35] < posa:267.076
[18:16:36] < posa:270.401
[18:16:36] < posa:273.750
[18:16:36] < posa:277.074
[18:16:36] < posa:280.423
[18:16:36] < posa:283.747
[18:16:37] < posa:287.096
[18:16:37] < posa:290.421
[18:16:37] < posa:293.770
[18:16:37] < posa:297.094
[18:16:37] < posa:300.443
[18:16:38] < posa:303.767
[18:16:38] < posa:307.142
[18:16:38] < posa:310.491
[18:16:38] < posa:313.815
[18:16:38] < posa:317.164
[18:16:39] < posa:320.538
[18:16:39] < posa:323.887
[18:16:39] < posa:327.212
[18:16:39] < posa:330.561
[18:16:39] < posa:333.935
[18:16:40] < posa:337.284
[18:16:40] < posa:340.608
[18:16:40] < posa:343.958
[18:16:40] < posa:347.332
[18:16:40] < posa:350.681
[18:16:41] < posa:354.005
[18:16:41] < posa:357.354
[18:16:41] < posa:359.275
[18:16:41] < posa:355.926
[18:16:41] < posa:352.602
[18:16:42] < posa:349.253
[18:16:42] < posa:345.928
[18:16:42] < posa:342.579
[18:16:42] < posa:339.255
[18:16:42] < posa:335.906
[18:16:43] < posa:332.582
[18:16:43] < posa:329.233
[18:16:43] < posa:325.908
[18:16:43] < posa:322.559
[18:16:43] < posa:319.235
[18:16:44] < posa:315.886
[18:16:44] < posa:312.562
[18:16:44] < posa:309.212
[18:16:44] < posa:305.888
[18:16:44] < posa:302.539
[18:16:45] < posa:299.215
[18:16:45] < posa:295.866
[18:16:45] < posa:292.541
[18:16:45] < posa:289.192
[18:16:45] < posa:285.868
[18:16:46] < posa:282.494
[18:16:46] < posa:279.145
[18:16:46] < posa:275.821
[18:16:46] < posa:272.471
[18:16:46] < posa:269.097
[18:16:47] < posa:265.748
[18:16:47] < posa:262.424
[18:16:47] < posa:259.075
[18:16:47] < posa:255.700
[18:16:47] < posa:252.351
[18:16:48] < posa:249.027
[18:16:48] < posa:245.678
[18:16:48] < posa:242.304
[18:16:48] < posa:238.955
[18:16:48] < posa:235.630
[18:16:49] < posa:232.281
[18:16:49] < posa:228.957
[18:16:49] < posa:225.608
[18:16:49] < posa:222.284
[18:16:49] < posa:218.934
[18:16:50] < posa:215.610
[18:16:50] < posa:212.261
[18:16:50] < posa:208.937
[18:16:50] < posa:205.588
[18:16:50] < posa:202.264
[18:16:51] < posa:198.914
[18:16:51] < posa:195.590
[18:16:51] < posa:192.241
[18:16:51] < posa:188.917
[18:16:51] < posa:185.568
[18:16:52] < posa:182.243
[18:16:52] < posa:178.894
[18:16:52] < posa:175.570
[18:16:52] < posa:172.221
[18:16:52] < posa:168.897
[18:16:53] < posa:165.547
[18:16:53] < posa:162.223
[18:16:53] < posa:158.874
[18:16:53] < posa:155.550
[18:16:53] < posa:152.176
[18:16:54] < posa:148.827
[18:16:54] < posa:145.477
[18:16:54] < posa:142.153
[18:16:54] < posa:138.779
[18:16:54] < posa:135.430
[18:16:55] < posa:132.106
[18:16:55] < posa:128.756
[18:16:55] < posa:125.381
[18:16:55] < posa:122.031
[18:16:55] < posa:118.706
[18:16:56] < posa:115.356
[18:16:56] < posa:111.981
[18:16:56] < posa:108.630
[18:16:56] < posa:105.305
[18:16:56] < posa:101.955
[18:16:57] < posa:98.630
[18:16:57] < posa:95.280
[18:16:57] < posa:91.954
[18:16:57] < posa:88.604
[18:16:57] < posa:85.229
[18:16:58] < posa:81.879
[18:16:58] < posa:78.554
[18:16:58] < posa:75.203
[18:16:58] < posa:71.878
[18:16:58] < posa:68.528
[18:16:59] < posa:65.203
[18:16:59] < posa:61.853
[18:16:59] < posa:58.527
[18:16:59] < posa:55.177
[18:16:59] < posa:51.852
[18:17:00] < posa:48.502
[18:17:00] < posa:45.177
[18:17:00] < posa:41.826
[18:17:00] < posa:38.501
[18:17:00] < posa:35.151
[18:17:01] < posa:31.826
[18:17:01] < posa:28.476
[18:17:01] < posa:25.151
[18:17:01] < posa:21.776
[18:17:01] < posa:18.426
[18:17:02] < posa:15.101
[18:17:02] < posa:11.751
[18:17:02] < posa:8.376
[18:17:02] < posa:5.026
[18:17:02] < posa:1.701
[18:17:03] < posa:0.000,vel:0.00,stat:3
[18:17:03] Machine is homed. 
[18:17:03] > g91 g1 a360 f1500
[18:17:03] > g91 g1 a-360 f1500
[18:17:03] < tinyg [mm] ok> 
[18:17:03] < tinyg [mm] ok> 
[18:17:03] < posa:4.335,feed:1500.00,vel:1500.00,stat:5
[18:17:03] < posa:9.322
[18:17:03] < posa:14.347
[18:17:04] < posa:19.409
[18:17:04] < posa:24.434
[18:17:04] < posa:29.421
[18:17:04] < posa:34.446
[18:17:04] < posa:39.434
[18:17:05] < posa:44.458
[18:17:05] < posa:49.446
[18:17:05] < posa:54.470
[18:17:05] < posa:59.458
[18:17:05] < posa:64.483
[18:17:06] < posa:69.470
[18:17:06] < posa:74.495
[18:17:06] < posa:79.482
[18:17:06] < posa:84.507
[18:17:06] < posa:89.494
[18:17:07] < posa:94.519
[18:17:07] < posa:99.506
[18:17:07] < posa:104.531
[18:17:07] < posa:109.518
[18:17:07] < posa:114.581
[18:17:08] < posa:119.605
[18:17:08] < posa:124.593
[18:17:08] < posa:129.617
[18:17:08] < posa:134.678
[18:17:08] < posa:139.702
[18:17:09] < posa:144.688
[18:17:09] < posa:149.712
[18:17:09] < posa:154.773
[18:17:09] < posa:159.797
[18:17:09] < posa:164.783
[18:17:10] < posa:169.807
[18:17:10] < posa:174.869
[18:17:10] < posa:179.892
[18:17:10] < posa:184.879
[18:17:10] < posa:189.902
[18:17:11] < posa:194.889
[18:17:11] < posa:199.912
[18:17:11] < posa:204.974
[18:17:11] < posa:209.997
[18:17:11] < posa:214.984
[18:17:12] < posa:220.008
[18:17:12] < posa:224.994
[18:17:12] < posa:230.018
[18:17:12] < posa:235.004
[18:17:12] < posa:240.028
[18:17:13] < posa:245.014
[18:17:13] < posa:250.038
[18:17:13] < posa:255.024
[18:17:13] < posa:260.049
[18:17:13] < posa:265.038
[18:17:14] < posa:270.064
[18:17:14] < posa:275.052
[18:17:14] < posa:280.078
[18:17:14] < posa:285.066
[18:17:14] < posa:290.092
[18:17:15] < posa:295.080
[18:17:15] < posa:300.106
[18:17:15] < posa:305.094
[18:17:15] < posa:310.158
[18:17:15] < posa:315.183
[18:17:16] < posa:320.209
[18:17:16] < posa:325.197
[18:17:16] < posa:330.261
[18:17:16] < posa:335.287
[18:17:16] < posa:340.275
[18:17:17] < posa:345.301
[18:17:17] < posa:350.364
[18:17:17] < posa:355.390
[18:17:17] < posa:359.825,vel:1078.56
[18:17:17] < posa:354.865,vel:1500.00
[18:17:18] < posa:349.877
[18:17:18] < posa:344.814
[18:17:18] < posa:339.788
[18:17:18] < posa:334.799
[18:17:18] < posa:329.774
[18:17:19] < posa:324.710
[18:17:19] < posa:319.684
[18:17:19] < posa:314.696
[18:17:19] < posa:309.670
[18:17:19] < posa:304.607
[18:17:20] < posa:299.581
[18:17:20] < posa:294.593
[18:17:20] < posa:289.567
[18:17:20] < posa:284.579
[18:17:20] < posa:279.553
[18:17:21] < posa:274.490
[18:17:21] < posa:269.464
[18:17:21] < posa:264.475
[18:17:21] < posa:259.450
[18:17:21] < posa:254.462
[18:17:22] < posa:249.438
[18:17:22] < posa:244.452
[18:17:22] < posa:239.428
[18:17:22] < posa:234.442
[18:17:22] < posa:229.418
[18:17:23] < posa:224.432
[18:17:23] < posa:219.408
[18:17:23] < posa:214.422
[18:17:23] < posa:209.398
[18:17:23] < posa:204.412
[18:17:24] < posa:199.388
[18:17:24] < posa:194.402
[18:17:24] < posa:189.378
[18:17:24] < posa:184.392
[18:17:24] < posa:179.330
[18:17:25] < posa:174.307
[18:17:25] < posa:169.320
[18:17:25] < posa:164.296
[18:17:25] < sa:159.235
[18:17:25] < posa:154.211
[18:17:26] < posa:149.225
[18:17:26] < posa:144.201
[18:17:26] < posa:139.140
[18:17:26] < posa:134.116
[18:17:26] < posa:129.130
[18:17:27] < posa:124.106
[18:17:27] < posa:119.043
[18:17:27] < posa:114.018
[18:17:27] < posa:109.031
[18:17:27] < posa:104.006
[18:17:28] < posa:98.944
[18:17:28] < posa:93.919
[18:17:28] < posa:88.932
[18:17:28] < posa:83.907
[18:17:28] < posa:78.920
[18:17:29] < posa:73.895
[18:17:29] < posa:68.908
[18:17:29] < posa:63.883
[18:17:29] < posa:58.821
[18:17:29] < posa:53.796
[18:17:30] < posa:48.809
[18:17:30] < posa:43.784
[18:17:30] < posa:38.796
[18:17:30] < posa:33.772
[18:17:30] < posa:28.784
[18:17:31] < posa:23.760
[18:17:31] < posa:18.772
[18:17:31] < posa:13.748
[18:17:31] < posa:8.760
[18:17:31] < posa:3.736
[18:17:32] < posa:0.000,vel:0.00,stat:3
[18:17:32] Machine is homed. 
[18:17:32] > g91 g1 a360 f2000
[18:17:32] > g91 g1 a-360 f2000
[18:17:32] < tinyg [mm] ok> 
[18:17:32] < tinyg [mm] ok> 
[18:17:32] < posa:5.674,feed:2000.00,vel:2000.00,stat:5
[18:17:32] < posa:12.324
[18:17:32] < posa:19.074
[18:17:33] < posa:25.773
[18:17:33] < posa:32.423
[18:17:33] < posa:39.123
[18:17:33] < posa:45.873
[18:17:33] < posa:52.573
[18:17:34] < posa:59.223
[18:17:34] < posa:65.922
[18:17:34] < posa:72.672
[18:17:34] < posa:79.371
[18:17:34] < posa:86.021
[18:17:35] < posa:92.720
[18:17:35] < posa:99.469
[18:17:35] < posa:106.169
[18:17:35] < posa:112.818
[18:17:35] < posa:119.518
[18:17:36] < posa:126.267
[18:17:36] < posa:132.967
[18:17:36] < posa:139.618
[18:17:36] < posa:146.318
[18:17:36] < posa:152.968
[18:17:37] < posa:159.669
[18:17:37] < posa:166.319
[18:17:37] < posa:173.020
[18:17:37] < posa:179.670
[18:17:37] < posa:186.370
[18:17:38] < posa:193.021
[18:17:38] < posa:199.721
[18:17:38] < posa:206.372
[18:17:38] < posa:213.072
[18:17:38] < posa:219.722
[18:17:39] < posa:226.423
[18:17:39] < posa:233.073
[18:17:39] < posa:239.774
[18:17:39] < posa:246.424
[18:17:39] < posa:253.124
[18:17:40] < posa:259.774
[18:17:40] < posa:266.522
[18:17:40] < posa:273.220
[18:17:40] < posa:279.869
[18:17:40] < posa:286.567
[18:17:41] < posa:293.315
[18:17:41] < posa:300.014
[18:17:41] < posa:306.662
[18:17:41] < posa:313.361
[18:17:41] < posa:320.109
[18:17:42] < posa:326.807
[18:17:42] < posa:333.456
[18:17:42] < posa:340.154
[18:17:42] < posa:346.902
[18:17:42] < posa:353.601
[18:17:43] < posa:359.951,vel:1004.63
[18:17:43] < posa:353.811,vel:2000.00
[18:17:43] < posa:347.063
[18:17:43] < posa:340.365
[18:17:43] < posa:333.716
[18:17:44] < posa:327.018
[18:17:44] < posa:320.270
[18:17:44] < posa:313.571
[18:17:44] < posa:306.923
[18:17:44] < posa:300.225
[18:17:45] < posa:293.576
[18:17:45] < posa:286.878
[18:17:45] < posa:280.129
[18:17:45] < posa:273.431
[18:17:45] < posa:266.783
[18:17:46] < posa:260.084
[18:17:46] < posa:253.435
[18:17:46] < posa:246.735
[18:17:46] < posa:240.084
[18:17:46] < posa:233.384
[18:17:47] < posa:226.734
[18:17:47] < posa:220.033
[18:17:47] < posa:213.383
[18:17:47] < posa:206.682
[18:17:47] < posa:200.032
[18:17:48] < posa:193.332
[18:17:48] < posa:186.681
[18:17:48] < posa:179.981
[18:17:48] < posa:173.330
[18:17:48] < posa:166.580
[18:17:49] < posa:159.880
[18:17:49] < posa:153.179
[18:17:49] < posa:146.529
[18:17:49] < posa:139.778
[18:17:49] < posa:133.078
[18:17:50] < posa:126.428
[18:17:50] < posa:119.728
[18:17:50] < posa:112.979
[18:17:50] < posa:106.280
[18:17:50] < posa:99.630
[18:17:51] < posa:92.931
[18:17:51] < posa:86.181
[18:17:51] < posa:79.482
[18:17:51] < posa:72.833
[18:17:51] < posa:66.133
[18:17:52] < posa:59.483
[18:17:52] < posa:52.784
[18:17:52] < posa:46.034
[18:17:52] < posa:39.334
[18:17:52] < posa:32.684
[18:17:53] < posa:25.984
[18:17:53] < posa:19.235
[18:17:53] < posa:12.535
[18:17:53] < posa:5.885
[18:17:53] < posa:0.001,vel:34.23
[18:17:54] < vel:0.00,stat:3
[18:17:54] Machine is homed. 
[18:17:54] > g91 g1 a360 f2500
[18:17:54] > g91 g1 a-360 f2500
[18:17:54] < tinyg [mm] ok> 
[18:17:54] < tinyg [mm] ok> 
[18:17:54] < posa:6.877,feed:2500.00,vel:2500.00,stat:5
[18:17:54] < posa:15.314
[18:17:54] < posa:23.689
[18:17:55] < posa:32.002
[18:17:55] < posa:40.377
[18:17:55] < posa:48.814
[18:17:55] < posa:57.189
[18:17:55] < posa:65.502
[18:17:56] < posa:73.877
[18:17:56] < posa:82.189
[18:17:56] < posa:90.564
[18:17:56] < posa:98.877
[18:17:56] < posa:107.252
[18:17:57] < posa:115.564
[18:17:57] < posa:123.939
[18:17:57] < posa:132.252
[18:17:57] < posa:140.627
[18:17:57] < posa:148.939
[18:17:58] < posa:157.314
[18:17:58] < posa:165.627
[18:17:58] < posa:174.002
[18:17:58] < posa:182.314
[18:17:58] < posa:190.689
[18:17:59] < posa:199.002
[18:17:59] < posa:207.377
[18:17:59] < posa:215.689
[18:17:59] < posa:224.064
[18:17:59] < posa:232.377
[18:18:00] < posa:240.752
[18:18:00] < posa:249.064
[18:18:00] < posa:257.439
[18:18:00] < posa:265.752
[18:18:00] < posa:274.127
[18:18:01] < posa:282.439
[18:18:01] < posa:290.814
[18:18:01] < posa:299.127
[18:18:01] < posa:307.564
[18:18:01] < posa:315.939
[18:18:02] < posa:324.252
[18:18:02] < posa:332.627
[18:18:02] < posa:341.064
[18:18:02] < posa:349.439
[18:18:02] < posa:357.752
[18:18:03] < posa:355.246
[18:18:03] < posa:346.871
[18:18:03] < posa:338.559
[18:18:03] < posa:330.184
[18:18:03] < posa:321.746
[18:18:04] < posa:313.371
[18:18:04] < posa:305.059
[18:18:04] < posa:296.684
[18:18:04] < posa:288.246
[18:18:04] < posa:279.871
[18:18:05] < posa:271.559
[18:18:05] < posa:263.184
[18:18:05] < posa:254.746
[18:18:05] < posa:246.371
[18:18:05] < posa:238.059
[18:18:06] < posa:229.684
[18:18:06] < posa:221.371
[18:18:06] < posa:212.996
[18:18:06] < posa:204.684
[18:18:06] < posa:196.309
[18:18:07] < posa:187.996
[18:18:07] < posa:179.621
[18:18:07] < posa:171.309
[18:18:07] < posa:162.934
[18:18:07] < posa:154.621
[18:18:08] < posa:146.246
[18:18:08] < posa:137.934
[18:18:08] < posa:129.559
[18:18:08] < posa:121.246
[18:18:08] < posa:112.871
[18:18:09] < posa:104.559
[18:18:09] < posa:96.184
[18:18:09] < posa:87.871
[18:18:09] < posa:79.496
[18:18:09] < posa:71.184
[18:18:10] < posa:62.746
[18:18:10] < posa:54.371
[18:18:10] < posa:45.996
[18:18:10] < posa:37.684
[18:18:10] < posa:29.246
[18:18:11] < posa:20.871
[18:18:11] < posa:12.559
[18:18:11] < posa:4.184
[18:18:11] < posa:0.000,vel:0.00,stat:3
[18:18:11] Machine is homed. 
[18:18:11] > g91 g1 a360 f3000
[18:18:11] > g91 g1 a-360 f3000
[18:18:11] < tinyg [mm] ok> 
[18:18:11] < tinyg [mm] ok> 
[18:18:11] < posa:8.123,feed:3000.00,vel:3000.00,stat:5
[18:18:12] < posa:18.171
[18:18:12] < posa:28.144
[18:18:12] < posa:38.192
[18:18:12] < posa:48.315
[18:18:12] < posa:58.363
[18:18:13] < posa:68.336
[18:18:13] < posa:78.383
[18:18:13] < posa:88.506
[18:18:13] < posa:98.554
[18:18:13] < posa:108.526
[18:18:14] < posa:118.574
[18:18:14] < posa:128.696
[18:18:14] < posa:138.744
[18:18:14] < posa:148.716
[18:18:14] < posa:158.764
[18:18:15] < posa:168.736
[18:18:15] < posa:178.784
[18:18:15] < posa:188.756
[18:18:15] < posa:198.804
[18:18:15] < posa:208.777
[18:18:16] < posa:218.824
[18:18:16] < posa:228.797
[18:18:16] < posa:238.844
[18:18:16] < posa:248.817
[18:18:16] < posa:258.864
[18:18:17] < posa:268.837
[18:18:17] < posa:278.884
[18:18:17] < posa:288.857
[18:18:17] < posa:298.905
[18:18:17] < posa:308.877
[18:18:18] < posa:318.925
[18:18:18] < posa:328.897
[18:18:18] < posa:338.945
[18:18:18] < posa:348.917
[18:18:18] < posa:358.925,vel:2568.70
[18:18:19] < posa:353.202,vel:3000.00
[18:18:19] < posa:343.154
[18:18:19] < posa:333.182
[18:18:19] < posa:323.134
[18:18:19] < posa:313.162
[18:18:20] < posa:303.039
[18:18:20] < posa:292.992
[18:18:20] < posa:283.019
[18:18:20] < posa:272.972
[18:18:21] < posa:262.849
[18:18:21] < posa:252.802
[18:18:21] < posa:242.829
[18:18:21] < posa:232.781
[18:18:21] < posa:222.659
[18:18:22] < posa:212.611
[18:18:22] < posa:202.639
[18:18:22] < posa:192.591
[18:18:22] < posa:182.469
[18:18:22] < posa:172.421
[18:18:23] < posa:162.449
[18:18:23] < posa:152.401
[18:18:23] < posa:142.279
[18:18:23] < posa:132.231
[18:18:23] < posa:122.258
[18:18:24] < posa:112.211
[18:18:24] < posa:102.088
[18:18:24] < posa:92.041
[18:18:24] < posa:82.068
[18:18:24] < posa:72.021
[18:18:25] < posa:62.048
[18:18:25] < posa:52.000
[18:18:25] < posa:42.027
[18:18:25] < posa:31.979
[18:18:25] < posa:22.006
[18:18:26] < posa:11.958
[18:18:26] < posa:1.974
[18:18:26] < posa:0.000,vel:0.00,stat:3
[18:18:26] Machine is homed. 
[18:18:26] > g91 g1 a360 f3500
[18:18:26] > g91 g1 a-360 f3500
[18:18:26] < tinyg [mm] ok> 
[18:18:26] < tinyg [mm] ok> 
[18:18:26] < posa:9.225,feed:3500.00,vel:3500.00,stat:5
[18:18:26] < posa:20.950
[18:18:27] < posa:32.762
[18:18:27] < posa:44.487
[18:18:27] < posa:56.124
[18:18:27] < posa:67.849
[18:18:27] < posa:79.662
[18:18:28] < posa:91.387
[18:18:28] < posa:103.025
[18:18:28] < posa:114.750
[18:18:28] < posa:126.563
[18:18:28] < posa:138.287
[18:18:29] < posa:149.924
[18:18:29] < posa:161.648
[18:18:29] < posa:173.460
[18:18:29] < posa:185.184
[18:18:29] < posa:196.820
[18:18:30] < posa:208.545
[18:18:30] < posa:220.181
[18:18:30] < posa:231.906
[18:18:30] < posa:243.717
[18:18:30] < posa:255.441
[18:18:31] < posa:267.078
[18:18:31] < posa:278.802
[18:18:31] < posa:290.439
[18:18:31] < posa:302.163
[18:18:31] < posa:313.800
[18:18:32] < posa:325.524
[18:18:32] < posa:337.161
[18:18:32] < posa:348.885
[18:18:32] < posa:359.716,vel:1220.09
[18:18:32] < posa:350.735,vel:3500.00
[18:18:33] < posa:339.011
[18:18:33] < posa:327.374
[18:18:33] < posa:315.650
[18:18:33] < posa:303.838
[18:18:33] < posa:292.114
[18:18:34] < posa:280.477
[18:18:34] < posa:268.753
[18:18:34] < posa:256.941
[18:18:34] < posa:245.217
[18:18:34] < posa:233.580
[18:18:35] < posa:221.856
[18:18:35] < posa:210.220
[18:18:35] < posa:198.495
[18:18:35] < posa:186.684
[18:18:35] < posa:174.960
[18:18:36] < posa:163.323
[18:18:36] < posa:151.599
[18:18:36] < posa:139.962
[18:18:36] < posa:128.238
[18:18:36] < posa:116.600
[18:18:37] < posa:104.875
[18:18:37] < posa:93.237
[18:18:37] < posa:81.512
[18:18:37] < posa:69.874
[18:18:37] < posa:58.149
[18:18:38] < posa:46.512
[18:18:38] < posa:34.787
[18:18:38] < posa:23.150
[18:18:38] < posa:11.425
[18:18:38] < posa:0.288,vel:1520.49
[18:18:39] < posa:0.000,vel:0.00,stat:3
[18:18:39] Machine is homed. 
[18:18:39] > g91 g1 a360 f4000
[18:18:39] > g91 g1 a-360 f4000
[18:18:39] < tinyg [mm] ok> 
[18:18:39] < tinyg [mm] ok> 
[18:18:39] < posa:10.439,feed:4000.00,vel:4000.00,stat:5
[18:18:39] < posa:23.838
[18:18:39] < posa:37.136
[18:18:40] < posa:50.535
[18:18:40] < posa:63.834
[18:18:40] < posa:77.233
[18:18:40] < posa:90.531
[18:18:40] < posa:103.930
[18:18:41] < posa:117.229
[18:18:41] < posa:130.728
[18:18:41] < posa:144.127
[18:18:41] < posa:157.425
[18:18:41] < posa:170.824
[18:18:42] < posa:184.323
[18:18:42] < posa:197.722
[18:18:42] < posa:211.020
[18:18:42] < posa:224.419
[18:18:42] < posa:237.918
[18:18:43] < posa:251.317
[18:18:43] < posa:264.617
[18:18:43] < posa:278.018
[18:18:43] < posa:291.518
[18:18:43] < posa:304.919
[18:18:44] < posa:318.220
[18:18:44] < posa:331.621
[18:18:44] < posa:344.922
[18:18:44] < posa:358.244,vel:3540.28
[18:18:44] < posa:352.210,vel:4000.00
[18:18:45] < posa:338.809
[18:18:45] < posa:325.508
[18:18:45] < posa:312.107
[18:18:45] < posa:298.606
[18:18:45] < posa:285.205
[18:18:46] < posa:271.905
[18:18:46] < posa:258.504
[18:18:46] < posa:245.005
[18:18:46] < posa:231.606
[18:18:46] < posa:218.307
[18:18:47] < posa:204.908
[18:18:47] < posa:191.610
[18:18:47] < posa:178.211
[18:18:47] < posa:164.912
[18:18:47] < posa:151.513
[18:18:48] < posa:138.214
[18:18:48] < posa:124.816
[18:18:48] < posa:111.517
[18:18:48] < posa:98.118
[18:18:48] < posa:84.819
[18:18:49] < posa:71.421
[18:18:49] < posa:58.122
[18:18:49] < posa:44.723
[18:18:49] < posa:31.424
[18:18:49] < posa:18.025
[18:18:50] < posa:4.727
[18:18:50] < posa:0.000,vel:0.00,stat:3
[18:18:50] Machine is homed. 
[18:18:50] > g91 g1 a360 f4500
[18:18:50] > g91 g1 a-360 f4500
[18:18:50] < tinyg [mm] ok> 
[18:18:50] < tinyg [mm] ok> 
[18:18:50] < posa:11.499,feed:4500.00,vel:4500.00,stat:5
[18:18:50] < posa:26.569
[18:18:50] < posa:41.640
[18:18:51] < posa:56.598
[18:18:51] < posa:71.668
[18:18:51] < posa:86.626
[18:18:51] < posa:101.696
[18:18:51] < posa:116.654
[18:18:52] < posa:131.724
[18:18:52] < posa:146.681
[18:18:52] < posa:161.750
[18:18:52] < posa:176.707
[18:18:52] < posa:191.776
[18:18:53] < posa:206.733
[18:18:53] < posa:221.802
[18:18:53] < posa:236.759
[18:18:53] < posa:251.828
[18:18:53] < posa:266.785
[18:18:54] < posa:281.854
[18:18:54] < posa:296.811
[18:18:54] < posa:311.880
[18:18:54] < posa:326.837
[18:18:54] < posa:341.907
[18:18:55] < posa:356.874,vel:4456.57
[18:18:55] < posa:353.054,vel:4500.00
[18:18:55] < posa:338.098
[18:18:55] < posa:322.916
[18:18:55] < posa:307.847
[18:18:56] < posa:292.777
[18:18:56] < posa:277.821
[18:18:56] < posa:262.639
[18:18:56] < posa:247.570
[18:18:56] < posa:232.613
[18:18:57] < posa:217.543
[18:18:57] < posa:202.362
[18:18:57] < posa:187.292
[18:18:57] < posa:172.336
[18:18:57] < posa:157.266
[18:18:58] < posa:142.085
[18:18:58] < posa:127.015
[18:18:58] < posa:112.057
[18:18:58] < posa:96.987
[18:18:59] < posa:81.804
[18:18:59] < posa:66.734
[18:18:59] < posa:51.776
[18:18:59] < posa:36.706
[18:18:59] < posa:21.748
[18:19:00] < posa:6.678
[18:19:00] < posa:0.000,vel:0.00,stat:3
[18:19:00] Machine is homed. 
[18:19:00] > g91 g1 a360 f5000
[18:19:00] > g91 g1 a-360 f5000
[18:19:00] < tinyg [mm] ok> 
[18:19:00] < tinyg [mm] ok> 
[18:19:00] < posa:12.496,feed:5000.00,vel:5000.00,stat:5
[18:19:00] < posa:29.244
[18:19:00] < posa:46.116
[18:19:01] < posa:62.863
[18:19:01] < posa:79.610
[18:19:01] < posa:96.232
[18:19:01] < posa:113.104
[18:19:01] < posa:129.851
[18:19:02] < posa:146.474
[18:19:02] < posa:163.222
[18:19:02] < posa:180.095
[18:19:02] < posa:196.843
[18:19:02] < posa:213.466
[18:19:03] < posa:230.214
[18:19:03] < posa:246.837
[18:19:03] < posa:263.584
[18:19:03] < posa:280.205
[18:19:03] < posa:296.951
[18:19:04] < posa:313.822
[18:19:04] < posa:330.568
[18:19:04] < posa:347.189
[18:19:04] < posa:359.823,vel:1040.99
[18:19:04] < posa:345.443,vel:5000.00
[18:19:05] < posa:328.698
[18:19:05] < posa:311.827
[18:19:05] < posa:295.081
[18:19:05] < posa:278.460
[18:19:05] < posa:261.714
[18:19:06] < posa:244.842
[18:19:06] < posa:228.094
[18:19:06] < posa:211.471
[18:19:06] < posa:194.723
[18:19:06] < posa:177.850
[18:19:07] < posa:161.102
[18:19:07] < posa:144.479
[18:19:07] < posa:127.731
[18:19:07] < posa:111.109
[18:19:07] < posa:94.362
[18:19:08] < posa:77.740
[18:19:08] < posa:60.993
[18:19:08] < posa:44.371
[18:19:08] < posa:27.623
[18:19:08] < posa:11.001
[18:19:09] < posa:0.000,vel:0.00,stat:3
[18:19:09] Machine is homed. 
[18:19:09] > g91 g1 a360 f5500
[18:19:09] > g91 g1 a-360 f5500
[18:19:09] < tinyg [mm] ok> 
[18:19:09] < tinyg [mm] ok> 
[18:19:09] < posa:13.561,feed:5500.00,vel:5500.00,stat:5
[18:19:09] < posa:31.845
[18:19:09] < posa:50.266
[18:19:10] < posa:68.549
[18:19:10] < posa:86.970
[18:19:10] < posa:105.253
[18:19:10] < posa:123.673
[18:19:10] < posa:141.956
[18:19:11] < posa:160.377
[18:19:11] < posa:178.660
[18:19:11] < posa:197.080
[18:19:11] < posa:215.363
[18:19:11] < posa:233.921
[18:19:12] < posa:252.342
[18:19:12] < posa:270.764
[18:19:12] < posa:289.049
[18:19:12] < posa:307.609
[18:19:12] < posa:326.031
[18:19:13] < posa:344.316
[18:19:13] < posa:359.850,vel:1038.52
[18:19:13] < posa:346.100,vel:5500.00
[18:19:13] < posa:327.678
[18:19:13] < posa:309.255
[18:19:14] < posa:290.970
[18:19:14] < posa:272.547
[18:19:14] < posa:253.988
[18:19:14] < posa:235.567
[18:19:14] < posa:217.284
[18:19:15] < posa:198.864
[18:19:15] < posa:180.306
[18:19:15] < posa:161.885
[18:19:15] < posa:143.602
[18:19:15] < posa:125.182
[18:19:16] < posa:106.624
[18:19:16] < posa:88.203
[18:19:16] < posa:69.920
[18:19:16] < posa:51.499
[18:19:16] < posa:33.216
[18:19:17] < posa:14.795
[18:19:17] < posa:0.008,vel:135.44
[18:19:17] < posa:0.000,vel:0.00,stat:3
[18:19:17] Machine is homed. 
[18:19:17] > g91 g1 a360 f6000
[18:19:17] > g91 g1 a-360 f6000
[18:19:17] < tinyg [mm] ok> 
[18:19:17] < tinyg [mm] ok> 
[18:19:17] < posa:14.580,feed:6000.00,vel:6000.00,stat:5
[18:19:17] < posa:34.673
[18:19:18] < posa:54.765
[18:19:18] < posa:74.708
[18:19:18] < posa:94.800
[18:19:18] < posa:115.042
[18:19:18] < posa:135.134
[18:19:19] < posa:155.077
[18:19:19] < posa:175.170
[18:19:19] < posa:195.413
[18:19:19] < posa:215.506
[18:19:19] < posa:235.449
[18:19:20] < posa:255.542
[18:19:20] < posa:275.484
[18:19:20] < posa:295.575
[18:19:20] < posa:315.815
[18:19:20] < posa:335.906
[18:19:21] < posa:355.836,vel:5815.36
[18:19:21] < posa:352.554,vel:6000.00
[18:19:21] < posa:332.313
[18:19:21] < posa:312.222
[18:19:21] < posa:292.281
[18:19:22] < posa:272.190
[18:19:22] < posa:252.249
[18:19:22] < posa:232.155
[18:19:22] < posa:212.212
[18:19:22] < posa:192.119
[18:19:23] < posa:172.176
[18:19:23] < posa:152.083
[18:19:23] < posa:132.140
[18:19:23] < posa:112.048
[18:19:23] < posa:92.106
[18:19:24] < posa:72.014
[18:19:24] < posa:52.071
[18:19:24] < posa:31.979
[18:19:24] < posa:12.036
[18:19:24] < posa:0.000,vel:0.00,stat:3
[18:19:24] Machine is homed. 
[18:19:24] > g91 g1 a360 f6500
[18:19:24] > g91 g1 a-360 f6500
[18:19:24] < tinyg [mm] ok> 
[18:19:24] < tinyg [mm] ok> 
[18:19:25] < posa:15.556,feed:6500.00,vel:6500.00,stat:5
[18:19:25] < posa:37.327
[18:19:25] < posa:58.934
[18:19:25] < posa:80.704
[18:19:26] < posa:102.311
[18:19:26] < posa:124.081
[18:19:26] < posa:146.013
[18:19:26] < posa:167.783
[18:19:26] < posa:189.390
[18:19:27] < posa:211.160
[18:19:27] < posa:232.767
[18:19:27] < posa:254.537
[18:19:27] < posa:276.146
[18:19:27] < posa:297.917
[18:19:28] < posa:319.527
[18:19:28] < posa:341.298
[18:19:28] < posa:359.688,vel:1218.06
[18:19:28] < posa:345.031,vel:6500.00
[18:19:28] < posa:323.422
[18:19:29] < posa:301.650
[18:19:29] < posa:279.716
[18:19:29] < posa:257.944
[18:19:29] < posa:236.337
[18:19:29] < posa:214.567
[18:19:30] < posa:192.960
[18:19:30] < posa:171.190
[18:19:30] < posa:149.258
[18:19:30] < posa:127.489
[18:19:30] < posa:105.881
[18:19:31] < posa:84.112
[18:19:31] < posa:62.180
[18:19:31] < posa:40.409
[18:19:31] < posa:18.802
[18:19:31] < posa:0.117,vel:860.49
[18:19:32] < posa:0.000,vel:0.00,stat:3
[18:19:32] Machine is homed. 
[18:19:32] > g91 g1 a360 f7000
[18:19:32] > g91 g1 a-360 f7000
[18:19:32] < tinyg [mm] ok> 
[18:19:32] < tinyg [mm] ok> 
[18:19:32] < posa:16.483,feed:7000.00,vel:7000.00,stat:5
[18:19:32] < posa:39.751
[18:19:32] < posa:63.019
[18:19:32] < posa:86.462
[18:19:33] < posa:109.730
[18:19:33] < posa:133.173
[18:19:33] < posa:156.441
[18:19:33] < posa:179.883
[18:19:33] < posa:203.150
[18:19:34] < posa:226.767
[18:19:34] < posa:250.210
[18:19:34] < posa:273.478
[18:19:34] < posa:296.923
[18:19:34] < posa:320.542
[18:19:35] < posa:343.986
[18:19:35] < posa:359.744,vel:1099.94
[18:19:35] < posa:340.483,vel:7000.00
[18:19:35] < posa:317.214
[18:19:35] < posa:293.770
[18:19:36] < posa:270.150
[18:19:36] < posa:246.707
[18:19:36] < posa:223.440
[18:19:36] < posa:199.997
[18:19:36] < posa:176.380
[18:19:37] < posa:152.938
[18:19:37] < posa:129.671
[18:19:37] < posa:106.227
[18:19:37] < posa:82.609
[18:19:37] < posa:59.166
[18:19:38] < posa:35.898
[18:19:38] < posa:12.456
[18:19:38] < posa:0.000,vel:0.00,stat:3
[18:19:38] Machine is homed. 
[18:19:38] > g91 g1 a360 f7500
[18:19:38] > g91 g1 a-360 f7500
[18:19:38] < tinyg [mm] ok> 
[18:19:38] < tinyg [mm] ok> 
[18:19:38] < posa:17.363,feed:7500.00,vel:7500.00,stat:5
[18:19:39] < posa:42.294
[18:19:39] < posa:67.224
[18:19:39] < posa:92.342
[18:19:39] < posa:117.272
[18:19:39] < posa:142.389
[18:19:40] < posa:167.319
[18:19:40] < posa:192.436
[18:19:40] < posa:217.365
[18:19:40] < posa:242.482
[18:19:40] < posa:267.411
[18:19:41] < posa:292.528
[18:19:41] < posa:317.457
[18:19:41] < posa:342.574
[18:19:41] < posa:359.824,vel:1033.07
[18:19:41] < posa:339.958,vel:7500.00
[18:19:42] < posa:314.841
[18:19:42] < posa:289.912
[18:19:42] < posa:264.795
[18:19:42] < posa:239.866
[18:19:42] < posa:214.562
[18:19:43] < posa:189.445
[18:19:43] < posa:164.328
[18:19:43] < posa:139.399
[18:19:43] < posa:114.094
[18:19:43] < posa:88.976
[18:19:44] < posa:64.045
[18:19:44] < posa:38.928
[18:19:44] < posa:13.622
[18:19:44] < posa:0.000,vel:0.00,stat:3
[18:19:44] Machine is homed. 
[18:19:44] > g91 g1 a360 f8000
[18:19:44] > g91 g1 a-360 f8000
[18:19:44] < tinyg [mm] ok> 
[18:19:44] < tinyg [mm] ok> 
[18:19:44] < posa:18.395,feed:8000.00,vel:8000.00,stat:5
[18:19:45] < posa:44.992
[18:19:45] < posa:71.988
[18:19:45] < posa:98.785
[18:19:45] < posa:125.581
[18:19:45] < posa:152.179
[18:19:46] < posa:179.176
[18:19:46] < posa:205.974
[18:19:46] < posa:232.572
[18:19:46] < posa:259.369
[18:19:46] < posa:286.367
[18:19:47] < posa:313.164
[18:19:47] < posa:339.762
[18:19:47] < posa:359.950,vel:1001.98
[18:19:47] < posa:340.754,vel:8000.00
[18:19:47] < posa:314.157
[18:19:48] < posa:287.359
[18:19:48] < posa:260.762
[18:19:48] < posa:233.764
[18:19:48] < posa:206.967
[18:19:48] < posa:180.369
[18:19:49] < posa:153.572
[18:19:49] < posa:126.574
[18:19:49] < posa:99.778
[18:19:49] < posa:73.181
[18:19:49] < posa:46.385
[18:19:50] < posa:19.388
[18:19:50] < posa:0.001,vel:30.72
[18:19:50] < vel:0.00,stat:3
[18:19:50] Machine is homed. 
[18:19:50] > g91 g1 a360 f8500
[18:19:50] > g91 g1 a-360 f8500
[18:19:50] < tinyg [mm] ok> 
[18:19:50] < tinyg [mm] ok> 
[18:19:50] < posa:19.186,feed:8500.00,vel:8500.00,stat:5
[18:19:51] < posa:47.648
[18:19:51] < posa:75.898
[18:19:51] < posa:104.361
[18:19:51] < posa:133.036
[18:19:51] < posa:161.498
[18:19:52] < posa:189.748
[18:19:52] < posa:218.210
[18:19:52] < posa:246.884
[18:19:52] < posa:275.346
[18:19:52] < posa:303.596
[18:19:53] < posa:332.057
[18:19:53] < posa:358.463,vel:3679.08
[18:19:53] < posa:346.930,vel:8500.00
[18:19:53] < posa:318.255
[18:19:53] < posa:289.794
[18:19:54] < posa:261.544
[18:19:54] < posa:233.082
[18:19:54] < posa:204.408
[18:19:54] < posa:175.946
[18:19:54] < posa:147.696
[18:19:55] < posa:119.234
[18:19:55] < posa:90.559
[18:19:55] < posa:62.096
[18:19:55] < posa:33.846
[18:19:55] < posa:5.470,vel:7954.82
[18:19:56] < posa:0.000,vel:0.00,stat:3
[18:19:56] Machine is homed. 
[18:19:56] > g91 g1 a360 f9000
[18:19:56] > g91 g1 a-360 f9000
[18:19:56] < tinyg [mm] ok> 
[18:19:56] < tinyg [mm] ok> 
[18:19:56] < posa:19.931,feed:9000.00,vel:9000.00,stat:5
[18:19:56] < posa:49.849
[18:19:56] < posa:80.216
[18:19:56] < posa:110.359
[18:19:57] < posa:140.277
[18:19:57] < posa:170.419
[18:19:57] < posa:200.787
[18:19:57] < posa:230.930
[18:19:57] < posa:260.847
[18:19:58] < posa:290.990
[18:19:58] < posa:321.358
[18:19:58] < posa:351.497,vel:8909.24
[18:19:58] < posa:355.421,vel:7204.50
[18:19:58] < posa:325.635,vel:9000.00
[18:19:59] < posa:295.717
[18:19:59] < posa:265.575
[18:19:59] < posa:235.657
[18:19:59] < posa:205.514
[18:19:59] < posa:175.597
[18:20:00] < posa:145.454
[18:20:00] < posa:115.536
[18:20:00] < posa:85.394
[18:20:00] < posa:55.476
[18:20:00] < posa:25.333
[18:20:01] < posa:0.197,vel:1208.02
[18:20:01] < posa:0.000,vel:0.00,stat:3
[18:20:01] Machine is homed. 
[18:20:01] > g91 g1 a360 f9500
[18:20:01] > g91 g1 a-360 f9500
[18:20:01] < tinyg [mm] ok> 
[18:20:01] < tinyg [mm] ok> 
[18:20:01] < posa:20.862,feed:9500.00,vel:9500.00,stat:5
[18:20:01] < posa:52.686
[18:20:02] < posa:84.273
[18:20:02] < posa:116.098
[18:20:02] < posa:148.160
[18:20:02] < posa:179.985
[18:20:02] < posa:211.573
[18:20:03] < posa:243.399
[18:20:03] < posa:275.460
[18:20:03] < posa:307.284
[18:20:03] < posa:338.870
[18:20:03] < posa:359.850,vel:1018.25
[18:20:04] < posa:336.258,vel:9500.00
[18:20:04] < posa:304.435
[18:20:04] < posa:272.849
[18:20:04] < posa:240.787
[18:20:04] < posa:208.961
[18:20:05] < posa:177.374
[18:20:05] < posa:145.548
[18:20:05] < posa:113.486
[18:20:05] < posa:81.661
[18:20:05] < posa:49.837
[18:20:06] < posa:18.250
[18:20:06] < posa:0.000,vel:0.00,stat:3
[18:20:06] Machine is homed. 
[18:20:06] > g91 g1 a360 f10000
[18:20:06] > g91 g1 a-360 f10000
[18:20:06] < tinyg [mm] ok> 
[18:20:06] < tinyg [mm] ok> 
[18:20:06] < posa:21.513,feed:10000.00,vel:10000.00,stat:5
[18:20:06] < posa:54.758
[18:20:06] < posa:88.502
[18:20:07] < posa:121.997
[18:20:07] < posa:155.241
[18:20:07] < posa:188.735
[18:20:07] < posa:222.479
[18:20:07] < posa:255.973
[18:20:08] < posa:289.219
[18:20:08] < posa:322.715
[18:20:08] < posa:355.671,vel:7360.10
[18:20:08] < posa:350.667,vel:9774.53
[18:20:08] < posa:317.216,vel:10000.00
[18:20:09] < posa:283.970
[18:20:09] < posa:250.475
[18:20:09] < posa:216.731
[18:20:09] < posa:183.237
[18:20:09] < posa:149.993
[18:20:10] < posa:116.499
[18:20:10] < posa:82.754
[18:20:10] < posa:49.259
[18:20:10] < posa:16.014
[18:20:10] < posa:0.000,vel:0.00,stat:3
[18:20:10] Machine is homed. 
[18:20:10] Reached end of file
[18:20:10] Sending the file 0 more times!!!
[18:22:29] Loading file...
[18:22:33] No file selected
[18:22:43] > g28.2z0
[18:22:43] < tinyg [mm] ok> 
[18:22:43] < posz:-1.076,feed:500.00,vel:500.00,coor:0,stat:9
[18:22:43] < posz:-2.738
[18:22:44] < posz:-4.413
[18:22:44] < posz:-6.100
[18:22:44] < posz:-7.775
[18:22:44] < posz:-9.438
[18:22:44] < posz:-11.113
[18:22:45] < posz:-12.800
[18:22:45] < posz:-14.475
[18:22:45] < posz:-16.137
[18:22:45] < posz:-17.812
[18:22:45] < posz:-19.474
[18:22:46] < posz:-21.149
[18:22:46] < posz:-22.836
[18:22:46] < posz:-24.511,vel:497.06
[18:22:46] < posz:-25.000,vel:5.67
[18:22:46] < posz:-24.036,vel:141.29
[18:22:47] < posz:-24.060,feed:50.00,vel:50.00
[18:22:47] < posz:-24.228
[18:22:47] < posz:-24.394
[18:22:47] < posz:-24.561
[18:22:47] < posz:-24.729
[18:22:48] < posz:-24.895
[18:22:48] < posz:-25.000,vel:0.00
[18:22:48] < posz:-23.924,feed:500.00,vel:500.00
[18:22:48] < posz:-22.262
[18:22:48] < posz:-20.575
[18:22:49] < posz:-18.900
[18:22:49] < posz:-17.237
[18:22:49] < posz:-15.563
[18:22:49] < posz:-13.875
[18:22:49] < posz:0.000,feed:10000.00,vel:0.00,coor:1,momo:4,stat:3
[18:22:49] Machine is homed. 
[18:23:31] Loading file...
[18:23:35] File to load: C:\Users\Oscar\Desktop\init.json
[18:23:35] Loading File... 
[18:23:36] JSON Loaded... 
[18:23:36] Dumping init file... 
[18:23:39] Connected to Serial on port COM6
[18:23:39] < {"r":{"fv":0.98,"fb":86.03,"hp":3,"hv":0,"id":"0213-0215-0515","msg":"SYSTEM READY"},"f":[1,0,1]}
[18:23:39] < [ej]  enable json mode            0 [0=text,1=JSON]
[18:23:39] < tinyg [mm] ok> 
[18:23:41] Re-Dumping file C:\Users\Oscar\Desktop\init.json ...
[18:23:41] Loading File... 
[18:23:41] JSON Loaded... 
[18:23:41] Dumping init file... 
[18:23:42] < {"r":{"js":1},"f":[1,0,9]}
[18:23:42] < {"r":{"gpa":1},"f":[1,0,10]}
[18:23:42] < {"r":{"gun":1},"f":[1,0,10]}
[18:23:42] < {"r":{"ja":0.20},"f":[1,0,11]}
[18:23:42] < {"r":{"si":200},"f":[1,0,11]}
[18:23:42] < {"r":{"jv":5},"f":[1,0,9]}
[18:23:42] < {"r":{"mt":1},"f":[1,0,9]}
[18:23:42] < {"r":{"1ma":1},"f":[1,0,10]}
[18:23:42] < {"r":{"2ma":2},"f":[1,0,10]}
[18:23:42] < {"r":{"3ma":0},"f":[1,0,10]}
[18:23:42] < {"r":{"4ma":3},"f":[1,0,10]}
[18:23:42] < {"r":{"1po":0},"f":[1,0,10]}
[18:23:42] < {"r":{"2po":0},"f":[1,0,10]}
[18:23:42] < {"r":{"3po":1},"f":[1,0,10]}
[18:23:42] < {"r":{"4po":1},"f":[1,0,10]}
[18:23:42] < {"r":{"2tr":1.2500},"f":[1,0,13]}
[18:23:42] < {"r":{"3tr":15.9593},"f":[1,0,26]}
[18:23:42] < {"r":{"4tr":9.2000},"f":[1,0,12]}
[18:23:42] < {"r":{"1pl":0.000},"f":[1,0,10]}
[18:23:42] < {"r":{"2pl":1.000},"f":[1,0,10]}
[18:23:42] < {"r":{"3pl":0.000},"f":[1,0,10]}
[18:23:42] < {"r":{"4pl":0.000},"f":[1,0,10]}
[18:23:42] < {"r":{"1pm":0},"f":[1,0,10]}
[18:23:42] < {"r":{"2pm":2},"f":[1,0,10]}
[18:23:42] < {"r":{"3pm":1},"f":[1,0,10]}
[18:23:42] < {"r":{"4pm":1},"f":[1,0,10]}
[18:23:42] < {"r":{"2sa":1.800},"f":[1,0,12]}
[18:23:42] < {"r":{"3sa":1.800},"f":[1,0,12]}
[18:23:42] < {"r":{"4sa":1.800},"f":[1,0,12]}
[18:23:42] < {"r":{"2mi":8},"f":[1,0,10]}
[18:23:42] < {"r":{"3mi":10,"msg":"*** WARNING *** Setting non-standard microstep value"},"f":[1,0,11]}
[18:23:42] < {"r":{"4mi":10,"msg":"*** WARNING *** Setting non-standard microstep value"},"f":[1,0,11]}
[18:23:42] < {"r":{"xam":1},"f":[1,0,10]}
[18:23:42] < {"r":{"xvm":10000},"f":[1,0,14]}
[18:23:42] < {"r":{"xfr":10000},"f":[1,0,14]}
[18:23:42] < {"r":{"xjm":20000},"f":[1,0,14]}
[18:23:42] < {"r":{"yam":0},"f":[1,0,10]}
[18:23:42] < {"r":{"zam":1},"f":[1,0,10]}
[18:23:42] < {"r":{"zvm":850},"f":[1,0,12]}
[18:23:42] < {"r":{"zfr":850},"f":[1,0,12]}
[18:23:42] < {"r":{"zjm":5000},"f":[1,0,13]}
[18:23:42] < {"r":{"aam":1},"f":[1,0,10]}
[18:23:42] < {"r":{"avm":10000},"f":[1,0,14]}
[18:23:42] < {"r":{"afr":10000},"f":[1,0,14]}
[18:23:42] < {"r":{"ajm":10000},"f":[1,0,14]}
[18:23:42] < {"r":{"di8mo":-1},"f":[1,0,13]}
[18:23:42] < {"r":{"xhi":0},"f":[1,0,10]}
[18:23:42] < {"r":{"yhi":0},"f":[1,0,10]}
[18:23:42] < {"r":{"zhi":0},"f":[1,0,10]}
[18:23:42] < {"r":{"bhi":0},"f":[1,0,10]}
[18:23:42] < {"r":{"chi":0},"f":[1,0,10]}
[18:23:42] < {"r":{"di1mo":1},"f":[1,0,12]}
[18:23:42] < {"r":{"di1ac":0},"f":[1,0,12]}
[18:23:42] < {"r":{"di1fn":0},"f":[1,0,12]}
[18:23:42] < {"r":{"ahi":1},"f":[1,0,10]}
[18:23:42] < {"r":{"ahd":1},"f":[1,0,10]}
[18:23:42] < {"r":{"asv":2000},"f":[1,0,13]}
[18:23:42] < {"r":{"alv":500.00},"f":[1,0,12]}
[18:23:42] < {"r":{"alb":20.000},"f":[1,0,11]}
[18:23:42] < {"r":{"ajh":10000},"f":[1,0,14]}
[18:23:42] < {"r":{"di2mo":0},"f":[1,0,12]}
[18:23:42] < {"r":{"di2ac":0},"f":[1,0,12]}
[18:23:42] < {"r":{"di2fn":0},"f":[1,0,12]}
[18:23:42] < {"r":{"zhi":2},"f":[1,0,10]}
[18:23:42] < {"r":{"zhd":0},"f":[1,0,10]}
[18:23:42] < {"r":{"zsv":500},"f":[1,0,12]}
[18:23:42] < {"r":{"zlv":50.00},"f":[1,0,11]}
[18:23:42] < {"r":{"zlb":1.000},"f":[1,0,10]}
[18:23:42] < {"r":{"ajh":10000},"f":[1,0,14]}
[18:23:42] < {"r":{"sl":1},"f":[1,0,9]}
[18:23:42] < {"r":{"atm":3600.000},"f":[1,0,13]}
[18:23:42] < {"r":{"atn":-3600.000},"f":[1,0,14]}
[18:23:42] < {"r":{"xtm":90000.000},"f":[1,0,14]}
[18:23:42] < {"r":{"xtn":-90000.000},"f":[1,0,15]}
[18:23:42] < {"r":{"ztm":5.000},"f":[1,0,10]}
[18:23:42] < {"r":{"ztn":-19.000},"f":[1,0,12]}
[18:23:42] < {"r":{"azb":0.000},"f":[1,0,10]}
[18:23:42] < {"r":{"zzb":12.000},"f":[1,0,11]}
[18:23:42] < [ej]  enable json mode            0 [0=text,1=JSON]
[18:23:42] < tinyg [mm] ok> 
[18:23:42] < line:0,posx:0.000,posy:0.000,posz:0.000,posa:0.000,feed:0.00,vel:0.00,unit:1,coor:1,dist:0,admo:1,frmo:1,momo:4,stat:1


