[19:18:15] Starting Log file for session: 20201013-191815

[19:17:48] Terminal cleared and ready...
[19:17:51] Error opening the selected serial port... 
[19:17:51] No Serial connection available on that port... 
[19:17:52] Error opening the selected serial port... 
[19:17:52] No Serial connection available on that port... 
[19:18:00] Connected to Serial on port COM6
[19:18:00] < {"r":{"fv":0.98,"fb":86.03,"hp":3,"hv":0,"id":"0213-0215-0515","msg":"SYSTEM READY"},"f":[1,0,1]}
[19:18:00] < [ej]  enable json mode            0 [0=text,1=JSON]
[19:18:00] < tinyg [mm] ok> 
[19:18:02] Loading file...
[19:18:04] No file selected
[19:18:07] Loading file...
[19:18:12] File to load: C:\Users\Oscar\Desktop\init.json
[19:18:12] Loading File... 
[19:18:12] JSON Loaded... 
[19:18:12] Dumping init file... 
[19:18:12] < {"r":{"js":1},"f":[1,0,9]}
[19:18:13] < {"r":{"gpa":1},"f":[1,0,10]}
[19:18:13] < {"r":{"gun":1},"f":[1,0,10]}
[19:18:13] < {"r":{"ja":0.20},"f":[1,0,11]}
[19:18:13] < {"r":{"si":200},"f":[1,0,11]}
[19:18:13] < {"r":{"jv":5},"f":[1,0,9]}
[19:18:13] < {"r":{"mt":1},"f":[1,0,9]}
[19:18:13] < {"r":{"1ma":1},"f":[1,0,10]}
[19:18:13] < {"r":{"2ma":2},"f":[1,0,10]}
[19:18:13] < {"r":{"3ma":0},"f":[1,0,10]}
[19:18:13] < {"r":{"4ma":3},"f":[1,0,10]}
[19:18:13] < {"r":{"1po":0},"f":[1,0,10]}
[19:18:13] < {"r":{"2po":0},"f":[1,0,10]}
[19:18:13] < {"r":{"3po":1},"f":[1,0,10]}
[19:18:13] < {"r":{"4po":1},"f":[1,0,10]}
[19:18:13] < {"r":{"2tr":1.2500},"f":[1,0,13]}
[19:18:13] < {"r":{"3tr":15.9593},"f":[1,0,26]}
[19:18:13] < {"r":{"4tr":9.2000},"f":[1,0,12]}
[19:18:13] < {"r":{"1pl":0.000},"f":[1,0,10]}
[19:18:13] < {"r":{"2pl":1.000},"f":[1,0,10]}
[19:18:13] < {"r":{"3pl":0.000},"f":[1,0,10]}
[19:18:13] < {"r":{"4pl":0.000},"f":[1,0,10]}
[19:18:13] < {"r":{"1pm":0},"f":[1,0,10]}
[19:18:13] < {"r":{"2pm":2},"f":[1,0,10]}
[19:18:13] < {"r":{"3pm":1},"f":[1,0,10]}
[19:18:13] < {"r":{"4pm":1},"f":[1,0,10]}
[19:18:13] < {"r":{"2sa":1.800},"f":[1,0,12]}
[19:18:13] < {"r":{"3sa":1.800},"f":[1,0,12]}
[19:18:13] < {"r":{"4sa":1.800},"f":[1,0,12]}
[19:18:13] < {"r":{"2mi":8},"f":[1,0,10]}
[19:18:13] < {"r":{"3mi":10,"msg":"*** WARNING *** Setting non-standard microstep value"},"f":[1,0,11]}
[19:18:13] < {"r":{"4mi":10,"msg":"*** WARNING *** Setting non-standard microstep value"},"f":[1,0,11]}
[19:18:13] < {"r":{"xam":1},"f":[1,0,10]}
[19:18:13] < {"r":{"xvm":10000},"f":[1,0,14]}
[19:18:13] < {"r":{"xfr":10000},"f":[1,0,14]}
[19:18:13] < {"r":{"xjm":20000},"f":[1,0,14]}
[19:18:13] < {"r":{"yam":0},"f":[1,0,10]}
[19:18:13] < {"r":{"zam":1},"f":[1,0,10]}
[19:18:13] < {"r":{"zvm":850},"f":[1,0,12]}
[19:18:13] < {"r":{"zfr":850},"f":[1,0,12]}
[19:18:13] < {"r":{"zjm":5000},"f":[1,0,13]}
[19:18:13] < {"r":{"aam":1},"f":[1,0,10]}
[19:18:13] < {"r":{"avm":10000},"f":[1,0,14]}
[19:18:13] < {"r":{"afr":10000},"f":[1,0,14]}
[19:18:13] < {"r":{"ajm":10000},"f":[1,0,14]}
[19:18:13] < {"r":{"di8mo":-1},"f":[1,0,13]}
[19:18:13] < {"r":{"xhi":0},"f":[1,0,10]}
[19:18:13] < {"r":{"yhi":0},"f":[1,0,10]}
[19:18:13] < {"r":{"zhi":0},"f":[1,0,10]}
[19:18:13] < {"r":{"bhi":0},"f":[1,0,10]}
[19:18:13] < {"r":{"chi":0},"f":[1,0,10]}
[19:18:13] < {"r":{"di1mo":1},"f":[1,0,12]}
[19:18:13] < {"r":{"di1ac":0},"f":[1,0,12]}
[19:18:13] < {"r":{"di1fn":0},"f":[1,0,12]}
[19:18:13] < {"r":{"ahi":1},"f":[1,0,10]}
[19:18:13] < {"r":{"ahd":1},"f":[1,0,10]}
[19:18:13] < {"r":{"asv":2000},"f":[1,0,13]}
[19:18:13] < {"r":{"alv":500.00},"f":[1,0,12]}
[19:18:13] < {"r":{"alb":20.000},"f":[1,0,11]}
[19:18:13] < {"r":{"ajh":10000},"f":[1,0,14]}
[19:18:13] < {"r":{"di2mo":0},"f":[1,0,12]}
[19:18:13] < {"r":{"di2ac":0},"f":[1,0,12]}
[19:18:13] < {"r":{"di2fn":0},"f":[1,0,12]}
[19:18:13] < {"r":{"zhi":2},"f":[1,0,10]}
[19:18:13] < {"r":{"zhd":0},"f":[1,0,10]}
[19:18:13] < {"r":{"zsv":500},"f":[1,0,12]}
[19:18:13] < {"r":{"zlv":50.00},"f":[1,0,11]}
[19:18:13] < {"r":{"zlb":1.000},"f":[1,0,10]}
[19:18:13] < {"r":{"ajh":10000},"f":[1,0,14]}
[19:18:13] < {"r":{"sl":1},"f":[1,0,9]}
[19:18:13] < {"r":{"atm":3600.000},"f":[1,0,13]}
[19:18:13] < {"r":{"atn":-3600.000},"f":[1,0,14]}
[19:18:13] < {"r":{"xtm":90000.000},"f":[1,0,14]}
[19:18:13] < {"r":{"xtn":-90000.000},"f":[1,0,15]}
[19:18:13] < {"r":{"ztm":5.000},"f":[1,0,10]}
[19:18:13] < {"r":{"ztn":-19.000},"f":[1,0,12]}
[19:18:13] < {"r":{"azb":0.000},"f":[1,0,10]}
[19:18:13] < {"r":{"zzb":12.000},"f":[1,0,11]}
[19:18:13] < [ej]  enable json mode            0 [0=text,1=JSON]
[19:18:13] < tinyg [mm] ok> 
[19:18:13] < line:0,posx:0.000,posy:0.000,posz:0.000,posa:0.000,feed:0.00,vel:0.00,unit:1,coor:1,dist:0,admo:1,frmo:1,momo:4,stat:1


