[21:23:31] Starting Log file for session: 2020724-212331

[21:23:16] Terminal ready... 
[21:23:16] Log file started 
[21:23:16] Please choose a Serial port to connect to... 
[21:23:17] Connected to Serial on port COM6
[21:23:17] < {"r":{"fv":0.98,"fb":86.03,"hp":3,"hv":0,"id":"0213-0215-0515","msg":"SYSTEM READY"},"f":[1,0,1]}
[21:23:17] < [ej]  enable json mode            0 [0=text,1=JSON]
[21:23:17] < tinyg [mm] ok> 
[21:23:18] Loading file...
[21:23:21] File to load: C:\Github\MaterialProfiles\3D_POC\data\3D_INIT.json
[21:23:21] Loading File... 
[21:23:21] JSON Loaded... 
[21:23:21] Dumping init file... 
[21:23:21] < {"r":{"tinygmo":null},"f":[1,100,26]}
[21:23:21] < {"r":{"baud":null},"f":[1,100,11]}
[21:23:21] < {r:{js:0},f:[1,0,9]}
[21:23:21] < {r:{gpa:0},f:[1,0,10]}
[21:23:21] < {r:{gun:1},f:[1,0,10]}
[21:23:21] < {r:{ja:0.00},f:[1,0,9]}
[21:23:21] < {r:{si:250},f:[1,0,11]}
[21:23:21] < {r:{jv:5},f:[1,0,9]}
[21:23:21] < {r:{mt:0},f:[1,0,11]}
[21:23:21] < {r:{st:null},f:[1,100,9]}
[21:23:21] < {r:{qv:0},f:[1,0,9]}
[21:23:21] < {r:{tv:1},f:[1,0,9]}
[21:23:21] < {r:{sv:1},f:[1,0,9]}
[21:23:21] < {r:{motorma:null},f:[1,100,20]}
[21:23:21] < {r:{1ma:5},f:[1,0,10]}
[21:23:21] < {r:{2ma:0},f:[1,0,10]}
[21:23:21] < {r:{3ma:2},f:[1,0,10]}
[21:23:21] < {r:{4ma:3},f:[1,0,10]}
[21:23:21] < {r:{polarit:null},f:[1,100,18]}
[21:23:21] < {r:{1po:1},f:[1,0,10]}
[21:23:21] < {r:{2po:0},f:[1,0,10]}
[21:23:21] < {r:{3po:1},f:[1,0,10]}
[21:23:21] < {r:{4po:0},f:[1,0,10]}
[21:23:21] < {r:{trvalue:null},f:[1,100,16]}
[21:23:21] < {r:{1tr:60.0000},f:[1,0,11]}
[21:23:21] < {r:{2tr:6.3500},f:[1,0,13]}
[21:23:21] < {r:{3tr:5.0000},f:[1,0,10]}
[21:23:21] < r:{4tr:60.0000},f:[1,0,11]}
[21:23:21] < {r:{powerse:null},f:[1,100,21]}
[21:23:21] < {r:{1pl:1.000},f:[1,0,10]}
[21:23:21] < {r:{2pl:1.000},f:[1,0,10]}
[21:23:21] < {r:{3pl:0.000},f:[1,0,10]}
[21:23:21] < {r:{4pl:0.000},f:[1,0,10]}
[21:23:21] < {r:{1pm:2},f:[1,0,10]}
[21:23:21] < {r:{2pm:2},f:[1,0,10]}
[21:23:21] < {r:{3pm:2},f:[1,0,10]}
[21:23:21] < {r:{4pm:2},f:[1,0,10]}
[21:23:21] < {r:{motorse:null},f:[1,100,21]}
[21:23:21] < {r:{1mi:16},f:[1,0,11]}
[21:23:21] < {r:{2mi:32},f:[1,0,11]}
[21:23:21] < {r:{3mi:10,msg:"*** WARNING *** Setting non-standard microstep value"},f:[1,0,11]}
[21:23:21] < {r:{4mi:10,msg:"*** WARNING *** Setting non-standard microstep value"},f:[1,0,11]}
[21:23:22] < {r:{1sa:1.800},f:[1,0,12]}
[21:23:22] < {r:{2sa:1.800},f:[1,0,12]}
[21:23:22] < {r:{3sa:1.800},f:[1,0,12]}
[21:23:22] < {r:{4sa:1.800},f:[1,0,12]}
[21:23:22] < {r:{axesset:null},f:[1,100,20]}
[21:23:22] < {r:{xam:1},f:[1,0,10]}
[21:23:22] < {r:{xvm:1500},f:[1,0,13]}
[21:23:22] < {r:{xjm:5000},f:[1,0,13]}
[21:23:22] < {r:{xfr:5000},f:[1,0,13]}
[21:23:22] < {r:{xtn:-500.000},f:[1,0,13]}
[21:23:22] < {r:{xtm:0.000},f:[1,0,10]}
[21:23:22] < {r:{yam:0},f:[1,0,10]}
[21:23:22] < {r:{yvm:0},f:[1,0,10]}
[21:23:22] < {r:{yjm:0},f:[1,0,10]}
[21:23:22] < {r:{yfr:0},f:[1,0,10]}
[21:23:22] < {r:{zam:1},f:[1,0,10]}
[21:23:22] < {r:{zvm:3750},f:[1,0,13]}
[21:23:22] < {r:{zjm:5000},f:[1,0,13]}
[21:23:22] < {r:{zfr:3750},f:[1,0,13]}
[21:23:22] < {r:{ztn:-100.000},f:[1,0,13]}
[21:23:22] < {r:{ztm:2.000},f:[1,0,10]}
[21:23:22] < {r:{aam:1},f:[1,0,10]}
[21:23:22] < {r:{avm:20000},f:[1,0,14]}
[21:23:22] < {r:{ajm:10000},f:[1,0,14]}
[21:23:22] < {r:{afr:15000},f:[1,0,14]}
[21:23:22] < {r:{atn:-3600.000},f:[1,0,14]}
[21:23:22] < {r:{atm:3600.000},f:[1,0,13]}
[21:23:22] < {r:{cam:1},f:[1,0,10]}
[21:23:22] < {r:{cvm:10000},f:[1,0,14]}
[21:23:22] < {r:{cjm:5000},f:[1,0,13]}
[21:23:22] < {r:{cfr:10000},f:[1,0,14]}
[21:23:22] < {r:{ctn:-3600.000},f:[1,0,14]}
[21:23:22] < {r:{ctm:3600.000},f:[1,0,13]}
[21:23:22] < {r:{limitsw:null},f:[1,100,21]}
[21:23:22] < {r:{sl:1},f:[1,0,9]}
[21:23:22] < {r:{xsn:null},f:[1,100,10]}
[21:23:22] < {r:{ahi:1},f:[1,0,10]}
[21:23:22] < {r:{di1mo:1},f:[1,0,12]}
[21:23:22] < {r:{di1ac:0},f:[1,0,12]}
[21:23:22] < {r:{di1fn:0},f:[1,0,12]}
[21:23:22] < {r:{xsx:null},f:[1,100,10]}
[21:23:22] < {r:{xhi:2},f:[1,0,10]}
[21:23:22] < {r:{di2mo:0},f:[1,0,12]}
[21:23:22] < {r:{di2ac:0},f:[1,0,12]}
[21:23:22] < {r:{di2fn:0},f:[1,0,12]}
[21:23:22] < {r:{ysn:null},f:[1,100,10]}
[21:23:22] < {r:{yhi:0},f:[1,0,10]}
[21:23:22] < {r:{di3mo:-1},f:[1,0,13]}
[21:23:22] < {r:{di3ac:0},f:[1,0,12]}
[21:23:22] < {r:{di3fn:0},f:[1,0,12]}
[21:23:22] < {r:{ysx:null},f:[1,100,10]}
[21:23:22] < {r:{di4mo:-1},f:[1,0,13]}
[21:23:22] < {r:{di4ac:0},f:[1,0,12]}
[21:23:22] < {r:{di4fn:0},f:[1,0,12]}
[21:23:22] < {r:{zsn:null},f:[1,100,10]}
[21:23:22] < {r:{zhi:5},f:[1,0,10]}
[21:23:22] < {r:{di5mo:0},f:[1,0,12]}
[21:23:22] < {r:{di5ac:0},f:[1,0,12]}
[21:23:22] < {r:{di5fn:0},f:[1,0,12]}
[21:23:22] < {r:{zsx:null},f:[1,100,10]}
[21:23:22] < {r:{di6mo:-1},f:[1,0,13]}
[21:23:22] < {r:{di6ac:0},f:[1,0,12]}
[21:23:22] < {r:{di6fn:0},f:[1,0,12]}
[21:23:22] < {r:{asn:null},f:[1,100,10]}
[21:23:22] < {r:{di7mo:-1},f:[1,0,13]}
[21:23:22] < {r:{di7ac:0},f:[1,0,12]}
[21:23:22] < {r:{di7fn:0},f:[1,0,12]}
[21:23:22] < {r:{asx:null},f:[1,100,10]}
[21:23:22] < {r:{di8mo:-1},f:[1,0,13]}
[21:23:22] < {r:{di8ac:0},f:[1,0,12]}
[21:23:22] < {r:{di8fn:0},f:[1,0,12]}
[21:23:22] < {r:{di9mo:-1},f:[1,0,13]}
[21:23:22] < {r:{di9ac:0},f:[1,0,12]}
[21:23:22] < {r:{di9fn:0},f:[1,0,12]}
[21:23:22] < {r:{homingc:null},f:[1,100,20]}
[21:23:22] < {r:{st:null},f:[1,100,9]}
[21:23:22] < {r:{xhd:1},f:[1,0,10]}
[21:23:22] < {r:{xsv:1000},f:[1,0,13]}
[21:23:22] < {r:{xlv:100.00},f:[1,0,12]}
[21:23:22] < {r:{xlb:5.000},f:[1,0,10]}
[21:23:22] < {r:{xzb:2.000},f:[1,0,10]}
[21:23:22] < {r:{xjh:10000},f:[1,0,14]}
[21:23:22] < {r:{zhd:0},f:[1,0,10]}
[21:23:22] < {r:{zsv:1000},f:[1,0,13]}
[21:23:22] < {r:{zlv:100.00},f:[1,0,12]}
[21:23:22] < {r:{zlb:5.000},f:[1,0,10]}
[21:23:22] < {r:{zzb:52.100},f:[1,0,13]}
[21:23:22] < {r:{zjh:10000},f:[1,0,14]}
[21:23:22] < {r:{ahd:1},f:[1,0,10]}
[21:23:22] < {r:{asv:5000},f:[1,0,13]}
[21:23:22] < {r:{alv:500.00},f:[1,0,12]}
[21:23:22] < {r:{alb:20.000},f:[1,0,11]}
[21:23:22] < {r:{azb:0.000},f:[1,0,10]}
[21:23:22] < {r:{ajh:10000},f:[1,0,14]}
[21:23:22] < [ej]  enable json mode            0 [0=text,1=JSON]
[21:23:22] < tinyg [mm] ok> 
[21:23:22] < line:0,posx:0.000,posy:0.000,posz:0.000,posa:0.000,feed:0.00,vel:0.00,unit:1,coor:1,dist:0,admo:1,frmo:1,momo:4,stat:1
[21:23:22] Loading file...
[21:23:28] No file selected


