[12:17:04] Starting Log file for session: 2020108-12174

[11:46:37] Terminal cleared and ready...
[11:46:56] > g91 g1 a720 f500
[11:46:56] < tinyg [mm] ok> 
[11:46:56] < posa:1.547,feed:500.00,vel:500.00,momo:1,stat:5
[11:46:56] < posa:3.209
[11:46:56] < posa:4.872
[11:46:57] < posa:6.547
[11:46:57] < posa:8.209
[11:46:57] < posa:9.884
[11:46:57] < posa:11.547
[11:46:57] < posa:13.234
[11:46:58] < posa:14.909
[11:46:58] < posa:16.572
[11:46:58] < posa:18.247
[11:46:58] < posa:19.934
[11:46:58] < posa:21.609
[11:46:59] < posa:23.272
[11:46:59] < posa:24.947
[11:46:59] < posa:26.635
[11:46:59] < posa:28.310
[11:46:59] < posa:29.972
[11:47:00] < posa:31.648
[11:47:00] < posa:33.310
[11:47:00] < posa:34.985
[11:47:00] < posa:36.673
[11:47:00] < posa:38.348
[11:47:01] < posa:40.011
[11:47:01] < posa:41.686
[11:47:01] < posa:43.373
[11:47:01] < posa:45.048
[11:47:01] < posa:46.711
[11:47:02] < posa:48.386
[11:47:02] < posa:50.074
[11:47:02] < posa:51.749
[11:47:02] < posa:53.411
[11:47:02] < posa:55.086
[11:47:03] < posa:56.749
[11:47:03] < posa:58.424
[11:47:03] < posa:60.087
[11:47:03] < posa:61.762
[11:47:03] < posa:63.424
[11:47:04] < posa:65.099
[11:47:04] < posa:66.761
[11:47:04] < posa:68.436
[11:47:04] < posa:70.098
[11:47:04] < posa:71.773
[11:47:05] < posa:73.435
[11:47:05] < posa:75.109
[11:47:05] < posa:76.771
[11:47:05] < posa:78.458
[11:47:05] < posa:80.133
[11:47:06] < posa:81.795
[11:47:06] < posa:83.470
[11:47:06] < posa:85.157
[11:47:06] < posa:86.831
[11:47:06] < posa:88.494
[11:47:07] < posa:90.168
[11:47:07] < posa:91.855
[11:47:07] < posa:93.530
[11:47:07] < posa:95.192
[11:47:07] < posa:96.867
[11:47:08] < posa:98.554
[11:47:08] < posa:100.228
[11:47:08] < posa:101.890
[11:47:08] < posa:103.565
[11:47:08] < posa:105.252
[11:47:09] < posa:106.927
[11:47:09] < posa:108.589
[11:47:09] < posa:110.263
[11:47:09] < posa:111.925
[11:47:09] < posa:113.600
[11:47:10] < posa:115.262
[11:47:10] < posa:116.937
[11:47:10] < posa:118.599
[11:47:10] < posa:120.273
[11:47:10] < posa:121.935
[11:47:11] < posa:123.610
[11:47:11] < posa:125.272
[11:47:11] < posa:126.947
[11:47:11] < posa:128.609
[11:47:11] < posa:130.283
[11:47:12] < posa:131.945
[11:47:12] < posa:133.620
[11:47:12] < posa:135.282
[11:47:12] < posa:136.957
[11:47:12] < posa:138.619
[11:47:12] Halt and flush: !%
[11:47:13] < posa:139.253,vel:0.00,stat:3
[11:47:13] Machine is homed. 
[11:47:22] > g90 g0 a0
[11:47:22] < tinyg [mm] ok> 
[11:47:22] < posa:117.741,vel:10000.00,dist:0,momo:0,stat:5
[11:47:22] < posa:84.498
[11:47:22] < posa:51.005
[11:47:22] < posa:17.762
[11:47:23] < posa:0.000,vel:0.00,stat:3
[11:47:23] Machine is homed. 
[11:48:49] > g91 g1 a720 f500
[11:48:49] < tinyg [mm] ok> 
[11:48:49] < posa:1.547,vel:500.00,dist:1,momo:1,stat:5
[11:48:49] < posa:3.209
[11:48:49] < posa:4.872
[11:48:49] < posa:6.547
[11:48:50] < posa:8.209
[11:48:50] < posa:9.897
[11:48:50] < posa:11.572
[11:48:50] < posa:13.234
[11:48:50] < posa:14.909
[11:48:51] < posa:16.597
[11:48:51] < posa:18.272
[11:48:51] < posa:19.934
[11:48:51] < posa:21.609
[11:48:51] < posa:23.297
[11:48:52] < posa:24.972
[11:48:52] < posa:26.635
[11:48:52] < posa:28.310
[11:48:52] < posa:29.997
[11:48:52] < posa:31.673
[11:48:53] < posa:33.335
[11:48:53] < posa:35.010
[11:48:53] < posa:36.698
[11:48:53] < posa:38.373
[11:48:53] < posa:40.036
[11:48:54] < posa:41.711
[11:48:54] < posa:43.373
[11:48:54] < posa:45.048
[11:48:54] < posa:46.736
[11:48:54] Halt and flush: !%
[11:48:54] < posa:47.320,vel:0.00,stat:3
[11:48:54] Machine is homed. 
[11:49:16] > g90 g0 a0
[11:49:16] < tinyg [mm] ok> 
[11:49:16] < posa:25.642,vel:10000.00,dist:0,momo:0,stat:5
[11:49:16] < posa:0.056,vel:510.41
[11:49:17] < posa:0.000,vel:0.00,stat:3
[11:49:17] Machine is homed. 
[11:49:57] > g91 g0 a 30
[11:49:57] < tinyg [mm] ok> 
[11:49:57] < posa:21.432,vel:9783.57,dist:1,stat:5
[11:49:58] < posa:30.000,vel:0.00,stat:3
[11:49:58] Machine is homed. 
[11:50:02] > g90 g0 a0
[11:50:02] < tinyg [mm] ok> 
[11:50:03] < posa:8.568,vel:9783.57,dist:0,stat:5
[11:50:03] < posa:0.000,vel:0.00,stat:3
[11:50:03] Machine is homed. 
[11:50:36] > g90 g1 a0 f1000
[11:50:36] < tinyg [mm] ok> 
[11:50:36] < line:0,posx:0.000,posy:0.000,posz:0.000,posa:0.000,feed:1000.00,vel:0.00,unit:1,coor:1,dist:0,admo:1,frmo:1,momo:1,stat:3
[11:50:36] Machine is homed. 
[11:50:56] > g91 g1 a30 f1000
[11:50:56] < tinyg [mm] ok> 
[11:50:56] < posa:2.979,feed:1000.00,vel:1000.00,dist:1,momo:1,stat:5
[11:50:56] < posa:6.303
[11:50:56] < posa:9.677
[11:50:56] < posa:13.026
[11:50:57] < posa:16.350
[11:50:57] < posa:19.699
[11:50:57] < posa:23.023
[11:50:57] < posa:26.371
[11:50:57] < posa:29.693,vel:995.37
[11:50:58] < posa:30.000,vel:0.00,stat:3
[11:50:58] Machine is homed. 
[11:53:02] > g91 g1 a30 f1000
[11:53:02] < tinyg [mm] ok> 
[11:53:02] < posa:32.979,vel:1000.00,stat:5
[11:53:02] < posa:36.303
[11:53:03] < posa:39.676
[11:53:03] < posa:43.025
[11:53:03] < posa:46.349
[11:53:03] < posa:49.697
[11:53:03] < posa:53.071
[11:53:04] < posa:56.420
[11:53:04] < posa:59.742,vel:957.96
[11:53:04] < posa:60.000,vel:0.00,stat:3
[11:53:04] Machine is homed. 
[11:53:13] > g91 g1 a30 f1000
[11:53:13] < tinyg [mm] ok> 
[11:53:13] < posa:62.979,vel:1000.00,stat:5
[11:53:14] < posa:66.303
[11:53:14] < posa:69.627
[11:53:14] < posa:72.976
[11:53:14] < posa:76.350
[11:53:14] < posa:79.700
[11:53:15] < posa:83.024
[11:53:15] < posa:86.373
[11:53:15] < posa:89.742,vel:975.69
[11:53:15] < posa:90.000,vel:0.00,stat:3
[11:53:15] Machine is homed. 
[11:53:23] > g91 g1 a30 f1000
[11:53:23] < tinyg [mm] ok> 
[11:53:23] < posa:92.979,vel:1000.00,stat:5
[11:53:23] < posa:96.303
[11:53:23] < posa:99.628
[11:53:24] < posa:102.977
[11:53:24] < posa:106.301
[11:53:24] < posa:109.650
[11:53:24] < posa:112.974
[11:53:24] < posa:116.324
[11:53:25] < posa:119.693,vel:995.37
[11:53:25] < posa:120.000,vel:0.00,stat:3
[11:53:25] Machine is homed. 
[11:53:30] > g91 g1 a30 f1000
[11:53:30] < tinyg [mm] ok> 
[11:53:31] < posa:122.979,vel:1000.00,stat:5
[11:53:31] < posa:126.303
[11:53:31] < posa:129.678
[11:53:31] < posa:133.027
[11:53:32] < posa:136.351
[11:53:32] < posa:139.700
[11:53:32] < posa:143.074
[11:53:32] < posa:146.424
[11:53:32] < posa:149.742,vel:957.96
[11:53:33] < posa:150.000,vel:0.00,stat:3
[11:53:33] Machine is homed. 
[11:53:50] > g91 g1 a30 f1000
[11:53:50] < tinyg [mm] ok> 
[11:53:50] < posa:152.979,vel:1000.00,stat:5
[11:53:50] < posa:156.303
[11:53:51] < posa:159.678
[11:53:51] < posa:163.027
[11:53:51] < posa:166.351
[11:53:51] < posa:169.700
[11:53:51] < posa:173.024
[11:53:52] < posa:176.374
[11:53:52] < posa:179.693,vel:995.37
[11:53:52] < posa:180.000,vel:0.00,stat:3
[11:53:52] Machine is homed. 
[11:54:01] > g91 g1 a30 f1000
[11:54:01] < tinyg [mm] ok> 
[11:54:01] < posa:182.979,vel:1000.00,stat:5
[11:54:02] < posa:186.303
[11:54:02] < posa:189.678
[11:54:02] < posa:193.027
[11:54:02] < posa:196.351
[11:54:02] < posa:199.700
[11:54:03] < posa:203.024
[11:54:03] < posa:206.374
[11:54:03] < posa:209.693,vel:995.37
[11:54:03] < posa:210.000,vel:0.00,stat:3
[11:54:03] Machine is homed. 
[11:54:08] > g91 g1 a30 f1000
[11:54:08] < tinyg [mm] ok> 
[11:54:09] < posa:212.979,vel:1000.00,stat:5
[11:54:09] < posa:216.303
[11:54:09] < posa:219.678
[11:54:09] < posa:223.027
[11:54:10] < posa:226.351
[11:54:10] < posa:229.700
[11:54:10] < posa:233.074
[11:54:10] < posa:236.424
[11:54:10] < posa:239.742,vel:957.96
[11:54:11] < posa:240.000,vel:0.00,stat:3
[11:54:11] Machine is homed. 
[11:54:20] > g91 g1 a30 f1000
[11:54:20] < tinyg [mm] ok> 
[11:54:20] < posa:242.979,vel:1000.00,stat:5
[11:54:20] < posa:246.303
[11:54:20] < posa:249.678
[11:54:20] < posa:253.027
[11:54:21] < posa:256.351
[11:54:21] < posa:259.700
[11:54:21] < posa:263.024
[11:54:21] < posa:266.374
[11:54:21] < posa:269.693,vel:995.37
[11:54:22] < posa:270.000,vel:0.00,stat:3
[11:54:22] Machine is homed. 
[11:54:34] > g91 g1 a30 f1000
[11:54:34] < tinyg [mm] ok> 
[11:54:34] < posa:272.979,vel:1000.00,stat:5
[11:54:35] < posa:276.303
[11:54:35] < posa:279.678
[11:54:35] < posa:283.027
[11:54:35] < posa:286.351
[11:54:35] < posa:289.700
[11:54:36] < posa:293.024
[11:54:36] < posa:296.374
[11:54:36] < posa:299.693,vel:995.37
[11:54:36] < posa:300.000,vel:0.00,stat:3
[11:54:36] Machine is homed. 
[11:54:41] > g91 g1 a30 f1000
[11:54:41] < tinyg [mm] ok> 
[11:54:42] < posa:302.979,vel:1000.00,stat:5
[11:54:42] < posa:306.303
[11:54:42] < posa:309.678
[11:54:42] < posa:313.027
[11:54:42] < posa:316.351
[11:54:43] < posa:319.700
[11:54:43] < posa:323.024
[11:54:43] < posa:326.374
[11:54:43] < posa:329.693,vel:995.37
[11:54:43] < posa:330.000,vel:0.00,stat:3
[11:54:43] Machine is homed. 
[11:54:49] > g91 g1 a30 f1000
[11:54:49] < tinyg [mm] ok> 
[11:54:49] < posa:332.979,vel:1000.00,stat:5
[11:54:49] < posa:336.303
[11:54:49] < posa:339.678
[11:54:50] < posa:343.027
[11:54:50] < posa:346.351
[11:54:50] < posa:349.700
[11:54:50] < posa:353.074
[11:54:50] < posa:356.424
[11:54:51] < posa:359.742,vel:975.69
[11:54:51] < posa:360.000,vel:0.00,stat:3
[11:54:51] Machine is homed. 
[12:08:02] > g91 g1 a30 f1000
[12:08:02] < tinyg [mm] ok> 
[12:08:02] < posa:362.979,vel:1000.00,stat:5
[12:08:02] < posa:366.303
[12:08:02] < posa:369.628
[12:08:02] < posa:372.977
[12:08:03] < posa:376.301
[12:08:03] < posa:379.650
[12:08:03] < posa:383.024
[12:08:03] < posa:386.374
[12:08:03] < posa:389.693,vel:995.37
[12:08:04] < posa:390.000,vel:0.00,stat:3
[12:08:04] Machine is homed. 
[12:08:10] > g91 g1 a30 f1000
[12:08:10] < tinyg [mm] ok> 
[12:08:10] < posa:392.979,vel:1000.00,stat:5
[12:08:10] < posa:396.303
[12:08:11] < posa:399.628
[12:08:11] < posa:402.977
[12:08:11] < posa:406.301
[12:08:11] < posa:409.650
[12:08:11] < posa:412.974
[12:08:12] < posa:416.324
[12:08:12] < posa:419.693,vel:995.37
[12:08:12] < posa:420.000,vel:0.00,stat:3
[12:08:12] Machine is homed. 
[12:08:17] > g91 g1 a30 f1000
[12:08:17] < tinyg [mm] ok> 
[12:08:17] < posa:422.979,vel:1000.00,stat:5
[12:08:17] < posa:426.303
[12:08:17] < posa:429.678
[12:08:17] < posa:433.027
[12:08:18] < posa:436.351
[12:08:18] < posa:439.700
[12:08:18] < posa:443.024
[12:08:18] < posa:446.374
[12:08:18] < posa:449.693,vel:995.37
[12:08:19] < posa:450.000,vel:0.00,stat:3
[12:08:19] Machine is homed. 
[12:08:27] > g91 g1 a30 f1000
[12:08:27] < tinyg [mm] ok> 
[12:08:27] < posa:452.979,vel:1000.00,stat:5
[12:08:27] < posa:456.303
[12:08:28] < posa:459.628
[12:08:28] < posa:462.977
[12:08:28] < posa:466.351
[12:08:28] < posa:469.700
[12:08:28] < posa:473.024
[12:08:29] < posa:476.374
[12:08:29] < posa:479.742,vel:975.69
[12:08:29] < posa:480.000,vel:0.00,stat:3
[12:08:29] Machine is homed. 
[12:08:34] > g91 g1 a30 f1000
[12:08:34] < tinyg [mm] ok> 
[12:08:34] < posa:482.979,vel:1000.00,stat:5
[12:08:35] < posa:486.303
[12:08:35] < posa:489.678
[12:08:35] < posa:493.027
[12:08:35] < posa:496.351
[12:08:35] < posa:499.700
[12:08:36] < posa:503.074
[12:08:36] < posa:506.424
[12:08:36] < posa:509.742,vel:957.96
[12:08:36] < posa:510.000,vel:0.00,stat:3
[12:08:36] Machine is homed. 
[12:08:42] > g91 g1 a30 f1000
[12:08:42] < tinyg [mm] ok> 
[12:08:42] < posa:512.978,vel:1000.00,stat:5
[12:08:42] < posa:516.298
[12:08:42] < posa:519.668
[12:08:43] < posa:523.013
[12:08:43] < posa:526.333
[12:08:43] < posa:529.679
[12:08:43] < posa:533.049
[12:08:43] < posa:536.394
[12:08:44] < posa:539.742,vel:975.69
[12:08:44] < posa:540.000,vel:0.00,stat:3
[12:08:44] Machine is homed. 
[12:08:48] > g91 g1 a30 f1000
[12:08:48] < tinyg [mm] ok> 
[12:08:48] < posa:542.976,vel:1000.00,stat:5
[12:08:48] < posa:546.296
[12:08:48] < posa:549.666
[12:08:49] < posa:553.011
[12:08:49] < posa:556.331
[12:08:49] < posa:559.677
[12:08:49] < posa:562.997
[12:08:49] < posa:566.342
[12:08:50] < posa:569.693,vel:995.37
[12:08:50] < posa:570.000,vel:0.00,stat:3
[12:08:50] Machine is homed. 
[12:08:54] > g91 g1 a30 f1000
[12:08:54] < tinyg [mm] ok> 
[12:08:54] < posa:572.976,vel:1000.00,stat:5
[12:08:54] < posa:576.296
[12:08:54] < posa:579.666
[12:08:55] < posa:583.011
[12:08:55] < posa:586.331
[12:08:55] < posa:589.677
[12:08:55] < posa:592.997
[12:08:55] < posa:596.342
[12:08:56] < posa:599.693,vel:995.37
[12:08:56] < posa:600.000,vel:0.00,stat:3
[12:08:56] Machine is homed. 
[12:09:01] > g91 g1 a30 f1000
[12:09:01] < tinyg [mm] ok> 
[12:09:02] < posa:602.976,vel:1000.00,stat:5
[12:09:02] < posa:606.296
[12:09:02] < posa:609.616
[12:09:02] < posa:612.961
[12:09:02] < posa:616.331
[12:09:03] < posa:619.677
[12:09:03] < posa:622.997
[12:09:03] < posa:626.342
[12:09:03] < posa:629.693,vel:995.37
[12:09:03] < posa:630.000,vel:0.00,stat:3
[12:09:03] Machine is homed. 
[12:09:10] > g91 g1 a30 f1000
[12:09:10] < tinyg [mm] ok> 
[12:09:10] < posa:632.976,vel:1000.00,stat:5
[12:09:10] < posa:636.296
[12:09:11] < posa:639.666
[12:09:11] < posa:643.011
[12:09:11] < posa:646.331
[12:09:11] < posa:649.677
[12:09:11] < posa:653.047
[12:09:12] < posa:656.392
[12:09:12] < posa:659.742,vel:957.96
[12:09:12] < posa:660.000,vel:0.00,stat:3
[12:09:12] Machine is homed. 
[12:09:18] > g91 g1 a30 f1000
[12:09:18] < tinyg [mm] ok> 
[12:09:19] < posa:662.976,vel:1000.00,stat:5
[12:09:19] < posa:666.296
[12:09:19] < posa:669.666
[12:09:19] < posa:673.011
[12:09:19] < posa:676.331
[12:09:20] < posa:679.677
[12:09:20] < posa:683.047
[12:09:20] < posa:686.392
[12:09:20] < posa:689.742,vel:957.96
[12:09:20] < posa:690.000,vel:0.00,stat:3
[12:09:20] Machine is homed. 
[12:09:23] > g91 g1 a30 f1000
[12:09:23] < tinyg [mm] ok> 
[12:09:24] < posa:692.976,vel:1000.00,stat:5
[12:09:24] < posa:696.296
[12:09:24] < posa:699.666
[12:09:24] < posa:703.011
[12:09:24] < posa:706.331
[12:09:25] < posa:709.677
[12:09:25] < posa:712.997
[12:09:25] < posa:716.342
[12:09:25] < posa:719.693,vel:995.37
[12:09:25] < posa:720.000,vel:0.00,stat:3
[12:09:25] Machine is homed. 
[12:16:02] > g28.3 z0
[12:16:02] < tinyg [mm] ok> 
[12:16:21] > g91 g1 z0.5 f100
[12:16:21] < tinyg [mm] ok> 
[12:16:21] < posz:0.319,feed:100.00,vel:100.00,stat:5
[12:16:21] < posz:0.500,vel:0.00,stat:3
[12:16:21] Machine is homed. 
[12:16:51] Connected to Serial on port COM6
[12:16:51] < {"r":{"fv":0.98,"fb":86.03,"hp":3,"hv":0,"id":"0213-0215-0515","msg":"SYSTEM READY"},"f":[1,0,1]}
[12:16:51] < [ej]  enable json mode            0 [0=text,1=JSON]
[12:16:51] < tinyg [mm] ok> 
[12:16:53] Loading file...
[12:17:01] File to load: C:\Users\Oscar\Desktop\init.json
[12:17:01] Loading File... 
[12:17:01] JSON Loaded... 
[12:17:01] Dumping init file... 
[12:17:01] < {"r":{"js":1},"f":[1,0,9]}
[12:17:01] < {"r":{"gpa":1},"f":[1,0,10]}
[12:17:01] < {"r":{"gun":1},"f":[1,0,10]}
[12:17:01] < {"r":{"ja":0.20},"f":[1,0,11]}
[12:17:01] < {"r":{"si":200},"f":[1,0,11]}
[12:17:01] < {"r":{"jv":5},"f":[1,0,9]}
[12:17:02] < {"r":{"mt":1},"f":[1,0,9]}
[12:17:02] < {"r":{"1ma":1},"f":[1,0,10]}
[12:17:02] < {"r":{"2ma":2},"f":[1,0,10]}
[12:17:02] < {"r":{"3ma":0},"f":[1,0,10]}
[12:17:02] < {"r":{"4ma":3},"f":[1,0,10]}
[12:17:02] < {"r":{"1po":0},"f":[1,0,10]}
[12:17:02] < {"r":{"2po":0},"f":[1,0,10]}
[12:17:02] < {"r":{"3po":1},"f":[1,0,10]}
[12:17:02] < {"r":{"4po":1},"f":[1,0,10]}
[12:17:02] < {"r":{"2tr":1.2500},"f":[1,0,13]}
[12:17:02] < {"r":{"3tr":15.9593},"f":[1,0,26]}
[12:17:02] < {"r":{"4tr":9.2000},"f":[1,0,12]}
[12:17:02] < {"r":{"1pl":0.000},"f":[1,0,10]}
[12:17:02] < {"r":{"2pl":1.000},"f":[1,0,10]}
[12:17:02] < {"r":{"3pl":0.000},"f":[1,0,10]}
[12:17:02] < {"r":{"4pl":0.000},"f":[1,0,10]}
[12:17:02] < {"r":{"1pm":0},"f":[1,0,10]}
[12:17:02] < {"r":{"2pm":2},"f":[1,0,10]}
[12:17:02] < {"r":{"3pm":1},"f":[1,0,10]}
[12:17:02] < {"r":{"4pm":1},"f":[1,0,10]}
[12:17:02] < {"r":{"2sa":1.800},"f":[1,0,12]}
[12:17:02] < {"r":{"3sa":1.800},"f":[1,0,12]}
[12:17:02] < {"r":{"4sa":1.800},"f":[1,0,12]}
[12:17:02] < {"r":{"2mi":8},"f":[1,0,10]}
[12:17:02] < {"r":{"3mi":10,"msg":"*** WARNING *** Setting non-standard microstep value"},"f":[1,0,11]}
[12:17:02] < {"r":{"4mi":10,"msg":"*** WARNING *** Setting non-standard microstep value"},"f":[1,0,11]}
[12:17:02] < {"r":{"xam":1},"f":[1,0,10]}
[12:17:02] < {"r":{"xvm":10000},"f":[1,0,14]}
[12:17:02] < {"r":{"xfr":10000},"f":[1,0,14]}
[12:17:02] < {"r":{"xjm":20000},"f":[1,0,14]}
[12:17:02] < {"r":{"yam":0},"f":[1,0,10]}
[12:17:02] < {"r":{"zam":1},"f":[1,0,10]}
[12:17:02] < {"r":{"zvm":850},"f":[1,0,12]}
[12:17:02] < {"r":{"zfr":850},"f":[1,0,12]}
[12:17:02] < {"r":{"zjm":5000},"f":[1,0,13]}
[12:17:02] < {"r":{"aam":1},"f":[1,0,10]}
[12:17:02] < {"r":{"avm":10000},"f":[1,0,14]}
[12:17:02] < {"r":{"afr":10000},"f":[1,0,14]}
[12:17:02] < {"r":{"ajm":10000},"f":[1,0,14]}
[12:17:02] < {"r":{"di8mo":-1},"f":[1,0,13]}
[12:17:02] < {"r":{"xhi":0},"f":[1,0,10]}
[12:17:02] < {"r":{"yhi":0},"f":[1,0,10]}
[12:17:02] < {"r":{"zhi":0},"f":[1,0,10]}
[12:17:02] < {"r":{"bhi":0},"f":[1,0,10]}
[12:17:02] < {"r":{"chi":0},"f":[1,0,10]}
[12:17:02] < {"r":{"di1mo":1},"f":[1,0,12]}
[12:17:02] < {"r":{"di1ac":0},"f":[1,0,12]}
[12:17:02] < {"r":{"di1fn":0},"f":[1,0,12]}
[12:17:02] < {"r":{"ahi":1},"f":[1,0,10]}
[12:17:02] < {"r":{"ahd":1},"f":[1,0,10]}
[12:17:02] < {"r":{"asv":2000},"f":[1,0,13]}
[12:17:02] < {"r":{"alv":500.00},"f":[1,0,12]}
[12:17:02] < {"r":{"alb":20.000},"f":[1,0,11]}
[12:17:02] < {"r":{"ajh":10000},"f":[1,0,14]}
[12:17:02] < {"r":{"di2mo":0},"f":[1,0,12]}
[12:17:02] < {"r":{"di2ac":0},"f":[1,0,12]}
[12:17:02] < {"r":{"di2fn":0},"f":[1,0,12]}
[12:17:02] < {"r":{"zhi":2},"f":[1,0,10]}
[12:17:02] < {"r":{"zhd":0},"f":[1,0,10]}
[12:17:02] < {"r":{"zsv":500},"f":[1,0,12]}
[12:17:02] < {"r":{"zlv":50.00},"f":[1,0,11]}
[12:17:02] < {"r":{"zlb":1.000},"f":[1,0,10]}
[12:17:02] < {"r":{"ajh":10000},"f":[1,0,14]}
[12:17:02] < {"r":{"sl":1},"f":[1,0,9]}
[12:17:02] < {"r":{"atm":3600.000},"f":[1,0,13]}
[12:17:02] < {"r":{"atn":-3600.000},"f":[1,0,14]}
[12:17:02] < {"r":{"xtm":90000.000},"f":[1,0,14]}
[12:17:02] < {"r":{"xtn":-90000.000},"f":[1,0,15]}
[12:17:02] < {"r":{"ztm":5.000},"f":[1,0,10]}
[12:17:02] < {"r":{"ztn":-19.000},"f":[1,0,12]}
[12:17:02] < {"r":{"azb":0.000},"f":[1,0,10]}
[12:17:02] < {"r":{"zzb":15.000},"f":[1,0,11]}
[12:17:02] < [ej]  enable json mode            0 [0=text,1=JSON]
[12:17:02] < tinyg [mm] ok> 
[12:17:02] < line:0,posx:0.000,posy:0.000,posz:0.000,posa:0.000,feed:0.00,vel:0.00,unit:1,coor:1,dist:0,admo:1,frmo:1,momo:4,stat:1


