[17:11:04] Starting Log file for session: 20201013-17114

[17:09:48] Terminal cleared and ready...
[17:09:52] > g90 g1 z5 f100
[17:09:52] < tinyg [mm] ok> 
[17:09:53] < posz:-14.681,feed:100.00,vel:100.00,dist:0,stat:5
[17:09:53] < posz:-14.346
[17:09:53] < posz:-14.011
[17:09:53] < posz:-13.678
[17:09:53] < posz:-13.343
[17:09:54] < posz:-13.006
[17:09:54] < posz:-12.671
[17:09:54] < posz:-12.338
[17:09:54] < posz:-12.004
[17:09:54] < posz:-11.666
[17:09:55] < posz:-11.331
[17:09:55] < posz:-10.999
[17:09:55] < posz:-10.664
[17:09:55] < posz:-10.326
[17:09:55] < posz:-9.991
[17:09:56] < posz:-9.659
[17:09:56] < posz:-9.324
[17:09:56] < posz:-8.987
[17:09:56] < posz:-8.652
[17:09:56] < posz:-8.319
[17:09:57] < posz:-7.984
[17:09:57] < posz:-7.647
[17:09:57] Halt and flush: !%
[17:09:57] < posz:-7.400,vel:0.00,stat:3
[17:09:57] Machine is homed. 
[17:10:06] > $2po
[17:10:06] TinyG Command received 
[17:10:06] < [2po] m2 polarity                 0 [0=normal,1=reverse]
[17:10:06] < tinyg [mm] ok> 
[17:10:14] > $2po=1
[17:10:14] TinyG Command received 
[17:10:14] < [2po] m2 polarity                 1 [0=normal,1=reverse]
[17:10:14] < tinyg [mm] ok> 
[17:10:23] > g28.3 z-15
[17:10:23] < tinyg [mm] ok> 
[17:10:25] Halt and flush: !%
[17:10:25] < tinyg [mm] ok> 
[17:10:25] Resuming script: ~
[17:10:25] > ~
[17:10:32] > g90 g1 z5 f100
[17:10:32] < tinyg [mm] ok> 
[17:10:32] < posz:-14.681,vel:100.00,stat:5
[17:10:32] < posz:-14.346
[17:10:32] < posz:-14.011
[17:10:33] < posz:-13.678
[17:10:33] < posz:-13.343
[17:10:33] < posz:-13.006
[17:10:33] < posz:-12.671
[17:10:33] < posz:-12.338
[17:10:34] < posz:-12.004
[17:10:34] < posz:-11.666
[17:10:34] < posz:-11.331
[17:10:34] < posz:-10.999
[17:10:34] < posz:-10.664
[17:10:35] < posz:-10.326
[17:10:35] < posz:-9.991
[17:10:35] < posz:-9.659
[17:10:35] < posz:-9.324
[17:10:35] < posz:-8.987
[17:10:36] < posz:-8.652
[17:10:36] < posz:-8.319
[17:10:36] < posz:-7.984
[17:10:36] < posz:-7.647
[17:10:36] < posz:-7.312
[17:10:37] < posz:-6.979
[17:10:37] < posz:-6.644
[17:10:37] < posz:-6.307
[17:10:37] < posz:-5.972
[17:10:37] < posz:-5.640
[17:10:38] < posz:-5.305
[17:10:38] < posz:-4.970
[17:10:38] < posz:-4.637
[17:10:38] < posz:-4.302
[17:10:38] < posz:-3.970
[17:10:39] < posz:-3.635
[17:10:39] < posz:-3.302
[17:10:39] < posz:-2.967
[17:10:39] < posz:-2.635
[17:10:39] < posz:-2.300
[17:10:40] < posz:-1.968
[17:10:40] < posz:-1.633
[17:10:40] < posz:-1.300
[17:10:40] < posz:-0.965
[17:10:40] < posz:-0.633
[17:10:41] < posz:-0.298
[17:10:41] < posz:0.035
[17:10:41] < posz:0.370
[17:10:41] < posz:0.702
[17:10:41] < posz:1.037
[17:10:42] < posz:1.370
[17:10:42] < posz:1.705
[17:10:42] < posz:2.037
[17:10:42] < posz:2.372
[17:10:42] < posz:2.705
[17:10:43] < posz:3.040
[17:10:43] < posz:3.377
[17:10:43] < posz:3.712
[17:10:43] < posz:4.045
[17:10:44] < posz:4.380
[17:10:44] < posz:4.712
[17:10:44] < posz:5.000,vel:0.00,stat:3
[17:10:44] Machine is homed. 
[17:10:52] ESC pressed, do you want to exit Y/N? 
[17:10:53] N: OK clearing textfield. 
[17:10:57] > $ztm
[17:10:57] TinyG Command received 
[17:10:57] < tm] z travel maximum            5.000 mm
[17:10:57] < tinyg [mm] ok> 
[17:11:02] > $ztm=100
[17:11:02] TinyG Command received 
[17:11:02] < [ztm] z travel maximum          100.000 mm
[17:11:02] < tinyg [mm] ok> 


