[15:06:56] Starting Log file for session: 2020724-15656

[15:06:26] Terminal ready... 
[15:06:26] Log file started 
[15:06:26] Please choose a Serial port to connect to... 
[15:06:29] Connected to Serial on port COM6
[15:06:29] < {r:{fv:0.98,fb:86.03,hp:3,hv:0,id:"0213-0215-0515",msg:"SYSTEM READY"},f:[1,0,1]}
[15:06:29] < [ej]  enable json mode            0 [0=text,1=JSON]
[15:06:29] < tinyg [mm] ok> 
[15:06:30] Loading file...
[15:06:32] File to load: C:\Github\MaterialProfiles\3D_POC\data\3D_INIT.json
[15:06:32] Loading File... 
[15:06:33] JSON Loaded... 
[15:06:33] Dumping init file... 
[15:06:33] < {r:{tinygmo:null},f:[1,100,26]}
[15:06:33] < {r:{baud:null},f:[1,100,11]}
[15:06:33] < {r:{js:0},f:[1,0,9]}
[15:06:33] < {r:{gpa:0},f:[1,0,10]}
[15:06:33] < {r:{gun:1},f:[1,0,10]}
[15:06:33] < {r:{ja:0.00},f:[1,0,9]}
[15:06:33] < {r:{si:250},f:[1,0,11]}
[15:06:33] < {r:{jv:5},f:[1,0,9]}
[15:06:33] < {r:{mt:0},f:[1,0,11]}
[15:06:33] < {r:{st:null},f:[1,100,9]}
[15:06:33] < {r:{motorma:null},f:[1,100,20]}
[15:06:33] < {r:{1ma:5},f:[1,0,10]}
[15:06:33] < {r:{2ma:0},f:[1,0,10]}
[15:06:33] < {r:{3ma:2},f:[1,0,10]}
[15:06:33] < {r:{4ma:3},f:[1,0,10]}
[15:06:33] < {r:{polarit:null},f:[1,100,18]}
[15:06:33] < {r:{1po:1},f:[1,0,10]}
[15:06:33] < {r:{2po:0},f:[1,0,10]}
[15:06:33] < {r:{3po:1},f:[1,0,10]}
[15:06:33] < {r:{4po:0},f:[1,0,10]}
[15:06:33] < {r:{trvalue:null},f:[1,100,16]}
[15:06:33] < {r:{1tr:60.0000},f:[1,0,11]}
[15:06:33] < {r:{2tr:6.3500},f:[1,0,13]}
[15:06:33] < {r:{3tr:5.0000},f:[1,0,10]}
[15:06:33] < {r:{4tr:60.0000},f:[1,0,11]}
[15:06:33] < {r:{powerse:null},f:[1,100,21]}
[15:06:33] < {r:{1pl:1.000},f:[1,0,10]}
[15:06:33] < {r:{2pl:1.000},f:[1,0,10]}
[15:06:33] < {r:{3pl:0.000},f:[1,0,10]}
[15:06:33] < {r:{4pl:0.000},f:[1,0,10]}
[15:06:33] < {r:{1pm:2},f:[1,0,10]}
[15:06:33] < {r:{2pm:2},f:[1,0,10]}
[15:06:33] < {r:{3pm:2},f:[1,0,10]}
[15:06:33] < {r:{4pm:2},f:[1,0,10]}
[15:06:33] < {r:{motorse:null},f:[1,100,21]}
[15:06:33] < {r:{1mi:16},f:[1,0,11]}
[15:06:33] < {r:{2mi:32},f:[1,0,11]}
[15:06:33] < {r:{3mi:10,msg:"*** WARNING *** Setting non-standard microstep value"},f:[1,0,11]}
[15:06:33] < {r:{4mi:10,msg:"*** WARNING *** Setting non-standard microstep value"},f:[1,0,11]}
[15:06:33] < {r:{1sa:1.800},f:[1,0,12]}
[15:06:33] < {r:{2sa:1.800},f:[1,0,12]}
[15:06:33] < {r:{3sa:1.800},f:[1,0,12]}
[15:06:33] < {r:{4sa:1.800},f:[1,0,12]}
[15:06:33] < {r:{axesset:null},f:[1,100,20]}
[15:06:33] < {r:{xam:1},f:[1,0,10]}
[15:06:33] < {r:{xvm:1500},f:[1,0,13]}
[15:06:33] < {r:{xjm:5000},f:[1,0,13]}
[15:06:33] < {r:{xfr:5000},f:[1,0,13]}
[15:06:33] < {r:{xtn:-500.000},f:[1,0,13]}
[15:06:33] < {r:{xtm:0.000},f:[1,0,10]}
[15:06:33] < {r:{yam:0},f:[1,0,10]}
[15:06:33] < {r:{yvm:0},f:[1,0,10]}
[15:06:33] < {r:{yjm:0},f:[1,0,10]}
[15:06:33] < {r:{yfr:0},f:[1,0,10]}
[15:06:33] < {r:{zam:1},f:[1,0,10]}
[15:06:33] < {r:{zvm:3750},f:[1,0,13]}
[15:06:33] < {r:{zjm:5000},f:[1,0,13]}
[15:06:33] < {r:{zfr:3750},f:[1,0,13]}
[15:06:33] < {r:{ztn:-100.000},f:[1,0,13]}
[15:06:33] < {r:{ztm:2.000},f:[1,0,10]}
[15:06:33] < {r:{aam:1},f:[1,0,10]}
[15:06:33] < {r:{avm:20000},f:[1,0,14]}
[15:06:33] < {r:{ajm:10000},f:[1,0,14]}
[15:06:33] < {r:{afr:15000},f:[1,0,14]}
[15:06:33] < {r:{atn:-3600.000},f:[1,0,14]}
[15:06:33] < {r:{atm:3600.000},f:[1,0,13]}
[15:06:33] < {r:{cam:1},f:[1,0,10]}
[15:06:33] < {r:{cvm:10000},f:[1,0,14]}
[15:06:33] < {r:{cjm:5000},f:[1,0,13]}
[15:06:33] < {r:{cfr:10000},f:[1,0,14]}
[15:06:33] < {r:{ctn:-3600.000},f:[1,0,14]}
[15:06:33] < {r:{ctm:3600.000},f:[1,0,13]}
[15:06:33] < {r:{limitsw:null},f:[1,100,21]}
[15:06:33] < {r:{sl:1},f:[1,0,9]}
[15:06:33] < {r:{xsn:null},f:[1,100,10]}
[15:06:33] < {r:{ahi:1},f:[1,0,10]}
[15:06:33] < {r:{di1mo:1},f:[1,0,12]}
[15:06:33] < {r:{di1ac:0},f:[1,0,12]}
[15:06:33] < {r:{di1fn:0},f:[1,0,12]}
[15:06:33] < {r:{xsx:null},f:[1,100,10]}
[15:06:33] < {r:{xhi:2},f:[1,0,10]}
[15:06:33] < {r:{di2mo:0},f:[1,0,12]}
[15:06:33] < {r:{di2ac:0},f:[1,0,12]}
[15:06:33] < {r:{di2fn:0},f:[1,0,12]}
[15:06:33] < {r:{ysn:null},f:[1,100,10]}
[15:06:33] < {r:{yhi:0},f:[1,0,10]}
[15:06:33] < {r:{di3mo:-1},f:[1,0,13]}
[15:06:33] < {r:{di3ac:0},f:[1,0,12]}
[15:06:33] < {r:{di3fn:0},f:[1,0,12]}
[15:06:33] < {r:{ysx:null},f:[1,100,10]}
[15:06:33] < {r:{di4mo:-1},f:[1,0,13]}
[15:06:33] < {r:{di4ac:0},f:[1,0,12]}
[15:06:33] < {r:{di4fn:0},f:[1,0,12]}
[15:06:33] < {r:{zsn:null},f:[1,100,10]}
[15:06:33] < {r:{zhi:5},f:[1,0,10]}
[15:06:33] < {r:{di5mo:0},f:[1,0,12]}
[15:06:33] < {r:{di5ac:0},f:[1,0,12]}
[15:06:33] < {r:{di5fn:0},f:[1,0,12]}
[15:06:33] < {r:{zsx:null},f:[1,100,10]}
[15:06:33] < {r:{di6mo:-1},f:[1,0,13]}
[15:06:33] < {r:{di6ac:0},f:[1,0,12]}
[15:06:33] < {r:{di6fn:0},f:[1,0,12]}
[15:06:33] < {r:{asn:null},f:[1,100,10]}
[15:06:33] < {r:{di7mo:-1},f:[1,0,13]}
[15:06:33] < {r:{di7ac:0},f:[1,0,12]}
[15:06:33] < {r:{di7fn:0},f:[1,0,12]}
[15:06:33] < {r:{asx:null},f:[1,100,10]}
[15:06:33] < {r:{di8mo:-1},f:[1,0,13]}
[15:06:33] < {r:{di8ac:0},f:[1,0,12]}
[15:06:33] < {r:{di8fn:0},f:[1,0,12]}
[15:06:33] < {r:{di9mo:-1},f:[1,0,13]}
[15:06:33] < {r:{di9ac:0},f:[1,0,12]}
[15:06:33] < {r:{di9fn:0},f:[1,0,12]}
[15:06:33] < {r:{homingc:null},f:[1,100,20]}
[15:06:33] < {r:{st:null},f:[1,100,9]}
[15:06:33] < {r:{xhd:1},f:[1,0,10]}
[15:06:33] < {r:{xsv:1000},f:[1,0,13]}
[15:06:33] < {r:{xlv:100.00},f:[1,0,12]}
[15:06:33] < {r:{xlb:5.000},f:[1,0,10]}
[15:06:33] < {r:{xzb:2.000},f:[1,0,10]}
[15:06:33] < {r:{xjh:10000},f:[1,0,14]}
[15:06:33] < {r:{zhd:0},f:[1,0,10]}
[15:06:33] < {r:{zsv:1000},f:[1,0,13]}
[15:06:33] < {r:{zlv:100.00},f:[1,0,12]}
[15:06:33] < {r:{zlb:5.000},f:[1,0,10]}
[15:06:33] < {r:{zzb:50.305},f:[1,0,15]}
[15:06:33] < {r:{zjh:10000},f:[1,0,14]}
[15:06:33] < {r:{ahd:1},f:[1,0,10]}
[15:06:33] < {r:{asv:2000},f:[1,0,13]}
[15:06:33] < {r:{alv:500.00},f:[1,0,12]}
[15:06:33] < {r:{alb:20.000},f:[1,0,11]}
[15:06:33] < {r:{azb:0.000},f:[1,0,10]}
[15:06:33] < {r:{ajh:10000},f:[1,0,14]}
[15:06:33] < {sr:{stat:3}}
[15:06:37] Homing axis: x
[15:06:37] > G28.2 X0
[15:06:37] < {r:{gc:"G28.2X0"},f:[1,0,9]}
[15:06:38] < {sr:{posx:2.410,feed:1000.00,momo:1,stat:9}}
[15:06:38] < {sr:{posx:-1.387,vel:1000.00}}
[15:06:38] < {sr:{posx:-2.428,feed:100.00,vel:100.00}}
[15:06:38] < {sr:{posx:-2.011}}
[15:06:39] < {sr:{posx:-1.593}}
[15:06:39] < {sr:{posx:-1.176}}
[15:06:39] < {sr:{posx:-0.761}}
[15:06:39] < {sr:{posx:-0.341}}
[15:06:40] < {sr:{posx:0.076}}
[15:06:40] < {sr:{posx:0.493}}
[15:06:40] < {sr:{posx:0.911}}
[15:06:40] < {sr:{posx:1.326}}
[15:06:41] < {sr:{posx:1.746}}
[15:06:41] < {sr:{posx:1.742,feed:1000.00,vel:957.96}}
[15:06:41] < {sr:{posx:0.000,feed:250.00,vel:0.00,momo:4,stat:3}}
[15:06:51] > $ej
[15:06:51] TinyG Command received 
[15:06:51] < j]  enable json mode            0 [0=text,1=JSON]
[15:06:51] < tinyg [mm] ok> 


