[18:12:10] Starting Log file for session: 20201014-181210

[17:56:03] Terminal cleared and ready...
[17:56:21] > g91 g1 z-1
[17:56:21] < tinyg [mm] err[142]: Feedrate not specified: g91 g1 z-1 
[17:56:29] > g91 g1 z-1 f100
[17:56:29] < tinyg [mm] ok> 
[17:56:29] < posz:-0.319,feed:100.00,vel:100.00,dist:1,momo:1,stat:5
[17:56:29] < posz:-0.654
[17:56:29] < posz:-0.988,vel:98.96
[17:56:29] < posz:-1.000,vel:0.00,stat:3
[17:56:29] Machine is homed. 
[17:56:36] > g91 g1 z-10 f100
[17:56:36] < tinyg [mm] ok> 
[17:56:36] < posz:-1.319,vel:100.00,stat:5
[17:56:36] < posz:-1.654
[17:56:36] < posz:-1.989
[17:56:37] < posz:-2.322
[17:56:37] < posz:-2.657
[17:56:37] < posz:-2.994
[17:56:37] < posz:-3.329
[17:56:37] < posz:-3.662
[17:56:38] < posz:-3.996
[17:56:38] < posz:-4.334
[17:56:38] < posz:-4.669
[17:56:38] < posz:-5.001
[17:56:38] < posz:-5.336
[17:56:39] < posz:-5.674
[17:56:39] < posz:-6.009
[17:56:39] < posz:-6.341
[17:56:39] < posz:-6.676
[17:56:39] < posz:-7.013
[17:56:40] < posz:-7.348
[17:56:40] < posz:-7.681
[17:56:40] < posz:-8.016
[17:56:40] < posz:-8.353
[17:56:40] < posz:-8.688
[17:56:41] < posz:-9.021
[17:56:41] < posz:-9.356
[17:56:41] < posz:-9.693
[17:56:41] < posz:-10.028
[17:56:41] < posz:-10.363
[17:56:42] < posz:-10.695
[17:56:42] < posz:-11.000,vel:0.00,stat:3
[17:56:42] Machine is homed. 
[17:57:04] > g91 g1 z-25 f100
[17:57:04] < tinyg [mm] ok> 
[17:57:05] < posz:-11.319,vel:100.00,stat:5
[17:57:05] < posz:-11.654
[17:57:05] < posz:-11.989
[17:57:05] < posz:-12.322
[17:57:05] < posz:-12.657
[17:57:06] < posz:-12.994
[17:57:06] < posz:-13.329
[17:57:06] < posz:-13.662
[17:57:06] < posz:-13.996
[17:57:06] < posz:-14.334
[17:57:07] < posz:-14.669
[17:57:07] < posz:-15.001
[17:57:07] < posz:-15.336
[17:57:07] < posz:-15.674
[17:57:07] < posz:-16.009
[17:57:08] < posz:-16.341
[17:57:08] < posz:-16.676
[17:57:08] < posz:-17.014
[17:57:08] < posz:-17.349
[17:57:08] < posz:-17.682
[17:57:09] < posz:-18.017
[17:57:09] < posz:-18.352
[17:57:09] < posz:-18.684
[17:57:09] < posz:-19.019
[17:57:09] < posz:-19.352
[17:57:10] < posz:-19.687
[17:57:10] < posz:-20.020
[17:57:10] < posz:-20.355
[17:57:10] < posz:-20.687
[17:57:10] < posz:-21.022
[17:57:11] < posz:-21.355
[17:57:11] < posz:-21.690
[17:57:11] < posz:-22.022
[17:57:11] < posz:-22.358
[17:57:11] < posz:-22.690
[17:57:12] < posz:-23.025
[17:57:12] < posz:-23.358
[17:57:12] < posz:-23.693
[17:57:12] < posz:-24.025
[17:57:12] < posz:-24.360
[17:57:13] < posz:-24.693
[17:57:13] < posz:-25.028
[17:57:13] < posz:-25.361
[17:57:13] < posz:-25.696
[17:57:13] < posz:-26.028
[17:57:14] < posz:-26.363
[17:57:14] < posz:-26.696
[17:57:14] < posz:-27.031
[17:57:14] < posz:-27.369
[17:57:14] < posz:-27.704
[17:57:15] < posz:-28.036
[17:57:15] < posz:-28.371
[17:57:15] < posz:-28.704
[17:57:15] < posz:-29.039
[17:57:15] < posz:-29.377
[17:57:16] < posz:-29.712
[17:57:16] < posz:-30.044
[17:57:16] < posz:-30.379
[17:57:16] < posz:-30.717
[17:57:16] < posz:-31.052
[17:57:17] < posz:-31.384
[17:57:17] < posz:-31.720
[17:57:17] < posz:-32.057
[17:57:17] < posz:-32.392
[17:57:17] < posz:-32.724
[17:57:18] < posz:-33.059
[17:57:18] < posz:-33.396
[17:57:18] < posz:-33.731
[17:57:18] < posz:-34.063
[17:57:18] < posz:-34.398
[17:57:19] < posz:-34.736
[17:57:19] < posz:-35.070
[17:57:19] < posz:-35.403
[17:57:19] < posz:-35.738
[17:57:19] < posz:-36.000,vel:0.00,stat:3
[17:57:19] Machine is homed. 
[17:57:31] > g91 g1 z-10 f100
[17:57:31] < tinyg [mm] ok> 
[17:57:31] < posz:-36.319,vel:100.00,stat:5
[17:57:31] < posz:-36.654
[17:57:31] < posz:-36.989
[17:57:31] < posz:-37.321
[17:57:32] < posz:-37.656
[17:57:32] < posz:-37.993
[17:57:32] < posz:-38.328
[17:57:32] < posz:-38.661
[17:57:32] < posz:-38.995
[17:57:33] < posz:-39.333
[17:57:33] < posz:-39.667
[17:57:33] < posz:-40.000
[17:57:33] < posz:-40.335
[17:57:33] < posz:-40.672
[17:57:34] < posz:-41.007
[17:57:34] < posz:-41.339
[17:57:34] < posz:-41.674
[17:57:34] < posz:-42.011
[17:57:34] < posz:-42.346
[17:57:35] < posz:-42.678
[17:57:35] < posz:-43.013
[17:57:35] < posz:-43.350
[17:57:35] < posz:-43.685
[17:57:35] < posz:-44.018
[17:57:36] < posz:-44.352
[17:57:36] < posz:-44.690
[17:57:36] < posz:-45.025
[17:57:36] < posz:-45.357
[17:57:36] < posz:-45.692
[17:57:37] < posz:-46.000,vel:0.00,stat:3
[17:57:37] Machine is homed. 
[17:57:39] > g91 g1 z-10 f100
[17:57:39] < tinyg [mm] ok> 
[17:57:39] < posz:-46.319,vel:100.00,stat:5
[17:57:40] < posz:-46.654
[17:57:40] < posz:-46.989
[17:57:40] < posz:-47.321
[17:57:40] < posz:-47.656
[17:57:40] < posz:-47.993
[17:57:41] < posz:-48.328
[17:57:41] < posz:-48.661
[17:57:41] < posz:-48.995
[17:57:41] < posz:-49.333
[17:57:41] < posz:-49.667
[17:57:42] < posz:-50.000
[17:57:42] < posz:-50.335
[17:57:42] < posz:-50.672
[17:57:42] < posz:-51.007
[17:57:42] < posz:-51.342
[17:57:43] < posz:-51.674
[17:57:43] < posz:-52.009
[17:57:43] < posz:-52.341
[17:57:43] < posz:-52.676
[17:57:43] < posz:-53.008
[17:57:44] < posz:-53.343
[17:57:44] < posz:-53.675
[17:57:44] < posz:-54.010
[17:57:44] < posz:-54.342
[17:57:44] < posz:-54.677
[17:57:45] < posz:-55.010
[17:57:45] < posz:-55.344
[17:57:45] < posz:-55.677
[17:57:45] < posz:-56.000,vel:0.00,stat:3
[17:57:45] Machine is homed. 
[18:08:25] Connected to Serial on port COM6
[18:08:25] < {"r":{"fv":0.98,"fb":86.03,"hp":3,"hv":0,"id":"0213-0215-0515","msg":"SYSTEM READY"},"f":[1,0,1]}
[18:08:25] < [ej]  enable json mode            0 [0=text,1=JSON]
[18:08:25] < tinyg [mm] ok> 
[18:08:26] Loading file...
[18:08:29] File to load: C:\Users\Oscar\Desktop\init.json
[18:08:29] Loading File... 
[18:08:29] JSON Loaded... 
[18:08:30] Dumping init file... 
[18:08:30] < {"r":{"js":1},"f":[1,0,9]}
[18:08:30] < {"r":{"gpa":1},"f":[1,0,10]}
[18:08:30] < {"r":{"gun":1},"f":[1,0,10]}
[18:08:30] < {"r":{"ja":0.20},"f":[1,0,11]}
[18:08:30] < {"r":{"si":200},"f":[1,0,11]}
[18:08:30] < {"r":{"jv":5},"f":[1,0,9]}
[18:08:30] < {"r":{"mt":1},"f":[1,0,9]}
[18:08:30] < {"r":{"1ma":1},"f":[1,0,10]}
[18:08:30] < {"r":{"2ma":2},"f":[1,0,10]}
[18:08:30] < {"r":{"3ma":0},"f":[1,0,10]}
[18:08:30] < {"r":{"4ma":3},"f":[1,0,10]}
[18:08:30] < {"r":{"1po":0},"f":[1,0,10]}
[18:08:30] < {"r":{"2po":0},"f":[1,0,10]}
[18:08:30] < {"r":{"3po":1},"f":[1,0,10]}
[18:08:30] < {"r":{"4po":1},"f":[1,0,10]}
[18:08:30] < {"r":{"2tr":1.2500},"f":[1,0,13]}
[18:08:30] < {"r":{"3tr":15.9593},"f":[1,0,26]}
[18:08:30] < {"r":{"4tr":9.2000},"f":[1,0,12]}
[18:08:30] < {"r":{"1pl":0.000},"f":[1,0,10]}
[18:08:30] < {"r":{"2pl":1.000},"f":[1,0,10]}
[18:08:30] < {"r":{"3pl":0.000},"f":[1,0,10]}
[18:08:30] < {"r":{"4pl":0.000},"f":[1,0,10]}
[18:08:30] < {"r":{"1pm":0},"f":[1,0,10]}
[18:08:30] < {"r":{"2pm":2},"f":[1,0,10]}
[18:08:30] < {"r":{"3pm":1},"f":[1,0,10]}
[18:08:30] < {"r":{"4pm":1},"f":[1,0,10]}
[18:08:30] < {"r":{"2sa":1.800},"f":[1,0,12]}
[18:08:30] < {"r":{"3sa":1.800},"f":[1,0,12]}
[18:08:30] < {"r":{"4sa":1.800},"f":[1,0,12]}
[18:08:30] < {"r":{"2mi":8},"f":[1,0,10]}
[18:08:30] < {"r":{"3mi":10,"msg":"*** WARNING *** Setting non-standard microstep value"},"f":[1,0,11]}
[18:08:30] < {"r":{"4mi":10,"msg":"*** WARNING *** Setting non-standard microstep value"},"f":[1,0,11]}
[18:08:30] < {"r":{"xam":1},"f":[1,0,10]}
[18:08:30] < {"r":{"xvm":10000},"f":[1,0,14]}
[18:08:30] < {"r":{"xfr":10000},"f":[1,0,14]}
[18:08:30] < {"r":{"xjm":20000},"f":[1,0,14]}
[18:08:30] < {"r":{"yam":0},"f":[1,0,10]}
[18:08:30] < {"r":{"zam":1},"f":[1,0,10]}
[18:08:30] < {"r":{"zvm":850},"f":[1,0,12]}
[18:08:30] < {"r":{"zfr":850},"f":[1,0,12]}
[18:08:30] < {"r":{"zjm":5000},"f":[1,0,13]}
[18:08:30] < {"r":{"aam":1},"f":[1,0,10]}
[18:08:30] < {"r":{"avm":10000},"f":[1,0,14]}
[18:08:30] < {"r":{"afr":10000},"f":[1,0,14]}
[18:08:30] < {"r":{"ajm":10000},"f":[1,0,14]}
[18:08:30] < {"r":{"di8mo":-1},"f":[1,0,13]}
[18:08:30] < {"r":{"xhi":0},"f":[1,0,10]}
[18:08:30] < {"r":{"yhi":0},"f":[1,0,10]}
[18:08:30] < {"r":{"zhi":0},"f":[1,0,10]}
[18:08:30] < {"r":{"bhi":0},"f":[1,0,10]}
[18:08:30] < {"r":{"chi":0},"f":[1,0,10]}
[18:08:30] < {"r":{"di1mo":1},"f":[1,0,12]}
[18:08:30] < {"r":{"di1ac":0},"f":[1,0,12]}
[18:08:30] < {"r":{"di1fn":0},"f":[1,0,12]}
[18:08:30] < {"r":{"ahi":1},"f":[1,0,10]}
[18:08:30] < {"r":{"ahd":1},"f":[1,0,10]}
[18:08:30] < {"r":{"asv":2000},"f":[1,0,13]}
[18:08:30] < {"r":{"alv":500.00},"f":[1,0,12]}
[18:08:30] < {"r":{"alb":20.000},"f":[1,0,11]}
[18:08:30] < {"r":{"ajh":10000},"f":[1,0,14]}
[18:08:30] < {"r":{"di2mo":0},"f":[1,0,12]}
[18:08:30] < {"r":{"di2ac":0},"f":[1,0,12]}
[18:08:30] < {"r":{"di2fn":0},"f":[1,0,12]}
[18:08:30] < {"r":{"zhi":2},"f":[1,0,10]}
[18:08:30] < {"r":{"zhd":0},"f":[1,0,10]}
[18:08:30] < {"r":{"zsv":500},"f":[1,0,12]}
[18:08:30] < {"r":{"zlv":50.00},"f":[1,0,11]}
[18:08:30] < {"r":{"zlb":1.000},"f":[1,0,10]}
[18:08:30] < {"r":{"ajh":10000},"f":[1,0,14]}
[18:08:30] < {"r":{"sl":1},"f":[1,0,9]}
[18:08:30] < {"r":{"atm":3600.000},"f":[1,0,13]}
[18:08:30] < {"r":{"atn":-3600.000},"f":[1,0,14]}
[18:08:30] < {"r":{"xtm":90000.000},"f":[1,0,14]}
[18:08:30] < {"r":{"xtn":-90000.000},"f":[1,0,15]}
[18:08:30] < {"r":{"ztm":5.000},"f":[1,0,10]}
[18:08:30] < {"r":{"ztn":-19.000},"f":[1,0,12]}
[18:08:30] < {"r":{"azb":0.000},"f":[1,0,10]}
[18:08:30] < {"r":{"zzb":12.000},"f":[1,0,11]}
[18:08:30] < [ej]  enable json mode            0 [0=text,1=JSON]
[18:08:30] < tinyg [mm] ok> 
[18:08:30] < line:0,posx:0.000,posy:0.000,posz:0.000,posa:0.000,feed:0.00,vel:0.00,unit:1,coor:1,dist:0,admo:1,frmo:1,momo:4,stat:1
[18:08:39] > g91 g1 z10
[18:08:39] < tinyg [mm] err[142]: Feedrate not specified: g91 g1 z10 
[18:08:43] > g91 g1 z10 f100
[18:08:43] < tinyg [mm] ok> 
[18:08:43] < posz:0.319,feed:100.00,vel:100.00,dist:1,momo:1,stat:5
[18:08:43] < posz:0.654
[18:08:44] < posz:0.989
[18:08:44] < posz:1.322
[18:08:44] < posz:1.657
[18:08:44] < posz:1.994
[18:08:44] < posz:2.329
[18:08:45] < posz:2.662
[18:08:45] < posz:2.997
[18:08:45] < posz:3.334
[18:08:45] < posz:3.669
[18:08:45] < posz:4.001
[18:08:46] < posz:4.336
[18:08:46] < posz:4.674
[18:08:46] < posz:5.009
[18:08:46] < posz:5.341
[18:08:46] < posz:5.676
[18:08:47] < posz:6.014
[18:08:47] < posz:6.348
[18:08:47] < posz:6.683
[18:08:47] < posz:7.016
[18:08:47] < posz:7.351
[18:08:48] < posz:7.683
[18:08:48] < posz:8.018
[18:08:48] < posz:8.351
[18:08:48] < posz:8.686
[18:08:48] < posz:9.018
[18:08:49] < posz:9.353
[18:08:49] < posz:9.685
[18:08:49] < posz:10.000,vel:0.00,stat:3
[18:08:49] Machine is homed. 
[18:08:50] > g91 g1 z10 f100
[18:08:50] < tinyg [mm] ok> 
[18:08:50] < posz:10.319,vel:100.00,stat:5
[18:08:51] < posz:10.654
[18:08:51] < posz:10.989
[18:08:51] < posz:11.322
[18:08:51] < posz:11.657
[18:08:51] < posz:11.994
[18:08:52] < posz:12.329
[18:08:52] < posz:12.662
[18:08:52] < posz:12.996
[18:08:52] < posz:13.334
[18:08:52] < posz:13.669
[18:08:53] < posz:14.001
[18:08:53] < posz:14.336
[18:08:53] < posz:14.674
[18:08:53] < posz:15.009
[18:08:53] < posz:15.341
[18:08:54] < posz:15.676
[18:08:54] < posz:16.013
[18:08:54] < posz:16.349
[18:08:54] < posz:16.681
[18:08:54] < posz:17.016
[18:08:55] < posz:17.351
[18:08:55] < posz:17.684
[18:08:55] < posz:18.019
[18:08:55] < posz:18.351
[18:08:55] < posz:18.687
[18:08:56] < posz:19.019
[18:08:56] < posz:19.354
[18:08:56] < posz:19.687
[18:08:56] < posz:20.000,vel:0.00,stat:3
[18:08:56] Machine is homed. 
[18:09:02] > g91 g1 z5 f100
[18:09:02] < tinyg [mm] ok> 
[18:09:02] < posz:20.319,vel:100.00,stat:5
[18:09:02] < posz:20.654
[18:09:02] < posz:20.989
[18:09:02] < posz:21.321
[18:09:03] < posz:21.656
[18:09:03] < posz:21.993
[18:09:03] < posz:22.328
[18:09:03] < posz:22.661
[18:09:03] < posz:22.995
[18:09:04] < posz:23.333
[18:09:04] < posz:23.667
[18:09:04] < posz:24.000
[18:09:04] < posz:24.335
[18:09:04] < posz:24.672
[18:09:05] < posz:25.000,vel:19.26
[18:09:05] < vel:0.00,stat:3
[18:09:05] Machine is homed. 
[18:12:05] Connected to Serial on port COM6
[18:12:05] < {"r":{"fv":0.98,"fb":86.03,"hp":3,"hv":0,"id":"0213-0215-0515","msg":"SYSTEM READY"},"f":[1,0,1]}
[18:12:05] < [ej]  enable json mode            0 [0=text,1=JSON]
[18:12:05] < tinyg [mm] ok> 
[18:12:07] Re-Dumping file C:\Users\Oscar\Desktop\init.json ...
[18:12:07] Loading File... 
[18:12:07] JSON Loaded... 
[18:12:08] Dumping init file... 
[18:12:08] < {"r":{"js":1},"f":[1,0,9]}
[18:12:08] < {"r":{"gpa":1},"f":[1,0,10]}
[18:12:08] < {"r":{"gun":1},"f":[1,0,10]}
[18:12:08] < {"r":{"ja":0.20},"f":[1,0,11]}
[18:12:08] < {"r":{"si":200},"f":[1,0,11]}
[18:12:08] < {"r":{"jv":5},"f":[1,0,9]}
[18:12:08] < {"r":{"mt":1},"f":[1,0,9]}
[18:12:08] < {"r":{"1ma":1},"f":[1,0,10]}
[18:12:08] < {"r":{"2ma":2},"f":[1,0,10]}
[18:12:08] < {"r":{"3ma":0},"f":[1,0,10]}
[18:12:08] < {"r":{"4ma":3},"f":[1,0,10]}
[18:12:08] < {"r":{"1po":0},"f":[1,0,10]}
[18:12:08] < {"r":{"2po":0},"f":[1,0,10]}
[18:12:08] < {"r":{"3po":1},"f":[1,0,10]}
[18:12:08] < {"r":{"4po":1},"f":[1,0,10]}
[18:12:08] < {"r":{"2tr":1.2500},"f":[1,0,13]}
[18:12:08] < {"r":{"3tr":15.9593},"f":[1,0,26]}
[18:12:08] < {"r":{"4tr":9.2000},"f":[1,0,12]}
[18:12:08] < {"r":{"1pl":0.000},"f":[1,0,10]}
[18:12:08] < {"r":{"2pl":1.000},"f":[1,0,10]}
[18:12:08] < {"r":{"3pl":0.000},"f":[1,0,10]}
[18:12:08] < {"r":{"4pl":0.000},"f":[1,0,10]}
[18:12:08] < {"r":{"1pm":0},"f":[1,0,10]}
[18:12:08] < {"r":{"2pm":2},"f":[1,0,10]}
[18:12:08] < {"r":{"3pm":1},"f":[1,0,10]}
[18:12:08] < {"r":{"4pm":1},"f":[1,0,10]}
[18:12:08] < {"r":{"2sa":1.800},"f":[1,0,12]}
[18:12:08] < {"r":{"3sa":1.800},"f":[1,0,12]}
[18:12:08] < {"r":{"4sa":1.800},"f":[1,0,12]}
[18:12:08] < {"r":{"2mi":8},"f":[1,0,10]}
[18:12:08] < {"r":{"3mi":10,"msg":"*** WARNING *** Setting non-standard microstep value"},"f":[1,0,11]}
[18:12:08] < {"r":{"4mi":10,"msg":"*** WARNING *** Setting non-standard microstep value"},"f":[1,0,11]}
[18:12:08] < {"r":{"xam":1},"f":[1,0,10]}
[18:12:08] < {"r":{"xvm":10000},"f":[1,0,14]}
[18:12:08] < {"r":{"xfr":10000},"f":[1,0,14]}
[18:12:08] < {"r":{"xjm":20000},"f":[1,0,14]}
[18:12:08] < {"r":{"yam":0},"f":[1,0,10]}
[18:12:08] < {"r":{"zam":1},"f":[1,0,10]}
[18:12:08] < {"r":{"zvm":850},"f":[1,0,12]}
[18:12:08] < {"r":{"zfr":850},"f":[1,0,12]}
[18:12:08] < {"r":{"zjm":5000},"f":[1,0,13]}
[18:12:08] < {"r":{"aam":1},"f":[1,0,10]}
[18:12:08] < {"r":{"avm":10000},"f":[1,0,14]}
[18:12:08] < {"r":{"afr":10000},"f":[1,0,14]}
[18:12:08] < {"r":{"ajm":10000},"f":[1,0,14]}
[18:12:08] < {"r":{"di8mo":-1},"f":[1,0,13]}
[18:12:08] < {"r":{"xhi":0},"f":[1,0,10]}
[18:12:08] < {"r":{"yhi":0},"f":[1,0,10]}
[18:12:08] < {"r":{"zhi":0},"f":[1,0,10]}
[18:12:08] < {"r":{"bhi":0},"f":[1,0,10]}
[18:12:08] < {"r":{"chi":0},"f":[1,0,10]}
[18:12:08] < {"r":{"di1mo":1},"f":[1,0,12]}
[18:12:08] < {"r":{"di1ac":0},"f":[1,0,12]}
[18:12:08] < {"r":{"di1fn":0},"f":[1,0,12]}
[18:12:08] < {"r":{"ahi":1},"f":[1,0,10]}
[18:12:08] < {"r":{"ahd":1},"f":[1,0,10]}
[18:12:08] < {"r":{"asv":2000},"f":[1,0,13]}
[18:12:08] < {"r":{"alv":500.00},"f":[1,0,12]}
[18:12:08] < {"r":{"alb":20.000},"f":[1,0,11]}
[18:12:08] < {"r":{"ajh":10000},"f":[1,0,14]}
[18:12:08] < {"r":{"di2mo":0},"f":[1,0,12]}
[18:12:08] < {"r":{"di2ac":0},"f":[1,0,12]}
[18:12:08] < {"r":{"di2fn":0},"f":[1,0,12]}
[18:12:08] < {"r":{"zhi":2},"f":[1,0,10]}
[18:12:08] < {"r":{"zhd":0},"f":[1,0,10]}
[18:12:08] < {"r":{"zsv":500},"f":[1,0,12]}
[18:12:08] < {"r":{"zlv":50.00},"f":[1,0,11]}
[18:12:08] < {"r":{"zlb":1.000},"f":[1,0,10]}
[18:12:08] < {"r":{"ajh":10000},"f":[1,0,14]}
[18:12:08] < {"r":{"sl":1},"f":[1,0,9]}
[18:12:08] < {"r":{"atm":3600.000},"f":[1,0,13]}
[18:12:08] < {"r":{"atn":-3600.000},"f":[1,0,14]}
[18:12:08] < {"r":{"xtm":90000.000},"f":[1,0,14]}
[18:12:08] < {"r":{"xtn":-90000.000},"f":[1,0,15]}
[18:12:08] < {"r":{"ztm":5.000},"f":[1,0,10]}
[18:12:08] < {"r":{"ztn":-19.000},"f":[1,0,12]}
[18:12:08] < {"r":{"azb":0.000},"f":[1,0,10]}
[18:12:08] < {"r":{"zzb":12.000},"f":[1,0,11]}
[18:12:08] < [ej]  enable json mode            0 [0=text,1=JSON]
[18:12:08] < tinyg [mm] ok> 
[18:12:08] < line:0,posx:0.000,posy:0.000,posz:0.000,posa:0.000,feed:0.00,vel:0.00,unit:1,coor:1,dist:0,admo:1,frmo:1,momo:4,stat:1


