[17:07:32] Starting Log file for session: 2020811-17732

[16:45:01] Terminal ready... 
[16:45:01] Log file started 
[16:45:01] Please choose a Serial port to connect to... 
[16:45:03] Connected to Serial on port COM6
[16:45:03] < {"r":{"fv":0.98,"fb":86.03,"hp":3,"hv":0,"id":"0213-0215-0515","msg":"SYSTEM READY"},"f":[1,0,1]}
[16:45:03] < [ej]  enable json mode            0 [0=text,1=JSON]
[16:45:03] < tinyg [mm] ok> 
[16:45:04] Loading file...
[16:45:16] File to load: C:\Github\MaterialProfiles\data - M5.2\data\init.json
[16:45:16] Loading File... 
[16:45:17] JSON Loaded... 
[16:45:17] Dumping init file... 
[16:45:17] < {"r":{"js":1},"f":[1,0,9]}
[16:45:17] < {"r":{"gpa":1},"f":[1,0,10]}
[16:45:17] < {"r":{"gun":1},"f":[1,0,10]}
[16:45:17] < {"r":{"ja":0.20},"f":[1,0,11]}
[16:45:17] < {"r":{"si":200},"f":[1,0,11]}
[16:45:17] < {"r":{"jv":5},"f":[1,0,9]}
[16:45:17] < {"r":{"mt":1},"f":[1,0,9]}
[16:45:17] < {"r":{"1ma":1},"f":[1,0,10]}
[16:45:17] < {"r":{"2ma":2},"f":[1,0,10]}
[16:45:17] < {"r":{"3ma":0},"f":[1,0,10]}
[16:45:17] < {"r":{"4ma":3},"f":[1,0,10]}
[16:45:17] < {"r":{"1po":0},"f":[1,0,10]}
[16:45:17] < {"r":{"2po":0},"f":[1,0,10]}
[16:45:17] < {"r":{"3po":1},"f":[1,0,10]}
[16:45:17] < {"r":{"4po":0},"f":[1,0,10]}
[16:45:17] < {"r":{"2tr":1.0000},"f":[1,0,10]}
[16:45:17] < {"r":{"3tr":15.9593},"f":[1,0,26]}
[16:45:17] < {"r":{"4tr":9.2000},"f":[1,0,12]}
[16:45:17] < {"r":{"1pl":0.000},"f":[1,0,10]}
[16:45:17] < {"r":{"2pl":1.000},"f":[1,0,10]}
[16:45:17] < {"r":{"3pl":0.000},"f":[1,0,10]}
[16:45:17] < {"r":{"4pl":0.000},"f":[1,0,10]}
[16:45:17] < {"r":{"1pm":0},"f":[1,0,10]}
[16:45:17] < {"r":{"2pm":2},"f":[1,0,10]}
[16:45:17] < {"r":{"3pm":1},"f":[1,0,10]}
[16:45:17] < {"r":{"4pm":1},"f":[1,0,10]}
[16:45:17] < {"r":{"2sa":1.800},"f":[1,0,12]}
[16:45:17] < {"r":{"3sa":1.800},"f":[1,0,12]}
[16:45:17] < {"r":{"4sa":1.800},"f":[1,0,12]}
[16:45:17] < {"r":{"2mi":8},"f":[1,0,10]}
[16:45:17] < {"r":{"3mi":10,"msg":"*** WARNING *** Setting non-standard microstep value"},"f":[1,0,11]}
[16:45:17] < {"r":{"4mi":10,"msg":"*** WARNING *** Setting non-standard microstep value"},"f":[1,0,11]}
[16:45:17] < {"r":{"xam":1},"f":[1,0,10]}
[16:45:17] < {"r":{"xvm":10000},"f":[1,0,14]}
[16:45:17] < {"r":{"xfr":10000},"f":[1,0,14]}
[16:45:17] < {"r":{"xjm":20000},"f":[1,0,14]}
[16:45:17] < {"r":{"yam":0},"f":[1,0,10]}
[16:45:17] < {"r":{"zam":1},"f":[1,0,10]}
[16:45:17] < {"r":{"zvm":650},"f":[1,0,12]}
[16:45:17] < {"r":{"zfr":650},"f":[1,0,12]}
[16:45:17] < {"r":{"zjm":5000},"f":[1,0,13]}
[16:45:17] < {"r":{"aam":1},"f":[1,0,10]}
[16:45:17] < {"r":{"avm":10000},"f":[1,0,14]}
[16:45:17] < {"r":{"afr":10000},"f":[1,0,14]}
[16:45:17] < {"r":{"ajm":10000},"f":[1,0,14]}
[16:45:17] < {"r":{"di2mo":-1},"f":[1,0,13]}
[16:45:17] < {"r":{"di8mo":-1},"f":[1,0,13]}
[16:45:17] < {"r":{"xhi":0},"f":[1,0,10]}
[16:45:17] < {"r":{"yhi":0},"f":[1,0,10]}
[16:45:17] < {"r":{"zhi":0},"f":[1,0,10]}
[16:45:17] < {"r":{"bhi":0},"f":[1,0,10]}
[16:45:17] < {"r":{"chi":0},"f":[1,0,10]}
[16:45:17] < {"r":{"di1mo":0},"f":[1,0,12]}
[16:45:17] < {"r":{"di1ac":0},"f":[1,0,12]}
[16:45:17] < {"r":{"di1fn":0},"f":[1,0,12]}
[16:45:17] < {"r":{"ahi":1},"f":[1,0,10]}
[16:45:17] < {"r":{"ahd":1},"f":[1,0,10]}
[16:45:17] < {"r":{"asv":2000},"f":[1,0,13]}
[16:45:17] < {"r":{"alv":500.00},"f":[1,0,12]}
[16:45:17] < {"r":{"alb":20.000},"f":[1,0,11]}
[16:45:17] < {"r":{"ajh":10000},"f":[1,0,14]}
[16:45:17] < {"r":{"di5mo":0},"f":[1,0,12]}
[16:45:17] < {"r":{"di5ac":0},"f":[1,0,12]}
[16:45:17] < {"r":{"di5fn":0},"f":[1,0,12]}
[16:45:17] < {"r":{"zhi":5},"f":[1,0,10]}
[16:45:17] < {"r":{"zhd":1},"f":[1,0,10]}
[16:45:17] < {"r":{"zsv":500},"f":[1,0,12]}
[16:45:17] < {"r":{"zlv":50.00},"f":[1,0,11]}
[16:45:17] < {"r":{"zlb":3.000},"f":[1,0,10]}
[16:45:17] < {"r":{"ajh":10000},"f":[1,0,14]}
[16:45:17] < {"r":{"sl":1},"f":[1,0,9]}
[16:45:17] < {"r":{"atm":3600.000},"f":[1,0,13]}
[16:45:17] < {"r":{"atn":-3600.000},"f":[1,0,14]}
[16:45:17] < {"r":{"xtm":90000.000},"f":[1,0,14]}
[16:45:17] < {"r":{"xtn":-90000.000},"f":[1,0,15]}
[16:45:17] < {"r":{"ztm":5.000},"f":[1,0,10]}
[16:45:17] < {"r":{"ztn":-19.000},"f":[1,0,12]}
[16:45:17] < {"r":{"azb":0.000},"f":[1,0,10]}
[16:45:17] < [ej]  enable json mode            0 [0=text,1=JSON]
[16:45:17] < tinyg [mm] ok> 
[16:45:17] < line:0,posx:0.000,posy:0.000,posz:0.000,posa:0.000,feed:0.00,vel:0.00,unit:1,coor:1,dist:0,admo:1,frmo:1,momo:4,stat:1
[16:45:28] > g91 g1 z10
[16:45:28] < tinyg [mm] err[142]: Feedrate not specified: g91 g1 z10 
[16:45:34] > g91 g1 z10 f100
[16:45:34] < tinyg [mm] ok> 
[16:45:34] < posz:0.319,feed:100.00,vel:100.00,dist:1,momo:1,stat:5
[16:45:35] < posz:0.654
[16:45:35] < posz:0.989
[16:45:35] < posz:1.322
[16:45:35] < posz:1.657
[16:45:35] < posz:1.994
[16:45:36] < posz:2.329
[16:45:36] < posz:2.662
[16:45:36] < posz:2.997
[16:45:36] < posz:3.334
[16:45:36] < posz:3.669
[16:45:37] < posz:4.001
[16:45:37] < posz:4.336
[16:45:37] < posz:4.674
[16:45:37] < posz:5.009
[16:45:37] < posz:5.341
[16:45:38] < posz:5.676
[16:45:38] < posz:6.014
[16:45:38] < posz:6.348
[16:45:38] < posz:6.681
[16:45:38] < posz:7.016
[16:45:39] < posz:7.353
[16:45:39] < posz:7.688
[16:45:39] Halt and flush: !%
[16:45:39] < posz:7.905,vel:0.00,stat:3
[16:45:39] Machine is homed. 
[16:45:45] > g91 g1 z-10 f100
[16:45:45] < tinyg [mm] ok> 
[16:45:45] < posz:7.586,vel:100.00,stat:5
[16:45:45] < posz:7.251
[16:45:45] < posz:6.916
[16:45:46] < posz:6.583
[16:45:46] < posz:6.248
[16:45:46] < posz:5.911
[16:45:46] < posz:5.576
[16:45:46] < posz:5.244
[16:45:47] < posz:4.909
[16:45:47] < posz:4.571
[16:45:47] < posz:4.236
[16:45:47] < posz:3.904
[16:45:47] < posz:3.569
[16:45:48] < posz:3.231
[16:45:48] < posz:2.897
[16:45:48] < posz:2.564
[16:45:48] < posz:2.229
[16:45:48] < posz:1.892
[16:45:49] < posz:1.557
[16:45:49] < posz:1.224
[16:45:49] < posz:0.889
[16:45:49] < posz:0.552
[16:45:49] < posz:0.217
[16:45:50] < posz:-0.115
[16:45:50] < posz:-0.450
[16:45:50] < posz:-0.788
[16:45:50] < posz:-1.123
[16:45:50] < posz:-1.455
[16:45:51] < posz:-1.790
[16:45:51] < posz:-2.095,vel:0.00,stat:3
[16:45:51] Machine is homed. 
[16:46:00] > g91 g1 z1 f10
[16:46:00] < inyg [mm] ok> 
[16:46:00] < posz:-2.062,feed:10.00,vel:10.00,stat:5
[16:46:00] < posz:-2.028
[16:46:00] < posz:-1.995
[16:46:00] < posz:-1.961
[16:46:01] < posz:-1.928
[16:46:01] < posz:-1.894
[16:46:01] < posz:-1.861
[16:46:01] < posz:-1.827
[16:46:01] < posz:-1.794
[16:46:02] < posz:-1.760
[16:46:02] < posz:-1.727
[16:46:02] < posz:-1.693
[16:46:02] < posz:-1.660
[16:46:02] < posz:-1.626
[16:46:03] < posz:-1.593
[16:46:03] > g91 g1 z1 f100
[16:46:03] < tinyg [mm] ok> 
[16:46:03] < posz:-1.559
[16:46:03] < posz:-1.526
[16:46:03] < posz:-1.492
[16:46:03] < posz:-1.459
[16:46:04] < posz:-1.425
[16:46:04] < posz:-1.392
[16:46:04] < posz:-1.358
[16:46:04] < posz:-1.325
[16:46:04] < posz:-1.291
[16:46:05] < posz:-1.258
[16:46:05] < posz:-1.224
[16:46:05] < posz:-1.191
[16:46:05] < posz:-1.158
[16:46:05] < posz:-1.124
[16:46:06] < posz:-1.078,feed:100.00,vel:99.96
[16:46:06] < posz:-0.741,vel:100.00
[16:46:06] < posz:-0.406
[16:46:06] < posz:-0.095,vel:0.00,stat:3
[16:46:06] Machine is homed. 
[16:46:20] > g91 g1 z-10 f50
[16:46:20] < tinyg [mm] ok> 
[16:46:20] < posz:-0.257,feed:50.00,vel:50.00,stat:5
[16:46:20] < posz:-0.425
[16:46:20] < posz:-0.592
[16:46:21] < posz:-0.758
[16:46:21] < posz:-0.926
[16:46:21] < posz:-1.095
[16:46:21] < posz:-1.262
[16:46:21] < posz:-1.428
[16:46:22] < posz:-1.596
[16:46:22] < posz:-1.764
[16:46:22] < posz:-1.932
[16:46:22] < posz:-2.098
[16:46:22] < posz:-2.266
[16:46:23] < posz:-2.434
[16:46:23] < posz:-2.602
[16:46:23] < posz:-2.768
[16:46:23] < posz:-2.936
[16:46:23] < posz:-3.104
[16:46:24] < posz:-3.272
[16:46:24] < posz:-3.438
[16:46:24] < posz:-3.605
[16:46:24] < posz:-3.774
[16:46:24] < posz:-3.942
[16:46:25] < posz:-4.108
[16:46:25] < posz:-4.275
[16:46:25] < posz:-4.444
[16:46:25] < posz:-4.611
[16:46:25] < posz:-4.778
[16:46:26] < posz:-4.945
[16:46:26] < posz:-5.113
[16:46:26] < posz:-5.279
[16:46:26] < posz:-5.446
[16:46:26] < posz:-5.613
[16:46:27] < posz:-5.780
[16:46:27] < posz:-5.946
[16:46:27] < posz:-6.114
[16:46:27] < posz:-6.280
[16:46:27] < posz:-6.447
[16:46:28] < posz:-6.614
[16:46:28] < posz:-6.781
[16:46:28] < posz:-6.947
[16:46:28] < posz:-7.115
[16:46:28] < posz:-7.281
[16:46:29] < posz:-7.449
[16:46:29] < posz:-7.615
[16:46:29] < posz:-7.782
[16:46:29] < posz:-7.948
[16:46:29] < posz:-8.116
[16:46:30] < posz:-8.285
[16:46:30] < posz:-8.452
[16:46:30] < posz:-8.619
[16:46:30] < posz:-8.786
[16:46:30] < posz:-8.952
[16:46:31] < posz:-9.120
[16:46:31] < posz:-9.286
[16:46:31] < posz:-9.454
[16:46:31] < posz:-9.623
[16:46:31] < posz:-9.790
[16:46:32] < posz:-9.956
[16:46:32] < posz:-10.095,vel:0.00,stat:3
[16:46:32] Machine is homed. 
[16:46:33] > g91 g1 z-10 f50
[16:46:33] < tinyg [mm] ok> 
[16:46:34] < posz:-10.257,vel:50.00,stat:5
[16:46:34] < posz:-10.425
[16:46:34] < posz:-10.592
[16:46:34] < posz:-10.758
[16:46:35] < posz:-10.926
[16:46:35] < posz:-11.095
[16:46:35] < posz:-11.262
[16:46:35] < posz:-11.429
[16:46:35] < posz:-11.596
[16:46:36] < posz:-11.765
[16:46:36] < posz:-11.932
[16:46:36] < posz:-12.099
[16:46:36] < posz:-12.266
[16:46:36] < posz:-12.435
[16:46:37] < posz:-12.603
[16:46:37] < posz:-12.770
[16:46:37] < posz:-12.936
[16:46:37] < posz:-13.105
[16:46:37] < posz:-13.273
[16:46:38] < posz:-13.439
[16:46:38] < posz:-13.607
[16:46:38] < posz:-13.774
[16:46:38] < posz:-13.940
[16:46:38] < posz:-14.108
[16:46:39] < posz:-14.274
[16:46:39] < posz:-14.442
[16:46:39] < posz:-14.608
[16:46:39] < posz:-14.776
[16:46:39] < posz:-14.942
[16:46:40] < posz:-15.109
[16:46:40] < posz:-15.276
[16:46:40] < posz:-15.443
[16:46:40] < posz:-15.610
[16:46:40] < posz:-15.777
[16:46:41] < posz:-15.943
[16:46:41] < posz:-16.111
[16:46:41] < posz:-16.277
[16:46:41] < posz:-16.444
[16:46:41] < posz:-16.611
[16:46:42] < posz:-16.778
[16:46:42] < posz:-16.944
[16:46:42] < posz:-17.111
[16:46:42] < posz:-17.278
[16:46:42] < posz:-17.445
[16:46:43] < posz:-17.611
[16:46:43] < posz:-17.779
[16:46:43] < posz:-17.947
[16:46:43] < posz:-18.115
[16:46:43] < posz:-18.281
[16:46:44] < posz:-18.448
[16:46:44] < posz:-18.614
[16:46:44] < posz:-18.782
[16:46:44] < posz:-18.948
[16:46:44] < posz:-19.115
[16:46:45] < posz:-19.282
[16:46:45] < posz:-19.449
[16:46:45] < posz:-19.615
[16:46:45] < posz:-19.783
[16:46:45] < posz:-19.949
[16:46:46] < posz:-20.095,vel:0.00,stat:3
[16:46:46] Machine is homed. 
[16:46:47] > g91 g1 z-10 f500
[16:46:47] < tinyg [mm] ok> 
[16:46:48] < posz:-21.584,feed:500.00,vel:500.00,stat:5
[16:46:48] < posz:-23.246
[16:46:48] < posz:-24.932
[16:46:48] < posz:-26.606
[16:46:49] < posz:-28.268
[16:46:49] < posz:-29.942,vel:497.68
[16:46:49] < posz:-30.095,vel:0.00,stat:3
[16:46:49] Machine is homed. 
[16:47:13] > g91 g1 z-1 f50
[16:47:13] < tinyg [mm] ok> 
[16:47:13] < posz:-30.257,feed:50.00,vel:50.00,stat:5
[16:47:13] < posz:-30.424
[16:47:13] < posz:-30.592
[16:47:14] < posz:-30.758
[16:47:14] < posz:-30.925
[16:47:14] < posz:-31.093,vel:38.24
[16:47:14] < posz:-31.095,vel:0.00,stat:3
[16:47:14] Machine is homed. 
[16:47:17] > g91 g1 z-1 f50
[16:47:17] < tinyg [mm] ok> 
[16:47:17] < posz:-31.257,vel:50.00,stat:5
[16:47:17] < posz:-31.424
[16:47:18] < posz:-31.592
[16:47:18] < posz:-31.758
[16:47:18] < posz:-31.925
[16:47:18] < posz:-32.093,vel:38.24
[16:47:18] < posz:-32.095,vel:0.00,stat:3
[16:47:18] Machine is homed. 
[16:47:19] > g91 g1 z-1 f50
[16:47:19] < tinyg [mm] ok> 
[16:47:19] < posz:-32.257,vel:50.00,stat:5
[16:47:19] < posz:-32.424
[16:47:19] < posz:-32.591
[16:47:20] < posz:-32.757
[16:47:20] < posz:-32.924
[16:47:20] < posz:-33.093,vel:38.24
[16:47:20] < posz:-33.095,vel:0.00,stat:3
[16:47:20] Machine is homed. 
[16:47:20] > 
[16:47:22] > g91 g1 z-1 f50
[16:47:22] < tinyg [mm] ok> 
[16:47:22] < posz:-33.257,vel:50.00,stat:5
[16:47:22] < posz:-33.424
[16:47:23] < posz:-33.591
[16:47:23] < posz:-33.757
[16:47:23] < posz:-33.924
[16:47:23] < posz:-34.093,vel:38.24
[16:47:23] < posz:-34.095,vel:0.00,stat:3
[16:47:23] Machine is homed. 
[16:47:24] > g91 g1 z-1 f50
[16:47:24] < tinyg [mm] ok> 
[16:47:24] < posz:-34.257,vel:50.00,stat:5
[16:47:24] < posz:-34.424
[16:47:25] < posz:-34.591
[16:47:25] < posz:-34.757
[16:47:25] < posz:-34.924
[16:47:25] < posz:-35.093,vel:38.24
[16:47:25] < posz:-35.095,vel:0.00,stat:3
[16:47:25] Machine is homed. 
[16:47:37] > g91 g1 z-2 f50
[16:47:37] < tinyg [mm] ok> 
[16:47:37] < posz:-35.257,vel:50.00,stat:5
[16:47:37] < posz:-35.425
[16:47:37] < posz:-35.593
[16:47:38] < posz:-35.759
[16:47:38] < posz:-35.927
[16:47:38] < posz:-36.096
[16:47:38] < posz:-36.263
[16:47:38] < posz:-36.430
[16:47:39] < posz:-36.597
[16:47:39] < posz:-36.766
[16:47:39] < posz:-36.934
[16:47:39] < posz:-37.095,vel:5.18
[16:47:39] < vel:0.00,stat:3
[16:47:39] Machine is homed. 
[16:47:40] > g91 g1 z-2 f50
[16:47:40] < tinyg [mm] ok> 
[16:47:41] < posz:-37.257,vel:50.00,stat:5
[16:47:41] < posz:-37.425
[16:47:41] < posz:-37.593
[16:47:41] < posz:-37.759
[16:47:41] < posz:-37.927
[16:47:42] < posz:-38.096
[16:47:42] < posz:-38.263
[16:47:42] < posz:-38.430
[16:47:42] < posz:-38.597
[16:47:42] < posz:-38.766
[16:47:43] < posz:-38.934
[16:47:43] < posz:-39.095,vel:5.18
[16:47:43] < vel:0.00,stat:3
[16:47:43] Machine is homed. 
[16:47:46] > g91 g1 z-1 f50
[16:47:46] < tinyg [mm] ok> 
[16:47:46] < posz:-39.257,vel:50.00,stat:5
[16:47:46] < posz:-39.424
[16:47:46] < posz:-39.591
[16:47:47] < posz:-39.757
[16:47:47] < posz:-39.924
[16:47:47] < posz:-40.093,vel:38.24
[16:47:47] < posz:-40.095,vel:0.00,stat:3
[16:47:47] Machine is homed. 
[16:47:50] > g91 g1 z-1 f50
[16:47:50] < tinyg [mm] ok> 
[16:47:50] < posz:-40.257,vel:50.00,stat:5
[16:47:51] < posz:-40.424
[16:47:51] < posz:-40.591
[16:47:51] < posz:-40.757
[16:47:51] < posz:-40.924
[16:47:51] < posz:-41.093,vel:38.24
[16:47:52] < posz:-41.095,vel:0.00,stat:3
[16:47:52] Machine is homed. 
[16:47:59] > g91 g1 z.05 f50
[16:47:59] < tinyg [mm] ok> 
[16:47:59] < posz:-41.045,stat:3
[16:47:59] Machine is homed. 
[16:48:07] > g91 g1 z.05 f50
[16:48:07] < tinyg [mm] ok> 
[16:48:07] < posz:-40.995,stat:3
[16:48:07] Machine is homed. 
[16:48:10] > g91 g1 z.05 f50
[16:48:10] < tinyg [mm] ok> 
[16:48:10] < posz:-40.945,stat:3
[16:48:10] Machine is homed. 
[16:48:11] > g91 g1 z.05 f50
[16:48:11] < tinyg [mm] ok> 
[16:48:12] < posz:-40.895,stat:3
[16:48:12] Machine is homed. 
[16:48:14] > g91 g1 z.05 f50
[16:48:14] < tinyg [mm] ok> 
[16:48:14] < posz:-40.845,stat:3
[16:48:14] Machine is homed. 
[16:48:15] > g91 g1 z.05 f50
[16:48:15] < tinyg [mm] ok> 
[16:48:15] < posz:-40.795,stat:3
[16:48:15] Machine is homed. 
[16:48:16] > g91 g1 z.05 f50
[16:48:16] < tinyg [mm] ok> 
[16:48:16] < posz:-40.745,stat:3
[16:48:16] Machine is homed. 
[16:48:27] > g91 g1 z-.05 f50
[16:48:27] < tinyg [mm] ok> 
[16:48:27] < posz:-40.795,stat:3
[16:48:27] Machine is homed. 
[16:48:28] > g91 g1 z-.05 f50
[16:48:28] < tinyg [mm] ok> 
[16:48:28] < posz:-40.845,stat:3
[16:48:28] Machine is homed. 
[16:48:32] > g91 g1 z-.05 f50
[16:48:32] < tinyg [mm] ok> 
[16:48:32] < posz:-40.895,stat:3
[16:48:32] Machine is homed. 
[16:58:57] Connected to Serial on port COM6
[16:58:57] < {"r":{"fv":0.98,"fb":86.03,"hp":3,"hv":0,"id":"0213-0215-0515","msg":"SYSTEM READY"},"f":[1,0,1]}
[16:58:57] < [ej]  enable json mode            0 [0=text,1=JSON]
[16:58:57] < tinyg [mm] ok> 
[16:58:59] Loading file...
[16:59:04] File to load: C:\Github\MaterialProfiles\data - M5.2\data\init.json
[16:59:04] Loading File... 
[16:59:04] JSON Loaded... 
[16:59:05] Dumping init file... 
[16:59:05] < {"r":{"js":1},"f":[1,0,9]}
[16:59:05] < {"r":{"gpa":1},"f":[1,0,10]}
[16:59:05] < {"r":{"gun":1},"f":[1,0,10]}
[16:59:05] < {"r":{"ja":0.20},"f":[1,0,11]}
[16:59:05] < {"r":{"si":200},"f":[1,0,11]}
[16:59:05] < {"r":{"jv":5},"f":[1,0,9]}
[16:59:05] < {"r":{"mt":1},"f":[1,0,9]}
[16:59:05] < {"r":{"1ma":1},"f":[1,0,10]}
[16:59:05] < {"r":{"2ma":2},"f":[1,0,10]}
[16:59:05] < {"r":{"3ma":0},"f":[1,0,10]}
[16:59:05] < {"r":{"4ma":3},"f":[1,0,10]}
[16:59:05] < {"r":{"1po":0},"f":[1,0,10]}
[16:59:05] < {"r":{"2po":0},"f":[1,0,10]}
[16:59:05] < {"r":{"3po":1},"f":[1,0,10]}
[16:59:05] < {"r":{"4po":0},"f":[1,0,10]}
[16:59:05] < {"r":{"2tr":1.0000},"f":[1,0,10]}
[16:59:05] < {"r":{"3tr":15.9593},"f":[1,0,26]}
[16:59:05] < {"r":{"4tr":9.2000},"f":[1,0,12]}
[16:59:05] < {"r":{"1pl":0.000},"f":[1,0,10]}
[16:59:05] < {"r":{"2pl":1.000},"f":[1,0,10]}
[16:59:05] < {"r":{"3pl":0.000},"f":[1,0,10]}
[16:59:05] < {"r":{"4pl":0.000},"f":[1,0,10]}
[16:59:05] < {"r":{"1pm":0},"f":[1,0,10]}
[16:59:05] < {"r":{"2pm":2},"f":[1,0,10]}
[16:59:05] < {"r":{"3pm":1},"f":[1,0,10]}
[16:59:05] < {"r":{"4pm":1},"f":[1,0,10]}
[16:59:05] < {"r":{"2sa":1.800},"f":[1,0,12]}
[16:59:05] < {"r":{"3sa":1.800},"f":[1,0,12]}
[16:59:05] < {"r":{"4sa":1.800},"f":[1,0,12]}
[16:59:05] < {"r":{"2mi":8},"f":[1,0,10]}
[16:59:05] < {"r":{"3mi":10,"msg":"*** WARNING *** Setting non-standard microstep value"},"f":[1,0,11]}
[16:59:05] < {"r":{"4mi":10,"msg":"*** WARNING *** Setting non-standard microstep value"},"f":[1,0,11]}
[16:59:05] < {"r":{"xam":1},"f":[1,0,10]}
[16:59:05] < {"r":{"xvm":10000},"f":[1,0,14]}
[16:59:05] < {"r":{"xfr":10000},"f":[1,0,14]}
[16:59:05] < {"r":{"xjm":20000},"f":[1,0,14]}
[16:59:05] < {"r":{"yam":0},"f":[1,0,10]}
[16:59:05] < {"r":{"zam":1},"f":[1,0,10]}
[16:59:05] < {"r":{"zvm":650},"f":[1,0,12]}
[16:59:05] < {"r":{"zfr":650},"f":[1,0,12]}
[16:59:05] < {"r":{"zjm":5000},"f":[1,0,13]}
[16:59:05] < {"r":{"aam":1},"f":[1,0,10]}
[16:59:05] < {"r":{"avm":10000},"f":[1,0,14]}
[16:59:05] < {"r":{"afr":10000},"f":[1,0,14]}
[16:59:05] < {"r":{"ajm":10000},"f":[1,0,14]}
[16:59:05] < {"r":{"di2mo":-1},"f":[1,0,13]}
[16:59:05] < {"r":{"di8mo":-1},"f":[1,0,13]}
[16:59:05] < {"r":{"xhi":0},"f":[1,0,10]}
[16:59:05] < {"r":{"yhi":0},"f":[1,0,10]}
[16:59:05] < {"r":{"zhi":0},"f":[1,0,10]}
[16:59:05] < {"r":{"bhi":0},"f":[1,0,10]}
[16:59:05] < {"r":{"chi":0},"f":[1,0,10]}
[16:59:05] < {"r":{"di1mo":0},"f":[1,0,12]}
[16:59:05] < {"r":{"di1ac":0},"f":[1,0,12]}
[16:59:05] < {"r":{"di1fn":0},"f":[1,0,12]}
[16:59:05] < {"r":{"ahi":1},"f":[1,0,10]}
[16:59:05] < {"r":{"ahd":1},"f":[1,0,10]}
[16:59:05] < {"r":{"asv":2000},"f":[1,0,13]}
[16:59:05] < {"r":{"alv":500.00},"f":[1,0,12]}
[16:59:05] < {"r":{"alb":20.000},"f":[1,0,11]}
[16:59:05] < {"r":{"ajh":10000},"f":[1,0,14]}
[16:59:05] < {"r":{"di5mo":0},"f":[1,0,12]}
[16:59:05] < {"r":{"di5ac":0},"f":[1,0,12]}
[16:59:05] < {"r":{"di5fn":0},"f":[1,0,12]}
[16:59:05] < {"r":{"zhi":5},"f":[1,0,10]}
[16:59:05] < {"r":{"zhd":1},"f":[1,0,10]}
[16:59:05] < {"r":{"zsv":500},"f":[1,0,12]}
[16:59:05] < {"r":{"zlv":50.00},"f":[1,0,11]}
[16:59:05] < {"r":{"zlb":3.000},"f":[1,0,10]}
[16:59:05] < {"r":{"ajh":10000},"f":[1,0,14]}
[16:59:05] < {"r":{"sl":1},"f":[1,0,9]}
[16:59:05] < {"r":{"atm":3600.000},"f":[1,0,13]}
[16:59:05] < {"r":{"atn":-3600.000},"f":[1,0,14]}
[16:59:05] < {"r":{"xtm":90000.000},"f":[1,0,14]}
[16:59:05] < {"r":{"xtn":-90000.000},"f":[1,0,15]}
[16:59:05] < {"r":{"ztm":5.000},"f":[1,0,10]}
[16:59:05] < {"r":{"ztn":-19.000},"f":[1,0,12]}
[16:59:05] < {"r":{"azb":0.000},"f":[1,0,10]}
[16:59:05] < [ej]  enable json mode            0 [0=text,1=JSON]
[16:59:05] < tinyg [mm] ok> 
[16:59:05] < line:0,posx:0.000,posy:0.000,posz:0.000,posa:0.000,feed:0.00,vel:0.00,unit:1,coor:1,dist:0,admo:1,frmo:1,momo:4,stat:1
[16:59:12] > g91 g1 z.05 f50
[16:59:12] < tinyg [mm] ok> 
[16:59:12] < posz:0.050,feed:50.00,dist:1,momo:1,stat:3
[16:59:12] Machine is homed. 
[16:59:13] > g91 g1 z.05 f50
[16:59:13] < tinyg [mm] ok> 
[16:59:13] < posz:0.100,stat:3
[16:59:13] Machine is homed. 
[16:59:13] > g91 g1 z.05 f50
[16:59:13] < tinyg [mm] ok> 
[16:59:14] < posz:0.150,stat:3
[16:59:14] Machine is homed. 
[16:59:19] > g91 g1 z5 f50
[16:59:19] < tinyg [mm] ok> 
[16:59:19] < posz:0.312,vel:50.00,stat:5
[16:59:19] < posz:0.480
[16:59:20] < posz:0.647
[16:59:20] < posz:0.813
[16:59:20] < posz:0.981
[16:59:20] < posz:1.147
[16:59:20] < posz:1.315
[16:59:21] < posz:1.483
[16:59:21] < posz:1.651
[16:59:21] < posz:1.817
[16:59:21] < posz:1.984
[16:59:21] < posz:2.153
[16:59:22] < posz:2.321
[16:59:22] < posz:2.487
[16:59:22] < posz:2.654
[16:59:22] < posz:2.823
[16:59:22] < posz:2.991
[16:59:23] < posz:3.157
[16:59:23] < posz:3.324
[16:59:23] < posz:3.493
[16:59:23] < posz:3.660
[16:59:23] < posz:3.827
[16:59:24] < posz:3.994
[16:59:24] < posz:4.163
[16:59:24] < posz:4.330
[16:59:24] < posz:4.497
[16:59:24] < posz:4.664
[16:59:25] < posz:4.833
[16:59:25] < posz:5.000
[16:59:25] < posz:5.150,vel:0.00,stat:3
[16:59:25] Machine is homed. 
[16:59:36] > g91 g1 z10 f50
[16:59:37] < tinyg [mm] ok> 
[16:59:37] < posz:5.312,vel:50.00,stat:5
[16:59:37] < posz:5.480
[16:59:37] < posz:5.647
[16:59:37] < posz:5.813
[16:59:38] < posz:5.981
[16:59:38] < posz:6.150
[16:59:38] < posz:6.317
[16:59:38] < posz:6.483
[16:59:38] < posz:6.651
[16:59:39] < posz:6.819
[16:59:39] < posz:6.987
[16:59:39] < posz:7.153
[16:59:39] < posz:7.321
[16:59:39] < posz:7.489
[16:59:40] < posz:7.657
[16:59:40] < posz:7.823
[16:59:40] < posz:7.991
[16:59:40] < posz:8.159
[16:59:40] < posz:8.327
[16:59:41] < posz:8.493
[16:59:41] < posz:8.661
[16:59:41] < posz:8.829
[16:59:41] < posz:8.997
[16:59:41] < posz:9.163
[16:59:42] < posz:9.331
[16:59:42] < posz:9.500
[16:59:42] < posz:9.667
[16:59:42] < posz:9.833
[16:59:42] < posz:10.001
[16:59:43] < posz:10.168
[16:59:43] < posz:10.335
[16:59:43] < posz:10.502
[16:59:43] < posz:10.669
[16:59:43] < posz:10.836
[16:59:44] < posz:11.002
[16:59:44] < posz:11.170
[16:59:44] < posz:11.336
[16:59:44] < posz:11.504
[16:59:44] < posz:11.670
[16:59:45] < posz:11.838
[16:59:45] < posz:12.004
[16:59:45] < posz:12.171
[16:59:45] < posz:12.338
[16:59:45] < posz:12.505
[16:59:46] < posz:12.672
[16:59:46] < posz:12.839
[16:59:46] < posz:13.005
[16:59:46] < posz:13.173
[16:59:46] < posz:13.339
[16:59:47] < posz:13.507
[16:59:47] < posz:13.673
[16:59:47] < posz:13.841
[16:59:47] < posz:14.007
[16:59:47] < posz:14.174
[16:59:48] < posz:14.343
[16:59:48] < posz:14.511
[16:59:48] < posz:14.677
[16:59:48] < posz:14.844
[16:59:48] < posz:15.011
[16:59:49] < posz:15.150,vel:0.00,stat:3
[16:59:49] Machine is homed. 
[16:59:57] > g91 g1 z10 f50
[16:59:57] < tinyg [mm] ok> 
[16:59:57] < posz:15.312,vel:50.00,stat:5
[16:59:57] < posz:15.480
[16:59:57] < posz:15.647
[16:59:57] < posz:15.814
[16:59:58] < posz:15.981
[16:59:58] < posz:16.150
[16:59:58] < posz:16.317
[16:59:58] < posz:16.483
[16:59:58] < posz:16.651
[16:59:59] < posz:16.819
[16:59:59] < posz:16.987
[16:59:59] < posz:17.153
[16:59:59] < posz:17.320
[16:59:59] < posz:17.489
[17:00:00] < posz:17.657
[17:00:00] < posz:17.823
[17:00:00] < posz:17.990
[17:00:00] < posz:18.159
[17:00:00] < posz:18.326
[17:00:01] < posz:18.492
[17:00:01] < posz:18.660
[17:00:01] < posz:18.828
[17:00:01] < posz:18.996
[17:00:01] < posz:19.162
[17:00:02] < posz:19.329
[17:00:02] < posz:19.498
[17:00:02] < posz:19.665
[17:00:02] < posz:19.832
[17:00:03] < posz:19.999
[17:00:03] < posz:20.166
[17:00:03] < posz:20.333
[17:00:03] < posz:20.500
[17:00:03] < posz:20.666
[17:00:04] < posz:20.834
[17:00:04] < posz:21.000
[17:00:04] < posz:21.167
[17:00:04] < posz:21.333
[17:00:04] < posz:21.501
[17:00:05] < posz:21.667
[17:00:05] < posz:21.834
[17:00:05] < posz:22.000
[17:00:05] < posz:22.168
[17:00:05] < posz:22.334
[17:00:06] < posz:22.501
[17:00:06] < posz:22.668
[17:00:06] < posz:22.835
[17:00:06] < posz:23.001
[17:00:06] < posz:23.168
[17:00:07] < posz:23.335
[17:00:07] < posz:23.502
[17:00:07] < posz:23.668
[17:00:07] < posz:23.836
[17:00:07] < posz:24.002
[17:00:08] < posz:24.169
[17:00:08] < posz:24.335
[17:00:08] < posz:24.503
[17:00:08] < posz:24.669
[17:00:08] < posz:24.836
[17:00:09] < posz:25.005
[17:00:09] < posz:25.150,vel:0.00,stat:3
[17:00:09] Machine is homed. 
[17:04:55] Connected to Serial on port COM6
[17:04:55] < {"r":{"fv":0.98,"fb":86.03,"hp":3,"hv":0,"id":"0213-0215-0515","msg":"SYSTEM READY"},"f":[1,0,1]}
[17:04:55] < [ej]  enable json mode            0 [0=text,1=JSON]
[17:04:55] < tinyg [mm] ok> 
[17:04:56] Re-Dumping file C:\Github\MaterialProfiles\data - M5.2\data\init.json ...
[17:04:56] Loading File... 
[17:04:57] JSON Loaded... 
[17:04:57] Dumping init file... 
[17:04:57] < {"r":{"js":1},"f":[1,0,9]}
[17:04:57] < {"r":{"gpa":1},"f":[1,0,10]}
[17:04:57] < {"r":{"gun":1},"f":[1,0,10]}
[17:04:57] < {"r":{"ja":0.20},"f":[1,0,11]}
[17:04:57] < {"r":{"si":200},"f":[1,0,11]}
[17:04:57] < {"r":{"jv":5},"f":[1,0,9]}
[17:04:57] < {"r":{"mt":1},"f":[1,0,9]}
[17:04:57] < {"r":{"1ma":1},"f":[1,0,10]}
[17:04:57] < {"r":{"2ma":2},"f":[1,0,10]}
[17:04:57] < {"r":{"3ma":0},"f":[1,0,10]}
[17:04:57] < {"r":{"4ma":3},"f":[1,0,10]}
[17:04:57] < {"r":{"1po":0},"f":[1,0,10]}
[17:04:57] < {"r":{"2po":0},"f":[1,0,10]}
[17:04:57] < {"r":{"3po":1},"f":[1,0,10]}
[17:04:57] < {"r":{"4po":0},"f":[1,0,10]}
[17:04:57] < {"r":{"2tr":1.0000},"f":[1,0,10]}
[17:04:57] < {"r":{"3tr":15.9593},"f":[1,0,26]}
[17:04:57] < {"r":{"4tr":9.2000},"f":[1,0,12]}
[17:04:57] < {"r":{"1pl":0.000},"f":[1,0,10]}
[17:04:57] < {"r":{"2pl":1.000},"f":[1,0,10]}
[17:04:57] < {"r":{"3pl":0.000},"f":[1,0,10]}
[17:04:57] < {"r":{"4pl":0.000},"f":[1,0,10]}
[17:04:57] < {"r":{"1pm":0},"f":[1,0,10]}
[17:04:57] < {"r":{"2pm":2},"f":[1,0,10]}
[17:04:57] < {"r":{"3pm":1},"f":[1,0,10]}
[17:04:57] < {"r":{"4pm":1},"f":[1,0,10]}
[17:04:57] < {"r":{"2sa":1.800},"f":[1,0,12]}
[17:04:57] < {"r":{"3sa":1.800},"f":[1,0,12]}
[17:04:57] < {"r":{"4sa":1.800},"f":[1,0,12]}
[17:04:57] < {"r":{"2mi":8},"f":[1,0,10]}
[17:04:57] < {"r":{"3mi":10,"msg":"*** WARNING *** Setting non-standard microstep value"},"f":[1,0,11]}
[17:04:57] < {"r":{"4mi":10,"msg":"*** WARNING *** Setting non-standard microstep value"},"f":[1,0,11]}
[17:04:57] < {"r":{"xam":1},"f":[1,0,10]}
[17:04:57] < {"r":{"xvm":10000},"f":[1,0,14]}
[17:04:57] < {"r":{"xfr":10000},"f":[1,0,14]}
[17:04:57] < {"r":{"xjm":20000},"f":[1,0,14]}
[17:04:57] < {"r":{"yam":0},"f":[1,0,10]}
[17:04:57] < {"r":{"zam":1},"f":[1,0,10]}
[17:04:57] < {"r":{"zvm":650},"f":[1,0,12]}
[17:04:57] < {"r":{"zfr":650},"f":[1,0,12]}
[17:04:57] < {"r":{"zjm":5000},"f":[1,0,13]}
[17:04:57] < {"r":{"aam":1},"f":[1,0,10]}
[17:04:57] < {"r":{"avm":10000},"f":[1,0,14]}
[17:04:57] < {"r":{"afr":10000},"f":[1,0,14]}
[17:04:57] < {"r":{"ajm":10000},"f":[1,0,14]}
[17:04:57] < {"r":{"di2mo":-1},"f":[1,0,13]}
[17:04:57] < {"r":{"di8mo":-1},"f":[1,0,13]}
[17:04:57] < {"r":{"xhi":0},"f":[1,0,10]}
[17:04:57] < {"r":{"yhi":0},"f":[1,0,10]}
[17:04:57] < {"r":{"zhi":0},"f":[1,0,10]}
[17:04:57] < {"r":{"bhi":0},"f":[1,0,10]}
[17:04:57] < {"r":{"chi":0},"f":[1,0,10]}
[17:04:57] < {"r":{"di1mo":0},"f":[1,0,12]}
[17:04:57] < {"r":{"di1ac":0},"f":[1,0,12]}
[17:04:57] < {"r":{"di1fn":0},"f":[1,0,12]}
[17:04:57] < {"r":{"ahi":1},"f":[1,0,10]}
[17:04:57] < {"r":{"ahd":1},"f":[1,0,10]}
[17:04:57] < {"r":{"asv":2000},"f":[1,0,13]}
[17:04:57] < {"r":{"alv":500.00},"f":[1,0,12]}
[17:04:57] < {"r":{"alb":20.000},"f":[1,0,11]}
[17:04:57] < {"r":{"ajh":10000},"f":[1,0,14]}
[17:04:57] < {"r":{"di5mo":0},"f":[1,0,12]}
[17:04:57] < {"r":{"di5ac":0},"f":[1,0,12]}
[17:04:57] < {"r":{"di5fn":0},"f":[1,0,12]}
[17:04:57] < {"r":{"zhi":5},"f":[1,0,10]}
[17:04:57] < {"r":{"zhd":1},"f":[1,0,10]}
[17:04:57] < {"r":{"zsv":500},"f":[1,0,12]}
[17:04:57] < {"r":{"zlv":50.00},"f":[1,0,11]}
[17:04:57] < {"r":{"zlb":3.000},"f":[1,0,10]}
[17:04:57] < {"r":{"ajh":10000},"f":[1,0,14]}
[17:04:57] < {"r":{"sl":1},"f":[1,0,9]}
[17:04:57] < {"r":{"atm":3600.000},"f":[1,0,13]}
[17:04:57] < {"r":{"atn":-3600.000},"f":[1,0,14]}
[17:04:57] < {"r":{"xtm":90000.000},"f":[1,0,14]}
[17:04:57] < {"r":{"xtn":-90000.000},"f":[1,0,15]}
[17:04:57] < {"r":{"ztm":5.000},"f":[1,0,10]}
[17:04:57] < {"r":{"ztn":-19.000},"f":[1,0,12]}
[17:04:57] < {"r":{"azb":0.000},"f":[1,0,10]}
[17:04:57] < [ej]  enable json mode            0 [0=text,1=JSON]
[17:04:57] < tinyg [mm] ok> 
[17:04:57] < line:0,posx:0.000,posy:0.000,posz:0.000,posa:0.000,feed:0.00,vel:0.00,unit:1,coor:1,dist:0,admo:1,frmo:1,momo:4,stat:1
[17:05:07] > g91 g1 z1 f50
[17:05:07] < tinyg [mm] ok> 
[17:05:07] < posz:0.162,feed:50.00,vel:50.00,dist:1,momo:1,stat:5
[17:05:07] < posz:0.330
[17:05:08] < posz:0.497
[17:05:08] < posz:0.663
[17:05:08] < posz:0.830
[17:05:08] < posz:0.998,vel:38.24
[17:05:08] < posz:1.000,vel:0.00,stat:3
[17:05:08] Machine is homed. 
[17:05:13] > g91 g1 z-1 f50
[17:05:13] < tinyg [mm] ok> 
[17:05:13] < posz:0.838,vel:50.00,stat:5
[17:05:13] < posz:0.670
[17:05:14] < posz:0.503
[17:05:14] < posz:0.337
[17:05:14] < posz:0.170
[17:05:14] < posz:0.002,vel:38.24
[17:05:14] < posz:0.000,vel:0.00,stat:3
[17:05:14] Machine is homed. 
[17:05:16] > g91 g1 z-1 f50
[17:05:16] < tinyg [mm] ok> 
[17:05:16] < posz:-0.162,vel:50.00,stat:5
[17:05:17] < posz:-0.330
[17:05:17] < posz:-0.497
[17:05:17] < posz:-0.663
[17:05:17] < posz:-0.830
[17:05:17] < posz:-0.998,vel:38.24
[17:05:18] < posz:-1.000,vel:0.00,stat:3
[17:05:18] Machine is homed. 
[17:05:22] > g91 g1 z-10 f50
[17:05:22] < tinyg [mm] ok> 
[17:05:22] < posz:-1.162,vel:50.00,stat:5
[17:05:22] < posz:-1.330
[17:05:23] < posz:-1.497
[17:05:23] < posz:-1.663
[17:05:23] < posz:-1.831
[17:05:23] < posz:-2.000
[17:05:23] < posz:-2.167
[17:05:24] < posz:-2.333
[17:05:24] < posz:-2.501
[17:05:24] < posz:-2.670
[17:05:24] < posz:-2.837
[17:05:24] < posz:-3.003
[17:05:25] < posz:-3.171
[17:05:25] < posz:-3.339
[17:05:25] < posz:-3.507
[17:05:25] < posz:-3.673
[17:05:25] < posz:-3.841
[17:05:26] < posz:-4.009
[17:05:26] < posz:-4.177
[17:05:26] < posz:-4.343
[17:05:26] < posz:-4.511
[17:05:26] < posz:-4.678
[17:05:27] < posz:-4.844
[17:05:27] < posz:-5.012
[17:05:27] < posz:-5.178
[17:05:27] < posz:-5.345
[17:05:27] < posz:-5.512
[17:05:28] < posz:-5.679
[17:05:28] < posz:-5.845
[17:05:28] < posz:-6.013
[17:05:28] < posz:-6.179
[17:05:28] < posz:-6.346
[17:05:29] < posz:-6.513
[17:05:29] < posz:-6.680
[17:05:29] < posz:-6.846
[17:05:29] < posz:-7.014
[17:05:29] < posz:-7.180
[17:05:30] < posz:-7.348
[17:05:30] < posz:-7.514
[17:05:30] < posz:-7.681
[17:05:30] < posz:-7.847
[17:05:30] < posz:-8.015
[17:05:31] < posz:-8.181
[17:05:31] < posz:-8.349
[17:05:31] < posz:-8.515
[17:05:31] < posz:-8.683
[17:05:31] < posz:-8.849
[17:05:32] < posz:-9.016
[17:05:32] < posz:-9.183
[17:05:32] < posz:-9.350
[17:05:32] < posz:-9.519
[17:05:32] < posz:-9.687
[17:05:33] < posz:-9.853
[17:05:33] < posz:-10.020
[17:05:33] < posz:-10.189
[17:05:33] < posz:-10.357
[17:05:33] < posz:-10.523
[17:05:34] < posz:-10.691
[17:05:34] < posz:-10.859
[17:05:34] < posz:-11.000,vel:0.00,stat:3
[17:05:34] Machine is homed. 
[17:05:43] > g91 g1 z-5 f50
[17:05:43] < tinyg [mm] ok> 
[17:05:44] < posz:-11.162,vel:50.00,stat:5
[17:05:44] < posz:-11.330
[17:05:44] < posz:-11.497
[17:05:44] < posz:-11.664
[17:05:44] < posz:-11.831
[17:05:45] < posz:-12.000
[17:05:45] < posz:-12.168
[17:05:45] < posz:-12.334
[17:05:45] < posz:-12.501
[17:05:45] < posz:-12.670
[17:05:46] < posz:-12.838
[17:05:46] < posz:-13.004
[17:05:46] < posz:-13.171
[17:05:46] < posz:-13.340
[17:05:46] < posz:-13.508
[17:05:47] < posz:-13.674
[17:05:47] < posz:-13.842
[17:05:47] < posz:-14.010
[17:05:47] < posz:-14.178
[17:05:47] < posz:-14.344
[17:05:48] < posz:-14.512
[17:05:48] < posz:-14.681
[17:05:48] < posz:-14.848
[17:05:48] < posz:-15.014
[17:05:48] < posz:-15.182
[17:05:49] < posz:-15.351
[17:05:49] < posz:-15.518
[17:05:49] < posz:-15.685
[17:05:49] < posz:-15.852
[17:05:49] < posz:-16.000,vel:0.00,stat:3
[17:05:49] Machine is homed. 
[17:06:18] > g91 g1 z12 f50
[17:06:18] < tinyg [mm] ok> 
[17:06:18] < posz:-15.838,vel:50.00,stat:5
[17:06:18] < posz:-15.670
[17:06:18] < posz:-15.503
[17:06:19] < posz:-15.336
[17:06:19] < posz:-15.169
[17:06:19] < posz:-15.000
[17:06:19] < posz:-14.832
[17:06:20] < posz:-14.666
[17:06:20] < posz:-14.499
[17:06:20] < posz:-14.330
[17:06:20] < posz:-14.162
[17:06:20] < posz:-13.996
[17:06:21] < posz:-13.829
[17:06:21] < posz:-13.660
[17:06:21] Halt and flush: !%
[17:06:21] < posz:-13.637,vel:0.00,stat:3
[17:06:21] Machine is homed. 
[17:06:32] > g91 g1 z13 f150
[17:06:32] < tinyg [mm] ok> 
[17:06:32] < posz:-13.164,feed:150.00,vel:150.00,stat:5
[17:06:32] < posz:-12.662
[17:06:33] < posz:-12.159
[17:06:33] < posz:-11.661
[17:06:33] < posz:-11.158
[17:06:33] < posz:-10.652
[17:06:33] < posz:-10.150
[17:06:34] < posz:-9.651
[17:06:34] < posz:-9.149
[17:06:34] < posz:-8.643
[17:06:34] < posz:-8.140
[17:06:34] < posz:-7.642
[17:06:35] < posz:-7.139
[17:06:35] < posz:-6.633
[17:06:35] < posz:-6.131
[17:06:35] < posz:-5.632
[17:06:35] < posz:-5.130
[17:06:36] < posz:-4.624
[17:06:36] < posz:-4.122
[17:06:36] < posz:-3.623
[17:06:36] < posz:-3.121
[17:06:36] < posz:-2.615
[17:06:37] < posz:-2.112
[17:06:37] < posz:-1.614
[17:06:37] < posz:-1.111
[17:06:37] < posz:-0.637,vel:0.00,stat:3
[17:06:37] Machine is homed. 
[17:07:10] > g91 g1 z1 f150
[17:07:10] < tinyg [mm] ok> 
[17:07:10] < posz:-0.165,vel:150.00,stat:5
[17:07:10] < posz:0.339,vel:149.10
[17:07:11] < posz:0.363,vel:0.00,stat:3
[17:07:11] Machine is homed. 
[17:07:11] > g91 g1 z1 f150
[17:07:11] < tinyg [mm] ok> 
[17:07:12] < posz:0.835,vel:150.00,stat:5
[17:07:12] < posz:1.339,vel:149.10
[17:07:12] < posz:1.363,vel:0.00,stat:3
[17:07:12] Machine is homed. 
[17:07:31] > g28.3 z3.8
[17:07:31] < tinyg [mm] ok> 


