[18:35:09] Starting Log file for session: 20201014-18359

[18:23:44] Terminal cleared and ready...
[18:23:51] > g91 g1 z10 f100
[18:23:51] < tinyg [mm] ok> 
[18:23:52] < posz:0.319,feed:100.00,vel:100.00,dist:1,momo:1,stat:5
[18:23:52] < posz:0.654
[18:23:52] < posz:0.989
[18:23:52] < posz:1.322
[18:23:52] < posz:1.657
[18:23:53] < posz:1.994
[18:23:53] < posz:2.329
[18:23:53] < posz:2.662
[18:23:53] < posz:2.997
[18:23:53] < posz:3.334
[18:23:54] < posz:3.669
[18:23:54] < posz:4.001
[18:23:54] < posz:4.336
[18:23:54] < posz:4.674
[18:23:54] < posz:5.009
[18:23:55] < posz:5.341
[18:23:55] < posz:5.676
[18:23:55] < posz:6.014
[18:23:55] < posz:6.348
[18:23:55] < posz:6.681
[18:23:56] < posz:7.016
[18:23:56] < posz:7.353
[18:23:56] < posz:7.688
[18:23:56] < posz:8.021
[18:23:56] < posz:8.356
[18:23:57] < posz:8.693
[18:23:57] < posz:9.028
[18:23:57] < posz:9.360
[18:23:57] < posz:9.695
[18:23:57] < posz:10.000,vel:0.00,stat:3
[18:23:57] Machine is homed. 
[18:24:02] > g28.2z0
[18:24:02] < tinyg [mm] ok> 
[18:24:02] < posz:8.924,feed:500.00,vel:500.00,coor:0,stat:9
[18:24:02] < posz:7.237
[18:24:02] < posz:5.562
[18:24:03] < posz:3.900
[18:24:03] < posz:2.225
[18:24:03] < posz:0.562
[18:24:03] < posz:-1.113
[18:24:03] < posz:-2.775
[18:24:04] < posz:-4.450
[18:24:04] < posz:-6.112
[18:24:04] < posz:-7.787
[18:24:04] < posz:-9.450
[18:24:04] < posz:-11.124
[18:24:05] < posz:-12.787
[18:24:05] < posz:-14.461,vel:499.53
[18:24:05] < posz:-15.000,vel:3.12
[18:24:05] < posz:-14.047,vel:167.15
[18:24:05] < posz:-14.055,feed:50.00,vel:50.00
[18:24:06] < posz:-14.223
[18:24:06] < posz:-14.390
[18:24:06] < posz:-14.556
[18:24:06] < posz:-14.724
[18:24:06] < posz:-14.890
[18:24:07] < posz:-15.000,vel:0.00
[18:24:07] < posz:-13.924,feed:500.00,vel:500.00
[18:24:07] < posz:-12.237
[18:24:07] < posz:-10.562
[18:24:07] < posz:-8.900
[18:24:08] < sz:-7.225
[18:24:08] < posz:-5.538
[18:24:08] < posz:-3.863
[18:24:08] < posz:0.000,feed:100.00,vel:0.00,coor:1,momo:4,stat:3
[18:24:08] Machine is homed. 
[18:27:31] Connected to Serial on port COM6
[18:27:31] < {"r":{"fv":0.98,"fb":86.03,"hp":3,"hv":0,"id":"0213-0215-0515","msg":"SYSTEM READY"},"f":[1,0,1]}
[18:27:31] < [ej]  enable json mode            0 [0=text,1=JSON]
[18:27:31] < tinyg [mm] ok> 
[18:27:34] Re-Dumping file C:\Users\Oscar\Desktop\init.json ...
[18:27:34] Loading File... 
[18:27:34] JSON Loaded... 
[18:27:34] Dumping init file... 
[18:27:35] < {"r":{"js":1},"f":[1,0,9]}
[18:27:35] < {"r":{"gpa":1},"f":[1,0,10]}
[18:27:35] < {"r":{"gun":1},"f":[1,0,10]}
[18:27:35] < {"r":{"ja":0.20},"f":[1,0,11]}
[18:27:35] < {"r":{"si":200},"f":[1,0,11]}
[18:27:35] < {"r":{"jv":5},"f":[1,0,9]}
[18:27:35] < {"r":{"mt":1},"f":[1,0,9]}
[18:27:35] < {"r":{"1ma":1},"f":[1,0,10]}
[18:27:35] < {"r":{"2ma":2},"f":[1,0,10]}
[18:27:35] < {"r":{"3ma":0},"f":[1,0,10]}
[18:27:35] < {"r":{"4ma":3},"f":[1,0,10]}
[18:27:35] < {"r":{"1po":0},"f":[1,0,10]}
[18:27:35] < {"r":{"2po":0},"f":[1,0,10]}
[18:27:35] < {"r":{"3po":1},"f":[1,0,10]}
[18:27:35] < {"r":{"4po":1},"f":[1,0,10]}
[18:27:35] < {"r":{"2tr":1.2500},"f":[1,0,13]}
[18:27:35] < {"r":{"3tr":15.9593},"f":[1,0,26]}
[18:27:35] < {"r":{"4tr":9.2000},"f":[1,0,12]}
[18:27:35] < {"r":{"1pl":0.000},"f":[1,0,10]}
[18:27:35] < {"r":{"2pl":1.000},"f":[1,0,10]}
[18:27:35] < {"r":{"3pl":0.000},"f":[1,0,10]}
[18:27:35] < {"r":{"4pl":0.000},"f":[1,0,10]}
[18:27:35] < {"r":{"1pm":0},"f":[1,0,10]}
[18:27:35] < {"r":{"2pm":2},"f":[1,0,10]}
[18:27:35] < {"r":{"3pm":1},"f":[1,0,10]}
[18:27:35] < {"r":{"4pm":1},"f":[1,0,10]}
[18:27:35] < {"r":{"2sa":1.800},"f":[1,0,12]}
[18:27:35] < {"r":{"3sa":1.800},"f":[1,0,12]}
[18:27:35] < {"r":{"4sa":1.800},"f":[1,0,12]}
[18:27:35] < {"r":{"2mi":8},"f":[1,0,10]}
[18:27:35] < {"r":{"3mi":10,"msg":"*** WARNING *** Setting non-standard microstep value"},"f":[1,0,11]}
[18:27:35] < {"r":{"4mi":10,"msg":"*** WARNING *** Setting non-standard microstep value"},"f":[1,0,11]}
[18:27:35] < {"r":{"xam":1},"f":[1,0,10]}
[18:27:35] < {"r":{"xvm":10000},"f":[1,0,14]}
[18:27:35] < {"r":{"xfr":10000},"f":[1,0,14]}
[18:27:35] < {"r":{"xjm":20000},"f":[1,0,14]}
[18:27:35] < {"r":{"yam":0},"f":[1,0,10]}
[18:27:35] < {"r":{"zam":1},"f":[1,0,10]}
[18:27:35] < {"r":{"zvm":850},"f":[1,0,12]}
[18:27:35] < {"r":{"zfr":850},"f":[1,0,12]}
[18:27:35] < {"r":{"zjm":5000},"f":[1,0,13]}
[18:27:35] < {"r":{"aam":1},"f":[1,0,10]}
[18:27:35] < {"r":{"avm":10000},"f":[1,0,14]}
[18:27:35] < {"r":{"afr":10000},"f":[1,0,14]}
[18:27:35] < {"r":{"ajm":10000},"f":[1,0,14]}
[18:27:35] < {"r":{"di8mo":-1},"f":[1,0,13]}
[18:27:35] < {"r":{"xhi":0},"f":[1,0,10]}
[18:27:35] < {"r":{"yhi":0},"f":[1,0,10]}
[18:27:35] < {"r":{"zhi":0},"f":[1,0,10]}
[18:27:35] < {"r":{"bhi":0},"f":[1,0,10]}
[18:27:35] < {"r":{"chi":0},"f":[1,0,10]}
[18:27:35] < {"r":{"di1mo":1},"f":[1,0,12]}
[18:27:35] < {"r":{"di1ac":0},"f":[1,0,12]}
[18:27:35] < {"r":{"di1fn":0},"f":[1,0,12]}
[18:27:35] < {"r":{"ahi":1},"f":[1,0,10]}
[18:27:35] < {"r":{"ahd":1},"f":[1,0,10]}
[18:27:35] < {"r":{"asv":2000},"f":[1,0,13]}
[18:27:35] < {"r":{"alv":500.00},"f":[1,0,12]}
[18:27:35] < {"r":{"alb":20.000},"f":[1,0,11]}
[18:27:35] < {"r":{"ajh":10000},"f":[1,0,14]}
[18:27:35] < {"r":{"di2mo":0},"f":[1,0,12]}
[18:27:35] < {"r":{"di2ac":0},"f":[1,0,12]}
[18:27:35] < {"r":{"di2fn":0},"f":[1,0,12]}
[18:27:35] < {"r":{"zhi":2},"f":[1,0,10]}
[18:27:35] < {"r":{"zhd":0},"f":[1,0,10]}
[18:27:35] < {"r":{"zsv":500},"f":[1,0,12]}
[18:27:35] < {"r":{"zlv":50.00},"f":[1,0,11]}
[18:27:35] < {"r":{"zlb":1.000},"f":[1,0,10]}
[18:27:35] < {"r":{"ajh":10000},"f":[1,0,14]}
[18:27:35] < {"r":{"sl":1},"f":[1,0,9]}
[18:27:35] < {"r":{"atm":3600.000},"f":[1,0,13]}
[18:27:35] < {"r":{"atn":-3600.000},"f":[1,0,14]}
[18:27:35] < {"r":{"xtm":90000.000},"f":[1,0,14]}
[18:27:35] < {"r":{"xtn":-90000.000},"f":[1,0,15]}
[18:27:35] < {"r":{"ztm":5.000},"f":[1,0,10]}
[18:27:35] < {"r":{"ztn":-19.000},"f":[1,0,12]}
[18:27:35] < {"r":{"azb":0.000},"f":[1,0,10]}
[18:27:35] < {"r":{"zzb":12.000},"f":[1,0,11]}
[18:27:35] < [ej]  enable json mode            0 [0=text,1=JSON]
[18:27:35] < tinyg [mm] ok> 
[18:27:35] < line:0,posx:0.000,posy:0.000,posz:0.000,posa:0.000,feed:0.00,vel:0.00,unit:1,coor:1,dist:0,admo:1,frmo:1,momo:4,stat:1
[18:27:43] > g91 g1 z-5 f100
[18:27:43] < tinyg [mm] ok> 
[18:27:44] < posz:-0.319,feed:100.00,vel:100.00,dist:1,momo:1,stat:5
[18:27:44] < posz:-0.654
[18:27:44] < posz:-0.989
[18:27:44] < posz:-1.322
[18:27:44] < posz:-1.656
[18:27:45] < posz:-1.994
[18:27:45] < posz:-2.329
[18:27:45] < posz:-2.661
[18:27:45] < posz:-2.996
[18:27:45] < posz:-3.334
[18:27:46] < posz:-3.668
[18:27:46] < posz:-4.001
[18:27:46] < posz:-4.336
[18:27:46] < posz:-4.673
[18:27:46] < posz:-5.000,vel:19.26
[18:27:47] < vel:0.00,stat:3
[18:27:47] Machine is homed. 
[18:27:47] > g91 g1 z-5 f100
[18:27:47] < tinyg [mm] ok> 
[18:27:47] < posz:-5.319,vel:100.00,stat:5
[18:27:48] < posz:-5.654
[18:27:48] < posz:-5.989
[18:27:48] < posz:-6.322
[18:27:48] < posz:-6.656
[18:27:48] < posz:-6.994
[18:27:49] < posz:-7.329
[18:27:49] < posz:-7.661
[18:27:49] < posz:-7.996
[18:27:49] < posz:-8.333
[18:27:49] < posz:-8.668
[18:27:50] < posz:-9.001
[18:27:50] < posz:-9.336
[18:27:50] < posz:-9.673
[18:27:50] < posz:-10.000,vel:19.26
[18:27:50] < vel:0.00,stat:3
[18:27:50] Machine is homed. 
[18:35:03] Connected to Serial on port COM6
[18:35:03] < {"r":{"fv":0.98,"fb":86.03,"hp":3,"hv":0,"id":"0213-0215-0515","msg":"SYSTEM READY"},"f":[1,0,1]}
[18:35:03] < [ej]  enable json mode            0 [0=text,1=JSON]
[18:35:03] < tinyg [mm] ok> 
[18:35:06] Re-Dumping file C:\Users\Oscar\Desktop\init.json ...
[18:35:06] Loading File... 
[18:35:06] JSON Loaded... 
[18:35:06] Dumping init file... 
[18:35:06] < {"r":{"js":1},"f":[1,0,9]}
[18:35:06] < {"r":{"gpa":1},"f":[1,0,10]}
[18:35:06] < {"r":{"gun":1},"f":[1,0,10]}
[18:35:06] < {"r":{"ja":0.20},"f":[1,0,11]}
[18:35:06] < {"r":{"si":200},"f":[1,0,11]}
[18:35:06] < {"r":{"jv":5},"f":[1,0,9]}
[18:35:06] < {"r":{"mt":1},"f":[1,0,9]}
[18:35:06] < {"r":{"1ma":1},"f":[1,0,10]}
[18:35:06] < {"r":{"2ma":2},"f":[1,0,10]}
[18:35:06] < {"r":{"3ma":0},"f":[1,0,10]}
[18:35:06] < {"r":{"4ma":3},"f":[1,0,10]}
[18:35:06] < {"r":{"1po":0},"f":[1,0,10]}
[18:35:06] < {"r":{"2po":0},"f":[1,0,10]}
[18:35:06] < {"r":{"3po":1},"f":[1,0,10]}
[18:35:06] < {"r":{"4po":1},"f":[1,0,10]}
[18:35:06] < {"r":{"2tr":1.2500},"f":[1,0,13]}
[18:35:06] < {"r":{"3tr":15.9593},"f":[1,0,26]}
[18:35:06] < {"r":{"4tr":9.2000},"f":[1,0,12]}
[18:35:06] < {"r":{"1pl":0.000},"f":[1,0,10]}
[18:35:06] < {"r":{"2pl":1.000},"f":[1,0,10]}
[18:35:06] < {"r":{"3pl":0.000},"f":[1,0,10]}
[18:35:06] < {"r":{"4pl":0.000},"f":[1,0,10]}
[18:35:06] < {"r":{"1pm":0},"f":[1,0,10]}
[18:35:06] < {"r":{"2pm":2},"f":[1,0,10]}
[18:35:06] < {"r":{"3pm":1},"f":[1,0,10]}
[18:35:06] < {"r":{"4pm":1},"f":[1,0,10]}
[18:35:06] < {"r":{"2sa":1.800},"f":[1,0,12]}
[18:35:06] < {"r":{"3sa":1.800},"f":[1,0,12]}
[18:35:06] < {"r":{"4sa":1.800},"f":[1,0,12]}
[18:35:06] < {"r":{"2mi":8},"f":[1,0,10]}
[18:35:06] < {"r":{"3mi":10,"msg":"*** WARNING *** Setting non-standard microstep value"},"f":[1,0,11]}
[18:35:06] < {"r":{"4mi":10,"msg":"*** WARNING *** Setting non-standard microstep value"},"f":[1,0,11]}
[18:35:06] < {"r":{"xam":1},"f":[1,0,10]}
[18:35:06] < {"r":{"xvm":10000},"f":[1,0,14]}
[18:35:06] < {"r":{"xfr":10000},"f":[1,0,14]}
[18:35:06] < {"r":{"xjm":20000},"f":[1,0,14]}
[18:35:06] < {"r":{"yam":0},"f":[1,0,10]}
[18:35:06] < {"r":{"zam":1},"f":[1,0,10]}
[18:35:06] < {"r":{"zvm":850},"f":[1,0,12]}
[18:35:06] < {"r":{"zfr":850},"f":[1,0,12]}
[18:35:06] < {"r":{"zjm":5000},"f":[1,0,13]}
[18:35:06] < {"r":{"aam":1},"f":[1,0,10]}
[18:35:06] < {"r":{"avm":10000},"f":[1,0,14]}
[18:35:06] < {"r":{"afr":10000},"f":[1,0,14]}
[18:35:06] < {"r":{"ajm":10000},"f":[1,0,14]}
[18:35:06] < {"r":{"di8mo":-1},"f":[1,0,13]}
[18:35:06] < {"r":{"xhi":0},"f":[1,0,10]}
[18:35:06] < {"r":{"yhi":0},"f":[1,0,10]}
[18:35:06] < {"r":{"zhi":0},"f":[1,0,10]}
[18:35:06] < {"r":{"bhi":0},"f":[1,0,10]}
[18:35:06] < {"r":{"chi":0},"f":[1,0,10]}
[18:35:06] < {"r":{"di1mo":1},"f":[1,0,12]}
[18:35:06] < {"r":{"di1ac":0},"f":[1,0,12]}
[18:35:06] < {"r":{"di1fn":0},"f":[1,0,12]}
[18:35:06] < {"r":{"ahi":1},"f":[1,0,10]}
[18:35:06] < {"r":{"ahd":1},"f":[1,0,10]}
[18:35:06] < {"r":{"asv":2000},"f":[1,0,13]}
[18:35:06] < {"r":{"alv":500.00},"f":[1,0,12]}
[18:35:06] < {"r":{"alb":20.000},"f":[1,0,11]}
[18:35:06] < {"r":{"ajh":10000},"f":[1,0,14]}
[18:35:06] < {"r":{"di2mo":0},"f":[1,0,12]}
[18:35:06] < {"r":{"di2ac":0},"f":[1,0,12]}
[18:35:06] < {"r":{"di2fn":0},"f":[1,0,12]}
[18:35:06] < {"r":{"zhi":2},"f":[1,0,10]}
[18:35:06] < {"r":{"zhd":0},"f":[1,0,10]}
[18:35:06] < {"r":{"zsv":500},"f":[1,0,12]}
[18:35:06] < {"r":{"zlv":50.00},"f":[1,0,11]}
[18:35:06] < {"r":{"zlb":1.000},"f":[1,0,10]}
[18:35:06] < {"r":{"ajh":10000},"f":[1,0,14]}
[18:35:06] < {"r":{"sl":1},"f":[1,0,9]}
[18:35:06] < {"r":{"atm":3600.000},"f":[1,0,13]}
[18:35:06] < {"r":{"atn":-3600.000},"f":[1,0,14]}
[18:35:06] < {"r":{"xtm":90000.000},"f":[1,0,14]}
[18:35:06] < {"r":{"xtn":-90000.000},"f":[1,0,15]}
[18:35:06] < {"r":{"ztm":5.000},"f":[1,0,10]}
[18:35:06] < {"r":{"ztn":-19.000},"f":[1,0,12]}
[18:35:06] < {"r":{"azb":0.000},"f":[1,0,10]}
[18:35:06] < {"r":{"zzb":12.000},"f":[1,0,11]}
[18:35:06] < [ej]  enable json mode            0 [0=text,1=JSON]
[18:35:06] < tinyg [mm] ok> 
[18:35:07] < line:0,posx:0.000,posy:0.000,posz:0.000,posa:0.000,feed:0.00,vel:0.00,unit:1,coor:1,dist:0,admo:1,frmo:1,momo:4,stat:1


