[19:30:56] Starting Log file for session: 2020724-193056

[19:30:11] Terminal ready... 
[19:30:11] Log file started 
[19:30:11] Please choose a Serial port to connect to... 
[19:30:12] Connected to Serial on port COM6
[19:30:12] < {r:{fv:0.98,fb:86.03,hp:3,hv:0,id:"0213-0215-0515",msg:"SYSTEM READY"},f:[1,0,1]}
[19:30:12] < tinyg [mm] ok> 
[19:30:12] < [ej]  enable json mode            0 [0=text,1=JSON]
[19:30:12] < tinyg [mm] ok> 
[19:30:13] Loading file...
[19:30:14] File to load: C:\Github\MaterialProfiles\3D_POC\data\3D_INIT.json
[19:30:14] Loading File... 
[19:30:15] JSON Loaded... 
[19:30:15] Dumping init file... 
[19:30:15] < {r:{tinygmo:null},f:[1,100,26]}
[19:30:15] < {r:{baud:null},f:[1,100,11]}
[19:30:15] < {r:{js:0},f:[1,0,9]}
[19:30:15] < {r:{gpa:0},f:[1,0,10]}
[19:30:15] < {r:{gun:1},f:[1,0,10]}
[19:30:15] < {r:{ja:0.00},f:[1,0,9]}
[19:30:15] < {r:{si:250},f:[1,0,11]}
[19:30:15] < {r:{jv:5},f:[1,0,9]}
[19:30:15] < {r:{mt:0},f:[1,0,11]}
[19:30:15] < {r:{st:null},f:[1,100,9]}
[19:30:15] < {r:{qv:0},f:[1,0,9]}
[19:30:15] < {r:{tv:1},f:[1,0,9]}
[19:30:15] < {r:{sv:1},f:[1,0,9]}
[19:30:15] < {r:{motorma:null},f:[1,100,20]}
[19:30:15] < {r:{1ma:5},f:[1,0,10]}
[19:30:15] < {r:{2ma:0},f:[1,0,10]}
[19:30:15] < {r:{3ma:2},f:[1,0,10]}
[19:30:15] < {r:{4ma:3},f:[1,0,10]}
[19:30:15] < {r:{polarit:null},f:[1,100,18]}
[19:30:15] < {r:{1po:1},f:[1,0,10]}
[19:30:15] < {r:{2po:0},f:[1,0,10]}
[19:30:15] < {r:{3po:1},f:[1,0,10]}
[19:30:15] < {r:{4po:0},f:[1,0,10]}
[19:30:15] < {r:{trvalue:null},f:[1,100,16]}
[19:30:15] < {r:{1tr:60.0000},f:[1,0,11]}
[19:30:15] < {r:{2tr:6.3500},f:[1,0,13]}
[19:30:15] < {r:{3tr:5.0000},f:[1,0,10]}
[19:30:15] < {r:{4tr:60.0000},f:[1,0,11]}
[19:30:15] < {r:{powerse:null},f:[1,100,21]}
[19:30:15] < {r:{1pl:1.000},f:[1,0,10]}
[19:30:15] < {r:{2pl:1.000},f:[1,0,10]}
[19:30:15] < {r:{3pl:0.000},f:[1,0,10]}
[19:30:15] < {r:{4pl:0.000},f:[1,0,10]}
[19:30:15] < {r:{1pm:2},f:[1,0,10]}
[19:30:15] < {r:{2pm:2},f:[1,0,10]}
[19:30:15] < {r:{3pm:2},f:[1,0,10]}
[19:30:15] < {r:{4pm:2},f:[1,0,10]}
[19:30:15] < {r:{motorse:null},f:[1,100,21]}
[19:30:15] < {r:{1mi:16},f:[1,0,11]}
[19:30:15] < {r:{2mi:32},f:[1,0,11]}
[19:30:15] < {r:{3mi:10,msg:"*** WARNING *** Setting non-standard microstep value"},f:[1,0,11]}
[19:30:15] < {r:{4mi:10,msg:"*** WARNING *** Setting non-standard microstep value"},f:[1,0,11]}
[19:30:15] < {r:{1sa:1.800},f:[1,0,12]}
[19:30:15] < {r:{2sa:1.800},f:[1,0,12]}
[19:30:15] < {r:{3sa:1.800},f:[1,0,12]}
[19:30:15] < {r:{4sa:1.800},f:[1,0,12]}
[19:30:15] < {r:{axesset:null},f:[1,100,20]}
[19:30:15] < :{xam:1},f:[1,0,10]}
[19:30:15] < {r:{xvm:1500},f:[1,0,13]}
[19:30:15] < {r:{xjm:5000},f:[1,0,13]}
[19:30:15] < {r:{xfr:5000},f:[1,0,13]}
[19:30:15] < {r:{xtn:-500.000},f:[1,0,13]}
[19:30:15] < {r:{xtm:0.000},f:[1,0,10]}
[19:30:15] < {r:{yam:0},f:[1,0,10]}
[19:30:15] < {r:{yvm:0},f:[1,0,10]}
[19:30:15] < {r:{yjm:0},f:[1,0,10]}
[19:30:15] < {r:{yfr:0},f:[1,0,10]}
[19:30:15] < {r:{zam:1},f:[1,0,10]}
[19:30:15] < {r:{zvm:3750},f:[1,0,13]}
[19:30:15] < {r:{zjm:5000},f:[1,0,13]}
[19:30:15] < {r:{zfr:3750},f:[1,0,13]}
[19:30:15] < {r:{ztn:-100.000},f:[1,0,13]}
[19:30:15] < {r:{ztm:2.000},f:[1,0,10]}
[19:30:15] < {r:{aam:1},f:[1,0,10]}
[19:30:15] < {r:{avm:20000},f:[1,0,14]}
[19:30:15] < {r:{ajm:10000},f:[1,0,14]}
[19:30:15] < {r:{afr:15000},f:[1,0,14]}
[19:30:15] < {r:{atn:-3600.000},f:[1,0,14]}
[19:30:15] < {r:{atm:3600.000},f:[1,0,13]}
[19:30:15] < {r:{cam:1},f:[1,0,10]}
[19:30:15] < {r:{cvm:10000},f:[1,0,14]}
[19:30:15] < {r:{cjm:5000},f:[1,0,13]}
[19:30:15] < {r:{cfr:10000},f:[1,0,14]}
[19:30:15] < {r:{ctn:-3600.000},f:[1,0,14]}
[19:30:15] < {r:{ctm:3600.000},f:[1,0,13]}
[19:30:15] < {r:{limitsw:null},f:[1,100,21]}
[19:30:15] < {r:{sl:1},f:[1,0,9]}
[19:30:15] < {r:{xsn:null},f:[1,100,10]}
[19:30:15] < {r:{ahi:1},f:[1,0,10]}
[19:30:15] < {r:{di1mo:1},f:[1,0,12]}
[19:30:15] < {r:{di1ac:0},f:[1,0,12]}
[19:30:15] < {r:{di1fn:0},f:[1,0,12]}
[19:30:15] < {r:{xsx:null},f:[1,100,10]}
[19:30:15] < {r:{xhi:2},f:[1,0,10]}
[19:30:15] < {r:{di2mo:0},f:[1,0,12]}
[19:30:15] < {r:{di2ac:0},f:[1,0,12]}
[19:30:15] < {r:{di2fn:0},f:[1,0,12]}
[19:30:15] < {r:{ysn:null},f:[1,100,10]}
[19:30:15] < {r:{yhi:0},f:[1,0,10]}
[19:30:15] < {r:{di3mo:-1},f:[1,0,13]}
[19:30:15] < {r:{di3ac:0},f:[1,0,12]}
[19:30:15] < {r:{di3fn:0},f:[1,0,12]}
[19:30:15] < {r:{ysx:null},f:[1,100,10]}
[19:30:15] < {r:{di4mo:-1},f:[1,0,13]}
[19:30:15] < {r:{di4ac:0},f:[1,0,12]}
[19:30:15] < {r:{di4fn:0},f:[1,0,12]}
[19:30:15] < {r:{zsn:null},f:[1,100,10]}
[19:30:15] < {r:{zhi:5},f:[1,0,10]}
[19:30:15] < {r:{di5mo:0},f:[1,0,12]}
[19:30:15] < {r:{di5ac:0},f:[1,0,12]}
[19:30:15] < {r:{di5fn:0},f:[1,0,12]}
[19:30:15] < {r:{zsx:null},f:[1,100,10]}
[19:30:15] < {r:{di6mo:-1},f:[1,0,13]}
[19:30:15] < {r:{di6ac:0},f:[1,0,12]}
[19:30:15] < {r:{di6fn:0},f:[1,0,12]}
[19:30:15] < {r:{asn:null},f:[1,100,10]}
[19:30:15] < {r:{di7mo:-1},f:[1,0,13]}
[19:30:15] < {r:{di7ac:0},f:[1,0,12]}
[19:30:15] < {r:{di7fn:0},f:[1,0,12]}
[19:30:15] < {r:{asx:null},f:[1,100,10]}
[19:30:15] < {r:{di8mo:-1},f:[1,0,13]}
[19:30:15] < {r:{di8ac:0},f:[1,0,12]}
[19:30:15] < {r:{di8fn:0},f:[1,0,12]}
[19:30:15] < {r:{di9mo:-1},f:[1,0,13]}
[19:30:15] < {r:{di9ac:0},f:[1,0,12]}
[19:30:15] < {r:{di9fn:0},f:[1,0,12]}
[19:30:15] < {r:{homingc:null},f:[1,100,20]}
[19:30:15] < {r:{st:null},f:[1,100,9]}
[19:30:15] < {r:{xhd:1},f:[1,0,10]}
[19:30:15] < {r:{xsv:1000},f:[1,0,13]}
[19:30:15] < {r:{xlv:100.00},f:[1,0,12]}
[19:30:15] < {r:{xlb:5.000},f:[1,0,10]}
[19:30:15] < {r:{xzb:2.000},f:[1,0,10]}
[19:30:15] < {r:{xjh:10000},f:[1,0,14]}
[19:30:15] < {r:{zhd:0},f:[1,0,10]}
[19:30:15] < {r:{zsv:1000},f:[1,0,13]}
[19:30:15] < {r:{zlv:100.00},f:[1,0,12]}
[19:30:15] < {r:{zlb:5.000},f:[1,0,10]}
[19:30:15] < {r:{zzb:50.305},f:[1,0,15]}
[19:30:15] < {r:{zjh:10000},f:[1,0,14]}
[19:30:15] < {r:{ahd:1},f:[1,0,10]}
[19:30:15] < {r:{asv:5000},f:[1,0,13]}
[19:30:15] < {r:{alv:500.00},f:[1,0,12]}
[19:30:15] < {r:{alb:20.000},f:[1,0,11]}
[19:30:15] < {r:{azb:0.000},f:[1,0,10]}
[19:30:15] < {r:{ajh:10000},f:[1,0,14]}
[19:30:15] < [ej]  enable json mode            0 [0=text,1=JSON]
[19:30:15] < tinyg [mm] ok> 
[19:30:15] < stat:3
[19:30:15] Machine is homed. 
[19:30:20] Homing all axes. 
[19:30:20] > G28.2 Z0 X0
[19:30:20] > G90 G0 Z-12
[19:30:20] < tinyg [mm] ok> 
[19:30:20] < posz:-15.805,feed:1000.00,vel:1000.00,stat:9
[19:30:20] < posz:-19.979
[19:30:21] < posz:-24.179
[19:30:21] < posz:-28.353
[19:30:21] < posz:-32.528
[19:30:21] < posz:-36.703
[19:30:22] < posz:-40.852
[19:30:22] < posz:-45.052
[19:30:22] < posz:-49.227
[19:30:22] < posz:-49.803
[19:30:23] < posz:-45.795,vel:217.90
[19:30:23] < posz:-46.073,feed:100.00,vel:100.00
[19:30:23] < posz:-46.493
[19:30:23] < posz:-46.910
[19:30:24] < posz:-47.328
[19:30:24] < posz:-47.745
[19:30:24] < posz:-48.162
[19:30:24] < posz:-48.579
[19:30:25] < posz:-48.997
[19:30:25] < posz:-49.414
[19:30:25] < posz:-49.831
[19:30:25] < posz:-50.248
[19:30:26] < posz:-48.103,feed:1000.00,vel:1000.00
[19:30:26] < posz:-43.904
[19:30:26] < posz:-39.729
[19:30:26] < posz:-35.554
[19:30:27] < posz:-31.380
[19:30:27] < posz:-27.230
[19:30:27] < posz:-23.030
[19:30:27] < posz:-18.856
[19:30:28] < posz:-14.681
[19:30:28] < posz:-10.507
[19:30:28] < posz:-6.332
[19:30:28] < posz:-2.157
[19:30:29] < posx:0.380,posz:0.000,vel:999.96
[19:30:29] < posx:1.905,vel:1000.00
[19:30:29] < posx:-2.259,vel:998.95
[19:30:29] < posx:-2.343,feed:100.00,vel:100.00
[19:30:30] < posx:-1.926
[19:30:30] < posx:-1.508
[19:30:30] < posx:-1.091
[19:30:30] < posx:-0.676
[19:30:31] < posx:-0.256
[19:30:31] < posx:0.161
[19:30:31] < posx:0.578
[19:30:31] < posx:0.996
[19:30:32] < posx:1.411
[19:30:32] < posx:1.830
[19:30:32] < posx:0.901,feed:1000.00,vel:1000.00
[19:30:32] < tinyg [mm] ok> 
[19:30:32] < posx:0.000,posz:-3.623,feed:250.00,vel:3747.46,dist:0,momo:0,stat:5
[19:30:33] < posz:-12.000,vel:0.00,stat:3
[19:30:33] Machine is homed. 
[19:30:33] > G28.2 A0
[19:30:33] > G91 G0 A30
[19:30:33] < tinyg [mm] ok> 
[19:30:33] < posa:-15.748,feed:5000.00,vel:4943.52,dist:1,momo:1,stat:9
[19:30:33] < posa:-14.127,vel:5000.00
[19:30:34] < posa:4.560,vel:557.11
[19:30:34] < posa:-5.566,vel:5000.00
[19:30:34] < posa:-15.270,feed:500.00,vel:493.86
[19:30:34] < posa:-13.171,vel:500.00
[19:30:35] < posa:-11.085
[19:30:35] < posa:-8.998
[19:30:35] < posa:-6.911
[19:30:35] < posa:-4.824
[19:30:36] < posa:-2.737
[19:30:36] < posa:-0.650
[19:30:36] < tinyg [mm] ok> 
[19:30:36] < posa:5.296,feed:250.00,vel:8850.82,momo:0,stat:5
[19:30:36] < posa:30.000,vel:0.00,stat:3
[19:30:36] Machine is homed. 
[19:30:36] > $di1fn=2
[19:30:36] TinyG Command received 
[19:30:36] > G91 G0 A1
[19:30:36] > G91 G1 A-30 F250
[19:30:36] < [di1fn] input function          2 [0=none,1=limit,2=interlock,3=shutdown]
[19:30:36] < tinyg [mm] ok> 
[19:30:36] < tinyg [mm] ok> 
[19:30:36] < tinyg [mm] ok> 
[19:30:37] < posa:30.415,vel:250.00,momo:1,stat:5
[19:30:37] < posa:29.371
[19:30:37] < posa:28.334
[19:30:37] < posa:27.284
[19:30:38] < posa:26.240
[19:30:38] < posa:25.196
[19:30:38] < posa:24.152
[19:30:38] < posa:23.108
[19:30:39] < posa:22.064
[19:30:39] < posa:21.021
[19:30:39] < posa:19.977
[19:30:39] < posa:19.279,vel:0.00,stat:6
[19:30:39] Interlock hit. Stop. Flush queue...
[19:30:39] WE'RE HOMING, ASK FOR $POSA 
[19:30:40] Asking for directions
[19:30:40] < tinyg [mm] ok> 
[19:30:40] < stat:3
[19:30:40] Machine is homed. 
[19:30:40] < [di1fn] input function          0 [0=none,1=limit,2=interlock,3=shutdown]
[19:30:40] < tinyg [mm] ok> 
[19:30:40] > $posa
[19:30:40] TinyG Command received 
[19:30:40] < A position:         19.279 deg
[19:30:40] < A position:         19.279 deg
[19:30:40] < tinyg [mm] ok> 
[19:30:40] > G91 G0 A0
[19:30:40] > G90 G0 A9.6395
[19:30:40] < tinyg [mm] ok> 
[19:30:40] < tinyg [mm] ok> 
[19:30:40] < line:0,posx:0.000,posy:0.000,posz:-12.000,posa:9.645,feed:250.00,vel:105.55,unit:1,coor:0,dist:0,admo:1,frmo:1,momo:0,stat:5
[19:30:40] > G28.3 A0
[19:30:40] < tinyg [mm] ok> 
[19:30:40] < posa:0.000,dist:0,momo:0,stat:3
[19:30:40] Machine is homed. 
[19:30:40] > G90 G0 Z0 A20
[19:30:40] < tinyg [mm] ok> 
[19:30:40] < posz:-0.707,posa:18.822,vel:4050.12,stat:5
[19:30:41] < posz:0.000,posa:20.000,vel:0.00,stat:3
[19:30:41] Machine is homed. 
[19:30:46] > g90 g0 x-10
[19:30:46] < tinyg [mm] ok> 
[19:30:47] < posx:-5.317,vel:1500.00,stat:5
[19:30:47] < posx:-10.000,vel:0.00,stat:3
[19:30:47] Machine is homed. 
[19:30:50] > g90 g0 a0
[19:30:50] < tinyg [mm] ok> 
[19:30:50] < posa:0.023,vel:277.85,stat:5
[19:30:51] < posa:0.000,vel:0.00,stat:3
[19:30:51] Machine is homed. 
[19:30:55] ESC pressed, do you want to exit Y/N? 


