[19:17:48] Starting Log file for session: 20201013-191748

[19:00:26] Terminal ready... 
[19:00:26] Log file started 
[19:00:26] Please choose a Serial port to connect to... 
[19:00:28] Connected to Serial on port COM6
[19:00:28] < {"r":{"fv":0.98,"fb":86.03,"hp":3,"hv":0,"id":"0213-0215-0515","msg":"SYSTEM READY"},"f":[1,0,1]}
[19:00:28] < tinyg [mm] ok> 
[19:00:28] < [ej]  enable json mode            0 [0=text,1=JSON]
[19:00:28] < tinyg [mm] ok> 
[19:00:32] Loading file...
[19:00:37] File to load: C:\Users\Oscar\Desktop\Z-A_CombinedMoves.cnc
[19:00:37] Loading File... 
[19:00:37] Adding 4 lines to the queue... 
[19:00:37] Sending the file 10 time(s)... 
[19:00:37] > G90 G0 Z-15 A-180
[19:00:37] File added to the queue. 
[19:00:37] > G90 G1 Z0 A180
[19:00:37] Sending the file 10 more times...
[19:00:37] < tinyg [mm] ok> 
[19:00:37] < tinyg [mm] ok> 
[19:00:37] File added to the queue. 
[19:00:37] Sending the file 9 more times...
[19:00:37] File added to the queue. 
[19:00:37] Sending the file 8 more times...
[19:00:37] File added to the queue. 
[19:00:37] Sending the file 7 more times...
[19:00:37] File added to the queue. 
[19:00:37] Sending the file 6 more times...
[19:00:37] File added to the queue. 
[19:00:37] Sending the file 5 more times...
[19:00:37] File added to the queue. 
[19:00:37] Sending the file 4 more times...
[19:00:37] File added to the queue. 
[19:00:37] Sending the file 3 more times...
[19:00:37] File added to the queue. 
[19:00:37] Sending the file 2 more times...
[19:00:37] File added to the queue. 
[19:00:37] Sending the file 1 more times...
[19:00:37] < posz:-6.000,posa:36.007,vel:10008.68,momo:0,stat:5
[19:00:38] < posz:-7.385,posa:2.762
[19:00:38] < posz:-8.770,posa:-30.483
[19:00:38] < posz:-10.155,posa:-63.728
[19:00:38] < posz:-11.561,posa:-97.473
[19:00:38] < posz:-12.947,posa:-130.718
[19:00:39] < posz:-14.342,posa:-164.214
[19:00:39] < posz:-14.953,posa:-178.808,vel:2867.29,momo:1
[19:00:39] < posz:-13.717,posa:-149.216,vel:10008.68
[19:00:39] < posz:-12.332,posa:-115.972
[19:00:39] < posz:-10.936,posa:-82.477
[19:00:40] < posz:-9.551,posa:-49.232
[19:00:40] < posz:-8.145,posa:-15.487
[19:00:40] < posz:-6.760,posa:17.758
[19:00:40] < posz:-5.364,posa:51.253
[19:00:40] < posz:-3.979,posa:84.498
[19:00:41] < posz:-2.573,posa:118.242
[19:00:41] < posz:-1.188,posa:151.487
[19:00:41] < posz:-0.012,posa:179.714,vel:1551.29
[19:00:41] < posz:0.000,posa:180.000,vel:0.00,stat:3
[19:00:41] Machine is homed. 
[19:00:41] Reached end of file
[19:00:41] Sending the file 9 more times!!!
[19:00:41] > G90 G0 Z-15 A-180
[19:00:41] > G90 G1 Z0 A180
[19:00:41] < tinyg [mm] ok> 
[19:00:41] < tinyg [mm] ok> 
[19:00:41] < posz:-0.896,posa:158.488,vel:10008.68,momo:0,stat:5
[19:00:42] < posz:-2.282,posa:125.244
[19:00:42] < posz:-3.667,posa:91.999
[19:00:42] < posz:-5.073,posa:58.254
[19:00:42] < posz:-6.458,posa:25.009
[19:00:42] < posz:-7.854,posa:-8.486
[19:00:43] < posz:-9.239,posa:-41.731
[19:00:43] < posz:-10.645,posa:-75.476
[19:00:43] < posz:-12.030,posa:-108.721
[19:00:43] < posz:-13.426,posa:-142.215
[19:00:43] < posz:-14.788,posa:-174.918,vel:7844.51
[19:00:44] < posz:-14.651,posa:-171.628,vel:9552.13,momo:1
[19:00:44] < posz:-13.269,posa:-138.468,vel:10008.68
[19:00:44] < posz:-11.874,posa:-104.973
[19:00:44] < posz:-10.489,posa:-71.729
[19:00:44] < posz:-9.103,posa:-38.484
[19:00:45] < posz:-7.697,posa:-4.739
[19:00:45] < posz:-6.312,posa:28.506
[19:00:45] < posz:-4.917,posa:62.001
[19:00:45] < posz:-3.531,posa:95.246
[19:00:45] < posz:-2.125,posa:128.991
[19:00:46] < posz:-0.740,posa:162.485
[19:00:46] < posz:0.000,posa:180.000,vel:0.00,stat:3
[19:00:46] Machine is homed. 
[19:00:46] Reached end of file
[19:00:46] Sending the file 8 more times!!!
[19:00:46] > G90 G0 Z-15 A-180
[19:00:46] > G90 G1 Z0 A180
[19:00:46] < tinyg [mm] ok> 
[19:00:46] < tinyg [mm] ok> 
[19:00:46] < posz:-0.896,posa:158.488,vel:10008.68,momo:0,stat:5
[19:00:46] < posz:-2.282,posa:125.244
[19:00:47] < posz:-3.667,posa:91.999
[19:00:47] < posz:-5.052,posa:58.754
[19:00:47] < posz:-6.458,posa:25.009
[19:00:47] < posz:-7.843,posa:-8.236
[19:00:47] < posz:-9.239,posa:-41.731
[19:00:48] < posz:-10.645,posa:-75.476
[19:00:48] < posz:-12.030,posa:-108.721
[19:00:48] < posz:-13.426,posa:-142.215
[19:00:48] < posz:-14.788,posa:-174.918,vel:7844.51
[19:00:48] < posz:-14.651,posa:-171.628,vel:9552.13,momo:1
[19:00:49] < posz:-13.269,posa:-138.468,vel:10008.68
[19:00:49] < posz:-11.863,posa:-104.723
[19:00:49] < posz:-10.478,posa:-71.479
[19:00:49] < posz:-9.083,posa:-37.984
[19:00:49] < posz:-7.677,posa:-4.239
[19:00:50] < posz:-6.291,posa:29.006
[19:00:50] < posz:-4.896,posa:62.501
[19:00:50] < posz:-3.490,posa:96.246
[19:00:50] < posz:-2.105,posa:129.491
[19:00:50] < posz:-0.709,posa:162.985
[19:00:51] < posz:0.000,posa:180.000,vel:0.00,stat:3
[19:00:51] Machine is homed. 
[19:00:51] Reached end of file
[19:00:51] Sending the file 7 more times!!!
[19:00:51] > G90 G0 Z-15 A-180
[19:00:51] > G90 G1 Z0 A180
[19:00:51] < tinyg [mm] ok> 
[19:00:51] < tinyg [mm] ok> 
[19:00:51] < posz:-0.896,posa:158.488,vel:10008.68,momo:0,stat:5
[19:00:51] < posz:-2.282,posa:125.244
[19:00:51] < posz:-3.667,posa:91.999
[19:00:51] < posz:-5.073,posa:58.254
[19:00:52] < posz:-6.458,posa:25.009
[19:00:52] < posz:-7.854,posa:-8.486
[19:00:52] < posz:-9.239,posa:-41.731
[19:00:52] < posz:-10.645,posa:-75.476
[19:00:52] < posz:-12.030,posa:-108.721
[19:00:53] < posz:-13.426,posa:-142.215
[19:00:53] < posz:-14.788,posa:-174.918,vel:7995.65
[19:00:53] < posz:-14.651,posa:-171.628,vel:9552.13,momo:1
[19:00:53] < posz:-13.269,posa:-138.468,vel:10008.68
[19:00:53] < posz:-11.863,posa:-104.723
[19:00:54] < posz:-10.468,posa:-71.229
[19:00:54] < posz:-9.083,posa:-37.984
[19:00:54] < posz:-7.677,posa:-4.239
[19:00:54] < posz:-6.291,posa:29.006
[19:00:54] < posz:-4.896,posa:62.501
[19:00:55] < posz:-3.511,posa:95.746
[19:00:55] < posz:-2.105,posa:129.491
[19:00:55] < posz:-0.719,posa:162.735
[19:00:55] < posz:0.000,posa:180.000,vel:0.00,stat:3
[19:00:55] Machine is homed. 
[19:00:55] Reached end of file
[19:00:55] Sending the file 6 more times!!!
[19:00:55] > G90 G0 Z-15 A-180
[19:00:55] > G90 G1 Z0 A180
[19:00:55] < tinyg [mm] ok> 
[19:00:55] < tinyg [mm] ok> 
[19:00:56] < posz:-0.896,posa:158.488,vel:10008.68,momo:0,stat:5
[19:00:56] < posz:-2.282,posa:125.244
[19:00:56] < posz:-3.667,posa:91.999
[19:00:56] < posz:-5.073,posa:58.254
[19:00:56] < posz:-6.458,posa:25.009
[19:00:57] < posz:-7.854,posa:-8.486
[19:00:57] < posz:-9.239,posa:-41.731
[19:00:57] < posz:-10.645,posa:-75.476
[19:00:57] < posz:-12.030,posa:-108.721
[19:00:57] < posz:-13.426,posa:-142.215
[19:00:58] < posz:-14.788,posa:-175.112,vel:7844.51
[19:00:58] < posz:-14.651,posa:-171.628,vel:9552.13,momo:1
[19:00:58] < posz:-13.269,posa:-138.468,vel:10008.68
[19:00:58] < posz:-11.874,posa:-104.973
[19:00:58] < posz:-10.489,posa:-71.729
[19:00:59] < posz:-9.103,posa:-38.484
[19:00:59] < posz:-7.697,posa:-4.739
[19:00:59] < posz:-6.312,posa:28.506
[19:00:59] < posz:-4.917,posa:62.001
[19:00:59] < posz:-3.531,posa:95.246
[19:01:00] < posz:-2.125,posa:128.991
[19:01:00] < posz:-0.740,posa:162.485
[19:01:00] < posz:0.000,posa:180.000,vel:0.00,stat:3
[19:01:00] Machine is homed. 
[19:01:00] Reached end of file
[19:01:00] Sending the file 5 more times!!!
[19:01:00] > G90 G0 Z-15 A-180
[19:01:00] > G90 G1 Z0 A180
[19:01:00] < tinyg [mm] ok> 
[19:01:00] < tinyg [mm] ok> 
[19:01:00] < posz:-0.896,posa:158.488,vel:10008.68,momo:0,stat:5
[19:01:00] < posz:-2.282,posa:125.244
[19:01:01] < posz:-3.667,posa:91.999
[19:01:01] < posz:-5.073,posa:58.254
[19:01:01] < posz:-6.458,posa:25.009
[19:01:01] < posz:-7.854,posa:-8.486
[19:01:01] < posz:-9.239,posa:-41.731
[19:01:02] < posz:-10.645,posa:-75.476
[19:01:02] < posz:-12.030,posa:-108.721
[19:01:02] < posz:-13.426,posa:-142.215
[19:01:02] < posz:-14.804,posa:-175.302,vel:7689.09
[19:01:02] < posz:-14.641,posa:-171.150,vel:9679.42,momo:1
[19:01:03] < posz:-13.249,posa:-137.968,vel:10008.68
[19:01:03] < posz:-11.853,posa:-104.474
[19:01:03] < posz:-10.468,posa:-71.229
[19:01:03] < posz:-9.083,posa:-37.984
[19:01:03] < posz:-7.677,posa:-4.239
[19:01:04] < posz:-6.291,posa:29.006
[19:01:04] < posz:-4.896,posa:62.501
[19:01:04] < posz:-3.511,posa:95.746
[19:01:04] < posz:-2.105,posa:129.491
[19:01:04] < posz:-0.719,posa:162.735
[19:01:05] < posz:0.000,posa:180.000,vel:0.00,stat:3
[19:01:05] Machine is homed. 
[19:01:05] Reached end of file
[19:01:05] Sending the file 4 more times!!!
[19:01:05] > G90 G0 Z-15 A-180
[19:01:05] > G90 G1 Z0 A180
[19:01:05] < tinyg [mm] ok> 
[19:01:05] < tinyg [mm] ok> 
[19:01:05] < posz:-0.896,posa:158.488,vel:10008.68,momo:0,stat:5
[19:01:05] < posz:-2.282,posa:125.244
[19:01:05] < posz:-3.667,posa:91.999
[19:01:06] < posz:-5.073,posa:58.254
[19:01:06] < posz:-6.458,posa:25.009
[19:01:06] < posz:-7.854,posa:-8.486
[19:01:06] < posz:-9.239,posa:-41.731
[19:01:06] < posz:-10.645,posa:-75.476
[19:01:07] < posz:-12.030,posa:-108.721
[19:01:07] < posz:-13.426,posa:-142.215
[19:01:07] < posz:-14.788,posa:-175.112,vel:7844.51
[19:01:07] < posz:-14.651,posa:-171.628,vel:9552.13,momo:1
[19:01:07] < posz:-13.269,posa:-138.468,vel:10008.68
[19:01:08] < posz:-11.874,posa:-104.973
[19:01:08] < posz:-10.489,posa:-71.729
[19:01:08] < posz:-9.103,posa:-38.484
[19:01:08] < posz:-7.697,posa:-4.739
[19:01:08] < posz:-6.312,posa:28.756
[19:01:09] < posz:-4.917,posa:62.001
[19:01:09] < posz:-3.531,posa:95.246
[19:01:09] < posz:-2.125,posa:128.991
[19:01:09] < posz:-0.740,posa:162.235
[19:01:09] < posz:0.000,posa:180.000,vel:0.00,stat:3
[19:01:09] Machine is homed. 
[19:01:09] Reached end of file
[19:01:09] Sending the file 3 more times!!!
[19:01:09] > G90 G0 Z-15 A-180
[19:01:09] > G90 G1 Z0 A180
[19:01:09] < tinyg [mm] ok> 
[19:01:09] < tinyg [mm] ok> 
[19:01:10] < posz:-0.896,posa:158.488,vel:10008.68,momo:0,stat:5
[19:01:10] < posz:-2.282,posa:125.244
[19:01:10] < posz:-3.667,posa:91.999
[19:01:10] < posz:-5.073,posa:58.254
[19:01:10] < posz:-6.458,posa:25.009
[19:01:11] < posz:-7.854,posa:-8.486
[19:01:11] < posz:-9.239,posa:-41.731
[19:01:11] < posz:-10.645,posa:-75.476
[19:01:11] < posz:-12.030,posa:-108.721
[19:01:11] < posz:-13.426,posa:-142.215
[19:01:12] < posz:-14.788,posa:-175.112,vel:7844.51
[19:01:12] < posz:-14.651,posa:-171.628,vel:9552.13,momo:1
[19:01:12] < posz:-13.269,posa:-138.468,vel:10008.68
[19:01:12] < posz:-11.874,posa:-104.973
[19:01:12] < posz:-10.489,posa:-71.729
[19:01:13] < posz:-9.103,posa:-38.484
[19:01:13] < posz:-7.697,posa:-4.739
[19:01:13] < posz:-6.312,posa:28.506
[19:01:13] < posz:-4.917,posa:62.001
[19:01:13] < posz:-3.531,posa:95.246
[19:01:14] < posz:-2.125,posa:128.991
[19:01:14] < posz:-0.740,posa:162.485
[19:01:14] < posz:0.000,posa:180.000,vel:0.00,stat:3
[19:01:14] Machine is homed. 
[19:01:14] Reached end of file
[19:01:14] Sending the file 2 more times!!!
[19:01:14] > G90 G0 Z-15 A-180
[19:01:14] > G90 G1 Z0 A180
[19:01:14] < tinyg [mm] ok> 
[19:01:14] < tinyg [mm] ok> 
[19:01:14] < posz:-0.896,posa:158.488,vel:10008.68,momo:0,stat:5
[19:01:15] < posz:-2.282,posa:125.244
[19:01:15] < posz:-3.667,posa:91.999
[19:01:15] < posz:-5.073,posa:58.254
[19:01:15] < posz:-6.458,posa:25.009
[19:01:15] < posz:-7.854,posa:-8.486
[19:01:16] < posz:-9.239,posa:-41.731
[19:01:16] < posz:-10.645,posa:-75.476
[19:01:16] < posz:-12.030,posa:-108.721
[19:01:16] < posz:-13.426,posa:-142.215
[19:01:16] < posz:-14.788,posa:-175.112,vel:7844.51
[19:01:17] < posz:-14.651,posa:-171.628,vel:9552.13,momo:1
[19:01:17] < posz:-13.269,posa:-138.468,vel:10008.68
[19:01:17] < posz:-11.874,posa:-104.973
[19:01:17] < posz:-10.489,posa:-71.729
[19:01:17] < posz:-9.103,posa:-38.484
[19:01:18] < posz:-7.697,posa:-4.739
[19:01:18] < posz:-6.312,posa:28.506
[19:01:18] < posz:-4.917,posa:62.001
[19:01:18] < posz:-3.531,posa:95.246
[19:01:18] < posz:-2.125,posa:128.991
[19:01:19] < posz:-0.740,posa:162.485
[19:01:19] < posz:0.000,posa:180.000,vel:0.00,stat:3
[19:01:19] Machine is homed. 
[19:01:19] Reached end of file
[19:01:19] Sending the file 1 more times!!!
[19:01:19] > G90 G0 Z-15 A-180
[19:01:19] > G90 G1 Z0 A180
[19:01:19] < tinyg [mm] ok> 
[19:01:19] < tinyg [mm] ok> 
[19:01:19] < posz:-0.896,posa:158.488,vel:10008.68,momo:0,stat:5
[19:01:19] < posz:-2.282,posa:125.244
[19:01:19] < posz:-3.667,posa:91.999
[19:01:20] < posz:-5.073,posa:58.254
[19:01:20] < posz:-6.458,posa:25.009
[19:01:20] < posz:-7.854,posa:-8.486
[19:01:20] < posz:-9.239,posa:-41.731
[19:01:20] < posz:-10.645,posa:-75.476
[19:01:21] < posz:-12.030,posa:-108.721
[19:01:21] < posz:-13.426,posa:-142.215
[19:01:21] < posz:-14.788,posa:-174.918,vel:7844.51
[19:01:21] < posz:-14.651,posa:-171.628,vel:9552.13,momo:1
[19:01:21] < posz:-13.269,posa:-138.468,vel:10008.68
[19:01:22] < posz:-11.874,posa:-104.973
[19:01:22] < posz:-10.489,posa:-71.729
[19:01:22] < posz:-9.103,posa:-38.484
[19:01:22] < posz:-7.697,posa:-4.739
[19:01:22] < posz:-6.312,posa:28.506
[19:01:23] < posz:-4.917,posa:62.001
[19:01:23] < posz:-3.511,posa:95.746
[19:01:23] < posz:-2.125,posa:128.991
[19:01:23] < posz:-0.730,posa:162.485
[19:01:23] < posz:0.000,posa:180.000,vel:0.00,stat:3
[19:01:23] Machine is homed. 
[19:01:23] Reached end of file
[19:01:23] Sending the file 0 more times!!!


