[17:08:46] Starting Log file for session: 2020811-17846

[17:07:32] Terminal cleared and ready...
[17:07:39] > g90 g0 z-12
[17:07:39] < tinyg [mm] ok> 
[17:07:40] < posz:1.894,vel:650.00,dist:0,momo:0,stat:5
[17:07:40] < posz:-0.283
[17:07:40] < posz:-2.443
[17:07:40] < posz:-4.620
[17:07:40] < posz:-6.813
[17:07:41] < posz:-8.989
[17:07:41] < posz:-11.150
[17:07:41] < posz:-12.000,vel:0.00,stat:3
[17:07:41] Machine is homed. 
[17:07:45] > g90 g0 z0
[17:07:45] < tinyg [mm] ok> 
[17:07:45] < posz:-10.094,vel:650.00,stat:5
[17:07:45] < posz:-7.917
[17:07:45] < posz:-5.756
[17:07:45] < posz:-3.579
[17:07:46] < posz:-1.402
[17:07:46] < posz:0.000,vel:0.00,stat:3
[17:07:46] Machine is homed. 
[17:07:55] > g28.3 z-12
[17:07:55] < tinyg [mm] ok> 
[17:08:05] > g90 g1 z0 f50
[17:08:05] < tinyg [mm] ok> 
[17:08:06] < posz:-11.838,feed:50.00,vel:50.00,momo:1,stat:5
[17:08:06] < posz:-11.670
[17:08:06] < posz:-11.503
[17:08:06] < posz:-11.336
[17:08:06] < posz:-11.169
[17:08:07] < posz:-11.000
[17:08:07] < posz:-10.832
[17:08:07] < posz:-10.666
[17:08:07] < posz:-10.499
[17:08:07] < posz:-10.330
[17:08:08] < posz:-10.162
[17:08:08] < posz:-9.996
[17:08:08] < posz:-9.829
[17:08:08] < posz:-9.660
[17:08:08] < posz:-9.492
[17:08:09] < posz:-9.326
[17:08:09] < posz:-9.158
[17:08:09] < posz:-8.990
[17:08:09] < posz:-8.822
[17:08:09] < posz:-8.656
[17:08:10] < posz:-8.488
[17:08:10] < posz:-8.319
[17:08:10] < posz:-8.152
[17:08:10] < posz:-7.986
[17:08:10] < posz:-7.818
[17:08:11] < posz:-7.651
[17:08:11] < posz:-7.484
[17:08:11] < posz:-7.317
[17:08:11] < posz:-7.151
[17:08:11] < posz:-6.983
[17:08:12] < posz:-6.817
[17:08:12] < posz:-6.650
[17:08:12] < posz:-6.483
[17:08:12] < posz:-6.316
[17:08:12] < posz:-6.150
[17:08:13] < posz:-5.982
[17:08:13] < posz:-5.816
[17:08:13] < posz:-5.649
[17:08:13] < posz:-5.482
[17:08:13] < posz:-5.315
[17:08:14] < posz:-5.149
[17:08:14] < posz:-4.981
[17:08:14] < posz:-4.815
[17:08:14] < posz:-4.647
[17:08:14] < posz:-4.481
[17:08:15] < posz:-4.314
[17:08:15] < posz:-4.148
[17:08:15] < posz:-3.980
[17:08:15] < posz:-3.814
[17:08:15] < posz:-3.646
[17:08:16] < posz:-3.478
[17:08:16] < posz:-3.310
[17:08:16] < posz:-3.144
[17:08:16] < posz:-2.976
[17:08:16] < posz:-2.810
[17:08:17] < posz:-2.643
[17:08:17] < posz:-2.474
[17:08:17] < posz:-2.306
[17:08:17] < posz:-2.140
[17:08:17] < posz:-1.973
[17:08:18] < posz:-1.804
[17:08:18] < posz:-1.636
[17:08:18] < posz:-1.470
[17:08:18] < posz:-1.303
[17:08:18] < posz:-1.134
[17:08:19] < posz:-0.966
[17:08:19] < posz:-0.800
[17:08:19] < posz:-0.633
[17:08:19] < posz:-0.464
[17:08:19] < posz:-0.296
[17:08:20] < posz:-0.130
[17:08:20] < posz:0.000,vel:0.00,stat:3
[17:08:20] Machine is homed. 
[17:08:31] > g91 g1 z0.5 f500
[17:08:31] < tinyg [mm] ok> 
[17:08:31] < posz:0.500,feed:500.00,dist:1,stat:3
[17:08:31] Machine is homed. 
[17:08:38] > g91 g1 z0.25 f500
[17:08:38] < tinyg [mm] ok> 
[17:08:38] < posz:0.750,stat:3
[17:08:38] Machine is homed. 
[17:08:44] > clsd
[17:08:44] < tinyg [mm] err[102]: Bad number format: clsd 


