[20:16:00] Starting Log file for session: 2020724-20160

[19:56:19] Terminal ready... 
[19:56:19] Log file started 
[19:56:19] Please choose a Serial port to connect to... 
[20:02:34] Connected to Serial on port COM6
[20:02:34] < {r:{fv:0.98,fb:86.03,hp:3,hv:0,id:"0213-0215-0515",msg:"SYSTEM READY"},f:[1,0,1]}
[20:02:34] < tinyg [mm] ok> 
[20:02:34] < [ej]  enable json mode            0 [0=text,1=JSON]
[20:02:34] < tinyg [mm] ok> 
[20:04:52] Loading file...
[20:07:44] File to load: C:\Github\MaterialProfiles\3D_POC\data\3D_INIT.json
[20:07:44] Loading File... 
[20:07:45] JSON Loaded... 
[20:07:45] Dumping init file... 
[20:07:45] < {r:{tinygmo:null},f:[1,100,26]}
[20:07:45] < {r:{baud:null},f:[1,100,11]}
[20:07:45] < {r:{js:0},f:[1,0,9]}
[20:07:45] < {r:{gpa:0},f:[1,0,10]}
[20:07:45] < {r:{gun:1},f:[1,0,10]}
[20:07:45] < {r:{ja:0.00},f:[1,0,9]}
[20:07:45] < {r:{si:250},f:[1,0,11]}
[20:07:45] < {r:{jv:5},f:[1,0,9]}
[20:07:45] < {r:{mt:0},f:[1,0,11]}
[20:07:45] < {r:{st:null},f:[1,100,9]}
[20:07:45] < {r:{qv:0},f:[1,0,9]}
[20:07:45] < {r:{tv:1},f:[1,0,9]}
[20:07:45] < {r:{sv:1},f:[1,0,9]}
[20:07:45] < {r:{motorma:null},f:[1,100,20]}
[20:07:45] < {r:{1ma:5},f:[1,0,10]}
[20:07:45] < {r:{2ma:0},f:[1,0,10]}
[20:07:45] < {r:{3ma:2},f:[1,0,10]}
[20:07:45] < {r:{4ma:3},f:[1,0,10]}
[20:07:45] < {r:{polarit:null},f:[1,100,18]}
[20:07:45] < {r:{1po:1},f:[1,0,10]}
[20:07:45] < {r:{2po:0},f:[1,0,10]}
[20:07:45] < {r:{3po:1},f:[1,0,10]}
[20:07:45] < {r:{4po:0},f:[1,0,10]}
[20:07:45] < {r:{trvalue:null},f:[1,100,16]}
[20:07:45] < {r:{1tr:60.0000},f:[1,0,11]}
[20:07:45] < {r:{2tr:6.3500},f:[1,0,13]}
[20:07:45] < {r:{3tr:5.0000},f:[1,0,10]}
[20:07:45] < {r:{4tr:60.0000},f:[1,0,11]}
[20:07:45] < {r:{powerse:null},f:[1,100,21]}
[20:07:45] < {r:{1pl:1.000},f:[1,0,10]}
[20:07:45] < {r:{2pl:1.000},f:[1,0,10]}
[20:07:45] < {r:{3pl:0.000},f:[1,0,10]}
[20:07:45] < {r:{4pl:0.000},f:[1,0,10]}
[20:07:45] < {r:{1pm:2},f:[1,0,10]}
[20:07:45] < {r:{2pm:2},f:[1,0,10]}
[20:07:45] < {r:{3pm:2},f:[1,0,10]}
[20:07:45] < {r:{4pm:2},f:[1,0,10]}
[20:07:45] < {r:{motorse:null},f:[1,100,21]}
[20:07:45] < {r:{1mi:16},f:[1,0,11]}
[20:07:45] < {r:{2mi:32},f:[1,0,11]}
[20:07:45] < {r:{3mi:10,msg:"*** WARNING *** Setting non-standard microstep value"},f:[1,0,11]}
[20:07:45] < {r:{4mi:10,msg:"*** WARNING *** Setting non-standard microstep value"},f:[1,0,11]}
[20:07:45] < {r:{1sa:1.800},f:[1,0,12]}
[20:07:45] < {r:{2sa:1.800},f:[1,0,12]}
[20:07:45] < {r:{3sa:1.800},f:[1,0,12]}
[20:07:45] < {r:{4sa:1.800},f:[1,0,12]}
[20:07:45] < {r:{axesset:null},f:[1,100,20]}
[20:07:45] < {r:{xam:1},f:[1,0,10]}
[20:07:45] < {r:{xvm:1500},f:[1,0,13]}
[20:07:45] < {r:{xjm:5000},f:[1,0,13]}
[20:07:45] < {r:{xfr:5000},f:[1,0,13]}
[20:07:45] < {r:{xtn:-500.000},f:[1,0,13]}
[20:07:45] < {r:{xtm:0.000},f:[1,0,10]}
[20:07:45] < {r:{yam:0},f:[1,0,10]}
[20:07:45] < {r:{yvm:0},f:[1,0,10]}
[20:07:45] < {r:{yjm:0},f:[1,0,10]}
[20:07:45] < r:{yfr:0},f:[1,0,10]}
[20:07:45] < {r:{zam:1},f:[1,0,10]}
[20:07:45] < {r:{zvm:3750},f:[1,0,13]}
[20:07:45] < {r:{zjm:5000},f:[1,0,13]}
[20:07:45] < {r:{zfr:3750},f:[1,0,13]}
[20:07:45] < {r:{ztn:-100.000},f:[1,0,13]}
[20:07:45] < {r:{ztm:2.000},f:[1,0,10]}
[20:07:45] < {r:{aam:1},f:[1,0,10]}
[20:07:45] < {r:{avm:20000},f:[1,0,14]}
[20:07:45] < {r:{ajm:10000},f:[1,0,14]}
[20:07:45] < {r:{afr:15000},f:[1,0,14]}
[20:07:45] < {r:{atn:-3600.000},f:[1,0,14]}
[20:07:45] < {r:{atm:3600.000},f:[1,0,13]}
[20:07:45] < {r:{cam:1},f:[1,0,10]}
[20:07:45] < {r:{cvm:10000},f:[1,0,14]}
[20:07:45] < {r:{cjm:5000},f:[1,0,13]}
[20:07:45] < {r:{cfr:10000},f:[1,0,14]}
[20:07:45] < {r:{ctn:-3600.000},f:[1,0,14]}
[20:07:45] < {r:{ctm:3600.000},f:[1,0,13]}
[20:07:45] < {r:{limitsw:null},f:[1,100,21]}
[20:07:45] < {r:{sl:1},f:[1,0,9]}
[20:07:45] < {r:{xsn:null},f:[1,100,10]}
[20:07:45] < {r:{ahi:1},f:[1,0,10]}
[20:07:45] < {r:{di1mo:1},f:[1,0,12]}
[20:07:45] < {r:{di1ac:0},f:[1,0,12]}
[20:07:45] < {r:{di1fn:0},f:[1,0,12]}
[20:07:45] < {r:{xsx:null},f:[1,100,10]}
[20:07:45] < {r:{xhi:2},f:[1,0,10]}
[20:07:45] < {r:{di2mo:0},f:[1,0,12]}
[20:07:45] < {r:{di2ac:0},f:[1,0,12]}
[20:07:45] < {r:{di2fn:0},f:[1,0,12]}
[20:07:45] < {r:{ysn:null},f:[1,100,10]}
[20:07:45] < {r:{yhi:0},f:[1,0,10]}
[20:07:45] < {r:{di3mo:-1},f:[1,0,13]}
[20:07:45] < {r:{di3ac:0},f:[1,0,12]}
[20:07:45] < {r:{di3fn:0},f:[1,0,12]}
[20:07:45] < {r:{ysx:null},f:[1,100,10]}
[20:07:45] < {r:{di4mo:-1},f:[1,0,13]}
[20:07:45] < {r:{di4ac:0},f:[1,0,12]}
[20:07:45] < {r:{di4fn:0},f:[1,0,12]}
[20:07:45] < {r:{zsn:null},f:[1,100,10]}
[20:07:45] < {r:{zhi:5},f:[1,0,10]}
[20:07:45] < {r:{di5mo:0},f:[1,0,12]}
[20:07:45] < {r:{di5ac:0},f:[1,0,12]}
[20:07:45] < {r:{di5fn:0},f:[1,0,12]}
[20:07:45] < {r:{zsx:null},f:[1,100,10]}
[20:07:45] < {r:{di6mo:-1},f:[1,0,13]}
[20:07:45] < {r:{di6ac:0},f:[1,0,12]}
[20:07:45] < {r:{di6fn:0},f:[1,0,12]}
[20:07:45] < {r:{asn:null},f:[1,100,10]}
[20:07:45] < {r:{di7mo:-1},f:[1,0,13]}
[20:07:45] < {r:{di7ac:0},f:[1,0,12]}
[20:07:45] < {r:{di7fn:0},f:[1,0,12]}
[20:07:45] < {r:{asx:null},f:[1,100,10]}
[20:07:45] < {r:{di8mo:-1},f:[1,0,13]}
[20:07:45] < {r:{di8ac:0},f:[1,0,12]}
[20:07:45] < {r:{di8fn:0},f:[1,0,12]}
[20:07:45] < {r:{di9mo:-1},f:[1,0,13]}
[20:07:45] < {r:{di9ac:0},f:[1,0,12]}
[20:07:45] < {r:{di9fn:0},f:[1,0,12]}
[20:07:45] < {r:{homingc:null},f:[1,100,20]}
[20:07:45] < {r:{st:null},f:[1,100,9]}
[20:07:45] < {r:{xhd:1},f:[1,0,10]}
[20:07:45] < {r:{xsv:1000},f:[1,0,13]}
[20:07:45] < {r:{xlv:100.00},f:[1,0,12]}
[20:07:45] < {r:{xlb:5.000},f:[1,0,10]}
[20:07:45] < {r:{xzb:2.000},f:[1,0,10]}
[20:07:45] < {r:{xjh:10000},f:[1,0,14]}
[20:07:45] < {r:{zhd:0},f:[1,0,10]}
[20:07:45] < {r:{zsv:1000},f:[1,0,13]}
[20:07:45] < {r:{zlv:100.00},f:[1,0,12]}
[20:07:45] < {r:{zlb:5.000},f:[1,0,10]}
[20:07:45] < {r:{zzb:50.305},f:[1,0,15]}
[20:07:45] < {r:{zjh:10000},f:[1,0,14]}
[20:07:45] < {r:{ahd:1},f:[1,0,10]}
[20:07:45] < {r:{asv:5000},f:[1,0,13]}
[20:07:45] < {r:{alv:500.00},f:[1,0,12]}
[20:07:45] < {r:{alb:20.000},f:[1,0,11]}
[20:07:45] < {r:{azb:0.000},f:[1,0,10]}
[20:07:45] < {r:{ajh:10000},f:[1,0,14]}
[20:07:45] < [ej]  enable json mode            0 [0=text,1=JSON]
[20:07:45] < tinyg [mm] ok> 
[20:07:45] < stat:3
[20:07:45] Machine is homed. 
[20:09:12] Homing all axes. 
[20:09:12] > G28.2 Z0 X0
[20:09:12] > G90 G0 Z-12
[20:09:12] < tinyg [mm] ok> 
[20:09:12] < posz:-3.805,feed:1000.00,vel:1000.00,dist:1,momo:1,stat:9
[20:09:12] < posz:-7.979
[20:09:13] < posz:-12.179
[20:09:13] < posz:-16.353
[20:09:13] < posz:-20.528
[20:09:13] < posz:-24.703
[20:09:14] < posz:-28.852
[20:09:14] < posz:-33.052
[20:09:14] < posz:-37.227
[20:09:14] < posz:-41.401
[20:09:15] < posz:-45.576
[20:09:15] < posz:-49.725
[20:09:15] < posz:-49.278
[20:09:15] < posz:-45.780,vel:0.04
[20:09:16] < posz:-46.187,feed:100.00,vel:100.00
[20:09:16] < posz:-46.604
[20:09:16] < posz:-47.022
[20:09:16] < posz:-47.439
[20:09:17] < posz:-47.856
[20:09:17] < posz:-48.273
[20:09:17] < posz:-48.691
[20:09:17] < posz:-49.108
[20:09:18] < posz:-49.525
[20:09:18] < posz:-49.942
[20:09:18] < posz:-50.312,vel:0.00
[20:09:18] < posz:-46.507,feed:1000.00,vel:1000.00
[20:09:19] < posz:-42.333
[20:09:19] < posz:-38.133
[20:09:19] < posz:-33.958
[20:09:19] < posz:-29.784
[20:09:20] < posz:-25.609
[20:09:20] < posz:-21.460
[20:09:20] < posz:-17.260
[20:09:20] < posz:-13.085
[20:09:21] < posz:-8.911
[20:09:21] < posz:-4.736
[20:09:21] < posz:-0.586
[20:09:21] < posx:1.980,posz:0.000
[20:09:22] < posx:0.309
[20:09:22] < posx:-2.590,vel:0.04
[20:09:22] < posx:-2.183,feed:100.00,vel:100.00
[20:09:22] < posx:-1.766
[20:09:23] < posx:-1.349
[20:09:23] < posx:-0.934
[20:09:23] < posx:-0.514
[20:09:23] < posx:-0.096
[20:09:24] < posx:0.321
[20:09:24] < posx:0.738
[20:09:24] < posx:1.153
[20:09:24] < posx:1.573
[20:09:25] < posx:1.990,vel:99.88
[20:09:25] < tinyg [mm] ok> 
[20:09:25] < posx:0.000,feed:1000.00,vel:0.00,stat:5
[20:09:25] < posz:-11.293,feed:250.00,vel:2083.77,dist:0,momo:0
[20:09:25] < posz:-12.000,vel:0.00,stat:3
[20:09:25] Machine is homed. 
[20:09:25] > G28.2 A0
[20:09:25] > G91 G0 A30
[20:09:25] < tinyg [mm] ok> 
[20:09:26] < posa:36.747,feed:5000.00,vel:5000.00,dist:1,momo:1,stat:9
[20:09:26] < posa:57.622
[20:09:26] < posa:78.372
[20:09:26] < posa:99.372
[20:09:27] < posa:120.247
[20:09:27] < posa:141.122
[20:09:27] < posa:161.997
[20:09:27] < posa:182.872
[20:09:28] < posa:203.747
[20:09:28] < posa:224.622
[20:09:28] < posa:245.497
[20:09:28] < posa:266.371
[20:09:29] < posa:287.246
[20:09:29] < posa:308.121
[20:09:29] < posa:328.996
[20:09:30] < posa:349.871
[20:09:30] < posa:352.598,vel:4716.02
[20:09:30] < posa:335.245,vel:37.64
[20:09:30] < posa:336.702,feed:500.00,vel:500.00
[20:09:31] < posa:338.786
[20:09:31] < posa:340.870
[20:09:31] < posa:342.955
[20:09:31] < posa:345.027
[20:09:32] < posa:347.124
[20:09:32] < posa:349.208
[20:09:32] < tinyg [mm] ok> 
[20:09:32] < posa:0.044,feed:250.00,vel:359.84,momo:0,stat:5
[20:09:32] < posa:29.842,vel:1030.70
[20:09:33] < posa:30.000,vel:0.00,stat:3
[20:09:33] Machine is homed. 
[20:09:33] > $di1fn=2
[20:09:33] TinyG Command received 
[20:09:33] > G91 G0 A1
[20:09:33] > G91 G1 A-30 F250
[20:09:33] < [di1fn] input function          2 [0=none,1=limit,2=interlock,3=shutdown]
[20:09:33] < tinyg [mm] ok> 
[20:09:33] < tinyg [mm] ok> 
[20:09:33] < tinyg [mm] ok> 
[20:09:33] < posa:30.415,vel:250.00,momo:1,stat:5
[20:09:33] < posa:29.371
[20:09:33] < posa:28.334
[20:09:34] < posa:27.284
[20:09:34] < posa:26.240
[20:09:34] < posa:25.196
[20:09:34] < posa:24.152
[20:09:35] < posa:23.108
[20:09:35] < posa:22.064
[20:09:35] < posa:21.021
[20:09:35] < posa:19.977
[20:09:36] < posa:19.104,vel:0.00,stat:6
[20:09:36] Interlock hit. Stop. Flush queue...
[20:09:36] WE'RE HOMING, ASK FOR $POSA 
[20:09:36] Asking for directions
[20:09:36] < tinyg [mm] ok> 
[20:09:36] < stat:3
[20:09:36] Machine is homed. 
[20:09:36] < [di1fn] input function          0 [0=none,1=limit,2=interlock,3=shutdown]
[20:09:36] < tinyg [mm] ok> 
[20:09:36] > $posa
[20:09:36] TinyG Command received 
[20:09:36] < A position:         19.104 deg
[20:09:36] < A position:         19.104 deg
[20:09:36] < tinyg [mm] ok> 
[20:09:36] > G91 G0 A0
[20:09:36] > G90 G0 A9.552
[20:09:36] < tinyg [mm] ok> 
[20:09:36] < tinyg [mm] ok> 
[20:09:36] < line:0,posx:0.000,posy:0.000,posz:-12.000,posa:9.555,feed:250.00,vel:76.91,unit:1,coor:0,dist:0,admo:1,frmo:1,momo:0,stat:5
[20:09:36] > G28.3 A0
[20:09:36] < tinyg [mm] ok> 
[20:09:36] < posa:0.000,dist:0,momo:0,stat:3
[20:09:36] Machine is homed. 
[20:09:36] > G90 G0 Z0 A20
[20:09:36] < tinyg [mm] ok> 
[20:09:37] < posz:-0.707,posa:18.822,vel:4050.12,stat:5
[20:09:37] < posz:0.000,posa:20.000,vel:0.00,stat:3
[20:09:37] Machine is homed. 


