[13:34:44] Starting Log file for session: 2020724-133444

[13:33:55] Terminal cleared and ready...
[13:33:56] Homing all axes... 
[13:33:56] > G28.2 Z0 X0
[13:33:56] < tinyg [mm] ok> 
[13:33:57] < posz:-15.805,feed:1000.00,vel:1000.00,stat:9
[13:33:57] < posz:-20.004
[13:33:57] < posz:-24.179
[13:33:57] < posz:-28.353
[13:33:58] < posz:-32.528
[13:33:58] < posz:-36.703
[13:33:58] < posz:-40.852
[13:33:58] < posz:-45.052
[13:33:59] < posz:-49.227
[13:33:59] < posz:-49.753
[13:33:59] < posz:-45.766,vel:171.72
[13:33:59] < posz:-46.053,feed:100.00,vel:100.00
[13:34:00] < posz:-46.473
[13:34:00] < posz:-46.890
[13:34:00] < posz:-47.308
[13:34:00] < posz:-47.725
[13:34:01] < posz:-48.142
[13:34:01] < posz:-48.559
[13:34:01] < posz:-48.977
[13:34:01] < posz:-49.394
[13:34:02] < posz:-49.811
[13:34:02] < posz:-50.228
[13:34:02] < posz:-48.276,feed:1000.00,vel:1000.00
[13:34:02] < posz:-44.101
[13:34:03] < posz:-39.926
[13:34:03] < posz:-35.752
[13:34:03] < posz:-31.577
[13:34:03] < posz:-27.428
[13:34:04] < posz:-23.228
[13:34:04] < posz:-19.053
[13:34:04] < posz:-14.879
[13:34:04] < posz:-10.704
[13:34:05] < posz:-6.529
[13:34:05] < posz:-2.355
[13:34:05] < posx:0.190,posz:0.000,vel:869.34
[13:34:05] < posx:2.103,vel:987.94
[13:34:06] < posx:-2.061,vel:1000.00
[13:34:06] < posx:-2.363,feed:100.00,vel:100.00
[13:34:06] < posx:-1.946
[13:34:06] < posx:-1.528
[13:34:07] < posx:-1.111
[13:34:07] < posx:-0.696
[13:34:07] < posx:-0.276
[13:34:07] < posx:0.141
[13:34:08] < posx:0.558
[13:34:08] < posx:0.976
[13:34:08] < posx:1.391
[13:34:08] < posx:1.810
[13:34:09] < posx:1.099,feed:1000.00,vel:1000.00
[13:34:09] < posx:0.000,feed:500.00,vel:0.00,momo:4,stat:3
[13:34:09] STAT:3 - Clear the buffer 
[13:34:09] > G90 G0 Z-12
[13:34:09] > G28.2 A0
[13:34:09] < tinyg [mm] ok> 
[13:34:09] < tinyg [mm] ok> 
[13:34:09] < posz:-11.293,vel:2083.77,dist:0,momo:0,stat:9
[13:34:10] < posz:-12.000,posa:-2.368,feed:2000.00,vel:2000.00,dist:1,momo:1
[13:34:10] < posa:-10.695
[13:34:10] < posa:-18.844,vel:1000.00
[13:34:10] < posa:-14.525,vel:2000.00
[13:34:11] < posa:-6.126
[13:34:11] < posa:1.199,vel:0.81
[13:34:11] < vel:0.00
[13:34:11] < posa:-6.108,vel:2000.00
[13:34:11] < posa:-14.436
[13:34:12] < posa:-18.642,feed:500.00,vel:500.00
[13:34:12] < posa:-16.555
[13:34:12] < posa:-14.468
[13:34:12] < posa:-12.394
[13:34:13] < posa:-10.294
[13:34:13] < posa:-8.207
[13:34:13] < posa:-6.121
[13:34:13] < posa:-4.034
[13:34:14] < posa:-1.947
[13:34:14] < posa:0.092,vel:147.08
[13:34:14] < posa:0.000,feed:1000.00,vel:0.00,momo:4,stat:3
[13:34:14] STAT:3 - Clear the buffer 
[13:34:14] > G91 G0 A30
[13:34:14] > $di1fn=2
[13:34:14] < tinyg [mm] ok> 
[13:34:14] < {er:{fb:86.03,st:9,msg:"File not open - write_persistent"}}
[13:34:14] < [di1fn] input function          2 [0=none,1=limit,2=interlock,3=shutdown]
[13:34:14] < tinyg [mm] ok> 
[13:34:14] > G91 G0 A1
[13:34:14] < tinyg [mm] ok> 
[13:34:14] < posa:28.059,vel:3814.62,momo:0,stat:5
[13:34:15] < posa:31.000,vel:0.00,stat:3
[13:34:15] STAT:3 - Clear the buffer 
[13:34:15] > $di1ac=2
[13:34:15] > G91 G1 A-30 F250
[13:34:15] < [di1ac] input action            2 [0=none,1=stop,2=halt,3=stop_steps,4=panic,5=reset]
[13:34:15] < tinyg [mm] ok> 
[13:34:15] < tinyg [mm] ok> 
[13:34:15] < posa:29.996,feed:250.00,vel:250.00,momo:1,stat:5
[13:34:15] < posa:28.952
[13:34:16] < posa:27.909
[13:34:16] < posa:26.865
[13:34:16] < posa:25.821
[13:34:16] < posa:24.777
[13:34:17] < posa:23.733
[13:34:17] < posa:22.690
[13:34:17] < posa:21.646
[13:34:17] < posa:20.602
[13:34:18] < posa:19.558
[13:34:18] < posa:18.514
[13:34:18] < posa:17.470
[13:34:18] < posa:16.427
[13:34:19] < posa:15.383
[13:34:19] < posa:14.345
[13:34:19] < posa:13.296
[13:34:19] < posa:12.252
[13:34:20] < posa:12.023,vel:0.00,stat:6
[13:34:20] Interlock hit. Stop. Flush queue...
[13:34:20] WE'RE HOMING, ASK FOR $POSA 
[13:34:20] < stat:3
[13:34:20] STAT:3 - Clear the buffer 
[13:34:21] < stat:3
[13:34:21] STAT:3 - Clear the buffer 
[13:34:38] Loading file...
[13:34:42] No file selected


