[19:52:33] Starting Log file for session: 20201013-195233

[19:47:31] Terminal cleared and ready...
[19:47:47] > g91 g1 z5 f250
[19:47:47] < tinyg [mm] ok> 
[19:47:47] < posz:0.773,feed:250.00,vel:250.00,dist:1,momo:1,stat:5
[19:47:47] < posz:1.604
[19:47:47] < posz:2.434
[19:47:48] < posz:3.271
[19:47:48] < posz:4.102
[19:47:48] < posz:4.939,vel:249.97
[19:47:48] < posz:5.000,vel:0.00,stat:3
[19:47:48] Machine is homed. 
[19:52:20] Connected to Serial on port COM6
[19:52:20] < {"r":{"fv":0.98,"fb":86.03,"hp":3,"hv":0,"id":"0213-0215-0515","msg":"SYSTEM READY"},"f":[1,0,1]}
[19:52:20] < [ej]  enable json mode            0 [0=text,1=JSON]
[19:52:20] < tinyg [mm] ok> 
[19:52:28] Loading file...
[19:52:30] File to load: C:\Users\Oscar\Desktop\init.json
[19:52:30] Loading File... 
[19:52:31] JSON Loaded... 
[19:52:31] Dumping init file... 
[19:52:31] < {"r":{"js":1},"f":[1,0,9]}
[19:52:31] < {"r":{"gpa":1},"f":[1,0,10]}
[19:52:31] < {"r":{"gun":1},"f":[1,0,10]}
[19:52:31] < {"r":{"ja":0.20},"f":[1,0,11]}
[19:52:31] < {"r":{"si":200},"f":[1,0,11]}
[19:52:31] < {"r":{"jv":5},"f":[1,0,9]}
[19:52:31] < {"r":{"mt":1},"f":[1,0,9]}
[19:52:31] < {"r":{"1ma":1},"f":[1,0,10]}
[19:52:31] < {"r":{"2ma":2},"f":[1,0,10]}
[19:52:31] < {"r":{"3ma":0},"f":[1,0,10]}
[19:52:31] < {"r":{"4ma":3},"f":[1,0,10]}
[19:52:31] < {"r":{"1po":0},"f":[1,0,10]}
[19:52:31] < {"r":{"2po":0},"f":[1,0,10]}
[19:52:31] < {"r":{"3po":1},"f":[1,0,10]}
[19:52:31] < {"r":{"4po":1},"f":[1,0,10]}
[19:52:31] < {"r":{"2tr":1.2500},"f":[1,0,13]}
[19:52:31] < {"r":{"3tr":15.9593},"f":[1,0,26]}
[19:52:31] < {"r":{"4tr":9.2000},"f":[1,0,12]}
[19:52:31] < {"r":{"1pl":0.000},"f":[1,0,10]}
[19:52:31] < {"r":{"2pl":1.000},"f":[1,0,10]}
[19:52:31] < {"r":{"3pl":0.000},"f":[1,0,10]}
[19:52:31] < {"r":{"4pl":0.000},"f":[1,0,10]}
[19:52:31] < {"r":{"1pm":0},"f":[1,0,10]}
[19:52:31] < {"r":{"2pm":2},"f":[1,0,10]}
[19:52:31] < {"r":{"3pm":1},"f":[1,0,10]}
[19:52:31] < {"r":{"4pm":1},"f":[1,0,10]}
[19:52:31] < {"r":{"2sa":1.800},"f":[1,0,12]}
[19:52:31] < {"r":{"3sa":1.800},"f":[1,0,12]}
[19:52:31] < {"r":{"4sa":1.800},"f":[1,0,12]}
[19:52:31] < {"r":{"2mi":8},"f":[1,0,10]}
[19:52:31] < {"r":{"3mi":10,"msg":"*** WARNING *** Setting non-standard microstep value"},"f":[1,0,11]}
[19:52:31] < {"r":{"4mi":10,"msg":"*** WARNING *** Setting non-standard microstep value"},"f":[1,0,11]}
[19:52:31] < "r":{"xam":1},"f":[1,0,10]}
[19:52:31] < {"r":{"xvm":10000},"f":[1,0,14]}
[19:52:31] < {"r":{"xfr":10000},"f":[1,0,14]}
[19:52:31] < {"r":{"xjm":20000},"f":[1,0,14]}
[19:52:31] < {"r":{"yam":0},"f":[1,0,10]}
[19:52:31] < {"r":{"zam":1},"f":[1,0,10]}
[19:52:31] < {"r":{"zvm":850},"f":[1,0,12]}
[19:52:31] < {"r":{"zfr":850},"f":[1,0,12]}
[19:52:31] < {"r":{"zjm":5000},"f":[1,0,13]}
[19:52:31] < {"r":{"aam":1},"f":[1,0,10]}
[19:52:31] < {"r":{"avm":10000},"f":[1,0,14]}
[19:52:31] < {"r":{"afr":10000},"f":[1,0,14]}
[19:52:31] < {"r":{"ajm":10000},"f":[1,0,14]}
[19:52:31] < {"r":{"di8mo":-1},"f":[1,0,13]}
[19:52:31] < {"r":{"xhi":0},"f":[1,0,10]}
[19:52:31] < {"r":{"yhi":0},"f":[1,0,10]}
[19:52:31] < {"r":{"zhi":0},"f":[1,0,10]}
[19:52:31] < {"r":{"bhi":0},"f":[1,0,10]}
[19:52:31] < {"r":{"chi":0},"f":[1,0,10]}
[19:52:31] < {"r":{"di1mo":1},"f":[1,0,12]}
[19:52:31] < {"r":{"di1ac":0},"f":[1,0,12]}
[19:52:31] < {"r":{"di1fn":0},"f":[1,0,12]}
[19:52:31] < {"r":{"ahi":1},"f":[1,0,10]}
[19:52:31] < {"r":{"ahd":1},"f":[1,0,10]}
[19:52:31] < {"r":{"asv":2000},"f":[1,0,13]}
[19:52:31] < {"r":{"alv":500.00},"f":[1,0,12]}
[19:52:31] < {"r":{"alb":20.000},"f":[1,0,11]}
[19:52:31] < {"r":{"ajh":10000},"f":[1,0,14]}
[19:52:31] < {"r":{"di2mo":0},"f":[1,0,12]}
[19:52:31] < {"r":{"di2ac":0},"f":[1,0,12]}
[19:52:31] < {"r":{"di2fn":0},"f":[1,0,12]}
[19:52:31] < {"r":{"zhi":2},"f":[1,0,10]}
[19:52:31] < {"r":{"zhd":0},"f":[1,0,10]}
[19:52:31] < {"r":{"zsv":500},"f":[1,0,12]}
[19:52:31] < {"r":{"zlv":50.00},"f":[1,0,11]}
[19:52:31] < {"r":{"zlb":1.000},"f":[1,0,10]}
[19:52:31] < {"r":{"ajh":10000},"f":[1,0,14]}
[19:52:31] < {"r":{"sl":1},"f":[1,0,9]}
[19:52:31] < {"r":{"atm":3600.000},"f":[1,0,13]}
[19:52:31] < {"r":{"atn":-3600.000},"f":[1,0,14]}
[19:52:31] < {"r":{"xtm":90000.000},"f":[1,0,14]}
[19:52:31] < {"r":{"xtn":-90000.000},"f":[1,0,15]}
[19:52:31] < {"r":{"ztm":5.000},"f":[1,0,10]}
[19:52:31] < {"r":{"ztn":-19.000},"f":[1,0,12]}
[19:52:31] < {"r":{"azb":0.000},"f":[1,0,10]}
[19:52:31] < {"r":{"zzb":12.000},"f":[1,0,11]}
[19:52:31] < [ej]  enable json mode            0 [0=text,1=JSON]
[19:52:31] < tinyg [mm] ok> 
[19:52:31] < line:0,posx:0.000,posy:0.000,posz:0.000,posa:0.000,feed:0.00,vel:0.00,unit:1,coor:1,dist:0,admo:1,frmo:1,momo:4,stat:1


