[13:33:55] Starting Log file for session: 2020724-133355

[13:33:47] Terminal ready... 
[13:33:47] Log file started 
[13:33:47] Please choose a Serial port to connect to... 
[13:33:48] Connected to Serial on port COM6
[13:33:48] < {r:{fv:0.98,fb:86.03,hp:3,hv:0,id:"0213-0215-0515",msg:"SYSTEM READY"},f:[1,0,1]}
[13:33:48] < tinyg [mm] ok> 
[13:33:49] Loading file...
[13:33:51] File to load: C:\Github\MaterialProfiles\3D_POC\data\3D_INIT.json
[13:33:51] Loading File... 
[13:33:51] JSON Loaded... 
[13:33:52] Dumping init file... 
[13:33:52] < {r:{tinygmo:null},f:[1,100,26]}
[13:33:52] < {r:{baud:null},f:[1,100,11]}
[13:33:52] < {r:{js:0},f:[1,0,9]}
[13:33:52] < {r:{gpa:0},f:[1,0,10]}
[13:33:52] < {r:{gun:1},f:[1,0,10]}
[13:33:52] < {r:{ja:0.00},f:[1,0,9]}
[13:33:52] < {r:{si:250},f:[1,0,11]}
[13:33:52] < {r:{jv:5},f:[1,0,9]}
[13:33:52] < {r:{mt:0},f:[1,0,11]}
[13:33:52] < {r:{st:null},f:[1,100,9]}
[13:33:52] < {r:{motorma:null},f:[1,100,20]}
[13:33:52] < {r:{1ma:5},f:[1,0,10]}
[13:33:52] < {r:{2ma:0},f:[1,0,10]}
[13:33:52] < {r:{3ma:2},f:[1,0,10]}
[13:33:52] < {r:{4ma:3},f:[1,0,10]}
[13:33:52] < {r:{polarit:null},f:[1,100,18]}
[13:33:52] < {r:{1po:1},f:[1,0,10]}
[13:33:52] < {r:{2po:0},f:[1,0,10]}
[13:33:52] < {r:{3po:1},f:[1,0,10]}
[13:33:52] < {r:{4po:0},f:[1,0,10]}
[13:33:52] < {r:{trvalue:null},f:[1,100,16]}
[13:33:52] < {r:{1tr:60.0000},f:[1,0,11]}
[13:33:52] < {r:{2tr:6.3500},f:[1,0,13]}
[13:33:52] < {r:{3tr:5.0000},f:[1,0,10]}
[13:33:52] < {r:{4tr:60.0000},f:[1,0,11]}
[13:33:52] < {r:{powerse:null},f:[1,100,21]}
[13:33:52] < {r:{1pl:1.000},f:[1,0,10]}
[13:33:52] < {r:{2pl:1.000},f:[1,0,10]}
[13:33:52] < {r:{3pl:0.000},f:[1,0,10]}
[13:33:52] < {r:{4pl:0.000},f:[1,0,10]}
[13:33:52] < {r:{1pm:2},f:[1,0,10]}
[13:33:52] < {r:{2pm:2},f:[1,0,10]}
[13:33:52] < {r:{3pm:2},f:[1,0,10]}
[13:33:52] < {r:{4pm:2},f:[1,0,10]}
[13:33:52] < {r:{motorse:null},f:[1,100,21]}
[13:33:52] < {r:{1mi:16},f:[1,0,11]}
[13:33:52] < {r:{2mi:32},f:[1,0,11]}
[13:33:52] < {r:{3mi:10,msg:"*** WARNING *** Setting non-standard microstep value"},f:[1,0,11]}
[13:33:52] < {r:{4mi:10,msg:"*** WARNING *** Setting non-standard microstep value"},f:[1,0,11]}
[13:33:52] < {r:{1sa:1.800},f:[1,0,12]}
[13:33:52] < {r:{2sa:1.800},f:[1,0,12]}
[13:33:52] < {r:{3sa:1.800},f:[1,0,12]}
[13:33:52] < {r:{4sa:1.800},f:[1,0,12]}
[13:33:52] < {r:{axesset:null},f:[1,100,20]}
[13:33:52] < {r:{xam:1},f:[1,0,10]}
[13:33:52] < {r:{xvm:1500},f:[1,0,13]}
[13:33:52] < {r:{xjm:5000},f:[1,0,13]}
[13:33:52] < {r:{xfr:5000},f:[1,0,13]}
[13:33:52] < {r:{xtn:-500.000},f:[1,0,13]}
[13:33:52] < {r:{xtm:0.000},f:[1,0,10]}
[13:33:52] < {r:{yam:0},f:[1,0,10]}
[13:33:52] < {r:{yvm:0},f:[1,0,10]}
[13:33:52] < {r:{yjm:0},f:[1,0,10]}
[13:33:52] < {r:{yfr:0},f:[1,0,10]}
[13:33:52] < {r:{zam:1},f:[1,0,10]}
[13:33:52] < {r:{zvm:3750},f:[1,0,13]}
[13:33:52] < {r:{zjm:5000},f:[1,0,13]}
[13:33:52] < {r:{zfr:3750},f:[1,0,13]}
[13:33:52] < {r:{ztn:-100.000},f:[1,0,13]}
[13:33:52] < {r:{ztm:2.000},f:[1,0,10]}
[13:33:52] < {r:{aam:1},f:[1,0,10]}
[13:33:52] < {r:{avm:20000},f:[1,0,14]}
[13:33:52] < {r:{ajm:10000},f:[1,0,14]}
[13:33:52] < {r:{afr:15000},f:[1,0,14]}
[13:33:52] < {r:{atn:-3600.000},f:[1,0,14]}
[13:33:52] < {r:{atm:3600.000},f:[1,0,13]}
[13:33:52] < {r:{cam:1},f:[1,0,10]}
[13:33:52] < {r:{cvm:10000},f:[1,0,14]}
[13:33:52] < {r:{cjm:5000},f:[1,0,13]}
[13:33:52] < {r:{cfr:10000},f:[1,0,14]}
[13:33:52] < {r:{ctn:-3600.000},f:[1,0,14]}
[13:33:52] < {r:{ctm:3600.000},f:[1,0,13]}
[13:33:52] < {r:{limitsw:null},f:[1,100,21]}
[13:33:52] < {r:{sl:1},f:[1,0,9]}
[13:33:52] < {r:{xsn:null},f:[1,100,10]}
[13:33:52] < {r:{ahi:1},f:[1,0,10]}
[13:33:52] < {r:{di1mo:1},f:[1,0,12]}
[13:33:52] < {r:{di1ac:0},f:[1,0,12]}
[13:33:52] < {r:{di1fn:0},f:[1,0,12]}
[13:33:52] < {r:{xsx:null},f:[1,100,10]}
[13:33:52] < {r:{xhi:2},f:[1,0,10]}
[13:33:52] < {r:{di2mo:0},f:[1,0,12]}
[13:33:52] < {r:{di2ac:0},f:[1,0,12]}
[13:33:52] < {r:{di2fn:0},f:[1,0,12]}
[13:33:52] < {r:{ysn:null},f:[1,100,10]}
[13:33:52] < {r:{yhi:0},f:[1,0,10]}
[13:33:52] < {r:{di3mo:-1},f:[1,0,13]}
[13:33:52] < {r:{di3ac:0},f:[1,0,12]}
[13:33:52] < {r:{di3fn:0},f:[1,0,12]}
[13:33:52] < {r:{ysx:null},f:[1,100,10]}
[13:33:52] < {r:{di4mo:-1},f:[1,0,13]}
[13:33:52] < {r:{di4ac:0},f:[1,0,12]}
[13:33:52] < {r:{di4fn:0},f:[1,0,12]}
[13:33:52] < {r:{zsn:null},f:[1,100,10]}
[13:33:52] < {r:{zhi:5},f:[1,0,10]}
[13:33:52] < {r:{di5mo:0},f:[1,0,12]}
[13:33:52] < {r:{di5ac:0},f:[1,0,12]}
[13:33:52] < {r:{di5fn:0},f:[1,0,12]}
[13:33:52] < {r:{zsx:null},f:[1,100,10]}
[13:33:52] < {r:{di6mo:-1},f:[1,0,13]}
[13:33:52] < {r:{di6ac:0},f:[1,0,12]}
[13:33:52] < {r:{di6fn:0},f:[1,0,12]}
[13:33:52] < {r:{asn:null},f:[1,100,10]}
[13:33:52] < {r:{di7mo:-1},f:[1,0,13]}
[13:33:52] < {r:{di7ac:0},f:[1,0,12]}
[13:33:52] < {r:{di7fn:0},f:[1,0,12]}
[13:33:52] < {r:{asx:null},f:[1,100,10]}
[13:33:52] < {r:{di8mo:-1},f:[1,0,13]}
[13:33:52] < {r:{di8ac:0},f:[1,0,12]}
[13:33:52] < {r:{di8fn:0},f:[1,0,12]}
[13:33:52] < {r:{di9mo:-1},f:[1,0,13]}
[13:33:52] < {r:{di9ac:0},f:[1,0,12]}
[13:33:52] < {r:{di9fn:0},f:[1,0,12]}
[13:33:52] < {r:{homingc:null},f:[1,100,20]}
[13:33:52] < {r:{st:null},f:[1,100,9]}
[13:33:52] < {r:{xhd:1},f:[1,0,10]}
[13:33:52] < {r:{xsv:1000},f:[1,0,13]}
[13:33:52] < {r:{xlv:100.00},f:[1,0,12]}
[13:33:52] < {r:{xlb:5.000},f:[1,0,10]}
[13:33:52] < {r:{xzb:2.000},f:[1,0,10]}
[13:33:52] < {r:{xjh:10000},f:[1,0,14]}
[13:33:52] < {r:{zhd:0},f:[1,0,10]}
[13:33:52] < {r:{zsv:1000},f:[1,0,13]}
[13:33:52] < {r:{zlv:100.00},f:[1,0,12]}
[13:33:52] < {r:{zlb:5.000},f:[1,0,10]}
[13:33:52] < {r:{zzb:50.305},f:[1,0,15]}
[13:33:52] < {r:{zjh:10000},f:[1,0,14]}
[13:33:52] < {r:{ahd:1},f:[1,0,10]}
[13:33:52] < {r:{asv:2000},f:[1,0,13]}
[13:33:52] < {r:{alv:500.00},f:[1,0,12]}
[13:33:52] < {r:{alb:20.000},f:[1,0,11]}
[13:33:52] < {r:{azb:0.000},f:[1,0,10]}
[13:33:52] < {r:{ajh:10000},f:[1,0,14]}
[13:33:52] < {sr:{stat:3}}
[13:33:53] > $ej:0

[13:33:53] < [ej]  enable json mode            0 [0=text,1=JSON]
[13:33:53] < tinyg [mm] ok> 


