[20:52:14] Starting Log file for session: 2020724-205214

[20:45:15] Terminal ready... 
[20:45:15] Log file started 
[20:45:15] Please choose a Serial port to connect to... 
[20:45:17] Connected to Serial on port COM6
[20:45:17] < {r:{fv:0.98,fb:86.03,hp:3,hv:0,id:"0213-0215-0515",msg:"SYSTEM READY"},f:[1,0,1]}
[20:45:17] < tinyg [mm] ok> 
[20:45:17] < [ej]  enable json mode            0 [0=text,1=JSON]
[20:45:17] < tinyg [mm] ok> 
[20:45:22] > g90 g0 x-10
[20:45:22] < tinyg [mm] ok> 
[20:45:22] < posx:-5.317,vel:1500.00,stat:5
[20:45:22] < posx:-10.000,vel:0.00,stat:3
[20:45:22] Machine is homed. 
[20:45:25] > g90 g0 x-100
[20:45:25] < tinyg [mm] ok> 
[20:45:25] < posx:-15.298,vel:1500.00,stat:5
[20:45:25] < posx:-21.559
[20:45:26] < posx:-27.820
[20:45:26] < posx:-34.080
[20:45:26] < posx:-40.341
[20:45:26] < posx:-46.565
[20:45:27] < posx:-52.863
[20:45:27] < posx:-59.124
[20:45:27] < posx:-65.385
[20:45:27] < posx:-71.646
[20:45:28] < posx:-77.870
[20:45:28] < posx:-84.168
[20:45:28] < posx:-90.429
[20:45:28] < posx:-96.690
[20:45:29] < posx:-100.000,vel:0.00,stat:3
[20:45:29] Machine is homed. 
[20:46:53] > g91 g1 z1
[20:46:53] < tinyg [mm] ok> 
[20:46:54] < posz:0.978,vel:194.69,dist:1,momo:1,stat:5
[20:46:54] < posz:1.000,vel:0.00,stat:3
[20:46:54] Machine is homed. 
[20:46:57] > g91 g1 z1
[20:46:57] < tinyg [mm] ok> 
[20:46:57] < posz:1.978,vel:194.69,stat:5
[20:46:57] < posz:2.000,vel:0.00,stat:3
[20:46:57] Machine is homed. 
[20:47:00] > g91 g1 z1
[20:47:00] < {er:{fb:86.03,st:226,msg:"Soft limit - Z max - soft_limits"}}
[20:47:00] < tinyg [mm] err[226]: Soft limit - Z max: g91 g1 z1 
[20:47:06] > $clear
[20:47:06] TinyG Command received 
[20:47:06] < tinyg [mm] ok> 
[20:47:19] > g28.3z-10
[20:47:19] < tinyg [mm] ok> 
[20:47:21] > g91 g0 z1
[20:47:22] < tinyg [mm] ok> 
[20:47:22] < posz:-9.000,momo:0,stat:3
[20:47:22] Machine is homed. 
[20:47:53] > g28.3z0
[20:47:53] < tinyg [mm] ok> 
[20:48:00] > $di1fn=2
[20:48:00] TinyG Command received 
[20:48:00] < [di1fn] input function          2 [0=none,1=limit,2=interlock,3=shutdown]
[20:48:00] < tinyg [mm] ok> 
[20:48:07] > g91 g1 z-100 f250
[20:48:07] < tinyg [mm] ok> 
[20:48:07] < posz:-0.980,vel:250.00,momo:1,stat:5
[20:48:08] < posz:-2.030
[20:48:08] < posz:-3.073
[20:48:08] < posz:-4.117
[20:48:08] < posz:-5.161
[20:48:09] < posz:-6.205
[20:48:09] < posz:-7.248
[20:48:09] < posz:-8.292
[20:48:09] < posz:-9.336
[20:48:10] < posz:-10.379
[20:48:10] < posz:-11.423
[20:48:10] < posz:-12.467
[20:48:10] < posz:-13.510
[20:48:11] < posz:-14.554
[20:48:11] < posz:-15.598
[20:48:11] < posz:-16.641
[20:48:11] < posz:-17.685
[20:48:12] < posz:-18.723
[20:48:12] < posz:-19.773
[20:48:12] < posz:-20.817
[20:48:12] < posz:-21.860
[20:48:13] < posz:-22.904
[20:48:13] < posz:-23.942
[20:48:13] < posz:-24.992
[20:48:13] < posz:-26.036
[20:48:14] < posz:-27.079
[20:48:14] < posz:-28.123
[20:48:14] < posz:-29.167
[20:48:14] < posz:-30.211
[20:48:15] < posz:-31.255
[20:48:15] < posz:-32.298
[20:48:15] < posz:-33.342
[20:48:15] < posz:-34.385
[20:48:16] < posz:-35.429
[20:48:16] < posz:-36.472
[20:48:16] < posz:-37.516
[20:48:16] < posz:-38.559
[20:48:17] < posz:-39.603
[20:48:17] < posz:-40.646
[20:48:17] < posz:-41.690
[20:48:17] < posz:-42.733
[20:48:18] < posz:-43.777
[20:48:18] < posz:-44.820
[20:48:18] < posz:-45.858
[20:48:18] < posz:-46.907
[20:48:19] < posz:-47.951
[20:48:19] < posz:-48.994
[20:48:19] < posz:-50.038
[20:48:19] < posz:-51.075
[20:48:20] < posz:-52.125
[20:48:20] < posz:-53.168
[20:48:20] < posz:-54.212
[20:48:20] < posz:-55.255
[20:48:21] < posz:-56.293
[20:48:21] < posz:-57.342
[20:48:21] < posz:-58.386
[20:48:21] < posz:-59.429
[20:48:22] < posz:-60.473
[20:48:22] < posz:-61.516
[20:48:22] < posz:-62.560
[20:48:22] < posz:-63.603
[20:48:23] < posz:-64.647
[20:48:23] < posz:-65.690
[20:48:23] < posz:-66.734
[20:48:23] < posz:-67.771
[20:48:24] < posz:-68.821
[20:48:24] < posz:-69.864
[20:48:24] < posz:-70.908
[20:48:24] < posz:-71.951
[20:48:25] < posz:-72.995
[20:48:25] < posz:-74.038
[20:48:25] < posz:-75.082
[20:48:25] < posz:-76.125
[20:48:26] < posz:-77.169
[20:48:26] < posz:-78.212
[20:48:26] < posz:-79.256
[20:48:26] < posz:-80.299
[20:48:27] < posz:-81.343
[20:48:27] < posz:-82.386
[20:48:27] < posz:-83.423
[20:48:27] < posz:-84.473
[20:48:28] < posz:-85.517
[20:48:28] < posz:-86.560
[20:48:28] < posz:-87.604
[20:48:28] < posz:-88.647
[20:48:29] < posz:-89.691
[20:48:29] < posz:-90.734
[20:48:29] < posz:-91.778
[20:48:29] < posz:-92.821
[20:48:30] < posz:-93.865
[20:48:30] < posz:-94.908
[20:48:30] < posz:-95.952
[20:48:30] < posz:-96.995
[20:48:31] < posz:-98.039
[20:48:31] < posz:-99.082
[20:48:31] < posz:-100.000,vel:0.00,stat:3
[20:48:31] Machine is homed. 
[20:48:33] > g90 g0 z0
[20:48:33] < tinyg [mm] ok> 
[20:48:33] < posz:-88.228,vel:3750.00,dist:0,momo:0,stat:5
[20:48:33] < posz:-72.487
[20:48:34] < posz:-56.839
[20:48:34] < posz:-41.192
[20:48:34] < posz:-25.545
[20:48:34] < posz:-9.898
[20:48:35] < posz:0.000,vel:0.00,stat:3
[20:48:35] Machine is homed. 
[20:48:40] > $di5fn=2
[20:48:40] TinyG Command received 
[20:48:40] < [di5fn] input function          2 [0=none,1=limit,2=interlock,3=shutdown]
[20:48:40] < tinyg [mm] ok> 
[20:48:43] > g91 g1 z-100 f250
[20:48:43] < tinyg [mm] ok> 
[20:48:44] < posz:-0.980,vel:250.00,dist:1,momo:1,stat:5
[20:48:44] < posz:-2.030
[20:48:44] < posz:-3.073
[20:48:44] < posz:-4.117
[20:48:45] < posz:-5.161
[20:48:45] < posz:-6.205
[20:48:45] < posz:-7.248
[20:48:45] < posz:-8.292
[20:48:46] < posz:-9.336
[20:48:46] < posz:-10.379
[20:48:46] < posz:-11.423
[20:48:46] < posz:-12.467
[20:48:47] < posz:-13.510
[20:48:47] < posz:-14.554
[20:48:47] < posz:-15.598
[20:48:47] < posz:-16.641
[20:48:48] < posz:-17.685
[20:48:48] < posz:-18.723
[20:48:48] < posz:-19.773
[20:48:48] < posz:-20.817
[20:48:49] < posz:-21.860
[20:48:49] < posz:-22.904
[20:48:49] < posz:-23.942
[20:48:49] < posz:-24.992
[20:48:50] < posz:-26.036
[20:48:50] < posz:-27.079
[20:48:50] < posz:-28.123
[20:48:50] < posz:-29.161
[20:48:51] < posz:-30.211
[20:48:51] < posz:-31.255
[20:48:51] < posz:-32.298
[20:48:51] < posz:-33.342
[20:48:52] < posz:-34.385
[20:48:52] < posz:-35.429
[20:48:52] < posz:-36.472
[20:48:52] < posz:-37.516
[20:48:53] < posz:-38.559
[20:48:53] < posz:-39.603
[20:48:53] < posz:-40.646
[20:48:53] < posz:-41.690
[20:48:54] < posz:-42.733
[20:48:54] < posz:-43.777
[20:48:54] < posz:-44.820
[20:48:54] < posz:-45.864
[20:48:55] < posz:-46.907
[20:48:55] < posz:-47.951
[20:48:55] < posz:-48.994
[20:48:55] < posz:-50.038
[20:48:56] < posz:-51.075
[20:48:56] < posz:-52.124,vel:246.93,stat:6
[20:48:56] Interlock hit. Stop. Flush queue...
[20:48:56] < posz:-52.173,vel:0.00,stat:3
[20:48:56] Machine is homed. 
[20:48:59] > $posz
[20:48:59] TinyG Command received 
[20:48:59] < Z position:        -52.173 mm
[20:48:59] < tinyg [mm] ok> 
[20:49:30] Loading file...
[20:49:33] File to load: C:\Github\MaterialProfiles\3D_POC\data\3D_INIT.json
[20:49:33] Loading File... 
[20:49:34] JSON Loaded... 
[20:49:34] Dumping init file... 
[20:49:34] < {r:{tinygmo:null},f:[1,100,26]}
[20:49:34] < {r:{baud:null},f:[1,100,11]}
[20:49:34] < {r:{js:0},f:[1,0,9]}
[20:49:34] < {r:{gpa:0},f:[1,0,10]}
[20:49:34] < {r:{gun:1},f:[1,0,10]}
[20:49:34] < {r:{ja:0.00},f:[1,0,9]}
[20:49:34] < {r:{si:250},f:[1,0,11]}
[20:49:34] < {r:{jv:5},f:[1,0,9]}
[20:49:34] < {r:{mt:0},f:[1,0,11]}
[20:49:34] < {r:{st:null},f:[1,100,9]}
[20:49:34] < {r:{qv:0},f:[1,0,9]}
[20:49:34] < {r:{tv:1},f:[1,0,9]}
[20:49:34] < {r:{sv:1},f:[1,0,9]}
[20:49:34] < {r:{motorma:null},f:[1,100,20]}
[20:49:34] < {r:{1ma:5},f:[1,0,10]}
[20:49:34] < {r:{2ma:0},f:[1,0,10]}
[20:49:34] < {r:{3ma:2},f:[1,0,10]}
[20:49:34] < {r:{4ma:3},f:[1,0,10]}
[20:49:34] < {r:{polarit:null},f:[1,100,18]}
[20:49:34] < {r:{1po:1},f:[1,0,10]}
[20:49:34] < {r:{2po:0},f:[1,0,10]}
[20:49:34] < {r:{3po:1},f:[1,0,10]}
[20:49:34] < {r:{4po:0},f:[1,0,10]}
[20:49:34] < {r:{trvalue:null},f:[1,100,16]}
[20:49:34] < {r:{1tr:60.0000},f:[1,0,11]}
[20:49:34] < {r:{2tr:6.3500},f:[1,0,13]}
[20:49:34] < {r:{3tr:5.0000},f:[1,0,10]}
[20:49:34] < {r:{4tr:60.0000},f:[1,0,11]}
[20:49:34] < {r:{powerse:null},f:[1,100,21]}
[20:49:34] < {r:{1pl:1.000},f:[1,0,10]}
[20:49:34] < {r:{2pl:1.000},f:[1,0,10]}
[20:49:34] < {r:{3pl:0.000},f:[1,0,10]}
[20:49:34] < {r:{4pl:0.000},f:[1,0,10]}
[20:49:34] < {r:{1pm:2},f:[1,0,10]}
[20:49:34] < {r:{2pm:2},f:[1,0,10]}
[20:49:34] < {r:{3pm:2},f:[1,0,10]}
[20:49:34] < {r:{4pm:2},f:[1,0,10]}
[20:49:34] < {r:{motorse:null},f:[1,100,21]}
[20:49:34] < {r:{1mi:16},f:[1,0,11]}
[20:49:34] < {r:{2mi:32},f:[1,0,11]}
[20:49:34] < {r:{3mi:10,msg:"*** WARNING *** Setting non-standard microstep value"},f:[1,0,11]}
[20:49:34] < {r:{4mi:10,msg:"*** WARNING *** Setting non-standard microstep value"},f:[1,0,11]}
[20:49:34] < {r:{1sa:1.800},f:[1,0,12]}
[20:49:34] < {r:{2sa:1.800},f:[1,0,12]}
[20:49:34] < {r:{3sa:1.800},f:[1,0,12]}
[20:49:34] < {r:{4sa:1.800},f:[1,0,12]}
[20:49:34] < {r:{axesset:null},f:[1,100,20]}
[20:49:34] < {r:{xam:1},f:[1,0,10]}
[20:49:34] < {r:{xvm:1500},f:[1,0,13]}
[20:49:34] < {r:{xjm:5000},f:[1,0,13]}
[20:49:34] < {r:{xfr:5000},f:[1,0,13]}
[20:49:34] < {r:{xtn:-500.000},f:[1,0,13]}
[20:49:34] < {r:{xtm:0.000},f:[1,0,10]}
[20:49:34] < {r:{yam:0},f:[1,0,10]}
[20:49:34] < {r:{yvm:0},f:[1,0,10]}
[20:49:34] < {r:{yjm:0},f:[1,0,10]}
[20:49:34] < {r:{yfr:0},f:[1,0,10]}
[20:49:34] < {r:{zam:1},f:[1,0,10]}
[20:49:34] < {r:{zvm:3750},f:[1,0,13]}
[20:49:34] < {r:{zjm:5000},f:[1,0,13]}
[20:49:34] < {r:{zfr:3750},f:[1,0,13]}
[20:49:34] < {r:{ztn:-100.000},f:[1,0,13]}
[20:49:34] < {r:{ztm:2.000},f:[1,0,10]}
[20:49:34] < {r:{aam:1},f:[1,0,10]}
[20:49:34] < {r:{avm:20000},f:[1,0,14]}
[20:49:34] < {r:{ajm:10000},f:[1,0,14]}
[20:49:34] < {r:{afr:15000},f:[1,0,14]}
[20:49:34] < {r:{atn:-3600.000},f:[1,0,14]}
[20:49:34] < {r:{atm:3600.000},f:[1,0,13]}
[20:49:34] < {r:{cam:1},f:[1,0,10]}
[20:49:34] < {r:{cvm:10000},f:[1,0,14]}
[20:49:34] < {r:{cjm:5000},f:[1,0,13]}
[20:49:34] < {r:{cfr:10000},f:[1,0,14]}
[20:49:34] < {r:{ctn:-3600.000},f:[1,0,14]}
[20:49:34] < {r:{ctm:3600.000},f:[1,0,13]}
[20:49:34] < {r:{limitsw:null},f:[1,100,21]}
[20:49:34] < {r:{sl:1},f:[1,0,9]}
[20:49:34] < {r:{xsn:null},f:[1,100,10]}
[20:49:34] < {r:{ahi:1},f:[1,0,10]}
[20:49:34] < {r:{di1mo:1},f:[1,0,12]}
[20:49:34] < {r:{di1ac:0},f:[1,0,12]}
[20:49:34] < {r:{di1fn:0},f:[1,0,12]}
[20:49:34] < {r:{xsx:null},f:[1,100,10]}
[20:49:34] < {r:{xhi:2},f:[1,0,10]}
[20:49:34] < {r:{di2mo:0},f:[1,0,12]}
[20:49:34] < {r:{di2ac:0},f:[1,0,12]}
[20:49:34] < {r:{di2fn:0},f:[1,0,12]}
[20:49:34] < {r:{ysn:null},f:[1,100,10]}
[20:49:34] < {r:{yhi:0},f:[1,0,10]}
[20:49:34] < {r:{di3mo:-1},f:[1,0,13]}
[20:49:34] < {r:{di3ac:0},f:[1,0,12]}
[20:49:34] < {r:{di3fn:0},f:[1,0,12]}
[20:49:34] < {r:{ysx:null},f:[1,100,10]}
[20:49:34] < {r:{di4mo:-1},f:[1,0,13]}
[20:49:34] < {r:{di4ac:0},f:[1,0,12]}
[20:49:34] < {r:{di4fn:0},f:[1,0,12]}
[20:49:34] < {r:{zsn:null},f:[1,100,10]}
[20:49:34] < {r:{zhi:5},f:[1,0,10]}
[20:49:34] < {r:{di5mo:0},f:[1,0,12]}
[20:49:34] < {r:{di5ac:0},f:[1,0,12]}
[20:49:34] < {r:{di5fn:0},f:[1,0,12]}
[20:49:34] < {r:{zsx:null},f:[1,100,10]}
[20:49:34] < {r:{di6mo:-1},f:[1,0,13]}
[20:49:34] < {r:{di6ac:0},f:[1,0,12]}
[20:49:34] < {r:{di6fn:0},f:[1,0,12]}
[20:49:34] < {r:{asn:null},f:[1,100,10]}
[20:49:34] < {r:{di7mo:-1},f:[1,0,13]}
[20:49:34] < {r:{di7ac:0},f:[1,0,12]}
[20:49:34] < {r:{di7fn:0},f:[1,0,12]}
[20:49:34] < {r:{asx:null},f:[1,100,10]}
[20:49:34] < {r:{di8mo:-1},f:[1,0,13]}
[20:49:34] < {r:{di8ac:0},f:[1,0,12]}
[20:49:34] < {r:{di8fn:0},f:[1,0,12]}
[20:49:34] < {r:{di9mo:-1},f:[1,0,13]}
[20:49:34] < {r:{di9ac:0},f:[1,0,12]}
[20:49:34] < {r:{di9fn:0},f:[1,0,12]}
[20:49:34] < {r:{homingc:null},f:[1,100,20]}
[20:49:34] < {r:{st:null},f:[1,100,9]}
[20:49:34] < {r:{xhd:1},f:[1,0,10]}
[20:49:34] < {r:{xsv:1000},f:[1,0,13]}
[20:49:34] < {r:{xlv:100.00},f:[1,0,12]}
[20:49:34] < {r:{xlb:5.000},f:[1,0,10]}
[20:49:34] < {r:{xzb:2.000},f:[1,0,10]}
[20:49:34] < {r:{xjh:10000},f:[1,0,14]}
[20:49:34] < {r:{zhd:0},f:[1,0,10]}
[20:49:34] < {r:{zsv:1000},f:[1,0,13]}
[20:49:34] < {r:{zlv:100.00},f:[1,0,12]}
[20:49:34] < {r:{zlb:5.000},f:[1,0,10]}
[20:49:34] < {r:{zzb:52.100},f:[1,0,13]}
[20:49:34] < {r:{zjh:10000},f:[1,0,14]}
[20:49:34] < {r:{ahd:1},f:[1,0,10]}
[20:49:34] < {r:{asv:5000},f:[1,0,13]}
[20:49:34] < {r:{alv:500.00},f:[1,0,12]}
[20:49:34] < {r:{alb:20.000},f:[1,0,11]}
[20:49:34] < {r:{azb:0.000},f:[1,0,10]}
[20:49:34] < {r:{ajh:10000},f:[1,0,14]}
[20:49:34] < [ej]  enable json mode            0 [0=text,1=JSON]
[20:49:34] < tinyg [mm] ok> 
[20:49:34] < stat:3
[20:49:34] Machine is homed. 
[20:49:36] Homing axis: z
[20:49:36] > G28.2 Z0
[20:49:36] < tinyg [mm] ok> 
[20:49:37] < posz:-48.530,feed:1000.00,vel:1000.00,stat:9
[20:49:37] < posz:-48.253
[20:49:37] < posz:-52.414,vel:869.34
[20:49:38] < posz:-50.208,vel:1000.00
[20:49:38] < posz:-47.600,feed:100.00,vel:100.00
[20:49:38] < posz:-48.017
[20:49:38] < posz:-48.434
[20:49:39] < posz:-48.849
[20:49:39] < posz:-49.269
[20:49:39] < posz:-49.686
[20:49:39] < posz:-50.103
[20:49:40] < posz:-50.521
[20:49:40] < posz:-50.935
[20:49:40] < posz:-51.355
[20:49:40] < posz:-51.772
[20:49:41] < posz:-52.112,vel:0.00
[20:49:41] < posz:-48.308,feed:1000.00,vel:1000.00
[20:49:41] < posz:-44.134
[20:49:41] < posz:-39.935
[20:49:42] < posz:-35.761
[20:49:42] < posz:-31.587
[20:49:42] < posz:-27.412
[20:49:42] < posz:-23.263
[20:49:43] < posz:-19.064
[20:49:43] < posz:-14.890
[20:49:43] < posz:-10.715
[20:49:43] < posz:-6.541
[20:49:44] < posz:-2.392
[20:49:44] < posz:0.000,feed:250.00,vel:0.00,momo:4,stat:3
[20:49:44] Machine is homed. 
[20:49:53] > g90 g0 z-12
[20:49:53] < tinyg [mm] ok> 
[20:49:53] < posz:-11.293,vel:2083.77,dist:0,momo:0,stat:5
[20:49:53] < posz:-12.000,vel:0.00,stat:3
[20:49:53] Machine is homed. 
[20:49:57] > g90 g0 z0
[20:49:57] < tinyg [mm] ok> 
[20:49:58] < posz:-0.707,vel:2083.77,stat:5
[20:49:58] < posz:0.000,vel:0.00,stat:3
[20:49:58] Machine is homed. 
[20:50:13] > g90 g0 z-12.5
[20:50:13] < tinyg [mm] ok> 
[20:50:13] < posz:-11.453,vel:2489.57,stat:5
[20:50:13] < posz:-12.500,vel:0.00,stat:3
[20:50:13] Machine is homed. 
[20:51:01] > g90 g0 a20 z0
[20:51:01] < tinyg [mm] ok> 
[20:51:02] < posz:-0.985,vel:2489.57,stat:5
[20:51:02] < posz:0.000,vel:0.00,stat:3
[20:51:02] Machine is homed. 
[20:51:08] Homing all axes. 
[20:51:08] > G28.2 Z0 X0
[20:51:08] > G90 G0 Z-12
[20:51:08] < tinyg [mm] ok> 
[20:51:08] < posz:-3.805,feed:1000.00,vel:1000.00,dist:1,momo:1,stat:9
[20:51:09] < posz:-7.979
[20:51:09] < posz:-12.179
[20:51:09] < posz:-16.353
[20:51:09] < posz:-20.528
[20:51:10] < posz:-24.703
[20:51:10] < posz:-28.852
[20:51:10] < posz:-33.052
[20:51:10] < posz:-37.227
[20:51:11] < posz:-41.401
[20:51:11] < posz:-45.576
[20:51:11] < posz:-49.725
[20:51:11] < posz:-52.555,vel:12.06
[20:51:12] < posz:-48.684,vel:1000.00
[20:51:12] < posz:-47.722,feed:100.00,vel:100.00
[20:51:12] < posz:-48.139
[20:51:12] < posz:-48.557
[20:51:13] < posz:-48.974
[20:51:13] < posz:-49.391
[20:51:13] < posz:-49.808
[20:51:14] < posz:-50.226
[20:51:14] < posz:-50.643
[20:51:14] < posz:-51.060
[20:51:14] < posz:-51.475
[20:51:15] < posz:-51.895
[20:51:15] < posz:-51.234,feed:1000.00,vel:1000.00
[20:51:15] < posz:-47.060
[20:51:15] < posz:-42.911
[20:51:16] < posz:-38.712
[20:51:16] < posz:-34.538
[20:51:16] < posz:-30.364
[20:51:16] < posz:-26.190
[20:51:17] < posz:-22.016
[20:51:17] < posz:-17.841
[20:51:17] < posz:-13.667
[20:51:17] < posz:-9.493
[20:51:18] < posz:-5.319
[20:51:18] < posz:-1.145
[20:51:18] < posx:-98.620,posz:0.000
[20:51:18] < posx:-94.445
[20:51:19] < posx:-90.270
[20:51:19] < posx:-86.094
[20:51:19] < posx:-81.919
[20:51:19] < posx:-77.769
[20:51:20] < posx:-73.568
[20:51:20] < posx:-69.393
[20:51:20] < posx:-65.218
[20:51:20] < posx:-61.043
[20:51:21] < posx:-56.894
[20:51:21] < posx:-52.694
[20:51:21] < posx:-48.519
[20:51:21] < posx:-44.345
[20:51:22] < posx:-40.170
[20:51:22] < posx:-35.995
[20:51:22] < posx:-31.821
[20:51:22] < posx:-27.646
[20:51:23] < posx:-23.471
[20:51:23] < posx:-19.296
[20:51:23] < posx:-15.121
[20:51:23] < posx:-10.971
[20:51:24] < posx:-6.771
[20:51:24] < posx:-2.596
[20:51:24] < posx:1.579
[20:51:24] < posx:0.707
[20:51:25] < posx:-2.591,vel:0.04
[20:51:25] < posx:-2.185,feed:100.00,vel:100.00
[20:51:25] < posx:-1.765
[20:51:25] < posx:-1.350
[20:51:26] < posx:-0.930
[20:51:26] < posx:-0.513
[20:51:26] < posx:-0.095
[20:51:26] < posx:0.322
[20:51:27] < posx:0.737
[20:51:27] < posx:1.157
[20:51:27] < posx:1.574
[20:51:27] < posx:1.992
[20:51:28] < tinyg [mm] ok> 
[20:51:28] < posx:0.000,feed:1000.00,vel:0.00,stat:5
[20:51:28] < posz:-11.293,feed:250.00,vel:2083.77,dist:0,momo:0
[20:51:28] < posz:-12.000,vel:0.00,stat:3
[20:51:28] Machine is homed. 
[20:51:28] > G28.2 A0
[20:51:28] > G91 G0 A30
[20:51:28] < tinyg [mm] ok> 
[20:51:28] < posa:36.747,feed:5000.00,vel:5000.00,dist:1,momo:1,stat:9
[20:51:29] < posa:57.622
[20:51:29] < posa:78.497
[20:51:29] < posa:99.372
[20:51:29] < posa:120.247
[20:51:30] < posa:141.122
[20:51:30] < posa:161.997
[20:51:30] < posa:182.872
[20:51:30] < posa:203.622
[20:51:31] < posa:224.622
[20:51:31] < posa:245.497
[20:51:31] < posa:266.371
[20:51:31] < posa:287.246
[20:51:32] < posa:308.121
[20:51:32] < posa:328.996
[20:51:32] < posa:349.871
[20:51:32] < posa:352.109,vel:4815.36
[20:51:33] < posa:334.994,vel:13.08
[20:51:33] < posa:336.477,feed:500.00,vel:500.00
[20:51:33] < posa:338.561
[20:51:33] < posa:340.645
[20:51:34] < posa:342.730
[20:51:34] < posa:344.814
[20:51:34] < posa:346.899
[20:51:34] < posa:348.983
[20:51:35] < tinyg [mm] ok> 
[20:51:35] < posa:0.016,feed:250.00,vel:166.77,momo:0,stat:5
[20:51:35] < posa:29.722,vel:1512.84
[20:51:35] < posa:30.000,vel:0.00,stat:3
[20:51:35] Machine is homed. 
[20:51:35] > $di1fn=2
[20:51:35] TinyG Command received 
[20:51:35] > G91 G0 A1
[20:51:35] > G91 G1 A-30 F250
[20:51:35] < [di1fn] input function          2 [0=none,1=limit,2=interlock,3=shutdown]
[20:51:35] < tinyg [mm] ok> 
[20:51:35] < tinyg [mm] ok> 
[20:51:35] < tinyg [mm] ok> 
[20:51:36] < posa:30.415,vel:250.00,momo:1,stat:5
[20:51:36] < posa:29.371
[20:51:36] < posa:28.334
[20:51:36] < posa:27.284
[20:51:37] < posa:26.240
[20:51:37] < posa:25.196
[20:51:37] < posa:24.152
[20:51:37] < posa:23.108
[20:51:38] < posa:22.064
[20:51:38] < posa:21.021
[20:51:38] < posa:19.977
[20:51:38] < posa:19.417,vel:0.00,stat:6
[20:51:38] Interlock hit. Stop. Flush queue...
[20:51:38] WE'RE HOMING, ASK FOR $POSA 
[20:51:38] Asking for directions
[20:51:38] < tinyg [mm] ok> 
[20:51:38] < stat:3
[20:51:38] Machine is homed. 
[20:51:38] < [di1fn] input function          0 [0=none,1=limit,2=interlock,3=shutdown]
[20:51:38] < tinyg [mm] ok> 
[20:51:38] > $posa
[20:51:38] TinyG Command received 
[20:51:38] < position:         19.417 deg
[20:51:38] < tinyg [mm] ok> 
[20:51:49] Loading file...
[20:51:53] No file selected
[20:51:55] Resuming script: ~
[20:51:55] > ~
[20:51:57] Loading file...
[20:51:59] File to load: C:\Github\MaterialProfiles\3D_POC\data\3D_INIT.json
[20:51:59] Loading File... 
[20:51:59] JSON Loaded... 
[20:52:00] Dumping init file... 
[20:52:00] < {r:{tinygmo:null},f:[1,100,26]}
[20:52:00] < {r:{baud:null},f:[1,100,11]}
[20:52:00] < {r:{js:0},f:[1,0,9]}
[20:52:00] < {r:{gpa:0},f:[1,0,10]}
[20:52:00] < {r:{gun:1},f:[1,0,10]}
[20:52:00] < {r:{ja:0.00},f:[1,0,9]}
[20:52:00] < {r:{si:250},f:[1,0,11]}
[20:52:00] < {r:{jv:5},f:[1,0,9]}
[20:52:00] < {r:{mt:0},f:[1,0,11]}
[20:52:00] < {r:{st:null},f:[1,100,9]}
[20:52:00] < {r:{qv:0},f:[1,0,9]}
[20:52:00] < {r:{tv:1},f:[1,0,9]}
[20:52:00] < {r:{sv:1},f:[1,0,9]}
[20:52:00] < {r:{motorma:null},f:[1,100,20]}
[20:52:00] < {r:{1ma:5},f:[1,0,10]}
[20:52:00] < {r:{2ma:0},f:[1,0,10]}
[20:52:00] < {r:{3ma:2},f:[1,0,10]}
[20:52:00] < {r:{4ma:3},f:[1,0,10]}
[20:52:00] < {r:{polarit:null},f:[1,100,18]}
[20:52:00] < {r:{1po:1},f:[1,0,10]}
[20:52:00] < {r:{2po:0},f:[1,0,10]}
[20:52:00] < {r:{3po:1},f:[1,0,10]}
[20:52:00] < {r:{4po:0},f:[1,0,10]}
[20:52:00] < {r:{trvalue:null},f:[1,100,16]}
[20:52:00] < {r:{1tr:60.0000},f:[1,0,11]}
[20:52:00] < {r:{2tr:6.3500},f:[1,0,13]}
[20:52:00] < {r:{3tr:5.0000},f:[1,0,10]}
[20:52:00] < {r:{4tr:60.0000},f:[1,0,11]}
[20:52:00] < {r:{powerse:null},f:[1,100,21]}
[20:52:00] < {r:{1pl:1.000},f:[1,0,10]}
[20:52:00] < {r:{2pl:1.000},f:[1,0,10]}
[20:52:00] < {r:{3pl:0.000},f:[1,0,10]}
[20:52:00] < {r:{4pl:0.000},f:[1,0,10]}
[20:52:00] < {r:{1pm:2},f:[1,0,10]}
[20:52:00] < {r:{2pm:2},f:[1,0,10]}
[20:52:00] < {r:{3pm:2},f:[1,0,10]}
[20:52:00] < {r:{4pm:2},f:[1,0,10]}
[20:52:00] < {r:{motorse:null},f:[1,100,21]}
[20:52:00] < {r:{1mi:16},f:[1,0,11]}
[20:52:00] < {r:{2mi:32},f:[1,0,11]}
[20:52:00] < {r:{3mi:10,msg:"*** WARNING *** Setting non-standard microstep value"},f:[1,0,11]}
[20:52:00] < {r:{4mi:10,msg:"*** WARNING *** Setting non-standard microstep value"},f:[1,0,11]}
[20:52:00] < {r:{1sa:1.800},f:[1,0,12]}
[20:52:00] < {r:{2sa:1.800},f:[1,0,12]}
[20:52:00] < {r:{3sa:1.800},f:[1,0,12]}
[20:52:00] < {r:{4sa:1.800},f:[1,0,12]}
[20:52:00] < {r:{axesset:null},f:[1,100,20]}
[20:52:00] < {r:{xam:1},f:[1,0,10]}
[20:52:00] < {r:{xvm:1500},f:[1,0,13]}
[20:52:00] < {r:{xjm:5000},f:[1,0,13]}
[20:52:00] < {r:{xfr:5000},f:[1,0,13]}
[20:52:00] < {r:{xtn:-500.000},f:[1,0,13]}
[20:52:00] < {r:{xtm:0.000},f:[1,0,10]}
[20:52:00] < {r:{yam:0},f:[1,0,10]}
[20:52:00] < {r:{yvm:0},f:[1,0,10]}
[20:52:00] < {r:{yjm:0},f:[1,0,10]}
[20:52:00] < {r:{yfr:0},f:[1,0,10]}
[20:52:00] < {r:{zam:1},f:[1,0,10]}
[20:52:00] < {r:{zvm:3750},f:[1,0,13]}
[20:52:00] < {r:{zjm:5000},f:[1,0,13]}
[20:52:00] < {r:{zfr:3750},f:[1,0,13]}
[20:52:00] < {r:{ztn:-100.000},f:[1,0,13]}
[20:52:00] < {r:{ztm:2.000},f:[1,0,10]}
[20:52:00] < {r:{aam:1},f:[1,0,10]}
[20:52:00] < {r:{avm:20000},f:[1,0,14]}
[20:52:00] < {r:{ajm:10000},f:[1,0,14]}
[20:52:00] < {r:{afr:15000},f:[1,0,14]}
[20:52:00] < {r:{atn:-3600.000},f:[1,0,14]}
[20:52:00] < {r:{atm:3600.000},f:[1,0,13]}
[20:52:00] < {r:{cam:1},f:[1,0,10]}
[20:52:00] < {r:{cvm:10000},f:[1,0,14]}
[20:52:00] < {r:{cjm:5000},f:[1,0,13]}
[20:52:00] < {r:{cfr:10000},f:[1,0,14]}
[20:52:00] < {r:{ctn:-3600.000},f:[1,0,14]}
[20:52:00] < {r:{ctm:3600.000},f:[1,0,13]}
[20:52:00] < {r:{limitsw:null},f:[1,100,21]}
[20:52:00] < {r:{sl:1},f:[1,0,9]}
[20:52:00] < {r:{xsn:null},f:[1,100,10]}
[20:52:00] < {r:{ahi:1},f:[1,0,10]}
[20:52:00] < {r:{di1mo:1},f:[1,0,12]}
[20:52:00] < {r:{di1ac:0},f:[1,0,12]}
[20:52:00] < {r:{di1fn:0},f:[1,0,12]}
[20:52:00] < {r:{xsx:null},f:[1,100,10]}
[20:52:00] < {r:{xhi:2},f:[1,0,10]}
[20:52:00] < {r:{di2mo:0},f:[1,0,12]}
[20:52:00] < {r:{di2ac:0},f:[1,0,12]}
[20:52:00] < {r:{di2fn:0},f:[1,0,12]}
[20:52:00] < {r:{ysn:null},f:[1,100,10]}
[20:52:00] < {r:{yhi:0},f:[1,0,10]}
[20:52:00] < {r:{di3mo:-1},f:[1,0,13]}
[20:52:00] < {r:{di3ac:0},f:[1,0,12]}
[20:52:00] < {r:{di3fn:0},f:[1,0,12]}
[20:52:00] < {r:{ysx:null},f:[1,100,10]}
[20:52:00] < {r:{di4mo:-1},f:[1,0,13]}
[20:52:00] < {r:{di4ac:0},f:[1,0,12]}
[20:52:00] < {r:{di4fn:0},f:[1,0,12]}
[20:52:00] < {r:{zsn:null},f:[1,100,10]}
[20:52:00] < {r:{zhi:5},f:[1,0,10]}
[20:52:00] < {r:{di5mo:0},f:[1,0,12]}
[20:52:00] < {r:{di5ac:0},f:[1,0,12]}
[20:52:00] < {r:{di5fn:0},f:[1,0,12]}
[20:52:00] < {r:{zsx:null},f:[1,100,10]}
[20:52:00] < {r:{di6mo:-1},f:[1,0,13]}
[20:52:00] < {r:{di6ac:0},f:[1,0,12]}
[20:52:00] < {r:{di6fn:0},f:[1,0,12]}
[20:52:00] < {r:{asn:null},f:[1,100,10]}
[20:52:00] < {r:{di7mo:-1},f:[1,0,13]}
[20:52:00] < {r:{di7ac:0},f:[1,0,12]}
[20:52:00] < {r:{di7fn:0},f:[1,0,12]}
[20:52:00] < {r:{asx:null},f:[1,100,10]}
[20:52:00] < {r:{di8mo:-1},f:[1,0,13]}
[20:52:00] < {r:{di8ac:0},f:[1,0,12]}
[20:52:00] < {r:{di8fn:0},f:[1,0,12]}
[20:52:00] < {r:{di9mo:-1},f:[1,0,13]}
[20:52:00] < {r:{di9ac:0},f:[1,0,12]}
[20:52:00] < {r:{di9fn:0},f:[1,0,12]}
[20:52:00] < {r:{homingc:null},f:[1,100,20]}
[20:52:00] < {r:{st:null},f:[1,100,9]}
[20:52:00] < {r:{xhd:1},f:[1,0,10]}
[20:52:00] < {r:{xsv:1000},f:[1,0,13]}
[20:52:00] < {r:{xlv:100.00},f:[1,0,12]}
[20:52:00] < {r:{xlb:5.000},f:[1,0,10]}
[20:52:00] < {r:{xzb:2.000},f:[1,0,10]}
[20:52:00] < {r:{xjh:10000},f:[1,0,14]}
[20:52:00] < {r:{zhd:0},f:[1,0,10]}
[20:52:00] < {r:{zsv:1000},f:[1,0,13]}
[20:52:00] < {r:{zlv:100.00},f:[1,0,12]}
[20:52:00] < {r:{zlb:5.000},f:[1,0,10]}
[20:52:00] < {r:{zzb:52.100},f:[1,0,13]}
[20:52:00] < {r:{zjh:10000},f:[1,0,14]}
[20:52:00] < {r:{ahd:1},f:[1,0,10]}
[20:52:00] < {r:{asv:5000},f:[1,0,13]}
[20:52:00] < {r:{alv:500.00},f:[1,0,12]}
[20:52:00] < {r:{alb:20.000},f:[1,0,11]}
[20:52:00] < {r:{azb:0.000},f:[1,0,10]}
[20:52:00] < {r:{ajh:10000},f:[1,0,14]}
[20:52:00] < [ej]  enable json mode            0 [0=text,1=JSON]
[20:52:00] < tinyg [mm] ok> 
[20:52:00] < stat:3
[20:52:00] Machine is homed. 
[20:52:03] Homing axis: a
[20:52:03] > G90 G0 Z-12
[20:52:03] > G28.2 A0
[20:52:03] < tinyg [mm] ok> 
[20:52:03] < tinyg [mm] ok> 
[20:52:04] < line:0,posx:0.000,posy:0.000,posz:-12.000,posa:7.128,feed:5000.00,vel:5000.00,unit:1,coor:0,dist:1,admo:1,frmo:1,momo:1,stat:9
[20:52:04] > G91 G0 A30
[20:52:04] < posa:0.228,feed:5000.00,vel:2124.06,stat:9
[20:52:04] < posa:-6.352,vel:5000.00
[20:52:04] < posa:-18.888,vel:0.01
[20:52:05] < posa:-16.929,feed:500.00,vel:500.00
[20:52:05] < posa:-14.830
[20:52:05] < posa:-12.743
[20:52:05] < posa:-10.656
[20:52:06] < posa:-8.570
[20:52:06] < posa:-6.483
[20:52:06] < posa:-4.396
[20:52:06] < posa:-2.322
[20:52:07] < posa:-0.222
[20:52:07] < tinyg [mm] ok> 
[20:52:07] < posa:14.135,feed:250.00,vel:11590.71,momo:0,stat:5
[20:52:07] < posa:30.000,vel:0.00,stat:3
[20:52:07] Machine is homed. 
[20:52:07] > $di1fn=2
[20:52:07] TinyG Command received 
[20:52:07] > G91 G0 A1
[20:52:07] > G91 G1 A-30 F250
[20:52:07] < [di1fn] input function          2 [0=none,1=limit,2=interlock,3=shutdown]
[20:52:07] < tinyg [mm] ok> 
[20:52:07] < tinyg [mm] ok> 
[20:52:07] < tinyg [mm] ok> 
[20:52:07] < posa:30.415,vel:250.00,momo:1,stat:5
[20:52:08] < posa:29.371
[20:52:08] < posa:28.327
[20:52:08] < posa:27.284
[20:52:08] < posa:26.240
[20:52:09] < posa:25.196
[20:52:09] < posa:24.152
[20:52:09] < posa:23.108
[20:52:09] < posa:22.064
[20:52:10] < posa:21.021
[20:52:10] < posa:19.977
[20:52:10] < posa:19.354,vel:0.00,stat:6
[20:52:10] Interlock hit. Stop. Flush queue...
[20:52:10] WE'RE HOMING, ASK FOR $POSA 
[20:52:10] Asking for directions
[20:52:10] < tinyg [mm] ok> 
[20:52:10] < stat:3
[20:52:10] Machine is homed. 
[20:52:10] < [di1fn] input function          0 [0=none,1=limit,2=interlock,3=shutdown]
[20:52:10] < tinyg [mm] ok> 
[20:52:10] > $posa
[20:52:10] TinyG Command received 
[20:52:10] < A position:         19.354 deg
[20:52:10] < A position:         19.354 deg
[20:52:10] < tinyg [mm] ok> 
[20:52:10] > G91 G0 A0
[20:52:10] > G90 G0 A9.677
[20:52:10] < tinyg [mm] ok> 
[20:52:10] < tinyg [mm] ok> 
[20:52:11] < line:0,posx:0.000,posy:0.000,posz:-12.000,posa:9.682,feed:250.00,vel:105.83,unit:1,coor:0,dist:0,admo:1,frmo:1,momo:0,stat:5
[20:52:11] > G28.3 A0
[20:52:11] < tinyg [mm] ok> 
[20:52:11] < posa:0.000,dist:0,momo:0,stat:3
[20:52:11] Machine is homed. 
[20:52:11] > G90 G0 Z0 A20
[20:52:11] < tinyg [mm] ok> 
[20:52:11] < posz:-0.707,posa:18.822,vel:4050.12,stat:5
[20:52:11] < posz:0.000,posa:20.000,vel:0.00,stat:3
[20:52:11] Machine is homed. 


