[12:47:53] Starting Log file for session: 2020811-124753

[12:47:14] Terminal ready... 
[12:47:14] Log file started 
[12:47:14] Please choose a Serial port to connect to... 
[12:47:15] Connected to Serial on port COM6
[12:47:15] < {"r":{"fv":0.98,"fb":86.03,"hp":3,"hv":0,"id":"0213-0215-0515","msg":"SYSTEM READY"},"f":[1,0,1]}
[12:47:15] < [ej]  enable json mode            0 [0=text,1=JSON]
[12:47:15] < tinyg [mm] ok> 
[12:47:16] Loading file...
[12:47:21] File to load: C:\Github\MaterialProfiles\3D_POC\data\3D_INIT.json
[12:47:21] Loading File... 
[12:47:22] JSON Loaded... 
[12:47:22] Dumping init file... 
[12:47:22] < {"r":{"tinygmo":null},"f":[1,100,26]}
[12:47:22] < {"r":{"baud":null},"f":[1,100,11]}
[12:47:22] < {r:{js:0},f:[1,0,9]}
[12:47:22] < {r:{gpa:0},f:[1,0,10]}
[12:47:22] < {r:{gun:1},f:[1,0,10]}
[12:47:22] < {r:{ja:0.00},f:[1,0,9]}
[12:47:22] < {r:{si:250},f:[1,0,11]}
[12:47:22] < {r:{jv:5},f:[1,0,9]}
[12:47:22] < {r:{mt:0},f:[1,0,11]}
[12:47:22] < {r:{st:null},f:[1,100,9]}
[12:47:22] < {r:{qv:0},f:[1,0,9]}
[12:47:22] < {r:{tv:1},f:[1,0,9]}
[12:47:22] < {r:{sv:1},f:[1,0,9]}
[12:47:22] < {r:{motorma:null},f:[1,100,20]}
[12:47:22] < {r:{1ma:5},f:[1,0,10]}
[12:47:22] < {r:{2ma:0},f:[1,0,10]}
[12:47:22] < {r:{3ma:2},f:[1,0,10]}
[12:47:22] < {r:{4ma:3},f:[1,0,10]}
[12:47:22] < {r:{polarit:null},f:[1,100,18]}
[12:47:22] < {r:{1po:1},f:[1,0,10]}
[12:47:22] < {r:{2po:0},f:[1,0,10]}
[12:47:22] < {r:{3po:1},f:[1,0,10]}
[12:47:22] < {r:{4po:0},f:[1,0,10]}
[12:47:22] < {r:{trvalue:null},f:[1,100,16]}
[12:47:22] < {r:{1tr:60.0000},f:[1,0,11]}
[12:47:22] < {r:{2tr:6.3500},f:[1,0,13]}
[12:47:22] < {r:{3tr:5.0000},f:[1,0,10]}
[12:47:22] < {r:{4tr:60.0000},f:[1,0,11]}
[12:47:22] < {r:{powerse:null},f:[1,100,21]}
[12:47:22] < {r:{1pl:1.000},f:[1,0,10]}
[12:47:22] < {r:{2pl:1.000},f:[1,0,10]}
[12:47:22] < {r:{3pl:0.000},f:[1,0,10]}
[12:47:22] < {r:{4pl:0.000},f:[1,0,10]}
[12:47:22] < {r:{1pm:2},f:[1,0,10]}
[12:47:22] < {r:{2pm:2},f:[1,0,10]}
[12:47:22] < {r:{3pm:2},f:[1,0,10]}
[12:47:22] < {r:{4pm:2},f:[1,0,10]}
[12:47:22] < {r:{motorse:null},f:[1,100,21]}
[12:47:22] < {r:{1mi:16},f:[1,0,11]}
[12:47:22] < {r:{2mi:32},f:[1,0,11]}
[12:47:22] < {r:{3mi:10,msg:"*** WARNING *** Setting non-standard microstep value"},f:[1,0,11]}
[12:47:22] < {r:{4mi:10,msg:"*** WARNING *** Setting non-standard microstep value"},f:[1,0,11]}
[12:47:22] < {r:{1sa:1.800},f:[1,0,12]}
[12:47:22] < {r:{2sa:1.800},f:[1,0,12]}
[12:47:22] < {r:{3sa:1.800},f:[1,0,12]}
[12:47:22] < {r:{4sa:1.800},f:[1,0,12]}
[12:47:22] < {r:{axesset:null},f:[1,100,20]}
[12:47:22] < {r:{xam:1},f:[1,0,10]}
[12:47:22] < {r:{xvm:1500},f:[1,0,13]}
[12:47:22] < {r:{xjm:5000},f:[1,0,13]}
[12:47:22] < {r:{xfr:5000},f:[1,0,13]}
[12:47:22] < {r:{xtn:-500.000},f:[1,0,13]}
[12:47:22] < {r:{xtm:0.000},f:[1,0,10]}
[12:47:22] < {r:{yam:0},f:[1,0,10]}
[12:47:22] < {r:{yvm:0},f:[1,0,10]}
[12:47:22] < {r:{yjm:0},f:[1,0,10]}
[12:47:22] < {r:{yfr:0},f:[1,0,10]}
[12:47:22] < {r:{zam:1},f:[1,0,10]}
[12:47:22] < {r:{zvm:3750},f:[1,0,13]}
[12:47:22] < {r:{zjm:5000},f:[1,0,13]}
[12:47:22] < {r:{zfr:3750},f:[1,0,13]}
[12:47:22] < {r:{ztn:-100.000},f:[1,0,13]}
[12:47:22] < {r:{ztm:2.000},f:[1,0,10]}
[12:47:22] < {r:{aam:1},f:[1,0,10]}
[12:47:22] < {r:{avm:20000},f:[1,0,14]}
[12:47:22] < {r:{ajm:10000},f:[1,0,14]}
[12:47:22] < {r:{afr:15000},f:[1,0,14]}
[12:47:22] < {r:{atn:-3600.000},f:[1,0,14]}
[12:47:22] < {r:{atm:3600.000},f:[1,0,13]}
[12:47:22] < {r:{cam:1},f:[1,0,10]}
[12:47:22] < {r:{cvm:10000},f:[1,0,14]}
[12:47:22] < {r:{cjm:5000},f:[1,0,13]}
[12:47:22] < {r:{cfr:10000},f:[1,0,14]}
[12:47:22] < {r:{ctn:-3600.000},f:[1,0,14]}
[12:47:22] < {r:{ctm:3600.000},f:[1,0,13]}
[12:47:22] < {r:{limitsw:null},f:[1,100,21]}
[12:47:22] < {r:{sl:1},f:[1,0,9]}
[12:47:22] < {r:{xsn:null},f:[1,100,10]}
[12:47:22] < {r:{ahi:1},f:[1,0,10]}
[12:47:22] < {r:{di1mo:1},f:[1,0,12]}
[12:47:22] < {r:{di1ac:0},f:[1,0,12]}
[12:47:22] < {r:{di1fn:0},f:[1,0,12]}
[12:47:22] < {r:{xsx:null},f:[1,100,10]}
[12:47:22] < {r:{xhi:2},f:[1,0,10]}
[12:47:22] < {r:{di2mo:0},f:[1,0,12]}
[12:47:22] < {r:{di2ac:0},f:[1,0,12]}
[12:47:22] < {r:{di2fn:0},f:[1,0,12]}
[12:47:22] < {r:{ysn:null},f:[1,100,10]}
[12:47:22] < {r:{yhi:0},f:[1,0,10]}
[12:47:22] < {r:{di3mo:-1},f:[1,0,13]}
[12:47:22] < {r:{di3ac:0},f:[1,0,12]}
[12:47:22] < {r:{di3fn:0},f:[1,0,12]}
[12:47:22] < {r:{ysx:null},f:[1,100,10]}
[12:47:22] < {r:{di4mo:-1},f:[1,0,13]}
[12:47:22] < {r:{di4ac:0},f:[1,0,12]}
[12:47:22] < {r:{di4fn:0},f:[1,0,12]}
[12:47:22] < {r:{zsn:null},f:[1,100,10]}
[12:47:22] < {r:{zhi:5},f:[1,0,10]}
[12:47:22] < {r:{di5mo:0},f:[1,0,12]}
[12:47:22] < {r:{di5ac:0},f:[1,0,12]}
[12:47:22] < {r:{di5fn:0},f:[1,0,12]}
[12:47:22] < {r:{zsx:null},f:[1,100,10]}
[12:47:22] < {r:{di6mo:-1},f:[1,0,13]}
[12:47:22] < {r:{di6ac:0},f:[1,0,12]}
[12:47:22] < {r:{di6fn:0},f:[1,0,12]}
[12:47:22] < {r:{asn:null},f:[1,100,10]}
[12:47:22] < {r:{di7mo:-1},f:[1,0,13]}
[12:47:22] < {r:{di7ac:0},f:[1,0,12]}
[12:47:22] < {r:{di7fn:0},f:[1,0,12]}
[12:47:22] < {r:{asx:null},f:[1,100,10]}
[12:47:22] < {r:{di8mo:-1},f:[1,0,13]}
[12:47:22] < {r:{di8ac:0},f:[1,0,12]}
[12:47:22] < {r:{di8fn:0},f:[1,0,12]}
[12:47:22] < {r:{di9mo:-1},f:[1,0,13]}
[12:47:22] < {r:{di9ac:0},f:[1,0,12]}
[12:47:22] < {r:{di9fn:0},f:[1,0,12]}
[12:47:22] < {r:{homingc:null},f:[1,100,20]}
[12:47:22] < {r:{st:null},f:[1,100,9]}
[12:47:22] < {r:{xhd:1},f:[1,0,10]}
[12:47:22] < {r:{xsv:1000},f:[1,0,13]}
[12:47:22] < {r:{xlv:100.00},f:[1,0,12]}
[12:47:22] < {r:{xlb:5.000},f:[1,0,10]}
[12:47:22] < {r:{xzb:2.000},f:[1,0,10]}
[12:47:22] < {r:{xjh:10000},f:[1,0,14]}
[12:47:22] < {r:{zhd:0},f:[1,0,10]}
[12:47:22] < {r:{zsv:1000},f:[1,0,13]}
[12:47:22] < {r:{zlv:100.00},f:[1,0,12]}
[12:47:22] < {r:{zlb:5.000},f:[1,0,10]}
[12:47:22] < {r:{zzb:52.100},f:[1,0,13]}
[12:47:22] < {r:{zjh:10000},f:[1,0,14]}
[12:47:22] < {r:{ahd:1},f:[1,0,10]}
[12:47:22] < {r:{asv:5000},f:[1,0,13]}
[12:47:22] < {r:{alv:500.00},f:[1,0,12]}
[12:47:22] < {r:{alb:20.000},f:[1,0,11]}
[12:47:22] < {r:{azb:0.000},f:[1,0,10]}
[12:47:22] < {sr:{line:0,posx:0.000,posy:0.000,posz:0.000,posa:0.000,feed:0.00,vel:0.00,unit:1,coor:1,dist:0,admo:1,frmo:1,momo:4,stat:1}}
[12:47:22] < {r:{ajh:10000},f:[1,0,14]}
[12:47:22] < [ej]  enable json mode            0 [0=text,1=JSON]
[12:47:22] < tinyg [mm] ok> 
[12:47:27] > $2ma
[12:47:27] TinyG Command received 
[12:47:27] < [2ma] m2 map to axis              0 [0=X,1=Y,2=Z...]
[12:47:27] < tinyg [mm] ok> 
[12:47:39] > $2ma=2
[12:47:39] TinyG Command received 
[12:47:39] < [2ma] m2 map to axis              2 [0=X,1=Y,2=Z...]
[12:47:39] < tinyg [mm] ok> 
[12:47:45] > $2tr
[12:47:45] TinyG Command received 
[12:47:45] < [2tr] m2 travel per revolution    6.3500 mm
[12:47:45] < tinyg [mm] ok> 
[12:47:52] > $2tr=1
[12:47:52] TinyG Command received 
[12:47:52] < [2tr] m2 travel per revolution    1.0000 mm
[12:47:52] < tinyg [mm] ok> 


