[11:36:43] Starting Log file for session: 20201029-113643

[11:36:29] Terminal ready... 
[11:36:29] Log file started 
[11:36:29] Please choose a Serial port to connect to... 
[11:36:30] Connected to Serial on port COM6
[11:36:30] < {"r":{"fv":0.98,"fb":86.03,"hp":3,"hv":0,"id":"0213-0215-0515","msg":"SYSTEM READY"},"f":[1,0,1]}
[11:36:30] < tinyg [mm] ok> 
[11:36:30] < [ej]  enable json mode            0 [0=text,1=JSON]
[11:36:30] < tinyg [mm] ok> 
[11:36:35] Loading file...
[11:36:39] File to load: C:\Users\Oscar\Desktop\init - Copy.json
[11:36:39] Loading File... 
[11:36:39] JSON Loaded... 
[11:36:39] Dumping init file... 
[11:36:39] < {"r":{"js":1},"f":[1,0,9]}
[11:36:39] < {"r":{"gpa":1},"f":[1,0,10]}
[11:36:39] < {"r":{"gun":1},"f":[1,0,10]}
[11:36:39] < {"r":{"ja":0.20},"f":[1,0,11]}
[11:36:39] < {"r":{"si":200},"f":[1,0,11]}
[11:36:39] < {"r":{"jv":5},"f":[1,0,9]}
[11:36:39] < {"r":{"mt":1},"f":[1,0,9]}
[11:36:39] < {"r":{"sl":1},"f":[1,0,9]}
[11:36:39] < {"r":{"1ma":1},"f":[1,0,10]}
[11:36:39] < {"r":{"1po":0},"f":[1,0,10]}
[11:36:39] < {"r":{"1pl":0.000},"f":[1,0,10]}
[11:36:39] < {"r":{"1pm":0},"f":[1,0,10]}
[11:36:39] < {"r":{"1sa":0.000},"f":[1,0,10]}
[11:36:39] < {"r":{"1mi":0,"msg":"*** WARNING *** Setting non-standard microstep value"},"f":[1,0,10]}
[11:36:39] < {"r":{"2ma":2},"f":[1,0,10]}
[11:36:39] < {"r":{"2po":0},"f":[1,0,10]}
[11:36:39] < {"r":{"2tr":1.2500},"f":[1,0,13]}
[11:36:39] < {"r":{"2pl":1.000},"f":[1,0,10]}
[11:36:40] < {"r":{"2pm":2},"f":[1,0,10]}
[11:36:40] < {"r":{"2sa":1.800},"f":[1,0,12]}
[11:36:40] < {"r":{"2mi":8},"f":[1,0,10]}
[11:36:40] < {"r":{"3ma":0},"f":[1,0,10]}
[11:36:40] < {"r":{"3po":1},"f":[1,0,10]}
[11:36:40] < {"r":{"3tr":15.9593},"f":[1,0,26]}
[11:36:40] < {"r":{"3pl":0.000},"f":[1,0,10]}
[11:36:40] < {"r":{"3pm":2},"f":[1,0,10]}
[11:36:40] < {"r":{"3sa":1.800},"f":[1,0,12]}
[11:36:40] < {"r":{"3mi":10,"msg":"*** WARNING *** Setting non-standard microstep value"},"f":[1,0,11]}
[11:36:40] < {"r":{"4ma":3},"f":[1,0,10]}
[11:36:40] < {"r":{"4po":1},"f":[1,0,10]}
[11:36:40] < {"r":{"4tr":9.2000},"f":[1,0,12]}
[11:36:40] < {"r":{"4pl":0.000},"f":[1,0,10]}
[11:36:40] < {"r":{"4pm":2},"f":[1,0,10]}
[11:36:40] < {"r":{"4sa":1.800},"f":[1,0,12]}
[11:36:40] < {"r":{"4mi":10,"msg":"*** WARNING *** Setting non-standard microstep value"},"f":[1,0,11]}
[11:36:40] < {"r":{"xam":1},"f":[1,0,10]}
[11:36:40] < {"r":{"xvm":10000},"f":[1,0,14]}
[11:36:40] < {"r":{"xfr":10000},"f":[1,0,14]}
[11:36:40] < {"r":{"xjm":20000},"f":[1,0,14]}
[11:36:40] < {"r":{"xhi":0},"f":[1,0,10]}
[11:36:40] < {"r":{"xtm":120000.000},"f":[1,0,15]}
[11:36:40] < {"r":{"xtn":-120000.000},"f":[1,0,16]}
[11:36:40] < {"r":{"yam":0},"f":[1,0,10]}
[11:36:40] < {"r":{"yhi":0},"f":[1,0,10]}
[11:36:40] < {"r":{"zam":1},"f":[1,0,10]}
[11:36:40] < {"r":{"zvm":800},"f":[1,0,12]}
[11:36:40] < {"r":{"zfr":800},"f":[1,0,12]}
[11:36:40] < {"r":{"zjm":1000},"f":[1,0,13]}
[11:36:40] < {"r":{"zhi":2},"f":[1,0,10]}
[11:36:40] < {"r":{"zhd":0},"f":[1,0,10]}
[11:36:40] < {"r":{"zsv":500},"f":[1,0,12]}
[11:36:40] < {"r":{"zlv":50.00},"f":[1,0,11]}
[11:36:40] < {"r":{"zlb":1.000},"f":[1,0,10]}
[11:36:40] < {"r":{"ztm":5.000},"f":[1,0,10]}
[11:36:40] < {"r":{"ztn":-19.000},"f":[1,0,12]}
[11:36:40] < {"r":{"zzb":12.090},"f":[1,0,14]}
[11:36:40] < {"r":{"aam":1},"f":[1,0,10]}
[11:36:40] < {"r":{"avm":10000},"f":[1,0,14]}
[11:36:40] < {"r":{"afr":10000},"f":[1,0,14]}
[11:36:40] < {"r":{"ajm":10000},"f":[1,0,14]}
[11:36:40] < {"r":{"ahi":1},"f":[1,0,10]}
[11:36:40] < {"r":{"ahd":1},"f":[1,0,10]}
[11:36:40] < {"r":{"asv":2000},"f":[1,0,13]}
[11:36:40] < {"r":{"alv":300.00},"f":[1,0,12]}
[11:36:40] < {"r":{"alb":10.000},"f":[1,0,11]}
[11:36:40] < {"r":{"ajh":10000},"f":[1,0,14]}
[11:36:40] < {"r":{"ajh":10000},"f":[1,0,14]}
[11:36:40] < {"r":{"atm":3600.000},"f":[1,0,13]}
[11:36:40] < {"r":{"atn":-3600.000},"f":[1,0,14]}
[11:36:40] < {"r":{"azb":0.000},"f":[1,0,10]}
[11:36:40] < {"r":{"bhi":0},"f":[1,0,10]}
[11:36:40] < {"r":{"chi":0},"f":[1,0,10]}
[11:36:40] < {"r":{"di8mo":-1},"f":[1,0,13]}
[11:36:40] < {"r":{"di1mo":1},"f":[1,0,12]}
[11:36:40] < {"r":{"di1ac":0},"f":[1,0,12]}
[11:36:40] < {"r":{"di1fn":0},"f":[1,0,12]}
[11:36:40] < {"r":{"di2mo":0},"f":[1,0,12]}
[11:36:40] < {"r":{"di2ac":0},"f":[1,0,12]}
[11:36:40] < {"r":{"di2fn":0},"f":[1,0,12]}
[11:36:40] < [ej]  enable json mode            0 [0=text,1=JSON]
[11:36:40] < tinyg [mm] ok> 


