[12:58:45] Starting Log file for session: 2020811-125845

[12:57:06] Terminal cleared and ready...
[12:57:14] > g90 g1 z-20 f600
[12:57:14] < tinyg [mm] ok> 
[12:57:14] < posz:-2.258,feed:600.00,vel:600.00,dist:0,stat:5
[12:57:14] < posz:-4.761
[12:57:15] < posz:-7.280
[12:57:15] < posz:-9.783
[12:57:15] < posz:-12.286
[12:57:15] < posz:-14.789
[12:57:16] < posz:-17.292
[12:57:16] < posz:-19.794,vel:597.87
[12:57:16] < posz:-20.000,vel:0.00,stat:3
[12:57:16] Machine is homed. 
[12:57:22] > g90 g1 z0
[12:57:22] < tinyg [mm] ok> 
[12:57:22] < posz:-17.742,vel:600.00,stat:5
[12:57:23] < posz:-15.223
[12:57:23] < posz:-12.720
[12:57:23] < posz:-10.217
[12:57:23] < posz:-7.714
[12:57:24] < posz:-5.211
[12:57:24] < posz:-2.708
[12:57:24] < posz:-0.206,vel:597.87
[12:57:24] < posz:0.000,vel:0.00,stat:3
[12:57:24] Machine is homed. 
[12:57:33] > g90 g1 z-20 f700
[12:57:33] < tinyg [mm] ok> 
[12:57:34] < posz:-2.624,feed:700.00,vel:700.00,stat:5
[12:57:34] < posz:-5.547
[12:57:34] < posz:-8.469
[12:57:34] < posz:-11.391
[12:57:35] < posz:-14.313
[12:57:35] < posz:-17.235
[12:57:35] < posz:-19.996,vel:83.09
[12:57:35] < posz:-20.000,vel:0.00,stat:3
[12:57:35] Machine is homed. 
[12:57:39] > g90 g1 z0
[12:57:39] < tinyg [mm] ok> 
[12:57:39] < posz:-17.376,vel:700.00,stat:5
[12:57:39] < posz:-14.453
[12:57:40] < posz:-11.531
[12:57:40] < posz:-8.609
[12:57:40] < posz:-5.687
[12:57:40] < posz:-2.765
[12:57:41] < posz:-0.004,vel:83.09
[12:57:41] < posz:0.000,vel:0.00,stat:3
[12:57:41] Machine is homed. 
[12:57:46] > g90 g1 z-20 f800
[12:57:46] < tinyg [mm] ok> 
[12:57:47] < posz:-2.963,feed:800.00,vel:800.00,stat:5
[12:57:47] < posz:-6.322
[12:57:47] < posz:-9.660
[12:57:47] < posz:-12.979
[12:57:48] < posz:-16.317
[12:57:48] < posz:-19.655,vel:798.09
[12:57:48] < posz:-20.000,vel:0.00,stat:3
[12:57:48] Machine is homed. 
[12:57:49] > g90 g1 z0
[12:57:49] < tinyg [mm] ok> 
[12:57:50] < posz:-17.037,vel:800.00,stat:5
[12:57:50] < posz:-13.678
[12:57:50] < posz:-10.360
[12:57:50] < posz:-7.021
[12:57:51] < posz:-3.683
[12:57:51] < posz:-0.325,vel:798.09
[12:57:51] < posz:0.000,vel:0.00,stat:3
[12:57:51] Machine is homed. 
[12:57:52] > g90 g1 z-20 f800
[12:57:52] < tinyg [mm] ok> 
[12:57:52] < posz:-2.963,vel:800.00,stat:5
[12:57:52] < posz:-6.322
[12:57:53] < posz:-9.640
[12:57:53] < posz:-12.979
[12:57:53] < posz:-16.317
[12:57:53] < posz:-19.655,vel:798.09
[12:57:54] < posz:-20.000,vel:0.00,stat:3
[12:57:54] Machine is homed. 
[12:57:55] > g90 g1 z0
[12:57:55] < tinyg [mm] ok> 
[12:57:55] < posz:-17.037,vel:800.00,stat:5
[12:57:55] < posz:-13.678
[12:57:55] < posz:-10.360
[12:57:56] < posz:-7.021
[12:57:56] < posz:-3.683
[12:57:56] < posz:-0.325,vel:798.09
[12:57:56] < posz:0.000,vel:0.00,stat:3
[12:57:56] Machine is homed. 
[12:57:59] > g90 g1 z-20 f850
[12:57:59] < tinyg [mm] ok> 
[12:57:59] < posz:-3.140,feed:850.00,vel:850.00,stat:5
[12:57:59] < posz:-6.665
[12:58:00] < posz:-10.212
[12:58:00] < posz:-13.759
[12:58:00] < posz:-17.328
[12:58:00] < posz:-20.000,vel:0.00,stat:3
[12:58:00] Machine is homed. 
[12:58:01] > g90 g1 z0
[12:58:01] < tinyg [mm] ok> 
[12:58:01] < posz:-16.860,vel:850.00,stat:5
[12:58:02] < posz:-13.334
[12:58:02] < posz:-9.787
[12:58:02] < posz:-6.241
[12:58:02] < posz:-2.672
[12:58:03] < posz:0.000,vel:0.00,stat:3
[12:58:03] Machine is homed. 
[12:58:03] > g90 g1 z-20 f850
[12:58:03] < tinyg [mm] ok> 
[12:58:04] < posz:-3.140,vel:850.00,stat:5
[12:58:04] < posz:-6.665
[12:58:04] < posz:-10.212
[12:58:04] < posz:-13.781
[12:58:05] < posz:-17.328
[12:58:05] < posz:-20.000,vel:0.00,stat:3
[12:58:05] Machine is homed. 
[12:58:06] > g90 g1 z0
[12:58:06] < tinyg [mm] ok> 
[12:58:06] < posz:-16.860,vel:850.00,stat:5
[12:58:06] < posz:-13.334
[12:58:07] < posz:-9.787
[12:58:07] < posz:-6.241
[12:58:07] < posz:-2.672
[12:58:07] < posz:0.000,vel:0.00,stat:3
[12:58:07] Machine is homed. 
[12:58:12] > g90 g1 z-20 f900
[12:58:12] < tinyg [mm] ok> 
[12:58:13] < posz:-3.313,feed:900.00,vel:900.00,stat:5
[12:58:13] < posz:-7.067
[12:58:13] < posz:-10.820
[12:58:13] < posz:-14.574
[12:58:14] < posz:-18.305
[12:58:14] < posz:-20.000,vel:0.00,stat:3
[12:58:14] Machine is homed. 
[12:58:15] > g90 g1 z0
[12:58:15] < tinyg [mm] ok> 
[12:58:16] < posz:-16.687,vel:900.00,stat:5
[12:58:16] < posz:-12.933
[12:58:16] < posz:-9.180
[12:58:16] < posz:-5.449
[12:58:17] < posz:-1.695
[12:58:17] < posz:0.000,vel:0.00,stat:3
[12:58:17] Machine is homed. 
[12:58:27] > g90 g1 z-20 f900
[12:58:27] < tinyg [mm] ok> 
[12:58:27] < posz:-3.313,vel:900.00,stat:5
[12:58:27] < posz:-7.067
[12:58:27] < posz:-10.820
[12:58:28] < posz:-14.574
[12:58:28] < posz:-18.305
[12:58:28] < posz:-20.000,vel:0.00,stat:3
[12:58:28] Machine is homed. 
[12:58:40] > g90 g1 z0
[12:58:40] < tinyg [mm] ok> 
[12:58:40] < posz:-16.687,vel:900.00,stat:5
[12:58:40] < posz:-12.933
[12:58:41] < posz:-9.180
[12:58:41] < posz:-5.449
[12:58:41] < posz:-1.695
[12:58:41] < posz:0.000,vel:0.00,stat:3
[12:58:41] Machine is homed. 


