[18:28:59] Starting Log file for session: 2020724-182859

[18:21:57] Terminal ready... 
[18:21:57] Log file started 
[18:21:57] Please choose a Serial port to connect to... 
[18:21:59] Connected to Serial on port COM6
[18:21:59] < {r:{fv:0.98,fb:86.03,hp:3,hv:0,id:"0213-0215-0515",msg:"SYSTEM READY"},f:[1,0,1]}
[18:21:59] < tinyg [mm] ok> 
[18:21:59] < [ej]  enable json mode            0 [0=text,1=JSON]
[18:21:59] < tinyg [mm] ok> 
[18:22:01] Loading file...
[18:22:02] File to load: C:\Github\MaterialProfiles\3D_POC\data\3D_INIT.json
[18:22:02] Loading File... 
[18:22:03] JSON Loaded... 
[18:22:03] Dumping init file... 
[18:22:03] < {r:{tinygmo:null},f:[1,100,26]}
[18:22:03] < {r:{baud:null},f:[1,100,11]}
[18:22:03] < {r:{js:0},f:[1,0,9]}
[18:22:03] < {r:{gpa:0},f:[1,0,10]}
[18:22:03] < {r:{gun:1},f:[1,0,10]}
[18:22:03] < {r:{ja:0.00},f:[1,0,9]}
[18:22:03] < {r:{si:250},f:[1,0,11]}
[18:22:03] < {r:{jv:5},f:[1,0,9]}
[18:22:03] < {r:{mt:0},f:[1,0,11]}
[18:22:03] < {r:{st:null},f:[1,100,9]}
[18:22:03] < {r:{motorma:null},f:[1,100,20]}
[18:22:03] < {r:{1ma:5},f:[1,0,10]}
[18:22:03] < {r:{2ma:0},f:[1,0,10]}
[18:22:03] < {r:{3ma:2},f:[1,0,10]}
[18:22:03] < {r:{4ma:3},f:[1,0,10]}
[18:22:03] < {r:{polarit:null},f:[1,100,18]}
[18:22:03] < {r:{1po:1},f:[1,0,10]}
[18:22:03] < {r:{2po:0},f:[1,0,10]}
[18:22:03] < {r:{3po:1},f:[1,0,10]}
[18:22:03] < {r:{4po:0},f:[1,0,10]}
[18:22:03] < {r:{trvalue:null},f:[1,100,16]}
[18:22:03] < {r:{1tr:60.0000},f:[1,0,11]}
[18:22:03] < {r:{2tr:6.3500},f:[1,0,13]}
[18:22:03] < {r:{3tr:5.0000},f:[1,0,10]}
[18:22:03] < {r:{4tr:60.0000},f:[1,0,11]}
[18:22:03] < {r:{powerse:null},f:[1,100,21]}
[18:22:03] < {r:{1pl:1.000},f:[1,0,10]}
[18:22:03] < {r:{2pl:1.000},f:[1,0,10]}
[18:22:03] < {r:{3pl:0.000},f:[1,0,10]}
[18:22:03] < {r:{4pl:0.000},f:[1,0,10]}
[18:22:03] < {r:{1pm:2},f:[1,0,10]}
[18:22:03] < {r:{2pm:2},f:[1,0,10]}
[18:22:03] < {r:{3pm:2},f:[1,0,10]}
[18:22:03] < {r:{4pm:2},f:[1,0,10]}
[18:22:03] < {r:{motorse:null},f:[1,100,21]}
[18:22:03] < {r:{1mi:16},f:[1,0,11]}
[18:22:03] < {r:{2mi:32},f:[1,0,11]}
[18:22:03] < {r:{3mi:10,msg:"*** WARNING *** Setting non-standard microstep value"},f:[1,0,11]}
[18:22:03] < {r:{4mi:10,msg:"*** WARNING *** Setting non-standard microstep value"},f:[1,0,11]}
[18:22:03] < {r:{1sa:1.800},f:[1,0,12]}
[18:22:03] < {r:{2sa:1.800},f:[1,0,12]}
[18:22:03] < {r:{3sa:1.800},f:[1,0,12]}
[18:22:03] < {r:{4sa:1.800},f:[1,0,12]}
[18:22:03] < {r:{axesset:null},f:[1,100,20]}
[18:22:03] < {r:{xam:1},f:[1,0,10]}
[18:22:03] < {r:{xvm:1500},f:[1,0,13]}
[18:22:03] < {r:{xjm:5000},f:[1,0,13]}
[18:22:03] < {r:{xfr:5000},f:[1,0,13]}
[18:22:03] < {r:{xtn:-500.000},f:[1,0,13]}
[18:22:03] < {r:{xtm:0.000},f:[1,0,10]}
[18:22:03] < {r:{yam:0},f:[1,0,10]}
[18:22:03] < {r:{yvm:0},f:[1,0,10]}
[18:22:03] < {r:{yjm:0},f:[1,0,10]}
[18:22:03] < {r:{yfr:0},f:[1,0,10]}
[18:22:03] < {r:{zam:1},f:[1,0,10]}
[18:22:03] < {r:{zvm:3750},f:[1,0,13]}
[18:22:03] < {r:{zjm:5000},f:[1,0,13]}
[18:22:03] < {r:{zfr:3750},f:[1,0,13]}
[18:22:03] < {r:{ztn:-100.000},f:[1,0,13]}
[18:22:03] < {r:{ztm:2.000},f:[1,0,10]}
[18:22:03] < {r:{aam:1},f:[1,0,10]}
[18:22:03] < {r:{avm:20000},f:[1,0,14]}
[18:22:03] < {r:{ajm:10000},f:[1,0,14]}
[18:22:03] < {r:{afr:15000},f:[1,0,14]}
[18:22:03] < {r:{atn:-3600.000},f:[1,0,14]}
[18:22:03] < {r:{atm:3600.000},f:[1,0,13]}
[18:22:03] < {r:{cam:1},f:[1,0,10]}
[18:22:03] < {r:{cvm:10000},f:[1,0,14]}
[18:22:03] < {r:{cjm:5000},f:[1,0,13]}
[18:22:03] < {r:{cfr:10000},f:[1,0,14]}
[18:22:03] < {r:{ctn:-3600.000},f:[1,0,14]}
[18:22:03] < {r:{ctm:3600.000},f:[1,0,13]}
[18:22:03] < {r:{limitsw:null},f:[1,100,21]}
[18:22:03] < {r:{sl:1},f:[1,0,9]}
[18:22:03] < {r:{xsn:null},f:[1,100,10]}
[18:22:03] < {r:{ahi:1},f:[1,0,10]}
[18:22:03] < {r:{di1mo:1},f:[1,0,12]}
[18:22:03] < {r:{di1ac:0},f:[1,0,12]}
[18:22:03] < {r:{di1fn:0},f:[1,0,12]}
[18:22:03] < {r:{xsx:null},f:[1,100,10]}
[18:22:03] < {r:{xhi:2},f:[1,0,10]}
[18:22:03] < {r:{di2mo:0},f:[1,0,12]}
[18:22:03] < {r:{di2ac:0},f:[1,0,12]}
[18:22:03] < {r:{di2fn:0},f:[1,0,12]}
[18:22:03] < {r:{ysn:null},f:[1,100,10]}
[18:22:03] < {r:{yhi:0},f:[1,0,10]}
[18:22:03] < {r:{di3mo:-1},f:[1,0,13]}
[18:22:03] < {r:{di3ac:0},f:[1,0,12]}
[18:22:03] < {r:{di3fn:0},f:[1,0,12]}
[18:22:03] < {r:{ysx:null},f:[1,100,10]}
[18:22:03] < {r:{di4mo:-1},f:[1,0,13]}
[18:22:03] < {r:{di4ac:0},f:[1,0,12]}
[18:22:03] < {r:{di4fn:0},f:[1,0,12]}
[18:22:03] < {r:{zsn:null},f:[1,100,10]}
[18:22:03] < {r:{zhi:5},f:[1,0,10]}
[18:22:03] < {r:{di5mo:0},f:[1,0,12]}
[18:22:03] < {r:{di5ac:0},f:[1,0,12]}
[18:22:03] < {r:{di5fn:0},f:[1,0,12]}
[18:22:03] < {r:{zsx:null},f:[1,100,10]}
[18:22:03] < {r:{di6mo:-1},f:[1,0,13]}
[18:22:03] < {r:{di6ac:0},f:[1,0,12]}
[18:22:03] < {r:{di6fn:0},f:[1,0,12]}
[18:22:03] < {r:{asn:null},f:[1,100,10]}
[18:22:03] < {r:{di7mo:-1},f:[1,0,13]}
[18:22:03] < {r:{di7ac:0},f:[1,0,12]}
[18:22:03] < {r:{di7fn:0},f:[1,0,12]}
[18:22:03] < {r:{asx:null},f:[1,100,10]}
[18:22:03] < {r:{di8mo:-1},f:[1,0,13]}
[18:22:03] < {r:{di8ac:0},f:[1,0,12]}
[18:22:03] < {r:{di8fn:0},f:[1,0,12]}
[18:22:03] < {r:{di9mo:-1},f:[1,0,13]}
[18:22:03] < {r:{di9ac:0},f:[1,0,12]}
[18:22:03] < {r:{di9fn:0},f:[1,0,12]}
[18:22:03] < {r:{homingc:null},f:[1,100,20]}
[18:22:03] < {r:{st:null},f:[1,100,9]}
[18:22:03] < {r:{xhd:1},f:[1,0,10]}
[18:22:03] < {r:{xsv:1000},f:[1,0,13]}
[18:22:03] < {r:{xlv:100.00},f:[1,0,12]}
[18:22:03] < {r:{xlb:5.000},f:[1,0,10]}
[18:22:03] < {r:{xzb:2.000},f:[1,0,10]}
[18:22:03] < {r:{xjh:10000},f:[1,0,14]}
[18:22:03] < {r:{zhd:0},f:[1,0,10]}
[18:22:03] < {r:{zsv:1000},f:[1,0,13]}
[18:22:03] < {r:{zlv:100.00},f:[1,0,12]}
[18:22:03] < {r:{zlb:5.000},f:[1,0,10]}
[18:22:03] < {r:{zzb:50.305},f:[1,0,15]}
[18:22:03] < {r:{zjh:10000},f:[1,0,14]}
[18:22:03] < {r:{ahd:1},f:[1,0,10]}
[18:22:03] < {r:{asv:5000},f:[1,0,13]}
[18:22:03] < {r:{alv:500.00},f:[1,0,12]}
[18:22:03] < {r:{alb:20.000},f:[1,0,11]}
[18:22:03] < {r:{azb:0.000},f:[1,0,10]}
[18:22:03] < {r:{ajh:10000},f:[1,0,14]}
[18:22:03] < [ej]  enable json mode            0 [0=text,1=JSON]
[18:22:03] < tinyg [mm] ok> 
[18:22:03] < stat:3
[18:22:03] I'm here in stat3 homing
[18:22:03] Machine is homed. 
[18:22:09] Homing axis: x
[18:22:09] > G28.2 X0
[18:22:09] < tinyg [mm] ok> 
[18:22:09] < posx:2.408,feed:1000.00,vel:42.04,coor:0,dist:1,momo:1,stat:9
[18:22:09] < posx:-1.512,vel:1000.00
[18:22:10] < posx:-2.418,feed:100.00,vel:100.00
[18:22:10] < posx:-2.001
[18:22:10] < posx:-1.583
[18:22:10] < posx:-1.166
[18:22:11] < posx:-0.751
[18:22:11] < posx:-0.331
[18:22:11] < posx:0.086
[18:22:11] < posx:0.503
[18:22:12] < posx:0.921
[18:22:12] < posx:1.336
[18:22:12] < posx:1.755
[18:22:12] < posx:1.645,feed:1000.00,vel:998.95
[18:22:13] < posx:0.000,feed:0.00,vel:0.00,coor:1,dist:0,momo:4,stat:3
[18:24:18] Re-Dumping file C:\Github\MaterialProfiles\3D_POC\data\3D_INIT.json ...
[18:24:18] Loading File... 
[18:24:18] JSON Loaded... 
[18:24:19] Dumping init file... 
[18:24:19] < {r:{tinygmo:null},f:[1,100,26]}
[18:24:19] < {r:{baud:null},f:[1,100,11]}
[18:24:19] < {r:{js:0},f:[1,0,9]}
[18:24:19] < {r:{gpa:0},f:[1,0,10]}
[18:24:19] < {r:{gun:1},f:[1,0,10]}
[18:24:19] < {r:{ja:0.00},f:[1,0,9]}
[18:24:19] < {r:{si:250},f:[1,0,11]}
[18:24:19] < {r:{jv:5},f:[1,0,9]}
[18:24:19] < {r:{mt:0},f:[1,0,11]}
[18:24:19] < {r:{st:null},f:[1,100,9]}
[18:24:19] < {r:{qv:2},f:[1,0,9]}
[18:24:19] < {r:{motorma:null},f:[1,100,20]}
[18:24:19] < {r:{1ma:5},f:[1,0,10]}
[18:24:19] < {r:{2ma:0},f:[1,0,10]}
[18:24:19] < {r:{3ma:2},f:[1,0,10]}
[18:24:19] < {r:{4ma:3},f:[1,0,10]}
[18:24:19] < {r:{polarit:null},f:[1,100,18]}
[18:24:19] < {r:{1po:1},f:[1,0,10]}
[18:24:19] < {r:{2po:0},f:[1,0,10]}
[18:24:19] < {r:{3po:1},f:[1,0,10]}
[18:24:19] < {r:{4po:0},f:[1,0,10]}
[18:24:19] < {r:{trvalue:null},f:[1,100,16]}
[18:24:19] < {r:{1tr:60.0000},f:[1,0,11]}
[18:24:19] < {r:{2tr:6.3500},f:[1,0,13]}
[18:24:19] < {r:{3tr:5.0000},f:[1,0,10]}
[18:24:19] < {r:{4tr:60.0000},f:[1,0,11]}
[18:24:19] < {r:{powerse:null},f:[1,100,21]}
[18:24:19] < {r:{1pl:1.000},f:[1,0,10]}
[18:24:19] < {r:{2pl:1.000},f:[1,0,10]}
[18:24:19] < {r:{3pl:0.000},f:[1,0,10]}
[18:24:19] < {r:{4pl:0.000},f:[1,0,10]}
[18:24:19] < {r:{1pm:2},f:[1,0,10]}
[18:24:19] < {r:{2pm:2},f:[1,0,10]}
[18:24:19] < {r:{3pm:2},f:[1,0,10]}
[18:24:19] < {r:{4pm:2},f:[1,0,10]}
[18:24:19] < {r:{motorse:null},f:[1,100,21]}
[18:24:19] < {r:{1mi:16},f:[1,0,11]}
[18:24:19] < {r:{2mi:32},f:[1,0,11]}
[18:24:19] < {r:{3mi:10,msg:"*** WARNING *** Setting non-standard microstep value"},f:[1,0,11]}
[18:24:19] < {r:{4mi:10,msg:"*** WARNING *** Setting non-standard microstep value"},f:[1,0,11]}
[18:24:19] < {r:{1sa:1.800},f:[1,0,12]}
[18:24:19] < {r:{2sa:1.800},f:[1,0,12]}
[18:24:19] < {r:{3sa:1.800},f:[1,0,12]}
[18:24:19] < {r:{4sa:1.800},f:[1,0,12]}
[18:24:19] < {r:{axesset:null},f:[1,100,20]}
[18:24:19] < {r:{xam:1},f:[1,0,10]}
[18:24:19] < {r:{xvm:1500},f:[1,0,13]}
[18:24:19] < {r:{xjm:5000},f:[1,0,13]}
[18:24:19] < {r:{xfr:5000},f:[1,0,13]}
[18:24:19] < {r:{xtn:-500.000},f:[1,0,13]}
[18:24:19] < {r:{xtm:0.000},f:[1,0,10]}
[18:24:19] < {r:{yam:0},f:[1,0,10]}
[18:24:19] < {r:{yvm:0},f:[1,0,10]}
[18:24:19] < {r:{yjm:0},f:[1,0,10]}
[18:24:19] < {r:{yfr:0},f:[1,0,10]}
[18:24:19] < {r:{zam:1},f:[1,0,10]}
[18:24:19] < {r:{zvm:3750},f:[1,0,13]}
[18:24:19] < {r:{zjm:5000},f:[1,0,13]}
[18:24:19] < {r:{zfr:3750},f:[1,0,13]}
[18:24:19] < {r:{ztn:-100.000},f:[1,0,13]}
[18:24:19] < {r:{ztm:2.000},f:[1,0,10]}
[18:24:19] < {r:{aam:1},f:[1,0,10]}
[18:24:19] < {r:{avm:20000},f:[1,0,14]}
[18:24:19] < {r:{ajm:10000},f:[1,0,14]}
[18:24:19] < {r:{afr:15000},f:[1,0,14]}
[18:24:19] < {r:{atn:-3600.000},f:[1,0,14]}
[18:24:19] < {r:{atm:3600.000},f:[1,0,13]}
[18:24:19] < {r:{cam:1},f:[1,0,10]}
[18:24:19] < {r:{cvm:10000},f:[1,0,14]}
[18:24:19] < {r:{cjm:5000},f:[1,0,13]}
[18:24:19] < {r:{cfr:10000},f:[1,0,14]}
[18:24:19] < {r:{ctn:-3600.000},f:[1,0,14]}
[18:24:19] < {r:{ctm:3600.000},f:[1,0,13]}
[18:24:19] < {r:{limitsw:null},f:[1,100,21]}
[18:24:19] < {r:{sl:1},f:[1,0,9]}
[18:24:19] < {r:{xsn:null},f:[1,100,10]}
[18:24:19] < {r:{ahi:1},f:[1,0,10]}
[18:24:19] < {r:{di1mo:1},f:[1,0,12]}
[18:24:19] < {r:{di1ac:0},f:[1,0,12]}
[18:24:19] < {r:{di1fn:0},f:[1,0,12]}
[18:24:19] < {r:{xsx:null},f:[1,100,10]}
[18:24:19] < {r:{xhi:2},f:[1,0,10]}
[18:24:19] < {r:{di2mo:0},f:[1,0,12]}
[18:24:19] < {r:{di2ac:0},f:[1,0,12]}
[18:24:19] < {r:{di2fn:0},f:[1,0,12]}
[18:24:19] < {r:{ysn:null},f:[1,100,10]}
[18:24:19] < {r:{yhi:0},f:[1,0,10]}
[18:24:19] < {r:{di3mo:-1},f:[1,0,13]}
[18:24:19] < {r:{di3ac:0},f:[1,0,12]}
[18:24:19] < {r:{di3fn:0},f:[1,0,12]}
[18:24:19] < {r:{ysx:null},f:[1,100,10]}
[18:24:19] < {r:{di4mo:-1},f:[1,0,13]}
[18:24:19] < {r:{di4ac:0},f:[1,0,12]}
[18:24:19] < {r:{di4fn:0},f:[1,0,12]}
[18:24:19] < {r:{zsn:null},f:[1,100,10]}
[18:24:19] < {r:{zhi:5},f:[1,0,10]}
[18:24:19] < {r:{di5mo:0},f:[1,0,12]}
[18:24:19] < {r:{di5ac:0},f:[1,0,12]}
[18:24:19] < {r:{di5fn:0},f:[1,0,12]}
[18:24:19] < {r:{zsx:null},f:[1,100,10]}
[18:24:19] < {r:{di6mo:-1},f:[1,0,13]}
[18:24:19] < {r:{di6ac:0},f:[1,0,12]}
[18:24:19] < {r:{di6fn:0},f:[1,0,12]}
[18:24:19] < {r:{asn:null},f:[1,100,10]}
[18:24:19] < {r:{di7mo:-1},f:[1,0,13]}
[18:24:19] < {r:{di7ac:0},f:[1,0,12]}
[18:24:19] < {r:{di7fn:0},f:[1,0,12]}
[18:24:19] < {r:{asx:null},f:[1,100,10]}
[18:24:19] < {r:{di8mo:-1},f:[1,0,13]}
[18:24:19] < {r:{di8ac:0},f:[1,0,12]}
[18:24:19] < {r:{di8fn:0},f:[1,0,12]}
[18:24:19] < {r:{di9mo:-1},f:[1,0,13]}
[18:24:19] < {r:{di9ac:0},f:[1,0,12]}
[18:24:19] < {r:{di9fn:0},f:[1,0,12]}
[18:24:19] < {r:{homingc:null},f:[1,100,20]}
[18:24:19] < {r:{st:null},f:[1,100,9]}
[18:24:19] < {r:{xhd:1},f:[1,0,10]}
[18:24:19] < {r:{xsv:1000},f:[1,0,13]}
[18:24:19] < {r:{xlv:100.00},f:[1,0,12]}
[18:24:19] < {r:{xlb:5.000},f:[1,0,10]}
[18:24:19] < {r:{xzb:2.000},f:[1,0,10]}
[18:24:19] < {r:{xjh:10000},f:[1,0,14]}
[18:24:19] < {r:{zhd:0},f:[1,0,10]}
[18:24:19] < {r:{zsv:1000},f:[1,0,13]}
[18:24:19] < {r:{zlv:100.00},f:[1,0,12]}
[18:24:19] < {r:{zlb:5.000},f:[1,0,10]}
[18:24:19] < {r:{zzb:50.305},f:[1,0,15]}
[18:24:19] < {r:{zjh:10000},f:[1,0,14]}
[18:24:19] < {r:{ahd:1},f:[1,0,10]}
[18:24:19] < {r:{asv:5000},f:[1,0,13]}
[18:24:19] < {r:{alv:500.00},f:[1,0,12]}
[18:24:19] < {r:{alb:20.000},f:[1,0,11]}
[18:24:19] < {r:{azb:0.000},f:[1,0,10]}
[18:24:19] < {r:{ajh:10000},f:[1,0,14]}
[18:24:19] < [ej]  enable json mode            0 [0=text,1=JSON]
[18:24:19] < tinyg [mm] ok> 
[18:24:19] < stat:3
[18:24:19] I'm here in stat3 homing
[18:24:19] Machine is homed. 
[18:24:25] Homing axis: x
[18:24:25] > G28.2 X0
[18:24:25] < tinyg [mm] ok> 
[18:24:25] < qr:28, qi:74, qo:50
[18:24:25] < qr:27, qi:1, qo:0
[18:24:25] < qr:27, qi:1, qo:0
[18:24:25] < posx:2.408,feed:1000.00,vel:42.04,coor:0,dist:1,momo:1,stat:9
[18:24:26] < posx:-1.512,vel:1000.00
[18:24:26] < qr:28, qi:0, qo:1
[18:24:26] < qr:27, qi:1, qo:0
[18:24:26] < posx:-2.418,feed:100.00,vel:100.00
[18:24:26] < posx:-2.001
[18:24:26] < posx:-1.583
[18:24:27] < posx:-1.166
[18:24:27] < posx:-0.751
[18:24:27] < posx:-0.331
[18:24:27] < posx:0.086
[18:24:28] < posx:0.503
[18:24:28] < posx:0.921
[18:24:28] < posx:1.336
[18:24:28] < posx:1.755
[18:24:28] < qr:27, qi:1, qo:0
[18:24:29] < posx:1.645,feed:1000.00,vel:998.95
[18:24:29] < qr:28, qi:0, qo:1
[18:24:29] < qr:28, qi:1, qo:1
[18:24:29] < posx:0.000,feed:0.00,vel:0.00,coor:1,dist:0,momo:4,stat:3
[18:26:45] Re-Dumping file C:\Github\MaterialProfiles\3D_POC\data\3D_INIT.json ...
[18:26:45] Loading File... 
[18:26:45] JSON Loaded... 
[18:26:46] Dumping init file... 
[18:26:46] < {r:{tinygmo:null},f:[1,100,26]}
[18:26:46] < {r:{baud:null},f:[1,100,11]}
[18:26:46] < {r:{js:0},f:[1,0,9]}
[18:26:46] < {r:{gpa:0},f:[1,0,10]}
[18:26:46] < {r:{gun:1},f:[1,0,10]}
[18:26:46] < {r:{ja:0.00},f:[1,0,9]}
[18:26:46] < {r:{si:250},f:[1,0,11]}
[18:26:46] < {r:{jv:5},f:[1,0,9]}
[18:26:46] < {r:{mt:0},f:[1,0,11]}
[18:26:46] < {r:{st:null},f:[1,100,9]}
[18:26:46] < {r:{qv:0},f:[1,0,9]}
[18:26:46] < {r:{tv:1},f:[1,0,9]}
[18:26:46] < {r:{sv:1},f:[1,0,9]}
[18:26:46] < {r:{motorma:null},f:[1,100,20]}
[18:26:46] < {r:{1ma:5},f:[1,0,10]}
[18:26:46] < {r:{2ma:0},f:[1,0,10]}
[18:26:46] < {r:{3ma:2},f:[1,0,10]}
[18:26:46] < {r:{4ma:3},f:[1,0,10]}
[18:26:46] < {r:{polarit:null},f:[1,100,18]}
[18:26:46] < {r:{1po:1},f:[1,0,10]}
[18:26:46] < {r:{2po:0},f:[1,0,10]}
[18:26:46] < {r:{3po:1},f:[1,0,10]}
[18:26:46] < {r:{4po:0},f:[1,0,10]}
[18:26:46] < {r:{trvalue:null},f:[1,100,16]}
[18:26:46] < {r:{1tr:60.0000},f:[1,0,11]}
[18:26:46] < {r:{2tr:6.3500},f:[1,0,13]}
[18:26:46] < {r:{3tr:5.0000},f:[1,0,10]}
[18:26:46] < {r:{4tr:60.0000},f:[1,0,11]}
[18:26:46] < {r:{powerse:null},f:[1,100,21]}
[18:26:46] < {r:{1pl:1.000},f:[1,0,10]}
[18:26:46] < {r:{2pl:1.000},f:[1,0,10]}
[18:26:46] < {r:{3pl:0.000},f:[1,0,10]}
[18:26:46] < {r:{4pl:0.000},f:[1,0,10]}
[18:26:46] < {r:{1pm:2},f:[1,0,10]}
[18:26:46] < {r:{2pm:2},f:[1,0,10]}
[18:26:46] < {r:{3pm:2},f:[1,0,10]}
[18:26:46] < {r:{4pm:2},f:[1,0,10]}
[18:26:46] < {r:{motorse:null},f:[1,100,21]}
[18:26:46] < {r:{1mi:16},f:[1,0,11]}
[18:26:46] < {r:{2mi:32},f:[1,0,11]}
[18:26:46] < {r:{3mi:10,msg:"*** WARNING *** Setting non-standard microstep value"},f:[1,0,11]}
[18:26:46] < {r:{4mi:10,msg:"*** WARNING *** Setting non-standard microstep value"},f:[1,0,11]}
[18:26:46] < {r:{1sa:1.800},f:[1,0,12]}
[18:26:46] < {r:{2sa:1.800},f:[1,0,12]}
[18:26:46] < {r:{3sa:1.800},f:[1,0,12]}
[18:26:46] < {r:{4sa:1.800},f:[1,0,12]}
[18:26:46] < {r:{axesset:null},f:[1,100,20]}
[18:26:46] < {r:{xam:1},f:[1,0,10]}
[18:26:46] < {r:{xvm:1500},f:[1,0,13]}
[18:26:46] < {r:{xjm:5000},f:[1,0,13]}
[18:26:46] < {r:{xfr:5000},f:[1,0,13]}
[18:26:46] < {r:{xtn:-500.000},f:[1,0,13]}
[18:26:46] < {r:{xtm:0.000},f:[1,0,10]}
[18:26:46] < {r:{yam:0},f:[1,0,10]}
[18:26:46] < {r:{yvm:0},f:[1,0,10]}
[18:26:46] < {r:{yjm:0},f:[1,0,10]}
[18:26:46] < {r:{yfr:0},f:[1,0,10]}
[18:26:46] < {r:{zam:1},f:[1,0,10]}
[18:26:46] < {r:{zvm:3750},f:[1,0,13]}
[18:26:46] < {r:{zjm:5000},f:[1,0,13]}
[18:26:46] < {r:{zfr:3750},f:[1,0,13]}
[18:26:46] < {r:{ztn:-100.000},f:[1,0,13]}
[18:26:46] < {r:{ztm:2.000},f:[1,0,10]}
[18:26:46] < {r:{aam:1},f:[1,0,10]}
[18:26:46] < {r:{avm:20000},f:[1,0,14]}
[18:26:46] < {r:{ajm:10000},f:[1,0,14]}
[18:26:46] < {r:{afr:15000},f:[1,0,14]}
[18:26:46] < {r:{atn:-3600.000},f:[1,0,14]}
[18:26:46] < {r:{atm:3600.000},f:[1,0,13]}
[18:26:46] < {r:{cam:1},f:[1,0,10]}
[18:26:46] < {r:{cvm:10000},f:[1,0,14]}
[18:26:46] < {r:{cjm:5000},f:[1,0,13]}
[18:26:46] < {r:{cfr:10000},f:[1,0,14]}
[18:26:46] < {r:{ctn:-3600.000},f:[1,0,14]}
[18:26:46] < {r:{ctm:3600.000},f:[1,0,13]}
[18:26:46] < {r:{limitsw:null},f:[1,100,21]}
[18:26:46] < {r:{sl:1},f:[1,0,9]}
[18:26:46] < {r:{xsn:null},f:[1,100,10]}
[18:26:46] < {r:{ahi:1},f:[1,0,10]}
[18:26:46] < {r:{di1mo:1},f:[1,0,12]}
[18:26:46] < {r:{di1ac:0},f:[1,0,12]}
[18:26:46] < {r:{di1fn:0},f:[1,0,12]}
[18:26:46] < {r:{xsx:null},f:[1,100,10]}
[18:26:46] < {r:{xhi:2},f:[1,0,10]}
[18:26:46] < {r:{di2mo:0},f:[1,0,12]}
[18:26:46] < {r:{di2ac:0},f:[1,0,12]}
[18:26:46] < {r:{di2fn:0},f:[1,0,12]}
[18:26:46] < {r:{ysn:null},f:[1,100,10]}
[18:26:46] < {r:{yhi:0},f:[1,0,10]}
[18:26:46] < {r:{di3mo:-1},f:[1,0,13]}
[18:26:46] < {r:{di3ac:0},f:[1,0,12]}
[18:26:46] < {r:{di3fn:0},f:[1,0,12]}
[18:26:46] < {r:{ysx:null},f:[1,100,10]}
[18:26:46] < {r:{di4mo:-1},f:[1,0,13]}
[18:26:46] < {r:{di4ac:0},f:[1,0,12]}
[18:26:46] < {r:{di4fn:0},f:[1,0,12]}
[18:26:46] < {r:{zsn:null},f:[1,100,10]}
[18:26:46] < {r:{zhi:5},f:[1,0,10]}
[18:26:46] < {r:{di5mo:0},f:[1,0,12]}
[18:26:46] < {r:{di5ac:0},f:[1,0,12]}
[18:26:46] < {r:{di5fn:0},f:[1,0,12]}
[18:26:46] < {r:{zsx:null},f:[1,100,10]}
[18:26:46] < {r:{di6mo:-1},f:[1,0,13]}
[18:26:46] < {r:{di6ac:0},f:[1,0,12]}
[18:26:46] < {r:{di6fn:0},f:[1,0,12]}
[18:26:46] < {r:{asn:null},f:[1,100,10]}
[18:26:46] < {r:{di7mo:-1},f:[1,0,13]}
[18:26:46] < {r:{di7ac:0},f:[1,0,12]}
[18:26:46] < {r:{di7fn:0},f:[1,0,12]}
[18:26:46] < {r:{asx:null},f:[1,100,10]}
[18:26:46] < {r:{di8mo:-1},f:[1,0,13]}
[18:26:46] < {r:{di8ac:0},f:[1,0,12]}
[18:26:46] < {r:{di8fn:0},f:[1,0,12]}
[18:26:46] < {r:{di9mo:-1},f:[1,0,13]}
[18:26:46] < {r:{di9ac:0},f:[1,0,12]}
[18:26:46] < {r:{di9fn:0},f:[1,0,12]}
[18:26:46] < {r:{homingc:null},f:[1,100,20]}
[18:26:46] < {r:{st:null},f:[1,100,9]}
[18:26:46] < {r:{xhd:1},f:[1,0,10]}
[18:26:46] < {r:{xsv:1000},f:[1,0,13]}
[18:26:46] < {r:{xlv:100.00},f:[1,0,12]}
[18:26:46] < {r:{xlb:5.000},f:[1,0,10]}
[18:26:46] < {r:{xzb:2.000},f:[1,0,10]}
[18:26:46] < {r:{xjh:10000},f:[1,0,14]}
[18:26:46] < {r:{zhd:0},f:[1,0,10]}
[18:26:46] < {r:{zsv:1000},f:[1,0,13]}
[18:26:46] < {r:{zlv:100.00},f:[1,0,12]}
[18:26:46] < {r:{zlb:5.000},f:[1,0,10]}
[18:26:46] < {r:{zzb:50.305},f:[1,0,15]}
[18:26:46] < {r:{zjh:10000},f:[1,0,14]}
[18:26:46] < {r:{ahd:1},f:[1,0,10]}
[18:26:46] < {r:{asv:5000},f:[1,0,13]}
[18:26:46] < {r:{alv:500.00},f:[1,0,12]}
[18:26:46] < {r:{alb:20.000},f:[1,0,11]}
[18:26:46] < {r:{azb:0.000},f:[1,0,10]}
[18:26:46] < {r:{ajh:10000},f:[1,0,14]}
[18:26:46] < [ej]  enable json mode            0 [0=text,1=JSON]
[18:26:46] < tinyg [mm] ok> 
[18:26:46] < stat:3
[18:26:46] I'm here in stat3 homing
[18:26:46] Machine is homed. 
[18:26:51] Homing axis: x
[18:26:51] > G28.2 X0
[18:26:51] < tinyg [mm] ok> 
[18:26:51] < posx:2.408,feed:1000.00,vel:42.04,coor:0,dist:1,momo:1,stat:9
[18:26:52] < posx:-1.512,vel:1000.00
[18:26:52] < posx:-2.418,feed:100.00,vel:100.00
[18:26:52] < posx:-2.001
[18:26:52] < posx:-1.583
[18:26:53] < posx:-1.166
[18:26:53] < posx:-0.751
[18:26:53] < posx:-0.331
[18:26:53] < posx:0.086
[18:26:54] < posx:0.503
[18:26:54] < posx:0.921
[18:26:54] < posx:1.336
[18:26:54] < posx:1.755
[18:26:55] < posx:1.645,feed:1000.00,vel:998.95
[18:26:55] < posx:0.000,feed:0.00,vel:0.00,coor:1,dist:0,momo:4,stat:3
[18:27:06] > $sv=2
[18:27:06] TinyG Command received 
[18:27:06] < [sv]  status report verbosity     2 [0=off,1=filtered,2=verbose]
[18:27:06] < tinyg [mm] ok> 
[18:27:10] Homing axis: x
[18:27:10] > G28.2 X0
[18:27:10] < tinyg [mm] ok> 
[18:27:10] < line:0,posx:2.408,posy:0.000,posz:0.000,posa:0.000,feed:1000.00,vel:42.04,unit:1,coor:0,dist:1,admo:1,frmo:1,momo:1,stat:9
[18:27:10] < line:0,posx:-1.537,posy:0.000,posz:0.000,posa:0.000,feed:1000.00,vel:1000.00,unit:1,coor:0,dist:1,admo:1,frmo:1,momo:1,stat:9
[18:27:11] < line:0,posx:-2.413,posy:0.000,posz:0.000,posa:0.000,feed:100.00,vel:100.00,unit:1,coor:0,dist:1,admo:1,frmo:1,momo:1,stat:9
[18:27:11] < line:0,posx:-1.996,posy:0.000,posz:0.000,posa:0.000,feed:100.00,vel:100.00,unit:1,coor:0,dist:1,admo:1,frmo:1,momo:1,stat:9
[18:27:11] < line:0,posx:-1.578,posy:0.000,posz:0.000,posa:0.000,feed:100.00,vel:100.00,unit:1,coor:0,dist:1,admo:1,frmo:1,momo:1,stat:9
[18:27:11] < line:0,posx:-1.161,posy:0.000,posz:0.000,posa:0.000,feed:100.00,vel:100.00,unit:1,coor:0,dist:1,admo:1,frmo:1,momo:1,stat:9
[18:27:12] < line:0,posx:-0.744,posy:0.000,posz:0.000,posa:0.000,feed:100.00,vel:100.00,unit:1,coor:0,dist:1,admo:1,frmo:1,momo:1,stat:9
[18:27:12] < line:0,posx:-0.326,posy:0.000,posz:0.000,posa:0.000,feed:100.00,vel:100.00,unit:1,coor:0,dist:1,admo:1,frmo:1,momo:1,stat:9
[18:27:12] < line:0,posx:0.091,posy:0.000,posz:0.000,posa:0.000,feed:100.00,vel:100.00,unit:1,coor:0,dist:1,admo:1,frmo:1,momo:1,stat:9
[18:27:12] < line:0,posx:0.508,posy:0.000,posz:0.000,posa:0.000,feed:100.00,vel:100.00,unit:1,coor:0,dist:1,admo:1,frmo:1,momo:1,stat:9
[18:27:13] < line:0,posx:0.926,posy:0.000,posz:0.000,posa:0.000,feed:100.00,vel:100.00,unit:1,coor:0,dist:1,admo:1,frmo:1,momo:1,stat:9
[18:27:13] < line:0,posx:1.343,posy:0.000,posz:0.000,posa:0.000,feed:100.00,vel:100.00,unit:1,coor:0,dist:1,admo:1,frmo:1,momo:1,stat:9
[18:27:13] < line:0,posx:1.760,posy:0.000,posz:0.000,posa:0.000,feed:100.00,vel:100.00,unit:1,coor:0,dist:1,admo:1,frmo:1,momo:1,stat:9
[18:27:13] < line:0,posx:1.595,posy:0.000,posz:0.000,posa:0.000,feed:1000.00,vel:1000.00,unit:1,coor:0,dist:1,admo:1,frmo:1,momo:1,stat:9
[18:27:14] < line:0,posx:0.000,posy:0.000,posz:0.000,posa:0.000,feed:0.00,vel:0.00,unit:1,coor:1,dist:0,admo:1,frmo:1,momo:4,stat:3
[18:28:12] > $sr=9
[18:28:12] TinyG Command received 
[18:28:12] < Line number:         0
[18:28:12] < X position:          0.000 mm
[18:28:12] < X position:          0.000 mm
[18:28:12] < Y position:          0.000 mm
[18:28:12] < Y position:          0.000 mm
[18:28:12] < Z position:          0.000 mm
[18:28:12] < Z position:          0.000 mm
[18:28:12] < A position:          0.000 deg
[18:28:12] < A position:          0.000 deg
[18:28:12] < Feed rate:           0.000 mm/min
[18:28:12] < Velocity:            0.000 mm/min
[18:28:12] < Units:               G21 - millimeter mode
[18:28:12] < Coordinate system:   G54 - coordinate system 1
[18:28:12] < Distance mode:       G90 - absolute distance mode
[18:28:12] < Arc Distance mode:   G91.1 - incremental distance mode (default mode)
[18:28:12] < Feed rate mode:      G94 - units-per-minute mode (i.e. feedrate mode)
[18:28:12] < Motion mode:         G80 - cancel motion mode (none active)
[18:28:12] < Machine state:       Stop
[18:28:12] < tinyg [mm] err[107]: Input value unsupported: $sr=9 
[18:28:12] > $di1fn=0
[18:28:12] TinyG Command received 
[18:28:12] > G91 G0 A0
[18:28:12] > G90 G0 A0.0[18:28:12] < [di1fn] input function          0 [0=none,1=limit,2=interlock,3=shutdown]
[18:28:12] < tinyg [mm] ok> 
[18:28:12] < tinyg [mm] ok> 
[18:28:12] < line:0,posx:0.000,posy:0.000,posz:0.000,posa:0.000,feed:0.00,vel:0.00,unit:1,coor:1,dist:1,admo:1,frmo:1,momo:0,stat:3
[18:28:12] > $di1fn=0
[18:28:12] TinyG Command received 
[18:28:12] > G91 G0 A0
[18:28:12] < tinyg [mm] err[102]: Bad number format: G90 G0 A0.0$di1fn=0 
[18:28:12] < tinyg [mm] ok> 
[18:28:13] < line:0,posx:0.000,posy:0.000,posz:0.000,posa:0.000,feed:0.00,vel:0.00,unit:1,coor:1,dist:1,admo:1,frmo:1,momo:0,stat:3
[18:28:13] > G90 G0 A0.00.0

