[19:47:31] Starting Log file for session: 20201013-194731

[19:18:15] Terminal cleared and ready...
[19:18:25] > g91 g0 a30
[19:18:25] < tinyg [mm] ok> 
[19:18:25] < posa:21.432,vel:9783.57,dist:1,momo:0,stat:5
[19:18:25] < posa:30.000,vel:0.00,stat:3
[19:18:25] Machine is homed. 
[19:20:04] > g91 g0 a30
[19:20:04] < tinyg [mm] ok> 
[19:20:04] < posa:51.432,vel:9783.57,stat:5
[19:20:04] < posa:60.000,vel:0.00,stat:3
[19:20:04] Machine is homed. 
[19:20:18] > g91 g0 a30
[19:20:18] < tinyg [mm] ok> 
[19:20:18] < posa:81.432,vel:9783.57,stat:5
[19:20:18] < posa:90.000,vel:0.00,stat:3
[19:20:18] Machine is homed. 
[19:20:29] > g91 g0 a30
[19:20:29] < tinyg [mm] ok> 
[19:20:29] < posa:111.432,vel:9783.57,stat:5
[19:20:29] < posa:120.000,vel:0.00,stat:3
[19:20:29] Machine is homed. 
[19:20:39] > g91 g0 a30
[19:20:39] < tinyg [mm] ok> 
[19:20:39] < posa:141.432,vel:9783.57,stat:5
[19:20:39] < posa:150.000,vel:0.00,stat:3
[19:20:39] Machine is homed. 
[19:21:07] > g91 g0 a30
[19:21:07] < tinyg [mm] ok> 
[19:21:07] < posa:171.432,vel:9783.57,stat:5
[19:21:07] < posa:180.000,vel:0.00,stat:3
[19:21:07] Machine is homed. 
[19:21:17] > g91 g0 a30
[19:21:17] < tinyg [mm] ok> 
[19:21:17] < posa:201.432,vel:9783.57,stat:5
[19:21:18] < posa:210.000,vel:0.00,stat:3
[19:21:18] Machine is homed. 
[19:21:28] > g91 g0 a30
[19:21:28] < tinyg [mm] ok> 
[19:21:28] < posa:231.432,vel:9783.57,stat:5
[19:21:28] < posa:240.000,vel:0.00,stat:3
[19:21:28] Machine is homed. 
[19:21:40] > g91 g0 a30
[19:21:40] < tinyg [mm] ok> 
[19:21:41] < posa:261.432,vel:9783.57,stat:5
[19:21:41] < posa:270.000,vel:0.00,stat:3
[19:21:41] Machine is homed. 
[19:21:58] > g91 g0 a30
[19:21:58] < tinyg [mm] ok> 
[19:21:59] < posa:291.432,vel:9783.57,stat:5
[19:21:59] < posa:300.000,vel:0.00,stat:3
[19:21:59] Machine is homed. 
[19:22:09] > g91 g0 a30
[19:22:09] < tinyg [mm] ok> 
[19:22:09] < posa:321.432,vel:9783.57,stat:5
[19:22:10] < posa:330.000,vel:0.00,stat:3
[19:22:10] Machine is homed. 
[19:22:23] > g91 g0 a30
[19:22:23] < tinyg [mm] ok> 
[19:22:23] < posa:351.432,vel:9783.57,stat:5
[19:22:24] < posa:360.000,vel:0.00,stat:3
[19:22:24] Machine is homed. 
[19:22:34] > g91 g0 a30
[19:22:34] < tinyg [mm] ok> 
[19:22:35] < posa:381.432,vel:9783.57,stat:5
[19:22:35] < posa:390.000,vel:0.00,stat:3
[19:22:35] Machine is homed. 
[19:22:45] > g91 g0 a30
[19:22:45] < tinyg [mm] ok> 
[19:22:45] < posa:411.432,vel:9783.57,stat:5
[19:22:46] < posa:420.000,vel:0.00,stat:3
[19:22:46] Machine is homed. 
[19:22:57] > g91 g0 a30
[19:22:57] < tinyg [mm] ok> 
[19:22:57] < posa:441.432,vel:9783.57,stat:5
[19:22:57] < posa:450.000,vel:0.00,stat:3
[19:22:57] Machine is homed. 
[19:23:16] > g91 g0 a30
[19:23:16] < tinyg [mm] ok> 
[19:23:16] < posa:471.432,vel:9783.57,stat:5
[19:23:16] < posa:480.000,vel:0.00,stat:3
[19:23:16] Machine is homed. 
[19:23:26] > g91 g0 a30
[19:23:26] < tinyg [mm] ok> 
[19:23:26] < posa:501.432,vel:9783.57,stat:5
[19:23:27] < posa:510.000,vel:0.00,stat:3
[19:23:27] Machine is homed. 
[19:23:37] > g91 g0 a30
[19:23:37] < tinyg [mm] ok> 
[19:23:38] < posa:531.432,vel:9783.57,stat:5
[19:23:38] < posa:540.000,vel:0.00,stat:3
[19:23:38] Machine is homed. 
[19:23:51] > g91 g0 a30
[19:23:51] < tinyg [mm] ok> 
[19:23:51] < posa:561.432,vel:9783.57,stat:5
[19:23:52] < posa:570.000,vel:0.00,stat:3
[19:23:52] Machine is homed. 
[19:24:14] > g91 g0 a30
[19:24:14] < tinyg [mm] ok> 
[19:24:14] < posa:591.432,vel:9783.57,stat:5
[19:24:14] < posa:600.000,vel:0.00,stat:3
[19:24:14] Machine is homed. 
[19:24:27] > g91 g0 a30
[19:24:27] < tinyg [mm] ok> 
[19:24:27] < posa:621.432,vel:9783.57,stat:5
[19:24:28] < posa:630.000,vel:0.00,stat:3
[19:24:28] Machine is homed. 
[19:24:53] > g91 g0 a30
[19:24:53] < tinyg [mm] ok> 
[19:24:53] < posa:651.432,vel:9783.57,stat:5
[19:24:53] < posa:660.000,vel:0.00,stat:3
[19:24:53] Machine is homed. 
[19:25:10] > g91 g0 a30
[19:25:10] < tinyg [mm] ok> 
[19:25:10] < posa:681.432,vel:9783.57,stat:5
[19:25:10] < posa:690.000,vel:0.00,stat:3
[19:25:10] Machine is homed. 
[19:25:25] > g91 g0 a30
[19:25:25] < tinyg [mm] ok> 
[19:25:25] < posa:711.432,vel:9783.57,stat:5
[19:25:25] < posa:720.000,vel:0.00,stat:3
[19:25:25] Machine is homed. 
[19:28:53] > g90 g0 a0
[19:28:53] < tinyg [mm] ok> 
[19:28:53] < posa:698.486,vel:10000.00,dist:0,stat:5
[19:28:53] < posa:664.736
[19:28:53] < posa:631.236
[19:28:54] < posa:597.986
[19:28:54] < posa:564.486
[19:28:54] < posa:531.236
[19:28:54] < posa:497.736
[19:28:54] < posa:464.486
[19:28:55] < posa:430.986
[19:28:55] < posa:397.736
[19:28:55] < posa:364.236
[19:28:55] < posa:330.986
[19:28:55] < posa:297.486
[19:28:56] < posa:264.236
[19:28:56] < posa:230.738
[19:28:56] < posa:197.490
[19:28:56] < posa:163.992
[19:28:56] < posa:130.744
[19:28:57] < posa:96.995
[19:28:57] < posa:63.496
[19:28:57] < osa:29.997
[19:28:57] < posa:0.630,vel:2604.88
[19:28:57] < posa:0.000,vel:0.00,stat:3
[19:28:57] Machine is homed. 
[19:29:57] > g91 g0 a30
[19:29:57] < tinyg [mm] ok> 
[19:29:57] < posa:21.432,vel:9783.57,dist:1,stat:5
[19:29:58] < posa:30.000,vel:0.00,stat:3
[19:29:58] Machine is homed. 
[19:30:20] > g91 g1 a30 f1500
[19:30:20] < tinyg [mm] ok> 
[19:30:21] < posa:34.335,feed:1500.00,vel:1500.00,momo:1,stat:5
[19:30:21] < posa:39.358
[19:30:21] < posa:44.345
[19:30:21] < posa:49.368
[19:30:21] < posa:54.355
[19:30:22] < posa:59.376,vel:1499.13
[19:30:22] < posa:60.000,vel:0.00,stat:3
[19:30:22] Machine is homed. 
[19:30:30] > g91 g1 a30 f2500
[19:30:30] < tinyg [mm] ok> 
[19:30:30] < posa:66.876,feed:2500.00,vel:2500.00,stat:5
[19:30:30] < posa:75.250
[19:30:31] < posa:83.562
[19:30:31] < posa:90.000,vel:0.00,stat:3
[19:30:31] Machine is homed. 
[19:30:39] > g91 g1 a30 f3500
[19:30:39] < tinyg [mm] ok> 
[19:30:40] < posa:99.313,feed:3500.00,vel:3500.00,stat:5
[19:30:40] < posa:110.951
[19:30:40] < posa:120.000,vel:0.00,stat:3
[19:30:40] Machine is homed. 
[19:30:44] > g91 g1 a30 f3500
[19:30:44] < tinyg [mm] ok> 
[19:30:45] < posa:129.313,vel:3500.00,stat:5
[19:30:45] < posa:140.949
[19:30:45] < posa:150.000,vel:0.00,stat:3
[19:30:45] Machine is homed. 
[19:30:52] > g91 g1 a30 f3500
[19:30:52] < tinyg [mm] ok> 
[19:30:52] < posa:159.312,vel:3500.00,stat:5
[19:30:52] < posa:170.949
[19:30:53] < posa:180.000,vel:0.00,stat:3
[19:30:53] Machine is homed. 
[19:30:56] > g91 g1 a30 f3500
[19:30:56] < tinyg [mm] ok> 
[19:30:57] < posa:189.312,vel:3500.00,stat:5
[19:30:57] < posa:200.949
[19:30:57] < posa:210.000,vel:0.00,stat:3
[19:30:57] Machine is homed. 
[19:31:05] > g91 g1 a30 f3500
[19:31:05] < tinyg [mm] ok> 
[19:31:05] < posa:219.312,vel:3500.00,stat:5
[19:31:05] < posa:230.949
[19:31:05] < posa:240.000,vel:0.00,stat:3
[19:31:05] Machine is homed. 
[19:31:11] > g91 g1 a30 f3500
[19:31:11] < tinyg [mm] ok> 
[19:31:11] < posa:249.312,vel:3500.00,stat:5
[19:31:11] < posa:260.949
[19:31:11] < posa:270.000,vel:0.00,stat:3
[19:31:11] Machine is homed. 
[19:31:20] > g91 g1 a30 f3500
[19:31:20] < tinyg [mm] ok> 
[19:31:21] < posa:279.312,vel:3500.00,stat:5
[19:31:21] < posa:290.949
[19:31:21] < posa:300.000,vel:0.00,stat:3
[19:31:21] Machine is homed. 
[19:31:28] > g91 g1 a30 f3500
[19:31:28] < tinyg [mm] ok> 
[19:31:28] < posa:309.312,vel:3500.00,stat:5
[19:31:28] < posa:320.949
[19:31:28] < posa:330.000,vel:0.00,stat:3
[19:31:28] Machine is homed. 
[19:31:33] > g91 g1 a30 f3500
[19:31:33] < tinyg [mm] ok> 
[19:31:33] < posa:339.312,vel:3500.00,stat:5
[19:31:33] < posa:350.949
[19:31:33] < posa:360.000,vel:0.00,stat:3
[19:31:33] Machine is homed. 
[19:31:36] > g91 g1 a30 f3500
[19:31:36] < tinyg [mm] ok> 
[19:31:37] < posa:369.312,vel:3500.00,stat:5
[19:31:37] < posa:380.949
[19:31:37] < posa:390.000,vel:0.00,stat:3
[19:31:37] Machine is homed. 
[19:31:42] > g91 g1 a30 f3500
[19:31:42] < tinyg [mm] ok> 
[19:31:42] < posa:399.312,vel:3500.00,stat:5
[19:31:43] < posa:410.949
[19:31:43] < posa:420.000,vel:0.00,stat:3
[19:31:43] Machine is homed. 
[19:31:46] > g91 g1 a30 f3500
[19:31:46] < tinyg [mm] ok> 
[19:31:46] < posa:429.312,vel:3500.00,stat:5
[19:31:46] < posa:440.949
[19:31:46] < posa:450.000,vel:0.00,stat:3
[19:31:46] Machine is homed. 
[19:31:49] > g91 g1 a30 f3500
[19:31:49] < tinyg [mm] ok> 
[19:31:49] < posa:459.312,vel:3500.00,stat:5
[19:31:49] < posa:470.949
[19:31:49] < posa:480.000,vel:0.00,stat:3
[19:31:49] Machine is homed. 
[19:31:51] > g91 g1 a30 f3500
[19:31:51] < tinyg [mm] ok> 
[19:31:52] < posa:489.312,vel:3500.00,stat:5
[19:31:52] < posa:500.949
[19:31:52] < posa:510.000,vel:0.00,stat:3
[19:31:52] Machine is homed. 
[19:31:52] > 
[19:32:00] > 
[19:32:05] Resuming script: ~
[19:32:08] Resuming script: ~
[19:32:11] Halt and flush: !%
[19:32:11] < tinyg [mm] ok> 
[19:32:13] Resuming script: ~
[19:32:13] > ~
[19:32:14] > g91 g1 a30 f3500
[19:32:14] < tinyg [mm] ok> 
[19:32:15] < posa:519.315,vel:3500.00,stat:5
[19:32:15] < posa:530.955
[19:32:15] < posa:540.000,vel:0.00,stat:3
[19:32:15] Machine is homed. 
[19:32:20] > g91 g1 a30 f3500
[19:32:20] < tinyg [mm] ok> 
[19:32:20] < posa:549.315,vel:3500.00,stat:5
[19:32:20] < posa:560.955
[19:32:20] < posa:570.000,vel:0.00,stat:3
[19:32:20] Machine is homed. 
[19:32:24] > g91 g1 a30 f3500
[19:32:24] < tinyg [mm] ok> 
[19:32:24] < posa:579.315,vel:3500.00,stat:5
[19:32:25] < posa:590.955
[19:32:25] < posa:600.000,vel:0.00,stat:3
[19:32:25] Machine is homed. 
[19:32:35] > g91 g1 a30 f3500
[19:32:35] < tinyg [mm] ok> 
[19:32:35] < posa:609.315,vel:3500.00,stat:5
[19:32:35] < posa:620.955
[19:32:35] < posa:630.000,vel:0.00,stat:3
[19:32:35] Machine is homed. 
[19:32:39] > g91 g1 a30 f3500
[19:32:39] < tinyg [mm] ok> 
[19:32:39] < posa:639.315,vel:3500.00,stat:5
[19:32:39] < posa:650.955
[19:32:39] < posa:660.000,vel:0.00,stat:3
[19:32:39] Machine is homed. 
[19:32:44] > g91 g1 a30 f3500
[19:32:44] < tinyg [mm] ok> 
[19:32:45] < posa:669.315,vel:3500.00,stat:5
[19:32:45] < posa:680.955
[19:32:45] < posa:690.000,vel:0.00,stat:3
[19:32:45] Machine is homed. 
[19:32:48] > g91 g1 a30 f3500
[19:32:48] < tinyg [mm] ok> 
[19:32:48] < posa:699.315,vel:3500.00,stat:5
[19:32:48] < posa:710.955
[19:32:48] < posa:720.000,vel:0.00,stat:3
[19:32:48] Machine is homed. 
[19:38:08] > g91 g1 z1
[19:38:08] < tinyg [mm] ok> 
[19:38:08] < posz:1.000,stat:3
[19:38:08] Machine is homed. 
[19:38:09] > g91 g1 z1
[19:38:09] < tinyg [mm] ok> 
[19:38:09] < posz:2.000,stat:3
[19:38:09] Machine is homed. 
[19:38:15] > g91 g1 z1
[19:38:15] < tinyg [mm] ok> 
[19:38:16] < posz:3.000,stat:3
[19:38:16] Machine is homed. 
[19:38:16] > g91 g1 z1
[19:38:16] < tinyg [mm] ok> 
[19:38:16] < posz:4.000,stat:3
[19:38:16] Machine is homed. 
[19:38:17] > g91 g1 z1
[19:38:17] < tinyg [mm] ok> 
[19:38:17] < posz:5.000,stat:3
[19:38:17] Machine is homed. 
[19:38:18] > g91 g1 z1
[19:38:18] < tinyg [mm] ok> 
[19:38:18] < posz:6.000,stat:3
[19:38:18] Machine is homed. 
[19:38:18] > g91 g1 z1
[19:38:18] < tinyg [mm] ok> 
[19:38:19] < posz:7.000,stat:3
[19:38:19] Machine is homed. 
[19:38:19] > g91 g1 z1
[19:38:19] < tinyg [mm] ok> 
[19:38:19] < posz:8.000,stat:3
[19:38:19] Machine is homed. 
[19:38:20] > g91 g1 z1
[19:38:20] < tinyg [mm] ok> 
[19:38:20] < posz:9.000,stat:3
[19:38:20] Machine is homed. 
[19:38:45] > g91 g1 z1
[19:38:45] < tinyg [mm] ok> 
[19:38:46] < posz:10.000,stat:3
[19:38:46] Machine is homed. 
[19:38:47] > g91 g1 z1
[19:38:47] < tinyg [mm] ok> 
[19:38:47] < posz:11.000,stat:3
[19:38:47] Machine is homed. 
[19:38:49] > g91 g1 z1
[19:38:49] < tinyg [mm] ok> 
[19:38:49] < posz:12.000,stat:3
[19:38:49] Machine is homed. 
[19:38:51] > g91 g1 z1
[19:38:51] < tinyg [mm] ok> 
[19:38:52] < posz:13.000,stat:3
[19:38:52] Machine is homed. 
[19:38:54] > g91 g1 z1
[19:38:54] < tinyg [mm] ok> 
[19:38:54] < posz:14.000,stat:3
[19:38:54] Machine is homed. 
[19:38:56] > g91 g1 z1
[19:38:56] < tinyg [mm] ok> 
[19:38:56] < posz:15.000,stat:3
[19:38:56] Machine is homed. 
[19:38:57] > g91 g1 z1
[19:38:57] < tinyg [mm] ok> 
[19:38:57] < posz:16.000,stat:3
[19:38:57] Machine is homed. 
[19:39:00] > g91 g1 z1
[19:39:00] < tinyg [mm] ok> 
[19:39:00] < posz:17.000,stat:3
[19:39:00] Machine is homed. 
[19:47:24] Connected to Serial on port COM6
[19:47:24] < {"r":{"fv":0.98,"fb":86.03,"hp":3,"hv":0,"id":"0213-0215-0515","msg":"SYSTEM READY"},"f":[1,0,1]}
[19:47:24] < [ej]  enable json mode            0 [0=text,1=JSON]
[19:47:24] < tinyg [mm] ok> 
[19:47:25] Loading file...
[19:47:28] File to load: C:\Users\Oscar\Desktop\init.json
[19:47:28] Loading File... 
[19:47:28] JSON Loaded... 
[19:47:29] Dumping init file... 
[19:47:29] < {"r":{"js":1},"f":[1,0,9]}
[19:47:29] < {"r":{"gpa":1},"f":[1,0,10]}
[19:47:29] < {"r":{"gun":1},"f":[1,0,10]}
[19:47:29] < {"r":{"ja":0.20},"f":[1,0,11]}
[19:47:29] < {"r":{"si":200},"f":[1,0,11]}
[19:47:29] < {"r":{"jv":5},"f":[1,0,9]}
[19:47:29] < {"r":{"mt":1},"f":[1,0,9]}
[19:47:29] < {"r":{"1ma":1},"f":[1,0,10]}
[19:47:29] < {"r":{"2ma":2},"f":[1,0,10]}
[19:47:29] < {"r":{"3ma":0},"f":[1,0,10]}
[19:47:29] < {"r":{"4ma":3},"f":[1,0,10]}
[19:47:29] < {"r":{"1po":0},"f":[1,0,10]}
[19:47:29] < {"r":{"2po":0},"f":[1,0,10]}
[19:47:29] < {"r":{"3po":1},"f":[1,0,10]}
[19:47:29] < {"r":{"4po":1},"f":[1,0,10]}
[19:47:29] < {"r":{"2tr":1.2500},"f":[1,0,13]}
[19:47:29] < {"r":{"3tr":15.9593},"f":[1,0,26]}
[19:47:29] < {"r":{"4tr":9.2000},"f":[1,0,12]}
[19:47:29] < {"r":{"1pl":0.000},"f":[1,0,10]}
[19:47:29] < {"r":{"2pl":1.000},"f":[1,0,10]}
[19:47:29] < {"r":{"3pl":0.000},"f":[1,0,10]}
[19:47:29] < {"r":{"4pl":0.000},"f":[1,0,10]}
[19:47:29] < {"r":{"1pm":0},"f":[1,0,10]}
[19:47:29] < {"r":{"2pm":2},"f":[1,0,10]}
[19:47:29] < {"r":{"3pm":1},"f":[1,0,10]}
[19:47:29] < {"r":{"4pm":1},"f":[1,0,10]}
[19:47:29] < {"r":{"2sa":1.800},"f":[1,0,12]}
[19:47:29] < {"r":{"3sa":1.800},"f":[1,0,12]}
[19:47:29] < {"r":{"4sa":1.800},"f":[1,0,12]}
[19:47:29] < {"r":{"2mi":8},"f":[1,0,10]}
[19:47:29] < {"r":{"3mi":10,"msg":"*** WARNING *** Setting non-standard microstep value"},"f":[1,0,11]}
[19:47:29] < {"r":{"4mi":10,"msg":"*** WARNING *** Setting non-standard microstep value"},"f":[1,0,11]}
[19:47:29] < {"r":{"xam":1},"f":[1,0,10]}
[19:47:29] < {"r":{"xvm":10000},"f":[1,0,14]}
[19:47:29] < {"r":{"xfr":10000},"f":[1,0,14]}
[19:47:29] < {"r":{"xjm":20000},"f":[1,0,14]}
[19:47:29] < {"r":{"yam":0},"f":[1,0,10]}
[19:47:29] < {"r":{"zam":1},"f":[1,0,10]}
[19:47:29] < {"r":{"zvm":850},"f":[1,0,12]}
[19:47:29] < {"r":{"zfr":850},"f":[1,0,12]}
[19:47:29] < {"r":{"zjm":5000},"f":[1,0,13]}
[19:47:29] < {"r":{"aam":1},"f":[1,0,10]}
[19:47:29] < {"r":{"avm":10000},"f":[1,0,14]}
[19:47:29] < {"r":{"afr":10000},"f":[1,0,14]}
[19:47:29] < {"r":{"ajm":10000},"f":[1,0,14]}
[19:47:29] < {"r":{"di8mo":-1},"f":[1,0,13]}
[19:47:29] < {"r":{"xhi":0},"f":[1,0,10]}
[19:47:29] < {"r":{"yhi":0},"f":[1,0,10]}
[19:47:29] < {"r":{"zhi":0},"f":[1,0,10]}
[19:47:29] < {"r":{"bhi":0},"f":[1,0,10]}
[19:47:29] < {"r":{"chi":0},"f":[1,0,10]}
[19:47:29] < {"r":{"di1mo":1},"f":[1,0,12]}
[19:47:29] < {"r":{"di1ac":0},"f":[1,0,12]}
[19:47:29] < {"r":{"di1fn":0},"f":[1,0,12]}
[19:47:29] < {"r":{"ahi":1},"f":[1,0,10]}
[19:47:29] < {"r":{"ahd":1},"f":[1,0,10]}
[19:47:29] < {"r":{"asv":2000},"f":[1,0,13]}
[19:47:29] < {"r":{"alv":500.00},"f":[1,0,12]}
[19:47:29] < {"r":{"alb":20.000},"f":[1,0,11]}
[19:47:29] < {"r":{"ajh":10000},"f":[1,0,14]}
[19:47:29] < {"r":{"di2mo":0},"f":[1,0,12]}
[19:47:29] < {"r":{"di2ac":0},"f":[1,0,12]}
[19:47:29] < {"r":{"di2fn":0},"f":[1,0,12]}
[19:47:29] < {"r":{"zhi":2},"f":[1,0,10]}
[19:47:29] < {"r":{"zhd":0},"f":[1,0,10]}
[19:47:29] < {"r":{"zsv":500},"f":[1,0,12]}
[19:47:29] < {"r":{"zlv":50.00},"f":[1,0,11]}
[19:47:29] < {"r":{"zlb":1.000},"f":[1,0,10]}
[19:47:29] < {"r":{"ajh":10000},"f":[1,0,14]}
[19:47:29] < {"r":{"sl":1},"f":[1,0,9]}
[19:47:29] < {"r":{"atm":3600.000},"f":[1,0,13]}
[19:47:29] < {"r":{"atn":-3600.000},"f":[1,0,14]}
[19:47:29] < {"r":{"xtm":90000.000},"f":[1,0,14]}
[19:47:29] < {"r":{"xtn":-90000.000},"f":[1,0,15]}
[19:47:29] < {"r":{"ztm":5.000},"f":[1,0,10]}
[19:47:29] < {"r":{"ztn":-19.000},"f":[1,0,12]}
[19:47:29] < {"r":{"azb":0.000},"f":[1,0,10]}
[19:47:29] < {"r":{"zzb":12.000},"f":[1,0,11]}
[19:47:29] < [ej]  enable json mode            0 [0=text,1=JSON]
[19:47:29] < tinyg [mm] ok> 
[19:47:29] < line:0,posx:0.000,posy:0.000,posz:0.000,posa:0.000,feed:0.00,vel:0.00,unit:1,coor:1,dist:0,admo:1,frmo:1,momo:4,stat:1


