[17:08:17] Starting Log file for session: 20201013-17817

[17:07:56] Terminal cleared and ready...
[17:08:02] > g28.3 z-10
[17:08:06] > g91 g1 z10 f500
[17:08:12] Connected to Serial on port COM6
[17:08:13] < {"r":{"fv":0.98,"fb":86.03,"hp":3,"hv":0,"id":"0213-0215-0515","msg":"SYSTEM READY"},"f":[1,0,1]}
[17:08:13] < [ej]  enable json mode            0 [0=text,1=JSON]
[17:08:13] < tinyg [mm] ok> 
[17:08:14] Re-Dumping file C:\Users\Oscar\Desktop\init.json ...
[17:08:14] Loading File... 
[17:08:14] JSON Loaded... 
[17:08:15] Dumping init file... 
[17:08:15] < {"r":{"js":1},"f":[1,0,9]}
[17:08:15] < {"r":{"gpa":1},"f":[1,0,10]}
[17:08:15] < {"r":{"gun":1},"f":[1,0,10]}
[17:08:15] < {"r":{"ja":0.20},"f":[1,0,11]}
[17:08:15] < {"r":{"si":200},"f":[1,0,11]}
[17:08:15] < {"r":{"jv":5},"f":[1,0,9]}
[17:08:15] < {"r":{"mt":1},"f":[1,0,9]}
[17:08:15] < {"r":{"1ma":1},"f":[1,0,10]}
[17:08:15] < {"r":{"2ma":2},"f":[1,0,10]}
[17:08:15] < {"r":{"3ma":0},"f":[1,0,10]}
[17:08:15] < {"r":{"4ma":3},"f":[1,0,10]}
[17:08:15] < {"r":{"1po":0},"f":[1,0,10]}
[17:08:15] < {"r":{"2po":0},"f":[1,0,10]}
[17:08:15] < {"r":{"3po":1},"f":[1,0,10]}
[17:08:15] < {"r":{"4po":1},"f":[1,0,10]}
[17:08:15] < {"r":{"2tr":1.2500},"f":[1,0,13]}
[17:08:15] < {"r":{"3tr":15.9593},"f":[1,0,26]}
[17:08:15] < {"r":{"4tr":9.2000},"f":[1,0,12]}
[17:08:15] < {"r":{"1pl":0.000},"f":[1,0,10]}
[17:08:15] < {"r":{"2pl":1.000},"f":[1,0,10]}
[17:08:15] < {"r":{"3pl":0.000},"f":[1,0,10]}
[17:08:15] < {"r":{"4pl":0.000},"f":[1,0,10]}
[17:08:15] < {"r":{"1pm":0},"f":[1,0,10]}
[17:08:15] < {"r":{"2pm":2},"f":[1,0,10]}
[17:08:15] < {"r":{"3pm":1},"f":[1,0,10]}
[17:08:15] < {"r":{"4pm":1},"f":[1,0,10]}
[17:08:15] < {"r":{"2sa":1.800},"f":[1,0,12]}
[17:08:15] < {"r":{"3sa":1.800},"f":[1,0,12]}
[17:08:15] < {"r":{"4sa":1.800},"f":[1,0,12]}
[17:08:15] < {"r":{"2mi":8},"f":[1,0,10]}
[17:08:15] < {"r":{"3mi":10,"msg":"*** WARNING *** Setting non-standard microstep value"},"f":[1,0,11]}
[17:08:15] < {"r":{"4mi":10,"msg":"*** WARNING *** Setting non-standard microstep value"},"f":[1,0,11]}
[17:08:15] < {"r":{"xam":1},"f":[1,0,10]}
[17:08:15] < {"r":{"xvm":10000},"f":[1,0,14]}
[17:08:15] < {"r":{"xfr":10000},"f":[1,0,14]}
[17:08:15] < {"r":{"xjm":20000},"f":[1,0,14]}
[17:08:15] < {"r":{"yam":0},"f":[1,0,10]}
[17:08:15] < {"r":{"zam":1},"f":[1,0,10]}
[17:08:15] < {"r":{"zvm":850},"f":[1,0,12]}
[17:08:15] < {"r":{"zfr":850},"f":[1,0,12]}
[17:08:15] < {"r":{"zjm":5000},"f":[1,0,13]}
[17:08:15] < {"r":{"aam":1},"f":[1,0,10]}
[17:08:15] < {"r":{"avm":10000},"f":[1,0,14]}
[17:08:15] < {"r":{"afr":10000},"f":[1,0,14]}
[17:08:15] < {"r":{"ajm":10000},"f":[1,0,14]}
[17:08:15] < {"r":{"di8mo":-1},"f":[1,0,13]}
[17:08:15] < {"r":{"xhi":0},"f":[1,0,10]}
[17:08:15] < {"r":{"yhi":0},"f":[1,0,10]}
[17:08:15] < {"r":{"zhi":0},"f":[1,0,10]}
[17:08:15] < {"r":{"bhi":0},"f":[1,0,10]}
[17:08:15] < {"r":{"chi":0},"f":[1,0,10]}
[17:08:15] < {"r":{"di1mo":1},"f":[1,0,12]}
[17:08:15] < {"r":{"di1ac":0},"f":[1,0,12]}
[17:08:15] < {"r":{"di1fn":0},"f":[1,0,12]}
[17:08:15] < {"r":{"ahi":1},"f":[1,0,10]}
[17:08:15] < {"r":{"ahd":1},"f":[1,0,10]}
[17:08:15] < {"r":{"asv":2000},"f":[1,0,13]}
[17:08:15] < {"r":{"alv":500.00},"f":[1,0,12]}
[17:08:15] < {"r":{"alb":20.000},"f":[1,0,11]}
[17:08:15] < {"r":{"ajh":10000},"f":[1,0,14]}
[17:08:15] < {"r":{"di2mo":0},"f":[1,0,12]}
[17:08:15] < {"r":{"di2ac":0},"f":[1,0,12]}
[17:08:15] < {"r":{"di2fn":0},"f":[1,0,12]}
[17:08:15] < {"r":{"zhi":2},"f":[1,0,10]}
[17:08:15] < {"r":{"zhd":0},"f":[1,0,10]}
[17:08:15] < {"r":{"zsv":500},"f":[1,0,12]}
[17:08:15] < {"r":{"zlv":50.00},"f":[1,0,11]}
[17:08:15] < {"r":{"zlb":1.000},"f":[1,0,10]}
[17:08:15] < {"r":{"ajh":10000},"f":[1,0,14]}
[17:08:15] < {"r":{"sl":1},"f":[1,0,9]}
[17:08:15] < {"r":{"atm":3600.000},"f":[1,0,13]}
[17:08:15] < {"r":{"atn":-3600.000},"f":[1,0,14]}
[17:08:15] < {"r":{"xtm":90000.000},"f":[1,0,14]}
[17:08:15] < {"r":{"xtn":-90000.000},"f":[1,0,15]}
[17:08:15] < {"r":{"ztm":5.000},"f":[1,0,10]}
[17:08:15] < {"r":{"ztn":-19.000},"f":[1,0,12]}
[17:08:15] < {"r":{"azb":0.000},"f":[1,0,10]}
[17:08:15] < {"r":{"zzb":15.000},"f":[1,0,11]}
[17:08:15] < [ej]  enable json mode            0 [0=text,1=JSON]
[17:08:15] < tinyg [mm] ok> 
[17:08:15] < line:0,posx:0.000,posy:0.000,posz:0.000,posa:0.000,feed:0.00,vel:0.00,unit:1,coor:1,dist:0,admo:1,frmo:1,momo:4,stat:1


