[15:00:08] Starting Log file for session: 2020724-1508

[14:59:44] Terminal ready... 
[14:59:44] Log file started 
[14:59:44] Please choose a Serial port to connect to... 
[14:59:45] Connected to Serial on port COM6
[14:59:45] < {r:{fv:0.98,fb:86.03,hp:3,hv:0,id:"0213-0215-0515",msg:"SYSTEM READY"},f:[1,0,1]}
[14:59:45] < tinyg [mm] ok> 
[14:59:45] < [ej]  enable json mode            0 [0=text,1=JSON]
[14:59:45] < tinyg [mm] ok> 
[14:59:47] Homing axis: x
[14:59:47] > G28.2 X0
[14:59:47] < tinyg [mm] ok> 
[14:59:47] < posx:2.408,feed:1000.00,vel:42.04,momo:1,stat:9
[14:59:47] < posx:-1.512,vel:1000.00
[14:59:48] < posx:-2.418,feed:100.00,vel:100.00
[14:59:48] < posx:-2.001
[14:59:48] < posx:-1.583
[14:59:48] < posx:-1.166
[14:59:49] < posx:-0.751
[14:59:49] < posx:-0.331
[14:59:49] < posx:0.086
[14:59:49] < posx:0.503
[14:59:50] < posx:0.921
[14:59:50] < posx:1.336
[14:59:50] < posx:1.755
[14:59:50] < posx:1.645,feed:1000.00,vel:998.95
[14:59:51] < posx:0.000,feed:250.00,vel:0.00,momo:4,stat:3
[14:59:51] Machine is homed. 
[14:59:57] Homing axis: z
[14:59:57] > G28.2 Z0
[14:59:57] < tinyg [mm] ok> 
[14:59:58] < posz:-15.805,feed:1000.00,vel:1000.00,momo:1,stat:9
[14:59:58] < posz:-19.979
[14:59:58] < posz:-24.179
[14:59:58] < posz:-28.353
[14:59:59] < posz:-32.528
[14:59:59] < posz:-36.703
[14:59:59] < posz:-40.852
[14:59:59] < posz:-45.052
[15:00:00] < posz:-49.227
[15:00:00] < posz:-49.728
[15:00:00] < posz:-45.762,vel:130.66
[15:00:00] < posz:-46.053,feed:100.00,vel:100.00
[15:00:01] < posz:-46.473
[15:00:01] < posz:-46.890
[15:00:01] < posz:-47.308
[15:00:01] < posz:-47.725
[15:00:02] < posz:-48.142
[15:00:02] < posz:-48.559
[15:00:02] < posz:-48.977
[15:00:02] < posz:-49.394
[15:00:03] < posz:-49.811
[15:00:03] < posz:-50.228
[15:00:03] < posz:-48.221,feed:1000.00,vel:1000.00
[15:00:03] < posz:-44.046
[15:00:04] < posz:-39.871
[15:00:04] < posz:-35.697
[15:00:04] < posz:-31.522
[15:00:04] < posz:-27.373
[15:00:05] < posz:-23.173
[15:00:05] < posz:-18.998
[15:00:05] < posz:-14.824
[15:00:05] < posz:-10.649
[15:00:06] < posz:-6.474
[15:00:06] < posz:-2.300
[15:00:06] < posz:0.000,feed:250.00,vel:0.00,momo:4,stat:3
[15:00:06] Machine is homed. 


