[18:02:07] Starting Log file for session: 20201013-1827

[17:25:22] Terminal ready... 
[17:25:22] Log file started 
[17:25:22] Please choose a Serial port to connect to... 
[17:25:24] Connected to Serial on port COM6
[17:25:24] < {"r":{"fv":0.98,"fb":86.03,"hp":3,"hv":0,"id":"0213-0215-0515","msg":"SYSTEM READY"},"f":[1,0,1]}
[17:25:24] < tinyg [mm] ok> 
[17:25:24] < [ej]  enable json mode            0 [0=text,1=JSON]
[17:25:24] < tinyg [mm] ok> 
[17:25:26] Loading file...
[17:25:29] File to load: C:\Users\Oscar\Desktop\init.json
[17:25:29] Loading File... 
[17:25:30] JSON Loaded... 
[17:25:30] Dumping init file... 
[17:25:30] < {"r":{"js":1},"f":[1,0,9]}
[17:25:30] < {"r":{"gpa":1},"f":[1,0,10]}
[17:25:30] < {"r":{"gun":1},"f":[1,0,10]}
[17:25:30] < {"r":{"ja":0.20},"f":[1,0,11]}
[17:25:30] < {"r":{"si":200},"f":[1,0,11]}
[17:25:30] < {"r":{"jv":5},"f":[1,0,9]}
[17:25:30] < {"r":{"mt":1},"f":[1,0,9]}
[17:25:30] < {"r":{"1ma":1},"f":[1,0,10]}
[17:25:30] < {"r":{"2ma":2},"f":[1,0,10]}
[17:25:30] < {"r":{"3ma":0},"f":[1,0,10]}
[17:25:30] < {"r":{"4ma":3},"f":[1,0,10]}
[17:25:30] < {"r":{"1po":0},"f":[1,0,10]}
[17:25:30] < {"r":{"2po":0},"f":[1,0,10]}
[17:25:30] < {"r":{"3po":1},"f":[1,0,10]}
[17:25:30] < {"r":{"4po":1},"f":[1,0,10]}
[17:25:30] < {"r":{"2tr":1.2500},"f":[1,0,13]}
[17:25:30] < {"r":{"3tr":15.9593},"f":[1,0,26]}
[17:25:30] < {"r":{"4tr":9.2000},"f":[1,0,12]}
[17:25:30] < {"r":{"1pl":0.000},"f":[1,0,10]}
[17:25:30] < {"r":{"2pl":1.000},"f":[1,0,10]}
[17:25:30] < {"r":{"3pl":0.000},"f":[1,0,10]}
[17:25:30] < {"r":{"4pl":0.000},"f":[1,0,10]}
[17:25:30] < {"r":{"1pm":0},"f":[1,0,10]}
[17:25:30] < {"r":{"2pm":2},"f":[1,0,10]}
[17:25:30] < {"r":{"3pm":1},"f":[1,0,10]}
[17:25:30] < {"r":{"4pm":1},"f":[1,0,10]}
[17:25:30] < {"r":{"2sa":1.800},"f":[1,0,12]}
[17:25:30] < {"r":{"3sa":1.800},"f":[1,0,12]}
[17:25:30] < {"r":{"4sa":1.800},"f":[1,0,12]}
[17:25:30] < {"r":{"2mi":8},"f":[1,0,10]}
[17:25:30] < {"r":{"3mi":10,"msg":"*** WARNING *** Setting non-standard microstep value"},"f":[1,0,11]}
[17:25:30] < {"r":{"4mi":10,"msg":"*** WARNING *** Setting non-standard microstep value"},"f":[1,0,11]}
[17:25:30] < {"r":{"xam":1},"f":[1,0,10]}
[17:25:30] < {"r":{"xvm":10000},"f":[1,0,14]}
[17:25:30] < {"r":{"xfr":10000},"f":[1,0,14]}
[17:25:30] < {"r":{"xjm":20000},"f":[1,0,14]}
[17:25:30] < {"r":{"yam":0},"f":[1,0,10]}
[17:25:30] < {"r":{"zam":1},"f":[1,0,10]}
[17:25:30] < {"r":{"zvm":850},"f":[1,0,12]}
[17:25:30] < {"r":{"zfr":850},"f":[1,0,12]}
[17:25:30] < {"r":{"zjm":5000},"f":[1,0,13]}
[17:25:30] < {"r":{"aam":1},"f":[1,0,10]}
[17:25:30] < {"r":{"avm":10000},"f":[1,0,14]}
[17:25:30] < {"r":{"afr":10000},"f":[1,0,14]}
[17:25:30] < {"r":{"ajm":10000},"f":[1,0,14]}
[17:25:30] < {"r":{"di8mo":-1},"f":[1,0,13]}
[17:25:30] < {"r":{"xhi":0},"f":[1,0,10]}
[17:25:30] < {"r":{"yhi":0},"f":[1,0,10]}
[17:25:30] < {"r":{"zhi":0},"f":[1,0,10]}
[17:25:30] < {"r":{"bhi":0},"f":[1,0,10]}
[17:25:30] < {"r":{"chi":0},"f":[1,0,10]}
[17:25:30] < {"r":{"di1mo":1},"f":[1,0,12]}
[17:25:30] < {"r":{"di1ac":0},"f":[1,0,12]}
[17:25:30] < {"r":{"di1fn":0},"f":[1,0,12]}
[17:25:30] < {"r":{"ahi":1},"f":[1,0,10]}
[17:25:30] < {"r":{"ahd":1},"f":[1,0,10]}
[17:25:30] < {"r":{"asv":2000},"f":[1,0,13]}
[17:25:30] < {"r":{"alv":500.00},"f":[1,0,12]}
[17:25:30] < {"r":{"alb":20.000},"f":[1,0,11]}
[17:25:30] < {"r":{"ajh":10000},"f":[1,0,14]}
[17:25:30] < {"r":{"di2mo":0},"f":[1,0,12]}
[17:25:30] < {"r":{"di2ac":0},"f":[1,0,12]}
[17:25:30] < {"r":{"di2fn":0},"f":[1,0,12]}
[17:25:30] < {"r":{"zhi":2},"f":[1,0,10]}
[17:25:30] < {"r":{"zhd":0},"f":[1,0,10]}
[17:25:30] < {"r":{"zsv":500},"f":[1,0,12]}
[17:25:30] < {"r":{"zlv":50.00},"f":[1,0,11]}
[17:25:30] < {"r":{"zlb":1.000},"f":[1,0,10]}
[17:25:30] < {"r":{"ajh":10000},"f":[1,0,14]}
[17:25:30] < {"r":{"sl":1},"f":[1,0,9]}
[17:25:30] < {"r":{"atm":3600.000},"f":[1,0,13]}
[17:25:30] < {"r":{"atn":-3600.000},"f":[1,0,14]}
[17:25:30] < {"r":{"xtm":90000.000},"f":[1,0,14]}
[17:25:30] < {"r":{"xtn":-90000.000},"f":[1,0,15]}
[17:25:30] < {"r":{"ztm":5.000},"f":[1,0,10]}
[17:25:30] < {"r":{"ztn":-19.000},"f":[1,0,12]}
[17:25:30] < {"r":{"azb":0.000},"f":[1,0,10]}
[17:25:30] < {"r":{"zzb":12.000},"f":[1,0,11]}
[17:25:30] < [ej]  enable json mode            0 [0=text,1=JSON]
[17:25:30] < tinyg [mm] ok> 
[17:25:30] < line:0,posx:0.000,posy:0.000,posz:0.000,posa:0.000,feed:0.00,vel:0.00,unit:1,coor:1,dist:0,admo:1,frmo:1,momo:4,stat:1
[17:25:43] > g91 g1 z1
[17:25:43] < tinyg [mm] err[142]: Feedrate not specified: g91 g1 z1 
[17:26:04] Halt and flush: !%
[17:26:04] < tinyg [mm] ok> 
[17:26:06] Resuming script: ~
[17:26:06] > ~
[17:26:10] > g91 g1 z1 f100
[17:26:10] < tinyg [mm] ok> 
[17:26:11] < posz:0.319,feed:100.00,vel:100.00,dist:1,momo:1,stat:5
[17:26:11] < posz:0.654
[17:26:11] < posz:0.988,vel:98.96
[17:26:11] < posz:1.000,vel:0.00,stat:3
[17:26:11] Machine is homed. 
[17:26:12] > g91 g1 z1 f100
[17:26:12] < tinyg [mm] ok> 
[17:26:12] < posz:1.319,vel:100.00,stat:5
[17:26:12] < posz:1.654
[17:26:13] < posz:1.988,vel:98.96
[17:26:13] < posz:2.000,vel:0.00,stat:3
[17:26:13] Machine is homed. 
[17:26:13] > g91 g1 z1 f100
[17:26:13] < tinyg [mm] ok> 
[17:26:14] < posz:2.319,vel:100.00,stat:5
[17:26:14] < posz:2.654
[17:26:14] < posz:2.988,vel:98.96
[17:26:14] < posz:3.000,vel:0.00,stat:3
[17:26:14] Machine is homed. 
[17:26:14] > g91 g1 z1 f100
[17:26:15] < tinyg [mm] ok> 
[17:26:15] < posz:3.319,vel:100.00,stat:5
[17:26:15] < posz:3.654
[17:26:15] < posz:3.988,vel:98.96
[17:26:15] < posz:4.000,vel:0.00,stat:3
[17:26:15] Machine is homed. 
[17:26:16] > g91 g1 z1 f100
[17:26:16] < tinyg [mm] ok> 
[17:26:16] < posz:4.319,vel:100.00,stat:5
[17:26:16] < posz:4.654
[17:26:16] < posz:4.988,vel:98.96
[17:26:17] < posz:5.000,vel:0.00,stat:3
[17:26:17] Machine is homed. 
[17:26:20] > g91 g1 z1 f100
[17:26:20] < tinyg [mm] ok> 
[17:26:20] < posz:5.319,vel:100.00,stat:5
[17:26:21] < posz:5.654
[17:26:21] < posz:5.988,vel:98.96
[17:26:21] < posz:6.000,vel:0.00,stat:3
[17:26:21] Machine is homed. 
[17:26:22] > g91 g1 z1 f100
[17:26:22] < tinyg [mm] ok> 
[17:26:22] < posz:6.319,vel:100.00,stat:5
[17:26:22] < posz:6.654
[17:26:22] < posz:6.988,vel:98.96
[17:26:22] < posz:7.000,vel:0.00,stat:3
[17:26:22] Machine is homed. 
[17:26:23] > g91 g1 z1 f100
[17:26:23] < tinyg [mm] ok> 
[17:26:23] < posz:7.319,vel:100.00,stat:5
[17:26:23] < posz:7.654
[17:26:24] < posz:7.988,vel:98.96
[17:26:24] < posz:8.000,vel:0.00,stat:3
[17:26:24] Machine is homed. 
[17:26:28] > g91 g1 z10 f100
[17:26:28] < tinyg [mm] ok> 
[17:26:28] < posz:8.319,vel:100.00,stat:5
[17:26:28] < posz:8.654
[17:26:28] < posz:8.989
[17:26:29] < posz:9.322
[17:26:29] < posz:9.657
[17:26:29] < posz:9.994
[17:26:29] < posz:10.329
[17:26:29] < posz:10.662
[17:26:30] < posz:10.996
[17:26:30] < posz:11.334
[17:26:30] < posz:11.669
[17:26:30] < posz:12.001
[17:26:30] < posz:12.336
[17:26:31] < posz:12.674
[17:26:31] < posz:13.009
[17:26:31] < posz:13.341
[17:26:31] < posz:13.676
[17:26:31] < posz:14.013
[17:26:32] < posz:14.348
[17:26:32] < posz:14.681
[17:26:32] < posz:15.016
[17:26:32] < posz:15.353
[17:26:32] < posz:15.688
[17:26:33] < posz:16.021
[17:26:33] < posz:16.356
[17:26:33] < posz:16.691
[17:26:33] < posz:17.023
[17:26:33] < posz:17.358
[17:26:34] < posz:17.691
[17:26:34] < posz:18.000,vel:0.00,stat:3
[17:26:34] Machine is homed. 
[17:26:52] > g91 g1 z10 f100
[17:26:52] < tinyg [mm] ok> 
[17:26:53] < posz:18.320,vel:100.00,stat:5
[17:26:53] < posz:18.655
[17:26:53] < posz:18.990
[17:26:53] < posz:19.322
[17:26:53] < posz:19.657
[17:26:54] < posz:19.995
[17:26:54] < posz:20.330
[17:26:54] < posz:20.663
[17:26:54] < posz:20.998
[17:26:54] < posz:21.335
[17:26:55] < posz:21.670
[17:26:55] < posz:22.003
[17:26:55] < posz:22.338
[17:26:55] < posz:22.675
[17:26:55] < posz:23.011
[17:26:56] < posz:23.343
[17:26:56] < posz:23.678
[17:26:56] < posz:24.016
[17:26:56] < posz:24.351
[17:26:56] < posz:24.683
[17:26:57] < posz:25.018
[17:26:57] < posz:25.356
[17:26:57] < posz:25.691
[17:26:57] < posz:26.024
[17:26:57] < posz:26.359
[17:26:58] < posz:26.694
[17:26:58] < posz:27.026
[17:26:58] < posz:27.361
[17:26:58] < posz:27.694
[17:26:58] < posz:28.000,vel:0.00,stat:3
[17:26:58] Machine is homed. 
[17:49:42] Connected to Serial on port COM6
[17:49:42] < {"r":{"fv":0.98,"fb":86.03,"hp":3,"hv":0,"id":"0213-0215-0515","msg":"SYSTEM READY"},"f":[1,0,1]}
[17:49:42] < [ej]  enable json mode            0 [0=text,1=JSON]
[17:49:42] < tinyg [mm] ok> 
[17:49:45] Loading file...
[17:49:47] File to load: C:\Users\Oscar\Desktop\init.json
[17:49:47] Loading File... 
[17:49:48] JSON Loaded... 
[17:49:48] Dumping init file... 
[17:49:48] < {"r":{"js":1},"f":[1,0,9]}
[17:49:48] < {"r":{"gpa":1},"f":[1,0,10]}
[17:49:48] < {"r":{"gun":1},"f":[1,0,10]}
[17:49:48] < {"r":{"ja":0.20},"f":[1,0,11]}
[17:49:48] < {"r":{"si":200},"f":[1,0,11]}
[17:49:48] < {"r":{"jv":5},"f":[1,0,9]}
[17:49:48] < {"r":{"mt":1},"f":[1,0,9]}
[17:49:48] < {"r":{"1ma":1},"f":[1,0,10]}
[17:49:48] < {"r":{"2ma":2},"f":[1,0,10]}
[17:49:48] < {"r":{"3ma":0},"f":[1,0,10]}
[17:49:48] < {"r":{"4ma":3},"f":[1,0,10]}
[17:49:48] < {"r":{"1po":0},"f":[1,0,10]}
[17:49:48] < {"r":{"2po":0},"f":[1,0,10]}
[17:49:48] < {"r":{"3po":1},"f":[1,0,10]}
[17:49:48] < {"r":{"4po":1},"f":[1,0,10]}
[17:49:48] < {"r":{"2tr":1.2500},"f":[1,0,13]}
[17:49:48] < {"r":{"3tr":15.9593},"f":[1,0,26]}
[17:49:48] < {"r":{"4tr":9.2000},"f":[1,0,12]}
[17:49:48] < {"r":{"1pl":0.000},"f":[1,0,10]}
[17:49:48] < {"r":{"2pl":1.000},"f":[1,0,10]}
[17:49:48] < {"r":{"3pl":0.000},"f":[1,0,10]}
[17:49:48] < {"r":{"4pl":0.000},"f":[1,0,10]}
[17:49:48] < {"r":{"1pm":0},"f":[1,0,10]}
[17:49:48] < {"r":{"2pm":2},"f":[1,0,10]}
[17:49:48] < {"r":{"3pm":1},"f":[1,0,10]}
[17:49:48] < {"r":{"4pm":1},"f":[1,0,10]}
[17:49:48] < {"r":{"2sa":1.800},"f":[1,0,12]}
[17:49:48] < {"r":{"3sa":1.800},"f":[1,0,12]}
[17:49:48] < {"r":{"4sa":1.800},"f":[1,0,12]}
[17:49:48] < {"r":{"2mi":8},"f":[1,0,10]}
[17:49:48] < {"r":{"3mi":10,"msg":"*** WARNING *** Setting non-standard microstep value"},"f":[1,0,11]}
[17:49:48] < {"r":{"4mi":10,"msg":"*** WARNING *** Setting non-standard microstep value"},"f":[1,0,11]}
[17:49:48] < {"r":{"xam":1},"f":[1,0,10]}
[17:49:48] < {"r":{"xvm":10000},"f":[1,0,14]}
[17:49:48] < {"r":{"xfr":10000},"f":[1,0,14]}
[17:49:48] < {"r":{"xjm":20000},"f":[1,0,14]}
[17:49:48] < {"r":{"yam":0},"f":[1,0,10]}
[17:49:48] < {"r":{"zam":1},"f":[1,0,10]}
[17:49:48] < {"r":{"zvm":850},"f":[1,0,12]}
[17:49:48] < {"r":{"zfr":850},"f":[1,0,12]}
[17:49:48] < {"r":{"zjm":5000},"f":[1,0,13]}
[17:49:48] < {"r":{"aam":1},"f":[1,0,10]}
[17:49:48] < {"r":{"avm":10000},"f":[1,0,14]}
[17:49:48] < {"r":{"afr":10000},"f":[1,0,14]}
[17:49:48] < {"r":{"ajm":10000},"f":[1,0,14]}
[17:49:48] < {"r":{"di8mo":-1},"f":[1,0,13]}
[17:49:48] < {"r":{"xhi":0},"f":[1,0,10]}
[17:49:48] < {"r":{"yhi":0},"f":[1,0,10]}
[17:49:48] < {"r":{"zhi":0},"f":[1,0,10]}
[17:49:48] < {"r":{"bhi":0},"f":[1,0,10]}
[17:49:48] < {"r":{"chi":0},"f":[1,0,10]}
[17:49:48] < {"r":{"di1mo":1},"f":[1,0,12]}
[17:49:48] < {"r":{"di1ac":0},"f":[1,0,12]}
[17:49:48] < {"r":{"di1fn":0},"f":[1,0,12]}
[17:49:48] < {"r":{"ahi":1},"f":[1,0,10]}
[17:49:48] < {"r":{"ahd":1},"f":[1,0,10]}
[17:49:48] < {"r":{"asv":2000},"f":[1,0,13]}
[17:49:48] < {"r":{"alv":500.00},"f":[1,0,12]}
[17:49:48] < {"r":{"alb":20.000},"f":[1,0,11]}
[17:49:48] < {"r":{"ajh":10000},"f":[1,0,14]}
[17:49:48] < {"r":{"di2mo":0},"f":[1,0,12]}
[17:49:48] < {"r":{"di2ac":0},"f":[1,0,12]}
[17:49:48] < {"r":{"di2fn":0},"f":[1,0,12]}
[17:49:48] < {"r":{"zhi":2},"f":[1,0,10]}
[17:49:48] < {"r":{"zhd":0},"f":[1,0,10]}
[17:49:48] < {"r":{"zsv":500},"f":[1,0,12]}
[17:49:48] < {"r":{"zlv":50.00},"f":[1,0,11]}
[17:49:48] < {"r":{"zlb":1.000},"f":[1,0,10]}
[17:49:48] < {"r":{"ajh":10000},"f":[1,0,14]}
[17:49:48] < {"r":{"sl":1},"f":[1,0,9]}
[17:49:48] < {"r":{"atm":3600.000},"f":[1,0,13]}
[17:49:48] < {"r":{"atn":-3600.000},"f":[1,0,14]}
[17:49:48] < {"r":{"xtm":90000.000},"f":[1,0,14]}
[17:49:48] < {"r":{"xtn":-90000.000},"f":[1,0,15]}
[17:49:48] < {"r":{"ztm":5.000},"f":[1,0,10]}
[17:49:48] < {"r":{"ztn":-19.000},"f":[1,0,12]}
[17:49:48] < {"r":{"azb":0.000},"f":[1,0,10]}
[17:49:48] < {"r":{"zzb":12.000},"f":[1,0,11]}
[17:49:48] < [ej]  enable json mode            0 [0=text,1=JSON]
[17:49:48] < tinyg [mm] ok> 
[17:49:48] < line:0,posx:0.000,posy:0.000,posz:0.000,posa:0.000,feed:0.00,vel:0.00,unit:1,coor:1,dist:0,admo:1,frmo:1,momo:4,stat:1
[17:50:02] > g91 g1 z-10 f100
[17:50:02] < tinyg [mm] ok> 
[17:50:02] < posz:-0.319,feed:100.00,vel:100.00,dist:1,momo:1,stat:5
[17:50:03] < posz:-0.654
[17:50:03] < posz:-0.989
[17:50:03] < posz:-1.322
[17:50:03] < posz:-1.657
[17:50:03] < posz:-1.994
[17:50:04] < posz:-2.329
[17:50:04] < posz:-2.662
[17:50:04] < posz:-2.997
[17:50:04] < posz:-3.334
[17:50:04] < posz:-3.669
[17:50:05] < posz:-4.001
[17:50:05] < posz:-4.336
[17:50:05] < posz:-4.674
[17:50:05] < posz:-5.009
[17:50:05] < posz:-5.341
[17:50:06] < posz:-5.676
[17:50:06] < posz:-6.014
[17:50:06] < posz:-6.348
[17:50:06] < posz:-6.681
[17:50:06] < posz:-7.016
[17:50:07] < posz:-7.353
[17:50:07] < posz:-7.688
[17:50:07] < posz:-8.023
[17:50:07] < posz:-8.356
[17:50:07] < posz:-8.691
[17:50:08] < posz:-9.023
[17:50:08] < posz:-9.358
[17:50:08] < posz:-9.690
[17:50:08] < posz:-10.000,vel:0.00,stat:3
[17:50:08] Machine is homed. 
[17:50:10] > g91 g1 z-10 f100
[17:50:10] < tinyg [mm] ok> 
[17:50:10] < posz:-10.319,vel:100.00,stat:5
[17:50:10] < posz:-10.654
[17:50:10] < posz:-10.989
[17:50:11] < posz:-11.322
[17:50:11] < posz:-11.657
[17:50:11] < posz:-11.994
[17:50:11] < posz:-12.329
[17:50:11] < posz:-12.662
[17:50:12] < posz:-12.996
[17:50:12] < posz:-13.334
[17:50:12] < posz:-13.669
[17:50:12] < posz:-14.001
[17:50:12] < posz:-14.336
[17:50:13] < posz:-14.674
[17:50:13] < posz:-15.009
[17:50:13] < posz:-15.341
[17:50:13] < posz:-15.676
[17:50:13] < posz:-16.013
[17:50:14] < posz:-16.349
[17:50:14] < posz:-16.681
[17:50:14] < posz:-17.016
[17:50:14] < posz:-17.351
[17:50:14] < posz:-17.684
[17:50:15] < posz:-18.019
[17:50:15] < posz:-18.351
[17:50:15] < posz:-18.687
[17:50:15] < posz:-19.019
[17:50:15] < posz:-19.354
[17:50:16] < posz:-19.687
[17:50:16] < posz:-20.000,vel:0.00,stat:3
[17:50:16] Machine is homed. 
[17:51:40] > g91 g1 z-10 f100
[17:51:40] < tinyg [mm] ok> 
[17:51:41] < posz:-20.320,vel:100.00,stat:5
[17:51:41] < posz:-20.655
[17:51:41] < posz:-20.990
[17:51:41] < posz:-21.322
[17:51:41] < posz:-21.657
[17:51:42] < posz:-21.995
[17:51:42] < posz:-22.330
[17:51:42] < posz:-22.663
[17:51:42] < posz:-22.998
[17:51:42] < posz:-23.335
[17:51:43] < posz:-23.670
[17:51:43] < posz:-24.003
[17:51:43] < posz:-24.338
[17:51:43] < posz:-24.675
[17:51:44] < posz:-25.011
[17:51:44] < posz:-25.343
[17:51:44] < posz:-25.678
[17:51:44] < posz:-26.016
[17:51:44] < posz:-26.351
[17:51:45] < posz:-26.683
[17:51:45] < posz:-27.018
[17:51:45] < posz:-27.356
[17:51:45] < posz:-27.691
[17:51:45] < posz:-28.024
[17:51:46] < posz:-28.359
[17:51:46] < posz:-28.696
[17:51:46] < posz:-29.031
[17:51:46] < posz:-29.364
[17:51:46] < posz:-29.699
[17:51:47] < posz:-30.000,vel:0.00,stat:3
[17:51:47] Machine is homed. 
[17:52:04] > g91 g1 z-10 f100
[17:52:04] < tinyg [mm] ok> 
[17:52:04] < posz:-30.320,vel:100.00,stat:5
[17:52:04] < posz:-30.655
[17:52:04] < posz:-30.990
[17:52:04] < posz:-31.322
[17:52:05] < posz:-31.657
[17:52:05] < posz:-31.995
[17:52:05] < posz:-32.330
[17:52:05] < posz:-32.662
[17:52:05] < posz:-32.997
[17:52:06] < posz:-33.334
[17:52:06] < posz:-33.669
[17:52:06] < posz:-34.001
[17:52:06] < posz:-34.336
[17:52:06] < posz:-34.673
[17:52:07] < posz:-35.008
[17:52:07] < posz:-35.341
[17:52:07] < posz:-35.675
[17:52:07] < posz:-36.013
[17:52:07] < posz:-36.348
[17:52:08] < posz:-36.680
[17:52:08] < posz:-37.015
[17:52:08] < posz:-37.349
[17:52:08] < posz:-37.682
[17:52:08] < posz:-38.017
[17:52:09] < posz:-38.349
[17:52:09] < posz:-38.684
[17:52:09] < posz:-39.016
[17:52:09] < posz:-39.351
[17:52:09] < posz:-39.683
[17:52:10] < posz:-40.000,vel:0.00,stat:3
[17:52:10] Machine is homed. 
[17:52:14] > g91 g1 z-5 f100
[17:52:14] < tinyg [mm] ok> 
[17:52:15] < posz:-40.319,vel:100.00,stat:5
[17:52:15] < posz:-40.654
[17:52:15] < posz:-40.989
[17:52:15] < posz:-41.321
[17:52:15] < posz:-41.656
[17:52:16] < posz:-41.993
[17:52:16] < posz:-42.328
[17:52:16] < posz:-42.661
[17:52:16] < posz:-42.995
[17:52:16] < posz:-43.333
[17:52:17] < posz:-43.667
[17:52:17] < posz:-44.000
[17:52:17] < posz:-44.335
[17:52:17] < posz:-44.672
[17:52:17] < posz:-45.000,vel:19.26
[17:52:18] < vel:0.00,stat:3
[17:52:18] Machine is homed. 
[17:52:20] > g91 g1 z-5 f100
[17:52:20] < tinyg [mm] ok> 
[17:52:21] < posz:-45.319,vel:100.00,stat:5
[17:52:21] < posz:-45.654
[17:52:21] < posz:-45.989
[17:52:21] < posz:-46.321
[17:52:22] < posz:-46.656
[17:52:22] < posz:-46.993
[17:52:22] < posz:-47.328
[17:52:22] < posz:-47.661
[17:52:22] < posz:-47.995
[17:52:23] < posz:-48.333
[17:52:23] < posz:-48.667
[17:52:23] < posz:-49.000
[17:52:23] < posz:-49.335
[17:52:23] < posz:-49.672
[17:52:24] < posz:-50.000,vel:19.26
[17:52:24] < vel:0.00,stat:3
[17:52:24] Machine is homed. 
[17:59:31] > g91 g1 z1 f100
[17:59:31] < tinyg [mm] ok> 
[17:59:31] < posz:-49.681,vel:100.00,stat:5
[17:59:32] < posz:-49.347
[17:59:32] < posz:-49.012,vel:98.96
[17:59:32] < posz:-49.000,vel:0.00,stat:3
[17:59:32] Machine is homed. 
[18:00:01] > g91 g1 z20 f100
[18:00:01] < tinyg [mm] ok> 
[18:00:02] < posz:-48.681,vel:100.00,stat:5
[18:00:02] < posz:-48.346
[18:00:02] < posz:-48.011
[18:00:02] < posz:-47.679
[18:00:03] < posz:-47.344
[18:00:03] < posz:-47.007
[18:00:03] < posz:-46.672
[18:00:03] < posz:-46.339
[18:00:03] < posz:-46.005
[18:00:04] < posz:-45.667
[18:00:04] < posz:-45.333
[18:00:04] < posz:-45.000
[18:00:04] < posz:-44.665
[18:00:04] < posz:-44.328
[18:00:05] < posz:-43.993
[18:00:05] < posz:-43.661
[18:00:05] < posz:-43.326
[18:00:05] < posz:-42.989
[18:00:05] < posz:-42.654
[18:00:06] < posz:-42.322
[18:00:06] < posz:-41.987
[18:00:06] < posz:-41.652
[18:00:06] < posz:-41.320
[18:00:06] < posz:-40.985
[18:00:07] < posz:-40.653
[18:00:07] < posz:-40.318
[18:00:07] < posz:-39.985
[18:00:07] < posz:-39.651
[18:00:07] < posz:-39.318
[18:00:08] < posz:-38.984
[18:00:08] < posz:-38.651
[18:00:08] < posz:-38.316
[18:00:08] < posz:-37.984
[18:00:08] < posz:-37.649
[18:00:09] < posz:-37.317
[18:00:09] < posz:-36.982
[18:00:09] < posz:-36.650
[18:00:09] < posz:-36.315
[18:00:09] < posz:-35.983
[18:00:10] < posz:-35.648
[18:00:10] < posz:-35.316
[18:00:10] < posz:-34.981
[18:00:10] < posz:-34.648
[18:00:10] < posz:-34.314
[18:00:11] < posz:-33.981
[18:00:11] < posz:-33.646
[18:00:11] < posz:-33.314
[18:00:11] < posz:-32.979
[18:00:11] < posz:-32.647
[18:00:12] < posz:-32.312
[18:00:12] < posz:-31.980
[18:00:12] < posz:-31.645
[18:00:12] < posz:-31.307
[18:00:12] < posz:-30.972
[18:00:13] < posz:-30.640
[18:00:13] < posz:-30.304
[18:00:13] < posz:-29.967
[18:00:13] < posz:-29.632
[18:00:13] < posz:-29.299
[18:00:14] < posz:-29.000,vel:0.00,stat:3
[18:00:14] Machine is homed. 
[18:00:21] > $zhd
[18:00:21] TinyG Command received 
[18:00:21] < hd] z homing direction          0 [0=search-to-negative, 1=search-to-positive]
[18:00:21] < tinyg [mm] ok> 
[18:00:30] > $zzb
[18:00:30] TinyG Command received 
[18:00:30] < [zzb] z zero backoff             12.000 mm
[18:00:30] < tinyg [mm] ok> 
[18:00:46] > g28.2z0
[18:00:46] < tinyg [mm] ok> 
[18:00:46] < posz:-30.076,feed:500.00,vel:500.00,coor:0,stat:9
[18:00:46] < posz:-31.738
[18:00:47] < posz:-33.413
[18:00:47] < posz:-35.076
[18:00:47] < posz:-36.751
[18:00:47] < posz:-38.413
[18:00:47] < posz:-39.939,vel:174.07
[18:00:48] < posz:-39.817,vel:333.43
[18:00:48] < posz:-38.989,vel:0.00
[18:00:48] < posz:-39.138,feed:50.00,vel:50.00
[18:00:48] < posz:-39.305
[18:00:49] < posz:-39.344,feed:500.00,vel:106.21
[18:00:49] < posz:-37.894,vel:500.00
[18:00:49] < posz:-36.232
[18:00:49] < posz:-34.558
[18:00:49] < posz:-32.896
[18:00:50] < posz:-31.221
[18:00:50] < posz:-29.559
[18:00:50] < posz:-27.884,vel:498.64
[18:00:50] < posz:0.000,feed:100.00,vel:0.00,coor:1,momo:4,stat:3
[18:00:50] Machine is homed. 
[18:00:59] > g28.2z0
[18:00:59] < tinyg [mm] ok> 
[18:00:59] < posz:-1.076,feed:500.00,vel:500.00,coor:0,momo:1,stat:9
[18:01:00] < posz:-2.738
[18:01:00] < posz:-4.413
[18:01:00] < posz:-6.100
[18:01:00] < posz:-7.775
[18:01:00] < posz:-9.438
[18:01:01] < posz:-11.113
[18:01:01] < posz:-12.591,vel:138.67
[18:01:01] < posz:-12.418,vel:368.99
[18:01:01] < posz:-11.626,vel:0.00
[18:01:01] < posz:-11.775,feed:50.00,vel:50.00
[18:01:02] < posz:-11.941
[18:01:02] < posz:-11.953,feed:500.00,vel:156.05
[18:01:02] < posz:-10.448,vel:500.00
[18:01:02] < posz:-8.786
[18:01:02] < posz:-7.111
[18:01:03] < posz:-5.449
[18:01:03] < posz:-3.774
[18:01:03] < posz:-2.112
[18:01:03] < posz:-0.439,vel:491.26
[18:01:03] < posz:0.000,feed:100.00,vel:0.00,coor:1,momo:4,stat:3
[18:01:03] Machine is homed. 
[18:01:55] > g91 g1 z-20 f100
[18:01:55] < {"er":{"fb":86.03,"st":225,"msg":"Soft limit - Z min - soft_limits"}}
[18:01:55] < tinyg [mm] err[225]: Soft limit - Z min: g91 g1 z-20 f100 
[18:02:00] > $clear
[18:02:00] TinyG Command received 
[18:02:00] < tinyg [mm] ok> 
[18:02:02] > !$
[18:02:02] TinyG Command received 
[18:02:02] < [fb]  firmware build             86.03
[18:02:02] < [fv]  firmware version            0.98
[18:02:02] < [cv]  configuration version       7.00
[18:02:02] < [hp]  hardware platform           3.00
[18:02:02] < [hv]  hardware version            0.00
[18:02:02] < [id]  TinyG ID       0213-0215-0515
[18:02:02] < [ja]  junction aggression         0.20
[18:02:02] < [ct]  chordal tolerance           0.0100 mm
[18:02:02] < [sl]  soft limit enable           1 [0=disable,1=enable]
[18:02:02] < [lim] limit switch enable         1 [0=disable,1=enable]
[18:02:02] < [saf] safety interlock enable     1 [0=disable,1=enable]
[18:02:02] < [mt]  motor idle timeout          1.00 seconds
[18:02:02] < [spep] spindle enable polarity    1 [0=active_low,1=active_high]
[18:02:02] < [spdp] spindle direction polarity 0 [0=CW_low,1=CW_high]
[18:02:02] < [spph] spindle pause on hold      1 [0=no,1=pause_on_hold]
[18:02:02] < [spdw] spindle dwell time         1.0 seconds
[18:02:02] < [cofp] coolant flood polarity     1 [0=low is ON,1=high is ON]
[18:02:02] < [comp] coolant mist polarity      1 [0=low is ON,1=high is ON]
[18:02:02] < [coph] coolant pause on hold      0 [0=no,1=pause_on_hold]
[18:02:02] < [tv]  text verbosity              1 [0=silent,1=verbose]
[18:02:02] < [ej]  enable json mode            0 [0=text,1=JSON]
[18:02:02] < [jv]  json verbosity              5 [0=silent,1=footer,2=messages,3=configs,4=linenum,5=verbose]
[18:02:02] < [js]  json serialize style        1 [0=relaxed,1=strict]
[18:02:02] < [qv]  queue report verbosity      0 [0=off,1=single,2=triple]
[18:02:02] < [sv]  status report verbosity     1 [0=off,1=filtered,2=verbose]
[18:02:02] < [si]  status interval           200 ms
[18:02:02] < [gpl] default gcode plane         0 [0=G17,1=G18,2=G19]
[18:02:02] < gun] default gcode units mode    1 [0=G20,1=G21]
[18:02:02] < [gco] default gcode coord system  1 [1-6 (G54-G59)]
[18:02:02] < [gpa] default gcode path control  1 [0=G61,1=G61.1,2=G64]
[18:02:02] < [gdi] default gcode distance mode 0 [0=G90,1=G91]
[18:02:02] < tinyg [mm] ok> 
[18:02:03] Resuming script: ~
[18:02:03] > ~
[18:02:05] Halt and flush: !%
[18:02:06] < tinyg [mm] ok> 


