[12:09:19] Starting Log file for session: 20201029-12919

[12:06:59] Terminal ready... 
[12:06:59] Log file started 
[12:06:59] Please choose a Serial port to connect to... 
[12:07:00] Connected to Serial on port COM6
[12:07:00] < {"r":{"fv":0.98,"fb":86.03,"hp":3,"hv":0,"id":"0213-0215-0515","msg":"SYSTEM READY"},"f":[1,0,1]}
[12:07:00] < tinyg [mm] ok> 
[12:07:00] < [ej]  enable json mode            0 [0=text,1=JSON]
[12:07:00] < tinyg [mm] ok> 
[12:07:03] Loading file...
[12:07:05] File to load: C:\Users\Oscar\Desktop\M5.2 QA scripts\homingFlagTest.cnc
[12:07:05] Loading File... 
[12:07:05] Adding 6 lines to the queue... 
[12:07:05] Sending the file 1 time(s)... 
[12:07:05] > !%
[12:07:05] > $di1fn=2
[12:07:05] TinyG Command received 
[12:07:05] File added to the queue. 
[12:07:05] Sending the file 1 more times...
[12:07:05] > g90 g0 a-15
[12:07:05] < tinyg [mm] ok> 
[12:07:05] < [di1fn] input function          2 [0=none,1=limit,2=interlock,3=shutdown]
[12:07:05] < tinyg [mm] ok> 
[12:07:05] < tinyg [mm] ok> 
[12:07:06] < posa:-14.605,vel:1918.21,dist:0,momo:0,stat:5
[12:07:06] < posa:-15.000,vel:0.00,stat:3
[12:07:06] Machine is homed. 
[12:07:06] > g91 g1 a30 f250
[12:07:06] Reached end of file
[12:07:06] Sending the file 0 more times!!!
[12:07:06] < tinyg [mm] ok> 
[12:07:06] < posa:-14.209,vel:250.00,dist:1,momo:1,stat:5
[12:07:06] < posa:-13.371
[12:07:06] < posa:-12.540
[12:07:07] < posa:-11.703
[12:07:07] < posa:-10.872
[12:07:07] < posa:-10.034
[12:07:07] < posa:-9.203
[12:07:07] < posa:-8.366
[12:07:08] < posa:-7.534
[12:07:08] < posa:-6.697
[12:07:08] < posa:-5.866
[12:07:08] < posa:-5.028
[12:07:08] < posa:-4.197
[12:07:09] < posa:-3.353
[12:07:09] < posa:-2.516
[12:07:09] < posa:-1.685
[12:07:09] < posa:-0.847
[12:07:09] < posa:-0.021,vel:82.07,stat:6
[12:07:09] Interlock hit. Stop. Flush queue...
[12:07:09] WE'RE HOMING, ASK FOR $POSA 
[12:07:10] Asking for directions
[12:07:10] < [di1fn] input function          0 [0=none,1=limit,2=interlock,3=shutdown]
[12:07:10] < tinyg [mm] ok> 
[12:07:10] > $posa
[12:07:10] TinyG Command received 
[12:07:10] < A position:         -0.018 deg
[12:07:10] < A position:         -0.018 deg
[12:07:10] Recorded PosA... 
[12:07:10] < tinyg [mm] ok> 
[12:07:10] < posa:-0.018,vel:0.00,stat:3
[12:07:10] Machine is homed. 
[12:08:23] Re-Dumping file C:\Users\Oscar\Desktop\M5.2 QA scripts\homingFlagTest.cnc ...
[12:08:23] Loading File... 
[12:08:23] Adding 6 lines to the queue... 
[12:08:23] Sending the file 1 time(s)... 
[12:08:23] File added to the queue. 
[12:08:23] Sending the file 1 more times...
[12:08:23] > !%
[12:08:23] > $di1fn=2
[12:08:23] TinyG Command received 
[12:08:23] > g90 g0 a-15
[12:08:23] < tinyg [mm] ok> 
[12:08:23] < [di1fn] input function          2 [0=none,1=limit,2=interlock,3=shutdown]
[12:08:23] < tinyg [mm] ok> 
[12:08:23] < tinyg [mm] ok> 
[12:08:23] < posa:-14.605,vel:1918.74,dist:0,momo:0,stat:5
[12:08:23] < posa:-15.000,vel:0.00,stat:3
[12:08:23] Machine is homed. 
[12:08:23] > g91 g1 a30 f250
[12:08:23] Reached end of file
[12:08:23] Sending the file 0 more times!!!
[12:08:23] < tinyg [mm] ok> 
[12:08:24] < posa:-14.209,vel:250.00,dist:1,momo:1,stat:5
[12:08:24] < posa:-13.371
[12:08:24] < posa:-12.540
[12:08:24] < posa:-11.703
[12:08:24] < posa:-10.872
[12:08:25] < posa:-10.034
[12:08:25] < posa:-9.203
[12:08:25] < posa:-8.366
[12:08:25] < posa:-7.534
[12:08:25] < posa:-6.697
[12:08:26] < posa:-5.866
[12:08:26] < posa:-5.022
[12:08:26] < posa:-4.184
[12:08:26] < posa:-3.353
[12:08:26] < posa:-2.516
[12:08:27] < posa:-1.672
[12:08:27] < posa:-0.835
[12:08:27] < posa:-0.015,vel:82.07,stat:6
[12:08:27] Interlock hit. Stop. Flush queue...
[12:08:27] WE'RE HOMING, ASK FOR $POSA 
[12:08:27] Asking for directions
[12:08:27] < tinyg [mm] ok> 
[12:08:27] < [di1fn] input function          0 [0=none,1=limit,2=interlock,3=shutdown]
[12:08:27] < tinyg [mm] ok> 
[12:08:27] > $posa
[12:08:27] TinyG Command received 
[12:08:27] < A position:         -0.012 deg
[12:08:27] < A position:         -0.012 deg
[12:08:27] Recorded PosA... 
[12:08:27] < tinyg [mm] ok> 
[12:08:27] < posa:-0.012,vel:0.00,stat:3
[12:08:27] Machine is homed. 
[12:08:30] Re-Dumping file C:\Users\Oscar\Desktop\M5.2 QA scripts\homingFlagTest.cnc ...
[12:08:30] Loading File... 
[12:08:30] Adding 6 lines to the queue... 
[12:08:30] Sending the file 1 time(s)... 
[12:08:30] File added to the queue. 
[12:08:30] Sending the file 1 more times...
[12:08:30] > !%
[12:08:30] > $di1fn=2
[12:08:30] TinyG Command received 
[12:08:30] > g90 g0 a-15
[12:08:30] < tinyg [mm] ok> 
[12:08:30] < [di1fn] input function          2 [0=none,1=limit,2=interlock,3=shutdown]
[12:08:30] < tinyg [mm] ok> 
[12:08:30] < tinyg [mm] ok> 
[12:08:30] < posa:-14.605,vel:1919.27,dist:0,momo:0,stat:5
[12:08:31] < posa:-15.000,vel:0.00,stat:3
[12:08:31] Machine is homed. 
[12:08:31] > g91 g1 a30 f250
[12:08:31] Reached end of file
[12:08:31] Sending the file 0 more times!!!
[12:08:31] < tinyg [mm] ok> 
[12:08:31] < posa:-14.209,vel:250.00,dist:1,momo:1,stat:5
[12:08:31] < posa:-13.371
[12:08:31] < posa:-12.540
[12:08:31] < posa:-11.703
[12:08:32] < posa:-10.872
[12:08:32] < posa:-10.034
[12:08:32] < posa:-9.203
[12:08:32] < posa:-8.366
[12:08:32] < posa:-7.534
[12:08:33] < posa:-6.697
[12:08:33] < posa:-5.866
[12:08:33] < posa:-5.028
[12:08:33] < posa:-4.197
[12:08:33] < posa:-3.353
[12:08:34] < posa:-2.516
[12:08:34] < posa:-1.678
[12:08:34] < posa:-0.847
[12:08:34] < posa:-0.021,vel:82.07,stat:6
[12:08:34] Interlock hit. Stop. Flush queue...
[12:08:34] WE'RE HOMING, ASK FOR $POSA 
[12:08:34] Asking for directions
[12:08:34] < [di1fn] input function          0 [0=none,1=limit,2=interlock,3=shutdown]
[12:08:34] < tinyg [mm] ok> 
[12:08:34] > $posa
[12:08:34] TinyG Command received 
[12:08:34] < A position:         -0.018 deg
[12:08:34] < A position:         -0.018 deg
[12:08:34] Recorded PosA... 
[12:08:34] < tinyg [mm] ok> 
[12:08:34] < posa:-0.018,vel:0.00,stat:3
[12:08:34] Machine is homed. 
[12:08:35] Re-Dumping file C:\Users\Oscar\Desktop\M5.2 QA scripts\homingFlagTest.cnc ...
[12:08:35] Loading File... 
[12:08:35] Adding 6 lines to the queue... 
[12:08:35] Sending the file 1 time(s)... 
[12:08:35] File added to the queue. 
[12:08:35] Sending the file 1 more times...
[12:08:35] > !%
[12:08:35] > $di1fn=2
[12:08:35] TinyG Command received 
[12:08:35] > g90 g0 a-15
[12:08:35] < tinyg [mm] ok> 
[12:08:35] < [di1fn] input function          2 [0=none,1=limit,2=interlock,3=shutdown]
[12:08:35] < tinyg [mm] ok> 
[12:08:36] < tinyg [mm] ok> 
[12:08:36] < posa:-14.605,vel:1918.74,dist:0,momo:0,stat:5
[12:08:36] < posa:-15.000,vel:0.00,stat:3
[12:08:36] Machine is homed. 
[12:08:36] > g91 g1 a30 f250
[12:08:36] Reached end of file
[12:08:36] Sending the file 0 more times!!!
[12:08:36] < tinyg [mm] ok> 
[12:08:36] < posa:-14.209,vel:250.00,dist:1,momo:1,stat:5
[12:08:36] < posa:-13.371
[12:08:37] < posa:-12.540
[12:08:37] < posa:-11.703
[12:08:37] < posa:-10.872
[12:08:37] < posa:-10.034
[12:08:37] < posa:-9.203
[12:08:38] < posa:-8.366
[12:08:38] < posa:-7.534
[12:08:38] < posa:-6.691
[12:08:38] < posa:-5.853
[12:08:38] < posa:-5.016
[12:08:39] < posa:-4.184
[12:08:39] < posa:-3.341
[12:08:39] < posa:-2.503
[12:08:39] < posa:-1.672
[12:08:39] < posa:-0.835
[12:08:40] < posa:-0.025,vel:18.33,stat:6
[12:08:40] Interlock hit. Stop. Flush queue...
[12:08:40] WE'RE HOMING, ASK FOR $POSA 
[12:08:40] Asking for directions
[12:08:40] < tinyg [mm] ok> 
[12:08:40] < [di1fn] input function          0 [0=none,1=limit,2=interlock,3=shutdown]
[12:08:40] < tinyg [mm] ok> 
[12:08:40] > $posa
[12:08:40] TinyG Command received 
[12:08:40] < A position:         -0.025 deg
[12:08:40] < A position:         -0.025 deg
[12:08:40] Recorded PosA... 
[12:08:40] < tinyg [mm] ok> 
[12:08:40] < vel:0.00,stat:3
[12:08:40] Machine is homed. 
[12:09:06] Re-Dumping file C:\Users\Oscar\Desktop\M5.2 QA scripts\homingFlagTest.cnc ...
[12:09:06] Loading File... 
[12:09:06] Adding 6 lines to the queue... 
[12:09:06] Sending the file 100 time(s)... 
[12:09:06] File added to the queue. 
[12:09:06] Sending the file 100 more times...
[12:09:06] File added to the queue. 
[12:09:06] Sending the file 99 more times...
[12:09:06] File added to the queue. 
[12:09:06] Sending the file 98 more times...
[12:09:06] File added to the queue. 
[12:09:06] Sending the file 97 more times...
[12:09:07] File added to the queue. 
[12:09:07] Sending the file 96 more times...
[12:09:07] File added to the queue. 
[12:09:07] Sending the file 95 more times...
[12:09:07] File added to the queue. 
[12:09:07] Sending the file 94 more times...
[12:09:07] File added to the queue. 
[12:09:07] Sending the file 93 more times...
[12:09:07] File added to the queue. 
[12:09:07] Sending the file 92 more times...
[12:09:07] File added to the queue. 
[12:09:07] Sending the file 91 more times...
[12:09:07] File added to the queue. 
[12:09:07] Sending the file 90 more times...
[12:09:07] File added to the queue. 
[12:09:07] Sending the file 89 more times...
[12:09:07] File added to the queue. 
[12:09:07] Sending the file 88 more times...
[12:09:07] File added to the queue. 
[12:09:07] Sending the file 87 more times...
[12:09:07] File added to the queue. 
[12:09:07] Sending the file 86 more times...
[12:09:07] File added to the queue. 
[12:09:07] Sending the file 85 more times...
[12:09:07] File added to the queue. 
[12:09:07] Sending the file 84 more times...
[12:09:07] File added to the queue. 
[12:09:07] Sending the file 83 more times...
[12:09:07] File added to the queue. 
[12:09:07] Sending the file 82 more times...
[12:09:07] File added to the queue. 
[12:09:07] Sending the file 81 more times...
[12:09:07] File added to the queue. 
[12:09:07] Sending the file 80 more times...
[12:09:07] File added to the queue. 
[12:09:07] Sending the file 79 more times...
[12:09:07] File added to the queue. 
[12:09:07] Sending the file 78 more times...
[12:09:07] File added to the queue. 
[12:09:07] Sending the file 77 more times...
[12:09:07] File added to the queue. 
[12:09:07] Sending the file 76 more times...
[12:09:07] File added to the queue. 
[12:09:07] Sending the file 75 more times...
[12:09:07] File added to the queue. 
[12:09:07] Sending the file 74 more times...
[12:09:07] File added to the queue. 
[12:09:07] Sending the file 73 more times...
[12:09:07] File added to the queue. 
[12:09:07] Sending the file 72 more times...
[12:09:07] File added to the queue. 
[12:09:07] Sending the file 71 more times...
[12:09:07] File added to the queue. 
[12:09:07] Sending the file 70 more times...
[12:09:07] File added to the queue. 
[12:09:07] Sending the file 69 more times...
[12:09:07] File added to the queue. 
[12:09:07] Sending the file 68 more times...
[12:09:07] File added to the queue. 
[12:09:07] Sending the file 67 more times...
[12:09:07] File added to the queue. 
[12:09:07] Sending the file 66 more times...
[12:09:07] File added to the queue. 
[12:09:07] Sending the file 65 more times...
[12:09:07] File added to the queue. 
[12:09:07] Sending the file 64 more times...
[12:09:07] File added to the queue. 
[12:09:07] Sending the file 63 more times...
[12:09:07] File added to the queue. 
[12:09:07] Sending the file 62 more times...
[12:09:07] File added to the queue. 
[12:09:07] Sending the file 61 more times...
[12:09:07] File added to the queue. 
[12:09:07] Sending the file 60 more times...
[12:09:07] File added to the queue. 
[12:09:07] Sending the file 59 more times...
[12:09:07] File added to the queue. 
[12:09:07] Sending the file 58 more times...
[12:09:07] File added to the queue. 
[12:09:07] Sending the file 57 more times...
[12:09:07] File added to the queue. 
[12:09:07] Sending the file 56 more times...
[12:09:07] File added to the queue. 
[12:09:07] Sending the file 55 more times...
[12:09:07] File added to the queue. 
[12:09:07] Sending the file 54 more times...
[12:09:07] File added to the queue. 
[12:09:07] Sending the file 53 more times...
[12:09:07] File added to the queue. 
[12:09:07] Sending the file 52 more times...
[12:09:07] File added to the queue. 
[12:09:07] Sending the file 51 more times...
[12:09:07] File added to the queue. 
[12:09:07] Sending the file 50 more times...
[12:09:07] File added to the queue. 
[12:09:07] Sending the file 49 more times...
[12:09:07] File added to the queue. 
[12:09:07] Sending the file 48 more times...
[12:09:07] File added to the queue. 
[12:09:07] Sending the file 47 more times...
[12:09:07] File added to the queue. 
[12:09:07] Sending the file 46 more times...
[12:09:07] File added to the queue. 
[12:09:07] Sending the file 45 more times...
[12:09:07] File added to the queue. 
[12:09:07] Sending the file 44 more times...
[12:09:07] File added to the queue. 
[12:09:07] Sending the file 43 more times...
[12:09:07] File added to the queue. 
[12:09:07] Sending the file 42 more times...
[12:09:07] File added to the queue. 
[12:09:07] Sending the file 41 more times...
[12:09:07] File added to the queue. 
[12:09:07] Sending the file 40 more times...
[12:09:07] File added to the queue. 
[12:09:07] Sending the file 39 more times...
[12:09:07] File added to the queue. 
[12:09:07] Sending the file 38 more times...
[12:09:07] File added to the queue. 
[12:09:07] Sending the file 37 more times...
[12:09:07] File added to the queue. 
[12:09:07] Sending the file 36 more times...
[12:09:07] File added to the queue. 
[12:09:07] Sending the file 35 more times...
[12:09:07] File added to the queue. 
[12:09:07] Sending the file 34 more times...
[12:09:07] File added to the queue. 
[12:09:07] Sending the file 33 more times...
[12:09:07] File added to the queue. 
[12:09:07] Sending the file 32 more times...
[12:09:07] File added to the queue. 
[12:09:07] Sending the file 31 more times...
[12:09:07] File added to the queue. 
[12:09:07] Sending the file 30 more times...
[12:09:07] File added to the queue. 
[12:09:07] Sending the file 29 more times...
[12:09:07] File added to the queue. 
[12:09:07] Sending the file 28 more times...
[12:09:07] File added to the queue. 
[12:09:07] Sending the file 27 more times...
[12:09:07] File added to the queue. 
[12:09:07] Sending the file 26 more times...
[12:09:07] File added to the queue. 
[12:09:07] Sending the file 25 more times...
[12:09:07] File added to the queue. 
[12:09:07] Sending the file 24 more times...
[12:09:07] File added to the queue. 
[12:09:07] Sending the file 23 more times...
[12:09:07] File added to the queue. 
[12:09:07] Sending the file 22 more times...
[12:09:07] File added to the queue. 
[12:09:07] Sending the file 21 more times...
[12:09:07] File added to the queue. 
[12:09:07] Sending the file 20 more times...
[12:09:07] File added to the queue. 
[12:09:07] Sending the file 19 more times...
[12:09:07] File added to the queue. 
[12:09:07] Sending the file 18 more times...
[12:09:07] File added to the queue. 
[12:09:07] Sending the file 17 more times...
[12:09:07] File added to the queue. 
[12:09:07] Sending the file 16 more times...
[12:09:07] File added to the queue. 
[12:09:07] Sending the file 15 more times...
[12:09:07] File added to the queue. 
[12:09:07] Sending the file 14 more times...
[12:09:07] File added to the queue. 
[12:09:07] Sending the file 13 more times...
[12:09:07] File added to the queue. 
[12:09:07] Sending the file 12 more times...
[12:09:07] File added to the queue. 
[12:09:07] Sending the file 11 more times...
[12:09:07] File added to the queue. 
[12:09:07] Sending the file 10 more times...
[12:09:07] File added to the queue. 
[12:09:07] Sending the file 9 more times...
[12:09:07] File added to the queue. 
[12:09:07] Sending the file 8 more times...
[12:09:07] File added to the queue. 
[12:09:07] Sending the file 7 more times...
[12:09:07] File added to the queue. 
[12:09:07] Sending the file 6 more times...
[12:09:07] File added to the queue. 
[12:09:07] Sending the file 5 more times...
[12:09:08] File added to the queue. 
[12:09:08] Sending the file 4 more times...
[12:09:08] File added to the queue. 
[12:09:08] Sending the file 3 more times...
[12:09:08] File added to the queue. 
[12:09:08] Sending the file 2 more times...
[12:09:08] File added to the queue. 
[12:09:08] Sending the file 1 more times...
[12:09:08] > !%
[12:09:08] > $di1fn=2
[12:09:08] TinyG Command received 
[12:09:08] > g90 g0 a-15
[12:09:08] < tinyg [mm] ok> 
[12:09:08] < [di1fn] input function          2 [0=none,1=limit,2=interlock,3=shutdown]
[12:09:08] < tinyg [mm] ok> 
[12:09:08] < tinyg [mm] ok> 
[12:09:08] < posa:-14.605,vel:1918.21,dist:0,momo:0,stat:5
[12:09:08] < posa:-15.000,vel:0.00,stat:3
[12:09:08] Machine is homed. 
[12:09:08] > g91 g1 a30 f250
[12:09:08] Reached end of file
[12:09:08] Sending the file 99 more times!!!
[12:09:08] > !%
[12:09:08] < tinyg [mm] ok> 


