[17:07:56] Starting Log file for session: 20201013-17756

[17:03:14] Terminal ready... 
[17:03:14] Log file started 
[17:03:14] Please choose a Serial port to connect to... 
[17:03:30] Connected to Serial on port COM6
[17:03:30] < {"r":{"fv":0.98,"fb":86.03,"hp":3,"hv":0,"id":"0213-0215-0515","msg":"SYSTEM READY"},"f":[1,0,1]}
[17:03:30] < [ej]  enable json mode            0 [0=text,1=JSON]
[17:03:30] < tinyg [mm] ok> 
[17:03:35] Loading file...
[17:03:40] File to load: C:\Users\Oscar\Desktop\init.json
[17:03:40] Loading File... 
[17:03:40] JSON Loaded... 
[17:03:40] Dumping init file... 
[17:03:40] < {"r":{"js":1},"f":[1,0,9]}
[17:03:40] < {"r":{"gpa":1},"f":[1,0,10]}
[17:03:40] < {"r":{"gun":1},"f":[1,0,10]}
[17:03:40] < {"r":{"ja":0.20},"f":[1,0,11]}
[17:03:40] < {"r":{"si":200},"f":[1,0,11]}
[17:03:40] < {"r":{"jv":5},"f":[1,0,9]}
[17:03:40] < {"r":{"mt":1},"f":[1,0,9]}
[17:03:40] < {"r":{"1ma":1},"f":[1,0,10]}
[17:03:40] < {"r":{"2ma":2},"f":[1,0,10]}
[17:03:40] < {"r":{"3ma":0},"f":[1,0,10]}
[17:03:40] < {"r":{"4ma":3},"f":[1,0,10]}
[17:03:40] < {"r":{"1po":0},"f":[1,0,10]}
[17:03:40] < {"r":{"2po":0},"f":[1,0,10]}
[17:03:40] < {"r":{"3po":1},"f":[1,0,10]}
[17:03:40] < {"r":{"4po":1},"f":[1,0,10]}
[17:03:40] < {"r":{"2tr":1.2500},"f":[1,0,13]}
[17:03:40] < {"r":{"3tr":15.9593},"f":[1,0,26]}
[17:03:40] < {"r":{"4tr":9.2000},"f":[1,0,12]}
[17:03:40] < {"r":{"1pl":0.000},"f":[1,0,10]}
[17:03:40] < {"r":{"2pl":1.000},"f":[1,0,10]}
[17:03:40] < {"r":{"3pl":0.000},"f":[1,0,10]}
[17:03:40] < {"r":{"4pl":0.000},"f":[1,0,10]}
[17:03:40] < {"r":{"1pm":0},"f":[1,0,10]}
[17:03:40] < {"r":{"2pm":2},"f":[1,0,10]}
[17:03:40] < {"r":{"3pm":1},"f":[1,0,10]}
[17:03:40] < {"r":{"4pm":1},"f":[1,0,10]}
[17:03:40] < {"r":{"2sa":1.800},"f":[1,0,12]}
[17:03:40] < {"r":{"3sa":1.800},"f":[1,0,12]}
[17:03:40] < {"r":{"4sa":1.800},"f":[1,0,12]}
[17:03:40] < {"r":{"2mi":8},"f":[1,0,10]}
[17:03:40] < {"r":{"3mi":10,"msg":"*** WARNING *** Setting non-standard microstep value"},"f":[1,0,11]}
[17:03:40] < {"r":{"4mi":10,"msg":"*** WARNING *** Setting non-standard microstep value"},"f":[1,0,11]}
[17:03:40] < {"r":{"xam":1},"f":[1,0,10]}
[17:03:40] < {"r":{"xvm":10000},"f":[1,0,14]}
[17:03:40] < {"r":{"xfr":10000},"f":[1,0,14]}
[17:03:40] < {"r":{"xjm":20000},"f":[1,0,14]}
[17:03:40] < {"r":{"yam":0},"f":[1,0,10]}
[17:03:40] < {"r":{"zam":1},"f":[1,0,10]}
[17:03:40] < {"r":{"zvm":850},"f":[1,0,12]}
[17:03:40] < {"r":{"zfr":850},"f":[1,0,12]}
[17:03:40] < {"r":{"zjm":5000},"f":[1,0,13]}
[17:03:40] < {"r":{"aam":1},"f":[1,0,10]}
[17:03:41] < {"r":{"avm":10000},"f":[1,0,14]}
[17:03:41] < {"r":{"afr":10000},"f":[1,0,14]}
[17:03:41] < {"r":{"ajm":10000},"f":[1,0,14]}
[17:03:41] < {"r":{"di8mo":-1},"f":[1,0,13]}
[17:03:41] < {"r":{"xhi":0},"f":[1,0,10]}
[17:03:41] < {"r":{"yhi":0},"f":[1,0,10]}
[17:03:41] < {"r":{"zhi":0},"f":[1,0,10]}
[17:03:41] < {"r":{"bhi":0},"f":[1,0,10]}
[17:03:41] < {"r":{"chi":0},"f":[1,0,10]}
[17:03:41] < {"r":{"di1mo":1},"f":[1,0,12]}
[17:03:41] < {"r":{"di1ac":0},"f":[1,0,12]}
[17:03:41] < {"r":{"di1fn":0},"f":[1,0,12]}
[17:03:41] < {"r":{"ahi":1},"f":[1,0,10]}
[17:03:41] < {"r":{"ahd":1},"f":[1,0,10]}
[17:03:41] < {"r":{"asv":2000},"f":[1,0,13]}
[17:03:41] < {"r":{"alv":500.00},"f":[1,0,12]}
[17:03:41] < {"r":{"alb":20.000},"f":[1,0,11]}
[17:03:41] < {"r":{"ajh":10000},"f":[1,0,14]}
[17:03:41] < {"r":{"di2mo":0},"f":[1,0,12]}
[17:03:41] < {"r":{"di2ac":0},"f":[1,0,12]}
[17:03:41] < {"r":{"di2fn":0},"f":[1,0,12]}
[17:03:41] < {"r":{"zhi":2},"f":[1,0,10]}
[17:03:41] < {"r":{"zhd":0},"f":[1,0,10]}
[17:03:41] < {"r":{"zsv":500},"f":[1,0,12]}
[17:03:41] < {"r":{"zlv":50.00},"f":[1,0,11]}
[17:03:41] < {"r":{"zlb":1.000},"f":[1,0,10]}
[17:03:41] < {"r":{"ajh":10000},"f":[1,0,14]}
[17:03:41] < {"r":{"sl":1},"f":[1,0,9]}
[17:03:41] < {"r":{"atm":3600.000},"f":[1,0,13]}
[17:03:41] < {"r":{"atn":-3600.000},"f":[1,0,14]}
[17:03:41] < {"r":{"xtm":90000.000},"f":[1,0,14]}
[17:03:41] < {"r":{"xtn":-90000.000},"f":[1,0,15]}
[17:03:41] < {"r":{"ztm":5.000},"f":[1,0,10]}
[17:03:41] < {"r":{"ztn":-19.000},"f":[1,0,12]}
[17:03:41] < {"r":{"azb":0.000},"f":[1,0,10]}
[17:03:41] < {"r":{"zzb":15.000},"f":[1,0,11]}
[17:03:41] < [ej]  enable json mode            0 [0=text,1=JSON]
[17:03:41] < tinyg [mm] ok> 
[17:03:41] < line:0,posx:0.000,posy:0.000,posz:0.000,posa:0.000,feed:0.00,vel:0.00,unit:1,coor:1,dist:0,admo:1,frmo:1,momo:4,stat:1
[17:03:54] > g90 g0 a10
[17:03:54] < tinyg [mm] ok> 
[17:03:54] < posa:9.995,vel:104.04,momo:0,stat:5
[17:03:55] < posa:10.000,vel:0.00,stat:3
[17:03:55] Machine is homed. 
[17:04:08] > g28.3 z-10
[17:04:08] < tinyg [mm] ok> 
[17:04:22] > g91 g1 z10 f500
[17:04:22] < tinyg [mm] ok> 
[17:04:23] < posz:-8.511,feed:500.00,vel:500.00,dist:1,momo:1,stat:5
[17:04:23] < posz:-6.849
[17:04:23] < posz:-5.162
[17:04:23] < posz:-3.488
[17:04:23] < posz:-1.827
[17:04:24] < posz:-0.153,vel:497.68
[17:04:24] < posz:0.000,vel:0.00,stat:3
[17:04:24] Machine is homed. 
[17:07:49] Re-Dumping file C:\Users\Oscar\Desktop\init.json ...
[17:07:49] Loading File... 
[17:07:50] JSON Loaded... 
[17:07:50] Dumping init file... 


