[17:56:03] Starting Log file for session: 20201014-17563

[20:00:36] Terminal ready... 
[20:00:36] Log file started 
[20:00:36] Please choose a Serial port to connect to... 
[20:00:39] Connected to Serial on port COM6
[20:00:39] < {"r":{"fv":0.98,"fb":86.03,"hp":3,"hv":0,"id":"0213-0215-0515","msg":"SYSTEM READY"},"f":[1,0,1]}
[20:00:39] < [ej]  enable json mode            0 [0=text,1=JSON]
[20:00:39] < tinyg [mm] ok> 
[20:00:40] Loading file...
[20:00:43] File to load: C:\Users\Oscar\Desktop\init.json
[20:00:43] Loading File... 
[20:00:43] JSON Loaded... 
[20:00:43] Dumping init file... 
[20:00:43] < {"r":{"js":1},"f":[1,0,9]}
[20:00:43] < {"r":{"gpa":1},"f":[1,0,10]}
[20:00:43] < {"r":{"gun":1},"f":[1,0,10]}
[20:00:43] < {"r":{"ja":0.20},"f":[1,0,11]}
[20:00:43] < {"r":{"si":200},"f":[1,0,11]}
[20:00:43] < {"r":{"jv":5},"f":[1,0,9]}
[20:00:43] < {"r":{"mt":1},"f":[1,0,9]}
[20:00:43] < {"r":{"1ma":1},"f":[1,0,10]}
[20:00:43] < {"r":{"2ma":2},"f":[1,0,10]}
[20:00:43] < {"r":{"3ma":0},"f":[1,0,10]}
[20:00:43] < {"r":{"4ma":3},"f":[1,0,10]}
[20:00:43] < {"r":{"1po":0},"f":[1,0,10]}
[20:00:43] < {"r":{"2po":0},"f":[1,0,10]}
[20:00:43] < {"r":{"3po":1},"f":[1,0,10]}
[20:00:43] < {"r":{"4po":1},"f":[1,0,10]}
[20:00:43] < {"r":{"2tr":1.2500},"f":[1,0,13]}
[20:00:43] < {"r":{"3tr":15.9593},"f":[1,0,26]}
[20:00:43] < {"r":{"4tr":9.2000},"f":[1,0,12]}
[20:00:43] < {"r":{"1pl":0.000},"f":[1,0,10]}
[20:00:43] < {"r":{"2pl":1.000},"f":[1,0,10]}
[20:00:43] < {"r":{"3pl":0.000},"f":[1,0,10]}
[20:00:43] < {"r":{"4pl":0.000},"f":[1,0,10]}
[20:00:43] < {"r":{"1pm":0},"f":[1,0,10]}
[20:00:43] < {"r":{"2pm":2},"f":[1,0,10]}
[20:00:43] < {"r":{"3pm":1},"f":[1,0,10]}
[20:00:43] < {"r":{"4pm":1},"f":[1,0,10]}
[20:00:43] < {"r":{"2sa":1.800},"f":[1,0,12]}
[20:00:43] < {"r":{"3sa":1.800},"f":[1,0,12]}
[20:00:44] < {"r":{"4sa":1.800},"f":[1,0,12]}
[20:00:44] < {"r":{"2mi":8},"f":[1,0,10]}
[20:00:44] < {"r":{"3mi":10,"msg":"*** WARNING *** Setting non-standard microstep value"},"f":[1,0,11]}
[20:00:44] < {"r":{"4mi":10,"msg":"*** WARNING *** Setting non-standard microstep value"},"f":[1,0,11]}
[20:00:44] < {"r":{"xam":1},"f":[1,0,10]}
[20:00:44] < {"r":{"xvm":10000},"f":[1,0,14]}
[20:00:44] < {"r":{"xfr":10000},"f":[1,0,14]}
[20:00:44] < {"r":{"xjm":20000},"f":[1,0,14]}
[20:00:44] < {"r":{"yam":0},"f":[1,0,10]}
[20:00:44] < {"r":{"zam":1},"f":[1,0,10]}
[20:00:44] < {"r":{"zvm":850},"f":[1,0,12]}
[20:00:44] < {"r":{"zfr":850},"f":[1,0,12]}
[20:00:44] < {"r":{"zjm":5000},"f":[1,0,13]}
[20:00:44] < {"r":{"aam":1},"f":[1,0,10]}
[20:00:44] < {"r":{"avm":10000},"f":[1,0,14]}
[20:00:44] < {"r":{"afr":10000},"f":[1,0,14]}
[20:00:44] < {"r":{"ajm":10000},"f":[1,0,14]}
[20:00:44] < {"r":{"di8mo":-1},"f":[1,0,13]}
[20:00:44] < {"r":{"xhi":0},"f":[1,0,10]}
[20:00:44] < {"r":{"yhi":0},"f":[1,0,10]}
[20:00:44] < {"r":{"zhi":0},"f":[1,0,10]}
[20:00:44] < {"r":{"bhi":0},"f":[1,0,10]}
[20:00:44] < {"r":{"chi":0},"f":[1,0,10]}
[20:00:44] < {"r":{"di1mo":1},"f":[1,0,12]}
[20:00:44] < {"r":{"di1ac":0},"f":[1,0,12]}
[20:00:44] < {"r":{"di1fn":0},"f":[1,0,12]}
[20:00:44] < {"r":{"ahi":1},"f":[1,0,10]}
[20:00:44] < {"r":{"ahd":1},"f":[1,0,10]}
[20:00:44] < {"r":{"asv":2000},"f":[1,0,13]}
[20:00:44] < {"r":{"alv":500.00},"f":[1,0,12]}
[20:00:44] < {"r":{"alb":20.000},"f":[1,0,11]}
[20:00:44] < {"r":{"ajh":10000},"f":[1,0,14]}
[20:00:44] < {"r":{"di2mo":0},"f":[1,0,12]}
[20:00:44] < {"r":{"di2ac":0},"f":[1,0,12]}
[20:00:44] < {"r":{"di2fn":0},"f":[1,0,12]}
[20:00:44] < {"r":{"zhi":2},"f":[1,0,10]}
[20:00:44] < {"r":{"zhd":0},"f":[1,0,10]}
[20:00:44] < {"r":{"zsv":500},"f":[1,0,12]}
[20:00:44] < {"r":{"zlv":50.00},"f":[1,0,11]}
[20:00:44] < {"r":{"zlb":1.000},"f":[1,0,10]}
[20:00:44] < {"r":{"ajh":10000},"f":[1,0,14]}
[20:00:44] < {"r":{"sl":1},"f":[1,0,9]}
[20:00:44] < {"r":{"atm":3600.000},"f":[1,0,13]}
[20:00:44] < {"r":{"atn":-3600.000},"f":[1,0,14]}
[20:00:44] < {"r":{"xtm":90000.000},"f":[1,0,14]}
[20:00:44] < {"r":{"xtn":-90000.000},"f":[1,0,15]}
[20:00:44] < {"r":{"ztm":5.000},"f":[1,0,10]}
[20:00:44] < {"r":{"ztn":-19.000},"f":[1,0,12]}
[20:00:44] < {"r":{"azb":0.000},"f":[1,0,10]}
[20:00:44] < {"r":{"zzb":12.000},"f":[1,0,11]}
[20:00:44] < [ej]  enable json mode            0 [0=text,1=JSON]
[20:00:44] < tinyg [mm] ok> 
[20:00:44] < line:0,posx:0.000,posy:0.000,posz:0.000,posa:0.000,feed:0.00,vel:0.00,unit:1,coor:1,dist:0,admo:1,frmo:1,momo:4,stat:1
[20:00:54] > g91 g1 z1 f100
[20:00:54] < tinyg [mm] ok> 
[20:00:54] < posz:0.319,feed:100.00,vel:100.00,dist:1,momo:1,stat:5
[20:00:54] < posz:0.654
[20:00:54] < posz:0.988,vel:98.96
[20:00:54] < posz:1.000,vel:0.00,stat:3
[20:00:54] Machine is homed. 
[20:01:14] > g91 g1 z1 f100
[20:01:14] < tinyg [mm] ok> 
[20:01:14] < posz:1.319,vel:100.00,stat:5
[20:01:15] < posz:1.654
[20:01:15] < posz:1.988,vel:98.96
[20:01:15] < posz:2.000,vel:0.00,stat:3
[20:01:15] Machine is homed. 
[20:01:16] > g91 g1 z1 f100
[20:01:16] < tinyg [mm] ok> 
[20:01:16] < posz:2.319,vel:100.00,stat:5
[20:01:16] < posz:2.654
[20:01:17] < posz:2.988,vel:98.96
[20:01:17] < posz:3.000,vel:0.00,stat:3
[20:01:17] Machine is homed. 
[20:01:21] > g91 g1 z-1 f100
[20:01:21] < tinyg [mm] ok> 
[20:01:22] < posz:2.681,vel:100.00,stat:5
[20:01:22] < posz:2.346
[20:01:22] < posz:2.012,vel:98.96
[20:01:22] < posz:2.000,vel:0.00,stat:3
[20:01:22] Machine is homed. 
[20:01:32] > g91 g1 z1 f100
[20:01:32] < tinyg [mm] ok> 
[20:01:33] < posz:2.319,vel:100.00,stat:5
[20:01:33] < posz:2.654
[20:01:33] < posz:2.988,vel:98.96
[20:01:33] < posz:3.000,vel:0.00,stat:3
[20:01:33] Machine is homed. 
[20:01:35] > g91 g1 z1 f100
[20:01:35] < tinyg [mm] ok> 
[20:01:36] < posz:3.319,vel:100.00,stat:5
[20:01:36] < posz:3.654
[20:01:36] < posz:3.988,vel:98.96
[20:01:36] < posz:4.000,vel:0.00,stat:3
[20:01:36] Machine is homed. 
[20:02:01] > g91 g1 z1 f100
[20:02:01] < tinyg [mm] ok> 
[20:02:01] < posz:4.319,vel:100.00,stat:5
[20:02:01] < posz:4.654
[20:02:01] < posz:4.988,vel:98.96
[20:02:02] < posz:5.000,vel:0.00,stat:3
[20:02:02] Machine is homed. 
[20:02:03] > g91 g1 z1 f100
[20:02:03] < tinyg [mm] ok> 
[20:02:04] < posz:5.319,vel:100.00,stat:5
[20:02:04] < posz:5.654
[20:02:04] < posz:5.988,vel:98.96
[20:02:04] < posz:6.000,vel:0.00,stat:3
[20:02:04] Machine is homed. 
[20:02:28] > g91 g1 z1 f100
[20:02:28] < tinyg [mm] ok> 
[20:02:28] < posz:6.319,vel:100.00,stat:5
[20:02:29] < posz:6.654
[20:02:29] < posz:6.988,vel:98.96
[20:02:29] < posz:7.000,vel:0.00,stat:3
[20:02:29] Machine is homed. 
[20:02:29] > g91 g1 z1 f100
[20:02:29] < tinyg [mm] ok> 
[20:02:30] < posz:7.319,vel:100.00,stat:5
[20:02:30] < posz:7.654
[20:02:30] < posz:7.988,vel:98.96
[20:02:30] < posz:8.000,vel:0.00,stat:3
[20:02:30] Machine is homed. 
[20:02:31] > g91 g1 z1 f100
[20:02:31] < tinyg [mm] ok> 
[20:02:31] < posz:8.319,vel:100.00,stat:5
[20:02:31] < posz:8.653
[20:02:32] < posz:8.988,vel:98.96
[20:02:32] < posz:9.000,vel:0.00,stat:3
[20:02:32] Machine is homed. 
[20:02:32] > g91 g1 z1 f100
[20:02:32] < tinyg [mm] ok> 
[20:02:33] < posz:9.319,vel:100.00,stat:5
[20:02:33] < posz:9.653
[20:02:33] < posz:9.988,vel:98.96
[20:02:33] < posz:10.000,vel:0.00,stat:3
[20:02:33] Machine is homed. 
[20:02:34] > g91 g1 z1 f100
[20:02:34] < tinyg [mm] ok> 
[20:02:34] < posz:10.319,vel:100.00,stat:5
[20:02:34] < posz:10.653
[20:02:34] < posz:10.988,vel:98.96
[20:02:34] < posz:11.000,vel:0.00,stat:3
[20:02:34] Machine is homed. 
[20:02:35] > g91 g1 z1 f100
[20:02:35] < tinyg [mm] ok> 
[20:02:35] < posz:11.319,vel:100.00,stat:5
[20:02:35] < posz:11.653
[20:02:35] < posz:11.988,vel:98.96
[20:02:36] < posz:12.000,vel:0.00,stat:3
[20:02:36] Machine is homed. 
[20:12:14] Connected to Serial on port COM6
[20:12:14] < {"r":{"fv":0.98,"fb":86.03,"hp":3,"hv":0,"id":"0213-0215-0515","msg":"SYSTEM READY"},"f":[1,0,1]}
[20:12:14] < [ej]  enable json mode            0 [0=text,1=JSON]
[20:12:14] < tinyg [mm] ok> 
[20:12:16] Loading file...
[20:12:18] File to load: C:\Users\Oscar\Desktop\init.json
[20:12:18] Loading File... 
[20:12:19] JSON Loaded... 
[20:12:19] Dumping init file... 
[20:12:19] < {"r":{"js":1},"f":[1,0,9]}
[20:12:19] < {"r":{"gpa":1},"f":[1,0,10]}
[20:12:19] < {"r":{"gun":1},"f":[1,0,10]}
[20:12:19] < {"r":{"ja":0.20},"f":[1,0,11]}
[20:12:19] < {"r":{"si":200},"f":[1,0,11]}
[20:12:19] < {"r":{"jv":5},"f":[1,0,9]}
[20:12:19] < {"r":{"mt":1},"f":[1,0,9]}
[20:12:19] < {"r":{"1ma":1},"f":[1,0,10]}
[20:12:19] < {"r":{"2ma":2},"f":[1,0,10]}
[20:12:19] < {"r":{"3ma":0},"f":[1,0,10]}
[20:12:19] < {"r":{"4ma":3},"f":[1,0,10]}
[20:12:19] < {"r":{"1po":0},"f":[1,0,10]}
[20:12:19] < {"r":{"2po":0},"f":[1,0,10]}
[20:12:19] < {"r":{"3po":1},"f":[1,0,10]}
[20:12:19] < {"r":{"4po":1},"f":[1,0,10]}
[20:12:19] < {"r":{"2tr":1.2500},"f":[1,0,13]}
[20:12:19] < {"r":{"3tr":15.9593},"f":[1,0,26]}
[20:12:19] < {"r":{"4tr":9.2000},"f":[1,0,12]}
[20:12:19] < {"r":{"1pl":0.000},"f":[1,0,10]}
[20:12:19] < {"r":{"2pl":1.000},"f":[1,0,10]}
[20:12:19] < {"r":{"3pl":0.000},"f":[1,0,10]}
[20:12:19] < {"r":{"4pl":0.000},"f":[1,0,10]}
[20:12:19] < {"r":{"1pm":0},"f":[1,0,10]}
[20:12:19] < {"r":{"2pm":2},"f":[1,0,10]}
[20:12:19] < {"r":{"3pm":1},"f":[1,0,10]}
[20:12:19] < {"r":{"4pm":1},"f":[1,0,10]}
[20:12:19] < {"r":{"2sa":1.800},"f":[1,0,12]}
[20:12:19] < {"r":{"3sa":1.800},"f":[1,0,12]}
[20:12:19] < {"r":{"4sa":1.800},"f":[1,0,12]}
[20:12:19] < {"r":{"2mi":8},"f":[1,0,10]}
[20:12:19] < {"r":{"3mi":10,"msg":"*** WARNING *** Setting non-standard microstep value"},"f":[1,0,11]}
[20:12:19] < {"r":{"4mi":10,"msg":"*** WARNING *** Setting non-standard microstep value"},"f":[1,0,11]}
[20:12:19] < {"r":{"xam":1},"f":[1,0,10]}
[20:12:19] < {"r":{"xvm":10000},"f":[1,0,14]}
[20:12:19] < {"r":{"xfr":10000},"f":[1,0,14]}
[20:12:19] < {"r":{"xjm":20000},"f":[1,0,14]}
[20:12:19] < {"r":{"yam":0},"f":[1,0,10]}
[20:12:19] < {"r":{"zam":1},"f":[1,0,10]}
[20:12:19] < {"r":{"zvm":850},"f":[1,0,12]}
[20:12:19] < {"r":{"zfr":850},"f":[1,0,12]}
[20:12:19] < {"r":{"zjm":5000},"f":[1,0,13]}
[20:12:19] < {"r":{"aam":1},"f":[1,0,10]}
[20:12:19] < {"r":{"avm":10000},"f":[1,0,14]}
[20:12:19] < {"r":{"afr":10000},"f":[1,0,14]}
[20:12:19] < {"r":{"ajm":10000},"f":[1,0,14]}
[20:12:19] < {"r":{"di8mo":-1},"f":[1,0,13]}
[20:12:19] < {"r":{"xhi":0},"f":[1,0,10]}
[20:12:19] < {"r":{"yhi":0},"f":[1,0,10]}
[20:12:19] < {"r":{"zhi":0},"f":[1,0,10]}
[20:12:19] < {"r":{"bhi":0},"f":[1,0,10]}
[20:12:19] < {"r":{"chi":0},"f":[1,0,10]}
[20:12:19] < {"r":{"di1mo":1},"f":[1,0,12]}
[20:12:19] < {"r":{"di1ac":0},"f":[1,0,12]}
[20:12:19] < {"r":{"di1fn":0},"f":[1,0,12]}
[20:12:19] < {"r":{"ahi":1},"f":[1,0,10]}
[20:12:19] < {"r":{"ahd":1},"f":[1,0,10]}
[20:12:19] < {"r":{"asv":2000},"f":[1,0,13]}
[20:12:19] < {"r":{"alv":500.00},"f":[1,0,12]}
[20:12:19] < {"r":{"alb":20.000},"f":[1,0,11]}
[20:12:19] < {"r":{"ajh":10000},"f":[1,0,14]}
[20:12:19] < {"r":{"di2mo":0},"f":[1,0,12]}
[20:12:19] < {"r":{"di2ac":0},"f":[1,0,12]}
[20:12:19] < {"r":{"di2fn":0},"f":[1,0,12]}
[20:12:19] < {"r":{"zhi":2},"f":[1,0,10]}
[20:12:19] < {"r":{"zhd":0},"f":[1,0,10]}
[20:12:19] < {"r":{"zsv":500},"f":[1,0,12]}
[20:12:19] < {"r":{"zlv":50.00},"f":[1,0,11]}
[20:12:19] < {"r":{"zlb":1.000},"f":[1,0,10]}
[20:12:19] < {"r":{"ajh":10000},"f":[1,0,14]}
[20:12:19] < {"r":{"sl":1},"f":[1,0,9]}
[20:12:19] < {"r":{"atm":3600.000},"f":[1,0,13]}
[20:12:19] < {"r":{"atn":-3600.000},"f":[1,0,14]}
[20:12:19] < {"r":{"xtm":90000.000},"f":[1,0,14]}
[20:12:19] < {"r":{"xtn":-90000.000},"f":[1,0,15]}
[20:12:19] < {"r":{"ztm":5.000},"f":[1,0,10]}
[20:12:19] < {"r":{"ztn":-19.000},"f":[1,0,12]}
[20:12:19] < {"r":{"azb":0.000},"f":[1,0,10]}
[20:12:19] < {"r":{"zzb":12.000},"f":[1,0,11]}
[20:12:19] < [ej]  enable json mode            0 [0=text,1=JSON]
[20:12:19] < tinyg [mm] ok> 
[20:12:19] < line:0,posx:0.000,posy:0.000,posz:0.000,posa:0.000,feed:0.00,vel:0.00,unit:1,coor:1,dist:0,admo:1,frmo:1,momo:4,stat:1
[20:12:35] > g91 g1 z-10 f100
[20:12:35] < tinyg [mm] ok> 
[20:12:35] < posz:-0.319,feed:100.00,vel:100.00,dist:1,momo:1,stat:5
[20:12:35] < posz:-0.654
[20:12:35] < posz:-0.989
[20:12:35] < posz:-1.322
[20:12:36] < posz:-1.657
[20:12:36] < posz:-1.994
[20:12:36] < posz:-2.329
[20:12:36] < posz:-2.662
[20:12:36] < posz:-2.997
[20:12:37] < posz:-3.334
[20:12:37] < posz:-3.669
[20:12:37] < posz:-4.001
[20:12:37] < posz:-4.336
[20:12:37] < posz:-4.674
[20:12:38] < posz:-5.009
[20:12:38] < posz:-5.341
[20:12:38] < posz:-5.676
[20:12:38] < posz:-6.014
[20:12:38] < posz:-6.348
[20:12:39] < posz:-6.681
[20:12:39] < posz:-7.016
[20:12:39] < posz:-7.353
[20:12:39] < posz:-7.688
[20:12:39] < posz:-8.021
[20:12:40] < posz:-8.356
[20:12:40] < posz:-8.691
[20:12:40] < posz:-9.023
[20:12:40] < posz:-9.358
[20:12:40] < posz:-9.690
[20:12:41] < posz:-10.000,vel:0.00,stat:3
[20:12:41] Machine is homed. 
[20:12:43] > g91 g1 z-10 f100
[20:12:43] < tinyg [mm] ok> 
[20:12:43] < posz:-10.319,vel:100.00,stat:5
[20:12:43] < posz:-10.654
[20:12:43] < posz:-10.989
[20:12:44] < posz:-11.322
[20:12:44] < posz:-11.657
[20:12:44] < posz:-11.994
[20:12:44] < posz:-12.329
[20:12:44] < posz:-12.662
[20:12:45] < posz:-12.996
[20:12:45] < posz:-13.334
[20:12:45] < posz:-13.669
[20:12:45] < posz:-14.001
[20:12:45] < posz:-14.336
[20:12:46] < posz:-14.674
[20:12:46] < posz:-15.009
[20:12:46] < posz:-15.341
[20:12:46] < posz:-15.676
[20:12:46] < posz:-16.013
[20:12:47] < posz:-16.349
[20:12:47] < posz:-16.681
[20:12:47] < posz:-17.016
[20:12:47] < posz:-17.354
[20:12:47] < posz:-17.689
[20:12:48] < posz:-18.021
[20:12:48] < posz:-18.356
[20:12:48] < posz:-18.694
[20:12:48] < posz:-19.029
[20:12:48] < posz:-19.362
[20:12:49] < posz:-19.697
[20:12:49] < posz:-20.000,vel:0.00,stat:3
[20:12:49] Machine is homed. 
[20:12:50] > g91 g1 z-10 f100
[20:12:50] < tinyg [mm] ok> 
[20:12:51] < posz:-20.320,vel:100.00,stat:5
[20:12:51] < posz:-20.655
[20:12:51] < posz:-20.990
[20:12:51] < posz:-21.322
[20:12:51] < posz:-21.657
[20:12:52] < posz:-21.995
[20:12:52] < posz:-22.330
[20:12:52] < posz:-22.663
[20:12:52] < posz:-22.998
[20:12:52] < posz:-23.335
[20:12:53] < posz:-23.670
[20:12:53] < posz:-24.003
[20:12:53] < posz:-24.338
[20:12:53] < posz:-24.675
[20:12:53] < posz:-25.011
[20:12:54] < posz:-25.343
[20:12:54] < posz:-25.678
[20:12:54] < posz:-26.016
[20:12:54] < posz:-26.351
[20:12:54] < posz:-26.683
[20:12:55] < posz:-27.018
[20:12:55] < posz:-27.356
[20:12:55] < posz:-27.691
[20:12:55] < posz:-28.024
[20:12:55] < posz:-28.359
[20:12:56] < posz:-28.694
[20:12:56] < posz:-29.026
[20:12:56] < posz:-29.361
[20:12:56] < posz:-29.694
[20:12:56] < posz:-30.000,vel:0.00,stat:3
[20:12:56] Machine is homed. 
[20:12:58] > g91 g1 z-10 f100
[20:12:58] < tinyg [mm] ok> 
[20:12:59] < posz:-30.320,vel:100.00,stat:5
[20:12:59] < posz:-30.655
[20:12:59] < posz:-30.990
[20:12:59] < posz:-31.322
[20:12:59] < posz:-31.657
[20:13:00] < posz:-31.995
[20:13:00] < posz:-32.330
[20:13:00] < posz:-32.662
[20:13:00] < posz:-32.997
[20:13:00] < posz:-33.334
[20:13:01] < posz:-33.669
[20:13:01] < posz:-34.001
[20:13:01] < posz:-34.336
[20:13:01] < posz:-34.673
[20:13:01] < posz:-35.008
[20:13:02] < posz:-35.341
[20:13:02] < posz:-35.675
[20:13:02] < posz:-36.010
[20:13:02] < posz:-36.343
[20:13:02] < posz:-36.677
[20:13:03] < posz:-37.010
[20:13:03] < posz:-37.344
[20:13:03] < posz:-37.677
[20:13:03] < posz:-38.012
[20:13:03] < posz:-38.344
[20:13:04] < posz:-38.679
[20:13:04] < posz:-39.011
[20:13:04] < posz:-39.346
[20:13:04] < posz:-39.678
[20:13:04] < posz:-40.000,vel:0.00,stat:3
[20:13:04] Machine is homed. 
[20:13:09] > g91 g1 z-5 f100
[20:13:09] < tinyg [mm] ok> 
[20:13:09] < posz:-40.319,vel:100.00,stat:5
[20:13:09] < posz:-40.654
[20:13:10] < posz:-40.989
[20:13:10] < posz:-41.321
[20:13:10] < posz:-41.656
[20:13:10] < posz:-41.993
[20:13:10] < posz:-42.328
[20:13:11] < posz:-42.661
[20:13:11] < posz:-42.995
[20:13:11] < posz:-43.333
[20:13:11] < posz:-43.667
[20:13:11] < posz:-44.000
[20:13:12] < posz:-44.335
[20:13:12] < posz:-44.672
[20:13:12] < posz:-45.000,vel:19.26
[20:13:12] < vel:0.00,stat:3
[20:13:12] Machine is homed. 
[20:13:17] > g91 g1 z-5 f100
[20:13:17] < tinyg [mm] ok> 
[20:13:17] < posz:-45.319,vel:100.00,stat:5
[20:13:18] < posz:-45.654
[20:13:18] < posz:-45.989
[20:13:18] < posz:-46.321
[20:13:18] < posz:-46.656
[20:13:18] < posz:-46.993
[20:13:19] < posz:-47.328
[20:13:19] < posz:-47.661
[20:13:19] < posz:-47.995
[20:13:19] < posz:-48.333
[20:13:19] < posz:-48.667
[20:13:20] < posz:-49.000
[20:13:20] < posz:-49.335
[20:13:20] < posz:-49.672
[20:13:20] < posz:-50.000,vel:19.26
[20:13:20] < vel:0.00,stat:3
[20:13:20] Machine is homed. 
[20:17:35] Connected to Serial on port COM6
[20:17:35] < {"r":{"fv":0.98,"fb":86.03,"hp":3,"hv":0,"id":"0213-0215-0515","msg":"SYSTEM READY"},"f":[1,0,1]}
[20:17:35] < [ej]  enable json mode            0 [0=text,1=JSON]
[20:17:35] < tinyg [mm] ok> 
[20:17:36] Re-Dumping file C:\Users\Oscar\Desktop\init.json ...
[20:17:36] Loading File... 
[20:17:37] JSON Loaded... 
[20:17:37] Dumping init file... 
[20:17:37] < {"r":{"js":1},"f":[1,0,9]}
[20:17:37] < {"r":{"gpa":1},"f":[1,0,10]}
[20:17:37] < {"r":{"gun":1},"f":[1,0,10]}
[20:17:37] < {"r":{"ja":0.20},"f":[1,0,11]}
[20:17:37] < {"r":{"si":200},"f":[1,0,11]}
[20:17:37] < {"r":{"jv":5},"f":[1,0,9]}
[20:17:37] < {"r":{"mt":1},"f":[1,0,9]}
[20:17:37] < {"r":{"1ma":1},"f":[1,0,10]}
[20:17:37] < {"r":{"2ma":2},"f":[1,0,10]}
[20:17:37] < {"r":{"3ma":0},"f":[1,0,10]}
[20:17:37] < {"r":{"4ma":3},"f":[1,0,10]}
[20:17:37] < {"r":{"1po":0},"f":[1,0,10]}
[20:17:37] < {"r":{"2po":0},"f":[1,0,10]}
[20:17:37] < {"r":{"3po":1},"f":[1,0,10]}
[20:17:37] < {"r":{"4po":1},"f":[1,0,10]}
[20:17:37] < {"r":{"2tr":1.2500},"f":[1,0,13]}
[20:17:37] < {"r":{"3tr":15.9593},"f":[1,0,26]}
[20:17:37] < {"r":{"4tr":9.2000},"f":[1,0,12]}
[20:17:37] < {"r":{"1pl":0.000},"f":[1,0,10]}
[20:17:37] < {"r":{"2pl":1.000},"f":[1,0,10]}
[20:17:37] < {"r":{"3pl":0.000},"f":[1,0,10]}
[20:17:37] < {"r":{"4pl":0.000},"f":[1,0,10]}
[20:17:37] < {"r":{"1pm":0},"f":[1,0,10]}
[20:17:37] < {"r":{"2pm":2},"f":[1,0,10]}
[20:17:37] < {"r":{"3pm":1},"f":[1,0,10]}
[20:17:37] < {"r":{"4pm":1},"f":[1,0,10]}
[20:17:37] < {"r":{"2sa":1.800},"f":[1,0,12]}
[20:17:37] < {"r":{"3sa":1.800},"f":[1,0,12]}
[20:17:37] < {"r":{"4sa":1.800},"f":[1,0,12]}
[20:17:37] < {"r":{"2mi":8},"f":[1,0,10]}
[20:17:37] < {"r":{"3mi":10,"msg":"*** WARNING *** Setting non-standard microstep value"},"f":[1,0,11]}
[20:17:37] < {"r":{"4mi":10,"msg":"*** WARNING *** Setting non-standard microstep value"},"f":[1,0,11]}
[20:17:37] < {"r":{"xam":1},"f":[1,0,10]}
[20:17:37] < {"r":{"xvm":10000},"f":[1,0,14]}
[20:17:37] < {"r":{"xfr":10000},"f":[1,0,14]}
[20:17:37] < {"r":{"xjm":20000},"f":[1,0,14]}
[20:17:37] < {"r":{"yam":0},"f":[1,0,10]}
[20:17:37] < {"r":{"zam":1},"f":[1,0,10]}
[20:17:37] < {"r":{"zvm":850},"f":[1,0,12]}
[20:17:37] < {"r":{"zfr":850},"f":[1,0,12]}
[20:17:37] < {"r":{"zjm":5000},"f":[1,0,13]}
[20:17:37] < {"r":{"aam":1},"f":[1,0,10]}
[20:17:37] < {"r":{"avm":10000},"f":[1,0,14]}
[20:17:37] < {"r":{"afr":10000},"f":[1,0,14]}
[20:17:37] < {"r":{"ajm":10000},"f":[1,0,14]}
[20:17:37] < {"r":{"di8mo":-1},"f":[1,0,13]}
[20:17:37] < {"r":{"xhi":0},"f":[1,0,10]}
[20:17:37] < {"r":{"yhi":0},"f":[1,0,10]}
[20:17:37] < {"r":{"zhi":0},"f":[1,0,10]}
[20:17:37] < {"r":{"bhi":0},"f":[1,0,10]}
[20:17:37] < {"r":{"chi":0},"f":[1,0,10]}
[20:17:37] < {"r":{"di1mo":1},"f":[1,0,12]}
[20:17:37] < {"r":{"di1ac":0},"f":[1,0,12]}
[20:17:37] < {"r":{"di1fn":0},"f":[1,0,12]}
[20:17:37] < {"r":{"ahi":1},"f":[1,0,10]}
[20:17:37] < {"r":{"ahd":1},"f":[1,0,10]}
[20:17:37] < {"r":{"asv":2000},"f":[1,0,13]}
[20:17:37] < {"r":{"alv":500.00},"f":[1,0,12]}
[20:17:37] < {"r":{"alb":20.000},"f":[1,0,11]}
[20:17:37] < {"r":{"ajh":10000},"f":[1,0,14]}
[20:17:37] < {"r":{"di2mo":0},"f":[1,0,12]}
[20:17:37] < {"r":{"di2ac":0},"f":[1,0,12]}
[20:17:37] < {"r":{"di2fn":0},"f":[1,0,12]}
[20:17:37] < {"r":{"zhi":2},"f":[1,0,10]}
[20:17:37] < {"r":{"zhd":0},"f":[1,0,10]}
[20:17:37] < {"r":{"zsv":500},"f":[1,0,12]}
[20:17:37] < {"r":{"zlv":50.00},"f":[1,0,11]}
[20:17:37] < {"r":{"zlb":1.000},"f":[1,0,10]}
[20:17:37] < {"r":{"ajh":10000},"f":[1,0,14]}
[20:17:37] < {"r":{"sl":1},"f":[1,0,9]}
[20:17:37] < {"r":{"atm":3600.000},"f":[1,0,13]}
[20:17:37] < {"r":{"atn":-3600.000},"f":[1,0,14]}
[20:17:37] < {"r":{"xtm":90000.000},"f":[1,0,14]}
[20:17:37] < {"r":{"xtn":-90000.000},"f":[1,0,15]}
[20:17:37] < {"r":{"ztm":5.000},"f":[1,0,10]}
[20:17:37] < {"r":{"ztn":-19.000},"f":[1,0,12]}
[20:17:37] < {"r":{"azb":0.000},"f":[1,0,10]}
[20:17:37] < {"r":{"zzb":12.000},"f":[1,0,11]}
[20:17:37] < [ej]  enable json mode            0 [0=text,1=JSON]
[20:17:37] < tinyg [mm] ok> 
[20:17:37] < line:0,posx:0.000,posy:0.000,posz:0.000,posa:0.000,feed:0.00,vel:0.00,unit:1,coor:1,dist:0,admo:1,frmo:1,momo:4,stat:1
[20:17:47] > g91 g1 z20 f100
[20:17:47] < tinyg [mm] ok> 
[20:17:47] < posz:0.319,feed:100.00,vel:100.00,dist:1,momo:1,stat:5
[20:17:47] < posz:0.654
[20:17:48] < posz:0.989
[20:17:48] < posz:1.322
[20:17:48] < posz:1.657
[20:17:48] < posz:1.994
[20:17:48] < posz:2.329
[20:17:49] < posz:2.662
[20:17:49] < posz:2.997
[20:17:49] < posz:3.334
[20:17:49] < posz:3.669
[20:17:49] < posz:4.002
[20:17:50] < posz:4.337
[20:17:50] < posz:4.674
[20:17:50] < posz:5.009
[20:17:50] < posz:5.341
[20:17:50] < posz:5.676
[20:17:51] < posz:6.014
[20:17:51] < posz:6.349
[20:17:51] < posz:6.681
[20:17:51] < posz:7.016
[20:17:51] < posz:7.354
[20:17:52] < posz:7.689
[20:17:52] < posz:8.021
[20:17:52] < posz:8.356
[20:17:52] < posz:8.693
[20:17:52] < posz:9.028
[20:17:53] < posz:9.361
[20:17:53] < posz:9.696
[20:17:53] < posz:10.031
[20:17:53] < posz:10.363
[20:17:53] < posz:10.698
[20:17:54] < posz:11.031
[20:17:54] < posz:11.365
[20:17:54] < posz:11.698
[20:17:54] < posz:12.033
[20:17:54] < posz:12.365
[20:17:55] < posz:12.700
[20:17:55] < posz:13.033
[20:17:55] < posz:13.368
[20:17:55] < posz:13.700
[20:17:55] < posz:14.035
[20:17:56] < posz:14.367
[20:17:56] < posz:14.702
[20:17:56] < posz:15.035
[20:17:56] < posz:15.370
[20:17:56] < posz:15.702
[20:17:57] < posz:16.037
[20:17:57] < posz:16.370
[20:17:57] < posz:16.705
[20:17:57] < posz:17.037
[20:17:57] < posz:17.372
[20:17:58] < posz:17.705
[20:17:58] < posz:18.040
[20:17:58] < posz:18.378
[20:17:58] < posz:18.713
[20:17:58] < posz:19.045
[20:17:59] < posz:19.380
[20:17:59] < posz:19.718
[20:17:59] < posz:20.000,vel:0.00,stat:3
[20:17:59] Machine is homed. 
[20:18:03] > g91 g1 z5 f100
[20:18:03] < tinyg [mm] ok> 
[20:18:03] < posz:20.319,vel:100.00,stat:5
[20:18:03] < posz:20.654
[20:18:04] < posz:20.989
[20:18:04] < posz:21.321
[20:18:04] < posz:21.656
[20:18:04] < posz:21.993
[20:18:04] < posz:22.328
[20:18:05] < posz:22.661
[20:18:05] < posz:22.995
[20:18:05] < posz:23.333
[20:18:05] < posz:23.667
[20:18:05] < posz:24.000
[20:18:06] < posz:24.335
[20:18:06] < posz:24.672
[20:18:06] < posz:25.000,vel:19.26
[20:18:06] < vel:0.00,stat:3
[20:18:06] Machine is homed. 
[20:18:09] > g91 g1 z5 f100
[20:18:09] < tinyg [mm] ok> 
[20:18:09] < posz:25.319,vel:100.00,stat:5
[20:18:09] < posz:25.654
[20:18:09] < posz:25.989
[20:18:09] < posz:26.321
[20:18:10] < posz:26.656
[20:18:10] < posz:26.993
[20:18:10] < posz:27.328
[20:18:10] < posz:27.661
[20:18:10] < posz:27.995
[20:18:11] < posz:28.333
[20:18:11] < posz:28.667
[20:18:11] < posz:29.000
[20:18:11] < posz:29.335
[20:18:11] < posz:29.672
[20:18:12] < posz:30.000,vel:19.26
[20:18:12] < vel:0.00,stat:3
[20:18:12] Machine is homed. 
[20:18:14] > g91 g1 z5 f100
[20:18:14] < tinyg [mm] ok> 
[20:18:14] < posz:30.319,vel:100.00,stat:5
[20:18:14] < posz:30.654
[20:18:14] < posz:30.989
[20:18:15] < posz:31.321
[20:18:15] < posz:31.656
[20:18:15] < posz:31.993
[20:18:15] < posz:32.328
[20:18:15] < posz:32.661
[20:18:16] < posz:32.995
[20:18:16] < posz:33.333
[20:18:16] < posz:33.667
[20:18:16] < posz:34.000
[20:18:16] < posz:34.335
[20:18:17] < posz:34.672
[20:18:17] < posz:35.000,vel:19.26
[20:18:17] < vel:0.00,stat:3
[20:18:17] Machine is homed. 
[20:18:20] > g91 g1 z1 f100
[20:18:20] < tinyg [mm] ok> 
[20:18:20] < posz:35.319,vel:100.00,stat:5
[20:18:21] < posz:35.653
[20:18:21] < posz:35.988,vel:98.96
[20:18:21] < posz:36.000,vel:0.00,stat:3
[20:18:21] Machine is homed. 
[20:18:27] > g91 g1 z1 f100
[20:18:27] < tinyg [mm] ok> 
[20:18:27] < posz:36.319,vel:100.00,stat:5
[20:18:27] < posz:36.653
[20:18:27] < posz:36.988,vel:98.96
[20:18:27] < posz:37.000,vel:0.00,stat:3
[20:18:27] Machine is homed. 
[20:19:03] > g91 g1 z1 f100
[20:19:03] < tinyg [mm] ok> 
[20:19:03] < posz:37.319,vel:100.00,stat:5
[20:19:04] < posz:37.653
[20:19:04] < posz:37.988,vel:98.96
[20:19:04] < posz:38.000,vel:0.00,stat:3
[20:19:04] Machine is homed. 
[20:19:21] > g91 g1 z1 f100
[20:19:21] < tinyg [mm] ok> 
[20:19:21] < posz:38.319,vel:100.00,stat:5
[20:19:21] < posz:38.653
[20:19:22] < posz:38.988,vel:98.96
[20:19:22] < posz:39.000,vel:0.00,stat:3
[20:19:22] Machine is homed. 
[20:19:50] > g28.2z0
[20:19:50] < nyg [mm] ok> 
[20:19:50] < posz:37.924,feed:500.00,vel:500.00,coor:0,stat:9
[20:19:50] < posz:36.262
[20:19:51] < posz:34.587
[20:19:51] < posz:32.924
[20:19:51] < posz:31.249
[20:19:51] < posz:29.562
[20:19:51] < posz:27.887
[20:19:52] < posz:26.224
[20:19:52] < posz:24.550
[20:19:52] < posz:22.887
[20:19:52] < posz:21.212
[20:19:52] < posz:19.525
[20:19:53] < posz:17.850
[20:19:53] < posz:16.188
[20:19:53] < posz:14.514,vel:498.64
[20:19:53] < posz:14.000,vel:5.67
[20:19:53] < posz:14.961,vel:149.78
[20:19:54] < posz:14.941,feed:50.00,vel:50.00
[20:19:54] < posz:14.775
[20:19:54] < posz:14.607
[20:19:54] < posz:14.441
[20:19:54] < posz:14.274
[20:19:55] < posz:14.108
[20:19:55] < posz:14.000,vel:0.00
[20:19:55] < posz:15.076,feed:500.00,vel:500.00
[20:19:55] < posz:16.763
[20:19:55] < posz:18.438
[20:19:56] < posz:20.100
[20:19:56] < posz:21.775
[20:19:56] < posz:23.437
[20:19:56] < posz:25.112
[20:19:56] < posz:0.000,feed:100.00,vel:0.00,coor:1,momo:4,stat:3
[20:19:56] Machine is homed. 
[17:55:24] Loading file...
[17:55:29] File to load: C:\Users\Oscar\Desktop\init.json
[17:55:29] Loading File... 
[17:55:29] JSON Loaded... 
[17:55:29] Dumping init file... 
[17:55:33] Error opening the selected serial port... 
[17:55:33] No Serial connection available on that port... 
[17:55:35] Error opening the selected serial port... 
[17:55:35] No Serial connection available on that port... 
[17:55:54] Connected to Serial on port COM6
[17:55:54] < {"r":{"fv":0.98,"fb":86.03,"hp":3,"hv":0,"id":"0213-0215-0515","msg":"SYSTEM READY"},"f":[1,0,1]}
[17:55:54] < [ej]  enable json mode            0 [0=text,1=JSON]
[17:55:54] < tinyg [mm] ok> 
[17:55:56] Loading file...
[17:55:58] File to load: C:\Users\Oscar\Desktop\init.json
[17:55:58] Loading File... 
[17:55:59] JSON Loaded... 
[17:55:59] Dumping init file... 
[17:55:59] < {"r":{"js":1},"f":[1,0,9]}
[17:55:59] < {"r":{"gpa":1},"f":[1,0,10]}
[17:55:59] < {"r":{"gun":1},"f":[1,0,10]}
[17:55:59] < {"r":{"ja":0.20},"f":[1,0,11]}
[17:55:59] < {"r":{"si":200},"f":[1,0,11]}
[17:55:59] < {"r":{"jv":5},"f":[1,0,9]}
[17:55:59] < {"r":{"mt":1},"f":[1,0,9]}
[17:55:59] < {"r":{"1ma":1},"f":[1,0,10]}
[17:55:59] < {"r":{"2ma":2},"f":[1,0,10]}
[17:55:59] < {"r":{"3ma":0},"f":[1,0,10]}
[17:55:59] < {"r":{"4ma":3},"f":[1,0,10]}
[17:55:59] < {"r":{"1po":0},"f":[1,0,10]}
[17:55:59] < {"r":{"2po":0},"f":[1,0,10]}
[17:55:59] < {"r":{"3po":1},"f":[1,0,10]}
[17:55:59] < {"r":{"4po":1},"f":[1,0,10]}
[17:55:59] < {"r":{"2tr":1.2500},"f":[1,0,13]}
[17:55:59] < {"r":{"3tr":15.9593},"f":[1,0,26]}
[17:55:59] < {"r":{"4tr":9.2000},"f":[1,0,12]}
[17:55:59] < {"r":{"1pl":0.000},"f":[1,0,10]}
[17:55:59] < {"r":{"2pl":1.000},"f":[1,0,10]}
[17:55:59] < {"r":{"3pl":0.000},"f":[1,0,10]}
[17:55:59] < {"r":{"4pl":0.000},"f":[1,0,10]}
[17:55:59] < {"r":{"1pm":0},"f":[1,0,10]}
[17:55:59] < {"r":{"2pm":2},"f":[1,0,10]}
[17:55:59] < {"r":{"3pm":1},"f":[1,0,10]}
[17:55:59] < {"r":{"4pm":1},"f":[1,0,10]}
[17:55:59] < {"r":{"2sa":1.800},"f":[1,0,12]}
[17:55:59] < {"r":{"3sa":1.800},"f":[1,0,12]}
[17:55:59] < {"r":{"4sa":1.800},"f":[1,0,12]}
[17:55:59] < {"r":{"2mi":8},"f":[1,0,10]}
[17:55:59] < {"r":{"3mi":10,"msg":"*** WARNING *** Setting non-standard microstep value"},"f":[1,0,11]}
[17:55:59] < {"r":{"4mi":10,"msg":"*** WARNING *** Setting non-standard microstep value"},"f":[1,0,11]}
[17:55:59] < {"r":{"xam":1},"f":[1,0,10]}
[17:55:59] < {"r":{"xvm":10000},"f":[1,0,14]}
[17:55:59] < {"r":{"xfr":10000},"f":[1,0,14]}
[17:55:59] < {"r":{"xjm":20000},"f":[1,0,14]}
[17:55:59] < {"r":{"yam":0},"f":[1,0,10]}
[17:55:59] < {"r":{"zam":1},"f":[1,0,10]}
[17:55:59] < {"r":{"zvm":850},"f":[1,0,12]}
[17:55:59] < {"r":{"zfr":850},"f":[1,0,12]}
[17:55:59] < {"r":{"zjm":5000},"f":[1,0,13]}
[17:55:59] < {"r":{"aam":1},"f":[1,0,10]}
[17:55:59] < {"r":{"avm":10000},"f":[1,0,14]}
[17:55:59] < {"r":{"afr":10000},"f":[1,0,14]}
[17:55:59] < {"r":{"ajm":10000},"f":[1,0,14]}
[17:55:59] < {"r":{"di8mo":-1},"f":[1,0,13]}
[17:55:59] < {"r":{"xhi":0},"f":[1,0,10]}
[17:55:59] < {"r":{"yhi":0},"f":[1,0,10]}
[17:55:59] < {"r":{"zhi":0},"f":[1,0,10]}
[17:55:59] < {"r":{"bhi":0},"f":[1,0,10]}
[17:55:59] < {"r":{"chi":0},"f":[1,0,10]}
[17:55:59] < {"r":{"di1mo":1},"f":[1,0,12]}
[17:55:59] < {"r":{"di1ac":0},"f":[1,0,12]}
[17:55:59] < {"r":{"di1fn":0},"f":[1,0,12]}
[17:55:59] < {"r":{"ahi":1},"f":[1,0,10]}
[17:55:59] < {"r":{"ahd":1},"f":[1,0,10]}
[17:55:59] < {"r":{"asv":2000},"f":[1,0,13]}
[17:55:59] < {"r":{"alv":500.00},"f":[1,0,12]}
[17:55:59] < {"r":{"alb":20.000},"f":[1,0,11]}
[17:55:59] < {"r":{"ajh":10000},"f":[1,0,14]}
[17:55:59] < {"r":{"di2mo":0},"f":[1,0,12]}
[17:55:59] < {"r":{"di2ac":0},"f":[1,0,12]}
[17:55:59] < {"r":{"di2fn":0},"f":[1,0,12]}
[17:55:59] < {"r":{"zhi":2},"f":[1,0,10]}
[17:55:59] < {"r":{"zhd":0},"f":[1,0,10]}
[17:55:59] < {"r":{"zsv":500},"f":[1,0,12]}
[17:55:59] < {"r":{"zlv":50.00},"f":[1,0,11]}
[17:55:59] < {"r":{"zlb":1.000},"f":[1,0,10]}
[17:55:59] < {"r":{"ajh":10000},"f":[1,0,14]}
[17:55:59] < {"r":{"sl":1},"f":[1,0,9]}
[17:55:59] < {"r":{"atm":3600.000},"f":[1,0,13]}
[17:55:59] < {"r":{"atn":-3600.000},"f":[1,0,14]}
[17:55:59] < {"r":{"xtm":90000.000},"f":[1,0,14]}
[17:55:59] < {"r":{"xtn":-90000.000},"f":[1,0,15]}
[17:55:59] < {"r":{"ztm":5.000},"f":[1,0,10]}
[17:55:59] < {"r":{"ztn":-19.000},"f":[1,0,12]}
[17:55:59] < {"r":{"azb":0.000},"f":[1,0,10]}
[17:55:59] < {"r":{"zzb":12.000},"f":[1,0,11]}
[17:55:59] < [ej]  enable json mode            0 [0=text,1=JSON]
[17:55:59] < tinyg [mm] ok> 
[17:55:59] < line:0,posx:0.000,posy:0.000,posz:0.000,posa:0.000,feed:0.00,vel:0.00,unit:1,coor:1,dist:0,admo:1,frmo:1,momo:4,stat:1


