[16:50:22] Starting Log file for session: 2020724-165022

[16:50:03] Terminal ready... 
[16:50:03] Log file started 
[16:50:03] Please choose a Serial port to connect to... 
[16:50:06] Connected to Serial on port COM6
[16:50:06] < {"r":{"fv":0.98,"fb":86.03,"hp":3,"hv":0,"id":"0213-0215-0515","msg":"SYSTEM READY"},"f":[1,0,1]}
[16:50:06] < [ej]  enable json mode            0 [0=text,1=JSON]
[16:50:06] < tinyg [mm] ok> 
[16:50:08] Homing axis: z
[16:50:08] > G28.2 Z0
[16:50:08] < tinyg [mm] ok> 
[16:50:08] < line:0,posx:0.000,posy:0.000,posz:-2.134,posa:0.000,feed:799.99,vel:799.99,unit:1,coor:0,dist:1,admo:1,frmo:1,momo:1,stat:9
[16:50:08] Homing: false | Homed: false[16:50:08] < posz:-5.489
[16:50:09] < posz:-8.824,vel:799.98
[16:50:09] < {"er":{"fb":86.03,"st":203,"msg":"Limit hit [$clear to reset, $lim=0 to override] - input 1"}}
[16:50:09] < {"er":{"fb":86.03,"st":94,"msg":"Planner assertion failure - zero length line in calculate trapezoid"}}
[16:50:09] < {"er":{"fb":86.03,"st":94,"msg":"Planner assertion failure - zero length move in exec_aline"}}
[16:50:09] < posz:-10.000,vel:5.79,stat:2
[16:50:09] < posz:-7.644,vel:799.99
[16:50:09] < posz:-4.305
[16:50:10] < posz:-0.985
[16:50:10] < posz:1.270,vel:1.12
[16:50:10] < posz:-0.025,vel:799.99
[16:50:10] < posz:-3.360
[16:50:11] < posz:-6.715
[16:50:11] < posz:-8.730,vel:0.00
[16:50:11] < posz:-8.363,feed:100.00,vel:100.00
[16:50:11] < posz:-7.946
[16:50:12] < posz:-7.531
[16:50:12] < posz:-7.111
[16:50:12] < posz:-6.694
[16:50:12] < posz:-6.276
[16:50:13] < posz:-5.859
[16:50:13] < posz:-5.441
[16:50:13] < posz:-5.026
[16:50:13] < posz:-4.607
[16:50:14] < posz:-4.189
[16:50:14] < posz:-3.772
[16:50:14] < posz:-3.354
[16:50:14] < posz:-2.937
[16:50:15] < posz:-2.520
[16:50:15] < posz:-2.102
[16:50:15] < posz:-1.685
[16:50:15] < posz:-1.267
[16:50:16] < posz:-0.850
[16:50:16] < posz:-0.435
[16:50:16] < posz:-0.016,vel:90.25
[16:50:16] < posz:-0.744,feed:799.99,vel:690.47
[16:50:17] < posz:0.000,feed:0.00,vel:0.00,coor:1,dist:0,momo:4,stat:3
[16:50:17] Homing: false | Homed: false[16:50:17] Loading file...
[16:50:19] File to load: C:\Github\MaterialProfiles\3D_POC\data\3D_INIT.json
[16:50:19] Loading File... 
[16:50:19] JSON Loaded... 
[16:50:19] Dumping init file... 
[16:50:19] < {"r":{"tinygmo":null},"f":[1,100,26]}
[16:50:19] < {"r":{"baud":null},"f":[1,100,11]}
[16:50:19] < {r:{js:0},f:[1,0,9]}
[16:50:19] Homing: false | Homed: false[16:50:19] < {r:{gpa:0},f:[1,0,10]}
[16:50:19] Homing: false | Homed: false[16:50:19] < {r:{gun:1},f:[1,0,10]}
[16:50:19] Homing: false | Homed: false[16:50:19] < {r:{ja:0.00},f:[1,0,9]}
[16:50:19] Homing: false | Homed: false[16:50:19] < {r:{si:250},f:[1,0,11]}
[16:50:19] Homing: false | Homed: false[16:50:19] < {r:{jv:5},f:[1,0,9]}
[16:50:19] Homing: false | Homed: false[16:50:19] < {r:{mt:0},f:[1,0,11]}
[16:50:19] Homing: false | Homed: false[16:50:19] < {r:{st:null},f:[1,100,9]}
[16:50:19] Homing: false | Homed: false[16:50:19] < {r:{motorma:null},f:[1,100,20]}
[16:50:19] Homing: false | Homed: false[16:50:19] < {r:{1ma:5},f:[1,0,10]}
[16:50:19] Homing: false | Homed: false[16:50:19] < {r:{2ma:0},f:[1,0,10]}
[16:50:19] Homing: false | Homed: false[16:50:19] < {r:{3ma:2},f:[1,0,10]}
[16:50:19] Homing: false | Homed: false[16:50:19] < {r:{4ma:3},f:[1,0,10]}
[16:50:19] Homing: false | Homed: false[16:50:19] < {r:{polarit:null},f:[1,100,18]}
[16:50:19] Homing: false | Homed: false[16:50:19] < {r:{1po:1},f:[1,0,10]}
[16:50:19] Homing: false | Homed: false[16:50:19] < {r:{2po:0},f:[1,0,10]}
[16:50:19] Homing: false | Homed: false[16:50:19] < {r:{3po:1},f:[1,0,10]}
[16:50:19] Homing: false | Homed: false[16:50:19] < {r:{4po:0},f:[1,0,10]}
[16:50:19] Homing: false | Homed: false[16:50:19] < {r:{trvalue:null},f:[1,100,16]}
[16:50:19] Homing: false | Homed: false[16:50:19] < {r:{1tr:60.0000},f:[1,0,11]}
[16:50:19] Homing: false | Homed: false[16:50:19] < {r:{2tr:6.3500},f:[1,0,13]}
[16:50:19] Homing: false | Homed: false[16:50:19] < {r:{3tr:5.0000},f:[1,0,10]}
[16:50:19] Homing: false | Homed: false[16:50:19] < {r:{4tr:60.0000},f:[1,0,11]}
[16:50:19] Homing: false | Homed: false[16:50:19] < {r:{powerse:null},f:[1,100,21]}
[16:50:19] Homing: false | Homed: false[16:50:19] < {r:{1pl:1.000},f:[1,0,10]}
[16:50:19] Homing: false | Homed: false[16:50:19] < {r:{2pl:1.000},f:[1,0,10]}
[16:50:19] Homing: false | Homed: false[16:50:19] < {r:{3pl:0.000},f:[1,0,10]}
[16:50:19] Homing: false | Homed: false[16:50:19] < {r:{4pl:0.000},f:[1,0,10]}
[16:50:19] Homing: false | Homed: false[16:50:19] < {r:{1pm:2},f:[1,0,10]}
[16:50:19] Homing: false | Homed: false[16:50:19] < {r:{2pm:2},f:[1,0,10]}
[16:50:19] Homing: false | Homed: false[16:50:19] < {r:{3pm:2},f:[1,0,10]}
[16:50:19] Homing: false | Homed: false[16:50:19] < {r:{4pm:2},f:[1,0,10]}
[16:50:19] Homing: false | Homed: false[16:50:19] < {r:{motorse:null},f:[1,100,21]}
[16:50:19] Homing: false | Homed: false[16:50:19] < {r:{1mi:16},f:[1,0,11]}
[16:50:19] Homing: false | Homed: false[16:50:19] < {r:{2mi:32},f:[1,0,11]}
[16:50:19] Homing: false | Homed: false[16:50:19] < {r:{3mi:10,msg:"*** WARNING *** Setting non-standard microstep value"},f:[1,0,11]}
[16:50:19] Homing: false | Homed: false[16:50:19] < {r:{4mi:10,msg:"*** WARNING *** Setting non-standard microstep value"},f:[1,0,11]}
[16:50:19] Homing: false | Homed: false[16:50:19] < {r:{1sa:1.800},f:[1,0,12]}
[16:50:19] Homing: false | Homed: false[16:50:19] < {r:{2sa:1.800},f:[1,0,12]}
[16:50:19] Homing: false | Homed: false[16:50:19] < {r:{3sa:1.800},f:[1,0,12]}
[16:50:19] Homing: false | Homed: false[16:50:19] < {r:{4sa:1.800},f:[1,0,12]}
[16:50:19] Homing: false | Homed: false[16:50:19] < {r:{axesset:null},f:[1,100,20]}
[16:50:19] Homing: false | Homed: false[16:50:19] < {r:{xam:1},f:[1,0,10]}
[16:50:19] Homing: false | Homed: false[16:50:19] < {r:{xvm:1500},f:[1,0,13]}
[16:50:19] Homing: false | Homed: false[16:50:19] < {r:{xjm:5000},f:[1,0,13]}
[16:50:19] Homing: false | Homed: false[16:50:19] < {r:{xfr:5000},f:[1,0,13]}
[16:50:19] Homing: false | Homed: false[16:50:19] < {r:{xtn:-500.000},f:[1,0,13]}
[16:50:19] Homing: false | Homed: false[16:50:19] < {r:{xtm:0.000},f:[1,0,10]}
[16:50:19] Homing: false | Homed: false[16:50:19] < {r:{yam:0},f:[1,0,10]}
[16:50:19] Homing: false | Homed: false[16:50:19] < {r:{yvm:0},f:[1,0,10]}
[16:50:19] Homing: false | Homed: false[16:50:19] < {r:{yjm:0},f:[1,0,10]}
[16:50:19] Homing: false | Homed: false[16:50:19] < {r:{yfr:0},f:[1,0,10]}
[16:50:19] Homing: false | Homed: false[16:50:19] < {r:{zam:1},f:[1,0,10]}
[16:50:19] Homing: false | Homed: false[16:50:19] < {r:{zvm:3750},f:[1,0,13]}
[16:50:19] Homing: false | Homed: false[16:50:19] < {r:{zjm:5000},f:[1,0,13]}
[16:50:19] Homing: false | Homed: false[16:50:19] < {r:{zfr:3750},f:[1,0,13]}
[16:50:19] Homing: false | Homed: false[16:50:19] < {r:{ztn:-100.000},f:[1,0,13]}
[16:50:19] Homing: false | Homed: false[16:50:19] < {r:{ztm:2.000},f:[1,0,10]}
[16:50:19] Homing: false | Homed: false[16:50:19] < {r:{aam:1},f:[1,0,10]}
[16:50:19] Homing: false | Homed: false[16:50:19] < {r:{avm:20000},f:[1,0,14]}
[16:50:19] Homing: false | Homed: false[16:50:20] < {r:{ajm:10000},f:[1,0,14]}
[16:50:20] Homing: false | Homed: false[16:50:20] < {r:{afr:15000},f:[1,0,14]}
[16:50:20] Homing: false | Homed: false[16:50:20] < {r:{atn:-3600.000},f:[1,0,14]}
[16:50:20] Homing: false | Homed: false[16:50:20] < {r:{atm:3600.000},f:[1,0,13]}
[16:50:20] Homing: false | Homed: false[16:50:20] < {r:{cam:1},f:[1,0,10]}
[16:50:20] Homing: false | Homed: false[16:50:20] < {r:{cvm:10000},f:[1,0,14]}
[16:50:20] Homing: false | Homed: false[16:50:20] < {r:{cjm:5000},f:[1,0,13]}
[16:50:20] Homing: false | Homed: false[16:50:20] < {r:{cfr:10000},f:[1,0,14]}
[16:50:20] Homing: false | Homed: false[16:50:20] < {r:{ctn:-3600.000},f:[1,0,14]}
[16:50:20] Homing: false | Homed: false[16:50:20] < {r:{ctm:3600.000},f:[1,0,13]}
[16:50:20] Homing: false | Homed: false[16:50:20] < {r:{limitsw:null},f:[1,100,21]}
[16:50:20] Homing: false | Homed: false[16:50:20] < {r:{sl:1},f:[1,0,9]}
[16:50:20] Homing: false | Homed: false[16:50:20] < {r:{xsn:null},f:[1,100,10]}
[16:50:20] Homing: false | Homed: false[16:50:20] < {r:{ahi:1},f:[1,0,10]}
[16:50:20] Homing: false | Homed: false[16:50:20] < {r:{di1mo:1},f:[1,0,12]}
[16:50:20] Homing: false | Homed: false[16:50:20] < {r:{di1ac:0},f:[1,0,12]}
[16:50:20] Homing: false | Homed: false[16:50:20] < {r:{di1fn:0},f:[1,0,12]}
[16:50:20] Homing: false | Homed: false[16:50:20] < {r:{xsx:null},f:[1,100,10]}
[16:50:20] Homing: false | Homed: false[16:50:20] < {r:{xhi:2},f:[1,0,10]}
[16:50:20] Homing: false | Homed: false[16:50:20] < {r:{di2mo:0},f:[1,0,12]}
[16:50:20] Homing: false | Homed: false[16:50:20] < {r:{di2ac:0},f:[1,0,12]}
[16:50:20] Homing: false | Homed: false[16:50:20] < {r:{di2fn:0},f:[1,0,12]}
[16:50:20] Homing: false | Homed: false[16:50:20] < {r:{ysn:null},f:[1,100,10]}
[16:50:20] Homing: false | Homed: false[16:50:20] < {r:{yhi:0},f:[1,0,10]}
[16:50:20] Homing: false | Homed: false[16:50:20] < {r:{di3mo:-1},f:[1,0,13]}
[16:50:20] Homing: false | Homed: false[16:50:20] < {r:{di3ac:0},f:[1,0,12]}
[16:50:20] Homing: false | Homed: false[16:50:20] < {r:{di3fn:0},f:[1,0,12]}
[16:50:20] Homing: false | Homed: false[16:50:20] < {r:{ysx:null},f:[1,100,10]}
[16:50:20] Homing: false | Homed: false[16:50:20] < {r:{di4mo:-1},f:[1,0,13]}
[16:50:20] Homing: false | Homed: false[16:50:20] < {r:{di4ac:0},f:[1,0,12]}
[16:50:20] Homing: false | Homed: false[16:50:20] < {r:{di4fn:0},f:[1,0,12]}
[16:50:20] Homing: false | Homed: false[16:50:20] < {r:{zsn:null},f:[1,100,10]}
[16:50:20] Homing: false | Homed: false[16:50:20] < {r:{zhi:5},f:[1,0,10]}
[16:50:20] Homing: false | Homed: false[16:50:20] < {r:{di5mo:0},f:[1,0,12]}
[16:50:20] Homing: false | Homed: false[16:50:20] < {r:{di5ac:0},f:[1,0,12]}
[16:50:20] Homing: false | Homed: false[16:50:20] < {r:{di5fn:0},f:[1,0,12]}
[16:50:20] Homing: false | Homed: false[16:50:20] < {r:{zsx:null},f:[1,100,10]}
[16:50:20] Homing: false | Homed: false[16:50:20] < {r:{di6mo:-1},f:[1,0,13]}
[16:50:20] Homing: false | Homed: false[16:50:20] < {r:{di6ac:0},f:[1,0,12]}
[16:50:20] Homing: false | Homed: false[16:50:20] < {r:{di6fn:0},f:[1,0,12]}
[16:50:20] Homing: false | Homed: false[16:50:20] < {r:{asn:null},f:[1,100,10]}
[16:50:20] Homing: false | Homed: false[16:50:20] < {r:{di7mo:-1},f:[1,0,13]}
[16:50:20] Homing: false | Homed: false[16:50:20] < {r:{di7ac:0},f:[1,0,12]}
[16:50:20] Homing: false | Homed: false[16:50:20] < {r:{di7fn:0},f:[1,0,12]}
[16:50:20] Homing: false | Homed: false[16:50:20] < {r:{asx:null},f:[1,100,10]}
[16:50:20] Homing: false | Homed: false[16:50:20] < {r:{di8mo:-1},f:[1,0,13]}
[16:50:20] Homing: false | Homed: false[16:50:20] < {r:{di8ac:0},f:[1,0,12]}
[16:50:20] Homing: false | Homed: false[16:50:20] < {r:{di8fn:0},f:[1,0,12]}
[16:50:20] Homing: false | Homed: false[16:50:20] < {r:{di9mo:-1},f:[1,0,13]}
[16:50:20] Homing: false | Homed: false[16:50:20] < {r:{di9ac:0},f:[1,0,12]}
[16:50:20] Homing: false | Homed: false[16:50:20] < {r:{di9fn:0},f:[1,0,12]}
[16:50:20] Homing: false | Homed: false[16:50:20] < {r:{homingc:null},f:[1,100,20]}
[16:50:20] Homing: false | Homed: false[16:50:20] < {r:{st:null},f:[1,100,9]}
[16:50:20] Homing: false | Homed: false[16:50:20] < {r:{xhd:1},f:[1,0,10]}
[16:50:20] Homing: false | Homed: false[16:50:20] < {r:{xsv:1000},f:[1,0,13]}
[16:50:20] Homing: false | Homed: false[16:50:20] < {r:{xlv:100.00},f:[1,0,12]}
[16:50:20] Homing: false | Homed: false[16:50:20] < {r:{xlb:5.000},f:[1,0,10]}
[16:50:20] Homing: false | Homed: false[16:50:20] < {r:{xzb:2.000},f:[1,0,10]}
[16:50:20] Homing: false | Homed: false[16:50:20] < {r:{xjh:10000},f:[1,0,14]}
[16:50:20] Homing: false | Homed: false[16:50:20] < {r:{zhd:0},f:[1,0,10]}
[16:50:20] Homing: false | Homed: false[16:50:20] < {r:{zsv:1000},f:[1,0,13]}
[16:50:20] Homing: false | Homed: false[16:50:20] < {r:{zlv:100.00},f:[1,0,12]}
[16:50:20] Homing: false | Homed: false[16:50:20] < {r:{zlb:5.000},f:[1,0,10]}
[16:50:20] Homing: false | Homed: false[16:50:20] < {r:{zzb:50.305},f:[1,0,15]}
[16:50:20] Homing: false | Homed: false[16:50:20] < {r:{zjh:10000},f:[1,0,14]}
[16:50:20] Homing: false | Homed: false[16:50:20] < {r:{ahd:1},f:[1,0,10]}
[16:50:20] Homing: false | Homed: false[16:50:20] < {r:{asv:5000},f:[1,0,13]}
[16:50:20] Homing: false | Homed: false[16:50:20] < {r:{alv:500.00},f:[1,0,12]}
[16:50:20] Homing: false | Homed: false[16:50:20] < {r:{alb:20.000},f:[1,0,11]}
[16:50:20] Homing: false | Homed: false[16:50:20] < {r:{azb:0.000},f:[1,0,10]}
[16:50:20] Homing: false | Homed: false[16:50:20] < {r:{ajh:10000},f:[1,0,14]}
[16:50:20] Homing: false | Homed: false[16:50:20] < [ej]  enable json mode            0 [0=text,1=JSON]
[16:50:20] < tinyg [mm] ok> 
[16:50:20] < stat:3


