[11:46:37] Starting Log file for session: 2020108-114637

[11:45:21] Terminal ready... 
[11:45:21] Log file started 
[11:45:21] Please choose a Serial port to connect to... 
[11:45:26] Connected to Serial on port COM6
[11:45:26] < {"r":{"fv":0.98,"fb":86.03,"hp":3,"hv":0,"id":"0213-0215-0515","msg":"SYSTEM READY"},"f":[1,0,1]}
[11:45:26] < [ej]  enable json mode            0 [0=text,1=JSON]
[11:45:26] < tinyg [mm] ok> 
[11:45:27] Loading file...
[11:45:32] No file selected
[11:45:48] Loading file...
[11:45:52] File to load: C:\Users\Oscar\Desktop\init.json
[11:45:52] Loading File... 
[11:45:52] JSON Loaded... 
[11:45:53] Dumping init file... 
[11:45:53] < {"r":{"js":1},"f":[1,0,9]}
[11:45:53] < {"r":{"gpa":1},"f":[1,0,10]}
[11:45:53] < {"r":{"gun":1},"f":[1,0,10]}
[11:45:53] < {"r":{"ja":0.20},"f":[1,0,11]}
[11:45:53] < {"r":{"si":200},"f":[1,0,11]}
[11:45:53] < {"r":{"jv":5},"f":[1,0,9]}
[11:45:53] < {"r":{"mt":1},"f":[1,0,9]}
[11:45:53] < {"r":{"1ma":1},"f":[1,0,10]}
[11:45:53] < {"r":{"2ma":2},"f":[1,0,10]}
[11:45:53] < {"r":{"3ma":0},"f":[1,0,10]}
[11:45:53] < {"r":{"4ma":3},"f":[1,0,10]}
[11:45:53] < {"r":{"1po":0},"f":[1,0,10]}
[11:45:53] < {"r":{"2po":0},"f":[1,0,10]}
[11:45:53] < {"r":{"3po":1},"f":[1,0,10]}
[11:45:53] < {"r":{"4po":1},"f":[1,0,10]}
[11:45:53] < {"r":{"2tr":1.2500},"f":[1,0,13]}
[11:45:53] < {"r":{"3tr":15.9593},"f":[1,0,26]}
[11:45:53] < {"r":{"4tr":9.2000},"f":[1,0,12]}
[11:45:53] < {"r":{"1pl":0.000},"f":[1,0,10]}
[11:45:53] < {"r":{"2pl":1.000},"f":[1,0,10]}
[11:45:53] < {"r":{"3pl":0.000},"f":[1,0,10]}
[11:45:53] < {"r":{"4pl":0.000},"f":[1,0,10]}
[11:45:53] < {"r":{"1pm":0},"f":[1,0,10]}
[11:45:53] < {"r":{"2pm":2},"f":[1,0,10]}
[11:45:53] < {"r":{"3pm":1},"f":[1,0,10]}
[11:45:53] < {"r":{"4pm":1},"f":[1,0,10]}
[11:45:53] < {"r":{"2sa":1.800},"f":[1,0,12]}
[11:45:53] < {"r":{"3sa":1.800},"f":[1,0,12]}
[11:45:53] < {"r":{"4sa":1.800},"f":[1,0,12]}
[11:45:53] < {"r":{"2mi":8},"f":[1,0,10]}
[11:45:53] < {"r":{"3mi":10,"msg":"*** WARNING *** Setting non-standard microstep value"},"f":[1,0,11]}
[11:45:53] < {"r":{"4mi":10,"msg":"*** WARNING *** Setting non-standard microstep value"},"f":[1,0,11]}
[11:45:53] < {"r":{"xam":1},"f":[1,0,10]}
[11:45:53] < {"r":{"xvm":10000},"f":[1,0,14]}
[11:45:53] < {"r":{"xfr":10000},"f":[1,0,14]}
[11:45:53] < {"r":{"xjm":20000},"f":[1,0,14]}
[11:45:53] < {"r":{"yam":0},"f":[1,0,10]}
[11:45:53] < {"r":{"zam":1},"f":[1,0,10]}
[11:45:53] < {"r":{"zvm":850},"f":[1,0,12]}
[11:45:53] < {"r":{"zfr":850},"f":[1,0,12]}
[11:45:53] < {"r":{"zjm":5000},"f":[1,0,13]}
[11:45:53] < {"r":{"aam":1},"f":[1,0,10]}
[11:45:53] < {"r":{"avm":10000},"f":[1,0,14]}
[11:45:53] < {"r":{"afr":10000},"f":[1,0,14]}
[11:45:53] < {"r":{"ajm":10000},"f":[1,0,14]}
[11:45:53] < {"r":{"di8mo":-1},"f":[1,0,13]}
[11:45:53] < {"r":{"xhi":0},"f":[1,0,10]}
[11:45:53] < {"r":{"yhi":0},"f":[1,0,10]}
[11:45:53] < {"r":{"zhi":0},"f":[1,0,10]}
[11:45:53] < {"r":{"bhi":0},"f":[1,0,10]}
[11:45:53] < {"r":{"chi":0},"f":[1,0,10]}
[11:45:53] < {"r":{"di1mo":1},"f":[1,0,12]}
[11:45:53] < {"r":{"di1ac":0},"f":[1,0,12]}
[11:45:53] < {"r":{"di1fn":0},"f":[1,0,12]}
[11:45:53] < {"r":{"ahi":1},"f":[1,0,10]}
[11:45:53] < {"r":{"ahd":1},"f":[1,0,10]}
[11:45:53] < {"r":{"asv":2000},"f":[1,0,13]}
[11:45:53] < {"r":{"alv":500.00},"f":[1,0,12]}
[11:45:53] < {"r":{"alb":20.000},"f":[1,0,11]}
[11:45:53] < {"r":{"ajh":10000},"f":[1,0,14]}
[11:45:53] < {"r":{"di2mo":0},"f":[1,0,12]}
[11:45:53] < {"r":{"di2ac":0},"f":[1,0,12]}
[11:45:53] < {"r":{"di2fn":0},"f":[1,0,12]}
[11:45:53] < {"r":{"zhi":2},"f":[1,0,10]}
[11:45:53] < {"r":{"zhd":0},"f":[1,0,10]}
[11:45:53] < {"r":{"zsv":500},"f":[1,0,12]}
[11:45:53] < {"r":{"zlv":50.00},"f":[1,0,11]}
[11:45:53] < {"r":{"zlb":1.000},"f":[1,0,10]}
[11:45:53] < {"r":{"ajh":10000},"f":[1,0,14]}
[11:45:53] < {"r":{"sl":1},"f":[1,0,9]}
[11:45:53] < {"r":{"atm":3600.000},"f":[1,0,13]}
[11:45:53] < {"r":{"atn":-3600.000},"f":[1,0,14]}
[11:45:53] < {"r":{"xtm":90000.000},"f":[1,0,14]}
[11:45:53] < {"r":{"xtn":-90000.000},"f":[1,0,15]}
[11:45:53] < {"r":{"ztm":5.000},"f":[1,0,10]}
[11:45:53] < {"r":{"ztn":-19.000},"f":[1,0,12]}
[11:45:53] < {"r":{"azb":0.000},"f":[1,0,10]}
[11:45:53] < {"r":{"zzb":15.000},"f":[1,0,11]}
[11:45:53] < [ej]  enable json mode            0 [0=text,1=JSON]
[11:45:53] < tinyg [mm] ok> 
[11:45:53] < line:0,posx:0.000,posy:0.000,posz:0.000,posa:0.000,feed:0.00,vel:0.00,unit:1,coor:1,dist:0,admo:1,frmo:1,momo:4,stat:1
[11:46:03] > g28.3a0
[11:46:03] < tinyg [mm] ok> 
[11:46:26] > g91 g0 a-5
[11:46:26] < tinyg [mm] ok> 
[11:46:26] < posa:-5.000,dist:1,momo:0,stat:3
[11:46:26] Machine is homed. 
[11:46:28] > g91 g0 a-5
[11:46:28] < tinyg [mm] ok> 
[11:46:28] < posa:-10.000,stat:3
[11:46:28] Machine is homed. 
[11:46:28] > g91 g0 a-5
[11:46:28] < tinyg [mm] ok> 
[11:46:28] < posa:-15.000,stat:3
[11:46:28] Machine is homed. 
[11:46:29] > g91 g0 a-5
[11:46:29] < tinyg [mm] ok> 
[11:46:29] < posa:-20.000,stat:3
[11:46:29] Machine is homed. 
[11:46:29] > g91 g0 a-5
[11:46:29] < tinyg [mm] ok> 
[11:46:29] < posa:-25.000,stat:3
[11:46:29] Machine is homed. 
[11:46:31] > g91 g0 a-5
[11:46:31] < tinyg [mm] ok> 
[11:46:31] < posa:-30.000,stat:3
[11:46:31] Machine is homed. 
[11:46:36] > g28.3 a0
[11:46:36] < tinyg [mm] ok> 


