[17:20:52] Starting Log file for session: 20201013-172052

[17:11:04] Terminal cleared and ready...
[17:11:37] > g91 g1 z20
[17:11:37] < tinyg [mm] ok> 
[17:11:38] < posz:5.319,vel:100.00,dist:1,stat:5
[17:11:38] < posz:5.654
[17:11:38] < posz:5.989
[17:11:38] < posz:6.322
[17:11:38] < posz:6.657
[17:11:39] < posz:6.994
[17:11:39] < posz:7.329
[17:11:39] < posz:7.662
[17:11:39] < posz:7.996
[17:11:39] < posz:8.334
[17:11:40] < posz:8.669
[17:11:40] < posz:9.001
[17:11:40] < posz:9.336
[17:11:40] < posz:9.674
[17:11:41] < posz:10.009
[17:11:41] < posz:10.344
[17:11:41] < posz:10.676
[17:11:41] < posz:11.013
[17:11:41] < posz:11.348
[17:11:42] < posz:11.681
[17:11:42] < posz:12.016
[17:11:42] < posz:12.351
[17:11:42] < posz:12.683
[17:11:42] < posz:13.018
[17:11:43] < posz:13.351
[17:11:43] < posz:13.686
[17:11:43] < posz:14.018
[17:11:43] < posz:14.353
[17:11:43] < posz:14.685
[17:11:44] < posz:15.020
[17:11:44] < posz:15.353
[17:11:44] < posz:15.688
[17:11:44] < posz:16.020
[17:11:44] < posz:16.355
[17:11:45] < posz:16.688
[17:11:45] < posz:17.023
[17:11:45] < posz:17.355
[17:11:45] < posz:17.691
[17:11:45] < posz:18.023
[17:11:46] < posz:18.358
[17:11:46] < posz:18.691
[17:11:46] < posz:19.026
[17:11:46] < posz:19.358
[17:11:46] < posz:19.693
[17:11:47] < posz:20.026
[17:11:47] < posz:20.361
[17:11:47] < posz:20.694
[17:11:47] < posz:21.029
[17:11:47] < posz:21.366
[17:11:48] < posz:21.701
[17:11:48] < posz:22.034
[17:11:48] < posz:22.369
[17:11:48] < posz:22.702
[17:11:48] < posz:23.037
[17:11:49] < posz:23.369
[17:11:49] < posz:23.704
[17:11:49] < posz:24.042
[17:11:49] < posz:24.377
[17:11:49] < posz:24.710
[17:11:50] < posz:25.000,vel:0.00,stat:3
[17:11:50] Machine is homed. 
[17:12:04] > g91 g1 z1
[17:12:04] < tinyg [mm] ok> 
[17:12:04] < posz:25.319,vel:100.00,stat:5
[17:12:04] < posz:25.654
[17:12:04] < posz:25.988,vel:98.96
[17:12:05] < posz:26.000,vel:0.00,stat:3
[17:12:05] Machine is homed. 
[17:12:09] > g91 g1 z0.1
[17:12:09] < tinyg [mm] ok> 
[17:12:09] < posz:26.100,stat:3
[17:12:09] Machine is homed. 
[17:12:09] > g91 g1 z0.1
[17:12:09] < tinyg [mm] ok> 
[17:12:10] < posz:26.200,stat:3
[17:12:10] Machine is homed. 
[17:12:11] > g91 g1 z0.1
[17:12:11] < tinyg [mm] ok> 
[17:12:11] < posz:26.300,stat:3
[17:12:11] Machine is homed. 
[17:12:13] > g91 g1 z0.1
[17:12:13] < tinyg [mm] ok> 
[17:12:14] < posz:26.400,stat:3
[17:12:14] Machine is homed. 
[17:12:14] > g91 g1 z0.1
[17:12:14] < tinyg [mm] ok> 
[17:12:14] < posz:26.500,stat:3
[17:12:14] Machine is homed. 
[17:12:15] > g91 g1 z0.1
[17:12:15] < tinyg [mm] ok> 
[17:12:15] < posz:26.600,stat:3
[17:12:15] Machine is homed. 
[17:12:16] > g91 g1 z0.1
[17:12:16] < tinyg [mm] ok> 
[17:12:17] < posz:26.700,stat:3
[17:12:17] Machine is homed. 
[17:12:17] > g91 g1 z0.1
[17:12:17] < tinyg [mm] ok> 
[17:12:18] < posz:26.800,stat:3
[17:12:18] Machine is homed. 
[17:12:22] > g91 g1 z0.1
[17:12:22] < tinyg [mm] ok> 
[17:12:22] < posz:26.900,stat:3
[17:12:22] Machine is homed. 
[17:12:30] > g91 g1 z1
[17:12:30] < tinyg [mm] ok> 
[17:12:30] < posz:27.219,vel:100.00,stat:5
[17:12:30] < posz:27.554
[17:12:30] < posz:27.888,vel:98.96
[17:12:30] < posz:27.900,vel:0.00,stat:3
[17:12:30] Machine is homed. 
[17:12:31] > 
[17:12:33] > g91 g1 z1
[17:12:33] < tinyg [mm] ok> 
[17:12:33] < posz:28.219,vel:100.00,stat:5
[17:12:33] < posz:28.554
[17:12:33] < posz:28.888,vel:98.96
[17:12:34] < posz:28.900,vel:0.00,stat:3
[17:12:34] Machine is homed. 
[17:12:34] > 
[17:12:35] > 
[17:12:48] Resuming script: ~
[17:13:06] Halt and flush: !%
[17:13:06] < tinyg [mm] ok> 
[17:13:07] Resuming script: ~
[17:13:07] > ~
[17:13:10] > g91 g1 z1
[17:13:10] < tinyg [mm] ok> 
[17:13:10] < posz:29.219,vel:100.00,stat:5
[17:13:10] < posz:29.554
[17:13:11] < posz:29.888,vel:98.96
[17:13:11] < posz:29.900,vel:0.00,stat:3
[17:13:11] Machine is homed. 
[17:13:11] > g91 g1 z1
[17:13:11] < tinyg [mm] ok> 
[17:13:12] < posz:30.219,vel:100.00,stat:5
[17:13:12] < posz:30.554
[17:13:12] < posz:30.888,vel:98.96
[17:13:12] < posz:30.900,vel:0.00,stat:3
[17:13:12] Machine is homed. 
[17:13:13] > g91 g1 z1
[17:13:13] < tinyg [mm] ok> 
[17:13:14] < posz:31.219,vel:100.00,stat:5
[17:13:14] < posz:31.554
[17:13:14] < posz:31.888,vel:98.96
[17:13:14] < posz:31.900,vel:0.00,stat:3
[17:13:14] Machine is homed. 
[17:13:15] > g91 g1 z1
[17:13:15] < tinyg [mm] ok> 
[17:13:15] < posz:32.219,vel:100.00,stat:5
[17:13:15] < posz:32.553
[17:13:16] < posz:32.888,vel:98.96
[17:13:16] < posz:32.900,vel:0.00,stat:3
[17:13:16] Machine is homed. 
[17:13:17] > g91 g1 z1
[17:13:17] < tinyg [mm] ok> 
[17:13:17] < posz:33.219,vel:100.00,stat:5
[17:13:17] < posz:33.553
[17:13:18] < posz:33.888,vel:98.96
[17:13:18] < posz:33.900,vel:0.00,stat:3
[17:13:18] Machine is homed. 
[17:18:24] > $posz
[17:18:24] TinyG Command received 
[17:18:24] < Z position:         33.900 mm
[17:18:24] < tinyg [mm] ok> 
[17:18:37] > g91 g0 z-15
[17:18:37] < tinyg [mm] ok> 
[17:18:38] < posz:31.463,vel:850.00,momo:0,stat:5
[17:18:38] < posz:28.618
[17:18:38] < posz:25.774
[17:18:38] < posz:22.951
[17:18:38] < posz:20.106
[17:18:39] < posz:18.900,vel:0.00,stat:3
[17:18:39] Machine is homed. 
[17:18:47] > g91 g1 z-15
[17:18:47] < tinyg [mm] ok> 
[17:18:47] < posz:18.580,vel:100.00,momo:1,stat:5
[17:18:47] < posz:18.245
[17:18:47] < posz:17.910
[17:18:47] < posz:17.578
[17:18:48] < posz:17.243
[17:18:48] < posz:16.905
[17:18:48] < posz:16.570
[17:18:48] < posz:16.237
[17:18:48] < posz:15.902
[17:18:49] < posz:15.565
[17:18:49] < posz:15.230
[17:18:49] < posz:14.898
[17:18:49] < posz:14.563
[17:18:49] < posz:14.225
[17:18:50] < posz:13.890
[17:18:50] < posz:13.558
[17:18:50] < posz:13.223
[17:18:50] < posz:12.885
[17:18:50] < posz:12.550
[17:18:51] < posz:12.218
[17:18:51] < posz:11.883
[17:18:51] < posz:11.548
[17:18:51] < posz:11.216
[17:18:51] < posz:10.881
[17:18:52] < posz:10.548
[17:18:52] < posz:10.213
[17:18:52] < posz:9.881
[17:18:52] < posz:9.546
[17:18:52] < posz:9.214
[17:18:53] < posz:8.879
[17:18:53] < posz:8.546
[17:18:53] < posz:8.211
[17:18:53] < posz:7.879
[17:18:53] < posz:7.544
[17:18:54] < posz:7.211
[17:18:54] < posz:6.876
[17:18:54] < posz:6.544
[17:18:54] < posz:6.209
[17:18:54] < posz:5.877
[17:18:55] < posz:5.542
[17:18:55] < posz:5.209
[17:18:55] < posz:4.874
[17:18:55] < posz:4.542
[17:18:55] < posz:4.207
[17:18:56] < posz:3.900,vel:0.00,stat:3
[17:18:56] Machine is homed. 
[17:19:02] > g91 g1 z-12
[17:19:02] < tinyg [mm] ok> 
[17:19:02] < posz:3.581,vel:100.00,stat:5
[17:19:03] < posz:3.246
[17:19:03] < posz:2.911
[17:19:03] < posz:2.578
[17:19:03] < posz:2.243
[17:19:03] < posz:1.906
[17:19:04] < posz:1.571
[17:19:04] < posz:1.238
[17:19:04] < posz:0.903
[17:19:04] < posz:0.566
[17:19:04] < posz:0.231
[17:19:05] < posz:-0.101
[17:19:05] < posz:-0.436
[17:19:05] < posz:-0.774
[17:19:05] < posz:-1.109
[17:19:05] < posz:-1.441
[17:19:06] < posz:-1.776
[17:19:06] < posz:-2.114
[17:19:06] < posz:-2.449
[17:19:06] < posz:-2.784
[17:19:06] < posz:-3.116
[17:19:07] < posz:-3.451
[17:19:07] < posz:-3.783
[17:19:07] < posz:-4.118
[17:19:07] < posz:-4.451
[17:19:07] < posz:-4.786
[17:19:08] < posz:-5.118
[17:19:08] < posz:-5.453
[17:19:08] < posz:-5.786
[17:19:08] < posz:-6.120
[17:19:08] < posz:-6.453
[17:19:09] < posz:-6.788
[17:19:09] < posz:-7.120
[17:19:09] < posz:-7.455
[17:19:09] < posz:-7.788
[17:19:09] < posz:-8.100,vel:0.00,stat:3
[17:19:09] Machine is homed. 
[17:19:16] > g28.3 z0
[17:19:16] < tinyg [mm] ok> 
[17:20:46] > $zzb
[17:20:46] TinyG Command received 
[17:20:46] < [zzb] z zero backoff             15.000 mm
[17:20:46] < tinyg [mm] ok> 
[17:20:49] > $zzb=12
[17:20:49] TinyG Command received 
[17:20:49] < [zzb] z zero backoff             12.000 mm
[17:20:49] < tinyg [mm] ok> 


