[12:55:18] Starting Log file for session: 2020811-125518

[12:47:53] Terminal cleared and ready...
[12:48:02] > g91 g1 z5
[12:48:02] < nyg [mm] err[142]: Feedrate not specified: g91 g1 z5 
[12:48:09] > g91 g1 z5 f100
[12:48:09] < tinyg [mm] ok> 
[12:48:09] < posz:0.402,feed:100.00,vel:100.00,dist:1,momo:1,stat:5
[12:48:10] < posz:0.819
[12:48:10] < posz:1.237
[12:48:10] < posz:1.654
[12:48:10] < posz:2.071
[12:48:11] < posz:2.489
[12:48:11] < posz:2.906
[12:48:11] < posz:3.324
[12:48:11] < posz:3.741
[12:48:12] Halt and flush: !%
[12:48:12] < posz:4.158
[12:48:12] < posz:4.190,vel:0.00,stat:3
[12:48:12] Machine is homed. 
[12:48:16] > g91 g1 z-5 f100
[12:48:16] < tinyg [mm] ok> 
[12:48:16] < posz:3.788,vel:100.00,stat:5
[12:48:17] < posz:3.371
[12:48:17] < posz:2.954
[12:48:17] < posz:2.536
[12:48:17] < posz:2.119
[12:48:18] < posz:1.701
[12:48:18] < posz:1.284
[12:48:18] < posz:0.867
[12:48:18] < posz:0.449
[12:48:19] < posz:0.032
[12:48:19] < posz:-0.385
[12:48:19] < posz:-0.802,vel:89.65
[12:48:19] < posz:-0.810,vel:0.00,stat:3
[12:48:19] Machine is homed. 
[12:48:21] > g91 g1 z-5 f100
[12:48:21] < tinyg [mm] ok> 
[12:48:21] < posz:-1.212,vel:100.00,stat:5
[12:48:22] < posz:-1.629
[12:48:22] < posz:-2.046
[12:48:22] < posz:-2.464
[12:48:22] < posz:-2.881
[12:48:23] < posz:-3.298
[12:48:23] < posz:-3.716
[12:48:23] < posz:-4.133
[12:48:23] < posz:-4.551
[12:48:24] < posz:-4.968
[12:48:24] < posz:-5.385
[12:48:24] < posz:-5.802,vel:89.65
[12:48:24] < posz:-5.810,vel:0.00,stat:3
[12:48:24] Machine is homed. 
[12:48:25] > g91 g1 z-5 f100
[12:48:25] < tinyg [mm] ok> 
[12:48:25] < posz:-6.212,vel:100.00,stat:5
[12:48:25] < posz:-6.629
[12:48:26] < posz:-7.046
[12:48:26] < posz:-7.464
[12:48:26] < posz:-7.881
[12:48:26] < posz:-8.298
[12:48:27] < posz:-8.716
[12:48:27] < posz:-9.133
[12:48:27] < posz:-9.551
[12:48:27] < posz:-9.968
[12:48:28] < posz:-10.386
[12:48:28] < posz:-10.802,vel:89.65
[12:48:28] < posz:-10.810,vel:0.00,stat:3
[12:48:28] Machine is homed. 
[12:48:28] > g91 g1 z-5 f100
[12:48:28] < tinyg [mm] ok> 
[12:48:29] < posz:-11.212,vel:100.00,stat:5
[12:48:29] < posz:-11.627
[12:48:29] < posz:-12.046
[12:48:29] < posz:-12.464
[12:48:30] < posz:-12.881
[12:48:30] < posz:-13.299
[12:48:30] < posz:-13.716
[12:48:30] < posz:-14.134
[12:48:31] < posz:-14.551
[12:48:31] < posz:-14.969
[12:48:31] < posz:-15.386
[12:48:31] < posz:-15.802,vel:89.65
[12:48:32] < posz:-15.810,vel:0.00,stat:3
[12:48:32] Machine is homed. 
[12:48:32] > g91 g1 z-5 f100
[12:48:32] < tinyg [mm] ok> 
[12:48:32] < posz:-16.212,vel:100.00,stat:5
[12:48:33] < posz:-16.626
[12:48:33] < posz:-17.046
[12:48:33] < posz:-17.463
[12:48:33] < posz:-17.881
[12:48:34] < posz:-18.298
[12:48:34] < posz:-18.715
[12:48:34] < posz:-19.132
[12:48:34] < posz:-19.550
[12:48:35] < posz:-19.967
[12:48:35] < posz:-20.384
[12:48:35] < posz:-20.802,vel:89.65
[12:48:35] < posz:-20.810,vel:0.00,stat:3
[12:48:35] Machine is homed. 
[12:55:06] Re-Dumping file C:\Github\MaterialProfiles\3D_POC\data\3D_INIT.json ...
[12:55:06] Loading File... 
[12:55:07] JSON Loaded... 
[12:55:07] Dumping init file... 
[12:55:13] Connected to Serial on port COM6
[12:55:13] < {"r":{"fv":0.98,"fb":86.03,"hp":3,"hv":0,"id":"0213-0215-0515","msg":"SYSTEM READY"},"f":[1,0,1]}
[12:55:13] < [ej]  enable json mode            0 [0=text,1=JSON]
[12:55:13] < tinyg [mm] ok> 
[12:55:14] Re-Dumping file C:\Github\MaterialProfiles\3D_POC\data\3D_INIT.json ...
[12:55:14] Loading File... 
[12:55:15] JSON Loaded... 
[12:55:15] Dumping init file... 
[12:55:15] < {"r":{"tinygmo":null},"f":[1,100,26]}
[12:55:15] < {"r":{"baud":null},"f":[1,100,11]}
[12:55:15] < {r:{js:0},f:[1,0,9]}
[12:55:15] < {r:{gpa:0},f:[1,0,10]}
[12:55:15] < {r:{gun:1},f:[1,0,10]}
[12:55:15] < {r:{ja:0.00},f:[1,0,9]}
[12:55:15] < {r:{si:250},f:[1,0,11]}
[12:55:15] < {r:{jv:5},f:[1,0,9]}
[12:55:15] < {r:{mt:0},f:[1,0,11]}
[12:55:15] < {r:{st:null},f:[1,100,9]}
[12:55:15] < {r:{qv:0},f:[1,0,9]}
[12:55:15] < {r:{tv:1},f:[1,0,9]}
[12:55:15] < {r:{sv:1},f:[1,0,9]}
[12:55:15] < {r:{motorma:null},f:[1,100,20]}
[12:55:15] < {r:{1ma:5},f:[1,0,10]}
[12:55:15] < {r:{2ma:0},f:[1,0,10]}
[12:55:15] < {r:{3ma:2},f:[1,0,10]}
[12:55:15] < {r:{4ma:3},f:[1,0,10]}
[12:55:15] < {r:{polarit:null},f:[1,100,18]}
[12:55:15] < {r:{1po:1},f:[1,0,10]}
[12:55:15] < {r:{2po:0},f:[1,0,10]}
[12:55:15] < {r:{3po:1},f:[1,0,10]}
[12:55:15] < {r:{4po:0},f:[1,0,10]}
[12:55:15] < {r:{trvalue:null},f:[1,100,16]}
[12:55:15] < {r:{1tr:60.0000},f:[1,0,11]}
[12:55:15] < {r:{2tr:6.3500},f:[1,0,13]}
[12:55:15] < {r:{3tr:5.0000},f:[1,0,10]}
[12:55:15] < {r:{4tr:60.0000},f:[1,0,11]}
[12:55:15] < {r:{powerse:null},f:[1,100,21]}
[12:55:15] < {r:{1pl:1.000},f:[1,0,10]}
[12:55:15] < {r:{2pl:1.000},f:[1,0,10]}
[12:55:15] < {r:{3pl:0.000},f:[1,0,10]}
[12:55:15] < {r:{4pl:0.000},f:[1,0,10]}
[12:55:15] < {r:{1pm:2},f:[1,0,10]}
[12:55:15] < {r:{2pm:2},f:[1,0,10]}
[12:55:15] < {r:{3pm:2},f:[1,0,10]}
[12:55:15] < {r:{4pm:2},f:[1,0,10]}
[12:55:15] < {r:{motorse:null},f:[1,100,21]}
[12:55:15] < {r:{1mi:16},f:[1,0,11]}
[12:55:15] < {r:{2mi:32},f:[1,0,11]}
[12:55:15] < {r:{3mi:10,msg:"*** WARNING *** Setting non-standard microstep value"},f:[1,0,11]}
[12:55:15] < {r:{4mi:10,msg:"*** WARNING *** Setting non-standard microstep value"},f:[1,0,11]}
[12:55:15] < {r:{1sa:1.800},f:[1,0,12]}
[12:55:15] < {r:{2sa:1.800},f:[1,0,12]}
[12:55:15] < {r:{3sa:1.800},f:[1,0,12]}
[12:55:15] < {r:{4sa:1.800},f:[1,0,12]}
[12:55:15] < {r:{axesset:null},f:[1,100,20]}
[12:55:15] < {r:{xam:1},f:[1,0,10]}
[12:55:15] < {r:{xvm:1500},f:[1,0,13]}
[12:55:15] < {r:{xjm:5000},f:[1,0,13]}
[12:55:15] < {r:{xfr:5000},f:[1,0,13]}
[12:55:15] < {r:{xtn:-500.000},f:[1,0,13]}
[12:55:15] < {r:{xtm:0.000},f:[1,0,10]}
[12:55:15] < {r:{yam:0},f:[1,0,10]}
[12:55:15] < {r:{yvm:0},f:[1,0,10]}
[12:55:15] < {r:{yjm:0},f:[1,0,10]}
[12:55:15] < {r:{yfr:0},f:[1,0,10]}
[12:55:15] < {r:{zam:1},f:[1,0,10]}
[12:55:15] < {r:{zvm:3750},f:[1,0,13]}
[12:55:15] < {r:{zjm:5000},f:[1,0,13]}
[12:55:15] < {r:{zfr:3750},f:[1,0,13]}
[12:55:15] < {r:{ztn:-100.000},f:[1,0,13]}
[12:55:15] < {r:{ztm:2.000},f:[1,0,10]}
[12:55:15] < {r:{aam:1},f:[1,0,10]}
[12:55:15] < {r:{avm:20000},f:[1,0,14]}
[12:55:15] < {r:{ajm:10000},f:[1,0,14]}
[12:55:15] < {r:{afr:15000},f:[1,0,14]}
[12:55:15] < {r:{atn:-3600.000},f:[1,0,14]}
[12:55:15] < {r:{atm:3600.000},f:[1,0,13]}
[12:55:15] < {r:{cam:1},f:[1,0,10]}
[12:55:15] < {r:{cvm:10000},f:[1,0,14]}
[12:55:15] < {r:{cjm:5000},f:[1,0,13]}
[12:55:15] < {r:{cfr:10000},f:[1,0,14]}
[12:55:15] < {r:{ctn:-3600.000},f:[1,0,14]}
[12:55:15] < {r:{ctm:3600.000},f:[1,0,13]}
[12:55:15] < {r:{limitsw:null},f:[1,100,21]}
[12:55:15] < {r:{sl:1},f:[1,0,9]}
[12:55:15] < {r:{xsn:null},f:[1,100,10]}
[12:55:15] < {r:{ahi:1},f:[1,0,10]}
[12:55:15] < {r:{di1mo:1},f:[1,0,12]}
[12:55:15] < {r:{di1ac:0},f:[1,0,12]}
[12:55:15] < {r:{di1fn:0},f:[1,0,12]}
[12:55:15] < {r:{xsx:null},f:[1,100,10]}
[12:55:15] < {r:{xhi:2},f:[1,0,10]}
[12:55:15] < {r:{di2mo:0},f:[1,0,12]}
[12:55:15] < {r:{di2ac:0},f:[1,0,12]}
[12:55:15] < {r:{di2fn:0},f:[1,0,12]}
[12:55:15] < {r:{ysn:null},f:[1,100,10]}
[12:55:15] < {r:{yhi:0},f:[1,0,10]}
[12:55:15] < {r:{di3mo:-1},f:[1,0,13]}
[12:55:15] < {r:{di3ac:0},f:[1,0,12]}
[12:55:15] < {r:{di3fn:0},f:[1,0,12]}
[12:55:15] < {r:{ysx:null},f:[1,100,10]}
[12:55:15] < {r:{di4mo:-1},f:[1,0,13]}
[12:55:15] < {r:{di4ac:0},f:[1,0,12]}
[12:55:15] < {r:{di4fn:0},f:[1,0,12]}
[12:55:15] < {r:{zsn:null},f:[1,100,10]}
[12:55:15] < {r:{zhi:5},f:[1,0,10]}
[12:55:15] < {r:{di5mo:0},f:[1,0,12]}
[12:55:15] < {r:{di5ac:0},f:[1,0,12]}
[12:55:15] < {r:{di5fn:0},f:[1,0,12]}
[12:55:15] < {r:{zsx:null},f:[1,100,10]}
[12:55:15] < {r:{di6mo:-1},f:[1,0,13]}
[12:55:15] < {r:{di6ac:0},f:[1,0,12]}
[12:55:15] < {r:{di6fn:0},f:[1,0,12]}
[12:55:15] < {r:{asn:null},f:[1,100,10]}
[12:55:15] < {r:{di7mo:-1},f:[1,0,13]}
[12:55:15] < {r:{di7ac:0},f:[1,0,12]}
[12:55:15] < {r:{di7fn:0},f:[1,0,12]}
[12:55:15] < {r:{asx:null},f:[1,100,10]}
[12:55:15] < {r:{di8mo:-1},f:[1,0,13]}
[12:55:15] < {r:{di8ac:0},f:[1,0,12]}
[12:55:15] < {r:{di8fn:0},f:[1,0,12]}
[12:55:15] < {r:{di9mo:-1},f:[1,0,13]}
[12:55:15] < {r:{di9ac:0},f:[1,0,12]}
[12:55:15] < {r:{di9fn:0},f:[1,0,12]}
[12:55:15] < {r:{homingc:null},f:[1,100,20]}
[12:55:15] < {r:{st:null},f:[1,100,9]}
[12:55:15] < {r:{xhd:1},f:[1,0,10]}
[12:55:15] < {r:{xsv:1000},f:[1,0,13]}
[12:55:15] < {r:{xlv:100.00},f:[1,0,12]}
[12:55:15] < {r:{xlb:5.000},f:[1,0,10]}
[12:55:15] < {r:{xzb:2.000},f:[1,0,10]}
[12:55:15] < {r:{xjh:10000},f:[1,0,14]}
[12:55:15] < {r:{zhd:0},f:[1,0,10]}
[12:55:15] < {r:{zsv:1000},f:[1,0,13]}
[12:55:15] < {r:{zlv:100.00},f:[1,0,12]}
[12:55:15] < {r:{zlb:5.000},f:[1,0,10]}
[12:55:15] < {r:{zzb:52.100},f:[1,0,13]}
[12:55:15] < {r:{zjh:10000},f:[1,0,14]}
[12:55:15] < {r:{ahd:1},f:[1,0,10]}
[12:55:15] < {r:{asv:5000},f:[1,0,13]}
[12:55:15] < {r:{alv:500.00},f:[1,0,12]}
[12:55:15] < {r:{alb:20.000},f:[1,0,11]}
[12:55:15] < {r:{azb:0.000},f:[1,0,10]}
[12:55:15] < {r:{ajh:10000},f:[1,0,14]}
[12:55:15] < [ej]  enable json mode            0 [0=text,1=JSON]
[12:55:15] < tinyg [mm] ok> 
[12:55:15] < line:0,posx:0.000,posy:0.000,posz:0.000,posa:0.000,feed:0.00,vel:0.00,unit:1,coor:1,dist:0,admo:1,frmo:1,momo:4,stat:1


